*******************************************************************
* Genome-wide Complex Trait Analysis (GCTA)
* version 1.93.2 beta Linux
* (C) 2010-present, Jian Yang, The University of Queensland
* Please report bugs to Jian Yang <jian.yang.qt@gmail.com>
*******************************************************************
Analysis started at 23:19:42 -03 on Wed Jun 09 2021.
Hostname: darwin

Accepted options:
--reml
--reml-alg 0
--reml-maxit 1000
--grm /scratch/genevol/users/lucas/V1/grmNAfr
--pheno /raid/genevol/users/lucas/heritability/02.GCTA/data/geneNAfrHLA-DPA1.txt
--covar /raid/genevol/users/lucas/heritability/02.GCTA/data/envir0.txt
--reml-est-fix
--out /raid/genevol/users/lucas/heritability/03.Heritability/Results/V1/HLA-DPA1/NAfrHLA-DPA10

Note: This is a multi-thread program. You could specify the number of threads by the --thread-num option to speed up the computation if there are multiple processors in your machine.

Reading IDs of the GRM from [/scratch/genevol/users/lucas/V1/grmNAfr.grm.id].
358 IDs read from [/scratch/genevol/users/lucas/V1/grmNAfr.grm.id].
Reading the GRM from [/scratch/genevol/users/lucas/V1/grmNAfr.grm.bin].
GRM for 358 individuals are included from [/scratch/genevol/users/lucas/V1/grmNAfr.grm.bin].
Reading phenotypes from [/raid/genevol/users/lucas/heritability/02.GCTA/data/geneNAfrHLA-DPA1.txt].
Non-missing phenotypes of 358 individuals are included from [/raid/genevol/users/lucas/heritability/02.GCTA/data/geneNAfrHLA-DPA1.txt].
Reading discrete covariate(s) from [/raid/genevol/users/lucas/heritability/02.GCTA/data/envir0.txt].
3 discrete covariate(s) of 445 individuals are included from [/raid/genevol/users/lucas/heritability/02.GCTA/data/envir0.txt].

3 discrete variable(s) included as covariate(s).
358 individuals are in common in these files.

Performing  REML analysis ... (Note: may take hours depending on sample size).
358 observations, 11 fixed effect(s), and 2 variance component(s)(including residual variance).
Calculating prior values of variance components by EM-REML ...
Updated prior values: 14330.3 14329.6
logL: -1953.95
Running AI-REML algorithm ...
Iter.	logL	V(G)	V(e)	
1	-1949.03	11440.44967	15559.83804	
2	-1947.70	9948.06156	16074.19731	
3	-1947.15	9091.98551	16319.95023	
4	-1946.91	7442.74963	16723.64847	
5	-1946.71	7613.96392	16610.73372	
6	-1946.71	7609.53908	16615.29443	
7	-1946.71	7609.69111	16615.14265	
Log-likelihood ratio converged.

Calculating the logLikelihood for the reduced model ...
(variance component 1 is dropped from the model)
Calculating prior values of variance components by EM-REML ...
Updated prior values: 24485.17584
logL: -1954.00049
Running AI-REML algorithm ...
Iter.	logL	V(e)	
1	-1946.76	24400.76626	
2	-1946.75	24343.51912	
3	-1946.75	24220.31920	
4	-1946.74	24220.93954	
5	-1946.74	24220.93956	
Log-likelihood ratio converged.

Summary result of REML analysis:
Source	Variance	SE
V(G)	7609.691113	30518.164618
V(e)	16615.142653	30488.080912
Vp	24224.833766	1839.823501
V(G)/Vp	0.314128	1.258905

Sampling variance/covariance of the estimates of variance components:
9.313584e+08	-9.287482e+08	
-9.287482e+08	9.295231e+08	
Estimatesof fixed effects:

Source	Estimate	SE
mean	719.748646	24.473715
X_2	10.429314	16.766691
X_3	-54.757279	32.037705
X_4	-79.090774	28.117690
X_5	-93.838018	33.139430
X_6	0.606631	28.918224
X_7	-139.887444	24.750022
X_8	0.807379	33.786351
X_9	-149.082299	26.996878
X_10	-212.333608	23.827226
X_11	-160.032569	24.859391

Summary result of REML analysis has been saved in the file [/raid/genevol/users/lucas/heritability/03.Heritability/Results/V1/HLA-DPA1/NAfrHLA-DPA10.hsq].

Analysis finished at 23:19:43 -03 on Wed Jun 09 2021
Overall computational time: 0.91 sec.
