*******************************************************************
* Genome-wide Complex Trait Analysis (GCTA)
* version 1.93.2 beta Linux
* (C) 2010-present, Jian Yang, The University of Queensland
* Please report bugs to Jian Yang <jian.yang.qt@gmail.com>
*******************************************************************
Analysis started at 23:25:21 -03 on Wed Jun 09 2021.
Hostname: darwin

Accepted options:
--reml
--reml-alg 0
--reml-maxit 1000
--grm /scratch/genevol/users/lucas/V3/grmGeuvadis
--pheno /raid/genevol/users/lucas/heritability/02.GCTA/data/geneHLA-A.txt
--covar /raid/genevol/users/lucas/heritability/02.GCTA/data/envir0.txt
--reml-est-fix
--out /raid/genevol/users/lucas/heritability/03.Heritability/Results/V3/HLA-A/GeuvadisHLA-A0

Note: This is a multi-thread program. You could specify the number of threads by the --thread-num option to speed up the computation if there are multiple processors in your machine.

Reading IDs of the GRM from [/scratch/genevol/users/lucas/V3/grmGeuvadis.grm.id].
445 IDs read from [/scratch/genevol/users/lucas/V3/grmGeuvadis.grm.id].
Reading the GRM from [/scratch/genevol/users/lucas/V3/grmGeuvadis.grm.bin].
GRM for 445 individuals are included from [/scratch/genevol/users/lucas/V3/grmGeuvadis.grm.bin].
Reading phenotypes from [/raid/genevol/users/lucas/heritability/02.GCTA/data/geneHLA-A.txt].
Non-missing phenotypes of 445 individuals are included from [/raid/genevol/users/lucas/heritability/02.GCTA/data/geneHLA-A.txt].
Reading discrete covariate(s) from [/raid/genevol/users/lucas/heritability/02.GCTA/data/envir0.txt].
3 discrete covariate(s) of 445 individuals are included from [/raid/genevol/users/lucas/heritability/02.GCTA/data/envir0.txt].

3 discrete variable(s) included as covariate(s).
445 individuals are in common in these files.

Performing  REML analysis ... (Note: may take hours depending on sample size).
445 observations, 12 fixed effect(s), and 2 variance component(s)(including residual variance).
Calculating prior values of variance components by EM-REML ...
Updated prior values: 82479.5 81309.3
logL: -2811.74
Running AI-REML algorithm ...
Iter.	logL	V(G)	V(e)	
1	-2808.43	82259.62091	75439.25259	
2	-2807.62	81997.14376	71923.17852	
3	-2807.27	81315.39568	64919.86510	
4	-2806.99	81280.12968	65336.79494	
5	-2806.99	81274.91004	65342.56528	
6	-2806.99	81274.80699	65342.65692	
Log-likelihood ratio converged.

Calculating the logLikelihood for the reduced model ...
(variance component 1 is dropped from the model)
Calculating prior values of variance components by EM-REML ...
Updated prior values: 144361.02940
logL: -2817.21436
Running AI-REML algorithm ...
Iter.	logL	V(e)	
1	-2811.79	144038.77741	
2	-2811.79	143819.56683	
3	-2811.78	143346.84930	
4	-2811.78	143348.39795	
5	-2811.78	143348.39797	
Log-likelihood ratio converged.

Summary result of REML analysis:
Source	Variance	SE
V(G)	81274.806990	32375.572410
V(e)	65342.656919	28703.119393
Vp	146617.463908	10575.795730
V(G)/Vp	0.554332	0.204182

Sampling variance/covariance of the estimates of variance components:
1.048178e+09	-8.800996e+08	
-8.800996e+08	8.238691e+08	
Estimatesof fixed effects:

Source	Estimate	SE
mean	1844.381040	65.519289
X_2	-53.145769	35.851398
X_3	-190.130166	69.111062
X_4	-261.395894	60.667747
X_5	-337.348090	70.692177
X_6	-121.045413	61.580472
X_7	-448.619221	52.827351
X_8	106.259917	70.999683
X_9	-73.338247	66.427577
X_10	10.820493	54.858628
X_11	-56.094593	59.195596
X_12	140.473827	195.046456

Summary result of REML analysis has been saved in the file [/raid/genevol/users/lucas/heritability/03.Heritability/Results/V3/HLA-A/GeuvadisHLA-A0.hsq].

Analysis finished at 23:25:22 -03 on Wed Jun 09 2021
Overall computational time: 1.15 sec.
