*******************************************************************
* Genome-wide Complex Trait Analysis (GCTA)
* version 1.93.2 beta Linux
* (C) 2010-present, Jian Yang, The University of Queensland
* Please report bugs to Jian Yang <jian.yang.qt@gmail.com>
*******************************************************************
Analysis started at 23:25:22 -03 on Wed Jun 09 2021.
Hostname: darwin

Accepted options:
--reml
--reml-alg 0
--reml-maxit 1000
--grm /scratch/genevol/users/lucas/V3/grmNAfr
--pheno /raid/genevol/users/lucas/heritability/02.GCTA/data/geneNAfrHLA-A.txt
--covar /raid/genevol/users/lucas/heritability/02.GCTA/data/envir0.txt
--reml-est-fix
--out /raid/genevol/users/lucas/heritability/03.Heritability/Results/V3/HLA-A/NAfrHLA-A0

Note: This is a multi-thread program. You could specify the number of threads by the --thread-num option to speed up the computation if there are multiple processors in your machine.

Reading IDs of the GRM from [/scratch/genevol/users/lucas/V3/grmNAfr.grm.id].
358 IDs read from [/scratch/genevol/users/lucas/V3/grmNAfr.grm.id].
Reading the GRM from [/scratch/genevol/users/lucas/V3/grmNAfr.grm.bin].
GRM for 358 individuals are included from [/scratch/genevol/users/lucas/V3/grmNAfr.grm.bin].
Reading phenotypes from [/raid/genevol/users/lucas/heritability/02.GCTA/data/geneNAfrHLA-A.txt].
Non-missing phenotypes of 358 individuals are included from [/raid/genevol/users/lucas/heritability/02.GCTA/data/geneNAfrHLA-A.txt].
Reading discrete covariate(s) from [/raid/genevol/users/lucas/heritability/02.GCTA/data/envir0.txt].
3 discrete covariate(s) of 445 individuals are included from [/raid/genevol/users/lucas/heritability/02.GCTA/data/envir0.txt].

3 discrete variable(s) included as covariate(s).
358 individuals are in common in these files.

Performing  REML analysis ... (Note: may take hours depending on sample size).
358 observations, 11 fixed effect(s), and 2 variance component(s)(including residual variance).
Calculating prior values of variance components by EM-REML ...
Updated prior values: 72407.5 72212.7
logL: -2238.16
Running AI-REML algorithm ...
Iter.	logL	V(G)	V(e)	
1	-2235.00	114644.98757	23830.61598	
2	-2234.02	134787.98667	0.16119	(1 component(s) constrained)
3	-2231.90	127329.33658	0.16119	(1 component(s) constrained)
4	-2235.08	127486.13612	0.16119	(1 component(s) constrained)
5	-2232.23	127791.00838	0.16119	(1 component(s) constrained)
6	-2232.33	127780.31130	0.16119	(1 component(s) constrained)
7	-2230.15	127736.70762	0.16119	(1 component(s) constrained)
8	-2235.08	127725.73352	0.16119	(1 component(s) constrained)
9	-2231.50	127826.93125	0.16119	(1 component(s) constrained)
10	-2231.04	127809.66444	0.16119	(1 component(s) constrained)
11	-2234.10	127726.71704	0.16119	(1 component(s) constrained)
12	-2233.32	127775.93551	0.16119	(1 component(s) constrained)
13	-2232.24	127827.59001	0.16119	(1 component(s) constrained)
14	-2231.73	127802.95324	0.16119	(1 component(s) constrained)
15	-2234.35	127694.70045	0.16119	(1 component(s) constrained)
16	-2230.49	127755.22797	0.16119	(1 component(s) constrained)
17	-2233.02	127758.60737	0.16119	(1 component(s) constrained)
18	-2235.62	127782.18247	0.16119	(1 component(s) constrained)
19	-2230.88	127801.90014	0.16119	(1 component(s) constrained)
20	-2236.13	127792.79553	0.16119	(1 component(s) constrained)
21	-2234.68	127775.25257	0.16119	(1 component(s) constrained)
22	-2232.26	127792.65799	0.16119	(1 component(s) constrained)
23	-2230.44	127797.97369	0.16119	(1 component(s) constrained)
24	-2230.08	127776.52249	0.16119	(1 component(s) constrained)
25	-2231.61	127785.55274	0.16119	(1 component(s) constrained)
26	-2233.18	127737.97331	0.16119	(1 component(s) constrained)
27	-2231.69	127769.44494	0.16119	(1 component(s) constrained)
28	-2232.21	127785.66029	0.16119	(1 component(s) constrained)
29	-2235.46	127753.99279	0.16119	(1 component(s) constrained)
30	-2234.14	127810.02084	0.16119	(1 component(s) constrained)
31	-2232.02	127800.16187	0.16119	(1 component(s) constrained)
32	-2233.78	127811.53667	0.16119	(1 component(s) constrained)
33	-2231.17	127807.18013	0.16119	(1 component(s) constrained)
34	-2233.09	127801.66259	0.16119	(1 component(s) constrained)
35	-2233.42	127789.36799	0.16119	(1 component(s) constrained)
36	-2232.04	127737.75470	0.16119	(1 component(s) constrained)
37	-2234.76	127778.06672	0.16119	(1 component(s) constrained)
38	-2234.11	127770.96601	0.16119	(1 component(s) constrained)
39	-2235.71	127780.61571	0.16119	(1 component(s) constrained)
40	-2231.19	127784.75462	0.16119	(1 component(s) constrained)
41	-2231.83	127794.32942	0.16119	(1 component(s) constrained)
42	-2235.25	127804.21374	0.16119	(1 component(s) constrained)
43	-2234.04	127773.95931	0.16119	(1 component(s) constrained)
44	-2231.36	127755.87200	0.16119	(1 component(s) constrained)
45	-2233.57	127751.90716	0.16119	(1 component(s) constrained)
46	-2233.20	127722.45675	0.16119	(1 component(s) constrained)
47	-2230.25	127809.20803	0.16119	(1 component(s) constrained)
48	-2235.76	127807.96974	0.16119	(1 component(s) constrained)
49	-2232.04	127768.46744	0.16119	(1 component(s) constrained)
50	-2231.53	127756.37501	0.16119	(1 component(s) constrained)
51	-2233.62	127761.15635	0.16119	(1 component(s) constrained)
52	-2232.43	127773.91610	0.16119	(1 component(s) constrained)
53	-2234.85	127774.73384	0.16119	(1 component(s) constrained)
54	-2233.74	127807.24215	0.16119	(1 component(s) constrained)
55	-2237.32	127767.44401	0.16119	(1 component(s) constrained)
56	-2233.68	127791.57645	0.16119	(1 component(s) constrained)
57	-2234.01	127798.30062	0.16119	(1 component(s) constrained)
58	-2231.59	127762.50683	0.16119	(1 component(s) constrained)
59	-2235.67	127784.59687	0.16119	(1 component(s) constrained)
60	-2235.82	127725.82746	0.16119	(1 component(s) constrained)
61	-2233.62	127818.47155	0.16119	(1 component(s) constrained)
62	-2232.14	127802.56238	0.16119	(1 component(s) constrained)
63	-2234.74	127787.56281	0.16119	(1 component(s) constrained)
64	-2232.79	127703.47013	0.16119	(1 component(s) constrained)
65	-2231.05	127723.03501	0.16119	(1 component(s) constrained)
66	-2227.88	127735.96299	0.16119	(1 component(s) constrained)
67	-2237.19	127733.24389	0.16119	(1 component(s) constrained)
68	-2231.41	127761.75534	0.16119	(1 component(s) constrained)
69	-2233.77	127747.37843	0.16119	(1 component(s) constrained)
70	-2234.62	127789.88521	0.16119	(1 component(s) constrained)
71	-2231.23	127847.83404	0.16119	(1 component(s) constrained)
72	-2233.04	127815.20715	0.16119	(1 component(s) constrained)
73	-2232.10	127728.26260	0.16119	(1 component(s) constrained)
74	-2234.64	127739.11897	0.16119	(1 component(s) constrained)
75	-2234.73	127812.02057	0.16119	(1 component(s) constrained)
76	-2232.02	127799.84574	0.16119	(1 component(s) constrained)
77	-2235.79	127777.29720	0.16119	(1 component(s) constrained)
78	-2233.79	127747.36039	0.16119	(1 component(s) constrained)
79	-2231.95	127760.09528	0.16119	(1 component(s) constrained)
80	-2231.25	127752.67418	0.16119	(1 component(s) constrained)
81	-2232.07	127736.26838	0.16119	(1 component(s) constrained)
82	-2229.77	127761.91522	0.16119	(1 component(s) constrained)
83	-2233.57	127758.91638	0.16119	(1 component(s) constrained)
84	-2231.06	127804.75775	0.16119	(1 component(s) constrained)
85	-2230.25	127800.43866	0.16119	(1 component(s) constrained)
86	-2233.19	127809.10835	0.16119	(1 component(s) constrained)
87	-2234.75	127734.01266	0.16119	(1 component(s) constrained)
88	-2233.69	127765.19584	0.16119	(1 component(s) constrained)
89	-2233.73	127781.63008	0.16119	(1 component(s) constrained)
90	-2233.64	127851.60062	0.16119	(1 component(s) constrained)
91	-2235.26	127837.31021	0.16119	(1 component(s) constrained)
92	-2232.07	127726.40199	0.16119	(1 component(s) constrained)
93	-2231.39	127721.06852	0.16119	(1 component(s) constrained)
94	-2234.15	127760.87027	0.16119	(1 component(s) constrained)
95	-2233.18	127766.23287	0.16119	(1 component(s) constrained)
96	-2233.07	127819.31930	0.16119	(1 component(s) constrained)
97	-2233.69	127741.26572	0.16119	(1 component(s) constrained)
98	-2233.93	127928.46478	0.16119	(1 component(s) constrained)
99	-2232.75	127757.88056	0.16119	(1 component(s) constrained)
100	-2233.52	127772.05629	0.16119	(1 component(s) constrained)
101	-2231.81	127736.15080	0.16119	(1 component(s) constrained)
102	-2230.58	127737.39131	0.16119	(1 component(s) constrained)
103	-2231.36	127759.23806	0.16119	(1 component(s) constrained)
104	-2234.50	127689.46385	0.16119	(1 component(s) constrained)
105	-2234.41	127797.02238	0.16119	(1 component(s) constrained)
106	-2231.63	127793.45170	0.16119	(1 component(s) constrained)
107	-2232.55	127788.62608	0.16119	(1 component(s) constrained)
108	-2233.88	127710.84642	0.16119	(1 component(s) constrained)
109	-2233.29	127777.08975	0.16119	(1 component(s) constrained)
110	-2235.80	127777.42563	0.16119	(1 component(s) constrained)
111	-2235.94	127778.23103	0.16119	(1 component(s) constrained)
112	-2235.74	127774.32825	0.16119	(1 component(s) constrained)
113	-2233.57	127781.88737	0.16119	(1 component(s) constrained)
114	-2231.30	127796.93807	0.16119	(1 component(s) constrained)
115	-2232.69	127805.10419	0.16119	(1 component(s) constrained)
116	-2235.66	127744.42331	0.16119	(1 component(s) constrained)
117	-2231.91	127778.41182	0.16119	(1 component(s) constrained)
118	-2235.23	127764.98894	0.16119	(1 component(s) constrained)
119	-2236.04	127746.52078	0.16119	(1 component(s) constrained)
120	-2234.89	127771.53374	0.16119	(1 component(s) constrained)
121	-2234.23	127750.44298	0.16119	(1 component(s) constrained)
122	-2232.65	127763.28203	0.16119	(1 component(s) constrained)
123	-2234.63	127767.18519	0.16119	(1 component(s) constrained)
124	-2230.88	127758.59026	0.16119	(1 component(s) constrained)
125	-2233.29	127762.04724	0.16119	(1 component(s) constrained)
126	-2231.65	127785.76978	0.16119	(1 component(s) constrained)
127	-2233.65	127792.26996	0.16119	(1 component(s) constrained)
128	-2235.67	127788.53918	0.16119	(1 component(s) constrained)
129	-2235.08	127737.79985	0.16119	(1 component(s) constrained)
130	-2231.03	127750.52657	0.16119	(1 component(s) constrained)
131	-2233.46	127770.77022	0.16119	(1 component(s) constrained)
132	-2232.01	127762.93254	0.16119	(1 component(s) constrained)
133	-2234.60	127772.51792	0.16119	(1 component(s) constrained)
134	-2233.40	127831.71679	0.16119	(1 component(s) constrained)
135	-2231.12	127796.25795	0.16119	(1 component(s) constrained)
136	-2233.14	127800.37091	0.16119	(1 component(s) constrained)
137	-2233.29	127767.77122	0.16119	(1 component(s) constrained)
138	-2234.70	127732.73863	0.16119	(1 component(s) constrained)
139	-2232.62	127750.35755	0.16119	(1 component(s) constrained)
140	-2234.97	127758.49850	0.16119	(1 component(s) constrained)
141	-2231.60	127812.20047	0.16119	(1 component(s) constrained)
142	-2233.32	127795.35431	0.16119	(1 component(s) constrained)
143	-2232.60	127707.68544	0.16119	(1 component(s) constrained)
144	-2234.01	127833.53994	0.16119	(1 component(s) constrained)
145	-2234.61	127744.06143	0.16119	(1 component(s) constrained)
146	-2232.91	127853.08650	0.16119	(1 component(s) constrained)
147	-2231.44	127807.18049	0.16119	(1 component(s) constrained)
148	-2234.61	127813.29807	0.16119	(1 component(s) constrained)
149	-2232.30	127778.52574	0.16119	(1 component(s) constrained)
150	-2233.61	127782.47018	0.16119	(1 component(s) constrained)
151	-2233.68	127725.59707	0.16119	(1 component(s) constrained)
152	-2234.59	127754.26263	0.16119	(1 component(s) constrained)
153	-2233.57	127802.10825	0.16119	(1 component(s) constrained)
154	-2229.47	127773.38394	0.16119	(1 component(s) constrained)
155	-2231.84	127757.29971	0.16119	(1 component(s) constrained)
156	-2230.47	127786.03542	0.16119	(1 component(s) constrained)
157	-2232.88	127773.24049	0.16119	(1 component(s) constrained)
158	-2233.30	127723.47638	0.16119	(1 component(s) constrained)
159	-2234.41	127849.88197	0.16119	(1 component(s) constrained)
160	-2234.50	127694.88567	0.16119	(1 component(s) constrained)
161	-2230.21	127666.38704	0.16119	(1 component(s) constrained)
162	-2232.38	127689.93061	0.16119	(1 component(s) constrained)
163	-2230.58	127788.17456	0.16119	(1 component(s) constrained)
164	-2233.02	127767.75352	0.16119	(1 component(s) constrained)
165	-2230.92	127722.43774	0.16119	(1 component(s) constrained)
166	-2234.25	127743.85301	0.16119	(1 component(s) constrained)
167	-2235.13	127802.46272	0.16119	(1 component(s) constrained)
168	-2232.71	127730.87440	0.16119	(1 component(s) constrained)
169	-2232.30	127750.92970	0.16119	(1 component(s) constrained)
170	-2231.77	127714.03403	0.16119	(1 component(s) constrained)
171	-2234.13	127841.32241	0.16119	(1 component(s) constrained)
172	-2234.75	127764.96876	0.16119	(1 component(s) constrained)
173	-2232.20	127706.46142	0.16119	(1 component(s) constrained)
174	-2230.79	127731.88659	0.16119	(1 component(s) constrained)
175	-2236.42	127734.47942	0.16119	(1 component(s) constrained)
176	-2228.88	127798.51703	0.16119	(1 component(s) constrained)
177	-2234.41	127777.59781	0.16119	(1 component(s) constrained)
178	-2236.62	127731.65763	0.16119	(1 component(s) constrained)
179	-2232.45	127734.66774	0.16119	(1 component(s) constrained)
180	-2232.28	127751.84594	0.16119	(1 component(s) constrained)
181	-2237.34	127773.75099	0.16119	(1 component(s) constrained)
182	-2232.48	127793.37594	0.16119	(1 component(s) constrained)
183	-2232.32	127793.13291	0.16119	(1 component(s) constrained)
184	-2232.32	127729.14964	0.16119	(1 component(s) constrained)
185	-2233.00	127785.05437	0.16119	(1 component(s) constrained)
186	-2232.39	127758.06812	0.16119	(1 component(s) constrained)
187	-2234.93	127761.48472	0.16119	(1 component(s) constrained)
188	-2230.08	127851.11160	0.16119	(1 component(s) constrained)
189	-2231.55	127845.41855	0.16119	(1 component(s) constrained)
190	-2230.66	127727.56318	0.16119	(1 component(s) constrained)
191	-2232.54	127742.31225	0.16119	(1 component(s) constrained)
192	-2232.34	127769.25978	0.16119	(1 component(s) constrained)
193	-2235.07	127758.23953	0.16119	(1 component(s) constrained)
194	-2234.43	127717.15961	0.16119	(1 component(s) constrained)
195	-2234.67	127703.27984	0.16119	(1 component(s) constrained)
196	-2232.02	127716.99523	0.16119	(1 component(s) constrained)
197	-2232.51	127728.44589	0.16119	(1 component(s) constrained)
198	-2233.06	127796.39707	0.16119	(1 component(s) constrained)
199	-2233.41	127760.50463	0.16119	(1 component(s) constrained)
200	-2234.24	127789.18230	0.16119	(1 component(s) constrained)
201	-2235.36	127733.56115	0.16119	(1 component(s) constrained)
202	-2232.65	127738.03568	0.16119	(1 component(s) constrained)
203	-2232.47	127747.11855	0.16119	(1 component(s) constrained)
204	-2235.15	127755.08199	0.16119	(1 component(s) constrained)
205	-2233.29	127767.89562	0.16119	(1 component(s) constrained)
206	-2234.11	127763.55608	0.16119	(1 component(s) constrained)
207	-2231.24	127710.65462	0.16119	(1 component(s) constrained)
208	-2231.31	127741.25006	0.16119	(1 component(s) constrained)
209	-2232.47	127807.81038	0.16119	(1 component(s) constrained)
210	-2230.90	127756.56042	0.16119	(1 component(s) constrained)
211	-2229.88	127767.55837	0.16119	(1 component(s) constrained)
212	-2233.55	127767.99789	0.16119	(1 component(s) constrained)
213	-2232.93	127793.64601	0.16119	(1 component(s) constrained)
214	-2235.30	127768.19060	0.16119	(1 component(s) constrained)
215	-2232.54	127819.53106	0.16119	(1 component(s) constrained)
216	-2234.67	127817.80291	0.16119	(1 component(s) constrained)
217	-2233.19	127781.57163	0.16119	(1 component(s) constrained)
218	-2233.59	127755.84994	0.16119	(1 component(s) constrained)
219	-2233.80	127841.85240	0.16119	(1 component(s) constrained)
220	-2235.74	127817.57591	0.16119	(1 component(s) constrained)
221	-2232.77	127803.84014	0.16119	(1 component(s) constrained)
222	-2234.86	127824.03844	0.16119	(1 component(s) constrained)
223	-2235.23	127800.39800	0.16119	(1 component(s) constrained)
224	-2235.45	127766.53830	0.16119	(1 component(s) constrained)
225	-2234.56	127767.18728	0.16119	(1 component(s) constrained)
226	-2229.61	127719.18018	0.16119	(1 component(s) constrained)
227	-2233.46	127742.42800	0.16119	(1 component(s) constrained)
228	-2234.64	127754.11735	0.16119	(1 component(s) constrained)
229	-2231.50	127768.14860	0.16119	(1 component(s) constrained)
230	-2232.59	127768.59466	0.16119	(1 component(s) constrained)
231	-2234.52	127795.84710	0.16119	(1 component(s) constrained)
232	-2233.63	127771.13923	0.16119	(1 component(s) constrained)
233	-2233.25	127810.39449	0.16119	(1 component(s) constrained)
234	-2236.16	127772.51521	0.16119	(1 component(s) constrained)
235	-2232.97	127789.54684	0.16119	(1 component(s) constrained)
236	-2233.30	127791.20750	0.16119	(1 component(s) constrained)
237	-2232.30	127730.48142	0.16119	(1 component(s) constrained)
238	-2236.13	127737.81393	0.16119	(1 component(s) constrained)
239	-2231.09	127799.72292	0.16119	(1 component(s) constrained)
240	-2233.58	127786.92703	0.16119	(1 component(s) constrained)
241	-2231.93	127715.40459	0.16119	(1 component(s) constrained)
242	-2231.19	127729.06718	0.16119	(1 component(s) constrained)
243	-2231.61	127737.47997	0.16119	(1 component(s) constrained)
244	-2233.23	127770.53837	0.16119	(1 component(s) constrained)
245	-2236.55	127678.45641	0.16119	(1 component(s) constrained)
246	-2232.43	127792.44676	0.16119	(1 component(s) constrained)
247	-2236.08	127780.87245	0.16119	(1 component(s) constrained)
248	-2232.16	127755.57313	0.16119	(1 component(s) constrained)
249	-2235.08	127754.04079	0.16119	(1 component(s) constrained)
250	-2233.23	127815.14523	0.16119	(1 component(s) constrained)
251	-2234.11	127814.23296	0.16119	(1 component(s) constrained)
252	-2232.57	127850.05474	0.16119	(1 component(s) constrained)
253	-2232.65	127832.21348	0.16119	(1 component(s) constrained)
254	-2236.93	127781.39547	0.16119	(1 component(s) constrained)
255	-2233.11	127801.79581	0.16119	(1 component(s) constrained)
256	-2234.73	127784.95744	0.16119	(1 component(s) constrained)
257	-2233.17	127751.44500	0.16119	(1 component(s) constrained)
258	-2231.17	127768.86527	0.16119	(1 component(s) constrained)
259	-2230.68	127753.14083	0.16119	(1 component(s) constrained)
260	-2231.24	127822.00740	0.16119	(1 component(s) constrained)
261	-2234.89	127790.97475	0.16119	(1 component(s) constrained)
262	-2231.93	127845.72328	0.16119	(1 component(s) constrained)
263	-2231.98	127803.47005	0.16119	(1 component(s) constrained)
264	-2230.68	127777.60228	0.16119	(1 component(s) constrained)
265	-2234.37	127780.37376	0.16119	(1 component(s) constrained)
266	-2237.82	127693.61434	0.16119	(1 component(s) constrained)
267	-2228.65	127769.57068	0.16119	(1 component(s) constrained)
268	-2235.85	127768.68526	0.16119	(1 component(s) constrained)
269	-2235.93	127822.35324	0.16119	(1 component(s) constrained)
270	-2233.90	127737.45712	0.16119	(1 component(s) constrained)
271	-2233.56	127751.69660	0.16119	(1 component(s) constrained)
272	-2232.08	127751.78789	0.16119	(1 component(s) constrained)
273	-2231.46	127740.76969	0.16119	(1 component(s) constrained)
274	-2229.35	127762.92652	0.16119	(1 component(s) constrained)
275	-2232.43	127756.90841	0.16119	(1 component(s) constrained)
276	-2232.12	127749.15272	0.16119	(1 component(s) constrained)
277	-2230.53	127795.58334	0.16119	(1 component(s) constrained)
278	-2232.59	127782.88341	0.16119	(1 component(s) constrained)
279	-2234.18	127818.61486	0.16119	(1 component(s) constrained)
280	-2231.67	127774.13995	0.16119	(1 component(s) constrained)
281	-2230.83	127774.72102	0.16119	(1 component(s) constrained)
282	-2230.28	127682.31999	0.16119	(1 component(s) constrained)
283	-2232.38	127724.78876	0.16119	(1 component(s) constrained)
284	-2234.04	127787.02178	0.16119	(1 component(s) constrained)
285	-2231.20	127765.22366	0.16119	(1 component(s) constrained)
286	-2230.68	127793.59266	0.16119	(1 component(s) constrained)
287	-2232.22	127758.44134	0.16119	(1 component(s) constrained)
288	-2232.67	127735.99459	0.16119	(1 component(s) constrained)
289	-2235.72	127746.28781	0.16119	(1 component(s) constrained)
290	-2235.25	127781.24760	0.16119	(1 component(s) constrained)
291	-2232.44	127748.40992	0.16119	(1 component(s) constrained)
292	-2230.84	127751.82134	0.16119	(1 component(s) constrained)
293	-2233.36	127743.88817	0.16119	(1 component(s) constrained)
294	-2237.16	127791.51730	0.16119	(1 component(s) constrained)
295	-2232.81	127771.03989	0.16119	(1 component(s) constrained)
296	-2231.63	127785.98959	0.16119	(1 component(s) constrained)
297	-2231.38	127762.84334	0.16119	(1 component(s) constrained)
298	-2231.67	127795.53983	0.16119	(1 component(s) constrained)
299	-2234.76	127724.08479	0.16119	(1 component(s) constrained)
300	-2233.61	127803.47045	0.16119	(1 component(s) constrained)
301	-2229.07	127779.70771	0.16119	(1 component(s) constrained)
302	-2232.15	127786.68339	0.16119	(1 component(s) constrained)
303	-2233.80	127762.14196	0.16119	(1 component(s) constrained)
304	-2234.02	127780.45110	0.16119	(1 component(s) constrained)
305	-2234.93	127760.79381	0.16119	(1 component(s) constrained)
306	-2232.29	127743.98705	0.16119	(1 component(s) constrained)
307	-2232.99	127753.90466	0.16119	(1 component(s) constrained)
308	-2236.15	127738.03025	0.16119	(1 component(s) constrained)
309	-2235.14	127796.77214	0.16119	(1 component(s) constrained)
310	-2231.49	127790.31075	0.16119	(1 component(s) constrained)
311	-2231.97	127792.62164	0.16119	(1 component(s) constrained)
312	-2236.08	127731.46642	0.16119	(1 component(s) constrained)
313	-2232.97	127724.26959	0.16119	(1 component(s) constrained)
314	-2232.48	127741.91658	0.16119	(1 component(s) constrained)
315	-2235.72	127822.25944	0.16119	(1 component(s) constrained)
316	-2235.81	127772.64237	0.16119	(1 component(s) constrained)
317	-2234.43	127755.01755	0.16119	(1 component(s) constrained)
318	-2235.50	127751.50658	0.16119	(1 component(s) constrained)
319	-2235.45	127818.47469	0.16119	(1 component(s) constrained)
320	-2232.11	127809.04475	0.16119	(1 component(s) constrained)
321	-2236.04	127795.75364	0.16119	(1 component(s) constrained)
322	-2234.56	127831.61755	0.16119	(1 component(s) constrained)
323	-2232.15	127809.69718	0.16119	(1 component(s) constrained)
324	-2231.30	127805.95141	0.16119	(1 component(s) constrained)
325	-2235.08	127758.73910	0.16119	(1 component(s) constrained)
326	-2234.56	127718.33251	0.16119	(1 component(s) constrained)
327	-2237.77	127788.25472	0.16119	(1 component(s) constrained)
328	-2230.46	127794.21693	0.16119	(1 component(s) constrained)
329	-2233.02	127775.56888	0.16119	(1 component(s) constrained)
330	-2232.36	127760.61369	0.16119	(1 component(s) constrained)
331	-2233.07	127736.24909	0.16119	(1 component(s) constrained)
332	-2231.68	127715.17247	0.16119	(1 component(s) constrained)
333	-2234.08	127733.82634	0.16119	(1 component(s) constrained)
334	-2229.09	127859.32919	0.16119	(1 component(s) constrained)
335	-2234.32	127851.90241	0.16119	(1 component(s) constrained)
336	-2231.37	127766.85289	0.16119	(1 component(s) constrained)
337	-2233.79	127771.89353	0.16119	(1 component(s) constrained)
338	-2237.96	127797.97150	0.16119	(1 component(s) constrained)
339	-2233.57	127814.47033	0.16119	(1 component(s) constrained)
340	-2232.50	127794.44104	0.16119	(1 component(s) constrained)
341	-2233.24	127784.91170	0.16119	(1 component(s) constrained)
342	-2231.67	127744.82525	0.16119	(1 component(s) constrained)
343	-2233.24	127746.26273	0.16119	(1 component(s) constrained)
344	-2234.43	127744.00007	0.16119	(1 component(s) constrained)
345	-2233.51	127801.22349	0.16119	(1 component(s) constrained)
346	-2234.23	127747.53506	0.16119	(1 component(s) constrained)
347	-2236.38	127827.06027	0.16119	(1 component(s) constrained)
348	-2235.26	127733.31538	0.16119	(1 component(s) constrained)
349	-2232.47	127716.17987	0.16119	(1 component(s) constrained)
350	-2234.46	127756.37135	0.16119	(1 component(s) constrained)
351	-2231.86	127812.16456	0.16119	(1 component(s) constrained)
352	-2230.70	127807.57527	0.16119	(1 component(s) constrained)
353	-2230.58	127794.63906	0.16119	(1 component(s) constrained)
354	-2230.82	127776.79534	0.16119	(1 component(s) constrained)
355	-2234.13	127747.73978	0.16119	(1 component(s) constrained)
356	-2234.46	127908.77000	0.16119	(1 component(s) constrained)
357	-2232.66	127807.26758	0.16119	(1 component(s) constrained)
358	-2233.45	127808.63947	0.16119	(1 component(s) constrained)
359	-2231.74	127841.83745	0.16119	(1 component(s) constrained)
360	-2232.74	127824.50176	0.16119	(1 component(s) constrained)
361	-2233.22	127776.59150	0.16119	(1 component(s) constrained)
362	-2232.52	127784.45713	0.16119	(1 component(s) constrained)
363	-2235.03	127803.66085	0.16119	(1 component(s) constrained)
364	-2234.76	127708.23752	0.16119	(1 component(s) constrained)
365	-2231.37	127785.88838	0.16119	(1 component(s) constrained)
366	-2234.01	127808.76459	0.16119	(1 component(s) constrained)
367	-2233.42	127720.56183	0.16119	(1 component(s) constrained)
368	-2234.56	127736.91636	0.16119	(1 component(s) constrained)
369	-2233.19	127760.68259	0.16119	(1 component(s) constrained)
370	-2233.07	127749.91215	0.16119	(1 component(s) constrained)
371	-2234.82	127744.27725	0.16119	(1 component(s) constrained)
372	-2229.88	127778.47977	0.16119	(1 component(s) constrained)
373	-2235.15	127781.60113	0.16119	(1 component(s) constrained)
374	-2233.71	127723.20048	0.16119	(1 component(s) constrained)
375	-2234.91	127747.95671	0.16119	(1 component(s) constrained)
376	-2231.43	127831.58509	0.16119	(1 component(s) constrained)
377	-2236.34	127822.70518	0.16119	(1 component(s) constrained)
378	-2234.08	127745.67134	0.16119	(1 component(s) constrained)
379	-2230.16	127748.01504	0.16119	(1 component(s) constrained)
380	-2235.52	127745.53765	0.16119	(1 component(s) constrained)
381	-2233.31	127732.72962	0.16119	(1 component(s) constrained)
382	-2232.84	127756.48334	0.16119	(1 component(s) constrained)
383	-2232.14	127762.20521	0.16119	(1 component(s) constrained)
384	-2234.42	127779.64493	0.16119	(1 component(s) constrained)
385	-2233.00	127756.87722	0.16119	(1 component(s) constrained)
386	-2233.95	127774.87457	0.16119	(1 component(s) constrained)
387	-2236.37	127829.31849	0.16119	(1 component(s) constrained)
388	-2232.79	127733.78635	0.16119	(1 component(s) constrained)
389	-2232.78	127757.39813	0.16119	(1 component(s) constrained)
390	-2235.25	127709.08216	0.16119	(1 component(s) constrained)
391	-2232.19	127850.44415	0.16119	(1 component(s) constrained)
392	-2236.42	127799.74350	0.16119	(1 component(s) constrained)
393	-2236.11	127744.58438	0.16119	(1 component(s) constrained)
394	-2228.70	127766.06939	0.16119	(1 component(s) constrained)
395	-2233.26	127796.64782	0.16119	(1 component(s) constrained)
396	-2234.16	127772.48585	0.16119	(1 component(s) constrained)
397	-2230.21	127758.80890	0.16119	(1 component(s) constrained)
398	-2232.99	127767.55059	0.16119	(1 component(s) constrained)
399	-2233.45	127803.63979	0.16119	(1 component(s) constrained)
400	-2235.85	127805.97249	0.16119	(1 component(s) constrained)
401	-2232.00	127797.21288	0.16119	(1 component(s) constrained)
402	-2233.79	127762.53556	0.16119	(1 component(s) constrained)
403	-2231.73	127737.02685	0.16119	(1 component(s) constrained)
404	-2235.84	127748.03886	0.16119	(1 component(s) constrained)
405	-2231.89	127797.63818	0.16119	(1 component(s) constrained)
406	-2233.29	127784.75049	0.16119	(1 component(s) constrained)
407	-2232.84	127693.08411	0.16119	(1 component(s) constrained)
408	-2234.08	127788.53647	0.16119	(1 component(s) constrained)
409	-2233.28	127700.61081	0.16119	(1 component(s) constrained)
410	-2234.72	127786.94542	0.16119	(1 component(s) constrained)
411	-2236.04	127825.45120	0.16119	(1 component(s) constrained)
412	-2229.65	127775.35533	0.16119	(1 component(s) constrained)
413	-2231.18	127780.33379	0.16119	(1 component(s) constrained)
414	-2231.22	127820.09021	0.16119	(1 component(s) constrained)
415	-2233.98	127737.97281	0.16119	(1 component(s) constrained)
416	-2237.54	127769.22633	0.16119	(1 component(s) constrained)
417	-2232.14	127788.94953	0.16119	(1 component(s) constrained)
418	-2234.32	127783.82734	0.16119	(1 component(s) constrained)
419	-2234.99	127791.61503	0.16119	(1 component(s) constrained)
420	-2232.66	127827.93580	0.16119	(1 component(s) constrained)
421	-2231.17	127803.81626	0.16119	(1 component(s) constrained)
422	-2235.78	127790.48521	0.16119	(1 component(s) constrained)
423	-2232.83	127736.67196	0.16119	(1 component(s) constrained)
424	-2233.49	127738.39877	0.16119	(1 component(s) constrained)
425	-2233.34	127752.78229	0.16119	(1 component(s) constrained)
426	-2230.29	127773.23522	0.16119	(1 component(s) constrained)
427	-2235.56	127788.02120	0.16119	(1 component(s) constrained)
428	-2233.81	127755.80447	0.16119	(1 component(s) constrained)
429	-2234.09	127772.84430	0.16119	(1 component(s) constrained)
430	-2232.22	127732.43049	0.16119	(1 component(s) constrained)
431	-2237.32	127746.20695	0.16119	(1 component(s) constrained)
432	-2234.26	127771.16809	0.16119	(1 component(s) constrained)
433	-2235.97	127776.05183	0.16119	(1 component(s) constrained)
434	-2234.75	127762.54913	0.16119	(1 component(s) constrained)
435	-2238.38	127784.12251	0.16119	(1 component(s) constrained)
436	-2235.58	127737.60360	0.16119	(1 component(s) constrained)
437	-2234.26	127760.01805	0.16119	(1 component(s) constrained)
438	-2232.58	127760.95035	0.16119	(1 component(s) constrained)
439	-2234.97	127755.56283	0.16119	(1 component(s) constrained)
440	-2235.40	127715.90335	0.16119	(1 component(s) constrained)
441	-2233.21	127743.34877	0.16119	(1 component(s) constrained)
442	-2234.08	127742.71737	0.16119	(1 component(s) constrained)
443	-2231.22	127681.64311	0.16119	(1 component(s) constrained)
444	-2229.98	127696.17638	0.16119	(1 component(s) constrained)
445	-2230.97	127716.95420	0.16119	(1 component(s) constrained)
446	-2231.68	127811.56214	0.16119	(1 component(s) constrained)
447	-2232.05	127688.88486	0.16119	(1 component(s) constrained)
448	-2235.36	127777.89910	0.16119	(1 component(s) constrained)
449	-2231.95	127822.74597	0.16119	(1 component(s) constrained)
450	-2233.06	127806.68512	0.16119	(1 component(s) constrained)
451	-2234.93	127733.71462	0.16119	(1 component(s) constrained)
452	-2228.85	127746.84655	0.16119	(1 component(s) constrained)
453	-2232.96	127750.68284	0.16119	(1 component(s) constrained)
454	-2234.55	127739.52699	0.16119	(1 component(s) constrained)
455	-2231.88	127777.74536	0.16119	(1 component(s) constrained)
456	-2232.67	127784.93007	0.16119	(1 component(s) constrained)
457	-2232.28	127718.42780	0.16119	(1 component(s) constrained)
458	-2230.83	127772.27465	0.16119	(1 component(s) constrained)
459	-2232.97	127757.00165	0.16119	(1 component(s) constrained)
460	-2232.14	127762.18932	0.16119	(1 component(s) constrained)
461	-2229.74	127746.86883	0.16119	(1 component(s) constrained)
462	-2231.41	127765.75148	0.16119	(1 component(s) constrained)
463	-2234.15	127749.66790	0.16119	(1 component(s) constrained)
464	-2235.68	127784.96862	0.16119	(1 component(s) constrained)
465	-2233.83	127747.48953	0.16119	(1 component(s) constrained)
466	-2235.37	127746.06010	0.16119	(1 component(s) constrained)
467	-2234.96	127838.13367	0.16119	(1 component(s) constrained)
468	-2235.51	127738.31836	0.16119	(1 component(s) constrained)
469	-2231.86	127766.08475	0.16119	(1 component(s) constrained)
470	-2232.62	127751.40280	0.16119	(1 component(s) constrained)
471	-2236.11	127819.43695	0.16119	(1 component(s) constrained)
472	-2234.04	127789.18405	0.16119	(1 component(s) constrained)
473	-2234.49	127787.16039	0.16119	(1 component(s) constrained)
474	-2234.55	127734.47815	0.16119	(1 component(s) constrained)
475	-2233.04	127789.31063	0.16119	(1 component(s) constrained)
476	-2234.49	127777.83103	0.16119	(1 component(s) constrained)
477	-2235.23	127761.60568	0.16119	(1 component(s) constrained)
478	-2232.30	127667.64299	0.16119	(1 component(s) constrained)
479	-2235.72	127707.82456	0.16119	(1 component(s) constrained)
480	-2236.18	127754.54989	0.16119	(1 component(s) constrained)
481	-2233.62	127758.57029	0.16119	(1 component(s) constrained)
482	-2235.94	127762.80151	0.16119	(1 component(s) constrained)
483	-2233.75	127786.13844	0.16119	(1 component(s) constrained)
484	-2231.28	127769.50119	0.16119	(1 component(s) constrained)
485	-2233.81	127765.59981	0.16119	(1 component(s) constrained)
486	-2230.42	127743.47765	0.16119	(1 component(s) constrained)
487	-2232.09	127736.79628	0.16119	(1 component(s) constrained)
488	-2230.23	127715.60186	0.16119	(1 component(s) constrained)
489	-2234.10	127759.20946	0.16119	(1 component(s) constrained)
490	-2233.73	127812.67370	0.16119	(1 component(s) constrained)
491	-2233.86	127741.43984	0.16119	(1 component(s) constrained)
492	-2233.40	127731.90765	0.16119	(1 component(s) constrained)
493	-2234.92	127845.55446	0.16119	(1 component(s) constrained)
494	-2231.70	127748.30282	0.16119	(1 component(s) constrained)
495	-2232.85	127752.62336	0.16119	(1 component(s) constrained)
496	-2231.96	127770.50667	0.16119	(1 component(s) constrained)
497	-2236.85	127817.49623	0.16119	(1 component(s) constrained)
498	-2231.83	127785.84247	0.16119	(1 component(s) constrained)
499	-2233.49	127769.30418	0.16119	(1 component(s) constrained)
500	-2230.74	127796.27950	0.16119	(1 component(s) constrained)
501	-2232.23	127793.69080	0.16119	(1 component(s) constrained)
502	-2234.44	127759.53926	0.16119	(1 component(s) constrained)
503	-2233.68	127732.37284	0.16119	(1 component(s) constrained)
504	-2231.51	127745.51192	0.16119	(1 component(s) constrained)
505	-2232.62	127761.37285	0.16119	(1 component(s) constrained)
506	-2232.64	127779.82232	0.16119	(1 component(s) constrained)
507	-2231.77	127765.19096	0.16119	(1 component(s) constrained)
508	-2232.41	127711.33284	0.16119	(1 component(s) constrained)
509	-2233.28	127782.36396	0.16119	(1 component(s) constrained)
510	-2232.95	127752.88321	0.16119	(1 component(s) constrained)
511	-2233.44	127737.34603	0.16119	(1 component(s) constrained)
512	-2235.93	127714.00277	0.16119	(1 component(s) constrained)
513	-2231.58	127783.10211	0.16119	(1 component(s) constrained)
514	-2234.97	127799.07588	0.16119	(1 component(s) constrained)
515	-2234.21	127698.88638	0.16119	(1 component(s) constrained)
516	-2232.79	127797.23262	0.16119	(1 component(s) constrained)
517	-2233.66	127811.87798	0.16119	(1 component(s) constrained)
518	-2232.29	127831.97959	0.16119	(1 component(s) constrained)
519	-2233.79	127791.43545	0.16119	(1 component(s) constrained)
520	-2235.41	127720.02793	0.16119	(1 component(s) constrained)
521	-2237.63	127777.68774	0.16119	(1 component(s) constrained)
522	-2230.93	127799.42298	0.16119	(1 component(s) constrained)
523	-2235.06	127782.86131	0.16119	(1 component(s) constrained)
524	-2233.67	127722.85308	0.16119	(1 component(s) constrained)
525	-2232.89	127717.49987	0.16119	(1 component(s) constrained)
526	-2235.52	127711.42373	0.16119	(1 component(s) constrained)
527	-2234.05	127753.03006	0.16119	(1 component(s) constrained)
528	-2234.30	127774.76556	0.16119	(1 component(s) constrained)
529	-2231.27	127755.90975	0.16119	(1 component(s) constrained)
530	-2234.48	127760.99989	0.16119	(1 component(s) constrained)
531	-2233.87	127713.80879	0.16119	(1 component(s) constrained)
532	-2232.53	127777.92246	0.16119	(1 component(s) constrained)
533	-2234.53	127776.16023	0.16119	(1 component(s) constrained)
534	-2231.69	127745.82163	0.16119	(1 component(s) constrained)
535	-2231.82	127738.26658	0.16119	(1 component(s) constrained)
536	-2234.00	127760.30548	0.16119	(1 component(s) constrained)
537	-2231.06	127771.35542	0.16119	(1 component(s) constrained)
538	-2232.60	127766.44513	0.16119	(1 component(s) constrained)
539	-2231.43	127800.40651	0.16119	(1 component(s) constrained)
540	-2232.93	127764.92228	0.16119	(1 component(s) constrained)
541	-2236.79	127788.43074	0.16119	(1 component(s) constrained)
542	-2234.89	127739.86339	0.16119	(1 component(s) constrained)
543	-2234.82	127748.32953	0.16119	(1 component(s) constrained)
544	-2228.57	127790.26847	0.16119	(1 component(s) constrained)
545	-2233.94	127802.85404	0.16119	(1 component(s) constrained)
546	-2234.49	127833.28034	0.16119	(1 component(s) constrained)
547	-2235.26	127818.94459	0.16119	(1 component(s) constrained)
548	-2235.11	127726.40524	0.16119	(1 component(s) constrained)
549	-2231.16	127763.19953	0.16119	(1 component(s) constrained)
550	-2233.40	127761.95739	0.16119	(1 component(s) constrained)
551	-2235.31	127744.33284	0.16119	(1 component(s) constrained)
552	-2232.25	127736.81140	0.16119	(1 component(s) constrained)
553	-2234.36	127782.05591	0.16119	(1 component(s) constrained)
554	-2230.79	127780.59175	0.16119	(1 component(s) constrained)
555	-2235.58	127773.84753	0.16119	(1 component(s) constrained)
556	-2234.49	127770.24869	0.16119	(1 component(s) constrained)
557	-2233.41	127777.59123	0.16119	(1 component(s) constrained)
558	-2234.93	127766.94209	0.16119	(1 component(s) constrained)
559	-2231.71	127719.81591	0.16119	(1 component(s) constrained)
560	-2236.16	127727.82973	0.16119	(1 component(s) constrained)
561	-2235.89	127726.62861	0.16119	(1 component(s) constrained)
562	-2233.33	127821.22347	0.16119	(1 component(s) constrained)
563	-2231.74	127841.55838	0.16119	(1 component(s) constrained)
564	-2234.13	127835.64682	0.16119	(1 component(s) constrained)
565	-2232.44	127793.38097	0.16119	(1 component(s) constrained)
566	-2233.09	127804.47981	0.16119	(1 component(s) constrained)
567	-2232.35	127768.16636	0.16119	(1 component(s) constrained)
568	-2233.06	127760.72167	0.16119	(1 component(s) constrained)
569	-2231.58	127795.36043	0.16119	(1 component(s) constrained)
570	-2232.18	127784.59821	0.16119	(1 component(s) constrained)
571	-2233.84	127811.78216	0.16119	(1 component(s) constrained)
572	-2231.04	127731.36126	0.16119	(1 component(s) constrained)
573	-2234.18	127727.10688	0.16119	(1 component(s) constrained)
574	-2234.05	127787.85814	0.16119	(1 component(s) constrained)
575	-2233.07	127799.01567	0.16119	(1 component(s) constrained)
576	-2232.79	127788.95586	0.16119	(1 component(s) constrained)
577	-2232.56	127758.15953	0.16119	(1 component(s) constrained)
578	-2233.76	127765.42934	0.16119	(1 component(s) constrained)
579	-2234.89	127730.44307	0.16119	(1 component(s) constrained)
580	-2233.95	127766.53235	0.16119	(1 component(s) constrained)
581	-2236.84	127741.78966	0.16119	(1 component(s) constrained)
582	-2233.69	127828.08129	0.16119	(1 component(s) constrained)
583	-2233.95	127829.75344	0.16119	(1 component(s) constrained)
584	-2235.92	127671.67127	0.16119	(1 component(s) constrained)
585	-2237.01	127757.97556	0.16119	(1 component(s) constrained)
586	-2234.43	127771.76580	0.16119	(1 component(s) constrained)
587	-2234.38	127771.21487	0.16119	(1 component(s) constrained)
588	-2234.31	127804.61488	0.16119	(1 component(s) constrained)
589	-2232.12	127742.53957	0.16119	(1 component(s) constrained)
590	-2233.89	127753.68711	0.16119	(1 component(s) constrained)
591	-2235.08	127825.70095	0.16119	(1 component(s) constrained)
592	-2231.17	127768.17532	0.16119	(1 component(s) constrained)
593	-2234.47	127770.81065	0.16119	(1 component(s) constrained)
594	-2234.12	127825.97516	0.16119	(1 component(s) constrained)
595	-2230.67	127749.91673	0.16119	(1 component(s) constrained)
596	-2234.12	127741.07497	0.16119	(1 component(s) constrained)
597	-2234.56	127801.31115	0.16119	(1 component(s) constrained)
598	-2229.65	127764.01054	0.16119	(1 component(s) constrained)
599	-2230.37	127757.87003	0.16119	(1 component(s) constrained)
600	-2237.62	127754.91761	0.16119	(1 component(s) constrained)
601	-2234.29	127723.58993	0.16119	(1 component(s) constrained)
602	-2237.26	127739.58853	0.16119	(1 component(s) constrained)
603	-2230.39	127761.08766	0.16119	(1 component(s) constrained)
604	-2231.72	127768.87943	0.16119	(1 component(s) constrained)
605	-2232.26	127849.37251	0.16119	(1 component(s) constrained)
606	-2234.54	127718.80789	0.16119	(1 component(s) constrained)
607	-2234.35	127756.20530	0.16119	(1 component(s) constrained)
608	-2231.50	127731.70192	0.16119	(1 component(s) constrained)
609	-2232.07	127742.05964	0.16119	(1 component(s) constrained)
610	-2233.89	127840.24229	0.16119	(1 component(s) constrained)
611	-2233.10	127825.08539	0.16119	(1 component(s) constrained)
612	-2234.26	127780.31321	0.16119	(1 component(s) constrained)
613	-2234.85	127750.03125	0.16119	(1 component(s) constrained)
614	-2236.28	127892.31068	0.16119	(1 component(s) constrained)
615	-2235.35	127763.51656	0.16119	(1 component(s) constrained)
616	-2234.36	127814.78449	0.16119	(1 component(s) constrained)
617	-2233.09	127773.76103	0.16119	(1 component(s) constrained)
618	-2233.20	127777.12069	0.16119	(1 component(s) constrained)
619	-2231.89	127757.49111	0.16119	(1 component(s) constrained)
620	-2234.93	127767.10411	0.16119	(1 component(s) constrained)
621	-2234.75	127774.40103	0.16119	(1 component(s) constrained)
622	-2234.41	127852.36531	0.16119	(1 component(s) constrained)
623	-2231.00	127775.33159	0.16119	(1 component(s) constrained)
624	-2232.97	127774.35409	0.16119	(1 component(s) constrained)
625	-2230.45	127770.71849	0.16119	(1 component(s) constrained)
626	-2235.80	127774.27326	0.16119	(1 component(s) constrained)
627	-2230.44	127730.58554	0.16119	(1 component(s) constrained)
628	-2233.82	127747.75075	0.16119	(1 component(s) constrained)
629	-2232.52	127784.60187	0.16119	(1 component(s) constrained)
630	-2232.98	127782.46650	0.16119	(1 component(s) constrained)
631	-2233.14	127812.52717	0.16119	(1 component(s) constrained)
632	-2233.15	127784.57659	0.16119	(1 component(s) constrained)
633	-2233.20	127769.26005	0.16119	(1 component(s) constrained)
634	-2230.79	127811.84853	0.16119	(1 component(s) constrained)
635	-2232.65	127808.40476	0.16119	(1 component(s) constrained)
636	-2235.49	127727.58792	0.16119	(1 component(s) constrained)
637	-2234.85	127760.93141	0.16119	(1 component(s) constrained)
638	-2230.47	127731.34569	0.16119	(1 component(s) constrained)
639	-2230.42	127739.38274	0.16119	(1 component(s) constrained)
640	-2231.32	127767.52491	0.16119	(1 component(s) constrained)
641	-2232.20	127753.69174	0.16119	(1 component(s) constrained)
642	-2234.14	127810.10143	0.16119	(1 component(s) constrained)
643	-2235.52	127807.56908	0.16119	(1 component(s) constrained)
644	-2231.81	127738.30683	0.16119	(1 component(s) constrained)
645	-2235.73	127740.70880	0.16119	(1 component(s) constrained)
646	-2235.03	127779.84084	0.16119	(1 component(s) constrained)
647	-2232.96	127810.57444	0.16119	(1 component(s) constrained)
648	-2230.24	127807.29426	0.16119	(1 component(s) constrained)
649	-2230.99	127788.58523	0.16119	(1 component(s) constrained)
650	-2232.49	127787.87753	0.16119	(1 component(s) constrained)
651	-2236.11	127770.60607	0.16119	(1 component(s) constrained)
652	-2233.50	127691.03225	0.16119	(1 component(s) constrained)
653	-2232.17	127729.32281	0.16119	(1 component(s) constrained)
654	-2235.35	127735.35561	0.16119	(1 component(s) constrained)
655	-2231.81	127756.13421	0.16119	(1 component(s) constrained)
656	-2234.09	127755.70735	0.16119	(1 component(s) constrained)
657	-2236.67	127765.84684	0.16119	(1 component(s) constrained)
658	-2230.37	127730.90551	0.16119	(1 component(s) constrained)
659	-2235.10	127745.21006	0.16119	(1 component(s) constrained)
660	-2231.46	127812.31187	0.16119	(1 component(s) constrained)
661	-2234.18	127785.99390	0.16119	(1 component(s) constrained)
662	-2234.46	127777.67342	0.16119	(1 component(s) constrained)
663	-2234.21	127791.94492	0.16119	(1 component(s) constrained)
664	-2230.31	127786.29253	0.16119	(1 component(s) constrained)
665	-2233.63	127761.67557	0.16119	(1 component(s) constrained)
666	-2232.64	127766.71215	0.16119	(1 component(s) constrained)
667	-2234.25	127823.59641	0.16119	(1 component(s) constrained)
668	-2231.94	127770.38129	0.16119	(1 component(s) constrained)
669	-2232.36	127758.42494	0.16119	(1 component(s) constrained)
670	-2233.16	127793.86343	0.16119	(1 component(s) constrained)
671	-2237.79	127765.50946	0.16119	(1 component(s) constrained)
672	-2237.70	127818.20096	0.16119	(1 component(s) constrained)
673	-2234.28	127717.84926	0.16119	(1 component(s) constrained)
674	-2233.22	127741.07059	0.16119	(1 component(s) constrained)
675	-2230.13	127753.12619	0.16119	(1 component(s) constrained)
676	-2233.77	127760.42322	0.16119	(1 component(s) constrained)
677	-2232.64	127796.56728	0.16119	(1 component(s) constrained)
678	-2233.52	127765.35111	0.16119	(1 component(s) constrained)
679	-2234.05	127813.44719	0.16119	(1 component(s) constrained)
680	-2231.61	127759.52957	0.16119	(1 component(s) constrained)
681	-2233.11	127757.76192	0.16119	(1 component(s) constrained)
682	-2235.48	127727.19378	0.16119	(1 component(s) constrained)
683	-2233.77	127791.11044	0.16119	(1 component(s) constrained)
684	-2235.22	127779.42527	0.16119	(1 component(s) constrained)
685	-2232.92	127756.54711	0.16119	(1 component(s) constrained)
686	-2233.57	127767.68130	0.16119	(1 component(s) constrained)
687	-2234.76	127820.47070	0.16119	(1 component(s) constrained)
688	-2229.79	127720.06981	0.16119	(1 component(s) constrained)
689	-2231.43	127753.22044	0.16119	(1 component(s) constrained)
690	-2237.58	127809.13519	0.16119	(1 component(s) constrained)
691	-2233.25	127779.70635	0.16119	(1 component(s) constrained)
692	-2233.84	127769.45661	0.16119	(1 component(s) constrained)
693	-2231.12	127811.17343	0.16119	(1 component(s) constrained)
694	-2231.31	127803.91246	0.16119	(1 component(s) constrained)
695	-2230.18	127691.17105	0.16119	(1 component(s) constrained)
696	-2233.88	127731.49625	0.16119	(1 component(s) constrained)
697	-2232.77	127730.35667	0.16119	(1 component(s) constrained)
698	-2237.05	127740.19370	0.16119	(1 component(s) constrained)
699	-2233.43	127755.02083	0.16119	(1 component(s) constrained)
700	-2230.40	127761.34622	0.16119	(1 component(s) constrained)
701	-2233.44	127751.80143	0.16119	(1 component(s) constrained)
702	-2232.23	127770.37090	0.16119	(1 component(s) constrained)
703	-2238.25	127774.08138	0.16119	(1 component(s) constrained)
704	-2233.17	127760.97692	0.16119	(1 component(s) constrained)
705	-2236.09	127764.27258	0.16119	(1 component(s) constrained)
706	-2231.89	127762.55566	0.16119	(1 component(s) constrained)
707	-2234.34	127758.13167	0.16119	(1 component(s) constrained)
708	-2235.74	127772.40031	0.16119	(1 component(s) constrained)
709	-2233.40	127843.43018	0.16119	(1 component(s) constrained)
710	-2230.94	127836.58344	0.16119	(1 component(s) constrained)
711	-2235.93	127826.44424	0.16119	(1 component(s) constrained)
712	-2234.13	127815.17368	0.16119	(1 component(s) constrained)
713	-2233.99	127812.40630	0.16119	(1 component(s) constrained)
714	-2231.58	127750.45716	0.16119	(1 component(s) constrained)
715	-2234.14	127743.24422	0.16119	(1 component(s) constrained)
716	-2232.25	127827.50388	0.16119	(1 component(s) constrained)
717	-2231.84	127807.96246	0.16119	(1 component(s) constrained)
718	-2235.81	127773.10942	0.16119	(1 component(s) constrained)
719	-2237.21	127747.08132	0.16119	(1 component(s) constrained)
720	-2232.80	127802.36661	0.16119	(1 component(s) constrained)
721	-2230.37	127753.56379	0.16119	(1 component(s) constrained)
722	-2235.83	127757.11921	0.16119	(1 component(s) constrained)
723	-2234.33	127766.98094	0.16119	(1 component(s) constrained)
724	-2237.12	127768.80857	0.16119	(1 component(s) constrained)
725	-2234.98	127731.84896	0.16119	(1 component(s) constrained)
726	-2231.93	127759.80686	0.16119	(1 component(s) constrained)
727	-2235.27	127762.98777	0.16119	(1 component(s) constrained)
728	-2235.79	127722.64165	0.16119	(1 component(s) constrained)
729	-2232.18	127720.86288	0.16119	(1 component(s) constrained)
730	-2233.85	127721.95556	0.16119	(1 component(s) constrained)
731	-2234.30	127805.46739	0.16119	(1 component(s) constrained)
732	-2233.92	127811.88986	0.16119	(1 component(s) constrained)
733	-2235.78	127676.99217	0.16119	(1 component(s) constrained)
734	-2233.09	127782.28183	0.16119	(1 component(s) constrained)
735	-2233.57	127772.47690	0.16119	(1 component(s) constrained)
736	-2234.32	127800.00961	0.16119	(1 component(s) constrained)
737	-2235.03	127763.36017	0.16119	(1 component(s) constrained)
738	-2233.28	127797.52249	0.16119	(1 component(s) constrained)
739	-2236.56	127789.86705	0.16119	(1 component(s) constrained)
740	-2237.25	127690.22845	0.16119	(1 component(s) constrained)
741	-2233.60	127768.22228	0.16119	(1 component(s) constrained)
742	-2233.76	127779.68578	0.16119	(1 component(s) constrained)
743	-2233.58	127746.97335	0.16119	(1 component(s) constrained)
744	-2232.97	127760.07769	0.16119	(1 component(s) constrained)
745	-2231.93	127782.78854	0.16119	(1 component(s) constrained)
746	-2229.09	127794.50347	0.16119	(1 component(s) constrained)
747	-2235.73	127804.43829	0.16119	(1 component(s) constrained)
748	-2230.64	127748.72614	0.16119	(1 component(s) constrained)
749	-2234.42	127762.73663	0.16119	(1 component(s) constrained)
750	-2233.47	127783.37553	0.16119	(1 component(s) constrained)
751	-2231.93	127764.62847	0.16119	(1 component(s) constrained)
752	-2232.70	127757.35509	0.16119	(1 component(s) constrained)
753	-2234.67	127795.03291	0.16119	(1 component(s) constrained)
754	-2235.55	127813.69955	0.16119	(1 component(s) constrained)
755	-2229.82	127744.63337	0.16119	(1 component(s) constrained)
756	-2235.35	127740.74526	0.16119	(1 component(s) constrained)
757	-2233.29	127700.63256	0.16119	(1 component(s) constrained)
758	-2230.83	127709.24238	0.16119	(1 component(s) constrained)
759	-2233.11	127741.80152	0.16119	(1 component(s) constrained)
760	-2232.63	127861.30641	0.16119	(1 component(s) constrained)
761	-2236.52	127748.41965	0.16119	(1 component(s) constrained)
762	-2233.53	127786.69461	0.16119	(1 component(s) constrained)
763	-2233.25	127797.48069	0.16119	(1 component(s) constrained)
764	-2233.09	127767.89450	0.16119	(1 component(s) constrained)
765	-2232.82	127777.78977	0.16119	(1 component(s) constrained)
766	-2233.80	127708.83182	0.16119	(1 component(s) constrained)
767	-2230.78	127687.48413	0.16119	(1 component(s) constrained)
768	-2234.42	127712.42021	0.16119	(1 component(s) constrained)
769	-2232.27	127819.60860	0.16119	(1 component(s) constrained)
770	-2232.95	127826.61336	0.16119	(1 component(s) constrained)
771	-2231.66	127726.55761	0.16119	(1 component(s) constrained)
772	-2232.88	127726.95023	0.16119	(1 component(s) constrained)
773	-2236.63	127741.22961	0.16119	(1 component(s) constrained)
774	-2232.22	127718.04251	0.16119	(1 component(s) constrained)
775	-2232.17	127719.93400	0.16119	(1 component(s) constrained)
776	-2231.71	127802.35696	0.16119	(1 component(s) constrained)
777	-2231.19	127756.99006	0.16119	(1 component(s) constrained)
778	-2233.10	127767.96971	0.16119	(1 component(s) constrained)
779	-2230.41	127732.19029	0.16119	(1 component(s) constrained)
780	-2234.63	127738.30617	0.16119	(1 component(s) constrained)
781	-2230.68	127774.47184	0.16119	(1 component(s) constrained)
782	-2234.30	127768.14481	0.16119	(1 component(s) constrained)
783	-2235.59	127751.75493	0.16119	(1 component(s) constrained)
784	-2233.41	127801.28754	0.16119	(1 component(s) constrained)
785	-2234.31	127792.00541	0.16119	(1 component(s) constrained)
786	-2230.72	127762.10459	0.16119	(1 component(s) constrained)
787	-2231.53	127769.79847	0.16119	(1 component(s) constrained)
788	-2234.44	127775.75939	0.16119	(1 component(s) constrained)
789	-2230.80	127766.38913	0.16119	(1 component(s) constrained)
790	-2233.70	127770.41410	0.16119	(1 component(s) constrained)
791	-2232.51	127749.11119	0.16119	(1 component(s) constrained)
792	-2231.33	127764.11098	0.16119	(1 component(s) constrained)
793	-2230.47	127768.99886	0.16119	(1 component(s) constrained)
794	-2233.14	127826.07421	0.16119	(1 component(s) constrained)
795	-2233.67	127744.26082	0.16119	(1 component(s) constrained)
796	-2231.63	127753.58313	0.16119	(1 component(s) constrained)
797	-2233.29	127752.46833	0.16119	(1 component(s) constrained)
798	-2234.67	127775.65759	0.16119	(1 component(s) constrained)
799	-2230.22	127770.17790	0.16119	(1 component(s) constrained)
800	-2235.59	127762.26159	0.16119	(1 component(s) constrained)
801	-2232.00	127822.86144	0.16119	(1 component(s) constrained)
802	-2234.55	127804.43630	0.16119	(1 component(s) constrained)
803	-2236.75	127777.83926	0.16119	(1 component(s) constrained)
804	-2232.09	127777.07912	0.16119	(1 component(s) constrained)
805	-2228.80	127781.85876	0.16119	(1 component(s) constrained)
806	-2234.01	127796.55501	0.16119	(1 component(s) constrained)
807	-2235.16	127748.86365	0.16119	(1 component(s) constrained)
808	-2229.75	127771.84772	0.16119	(1 component(s) constrained)
809	-2233.11	127771.71794	0.16119	(1 component(s) constrained)
810	-2232.55	127727.11153	0.16119	(1 component(s) constrained)
811	-2233.26	127741.14920	0.16119	(1 component(s) constrained)
812	-2232.04	127721.92538	0.16119	(1 component(s) constrained)
813	-2234.84	127734.50644	0.16119	(1 component(s) constrained)
814	-2235.01	127756.57329	0.16119	(1 component(s) constrained)
815	-2235.35	127730.70622	0.16119	(1 component(s) constrained)
816	-2232.18	127724.18092	0.16119	(1 component(s) constrained)
817	-2233.58	127744.53500	0.16119	(1 component(s) constrained)
818	-2231.68	127769.17172	0.16119	(1 component(s) constrained)
819	-2231.89	127784.43599	0.16119	(1 component(s) constrained)
820	-2236.55	127736.33808	0.16119	(1 component(s) constrained)
821	-2231.85	127772.25890	0.16119	(1 component(s) constrained)
822	-2232.40	127776.93702	0.16119	(1 component(s) constrained)
823	-2232.50	127760.86996	0.16119	(1 component(s) constrained)
824	-2232.37	127726.69241	0.16119	(1 component(s) constrained)
825	-2236.64	127788.37429	0.16119	(1 component(s) constrained)
826	-2237.06	127733.04989	0.16119	(1 component(s) constrained)
827	-2232.29	127740.37652	0.16119	(1 component(s) constrained)
828	-2233.60	127740.34610	0.16119	(1 component(s) constrained)
829	-2232.43	127737.33967	0.16119	(1 component(s) constrained)
830	-2234.29	127751.48866	0.16119	(1 component(s) constrained)
831	-2234.20	127812.58066	0.16119	(1 component(s) constrained)
832	-2233.63	127772.86295	0.16119	(1 component(s) constrained)
833	-2235.47	127735.78509	0.16119	(1 component(s) constrained)
834	-2232.89	127697.16620	0.16119	(1 component(s) constrained)
835	-2231.73	127700.33673	0.16119	(1 component(s) constrained)
836	-2233.41	127722.84021	0.16119	(1 component(s) constrained)
837	-2234.06	127861.15523	0.16119	(1 component(s) constrained)
838	-2232.75	127758.68218	0.16119	(1 component(s) constrained)
839	-2234.04	127774.33526	0.16119	(1 component(s) constrained)
840	-2234.69	127749.98787	0.16119	(1 component(s) constrained)
841	-2234.50	127752.22124	0.16119	(1 component(s) constrained)
842	-2231.86	127799.33597	0.16119	(1 component(s) constrained)
843	-2230.95	127791.99110	0.16119	(1 component(s) constrained)
844	-2236.80	127717.43537	0.16119	(1 component(s) constrained)
845	-2230.91	127819.74974	0.16119	(1 component(s) constrained)
846	-2232.41	127800.79418	0.16119	(1 component(s) constrained)
847	-2232.99	127744.89813	0.16119	(1 component(s) constrained)
848	-2235.01	127791.68182	0.16119	(1 component(s) constrained)
849	-2232.92	127852.87785	0.16119	(1 component(s) constrained)
850	-2234.50	127823.11842	0.16119	(1 component(s) constrained)
851	-2231.22	127781.37301	0.16119	(1 component(s) constrained)
852	-2232.30	127769.96422	0.16119	(1 component(s) constrained)
853	-2232.76	127762.30845	0.16119	(1 component(s) constrained)
854	-2232.92	127730.48222	0.16119	(1 component(s) constrained)
855	-2230.51	127817.96702	0.16119	(1 component(s) constrained)
856	-2230.40	127809.36914	0.16119	(1 component(s) constrained)
857	-2233.98	127717.47378	0.16119	(1 component(s) constrained)
858	-2233.14	127791.08193	0.16119	(1 component(s) constrained)
859	-2232.39	127801.99595	0.16119	(1 component(s) constrained)
860	-2233.75	127720.78760	0.16119	(1 component(s) constrained)
861	-2237.10	127743.56032	0.16119	(1 component(s) constrained)
862	-2235.18	127817.37126	0.16119	(1 component(s) constrained)
863	-2233.48	127797.68966	0.16119	(1 component(s) constrained)
864	-2236.67	127791.18928	0.16119	(1 component(s) constrained)
865	-2232.30	127810.96286	0.16119	(1 component(s) constrained)
866	-2233.03	127806.78657	0.16119	(1 component(s) constrained)
867	-2233.12	127819.38600	0.16119	(1 component(s) constrained)
868	-2231.52	127725.35959	0.16119	(1 component(s) constrained)
869	-2235.74	127746.55080	0.16119	(1 component(s) constrained)
870	-2229.80	127838.56588	0.16119	(1 component(s) constrained)
871	-2235.41	127798.89939	0.16119	(1 component(s) constrained)
872	-2234.19	127704.80111	0.16119	(1 component(s) constrained)
873	-2229.94	127737.67759	0.16119	(1 component(s) constrained)
874	-2233.75	127761.55665	0.16119	(1 component(s) constrained)
875	-2236.79	127717.59761	0.16119	(1 component(s) constrained)
876	-2232.31	127756.99746	0.16119	(1 component(s) constrained)
877	-2234.80	127743.85064	0.16119	(1 component(s) constrained)
878	-2231.32	127755.49351	0.16119	(1 component(s) constrained)
879	-2232.24	127752.17061	0.16119	(1 component(s) constrained)
880	-2235.43	127712.99478	0.16119	(1 component(s) constrained)
881	-2231.74	127760.10332	0.16119	(1 component(s) constrained)
882	-2232.14	127751.19449	0.16119	(1 component(s) constrained)
883	-2234.39	127713.28633	0.16119	(1 component(s) constrained)
884	-2230.28	127746.57089	0.16119	(1 component(s) constrained)
885	-2234.95	127752.16433	0.16119	(1 component(s) constrained)
886	-2233.85	127791.95986	0.16119	(1 component(s) constrained)
887	-2235.68	127772.88523	0.16119	(1 component(s) constrained)
888	-2235.36	127698.15488	0.16119	(1 component(s) constrained)
889	-2231.12	127788.47607	0.16119	(1 component(s) constrained)
890	-2233.17	127784.21377	0.16119	(1 component(s) constrained)
891	-2231.97	127745.44595	0.16119	(1 component(s) constrained)
892	-2234.98	127757.18685	0.16119	(1 component(s) constrained)
893	-2232.42	127784.59581	0.16119	(1 component(s) constrained)
894	-2236.40	127783.01434	0.16119	(1 component(s) constrained)
895	-2233.43	127788.80896	0.16119	(1 component(s) constrained)
896	-2236.14	127795.71333	0.16119	(1 component(s) constrained)
897	-2232.71	127809.44930	0.16119	(1 component(s) constrained)
898	-2231.36	127788.97641	0.16119	(1 component(s) constrained)
899	-2229.20	127788.62822	0.16119	(1 component(s) constrained)
900	-2233.23	127787.50127	0.16119	(1 component(s) constrained)
901	-2232.98	127755.53949	0.16119	(1 component(s) constrained)
902	-2232.46	127794.52472	0.16119	(1 component(s) constrained)
903	-2228.13	127720.74653	0.16119	(1 component(s) constrained)
904	-2234.07	127741.10630	0.16119	(1 component(s) constrained)
905	-2232.65	127781.67085	0.16119	(1 component(s) constrained)
906	-2231.40	127788.55302	0.16119	(1 component(s) constrained)
907	-2232.37	127780.71594	0.16119	(1 component(s) constrained)
908	-2233.10	127763.62708	0.16119	(1 component(s) constrained)
909	-2231.60	127827.78442	0.16119	(1 component(s) constrained)
910	-2233.83	127823.12583	0.16119	(1 component(s) constrained)
911	-2234.81	127756.35278	0.16119	(1 component(s) constrained)
912	-2236.52	127770.75657	0.16119	(1 component(s) constrained)
913	-2234.36	127799.12462	0.16119	(1 component(s) constrained)
914	-2236.38	127777.09502	0.16119	(1 component(s) constrained)
915	-2231.86	127752.38993	0.16119	(1 component(s) constrained)
916	-2232.98	127778.23032	0.16119	(1 component(s) constrained)
917	-2234.66	127713.51549	0.16119	(1 component(s) constrained)
918	-2234.89	127744.47644	0.16119	(1 component(s) constrained)
919	-2233.32	127791.96658	0.16119	(1 component(s) constrained)
920	-2232.23	127793.74522	0.16119	(1 component(s) constrained)
921	-2233.99	127775.27234	0.16119	(1 component(s) constrained)
922	-2234.50	127739.66412	0.16119	(1 component(s) constrained)
923	-2231.60	127832.81102	0.16119	(1 component(s) constrained)
924	-2232.90	127820.25453	0.16119	(1 component(s) constrained)
925	-2231.57	127704.93203	0.16119	(1 component(s) constrained)
926	-2233.72	127693.71000	0.16119	(1 component(s) constrained)
927	-2231.03	127731.41553	0.16119	(1 component(s) constrained)
928	-2231.49	127750.39439	0.16119	(1 component(s) constrained)
929	-2236.89	127765.81729	0.16119	(1 component(s) constrained)
930	-2234.33	127784.17461	0.16119	(1 component(s) constrained)
931	-2229.40	127794.75488	0.16119	(1 component(s) constrained)
932	-2232.94	127785.17755	0.16119	(1 component(s) constrained)
933	-2232.08	127842.68578	0.16119	(1 component(s) constrained)
934	-2232.91	127761.45119	0.16119	(1 component(s) constrained)
935	-2233.84	127776.02793	0.16119	(1 component(s) constrained)
936	-2235.48	127746.20080	0.16119	(1 component(s) constrained)
937	-2234.18	127875.33250	0.16119	(1 component(s) constrained)
938	-2234.94	127871.07748	0.16119	(1 component(s) constrained)
939	-2233.82	127677.52303	0.16119	(1 component(s) constrained)
940	-2233.69	127699.68393	0.16119	(1 component(s) constrained)
941	-2236.63	127681.93716	0.16119	(1 component(s) constrained)
942	-2231.94	127813.34462	0.16119	(1 component(s) constrained)
943	-2235.43	127823.69707	0.16119	(1 component(s) constrained)
944	-2233.64	127766.86824	0.16119	(1 component(s) constrained)
945	-2233.81	127777.51058	0.16119	(1 component(s) constrained)
946	-2233.92	127812.31992	0.16119	(1 component(s) constrained)
947	-2234.52	127727.60024	0.16119	(1 component(s) constrained)
948	-2232.53	127777.29079	0.16119	(1 component(s) constrained)
949	-2235.43	127758.26643	0.16119	(1 component(s) constrained)
950	-2235.72	127767.60812	0.16119	(1 component(s) constrained)
951	-2230.84	127750.02656	0.16119	(1 component(s) constrained)
952	-2235.37	127756.79465	0.16119	(1 component(s) constrained)
953	-2232.27	127811.40828	0.16119	(1 component(s) constrained)
954	-2232.03	127788.59628	0.16119	(1 component(s) constrained)
955	-2233.07	127719.61053	0.16119	(1 component(s) constrained)
956	-2233.21	127703.04450	0.16119	(1 component(s) constrained)
957	-2235.68	127793.34997	0.16119	(1 component(s) constrained)
958	-2234.66	127700.14108	0.16119	(1 component(s) constrained)
959	-2234.42	127737.35036	0.16119	(1 component(s) constrained)
960	-2232.56	127803.26111	0.16119	(1 component(s) constrained)
961	-2237.33	127769.23905	0.16119	(1 component(s) constrained)
962	-2232.28	127765.93900	0.16119	(1 component(s) constrained)
963	-2229.85	127786.24099	0.16119	(1 component(s) constrained)
964	-2236.16	127775.82033	0.16119	(1 component(s) constrained)
965	-2231.55	127741.76267	0.16119	(1 component(s) constrained)
966	-2232.13	127746.46228	0.16119	(1 component(s) constrained)
967	-2234.80	127737.34989	0.16119	(1 component(s) constrained)
968	-2232.80	127792.34942	0.16119	(1 component(s) constrained)
969	-2235.51	127769.28351	0.16119	(1 component(s) constrained)
970	-2231.32	127758.74245	0.16119	(1 component(s) constrained)
971	-2232.14	127766.18263	0.16119	(1 component(s) constrained)
972	-2233.05	127759.52163	0.16119	(1 component(s) constrained)
973	-2233.83	127760.74555	0.16119	(1 component(s) constrained)
974	-2230.52	127795.05641	0.16119	(1 component(s) constrained)
975	-2232.46	127786.05960	0.16119	(1 component(s) constrained)
976	-2235.28	127806.17852	0.16119	(1 component(s) constrained)
977	-2231.97	127704.41116	0.16119	(1 component(s) constrained)
978	-2232.92	127719.18364	0.16119	(1 component(s) constrained)
979	-2232.94	127782.20098	0.16119	(1 component(s) constrained)
980	-2235.29	127764.27837	0.16119	(1 component(s) constrained)
981	-2233.20	127818.06324	0.16119	(1 component(s) constrained)
982	-2232.42	127788.32771	0.16119	(1 component(s) constrained)
983	-2234.06	127823.04972	0.16119	(1 component(s) constrained)
984	-2231.83	127762.88513	0.16119	(1 component(s) constrained)
985	-2233.79	127762.95094	0.16119	(1 component(s) constrained)
986	-2233.50	127809.50398	0.16119	(1 component(s) constrained)
987	-2233.89	127698.24495	0.16119	(1 component(s) constrained)
988	-2233.94	127738.03910	0.16119	(1 component(s) constrained)
989	-2232.82	127741.42379	0.16119	(1 component(s) constrained)
990	-2235.04	127749.45221	0.16119	(1 component(s) constrained)
991	-2232.72	127796.47399	0.16119	(1 component(s) constrained)
992	-2232.90	127772.36265	0.16119	(1 component(s) constrained)
993	-2235.64	127720.30215	0.16119	(1 component(s) constrained)
994	-2231.93	127740.47951	0.16119	(1 component(s) constrained)
995	-2237.62	127741.67205	0.16119	(1 component(s) constrained)
996	-2232.98	127759.88196	0.16119	(1 component(s) constrained)
997	-2234.41	127778.12424	0.16119	(1 component(s) constrained)
998	-2232.80	127728.16990	0.16119	(1 component(s) constrained)
999	-2236.92	127727.45866	0.16119	(1 component(s) constrained)
Error: Log-likelihood not converged (stop after 1000 iteractions). 
You can specify the option --reml-maxit to allow for more iterations.

An error occurs, please check the options or data
