*******************************************************************
* Genome-wide Complex Trait Analysis (GCTA)
* version 1.93.2 beta Linux
* (C) 2010-present, Jian Yang, The University of Queensland
* Please report bugs to Jian Yang <jian.yang.qt@gmail.com>
*******************************************************************
Analysis started at 23:25:55 -03 on Wed Jun 09 2021.
Hostname: darwin

Accepted options:
--reml
--reml-alg 0
--reml-maxit 1000
--grm /scratch/genevol/users/lucas/V3/grmNAfr
--pheno /raid/genevol/users/lucas/heritability/02.GCTA/data/geneNAfrHLA-A.txt
--covar /raid/genevol/users/lucas/heritability/02.GCTA/data/envir2.txt
--reml-est-fix
--out /raid/genevol/users/lucas/heritability/03.Heritability/Results/V3/HLA-A/NAfrHLA-A2

Note: This is a multi-thread program. You could specify the number of threads by the --thread-num option to speed up the computation if there are multiple processors in your machine.

Reading IDs of the GRM from [/scratch/genevol/users/lucas/V3/grmNAfr.grm.id].
358 IDs read from [/scratch/genevol/users/lucas/V3/grmNAfr.grm.id].
Reading the GRM from [/scratch/genevol/users/lucas/V3/grmNAfr.grm.bin].
GRM for 358 individuals are included from [/scratch/genevol/users/lucas/V3/grmNAfr.grm.bin].
Reading phenotypes from [/raid/genevol/users/lucas/heritability/02.GCTA/data/geneNAfrHLA-A.txt].
Non-missing phenotypes of 358 individuals are included from [/raid/genevol/users/lucas/heritability/02.GCTA/data/geneNAfrHLA-A.txt].
Reading discrete covariate(s) from [/raid/genevol/users/lucas/heritability/02.GCTA/data/envir2.txt].
1 discrete covariate(s) of 445 individuals are included from [/raid/genevol/users/lucas/heritability/02.GCTA/data/envir2.txt].

1 discrete variable(s) included as covariate(s).
358 individuals are in common in these files.

Performing  REML analysis ... (Note: may take hours depending on sample size).
358 observations, 7 fixed effect(s), and 2 variance component(s)(including residual variance).
Calculating prior values of variance components by EM-REML ...
Updated prior values: 72291.3 72170.2
logL: -2255.98
Running AI-REML algorithm ...
Iter.	logL	V(G)	V(e)	
1	-2252.77	90234.66930	48013.61047	
2	-2251.93	101546.53416	32927.75841	
3	-2251.56	124425.33506	2473.17355	
4	-2251.27	123027.19158	4314.43595	
5	-2251.27	123013.92338	4329.40397	
6	-2251.27	123013.87348	4329.45353	
Log-likelihood ratio converged.

Calculating the logLikelihood for the reduced model ...
(variance component 1 is dropped from the model)
Calculating prior values of variance components by EM-REML ...
Updated prior values: 127861.29251
logL: -2256.30413
Running AI-REML algorithm ...
Iter.	logL	V(e)	
1	-2251.75	127650.16534	
2	-2251.75	127506.34085	
3	-2251.75	127195.88755	
4	-2251.75	127196.64161	
5	-2251.75	127196.64161	
Log-likelihood ratio converged.

Summary result of REML analysis:
Source	Variance	SE
V(G)	123013.873483	125069.740926
V(e)	4329.453530	123792.109126
Vp	127343.327013	9657.689533
V(G)/Vp	0.966002	0.972359

Sampling variance/covariance of the estimates of variance components:
1.564244e+10	-1.543683e+10	
-1.543683e+10	1.532449e+10	
Estimatesof fixed effects:

Source	Estimate	SE
mean	1768.440492	36.983948
X_2	-181.581447	72.870111
X_3	-266.692395	63.978943
X_4	-276.870128	75.185231
X_5	-107.935752	65.791185
X_6	-424.772928	56.413252
X_7	202.581074	76.677463

Summary result of REML analysis has been saved in the file [/raid/genevol/users/lucas/heritability/03.Heritability/Results/V3/HLA-A/NAfrHLA-A2.hsq].

Analysis finished at 23:25:56 -03 on Wed Jun 09 2021
Overall computational time: 0.80 sec.
