*******************************************************************
* Genome-wide Complex Trait Analysis (GCTA)
* version 1.93.2 beta Linux
* (C) 2010-present, Jian Yang, The University of Queensland
* Please report bugs to Jian Yang <jian.yang.qt@gmail.com>
*******************************************************************
Analysis started at 23:25:43 -03 on Wed Jun 09 2021.
Hostname: darwin

Accepted options:
--reml
--reml-alg 0
--reml-maxit 1000
--grm /scratch/genevol/users/lucas/V3/grmNAfr
--pheno /raid/genevol/users/lucas/heritability/02.GCTA/data/geneNAfrHLA-A.txt
--covar /raid/genevol/users/lucas/heritability/02.GCTA/data/envir1.txt
--reml-est-fix
--out /raid/genevol/users/lucas/heritability/03.Heritability/Results/V3/HLA-A/NAfrHLA-A1

Note: This is a multi-thread program. You could specify the number of threads by the --thread-num option to speed up the computation if there are multiple processors in your machine.

Reading IDs of the GRM from [/scratch/genevol/users/lucas/V3/grmNAfr.grm.id].
358 IDs read from [/scratch/genevol/users/lucas/V3/grmNAfr.grm.id].
Reading the GRM from [/scratch/genevol/users/lucas/V3/grmNAfr.grm.bin].
GRM for 358 individuals are included from [/scratch/genevol/users/lucas/V3/grmNAfr.grm.bin].
Reading phenotypes from [/raid/genevol/users/lucas/heritability/02.GCTA/data/geneNAfrHLA-A.txt].
Non-missing phenotypes of 358 individuals are included from [/raid/genevol/users/lucas/heritability/02.GCTA/data/geneNAfrHLA-A.txt].
Reading discrete covariate(s) from [/raid/genevol/users/lucas/heritability/02.GCTA/data/envir1.txt].
2 discrete covariate(s) of 445 individuals are included from [/raid/genevol/users/lucas/heritability/02.GCTA/data/envir1.txt].

2 discrete variable(s) included as covariate(s).
358 individuals are in common in these files.

Performing  REML analysis ... (Note: may take hours depending on sample size).
358 observations, 8 fixed effect(s), and 2 variance component(s)(including residual variance).
Calculating prior values of variance components by EM-REML ...
Updated prior values: 72228.4 72080.2
logL: -2251.38
Running AI-REML algorithm ...
Iter.	logL	V(G)	V(e)	
1	-2248.10	96809.26880	41166.49516	
2	-2247.19	112783.28031	21379.70049	
3	-2246.79	126554.65502	0.16119	(1 component(s) constrained)
4	-2246.62	127035.99971	0.16119	(1 component(s) constrained)
5	-2247.17	127037.99028	0.16119	(1 component(s) constrained)
6	-2247.11	127034.86889	0.16119	(1 component(s) constrained)
7	-2246.86	127025.40111	0.16119	(1 component(s) constrained)
8	-2247.69	127006.28087	0.16119	(1 component(s) constrained)
9	-2245.15	127040.37882	0.16119	(1 component(s) constrained)
10	-2246.83	127039.09051	0.16119	(1 component(s) constrained)
11	-2245.69	127010.26472	0.16119	(1 component(s) constrained)
12	-2245.22	127010.09724	0.16119	(1 component(s) constrained)
13	-2248.21	127006.31592	0.16119	(1 component(s) constrained)
14	-2246.02	127005.92611	0.16119	(1 component(s) constrained)
15	-2246.84	127005.98605	0.16119	(1 component(s) constrained)
16	-2246.57	127009.42556	0.16119	(1 component(s) constrained)
17	-2247.09	127026.81711	0.16119	(1 component(s) constrained)
18	-2244.86	127005.65983	0.16119	(1 component(s) constrained)
19	-2248.24	127014.56071	0.16119	(1 component(s) constrained)
20	-2246.58	126992.89716	0.16119	(1 component(s) constrained)
21	-2247.00	127009.92839	0.16119	(1 component(s) constrained)
22	-2247.66	127012.95587	0.16119	(1 component(s) constrained)
23	-2246.63	126992.35291	0.16119	(1 component(s) constrained)
24	-2245.78	127001.98002	0.16119	(1 component(s) constrained)
25	-2245.80	127008.70887	0.16119	(1 component(s) constrained)
26	-2245.73	127034.81533	0.16119	(1 component(s) constrained)
27	-2247.70	126992.22906	0.16119	(1 component(s) constrained)
28	-2246.82	127057.25255	0.16119	(1 component(s) constrained)
29	-2245.84	127006.17057	0.16119	(1 component(s) constrained)
30	-2245.76	126990.06828	0.16119	(1 component(s) constrained)
31	-2247.50	127014.66594	0.16119	(1 component(s) constrained)
32	-2247.86	127019.41451	0.16119	(1 component(s) constrained)
33	-2246.62	127014.83459	0.16119	(1 component(s) constrained)
34	-2246.27	127009.17566	0.16119	(1 component(s) constrained)
35	-2246.08	127037.45483	0.16119	(1 component(s) constrained)
36	-2246.57	127054.94109	0.16119	(1 component(s) constrained)
37	-2246.00	126994.29361	0.16119	(1 component(s) constrained)
38	-2245.15	127030.89341	0.16119	(1 component(s) constrained)
39	-2247.53	126994.65095	0.16119	(1 component(s) constrained)
40	-2246.80	127029.01244	0.16119	(1 component(s) constrained)
41	-2244.91	127020.33968	0.16119	(1 component(s) constrained)
42	-2246.05	127021.04195	0.16119	(1 component(s) constrained)
43	-2246.75	127027.10353	0.16119	(1 component(s) constrained)
44	-2245.80	127025.71542	0.16119	(1 component(s) constrained)
45	-2246.18	127040.72387	0.16119	(1 component(s) constrained)
46	-2246.34	126996.53252	0.16119	(1 component(s) constrained)
47	-2245.87	127005.98901	0.16119	(1 component(s) constrained)
48	-2246.76	127040.53345	0.16119	(1 component(s) constrained)
49	-2244.92	126997.36679	0.16119	(1 component(s) constrained)
50	-2246.74	127001.90475	0.16119	(1 component(s) constrained)
51	-2246.63	126996.37890	0.16119	(1 component(s) constrained)
52	-2246.92	127020.53293	0.16119	(1 component(s) constrained)
53	-2246.21	127003.20409	0.16119	(1 component(s) constrained)
54	-2247.99	127002.88907	0.16119	(1 component(s) constrained)
55	-2246.09	126976.37861	0.16119	(1 component(s) constrained)
56	-2247.13	126990.05132	0.16119	(1 component(s) constrained)
57	-2245.68	126992.80548	0.16119	(1 component(s) constrained)
58	-2246.98	127000.87049	0.16119	(1 component(s) constrained)
59	-2246.31	127028.89205	0.16119	(1 component(s) constrained)
60	-2245.90	127042.82355	0.16119	(1 component(s) constrained)
61	-2246.31	127023.27397	0.16119	(1 component(s) constrained)
62	-2246.14	127010.44473	0.16119	(1 component(s) constrained)
63	-2245.82	127022.25500	0.16119	(1 component(s) constrained)
64	-2247.35	127015.34809	0.16119	(1 component(s) constrained)
65	-2247.02	127047.36521	0.16119	(1 component(s) constrained)
66	-2245.56	127017.91431	0.16119	(1 component(s) constrained)
67	-2246.99	127017.21202	0.16119	(1 component(s) constrained)
68	-2247.24	127007.04279	0.16119	(1 component(s) constrained)
69	-2247.93	127040.34002	0.16119	(1 component(s) constrained)
70	-2247.35	127031.31511	0.16119	(1 component(s) constrained)
71	-2247.56	127019.53448	0.16119	(1 component(s) constrained)
72	-2246.94	127009.49595	0.16119	(1 component(s) constrained)
73	-2246.06	127004.09388	0.16119	(1 component(s) constrained)
74	-2245.44	127004.16859	0.16119	(1 component(s) constrained)
75	-2245.78	127030.06208	0.16119	(1 component(s) constrained)
76	-2246.58	127034.09265	0.16119	(1 component(s) constrained)
77	-2247.21	127025.00644	0.16119	(1 component(s) constrained)
78	-2246.54	127016.33898	0.16119	(1 component(s) constrained)
79	-2245.60	127046.53120	0.16119	(1 component(s) constrained)
80	-2245.62	127018.58969	0.16119	(1 component(s) constrained)
81	-2246.33	127033.90739	0.16119	(1 component(s) constrained)
82	-2246.45	127045.41118	0.16119	(1 component(s) constrained)
83	-2245.71	127044.19841	0.16119	(1 component(s) constrained)
84	-2245.85	127008.14492	0.16119	(1 component(s) constrained)
85	-2246.23	127029.27225	0.16119	(1 component(s) constrained)
86	-2246.30	127035.24834	0.16119	(1 component(s) constrained)
87	-2246.25	127033.13444	0.16119	(1 component(s) constrained)
88	-2246.95	127005.11786	0.16119	(1 component(s) constrained)
89	-2246.98	127036.77428	0.16119	(1 component(s) constrained)
90	-2245.74	127042.16078	0.16119	(1 component(s) constrained)
91	-2246.71	127027.62589	0.16119	(1 component(s) constrained)
92	-2244.56	127029.85787	0.16119	(1 component(s) constrained)
93	-2247.51	127016.94192	0.16119	(1 component(s) constrained)
94	-2248.57	127025.21806	0.16119	(1 component(s) constrained)
95	-2247.33	127020.28404	0.16119	(1 component(s) constrained)
96	-2247.11	127016.13807	0.16119	(1 component(s) constrained)
97	-2247.22	127001.77923	0.16119	(1 component(s) constrained)
98	-2245.96	127007.19347	0.16119	(1 component(s) constrained)
99	-2246.08	127008.78719	0.16119	(1 component(s) constrained)
100	-2248.20	127044.54748	0.16119	(1 component(s) constrained)
101	-2247.29	127050.77283	0.16119	(1 component(s) constrained)
102	-2247.41	127009.06859	0.16119	(1 component(s) constrained)
103	-2246.97	127008.55278	0.16119	(1 component(s) constrained)
104	-2246.73	127006.49488	0.16119	(1 component(s) constrained)
105	-2246.30	127021.88591	0.16119	(1 component(s) constrained)
106	-2247.44	127008.69771	0.16119	(1 component(s) constrained)
107	-2246.44	127043.20151	0.16119	(1 component(s) constrained)
108	-2245.78	127010.91519	0.16119	(1 component(s) constrained)
109	-2247.04	127003.93580	0.16119	(1 component(s) constrained)
110	-2247.54	127005.66930	0.16119	(1 component(s) constrained)
111	-2247.16	127005.00113	0.16119	(1 component(s) constrained)
112	-2247.04	127000.72102	0.16119	(1 component(s) constrained)
113	-2245.44	127010.86328	0.16119	(1 component(s) constrained)
114	-2246.80	127014.57303	0.16119	(1 component(s) constrained)
115	-2248.00	126997.35303	0.16119	(1 component(s) constrained)
116	-2245.95	127027.61774	0.16119	(1 component(s) constrained)
117	-2245.88	127030.72162	0.16119	(1 component(s) constrained)
118	-2246.43	127050.26064	0.16119	(1 component(s) constrained)
119	-2245.20	127008.23714	0.16119	(1 component(s) constrained)
120	-2245.72	127011.08623	0.16119	(1 component(s) constrained)
121	-2246.99	126999.20076	0.16119	(1 component(s) constrained)
122	-2246.91	126988.86343	0.16119	(1 component(s) constrained)
123	-2246.71	127006.35017	0.16119	(1 component(s) constrained)
124	-2245.56	127045.19569	0.16119	(1 component(s) constrained)
125	-2244.75	127030.26403	0.16119	(1 component(s) constrained)
126	-2245.46	127025.57417	0.16119	(1 component(s) constrained)
127	-2247.19	127019.00862	0.16119	(1 component(s) constrained)
128	-2247.29	127017.36377	0.16119	(1 component(s) constrained)
129	-2245.49	127013.47125	0.16119	(1 component(s) constrained)
130	-2246.66	127012.81798	0.16119	(1 component(s) constrained)
131	-2246.92	127035.59911	0.16119	(1 component(s) constrained)
132	-2245.80	127026.57770	0.16119	(1 component(s) constrained)
133	-2247.22	127024.03291	0.16119	(1 component(s) constrained)
134	-2245.56	126994.31058	0.16119	(1 component(s) constrained)
135	-2246.88	127000.38646	0.16119	(1 component(s) constrained)
136	-2246.43	127008.34902	0.16119	(1 component(s) constrained)
137	-2246.16	127021.99364	0.16119	(1 component(s) constrained)
138	-2246.64	127039.93210	0.16119	(1 component(s) constrained)
139	-2244.97	126998.62269	0.16119	(1 component(s) constrained)
140	-2245.75	126996.31413	0.16119	(1 component(s) constrained)
141	-2246.76	127001.96685	0.16119	(1 component(s) constrained)
142	-2246.53	127001.62624	0.16119	(1 component(s) constrained)
143	-2246.73	127042.79358	0.16119	(1 component(s) constrained)
144	-2246.28	127032.19432	0.16119	(1 component(s) constrained)
145	-2245.93	127024.79170	0.16119	(1 component(s) constrained)
146	-2247.23	127015.47180	0.16119	(1 component(s) constrained)
147	-2245.97	127035.32355	0.16119	(1 component(s) constrained)
148	-2247.26	127023.08773	0.16119	(1 component(s) constrained)
149	-2246.95	127027.76966	0.16119	(1 component(s) constrained)
150	-2245.56	127000.14569	0.16119	(1 component(s) constrained)
151	-2246.18	127000.82942	0.16119	(1 component(s) constrained)
152	-2246.65	126988.53323	0.16119	(1 component(s) constrained)
153	-2246.76	127019.91604	0.16119	(1 component(s) constrained)
154	-2248.20	127017.96956	0.16119	(1 component(s) constrained)
155	-2247.24	127019.11872	0.16119	(1 component(s) constrained)
156	-2245.30	127030.85578	0.16119	(1 component(s) constrained)
157	-2245.40	127021.83766	0.16119	(1 component(s) constrained)
158	-2247.11	127025.33639	0.16119	(1 component(s) constrained)
159	-2248.70	127030.43551	0.16119	(1 component(s) constrained)
160	-2247.59	126992.15509	0.16119	(1 component(s) constrained)
161	-2246.41	126992.12111	0.16119	(1 component(s) constrained)
162	-2247.08	127000.57464	0.16119	(1 component(s) constrained)
163	-2246.50	127065.49853	0.16119	(1 component(s) constrained)
164	-2247.51	127032.07559	0.16119	(1 component(s) constrained)
165	-2246.86	127029.71505	0.16119	(1 component(s) constrained)
166	-2246.19	127024.27225	0.16119	(1 component(s) constrained)
167	-2245.22	127034.78943	0.16119	(1 component(s) constrained)
168	-2246.42	127000.74997	0.16119	(1 component(s) constrained)
169	-2246.58	127049.55632	0.16119	(1 component(s) constrained)
170	-2246.33	126998.92354	0.16119	(1 component(s) constrained)
171	-2247.53	127039.74592	0.16119	(1 component(s) constrained)
172	-2246.40	127005.79113	0.16119	(1 component(s) constrained)
173	-2247.88	127004.97059	0.16119	(1 component(s) constrained)
174	-2246.82	127006.05694	0.16119	(1 component(s) constrained)
175	-2246.50	127008.11829	0.16119	(1 component(s) constrained)
176	-2248.63	127028.76618	0.16119	(1 component(s) constrained)
177	-2245.99	126997.71656	0.16119	(1 component(s) constrained)
178	-2246.31	127006.09278	0.16119	(1 component(s) constrained)
179	-2246.01	127003.06555	0.16119	(1 component(s) constrained)
180	-2248.04	127033.25841	0.16119	(1 component(s) constrained)
181	-2248.73	127001.34745	0.16119	(1 component(s) constrained)
182	-2245.09	127022.07219	0.16119	(1 component(s) constrained)
183	-2245.17	127019.33560	0.16119	(1 component(s) constrained)
184	-2245.95	127000.52146	0.16119	(1 component(s) constrained)
185	-2246.91	127012.88050	0.16119	(1 component(s) constrained)
186	-2245.36	126972.86919	0.16119	(1 component(s) constrained)
187	-2247.22	126986.73666	0.16119	(1 component(s) constrained)
188	-2247.55	127009.15469	0.16119	(1 component(s) constrained)
189	-2247.37	127049.77390	0.16119	(1 component(s) constrained)
190	-2246.93	127016.89483	0.16119	(1 component(s) constrained)
191	-2246.06	126994.27297	0.16119	(1 component(s) constrained)
192	-2246.17	127024.74152	0.16119	(1 component(s) constrained)
193	-2245.40	126980.75420	0.16119	(1 component(s) constrained)
194	-2246.68	126985.97837	0.16119	(1 component(s) constrained)
195	-2246.11	127029.74372	0.16119	(1 component(s) constrained)
196	-2247.04	127012.84284	0.16119	(1 component(s) constrained)
197	-2247.84	127010.67006	0.16119	(1 component(s) constrained)
198	-2245.38	127047.03200	0.16119	(1 component(s) constrained)
199	-2246.65	127033.34053	0.16119	(1 component(s) constrained)
200	-2245.64	127041.57808	0.16119	(1 component(s) constrained)
201	-2247.64	127030.81879	0.16119	(1 component(s) constrained)
202	-2248.16	127014.29079	0.16119	(1 component(s) constrained)
203	-2244.59	127021.14824	0.16119	(1 component(s) constrained)
204	-2246.62	127028.17222	0.16119	(1 component(s) constrained)
205	-2245.90	126999.13379	0.16119	(1 component(s) constrained)
206	-2245.02	127008.12874	0.16119	(1 component(s) constrained)
207	-2247.41	126986.57254	0.16119	(1 component(s) constrained)
208	-2247.62	127011.42898	0.16119	(1 component(s) constrained)
209	-2246.39	126993.12524	0.16119	(1 component(s) constrained)
210	-2245.94	127002.25734	0.16119	(1 component(s) constrained)
211	-2247.74	127020.73595	0.16119	(1 component(s) constrained)
212	-2246.17	127014.21401	0.16119	(1 component(s) constrained)
213	-2245.88	127012.13121	0.16119	(1 component(s) constrained)
214	-2246.20	127001.21867	0.16119	(1 component(s) constrained)
215	-2245.79	127033.61732	0.16119	(1 component(s) constrained)
216	-2247.39	127024.04467	0.16119	(1 component(s) constrained)
217	-2247.18	127038.21839	0.16119	(1 component(s) constrained)
218	-2245.97	127017.20753	0.16119	(1 component(s) constrained)
219	-2246.59	127009.18097	0.16119	(1 component(s) constrained)
220	-2246.38	127017.22162	0.16119	(1 component(s) constrained)
221	-2246.69	126992.14018	0.16119	(1 component(s) constrained)
222	-2246.93	127014.04320	0.16119	(1 component(s) constrained)
223	-2246.12	127027.00210	0.16119	(1 component(s) constrained)
224	-2247.23	126999.88525	0.16119	(1 component(s) constrained)
225	-2244.91	127014.72067	0.16119	(1 component(s) constrained)
226	-2245.89	127002.48258	0.16119	(1 component(s) constrained)
227	-2244.86	127022.55993	0.16119	(1 component(s) constrained)
228	-2245.67	127026.15534	0.16119	(1 component(s) constrained)
229	-2246.79	127027.45432	0.16119	(1 component(s) constrained)
230	-2245.21	127026.79723	0.16119	(1 component(s) constrained)
231	-2246.29	127020.73411	0.16119	(1 component(s) constrained)
232	-2245.42	127017.67461	0.16119	(1 component(s) constrained)
233	-2245.92	127019.90637	0.16119	(1 component(s) constrained)
234	-2246.95	126998.99827	0.16119	(1 component(s) constrained)
235	-2246.76	126988.44918	0.16119	(1 component(s) constrained)
236	-2247.64	127023.23760	0.16119	(1 component(s) constrained)
237	-2246.41	126989.29600	0.16119	(1 component(s) constrained)
238	-2248.22	126996.95229	0.16119	(1 component(s) constrained)
239	-2246.99	127012.13854	0.16119	(1 component(s) constrained)
240	-2244.84	127008.51492	0.16119	(1 component(s) constrained)
241	-2246.37	127014.27327	0.16119	(1 component(s) constrained)
242	-2246.93	127029.11625	0.16119	(1 component(s) constrained)
243	-2247.08	127021.64332	0.16119	(1 component(s) constrained)
244	-2245.41	127021.19632	0.16119	(1 component(s) constrained)
245	-2244.96	127015.78553	0.16119	(1 component(s) constrained)
246	-2247.41	127033.57515	0.16119	(1 component(s) constrained)
247	-2245.29	127012.71805	0.16119	(1 component(s) constrained)
248	-2245.73	127010.28388	0.16119	(1 component(s) constrained)
249	-2246.41	127016.97644	0.16119	(1 component(s) constrained)
250	-2245.60	127008.95853	0.16119	(1 component(s) constrained)
251	-2247.50	127022.65267	0.16119	(1 component(s) constrained)
252	-2247.26	127005.98180	0.16119	(1 component(s) constrained)
253	-2247.81	127008.58059	0.16119	(1 component(s) constrained)
254	-2247.54	127030.29941	0.16119	(1 component(s) constrained)
255	-2247.01	127043.89939	0.16119	(1 component(s) constrained)
256	-2246.81	126998.39373	0.16119	(1 component(s) constrained)
257	-2247.45	127002.22207	0.16119	(1 component(s) constrained)
258	-2245.94	127031.74499	0.16119	(1 component(s) constrained)
259	-2245.74	127022.78705	0.16119	(1 component(s) constrained)
260	-2248.24	127027.91877	0.16119	(1 component(s) constrained)
261	-2245.62	126996.61476	0.16119	(1 component(s) constrained)
262	-2246.70	127014.90049	0.16119	(1 component(s) constrained)
263	-2245.05	127015.04425	0.16119	(1 component(s) constrained)
264	-2246.06	127011.44820	0.16119	(1 component(s) constrained)
265	-2245.26	127015.51489	0.16119	(1 component(s) constrained)
266	-2246.74	126996.92075	0.16119	(1 component(s) constrained)
267	-2246.72	127021.98558	0.16119	(1 component(s) constrained)
268	-2245.37	127033.59995	0.16119	(1 component(s) constrained)
269	-2245.25	127033.14415	0.16119	(1 component(s) constrained)
270	-2246.87	127033.04858	0.16119	(1 component(s) constrained)
271	-2247.35	127040.42487	0.16119	(1 component(s) constrained)
272	-2246.89	127015.88849	0.16119	(1 component(s) constrained)
273	-2246.57	127034.57617	0.16119	(1 component(s) constrained)
274	-2246.14	127022.06589	0.16119	(1 component(s) constrained)
275	-2247.47	126975.13254	0.16119	(1 component(s) constrained)
276	-2245.53	126999.56549	0.16119	(1 component(s) constrained)
277	-2246.09	127000.37915	0.16119	(1 component(s) constrained)
278	-2245.11	127031.45363	0.16119	(1 component(s) constrained)
279	-2245.54	127024.60747	0.16119	(1 component(s) constrained)
280	-2246.29	127016.17245	0.16119	(1 component(s) constrained)
281	-2245.56	127006.25087	0.16119	(1 component(s) constrained)
282	-2246.18	127009.21589	0.16119	(1 component(s) constrained)
283	-2246.15	127028.12288	0.16119	(1 component(s) constrained)
284	-2247.43	127022.08317	0.16119	(1 component(s) constrained)
285	-2247.68	127055.62095	0.16119	(1 component(s) constrained)
286	-2246.93	127039.94819	0.16119	(1 component(s) constrained)
287	-2245.51	127012.05709	0.16119	(1 component(s) constrained)
288	-2245.37	127010.33919	0.16119	(1 component(s) constrained)
289	-2246.33	126991.58271	0.16119	(1 component(s) constrained)
290	-2246.90	127028.99628	0.16119	(1 component(s) constrained)
291	-2246.57	126987.74630	0.16119	(1 component(s) constrained)
292	-2247.03	127042.09785	0.16119	(1 component(s) constrained)
293	-2247.68	127018.72852	0.16119	(1 component(s) constrained)
294	-2246.51	127000.95276	0.16119	(1 component(s) constrained)
295	-2246.17	127008.19805	0.16119	(1 component(s) constrained)
296	-2246.49	126996.65949	0.16119	(1 component(s) constrained)
297	-2246.77	127042.67586	0.16119	(1 component(s) constrained)
298	-2247.86	127036.49333	0.16119	(1 component(s) constrained)
299	-2245.07	126999.65476	0.16119	(1 component(s) constrained)
300	-2246.50	127007.32746	0.16119	(1 component(s) constrained)
301	-2248.02	127018.15385	0.16119	(1 component(s) constrained)
302	-2246.39	127017.59005	0.16119	(1 component(s) constrained)
303	-2245.25	127019.05879	0.16119	(1 component(s) constrained)
304	-2247.43	127023.50892	0.16119	(1 component(s) constrained)
305	-2246.82	127027.88419	0.16119	(1 component(s) constrained)
306	-2247.85	127004.70130	0.16119	(1 component(s) constrained)
307	-2246.32	127015.26717	0.16119	(1 component(s) constrained)
308	-2247.94	127015.51656	0.16119	(1 component(s) constrained)
309	-2243.46	127023.45860	0.16119	(1 component(s) constrained)
310	-2246.90	127021.78723	0.16119	(1 component(s) constrained)
311	-2246.89	127018.75347	0.16119	(1 component(s) constrained)
312	-2245.11	127026.44680	0.16119	(1 component(s) constrained)
313	-2246.22	127029.52603	0.16119	(1 component(s) constrained)
314	-2248.67	126993.70739	0.16119	(1 component(s) constrained)
315	-2244.08	127008.72489	0.16119	(1 component(s) constrained)
316	-2246.91	127002.73843	0.16119	(1 component(s) constrained)
317	-2246.81	127037.28384	0.16119	(1 component(s) constrained)
318	-2247.15	127028.48471	0.16119	(1 component(s) constrained)
319	-2245.34	127028.98655	0.16119	(1 component(s) constrained)
320	-2246.17	127026.87120	0.16119	(1 component(s) constrained)
321	-2247.21	127008.19583	0.16119	(1 component(s) constrained)
322	-2247.85	127023.31957	0.16119	(1 component(s) constrained)
323	-2247.07	127017.47224	0.16119	(1 component(s) constrained)
324	-2246.60	127019.95558	0.16119	(1 component(s) constrained)
325	-2247.91	127001.90422	0.16119	(1 component(s) constrained)
326	-2246.63	127001.98103	0.16119	(1 component(s) constrained)
327	-2247.12	127014.63674	0.16119	(1 component(s) constrained)
328	-2247.15	127054.08615	0.16119	(1 component(s) constrained)
329	-2246.35	127020.53546	0.16119	(1 component(s) constrained)
330	-2247.40	126990.73902	0.16119	(1 component(s) constrained)
331	-2245.49	127010.04135	0.16119	(1 component(s) constrained)
332	-2245.08	127003.68659	0.16119	(1 component(s) constrained)
333	-2246.27	127023.89727	0.16119	(1 component(s) constrained)
334	-2244.81	127008.77658	0.16119	(1 component(s) constrained)
335	-2245.66	127003.75265	0.16119	(1 component(s) constrained)
336	-2245.76	126991.03560	0.16119	(1 component(s) constrained)
337	-2245.88	127037.26544	0.16119	(1 component(s) constrained)
338	-2247.01	127013.44277	0.16119	(1 component(s) constrained)
339	-2246.06	127037.15759	0.16119	(1 component(s) constrained)
340	-2249.59	126974.54210	0.16119	(1 component(s) constrained)
341	-2246.28	127000.53521	0.16119	(1 component(s) constrained)
342	-2246.46	127009.19047	0.16119	(1 component(s) constrained)
343	-2246.21	127022.72059	0.16119	(1 component(s) constrained)
344	-2246.76	127000.11253	0.16119	(1 component(s) constrained)
345	-2245.28	127036.80728	0.16119	(1 component(s) constrained)
346	-2248.90	127029.66778	0.16119	(1 component(s) constrained)
347	-2246.70	127005.77814	0.16119	(1 component(s) constrained)
348	-2245.52	127006.27441	0.16119	(1 component(s) constrained)
349	-2247.54	127010.33758	0.16119	(1 component(s) constrained)
350	-2246.21	127020.10112	0.16119	(1 component(s) constrained)
351	-2245.94	127019.37833	0.16119	(1 component(s) constrained)
352	-2245.44	127005.12756	0.16119	(1 component(s) constrained)
353	-2247.88	127014.98661	0.16119	(1 component(s) constrained)
354	-2246.54	127038.13963	0.16119	(1 component(s) constrained)
355	-2248.10	127027.70933	0.16119	(1 component(s) constrained)
356	-2247.20	127040.33378	0.16119	(1 component(s) constrained)
357	-2244.94	127002.50881	0.16119	(1 component(s) constrained)
358	-2245.09	127015.91169	0.16119	(1 component(s) constrained)
359	-2245.84	127011.85986	0.16119	(1 component(s) constrained)
360	-2246.12	127009.16103	0.16119	(1 component(s) constrained)
361	-2245.52	126996.07564	0.16119	(1 component(s) constrained)
362	-2247.61	127012.67847	0.16119	(1 component(s) constrained)
363	-2246.40	127035.74463	0.16119	(1 component(s) constrained)
364	-2245.14	127024.69568	0.16119	(1 component(s) constrained)
365	-2246.23	127017.99541	0.16119	(1 component(s) constrained)
366	-2246.95	127027.57652	0.16119	(1 component(s) constrained)
367	-2246.92	127026.04246	0.16119	(1 component(s) constrained)
368	-2245.36	127019.35778	0.16119	(1 component(s) constrained)
369	-2245.82	127019.67709	0.16119	(1 component(s) constrained)
370	-2247.10	127054.97593	0.16119	(1 component(s) constrained)
371	-2246.32	127003.77266	0.16119	(1 component(s) constrained)
372	-2246.29	127020.02199	0.16119	(1 component(s) constrained)
373	-2246.16	127014.64353	0.16119	(1 component(s) constrained)
374	-2247.56	127047.19865	0.16119	(1 component(s) constrained)
375	-2245.99	127027.19858	0.16119	(1 component(s) constrained)
376	-2244.97	127009.44788	0.16119	(1 component(s) constrained)
377	-2246.05	127016.59114	0.16119	(1 component(s) constrained)
378	-2245.00	127014.35912	0.16119	(1 component(s) constrained)
379	-2245.23	127012.45903	0.16119	(1 component(s) constrained)
380	-2245.84	127026.40345	0.16119	(1 component(s) constrained)
381	-2245.93	127054.53936	0.16119	(1 component(s) constrained)
382	-2246.25	127000.58827	0.16119	(1 component(s) constrained)
383	-2245.46	127014.73259	0.16119	(1 component(s) constrained)
384	-2246.70	127032.29905	0.16119	(1 component(s) constrained)
385	-2247.55	127016.70064	0.16119	(1 component(s) constrained)
386	-2246.84	127028.93563	0.16119	(1 component(s) constrained)
387	-2244.33	127014.80841	0.16119	(1 component(s) constrained)
388	-2246.65	127008.13209	0.16119	(1 component(s) constrained)
389	-2246.85	127029.01839	0.16119	(1 component(s) constrained)
390	-2244.94	126994.68811	0.16119	(1 component(s) constrained)
391	-2246.73	127000.32046	0.16119	(1 component(s) constrained)
392	-2245.02	127011.92580	0.16119	(1 component(s) constrained)
393	-2245.86	127025.09691	0.16119	(1 component(s) constrained)
394	-2245.77	127005.76433	0.16119	(1 component(s) constrained)
395	-2248.63	127001.36706	0.16119	(1 component(s) constrained)
396	-2246.77	126992.04171	0.16119	(1 component(s) constrained)
397	-2246.05	126996.90350	0.16119	(1 component(s) constrained)
398	-2247.08	127014.59886	0.16119	(1 component(s) constrained)
399	-2246.76	126996.95249	0.16119	(1 component(s) constrained)
400	-2247.09	127016.29681	0.16119	(1 component(s) constrained)
401	-2247.15	127001.74677	0.16119	(1 component(s) constrained)
402	-2246.72	127040.51656	0.16119	(1 component(s) constrained)
403	-2246.03	127022.27030	0.16119	(1 component(s) constrained)
404	-2246.62	127019.08397	0.16119	(1 component(s) constrained)
405	-2246.44	126998.58697	0.16119	(1 component(s) constrained)
406	-2247.59	127047.95252	0.16119	(1 component(s) constrained)
407	-2246.28	127036.19342	0.16119	(1 component(s) constrained)
408	-2247.60	127038.78960	0.16119	(1 component(s) constrained)
409	-2246.89	126987.22297	0.16119	(1 component(s) constrained)
410	-2247.97	127000.66841	0.16119	(1 component(s) constrained)
411	-2245.78	127000.19448	0.16119	(1 component(s) constrained)
412	-2246.44	127003.58795	0.16119	(1 component(s) constrained)
413	-2246.62	127044.75341	0.16119	(1 component(s) constrained)
414	-2246.54	127027.23692	0.16119	(1 component(s) constrained)
415	-2245.89	127017.90077	0.16119	(1 component(s) constrained)
416	-2245.07	127033.24914	0.16119	(1 component(s) constrained)
417	-2247.60	127026.16908	0.16119	(1 component(s) constrained)
418	-2247.27	127040.78718	0.16119	(1 component(s) constrained)
419	-2246.69	127051.84362	0.16119	(1 component(s) constrained)
420	-2245.11	127005.60691	0.16119	(1 component(s) constrained)
421	-2246.75	127002.49658	0.16119	(1 component(s) constrained)
422	-2247.04	127016.59204	0.16119	(1 component(s) constrained)
423	-2247.91	127031.31741	0.16119	(1 component(s) constrained)
424	-2246.64	127033.63953	0.16119	(1 component(s) constrained)
425	-2247.03	127033.94503	0.16119	(1 component(s) constrained)
426	-2246.25	127045.85991	0.16119	(1 component(s) constrained)
427	-2247.61	127027.46890	0.16119	(1 component(s) constrained)
428	-2245.92	127032.46992	0.16119	(1 component(s) constrained)
429	-2246.91	127026.24705	0.16119	(1 component(s) constrained)
430	-2246.62	126994.17045	0.16119	(1 component(s) constrained)
431	-2246.07	127004.84080	0.16119	(1 component(s) constrained)
432	-2244.98	127015.80083	0.16119	(1 component(s) constrained)
433	-2244.94	127008.77012	0.16119	(1 component(s) constrained)
434	-2244.96	126987.73427	0.16119	(1 component(s) constrained)
435	-2246.20	126990.83954	0.16119	(1 component(s) constrained)
436	-2246.60	127031.78608	0.16119	(1 component(s) constrained)
437	-2247.51	127014.39745	0.16119	(1 component(s) constrained)
438	-2248.08	127036.05984	0.16119	(1 component(s) constrained)
439	-2246.11	127028.63696	0.16119	(1 component(s) constrained)
440	-2245.74	127031.08340	0.16119	(1 component(s) constrained)
441	-2244.89	127053.40284	0.16119	(1 component(s) constrained)
442	-2247.16	127030.25070	0.16119	(1 component(s) constrained)
443	-2246.82	127023.68587	0.16119	(1 component(s) constrained)
444	-2247.65	127020.09354	0.16119	(1 component(s) constrained)
445	-2245.44	127025.01615	0.16119	(1 component(s) constrained)
446	-2246.75	127022.28419	0.16119	(1 component(s) constrained)
447	-2248.61	127009.42541	0.16119	(1 component(s) constrained)
448	-2245.73	127018.48583	0.16119	(1 component(s) constrained)
449	-2246.57	127017.35012	0.16119	(1 component(s) constrained)
450	-2246.33	127008.77247	0.16119	(1 component(s) constrained)
451	-2247.09	126983.33188	0.16119	(1 component(s) constrained)
452	-2246.17	126999.61856	0.16119	(1 component(s) constrained)
453	-2245.81	127019.91183	0.16119	(1 component(s) constrained)
454	-2246.82	126998.34674	0.16119	(1 component(s) constrained)
455	-2246.25	127000.55883	0.16119	(1 component(s) constrained)
456	-2247.28	127013.66604	0.16119	(1 component(s) constrained)
457	-2245.57	127013.09888	0.16119	(1 component(s) constrained)
458	-2246.40	127010.70574	0.16119	(1 component(s) constrained)
459	-2248.53	127001.84488	0.16119	(1 component(s) constrained)
460	-2246.92	126999.26202	0.16119	(1 component(s) constrained)
461	-2246.24	127017.87887	0.16119	(1 component(s) constrained)
462	-2246.14	127030.51326	0.16119	(1 component(s) constrained)
463	-2247.77	127013.55186	0.16119	(1 component(s) constrained)
464	-2245.83	127037.14393	0.16119	(1 component(s) constrained)
465	-2246.16	127034.16851	0.16119	(1 component(s) constrained)
466	-2247.04	127050.64306	0.16119	(1 component(s) constrained)
467	-2245.75	126998.94051	0.16119	(1 component(s) constrained)
468	-2247.34	127000.21985	0.16119	(1 component(s) constrained)
469	-2247.10	127007.96030	0.16119	(1 component(s) constrained)
470	-2246.35	127019.97318	0.16119	(1 component(s) constrained)
471	-2245.91	126999.95409	0.16119	(1 component(s) constrained)
472	-2246.92	127013.13857	0.16119	(1 component(s) constrained)
473	-2245.35	127013.04246	0.16119	(1 component(s) constrained)
474	-2247.57	127020.06256	0.16119	(1 component(s) constrained)
475	-2245.01	127020.25388	0.16119	(1 component(s) constrained)
476	-2246.61	127017.23696	0.16119	(1 component(s) constrained)
477	-2246.42	127034.41804	0.16119	(1 component(s) constrained)
478	-2245.99	127046.35057	0.16119	(1 component(s) constrained)
479	-2245.25	127029.38252	0.16119	(1 component(s) constrained)
480	-2246.34	126992.18871	0.16119	(1 component(s) constrained)
481	-2246.79	126996.80349	0.16119	(1 component(s) constrained)
482	-2246.43	127021.94568	0.16119	(1 component(s) constrained)
483	-2244.39	127042.64271	0.16119	(1 component(s) constrained)
484	-2247.66	127028.13392	0.16119	(1 component(s) constrained)
485	-2246.99	127028.07605	0.16119	(1 component(s) constrained)
486	-2246.27	127019.84111	0.16119	(1 component(s) constrained)
487	-2246.20	127021.55837	0.16119	(1 component(s) constrained)
488	-2247.50	127036.65881	0.16119	(1 component(s) constrained)
489	-2245.23	126999.78628	0.16119	(1 component(s) constrained)
490	-2247.80	127008.36695	0.16119	(1 component(s) constrained)
491	-2246.68	127008.22743	0.16119	(1 component(s) constrained)
492	-2246.59	127013.32365	0.16119	(1 component(s) constrained)
493	-2244.98	127014.71378	0.16119	(1 component(s) constrained)
494	-2246.72	127015.17543	0.16119	(1 component(s) constrained)
495	-2245.22	127008.97464	0.16119	(1 component(s) constrained)
496	-2246.27	127021.45774	0.16119	(1 component(s) constrained)
497	-2246.51	127068.45942	0.16119	(1 component(s) constrained)
498	-2246.65	127011.80086	0.16119	(1 component(s) constrained)
499	-2247.67	127024.69048	0.16119	(1 component(s) constrained)
500	-2245.77	126989.80674	0.16119	(1 component(s) constrained)
501	-2246.47	127002.41044	0.16119	(1 component(s) constrained)
502	-2244.39	127021.24234	0.16119	(1 component(s) constrained)
503	-2246.86	127027.10987	0.16119	(1 component(s) constrained)
504	-2247.56	126995.99147	0.16119	(1 component(s) constrained)
505	-2245.14	127024.06947	0.16119	(1 component(s) constrained)
506	-2248.42	127019.19096	0.16119	(1 component(s) constrained)
507	-2247.67	127022.76727	0.16119	(1 component(s) constrained)
508	-2246.26	127042.79919	0.16119	(1 component(s) constrained)
509	-2245.14	127034.82852	0.16119	(1 component(s) constrained)
510	-2246.32	127027.11772	0.16119	(1 component(s) constrained)
511	-2245.49	127000.05108	0.16119	(1 component(s) constrained)
512	-2246.68	126987.74789	0.16119	(1 component(s) constrained)
513	-2246.34	126992.45214	0.16119	(1 component(s) constrained)
514	-2245.73	127017.39614	0.16119	(1 component(s) constrained)
515	-2247.22	127008.53109	0.16119	(1 component(s) constrained)
516	-2247.48	127030.47298	0.16119	(1 component(s) constrained)
517	-2246.38	127004.73529	0.16119	(1 component(s) constrained)
518	-2246.52	127004.52518	0.16119	(1 component(s) constrained)
519	-2245.79	126998.41085	0.16119	(1 component(s) constrained)
520	-2246.10	127049.19451	0.16119	(1 component(s) constrained)
521	-2246.07	127018.21771	0.16119	(1 component(s) constrained)
522	-2246.61	127025.27371	0.16119	(1 component(s) constrained)
523	-2245.91	127045.31164	0.16119	(1 component(s) constrained)
524	-2247.68	127022.70105	0.16119	(1 component(s) constrained)
525	-2245.94	126983.83643	0.16119	(1 component(s) constrained)
526	-2247.26	126993.59967	0.16119	(1 component(s) constrained)
527	-2246.80	127040.11493	0.16119	(1 component(s) constrained)
528	-2247.22	127064.99982	0.16119	(1 component(s) constrained)
529	-2246.49	127004.98002	0.16119	(1 component(s) constrained)
530	-2246.33	127021.80220	0.16119	(1 component(s) constrained)
531	-2246.36	127004.97662	0.16119	(1 component(s) constrained)
532	-2246.40	126990.63134	0.16119	(1 component(s) constrained)
533	-2244.00	127019.10077	0.16119	(1 component(s) constrained)
534	-2245.91	127024.23085	0.16119	(1 component(s) constrained)
535	-2246.78	127007.18911	0.16119	(1 component(s) constrained)
536	-2247.43	126999.08332	0.16119	(1 component(s) constrained)
537	-2246.43	127043.10601	0.16119	(1 component(s) constrained)
538	-2244.39	127033.87569	0.16119	(1 component(s) constrained)
539	-2247.34	127025.62547	0.16119	(1 component(s) constrained)
540	-2245.99	127007.93941	0.16119	(1 component(s) constrained)
541	-2245.86	127002.40513	0.16119	(1 component(s) constrained)
542	-2246.58	127063.76640	0.16119	(1 component(s) constrained)
543	-2245.88	127035.60216	0.16119	(1 component(s) constrained)
544	-2246.92	127038.65356	0.16119	(1 component(s) constrained)
545	-2245.20	127022.49366	0.16119	(1 component(s) constrained)
546	-2245.89	127029.00828	0.16119	(1 component(s) constrained)
547	-2246.58	126984.92669	0.16119	(1 component(s) constrained)
548	-2245.94	127030.21160	0.16119	(1 component(s) constrained)
549	-2244.81	127024.56735	0.16119	(1 component(s) constrained)
550	-2246.20	127031.58152	0.16119	(1 component(s) constrained)
551	-2245.97	127052.66887	0.16119	(1 component(s) constrained)
552	-2245.76	126998.83630	0.16119	(1 component(s) constrained)
553	-2247.03	127018.10666	0.16119	(1 component(s) constrained)
554	-2245.12	127029.32746	0.16119	(1 component(s) constrained)
555	-2248.27	127023.02821	0.16119	(1 component(s) constrained)
556	-2245.95	126996.49471	0.16119	(1 component(s) constrained)
557	-2248.67	127008.94385	0.16119	(1 component(s) constrained)
558	-2247.68	127015.16157	0.16119	(1 component(s) constrained)
559	-2245.23	127033.80860	0.16119	(1 component(s) constrained)
560	-2246.34	127026.07988	0.16119	(1 component(s) constrained)
561	-2246.54	127057.45341	0.16119	(1 component(s) constrained)
562	-2246.76	127036.26381	0.16119	(1 component(s) constrained)
563	-2246.71	127006.11332	0.16119	(1 component(s) constrained)
564	-2246.77	127032.41236	0.16119	(1 component(s) constrained)
565	-2246.91	127016.68049	0.16119	(1 component(s) constrained)
566	-2246.43	127025.57568	0.16119	(1 component(s) constrained)
567	-2245.85	127003.28495	0.16119	(1 component(s) constrained)
568	-2246.27	127001.23526	0.16119	(1 component(s) constrained)
569	-2248.64	127011.84596	0.16119	(1 component(s) constrained)
570	-2248.35	127026.37035	0.16119	(1 component(s) constrained)
571	-2246.22	127011.04025	0.16119	(1 component(s) constrained)
572	-2246.39	127006.45383	0.16119	(1 component(s) constrained)
573	-2246.93	127023.94635	0.16119	(1 component(s) constrained)
574	-2247.55	127013.64082	0.16119	(1 component(s) constrained)
575	-2246.75	127017.30355	0.16119	(1 component(s) constrained)
576	-2246.75	127021.55047	0.16119	(1 component(s) constrained)
577	-2245.99	126997.52224	0.16119	(1 component(s) constrained)
578	-2245.71	127026.27711	0.16119	(1 component(s) constrained)
579	-2245.58	127021.22358	0.16119	(1 component(s) constrained)
580	-2246.14	126999.68520	0.16119	(1 component(s) constrained)
581	-2245.74	127031.54807	0.16119	(1 component(s) constrained)
582	-2245.53	127002.54735	0.16119	(1 component(s) constrained)
583	-2245.44	127022.99718	0.16119	(1 component(s) constrained)
584	-2246.95	127028.30477	0.16119	(1 component(s) constrained)
585	-2247.15	127035.75830	0.16119	(1 component(s) constrained)
586	-2245.24	127001.47850	0.16119	(1 component(s) constrained)
587	-2247.15	127018.54284	0.16119	(1 component(s) constrained)
588	-2246.31	127015.09707	0.16119	(1 component(s) constrained)
589	-2246.83	127024.30997	0.16119	(1 component(s) constrained)
590	-2246.47	127011.75407	0.16119	(1 component(s) constrained)
591	-2249.09	127031.16760	0.16119	(1 component(s) constrained)
592	-2246.43	127008.04821	0.16119	(1 component(s) constrained)
593	-2246.06	127009.65688	0.16119	(1 component(s) constrained)
594	-2248.19	127043.27998	0.16119	(1 component(s) constrained)
595	-2246.69	126999.01957	0.16119	(1 component(s) constrained)
596	-2246.30	127008.37496	0.16119	(1 component(s) constrained)
597	-2247.04	127034.50628	0.16119	(1 component(s) constrained)
598	-2247.27	127012.24922	0.16119	(1 component(s) constrained)
599	-2247.40	127016.73715	0.16119	(1 component(s) constrained)
600	-2244.54	127027.95019	0.16119	(1 component(s) constrained)
601	-2245.59	127015.89390	0.16119	(1 component(s) constrained)
602	-2245.41	127021.15632	0.16119	(1 component(s) constrained)
603	-2245.56	127017.87512	0.16119	(1 component(s) constrained)
604	-2245.72	127014.43959	0.16119	(1 component(s) constrained)
605	-2245.45	127002.24504	0.16119	(1 component(s) constrained)
606	-2247.25	126996.22852	0.16119	(1 component(s) constrained)
607	-2245.38	127008.61883	0.16119	(1 component(s) constrained)
608	-2246.82	127002.34390	0.16119	(1 component(s) constrained)
609	-2246.89	127027.73836	0.16119	(1 component(s) constrained)
610	-2245.65	127018.42719	0.16119	(1 component(s) constrained)
611	-2245.71	127019.07661	0.16119	(1 component(s) constrained)
612	-2244.33	127019.27221	0.16119	(1 component(s) constrained)
613	-2245.55	127015.69356	0.16119	(1 component(s) constrained)
614	-2245.91	127016.75231	0.16119	(1 component(s) constrained)
615	-2247.77	127022.82332	0.16119	(1 component(s) constrained)
616	-2246.51	127026.82402	0.16119	(1 component(s) constrained)
617	-2246.22	127027.92871	0.16119	(1 component(s) constrained)
618	-2246.53	127045.18279	0.16119	(1 component(s) constrained)
619	-2246.53	127023.52839	0.16119	(1 component(s) constrained)
620	-2246.32	127025.27621	0.16119	(1 component(s) constrained)
621	-2245.46	127047.44360	0.16119	(1 component(s) constrained)
622	-2245.23	127053.10139	0.16119	(1 component(s) constrained)
623	-2245.91	127015.30496	0.16119	(1 component(s) constrained)
624	-2246.22	127012.61380	0.16119	(1 component(s) constrained)
625	-2247.03	127039.23365	0.16119	(1 component(s) constrained)
626	-2246.10	127004.38454	0.16119	(1 component(s) constrained)
627	-2245.65	127052.84533	0.16119	(1 component(s) constrained)
628	-2246.60	127023.97716	0.16119	(1 component(s) constrained)
629	-2245.88	127024.28139	0.16119	(1 component(s) constrained)
630	-2246.10	127030.50235	0.16119	(1 component(s) constrained)
631	-2245.75	127019.56912	0.16119	(1 component(s) constrained)
632	-2246.13	127008.22748	0.16119	(1 component(s) constrained)
633	-2246.69	126973.51937	0.16119	(1 component(s) constrained)
634	-2246.39	127027.55358	0.16119	(1 component(s) constrained)
635	-2246.01	127004.66291	0.16119	(1 component(s) constrained)
636	-2247.03	127019.94377	0.16119	(1 component(s) constrained)
637	-2246.87	127012.94607	0.16119	(1 component(s) constrained)
638	-2245.79	126991.17984	0.16119	(1 component(s) constrained)
639	-2245.80	126996.52942	0.16119	(1 component(s) constrained)
Log-likelihood ratio converged.

Calculating the logLikelihood for the reduced model ...
(variance component 1 is dropped from the model)
Calculating prior values of variance components by EM-REML ...
Updated prior values: 127618.28435
logL: -2251.77210
Running AI-REML algorithm ...
Iter.	logL	V(e)	
1	-2247.13	127374.34266	
2	-2247.13	127208.27089	
3	-2247.13	126849.95208	
4	-2247.13	126850.95855	
5	-2247.13	126850.95856	
Log-likelihood ratio converged.

Summary result of REML analysis:
Source	Variance	SE
V(G)	126996.529421	126409.817496
V(e)	0.161189	125168.533366
Vp	126996.690610	9643.013791
V(G)/Vp	0.999999	0.985605

Sampling variance/covariance of the estimates of variance components:
1.597944e+10	-1.577681e+10	
-1.577681e+10	1.566716e+10	
Estimatesof fixed effects:

Source	Estimate	SE
mean	1793.269021	40.233072
X_2	-57.741213	38.112497
X_3	-176.994658	72.824593
X_4	-259.040952	64.082088
X_5	-269.300348	75.228044
X_6	-101.410233	65.821962
X_7	-428.452324	56.376162
X_8	208.582397	76.648137

Summary result of REML analysis has been saved in the file [/raid/genevol/users/lucas/heritability/03.Heritability/Results/V3/HLA-A/NAfrHLA-A1.hsq].

Analysis finished at 23:25:52 -03 on Wed Jun 09 2021
Overall computational time: 9.36 sec.
