*******************************************************************
* Genome-wide Complex Trait Analysis (GCTA)
* version 1.93.2 beta Linux
* (C) 2010-present, Jian Yang, The University of Queensland
* Please report bugs to Jian Yang <jian.yang.qt@gmail.com>
*******************************************************************
Analysis started at 23:23:10 -03 on Wed Jun 09 2021.
Hostname: darwin

Accepted options:
--reml
--reml-alg 0
--reml-maxit 1000
--grm /scratch/genevol/users/lucas/V2/grmGeuvadis
--pheno /raid/genevol/users/lucas/heritability/02.GCTA/data/geneHLA-DPA1.txt
--covar /raid/genevol/users/lucas/heritability/02.GCTA/data/envir1.txt
--reml-est-fix
--out /raid/genevol/users/lucas/heritability/03.Heritability/Results/V2/HLA-DPA1/GeuvadisHLA-DPA11

Note: This is a multi-thread program. You could specify the number of threads by the --thread-num option to speed up the computation if there are multiple processors in your machine.

Reading IDs of the GRM from [/scratch/genevol/users/lucas/V2/grmGeuvadis.grm.id].
445 IDs read from [/scratch/genevol/users/lucas/V2/grmGeuvadis.grm.id].
Reading the GRM from [/scratch/genevol/users/lucas/V2/grmGeuvadis.grm.bin].
GRM for 445 individuals are included from [/scratch/genevol/users/lucas/V2/grmGeuvadis.grm.bin].
Reading phenotypes from [/raid/genevol/users/lucas/heritability/02.GCTA/data/geneHLA-DPA1.txt].
Non-missing phenotypes of 445 individuals are included from [/raid/genevol/users/lucas/heritability/02.GCTA/data/geneHLA-DPA1.txt].
Reading discrete covariate(s) from [/raid/genevol/users/lucas/heritability/02.GCTA/data/envir1.txt].
2 discrete covariate(s) of 445 individuals are included from [/raid/genevol/users/lucas/heritability/02.GCTA/data/envir1.txt].

2 discrete variable(s) included as covariate(s).
445 individuals are in common in these files.

Performing  REML analysis ... (Note: may take hours depending on sample size).
445 observations, 8 fixed effect(s), and 2 variance component(s)(including residual variance).
Calculating prior values of variance components by EM-REML ...
Updated prior values: 15106.3 15621.6
logL: -2481.11
Running AI-REML algorithm ...
Iter.	logL	V(G)	V(e)	
1	-2480.73	2226.74468	26259.09888	
2	-2475.47	2576.65319	25810.34949	
3	-2475.46	2514.86678	25871.50333	
4	-2475.46	2423.82801	25962.83413	
5	-2475.46	2479.73931	25908.41197	
6	-2475.46	2446.49175	25940.88317	
7	-2475.46	2466.65429	25921.23413	
8	-2475.46	2454.56417	25933.03104	
9	-2475.46	2461.86456	25925.91320	
10	-2475.46	2457.47454	25930.19540	
11	-2475.46	2460.12108	25927.61457	
12	-2475.46	2458.52800	25929.16835	
Log-likelihood ratio converged.

Calculating the logLikelihood for the reduced model ...
(variance component 1 is dropped from the model)
Calculating prior values of variance components by EM-REML ...
Updated prior values: 28836.43104
logL: -2479.51690
Running AI-REML algorithm ...
Iter.	logL	V(e)	
1	-2478.60	28820.48978	
2	-2478.60	28786.03097	
3	-2478.60	28786.07212	
4	-2478.60	28786.07213	
Log-likelihood ratio converged.

Summary result of REML analysis:
Source	Variance	SE
V(G)	2458.528002	2265.373125
V(e)	25929.168352	2816.204059
Vp	28387.696355	1921.274792
V(G)/Vp	0.086605	0.079415

Sampling variance/covariance of the estimates of variance components:
5.131915e+06	-4.685812e+06	
-4.685812e+06	7.931005e+06	
Estimatesof fixed effects:

Source	Estimate	SE
mean	600.980688	18.629790
X_2	13.821805	16.197975
X_3	-70.065212	31.392315
X_4	-85.276541	27.575368
X_5	-79.649753	31.908139
X_6	10.560380	27.870738
X_7	-132.049170	23.922167
X_8	-1.175516	31.912841

Summary result of REML analysis has been saved in the file [/raid/genevol/users/lucas/heritability/03.Heritability/Results/V2/HLA-DPA1/GeuvadisHLA-DPA11.hsq].

Analysis finished at 23:23:11 -03 on Wed Jun 09 2021
Overall computational time: 1.07 sec.
