*******************************************************************
* Genome-wide Complex Trait Analysis (GCTA)
* version 1.93.2 beta Linux
* (C) 2010-present, Jian Yang, The University of Queensland
* Please report bugs to Jian Yang <jian.yang.qt@gmail.com>
*******************************************************************
Analysis started at 23:23:07 -03 on Wed Jun 09 2021.
Hostname: darwin

Accepted options:
--reml
--reml-alg 0
--reml-maxit 1000
--grm /scratch/genevol/users/lucas/V2/grmGeuvadis
--pheno /raid/genevol/users/lucas/heritability/02.GCTA/data/geneHLA-DPA1.txt
--covar /raid/genevol/users/lucas/heritability/02.GCTA/data/envir0.txt
--reml-est-fix
--out /raid/genevol/users/lucas/heritability/03.Heritability/Results/V2/HLA-DPA1/GeuvadisHLA-DPA10

Note: This is a multi-thread program. You could specify the number of threads by the --thread-num option to speed up the computation if there are multiple processors in your machine.

Reading IDs of the GRM from [/scratch/genevol/users/lucas/V2/grmGeuvadis.grm.id].
445 IDs read from [/scratch/genevol/users/lucas/V2/grmGeuvadis.grm.id].
Reading the GRM from [/scratch/genevol/users/lucas/V2/grmGeuvadis.grm.bin].
GRM for 445 individuals are included from [/scratch/genevol/users/lucas/V2/grmGeuvadis.grm.bin].
Reading phenotypes from [/raid/genevol/users/lucas/heritability/02.GCTA/data/geneHLA-DPA1.txt].
Non-missing phenotypes of 445 individuals are included from [/raid/genevol/users/lucas/heritability/02.GCTA/data/geneHLA-DPA1.txt].
Reading discrete covariate(s) from [/raid/genevol/users/lucas/heritability/02.GCTA/data/envir0.txt].
3 discrete covariate(s) of 445 individuals are included from [/raid/genevol/users/lucas/heritability/02.GCTA/data/envir0.txt].

3 discrete variable(s) included as covariate(s).
445 individuals are in common in these files.

Performing  REML analysis ... (Note: may take hours depending on sample size).
445 observations, 12 fixed effect(s), and 2 variance component(s)(including residual variance).
Calculating prior values of variance components by EM-REML ...
Updated prior values: 13958.3 14213.7
logL: -2428.95
Running AI-REML algorithm ...
Iter.	logL	V(G)	V(e)	
1	-2424.54	1223.33120	23772.60218	
2	-2417.61	0.03159	24133.54458	(1 component(s) constrained)
3	-2416.81	0.03159	23633.56581	(1 component(s) constrained)
4	-2416.66	0.03159	22605.85378	(1 component(s) constrained)
5	-2416.66	0.03159	22648.60056	(1 component(s) constrained)
6	-2416.65	0.03159	22648.68155	(1 component(s) constrained)
7	-2416.65	0.03159	22648.68155	(1 component(s) constrained)
Log-likelihood ratio converged.

Calculating the logLikelihood for the reduced model ...
(variance component 1 is dropped from the model)
Calculating prior values of variance components by EM-REML ...
Updated prior values: 23332.00076
logL: -2426.17227
Running AI-REML algorithm ...
Iter.	logL	V(e)	
1	-2416.62	23258.98913	
2	-2416.61	23209.43320	
3	-2416.61	23102.72853	
4	-2416.60	23103.21684	
5	-2416.60	23103.21685	
Log-likelihood ratio converged.

Summary result of REML analysis:
Source	Variance	SE
V(G)	0.031587	4287.428500
V(e)	22648.681554	4268.370003
Vp	22648.713141	1553.379844
V(G)/Vp	0.000001	0.189301

Sampling variance/covariance of the estimates of variance components:
1.838204e+07	-1.709402e+07	
-1.709402e+07	1.821898e+07	
Estimatesof fixed effects:

Source	Estimate	SE
mean	718.859455	22.435366
X_2	11.850255	14.562169
X_3	-52.431086	28.181652
X_4	-83.422262	24.727557
X_5	-89.916925	28.644050
X_6	3.049582	24.955972
X_7	-139.533117	21.428546
X_8	-6.477678	28.605542
X_9	-146.771910	22.603625
X_10	-212.718676	22.884630
X_11	-160.148992	22.517741
X_12	-53.440795	22.737865

Summary result of REML analysis has been saved in the file [/raid/genevol/users/lucas/heritability/03.Heritability/Results/V2/HLA-DPA1/GeuvadisHLA-DPA10.hsq].

Analysis finished at 23:23:08 -03 on Wed Jun 09 2021
Overall computational time: 0.98 sec.
