*******************************************************************
* Genome-wide Complex Trait Analysis (GCTA)
* version 1.93.2 beta Linux
* (C) 2010-present, Jian Yang, The University of Queensland
* Please report bugs to Jian Yang <jian.yang.qt@gmail.com>
*******************************************************************
Analysis started at 23:26:40 -03 on Wed Jun 09 2021.
Hostname: darwin

Accepted options:
--reml
--reml-alg 0
--reml-maxit 1000
--grm /scratch/genevol/users/lucas/V3/grmFull
--pheno /raid/genevol/users/lucas/heritability/02.GCTA/data/geneHLA-DPA1.txt
--covar /raid/genevol/users/lucas/heritability/02.GCTA/data/envir1.txt
--reml-est-fix
--out /raid/genevol/users/lucas/heritability/03.Heritability/Results/V3/HLA-DPA1/FullHLA-DPA11

Note: This is a multi-thread program. You could specify the number of threads by the --thread-num option to speed up the computation if there are multiple processors in your machine.

Reading IDs of the GRM from [/scratch/genevol/users/lucas/V3/grmFull.grm.id].
2504 IDs read from [/scratch/genevol/users/lucas/V3/grmFull.grm.id].
Reading the GRM from [/scratch/genevol/users/lucas/V3/grmFull.grm.bin].
GRM for 2504 individuals are included from [/scratch/genevol/users/lucas/V3/grmFull.grm.bin].
Reading phenotypes from [/raid/genevol/users/lucas/heritability/02.GCTA/data/geneHLA-DPA1.txt].
Non-missing phenotypes of 445 individuals are included from [/raid/genevol/users/lucas/heritability/02.GCTA/data/geneHLA-DPA1.txt].
Reading discrete covariate(s) from [/raid/genevol/users/lucas/heritability/02.GCTA/data/envir1.txt].
2 discrete covariate(s) of 445 individuals are included from [/raid/genevol/users/lucas/heritability/02.GCTA/data/envir1.txt].

2 discrete variable(s) included as covariate(s).
445 individuals are in common in these files.

Performing  REML analysis ... (Note: may take hours depending on sample size).
445 observations, 8 fixed effect(s), and 2 variance component(s)(including residual variance).
Calculating prior values of variance components by EM-REML ...
Updated prior values: 13513.4 14159.7
logL: -2482.47
Running AI-REML algorithm ...
Iter.	logL	V(G)	V(e)	
1	-2476.55	9869.19608	17410.18102	
2	-2474.99	8467.51248	18303.00771	
3	-2474.37	7799.26144	18573.91052	
4	-2474.11	6652.59972	18823.56121	
5	-2473.89	6906.54711	18531.77883	
6	-2473.89	6869.55793	18583.11743	
7	-2473.89	6876.27961	18573.83999	
8	-2473.89	6875.08283	18575.49248	
9	-2473.89	6875.29668	18575.19723	
Log-likelihood ratio converged.

Calculating the logLikelihood for the reduced model ...
(variance component 1 is dropped from the model)
Calculating prior values of variance components by EM-REML ...
Updated prior values: 28836.43104
logL: -2479.51690
Running AI-REML algorithm ...
Iter.	logL	V(e)	
1	-2478.60	28820.48978	
2	-2478.60	28786.03097	
3	-2478.60	28786.07212	
4	-2478.60	28786.07213	
Log-likelihood ratio converged.

Summary result of REML analysis:
Source	Variance	SE
V(G)	6875.296678	7208.775101
V(e)	18575.197231	10011.629213
Vp	25450.493909	3234.948591
V(G)/Vp	0.270144	0.311727

Sampling variance/covariance of the estimates of variance components:
5.196644e+07	-7.086713e+07	
-7.086713e+07	1.002327e+08	
Estimatesof fixed effects:

Source	Estimate	SE
mean	608.154581	22.339469
X_2	13.986392	16.134057
X_3	-70.281402	31.243786
X_4	-84.929471	27.444544
X_5	-80.352205	31.772913
X_6	10.090506	27.720962
X_7	-132.366349	23.808725
X_8	-2.215937	31.717290

Summary result of REML analysis has been saved in the file [/raid/genevol/users/lucas/heritability/03.Heritability/Results/V3/HLA-DPA1/FullHLA-DPA11.hsq].

Analysis finished at 23:26:42 -03 on Wed Jun 09 2021
Overall computational time: 1.45 sec.
