*******************************************************************
* Genome-wide Complex Trait Analysis (GCTA)
* version 1.93.2 beta Linux
* (C) 2010-present, Jian Yang, The University of Queensland
* Please report bugs to Jian Yang <jian.yang.qt@gmail.com>
*******************************************************************
Analysis started at 23:26:42 -03 on Wed Jun 09 2021.
Hostname: darwin

Accepted options:
--reml
--reml-alg 0
--reml-maxit 1000
--grm /scratch/genevol/users/lucas/V3/grmGeuvadis
--pheno /raid/genevol/users/lucas/heritability/02.GCTA/data/geneHLA-DPA1.txt
--covar /raid/genevol/users/lucas/heritability/02.GCTA/data/envir1.txt
--reml-est-fix
--out /raid/genevol/users/lucas/heritability/03.Heritability/Results/V3/HLA-DPA1/GeuvadisHLA-DPA11

Note: This is a multi-thread program. You could specify the number of threads by the --thread-num option to speed up the computation if there are multiple processors in your machine.

Reading IDs of the GRM from [/scratch/genevol/users/lucas/V3/grmGeuvadis.grm.id].
445 IDs read from [/scratch/genevol/users/lucas/V3/grmGeuvadis.grm.id].
Reading the GRM from [/scratch/genevol/users/lucas/V3/grmGeuvadis.grm.bin].
GRM for 445 individuals are included from [/scratch/genevol/users/lucas/V3/grmGeuvadis.grm.bin].
Reading phenotypes from [/raid/genevol/users/lucas/heritability/02.GCTA/data/geneHLA-DPA1.txt].
Non-missing phenotypes of 445 individuals are included from [/raid/genevol/users/lucas/heritability/02.GCTA/data/geneHLA-DPA1.txt].
Reading discrete covariate(s) from [/raid/genevol/users/lucas/heritability/02.GCTA/data/envir1.txt].
2 discrete covariate(s) of 445 individuals are included from [/raid/genevol/users/lucas/heritability/02.GCTA/data/envir1.txt].

2 discrete variable(s) included as covariate(s).
445 individuals are in common in these files.

Performing  REML analysis ... (Note: may take hours depending on sample size).
445 observations, 8 fixed effect(s), and 2 variance component(s)(including residual variance).
Calculating prior values of variance components by EM-REML ...
Updated prior values: 15132.1 15716.9
logL: -2481.79
Running AI-REML algorithm ...
Iter.	logL	V(G)	V(e)	
1	-2481.43	1777.05102	26537.08735	
2	-2475.46	2383.25888	25992.75759	
3	-2475.42	2301.38992	26076.06749	
4	-2475.42	2184.48440	26199.06567	
5	-2475.42	2257.55897	26128.26378	
6	-2475.42	2214.00850	26170.67869	
7	-2475.42	2240.71430	26144.75813	
8	-2475.42	2224.60052	26160.42846	
9	-2475.42	2234.42291	26150.88805	
10	-2475.42	2228.47160	26156.67270	
11	-2475.42	2232.09090	26153.15633	
12	-2475.42	2229.89474	26155.29060	
13	-2475.42	2231.22917	26153.99398	
Log-likelihood ratio converged.

Calculating the logLikelihood for the reduced model ...
(variance component 1 is dropped from the model)
Calculating prior values of variance components by EM-REML ...
Updated prior values: 28836.43104
logL: -2479.51690
Running AI-REML algorithm ...
Iter.	logL	V(e)	
1	-2478.60	28820.48978	
2	-2478.60	28786.03097	
3	-2478.60	28786.07212	
4	-2478.60	28786.07213	
Log-likelihood ratio converged.

Summary result of REML analysis:
Source	Variance	SE
V(G)	2231.229173	2059.257799
V(e)	26153.993985	2667.195748
Vp	28385.223158	1921.161181
V(G)/Vp	0.078605	0.072191

Sampling variance/covariance of the estimates of variance components:
4.240543e+06	-3.831808e+06	
-3.831808e+06	7.113933e+06	
Estimatesof fixed effects:

Source	Estimate	SE
mean	600.972420	18.641668
X_2	13.849717	16.196512
X_3	-70.014999	31.390054
X_4	-85.281555	27.575067
X_5	-79.643238	31.903383
X_6	10.540216	27.869054
X_7	-132.066015	23.919910
X_8	-1.204935	31.909974

Summary result of REML analysis has been saved in the file [/raid/genevol/users/lucas/heritability/03.Heritability/Results/V3/HLA-DPA1/GeuvadisHLA-DPA11.hsq].

Analysis finished at 23:26:43 -03 on Wed Jun 09 2021
Overall computational time: 1.14 sec.
