*******************************************************************
* Genome-wide Complex Trait Analysis (GCTA)
* version 1.93.2 beta Linux
* (C) 2010-present, Jian Yang, The University of Queensland
* Please report bugs to Jian Yang <jian.yang.qt@gmail.com>
*******************************************************************
Analysis started at 23:26:03 -03 on Wed Jun 09 2021.
Hostname: darwin

Accepted options:
--reml
--reml-alg 0
--reml-maxit 1000
--grm /scratch/genevol/users/lucas/V3/grmFull
--pheno /raid/genevol/users/lucas/heritability/02.GCTA/data/geneHLA-B.txt
--covar /raid/genevol/users/lucas/heritability/02.GCTA/data/envir2.txt
--reml-est-fix
--out /raid/genevol/users/lucas/heritability/03.Heritability/Results/V3/HLA-B/FullHLA-B2

Note: This is a multi-thread program. You could specify the number of threads by the --thread-num option to speed up the computation if there are multiple processors in your machine.

Reading IDs of the GRM from [/scratch/genevol/users/lucas/V3/grmFull.grm.id].
2504 IDs read from [/scratch/genevol/users/lucas/V3/grmFull.grm.id].
Reading the GRM from [/scratch/genevol/users/lucas/V3/grmFull.grm.bin].
GRM for 2504 individuals are included from [/scratch/genevol/users/lucas/V3/grmFull.grm.bin].
Reading phenotypes from [/raid/genevol/users/lucas/heritability/02.GCTA/data/geneHLA-B.txt].
Non-missing phenotypes of 445 individuals are included from [/raid/genevol/users/lucas/heritability/02.GCTA/data/geneHLA-B.txt].
Reading discrete covariate(s) from [/raid/genevol/users/lucas/heritability/02.GCTA/data/envir2.txt].
1 discrete covariate(s) of 445 individuals are included from [/raid/genevol/users/lucas/heritability/02.GCTA/data/envir2.txt].

1 discrete variable(s) included as covariate(s).
445 individuals are in common in these files.

Performing  REML analysis ... (Note: may take hours depending on sample size).
445 observations, 7 fixed effect(s), and 2 variance component(s)(including residual variance).
Calculating prior values of variance components by EM-REML ...
Updated prior values: 193618 213109
logL: -3055.99
Running AI-REML algorithm ...
Iter.	logL	V(G)	V(e)	
1	-3033.65	75143.03404	310203.76543	
2	-3025.38	69102.99889	288303.72668	
3	-3022.78	65810.35304	275724.50716	
4	-3021.75	63837.01550	267988.25317	
5	-3021.31	62595.00589	263042.00823	
6	-3021.12	60049.37627	252794.97199	
7	-3020.95	60173.73182	253143.75435	
8	-3020.95	60164.24907	253157.69864	
9	-3020.95	60167.25043	253153.54143	
Log-likelihood ratio converged.

Calculating the logLikelihood for the reduced model ...
(variance component 1 is dropped from the model)
Calculating prior values of variance components by EM-REML ...
Updated prior values: 345769.02889
logL: -3041.99600
Running AI-REML algorithm ...
Iter.	logL	V(e)	
1	-3024.48	344849.20805	
2	-3024.47	344224.16471	
3	-3024.47	342877.25363	
4	-3024.47	342882.50332	
5	-3024.47	342882.50340	
Log-likelihood ratio converged.

Summary result of REML analysis:
Source	Variance	SE
V(G)	60167.250433	66678.429079
V(e)	253153.541429	93759.548382
Vp	313320.791862	33245.068689
V(G)/Vp	0.192031	0.228125

Sampling variance/covariance of the estimates of variance components:
4.446013e+09	-6.065816e+09	
-6.065816e+09	8.790853e+09	
Estimatesof fixed effects:

Source	Estimate	SE
mean	3427.489950	70.613742
X_2	-777.266754	107.874037
X_3	-1061.226367	94.725973
X_4	-834.617863	109.817179
X_5	-744.218277	95.667580
X_6	-754.501602	82.384557
X_7	251.666165	109.804706

Summary result of REML analysis has been saved in the file [/raid/genevol/users/lucas/heritability/03.Heritability/Results/V3/HLA-B/FullHLA-B2.hsq].

Analysis finished at 23:26:04 -03 on Wed Jun 09 2021
Overall computational time: 1.49 sec.
