*******************************************************************
* Genome-wide Complex Trait Analysis (GCTA)
* version 1.93.2 beta Linux
* (C) 2010-present, Jian Yang, The University of Queensland
* Please report bugs to Jian Yang <jian.yang.qt@gmail.com>
*******************************************************************
Analysis started at 23:25:59 -03 on Wed Jun 09 2021.
Hostname: darwin

Accepted options:
--reml
--reml-alg 0
--reml-maxit 1000
--grm /scratch/genevol/users/lucas/V3/grmFull
--pheno /raid/genevol/users/lucas/heritability/02.GCTA/data/geneHLA-B.txt
--covar /raid/genevol/users/lucas/heritability/02.GCTA/data/envir1.txt
--reml-est-fix
--out /raid/genevol/users/lucas/heritability/03.Heritability/Results/V3/HLA-B/FullHLA-B1

Note: This is a multi-thread program. You could specify the number of threads by the --thread-num option to speed up the computation if there are multiple processors in your machine.

Reading IDs of the GRM from [/scratch/genevol/users/lucas/V3/grmFull.grm.id].
2504 IDs read from [/scratch/genevol/users/lucas/V3/grmFull.grm.id].
Reading the GRM from [/scratch/genevol/users/lucas/V3/grmFull.grm.bin].
GRM for 2504 individuals are included from [/scratch/genevol/users/lucas/V3/grmFull.grm.bin].
Reading phenotypes from [/raid/genevol/users/lucas/heritability/02.GCTA/data/geneHLA-B.txt].
Non-missing phenotypes of 445 individuals are included from [/raid/genevol/users/lucas/heritability/02.GCTA/data/geneHLA-B.txt].
Reading discrete covariate(s) from [/raid/genevol/users/lucas/heritability/02.GCTA/data/envir1.txt].
2 discrete covariate(s) of 445 individuals are included from [/raid/genevol/users/lucas/heritability/02.GCTA/data/envir1.txt].

2 discrete variable(s) included as covariate(s).
445 individuals are in common in these files.

Performing  REML analysis ... (Note: may take hours depending on sample size).
445 observations, 8 fixed effect(s), and 2 variance component(s)(including residual variance).
Calculating prior values of variance components by EM-REML ...
Updated prior values: 193758 213176
logL: -3051.34
Running AI-REML algorithm ...
Iter.	logL	V(G)	V(e)	
1	-3029.06	80336.11775	303219.46667	
2	-3020.82	72257.64033	283998.61444	
3	-3018.21	68221.53096	272383.96861	
4	-3017.17	65904.02673	265089.37138	
5	-3016.73	64483.32381	260370.03077	
6	-3016.53	61624.15129	250516.87316	
7	-3016.37	61835.23715	250748.65749	
8	-3016.37	61802.43687	250794.90064	
9	-3016.37	61812.03062	250781.61599	
Log-likelihood ratio converged.

Calculating the logLikelihood for the reduced model ...
(variance component 1 is dropped from the model)
Calculating prior values of variance components by EM-REML ...
Updated prior values: 346057.37230
logL: -3037.37139
Running AI-REML algorithm ...
Iter.	logL	V(e)	
1	-3019.87	345004.15987	
2	-3019.86	344289.15072	
3	-3019.86	342749.35983	
4	-3019.86	342756.21556	
5	-3019.86	342756.21570	
Log-likelihood ratio converged.

Summary result of REML analysis:
Source	Variance	SE
V(G)	61812.030617	68779.077554
V(e)	250781.615988	96568.345535
Vp	312593.646605	33836.874053
V(G)/Vp	0.197739	0.236329

Sampling variance/covariance of the estimates of variance components:
4.730562e+09	-6.455536e+09	
-6.455536e+09	9.325445e+09	
Estimatesof fixed effects:

Source	Estimate	SE
mean	3452.014888	74.489977
X_2	-59.189945	55.848737
X_3	-768.240079	108.187856
X_4	-1052.840468	95.031735
X_5	-827.955886	109.974063
X_6	-735.756789	95.976898
X_7	-757.579112	82.422104
X_8	253.988390	109.806629

Summary result of REML analysis has been saved in the file [/raid/genevol/users/lucas/heritability/03.Heritability/Results/V3/HLA-B/FullHLA-B1.hsq].

Analysis finished at 23:26:00 -03 on Wed Jun 09 2021
Overall computational time: 1.44 sec.
