*******************************************************************
* Genome-wide Complex Trait Analysis (GCTA)
* version 1.93.2 beta Linux
* (C) 2010-present, Jian Yang, The University of Queensland
* Please report bugs to Jian Yang <jian.yang.qt@gmail.com>
*******************************************************************
Analysis started at 23:26:00 -03 on Wed Jun 09 2021.
Hostname: darwin

Accepted options:
--reml
--reml-alg 0
--reml-maxit 1000
--grm /scratch/genevol/users/lucas/V3/grmGeuvadis
--pheno /raid/genevol/users/lucas/heritability/02.GCTA/data/geneHLA-B.txt
--covar /raid/genevol/users/lucas/heritability/02.GCTA/data/envir1.txt
--reml-est-fix
--out /raid/genevol/users/lucas/heritability/03.Heritability/Results/V3/HLA-B/GeuvadisHLA-B1

Note: This is a multi-thread program. You could specify the number of threads by the --thread-num option to speed up the computation if there are multiple processors in your machine.

Reading IDs of the GRM from [/scratch/genevol/users/lucas/V3/grmGeuvadis.grm.id].
445 IDs read from [/scratch/genevol/users/lucas/V3/grmGeuvadis.grm.id].
Reading the GRM from [/scratch/genevol/users/lucas/V3/grmGeuvadis.grm.bin].
GRM for 445 individuals are included from [/scratch/genevol/users/lucas/V3/grmGeuvadis.grm.bin].
Reading phenotypes from [/raid/genevol/users/lucas/heritability/02.GCTA/data/geneHLA-B.txt].
Non-missing phenotypes of 445 individuals are included from [/raid/genevol/users/lucas/heritability/02.GCTA/data/geneHLA-B.txt].
Reading discrete covariate(s) from [/raid/genevol/users/lucas/heritability/02.GCTA/data/envir1.txt].
2 discrete covariate(s) of 445 individuals are included from [/raid/genevol/users/lucas/heritability/02.GCTA/data/envir1.txt].

2 discrete variable(s) included as covariate(s).
445 individuals are in common in these files.

Performing  REML analysis ... (Note: may take hours depending on sample size).
445 observations, 8 fixed effect(s), and 2 variance component(s)(including residual variance).
Calculating prior values of variance components by EM-REML ...
Updated prior values: 220394 220784
logL: -3034.86
Running AI-REML algorithm ...
Iter.	logL	V(G)	V(e)	
1	-3024.56	89346.90379	300051.06591	
2	-3018.77	62292.15834	307517.37028	
3	-3017.43	52776.58930	305971.97552	
4	-3016.93	48478.62247	303391.44070	
5	-3016.73	41435.26622	296359.90091	
6	-3016.56	43566.14046	294855.65506	
7	-3016.56	42993.75198	295408.76237	
8	-3016.56	43168.43562	295241.72083	
9	-3016.56	43116.29131	295291.69479	
10	-3016.56	43131.96312	295276.68567	
Log-likelihood ratio converged.

Calculating the logLikelihood for the reduced model ...
(variance component 1 is dropped from the model)
Calculating prior values of variance components by EM-REML ...
Updated prior values: 346057.37230
logL: -3037.37139
Running AI-REML algorithm ...
Iter.	logL	V(e)	
1	-3019.87	345004.15987	
2	-3019.86	344289.15072	
3	-3019.86	342749.35983	
4	-3019.86	342756.21556	
5	-3019.86	342756.21570	
Log-likelihood ratio converged.

Summary result of REML analysis:
Source	Variance	SE
V(G)	43131.963122	39115.379357
V(e)	295276.685666	42369.015847
Vp	338408.648788	22952.490925
V(G)/Vp	0.127455	0.114646

Sampling variance/covariance of the estimates of variance components:
1.530013e+09	-1.399165e+09	
-1.399165e+09	1.795134e+09	
Estimatesof fixed effects:

Source	Estimate	SE
mean	3421.621323	63.995685
X_2	-58.452337	55.831614
X_3	-770.080952	108.138281
X_4	-1054.079039	95.001995
X_5	-824.985992	109.980853
X_6	-731.667579	96.072727
X_7	-759.965210	82.449029
X_8	259.174113	110.085490

Summary result of REML analysis has been saved in the file [/raid/genevol/users/lucas/heritability/03.Heritability/Results/V3/HLA-B/GeuvadisHLA-B1.hsq].

Analysis finished at 23:26:02 -03 on Wed Jun 09 2021
Overall computational time: 1.26 sec.
