*******************************************************************
* Genome-wide Complex Trait Analysis (GCTA)
* version 1.93.2 beta Linux
* (C) 2010-present, Jian Yang, The University of Queensland
* Please report bugs to Jian Yang <jian.yang.qt@gmail.com>
*******************************************************************
Analysis started at 23:25:57 -03 on Wed Jun 09 2021.
Hostname: darwin

Accepted options:
--reml
--reml-alg 0
--reml-maxit 1000
--grm /scratch/genevol/users/lucas/V3/grmGeuvadis
--pheno /raid/genevol/users/lucas/heritability/02.GCTA/data/geneHLA-B.txt
--covar /raid/genevol/users/lucas/heritability/02.GCTA/data/envir0.txt
--reml-est-fix
--out /raid/genevol/users/lucas/heritability/03.Heritability/Results/V3/HLA-B/GeuvadisHLA-B0

Note: This is a multi-thread program. You could specify the number of threads by the --thread-num option to speed up the computation if there are multiple processors in your machine.

Reading IDs of the GRM from [/scratch/genevol/users/lucas/V3/grmGeuvadis.grm.id].
445 IDs read from [/scratch/genevol/users/lucas/V3/grmGeuvadis.grm.id].
Reading the GRM from [/scratch/genevol/users/lucas/V3/grmGeuvadis.grm.bin].
GRM for 445 individuals are included from [/scratch/genevol/users/lucas/V3/grmGeuvadis.grm.bin].
Reading phenotypes from [/raid/genevol/users/lucas/heritability/02.GCTA/data/geneHLA-B.txt].
Non-missing phenotypes of 445 individuals are included from [/raid/genevol/users/lucas/heritability/02.GCTA/data/geneHLA-B.txt].
Reading discrete covariate(s) from [/raid/genevol/users/lucas/heritability/02.GCTA/data/envir0.txt].
3 discrete covariate(s) of 445 individuals are included from [/raid/genevol/users/lucas/heritability/02.GCTA/data/envir0.txt].

3 discrete variable(s) included as covariate(s).
445 individuals are in common in these files.

Performing  REML analysis ... (Note: may take hours depending on sample size).
445 observations, 12 fixed effect(s), and 2 variance component(s)(including residual variance).
Calculating prior values of variance components by EM-REML ...
Updated prior values: 221407 221376
logL: -3014.4
Running AI-REML algorithm ...
Iter.	logL	V(G)	V(e)	
1	-3004.49	85025.35344	304795.93686	
2	-2998.76	46816.91189	322049.42353	
3	-2997.24	28677.42401	328438.47119	
4	-2996.65	18609.58813	331299.07668	
5	-2996.40	0.52638	335308.84441	(1 component(s) constrained)
6	-2996.20	1236.09471	334807.94962	
7	-2996.20	1252.15659	334794.71127	
8	-2996.20	1252.26262	334794.60955	
Log-likelihood ratio converged.

Calculating the logLikelihood for the reduced model ...
(variance component 1 is dropped from the model)
Calculating prior values of variance components by EM-REML ...
Updated prior values: 341132.42984
logL: -3015.09151
Running AI-REML algorithm ...
Iter.	logL	V(e)	
1	-2996.23	339485.30763	
2	-2996.22	338372.03041	
3	-2996.21	335981.69601	
4	-2996.20	335998.46257	
5	-2996.20	335998.46341	
Log-likelihood ratio converged.

Summary result of REML analysis:
Source	Variance	SE
V(G)	1252.262619	55266.269911
V(e)	334794.609555	57764.650370
Vp	336046.872173	22941.691650
V(G)/Vp	0.003726	0.164436

Sampling variance/covariance of the estimates of variance components:
3.054361e+09	-2.932397e+09	
-2.932397e+09	3.336755e+09	
Estimatesof fixed effects:

Source	Estimate	SE
mean	3388.170476	86.517735
X_2	-60.852757	56.087613
X_3	-771.003739	108.540940
X_4	-1048.595812	95.237707
X_5	-840.333571	110.327737
X_6	-737.145852	96.122809
X_7	-756.429187	82.535367
X_8	240.475537	110.185909
X_9	-70.230612	87.169799
X_10	43.558620	88.117150
X_11	-3.008047	86.757114
X_12	222.841679	90.586846

Summary result of REML analysis has been saved in the file [/raid/genevol/users/lucas/heritability/03.Heritability/Results/V3/HLA-B/GeuvadisHLA-B0.hsq].

Analysis finished at 23:25:58 -03 on Wed Jun 09 2021
Overall computational time: 1.17 sec.
