*******************************************************************
* Genome-wide Complex Trait Analysis (GCTA)
* version 1.93.2 beta Linux
* (C) 2010-present, Jian Yang, The University of Queensland
* Please report bugs to Jian Yang <jian.yang.qt@gmail.com>
*******************************************************************
Analysis started at 23:26:05 -03 on Wed Jun 09 2021.
Hostname: darwin

Accepted options:
--reml
--reml-alg 0
--reml-maxit 1000
--grm /scratch/genevol/users/lucas/V3/grmNAfr
--pheno /raid/genevol/users/lucas/heritability/02.GCTA/data/geneNAfrHLA-B.txt
--covar /raid/genevol/users/lucas/heritability/02.GCTA/data/envir2.txt
--reml-est-fix
--out /raid/genevol/users/lucas/heritability/03.Heritability/Results/V3/HLA-B/NAfrHLA-B2

Note: This is a multi-thread program. You could specify the number of threads by the --thread-num option to speed up the computation if there are multiple processors in your machine.

Reading IDs of the GRM from [/scratch/genevol/users/lucas/V3/grmNAfr.grm.id].
358 IDs read from [/scratch/genevol/users/lucas/V3/grmNAfr.grm.id].
Reading the GRM from [/scratch/genevol/users/lucas/V3/grmNAfr.grm.bin].
GRM for 358 individuals are included from [/scratch/genevol/users/lucas/V3/grmNAfr.grm.bin].
Reading phenotypes from [/raid/genevol/users/lucas/heritability/02.GCTA/data/geneNAfrHLA-B.txt].
Non-missing phenotypes of 358 individuals are included from [/raid/genevol/users/lucas/heritability/02.GCTA/data/geneNAfrHLA-B.txt].
Reading discrete covariate(s) from [/raid/genevol/users/lucas/heritability/02.GCTA/data/envir2.txt].
1 discrete covariate(s) of 445 individuals are included from [/raid/genevol/users/lucas/heritability/02.GCTA/data/envir2.txt].

1 discrete variable(s) included as covariate(s).
358 individuals are in common in these files.

Performing  REML analysis ... (Note: may take hours depending on sample size).
358 observations, 7 fixed effect(s), and 2 variance component(s)(including residual variance).
Calculating prior values of variance components by EM-REML ...
Updated prior values: 213815 213933
logL: -2436.04
Running AI-REML algorithm ...
Iter.	logL	V(G)	V(e)	
1	-2426.65	58195.16792	331370.89411	
2	-2423.58	0.51626	369227.31163	(1 component(s) constrained)
3	-2422.41	0.51626	357174.02089	(1 component(s) constrained)
4	-2421.96	0.51626	349579.33661	(1 component(s) constrained)
5	-2421.76	0.51626	333989.92890	(1 component(s) constrained)
6	-2421.60	0.51626	334654.13123	(1 component(s) constrained)
7	-2421.60	0.51626	334655.45475	(1 component(s) constrained)
8	-2421.60	0.51626	334655.45476	(1 component(s) constrained)
Log-likelihood ratio converged.

Calculating the logLikelihood for the reduced model ...
(variance component 1 is dropped from the model)
Calculating prior values of variance components by EM-REML ...
Updated prior values: 338350.31371
logL: -2435.91681
Running AI-REML algorithm ...
Iter.	logL	V(e)	
1	-2421.61	337217.23634	
2	-2421.60	336448.58861	
3	-2421.60	334794.13103	
4	-2421.60	334802.22668	
5	-2421.60	334802.22688	
Log-likelihood ratio converged.

Summary result of REML analysis:
Source	Variance	SE
V(G)	0.516262	248538.763093
V(e)	334655.454758	249385.834526
Vp	334655.971020	25259.780582
V(G)/Vp	0.000002	0.742669

Sampling variance/covariance of the estimates of variance components:
6.177152e+10	-6.166338e+10	
-6.166338e+10	6.219329e+10	
Estimatesof fixed effects:

Source	Estimate	SE
mean	3335.969467	67.248617
X_2	-783.764049	118.675933
X_3	-1054.728329	104.099191
X_4	-776.437902	122.394350
X_5	-675.619674	107.211834
X_6	-769.913067	91.726367
X_7	314.748504	125.210131

Summary result of REML analysis has been saved in the file [/raid/genevol/users/lucas/heritability/03.Heritability/Results/V3/HLA-B/NAfrHLA-B2.hsq].

Analysis finished at 23:26:06 -03 on Wed Jun 09 2021
Overall computational time: 0.96 sec.
