*******************************************************************
* Genome-wide Complex Trait Analysis (GCTA)
* version 1.93.2 beta Linux
* (C) 2010-present, Jian Yang, The University of Queensland
* Please report bugs to Jian Yang <jian.yang.qt@gmail.com>
*******************************************************************
Analysis started at 23:19:08 -03 on Wed Jun 09 2021.
Hostname: darwin

Accepted options:
--reml
--reml-alg 0
--reml-maxit 1000
--grm /scratch/genevol/users/lucas/V1/grmFull
--pheno /raid/genevol/users/lucas/heritability/02.GCTA/data/geneHLA-A.txt
--covar /raid/genevol/users/lucas/heritability/02.GCTA/data/envir0.txt
--reml-est-fix
--out /raid/genevol/users/lucas/heritability/03.Heritability/Results/V1/HLA-A/FullHLA-A0

Note: This is a multi-thread program. You could specify the number of threads by the --thread-num option to speed up the computation if there are multiple processors in your machine.

Reading IDs of the GRM from [/scratch/genevol/users/lucas/V1/grmFull.grm.id].
2504 IDs read from [/scratch/genevol/users/lucas/V1/grmFull.grm.id].
Reading the GRM from [/scratch/genevol/users/lucas/V1/grmFull.grm.bin].
GRM for 2504 individuals are included from [/scratch/genevol/users/lucas/V1/grmFull.grm.bin].
Reading phenotypes from [/raid/genevol/users/lucas/heritability/02.GCTA/data/geneHLA-A.txt].
Non-missing phenotypes of 445 individuals are included from [/raid/genevol/users/lucas/heritability/02.GCTA/data/geneHLA-A.txt].
Reading discrete covariate(s) from [/raid/genevol/users/lucas/heritability/02.GCTA/data/envir0.txt].
3 discrete covariate(s) of 445 individuals are included from [/raid/genevol/users/lucas/heritability/02.GCTA/data/envir0.txt].

3 discrete variable(s) included as covariate(s).
445 individuals are in common in these files.

Performing  REML analysis ... (Note: may take hours depending on sample size).
445 observations, 12 fixed effect(s), and 2 variance component(s)(including residual variance).
Calculating prior values of variance components by EM-REML ...
Updated prior values: 68732.5 77374.3
logL: -2836.34
Running AI-REML algorithm ...
Iter.	logL	V(G)	V(e)	
1	-2820.46	0.18090	177889.00564	(1 component(s) constrained)
2	-2816.48	0.18090	189837.14450	(1 component(s) constrained)
3	-2819.58	0.18090	199414.99916	(1 component(s) constrained)
4	-2822.38	0.18090	222799.15208	(1 component(s) constrained)
5	-2830.05	0.18090	225862.79787	(1 component(s) constrained)
6	-2831.12	0.18090	225905.50257	(1 component(s) constrained)
7	-2831.14	0.18090	225905.51062	(1 component(s) constrained)
8	-2831.14	0.18090	225905.51062	(1 component(s) constrained)
Log-likelihood ratio converged.

Calculating the logLikelihood for the reduced model ...
(variance component 1 is dropped from the model)
Calculating prior values of variance components by EM-REML ...
Updated prior values: 144361.02940
logL: -2817.21436
Running AI-REML algorithm ...
Iter.	logL	V(e)	
1	-2811.79	144038.77741	
2	-2811.79	143819.56683	
3	-2811.78	143346.84930	
4	-2811.78	143348.39795	
5	-2811.78	143348.39797	
Log-likelihood ratio converged.

Summary result of REML analysis:
Source	Variance	SE
V(G)	0.180900	137704.161821
V(e)	225905.510622	225055.391806
Vp	225905.691522	88645.080223
V(G)/Vp	0.000001	0.609565

Sampling variance/covariance of the estimates of variance components:
1.896244e+10	-3.087721e+10	
-3.087721e+10	5.064993e+10	
Estimatesof fixed effects:

Source	Estimate	SE
mean	1860.615922	70.855801
X_2	-51.250798	45.990487
X_3	-197.411794	89.003767
X_4	-265.641228	78.094987
X_5	-371.351481	90.464120
X_6	-132.576222	78.816370
X_7	-461.582367	67.675995
X_8	52.857033	90.342500
X_9	-78.455773	71.387181
X_10	9.826618	72.274633
X_11	-60.442228	71.115918
X_12	134.626928	71.810693

Summary result of REML analysis has been saved in the file [/raid/genevol/users/lucas/heritability/03.Heritability/Results/V1/HLA-A/FullHLA-A0.hsq].

Analysis finished at 23:19:10 -03 on Wed Jun 09 2021
Overall computational time: 1.38 sec.
