*******************************************************************
* Genome-wide Complex Trait Analysis (GCTA)
* version 1.93.2 beta Linux
* (C) 2010-present, Jian Yang, The University of Queensland
* Please report bugs to Jian Yang <jian.yang.qt@gmail.com>
*******************************************************************
Analysis started at 23:19:10 -03 on Wed Jun 09 2021.
Hostname: darwin

Accepted options:
--reml
--reml-alg 0
--reml-maxit 1000
--grm /scratch/genevol/users/lucas/V1/grmGeuvadis
--pheno /raid/genevol/users/lucas/heritability/02.GCTA/data/geneHLA-A.txt
--covar /raid/genevol/users/lucas/heritability/02.GCTA/data/envir0.txt
--reml-est-fix
--out /raid/genevol/users/lucas/heritability/03.Heritability/Results/V1/HLA-A/GeuvadisHLA-A0

Note: This is a multi-thread program. You could specify the number of threads by the --thread-num option to speed up the computation if there are multiple processors in your machine.

Reading IDs of the GRM from [/scratch/genevol/users/lucas/V1/grmGeuvadis.grm.id].
445 IDs read from [/scratch/genevol/users/lucas/V1/grmGeuvadis.grm.id].
Reading the GRM from [/scratch/genevol/users/lucas/V1/grmGeuvadis.grm.bin].
GRM for 445 individuals are included from [/scratch/genevol/users/lucas/V1/grmGeuvadis.grm.bin].
Reading phenotypes from [/raid/genevol/users/lucas/heritability/02.GCTA/data/geneHLA-A.txt].
Non-missing phenotypes of 445 individuals are included from [/raid/genevol/users/lucas/heritability/02.GCTA/data/geneHLA-A.txt].
Reading discrete covariate(s) from [/raid/genevol/users/lucas/heritability/02.GCTA/data/envir0.txt].
3 discrete covariate(s) of 445 individuals are included from [/raid/genevol/users/lucas/heritability/02.GCTA/data/envir0.txt].

3 discrete variable(s) included as covariate(s).
445 individuals are in common in these files.

Performing  REML analysis ... (Note: may take hours depending on sample size).
445 observations, 12 fixed effect(s), and 2 variance component(s)(including residual variance).
Calculating prior values of variance components by EM-REML ...
Updated prior values: 82095.4   81154
logL: -2812.41
Running AI-REML algorithm ...
Iter.	logL	V(G)	V(e)	
1	-2808.89	80877.51959	75916.78896	
2	-2808.02	80001.29337	72802.43687	
3	-2807.65	78067.94362	66636.21950	
4	-2807.35	78038.90790	67073.54832	
5	-2807.35	78041.22560	67072.71262	
6	-2807.35	78041.20762	67072.72900	
Log-likelihood ratio converged.

Calculating the logLikelihood for the reduced model ...
(variance component 1 is dropped from the model)
Calculating prior values of variance components by EM-REML ...
Updated prior values: 144361.02940
logL: -2817.21436
Running AI-REML algorithm ...
Iter.	logL	V(e)	
1	-2811.79	144038.77741	
2	-2811.79	143819.56683	
3	-2811.78	143346.84930	
4	-2811.78	143348.39795	
5	-2811.78	143348.39797	
Log-likelihood ratio converged.

Summary result of REML analysis:
Source	Variance	SE
V(G)	78041.207621	32186.094843
V(e)	67072.728997	29251.462224
Vp	145113.936618	10266.433353
V(G)/Vp	0.537793	0.208197

Sampling variance/covariance of the estimates of variance components:
1.035945e+09	-8.930965e+08	
-8.930965e+08	8.556480e+08	
Estimatesof fixed effects:

Source	Estimate	SE
mean	1845.391736	62.726569
X_2	-52.760763	35.913371
X_3	-189.793150	69.267031
X_4	-261.247259	60.765382
X_5	-339.726521	70.861992
X_6	-121.419242	61.682626
X_7	-448.779117	52.940320
X_8	104.507028	71.073004
X_9	-73.782096	66.872506
X_10	10.799359	55.090084
X_11	-56.725359	58.690583
X_12	137.617105	168.426111

Summary result of REML analysis has been saved in the file [/raid/genevol/users/lucas/heritability/03.Heritability/Results/V1/HLA-A/GeuvadisHLA-A0.hsq].

Analysis finished at 23:19:11 -03 on Wed Jun 09 2021
Overall computational time: 1.11 sec.
