*******************************************************************
* Genome-wide Complex Trait Analysis (GCTA)
* version 1.93.2 beta Linux
* (C) 2010-present, Jian Yang, The University of Queensland
* Please report bugs to Jian Yang <jian.yang.qt@gmail.com>
*******************************************************************
Analysis started at 23:19:18 -03 on Wed Jun 09 2021.
Hostname: darwin

Accepted options:
--reml
--reml-alg 0
--reml-maxit 1000
--grm /scratch/genevol/users/lucas/V1/grmNAfr
--pheno /raid/genevol/users/lucas/heritability/02.GCTA/data/geneNAfrHLA-A.txt
--covar /raid/genevol/users/lucas/heritability/02.GCTA/data/envir2.txt
--reml-est-fix
--out /raid/genevol/users/lucas/heritability/03.Heritability/Results/V1/HLA-A/NAfrHLA-A2

Note: This is a multi-thread program. You could specify the number of threads by the --thread-num option to speed up the computation if there are multiple processors in your machine.

Reading IDs of the GRM from [/scratch/genevol/users/lucas/V1/grmNAfr.grm.id].
358 IDs read from [/scratch/genevol/users/lucas/V1/grmNAfr.grm.id].
Reading the GRM from [/scratch/genevol/users/lucas/V1/grmNAfr.grm.bin].
GRM for 358 individuals are included from [/scratch/genevol/users/lucas/V1/grmNAfr.grm.bin].
Reading phenotypes from [/raid/genevol/users/lucas/heritability/02.GCTA/data/geneNAfrHLA-A.txt].
Non-missing phenotypes of 358 individuals are included from [/raid/genevol/users/lucas/heritability/02.GCTA/data/geneNAfrHLA-A.txt].
Reading discrete covariate(s) from [/raid/genevol/users/lucas/heritability/02.GCTA/data/envir2.txt].
1 discrete covariate(s) of 445 individuals are included from [/raid/genevol/users/lucas/heritability/02.GCTA/data/envir2.txt].

1 discrete variable(s) included as covariate(s).
358 individuals are in common in these files.

Performing  REML analysis ... (Note: may take hours depending on sample size).
358 observations, 7 fixed effect(s), and 2 variance component(s)(including residual variance).
Calculating prior values of variance components by EM-REML ...
Updated prior values: 72176.2 72233.7
logL: -2256.37
Running AI-REML algorithm ...
Iter.	logL	V(G)	V(e)	
1	-2253.14	57043.08820	81097.67555	
2	-2252.34	48481.35170	85827.68030	
3	-2252.00	31600.96175	94983.98126	
4	-2251.72	30989.28840	96030.60682	
5	-2251.72	30820.36661	96201.65102	
6	-2251.72	30780.91925	96241.24299	
7	-2251.72	30771.68526	96250.51056	
8	-2251.72	30769.52140	96252.68227	
Log-likelihood ratio converged.

Calculating the logLikelihood for the reduced model ...
(variance component 1 is dropped from the model)
Calculating prior values of variance components by EM-REML ...
Updated prior values: 127861.29251
logL: -2256.30413
Running AI-REML algorithm ...
Iter.	logL	V(e)	
1	-2251.75	127650.16534	
2	-2251.75	127506.34085	
3	-2251.75	127195.88755	
4	-2251.75	127196.64161	
5	-2251.75	127196.64161	
Log-likelihood ratio converged.

Summary result of REML analysis:
Source	Variance	SE
V(G)	30769.521402	110973.354552
V(e)	96252.682274	111588.380133
Vp	127022.203676	9596.734606
V(G)/Vp	0.242237	0.874229

Sampling variance/covariance of the estimates of variance components:
1.231509e+10	-1.233748e+10	
-1.233748e+10	1.245197e+10	
Estimatesof fixed effects:

Source	Estimate	SE
mean	1766.598829	40.388549
X_2	-172.797136	73.118433
X_3	-264.085780	64.124830
X_4	-276.929492	75.446160
X_5	-107.493507	66.039223
X_6	-423.343700	56.543182
X_7	204.963493	77.085264

Summary result of REML analysis has been saved in the file [/raid/genevol/users/lucas/heritability/03.Heritability/Results/V1/HLA-A/NAfrHLA-A2.hsq].

Analysis finished at 23:19:19 -03 on Wed Jun 09 2021
Overall computational time: 0.96 sec.
