*******************************************************************
* Genome-wide Complex Trait Analysis (GCTA)
* version 1.93.2 beta Linux
* (C) 2010-present, Jian Yang, The University of Queensland
* Please report bugs to Jian Yang <jian.yang.qt@gmail.com>
*******************************************************************
Analysis started at 23:19:11 -03 on Wed Jun 09 2021.
Hostname: darwin

Accepted options:
--reml
--reml-alg 0
--reml-maxit 1000
--grm /scratch/genevol/users/lucas/V1/grmNAfr
--pheno /raid/genevol/users/lucas/heritability/02.GCTA/data/geneNAfrHLA-A.txt
--covar /raid/genevol/users/lucas/heritability/02.GCTA/data/envir0.txt
--reml-est-fix
--out /raid/genevol/users/lucas/heritability/03.Heritability/Results/V1/HLA-A/NAfrHLA-A0

Note: This is a multi-thread program. You could specify the number of threads by the --thread-num option to speed up the computation if there are multiple processors in your machine.

Reading IDs of the GRM from [/scratch/genevol/users/lucas/V1/grmNAfr.grm.id].
358 IDs read from [/scratch/genevol/users/lucas/V1/grmNAfr.grm.id].
Reading the GRM from [/scratch/genevol/users/lucas/V1/grmNAfr.grm.bin].
GRM for 358 individuals are included from [/scratch/genevol/users/lucas/V1/grmNAfr.grm.bin].
Reading phenotypes from [/raid/genevol/users/lucas/heritability/02.GCTA/data/geneNAfrHLA-A.txt].
Non-missing phenotypes of 358 individuals are included from [/raid/genevol/users/lucas/heritability/02.GCTA/data/geneNAfrHLA-A.txt].
Reading discrete covariate(s) from [/raid/genevol/users/lucas/heritability/02.GCTA/data/envir0.txt].
3 discrete covariate(s) of 445 individuals are included from [/raid/genevol/users/lucas/heritability/02.GCTA/data/envir0.txt].

3 discrete variable(s) included as covariate(s).
358 individuals are in common in these files.

Performing  REML analysis ... (Note: may take hours depending on sample size).
358 observations, 11 fixed effect(s), and 2 variance component(s)(including residual variance).
Calculating prior values of variance components by EM-REML ...
Updated prior values: 72293.3 72280.3
logL: -2238.56
Running AI-REML algorithm ...
Iter.	logL	V(G)	V(e)	
1	-2235.39	66574.55242	71632.04371	
2	-2234.59	63384.51757	70927.49184	
3	-2234.25	57349.63129	69108.13000	
4	-2233.97	58150.40816	68740.67223	
5	-2233.97	58064.46845	68827.91684	
6	-2233.97	58077.46417	68814.94951	
7	-2233.97	58075.51418	68816.89529	
Log-likelihood ratio converged.

Calculating the logLikelihood for the reduced model ...
(variance component 1 is dropped from the model)
Calculating prior values of variance components by EM-REML ...
Updated prior values: 127929.76621
logL: -2238.65555
Running AI-REML algorithm ...
Iter.	logL	V(e)	
1	-2234.06	127593.83234	
2	-2234.06	127365.53678	
3	-2234.06	126873.55253	
4	-2234.06	126875.44561	
5	-2234.06	126875.44564	
Log-likelihood ratio converged.

Summary result of REML analysis:
Source	Variance	SE
V(G)	58075.514175	150093.975045
V(e)	68816.895294	149795.392390
Vp	126892.409469	9639.018810
V(G)/Vp	0.457675	1.181162

Sampling variance/covariance of the estimates of variance components:
2.252820e+10	-2.243698e+10	
-2.243698e+10	2.243866e+10	
Estimatesof fixed effects:

Source	Estimate	SE
mean	1819.378769	55.855310
X_2	-57.895643	38.365038
X_3	-171.665165	73.315325
X_4	-253.577645	64.337119
X_5	-279.170491	75.837624
X_6	-99.430863	66.166809
X_7	-426.020946	56.652788
X_8	202.246968	77.250428
X_9	-64.609793	65.085998
X_10	10.764921	54.659924
X_11	-50.295084	58.432571

Summary result of REML analysis has been saved in the file [/raid/genevol/users/lucas/heritability/03.Heritability/Results/V1/HLA-A/NAfrHLA-A0.hsq].

Analysis finished at 23:19:12 -03 on Wed Jun 09 2021
Overall computational time: 0.78 sec.
