*******************************************************************
* Genome-wide Complex Trait Analysis (GCTA)
* version 1.93.2 beta Linux
* (C) 2010-present, Jian Yang, The University of Queensland
* Please report bugs to Jian Yang <jian.yang.qt@gmail.com>
*******************************************************************
Analysis started at 23:19:34 -03 on Wed Jun 09 2021.
Hostname: darwin

Accepted options:
--reml
--reml-alg 0
--reml-maxit 1000
--grm /scratch/genevol/users/lucas/V1/grmGeuvadis
--pheno /raid/genevol/users/lucas/heritability/02.GCTA/data/geneHLA-C.txt
--covar /raid/genevol/users/lucas/heritability/02.GCTA/data/envir1.txt
--reml-est-fix
--out /raid/genevol/users/lucas/heritability/03.Heritability/Results/V1/HLA-C/GeuvadisHLA-C1

Note: This is a multi-thread program. You could specify the number of threads by the --thread-num option to speed up the computation if there are multiple processors in your machine.

Reading IDs of the GRM from [/scratch/genevol/users/lucas/V1/grmGeuvadis.grm.id].
445 IDs read from [/scratch/genevol/users/lucas/V1/grmGeuvadis.grm.id].
Reading the GRM from [/scratch/genevol/users/lucas/V1/grmGeuvadis.grm.bin].
GRM for 445 individuals are included from [/scratch/genevol/users/lucas/V1/grmGeuvadis.grm.bin].
Reading phenotypes from [/raid/genevol/users/lucas/heritability/02.GCTA/data/geneHLA-C.txt].
Non-missing phenotypes of 445 individuals are included from [/raid/genevol/users/lucas/heritability/02.GCTA/data/geneHLA-C.txt].
Reading discrete covariate(s) from [/raid/genevol/users/lucas/heritability/02.GCTA/data/envir1.txt].
2 discrete covariate(s) of 445 individuals are included from [/raid/genevol/users/lucas/heritability/02.GCTA/data/envir1.txt].

2 discrete variable(s) included as covariate(s).
445 individuals are in common in these files.

Performing  REML analysis ... (Note: may take hours depending on sample size).
445 observations, 8 fixed effect(s), and 2 variance component(s)(including residual variance).
Calculating prior values of variance components by EM-REML ...
Updated prior values: 56983.4 56232.8
logL: -2749.19
Running AI-REML algorithm ...
Iter.	logL	V(G)	V(e)	
1	-2744.53	56448.44398	51583.10149	
2	-2743.36	55991.09669	48891.77261	
3	-2742.87	55648.93193	47234.99325	
4	-2742.65	54873.31709	43887.77272	
5	-2742.47	54840.00745	44080.97020	
6	-2742.47	54841.30574	44080.08177	
7	-2742.47	54841.29273	44080.09366	
Log-likelihood ratio converged.

Calculating the logLikelihood for the reduced model ...
(variance component 1 is dropped from the model)
Calculating prior values of variance components by EM-REML ...
Updated prior values: 100726.53167
logL: -2757.03742
Running AI-REML algorithm ...
Iter.	logL	V(e)	
1	-2751.22	100571.25242	
2	-2751.22	100465.44415	
3	-2751.22	100237.00898	
4	-2751.22	100237.52721	
5	-2751.22	100237.52721	
Log-likelihood ratio converged.

Summary result of REML analysis:
Source	Variance	SE
V(G)	54841.292732	21139.087742
V(e)	44080.093657	19259.096933
Vp	98921.386389	6925.878291
V(G)/Vp	0.554393	0.200380

Sampling variance/covariance of the estimates of variance components:
4.468610e+08	-3.849030e+08	
-3.849030e+08	3.709128e+08	
Estimatesof fixed effects:

Source	Estimate	SE
mean	1295.735840	32.586617
X_2	5.688209	29.531562
X_3	-245.722839	56.984727
X_4	-389.458421	50.056930
X_5	-381.155541	58.270148
X_6	-131.666426	50.829750
X_7	-422.398300	43.618042
X_8	-109.806612	58.489656

Summary result of REML analysis has been saved in the file [/raid/genevol/users/lucas/heritability/03.Heritability/Results/V1/HLA-C/GeuvadisHLA-C1.hsq].

Analysis finished at 23:19:35 -03 on Wed Jun 09 2021
Overall computational time: 1.10 sec.
