*******************************************************************
* Genome-wide Complex Trait Analysis (GCTA)
* version 1.93.2 beta Linux
* (C) 2010-present, Jian Yang, The University of Queensland
* Please report bugs to Jian Yang <jian.yang.qt@gmail.com>
*******************************************************************
Analysis started at 23:19:31 -03 on Wed Jun 09 2021.
Hostname: darwin

Accepted options:
--reml
--reml-alg 0
--reml-maxit 1000
--grm /scratch/genevol/users/lucas/V1/grmGeuvadis
--pheno /raid/genevol/users/lucas/heritability/02.GCTA/data/geneHLA-C.txt
--covar /raid/genevol/users/lucas/heritability/02.GCTA/data/envir0.txt
--reml-est-fix
--out /raid/genevol/users/lucas/heritability/03.Heritability/Results/V1/HLA-C/GeuvadisHLA-C0

Note: This is a multi-thread program. You could specify the number of threads by the --thread-num option to speed up the computation if there are multiple processors in your machine.

Reading IDs of the GRM from [/scratch/genevol/users/lucas/V1/grmGeuvadis.grm.id].
445 IDs read from [/scratch/genevol/users/lucas/V1/grmGeuvadis.grm.id].
Reading the GRM from [/scratch/genevol/users/lucas/V1/grmGeuvadis.grm.bin].
GRM for 445 individuals are included from [/scratch/genevol/users/lucas/V1/grmGeuvadis.grm.bin].
Reading phenotypes from [/raid/genevol/users/lucas/heritability/02.GCTA/data/geneHLA-C.txt].
Non-missing phenotypes of 445 individuals are included from [/raid/genevol/users/lucas/heritability/02.GCTA/data/geneHLA-C.txt].
Reading discrete covariate(s) from [/raid/genevol/users/lucas/heritability/02.GCTA/data/envir0.txt].
3 discrete covariate(s) of 445 individuals are included from [/raid/genevol/users/lucas/heritability/02.GCTA/data/envir0.txt].

3 discrete variable(s) included as covariate(s).
445 individuals are in common in these files.

Performing  REML analysis ... (Note: may take hours depending on sample size).
445 observations, 12 fixed effect(s), and 2 variance component(s)(including residual variance).
Calculating prior values of variance components by EM-REML ...
Updated prior values: 57114.7 56275.9
logL: -2730.93
Running AI-REML algorithm ...
Iter.	logL	V(G)	V(e)	
1	-2726.38	57494.42561	50762.84255	
2	-2725.19	57531.96027	47610.28219	
3	-2724.69	57478.13234	45686.65527	
4	-2724.47	57258.45571	41827.05110	
5	-2724.29	57154.01693	42086.79835	
6	-2724.29	57158.47729	42083.08404	
7	-2724.29	57158.37780	42083.17426	
Log-likelihood ratio converged.

Calculating the logLikelihood for the reduced model ...
(variance component 1 is dropped from the model)
Calculating prior values of variance components by EM-REML ...
Updated prior values: 98793.30540
logL: -2736.30079
Running AI-REML algorithm ...
Iter.	logL	V(e)	
1	-2729.45	98540.41369	
2	-2729.45	98368.52424	
3	-2729.45	97998.05596	
4	-2729.45	97999.44593	
5	-2729.45	97999.44595	
Log-likelihood ratio converged.

Summary result of REML analysis:
Source	Variance	SE
V(G)	57158.377799	22266.774047
V(e)	42083.174257	20081.728916
Vp	99241.552056	7048.890731
V(G)/Vp	0.575952	0.209041

Sampling variance/covariance of the estimates of variance components:
4.958092e+08	-4.246991e+08	
-4.246991e+08	4.032758e+08	
Estimatesof fixed effects:

Source	Estimate	SE
mean	1238.639319	52.179890
X_2	4.407270	29.611999
X_3	-250.419703	57.102335
X_4	-388.530552	50.093646
X_5	-379.195546	58.439486
X_6	-129.454258	50.863839
X_7	-420.698753	43.655490
X_8	-111.119039	58.621121
X_9	6.426923	55.797962
X_10	58.106337	45.383956
X_11	64.180710	48.629431
X_12	161.412953	143.578428

Summary result of REML analysis has been saved in the file [/raid/genevol/users/lucas/heritability/03.Heritability/Results/V1/HLA-C/GeuvadisHLA-C0.hsq].

Analysis finished at 23:19:32 -03 on Wed Jun 09 2021
Overall computational time: 1.08 sec.
