*******************************************************************
* Genome-wide Complex Trait Analysis (GCTA)
* version 1.93.2 beta Linux
* (C) 2010-present, Jian Yang, The University of Queensland
* Please report bugs to Jian Yang <jian.yang.qt@gmail.com>
*******************************************************************
Analysis started at 22:21:12 -03 on Mon Jun 07 2021.
Hostname: darwin

Accepted options:
--reml
--reml-alg 0
--reml-maxit 1000
--grm /scratch/genevol/users/lucas/V1/grmNAfr
--pheno /raid/genevol/users/lucas/heritability/02.GCTA/data/geneHLA-C.txt
--covar /raid/genevol/users/lucas/heritability/02.GCTA/data/envir1.txt
--out /raid/genevol/users/lucas/heritability/03.Heritability/Results/V1/HLA-C/HLA-CNAfr1

Note: This is a multi-thread program. You could specify the number of threads by the --thread-num option to speed up the computation if there are multiple processors in your machine.

Reading IDs of the GRM from [/scratch/genevol/users/lucas/V1/grmNAfr.grm.id].
358 IDs read from [/scratch/genevol/users/lucas/V1/grmNAfr.grm.id].
Reading the GRM from [/scratch/genevol/users/lucas/V1/grmNAfr.grm.bin].
GRM for 358 individuals are included from [/scratch/genevol/users/lucas/V1/grmNAfr.grm.bin].
Reading phenotypes from [/raid/genevol/users/lucas/heritability/02.GCTA/data/geneHLA-C.txt].
Non-missing phenotypes of 445 individuals are included from [/raid/genevol/users/lucas/heritability/02.GCTA/data/geneHLA-C.txt].
Reading discrete covariate(s) from [/raid/genevol/users/lucas/heritability/02.GCTA/data/envir1.txt].
2 discrete covariate(s) of 445 individuals are included from [/raid/genevol/users/lucas/heritability/02.GCTA/data/envir1.txt].

2 discrete variable(s) included as covariate(s).
358 individuals are in common in these files.

Performing  REML analysis ... (Note: may take hours depending on sample size).
358 observations, 8 fixed effect(s), and 2 variance component(s)(including residual variance).
Calculating prior values of variance components by EM-REML ...
Updated prior values: 49559.7 49556.4
logL: -2184.38
Running AI-REML algorithm ...
Iter.	logL	V(G)	V(e)	
1	-2180.34	51687.67544	42456.44895	
2	-2179.31	53320.31564	37830.84638	
3	-2178.88	54648.88288	34612.51238	
4	-2178.69	58149.63582	27227.83297	
5	-2178.53	60027.90508	25511.51414	
6	-2178.53	60683.50911	24856.14363	
7	-2178.53	60920.66219	24618.94193	
8	-2178.53	61006.05075	24533.53291	
9	-2178.53	61036.74107	24502.83484	
10	-2178.53	61047.76477	24491.80831	
11	-2178.53	61051.72348	24487.84857	
Log-likelihood ratio converged.

Calculating the logLikelihood for the reduced model ...
(variance component 1 is dropped from the model)
Calculating prior values of variance components by EM-REML ...
Updated prior values: 86396.99127
logL: -2184.44510
Running AI-REML algorithm ...
Iter.	logL	V(e)	
1	-2178.73	86210.23452	
2	-2178.73	86083.17186	
3	-2178.73	85809.13461	
4	-2178.72	85810.00420	
5	-2178.72	85810.00421	
Log-likelihood ratio converged.

Summary result of REML analysis:
Source	Variance	SE
V(G)	61051.723482	98572.360969
V(e)	24487.848574	98507.287422
Vp	85539.572056	6466.234643
V(G)/Vp	0.713725	1.151310

Sampling variance/covariance of the estimates of variance components:
9.716510e+09	-9.689192e+09	
-9.689192e+09	9.703686e+09	

Summary result of REML analysis has been saved in the file [/raid/genevol/users/lucas/heritability/03.Heritability/Results/V1/HLA-C/HLA-CNAfr1.hsq].

Analysis finished at 22:21:13 -03 on Mon Jun 07 2021
Overall computational time: 1.01 sec.
