*******************************************************************
* Genome-wide Complex Trait Analysis (GCTA)
* version 1.93.2 beta Linux
* (C) 2010-present, Jian Yang, The University of Queensland
* Please report bugs to Jian Yang <jian.yang.qt@gmail.com>
*******************************************************************
Analysis started at 22:21:11 -03 on Mon Jun 07 2021.
Hostname: darwin

Accepted options:
--reml
--reml-alg 0
--reml-maxit 1000
--grm /scratch/genevol/users/lucas/V1/grmGeuvadis
--pheno /raid/genevol/users/lucas/heritability/02.GCTA/data/geneHLA-C.txt
--covar /raid/genevol/users/lucas/heritability/02.GCTA/data/envir2.txt
--out /raid/genevol/users/lucas/heritability/03.Heritability/Results/V1/HLA-C/HLA-CGeuvadis2

Note: This is a multi-thread program. You could specify the number of threads by the --thread-num option to speed up the computation if there are multiple processors in your machine.

Reading IDs of the GRM from [/scratch/genevol/users/lucas/V1/grmGeuvadis.grm.id].
445 IDs read from [/scratch/genevol/users/lucas/V1/grmGeuvadis.grm.id].
Reading the GRM from [/scratch/genevol/users/lucas/V1/grmGeuvadis.grm.bin].
GRM for 445 individuals are included from [/scratch/genevol/users/lucas/V1/grmGeuvadis.grm.bin].
Reading phenotypes from [/raid/genevol/users/lucas/heritability/02.GCTA/data/geneHLA-C.txt].
Non-missing phenotypes of 445 individuals are included from [/raid/genevol/users/lucas/heritability/02.GCTA/data/geneHLA-C.txt].
Reading discrete covariate(s) from [/raid/genevol/users/lucas/heritability/02.GCTA/data/envir2.txt].
1 discrete covariate(s) of 445 individuals are included from [/raid/genevol/users/lucas/heritability/02.GCTA/data/envir2.txt].

1 discrete variable(s) included as covariate(s).
445 individuals are in common in these files.

Performing  REML analysis ... (Note: may take hours depending on sample size).
445 observations, 7 fixed effect(s), and 2 variance component(s)(including residual variance).
Calculating prior values of variance components by EM-REML ...
Updated prior values: 56929.2 56149.8
logL: -2752.72
Running AI-REML algorithm ...
Iter.	logL	V(G)	V(e)	
1	-2747.97	56657.95588	51223.42127	
2	-2746.78	56340.98471	48387.32370	
3	-2746.28	56078.94606	46648.59443	
4	-2746.06	55454.32511	43147.46915	
5	-2745.87	55394.37486	43367.05316	
6	-2745.87	55397.26863	43364.72474	
7	-2745.87	55397.21474	43364.77398	
Log-likelihood ratio converged.

Calculating the logLikelihood for the reduced model ...
(variance component 1 is dropped from the model)
Calculating prior values of variance components by EM-REML ...
Updated prior values: 100524.17305
logL: -2760.72142
Running AI-REML algorithm ...
Iter.	logL	V(e)	
1	-2754.82	100387.66595	
2	-2754.82	100294.60701	
3	-2754.82	100093.63509	
4	-2754.82	100094.03699	
5	-2754.82	100094.03699	
Log-likelihood ratio converged.

Summary result of REML analysis:
Source	Variance	SE
V(G)	55397.214737	21060.744140
V(e)	43364.773978	19157.641553
Vp	98761.988715	6910.427804
V(G)/Vp	0.560916	0.199668

Sampling variance/covariance of the estimates of variance components:
4.435549e+08	-3.814081e+08	
-3.814081e+08	3.670152e+08	

Summary result of REML analysis has been saved in the file [/raid/genevol/users/lucas/heritability/03.Heritability/Results/V1/HLA-C/HLA-CGeuvadis2.hsq].

Analysis finished at 22:21:12 -03 on Mon Jun 07 2021
Overall computational time: 1.10 sec.
