*******************************************************************
* Genome-wide Complex Trait Analysis (GCTA)
* version 1.93.2 beta Linux
* (C) 2010-present, Jian Yang, The University of Queensland
* Please report bugs to Jian Yang <jian.yang.qt@gmail.com>
*******************************************************************
Analysis started at 22:21:13 -03 on Mon Jun 07 2021.
Hostname: darwin

Accepted options:
--reml
--reml-alg 0
--reml-maxit 1000
--grm /scratch/genevol/users/lucas/V1/grmNAfr
--pheno /raid/genevol/users/lucas/heritability/02.GCTA/data/geneHLA-C.txt
--covar /raid/genevol/users/lucas/heritability/02.GCTA/data/envir2.txt
--out /raid/genevol/users/lucas/heritability/03.Heritability/Results/V1/HLA-C/HLA-CNAfr2

Note: This is a multi-thread program. You could specify the number of threads by the --thread-num option to speed up the computation if there are multiple processors in your machine.

Reading IDs of the GRM from [/scratch/genevol/users/lucas/V1/grmNAfr.grm.id].
358 IDs read from [/scratch/genevol/users/lucas/V1/grmNAfr.grm.id].
Reading the GRM from [/scratch/genevol/users/lucas/V1/grmNAfr.grm.bin].
GRM for 358 individuals are included from [/scratch/genevol/users/lucas/V1/grmNAfr.grm.bin].
Reading phenotypes from [/raid/genevol/users/lucas/heritability/02.GCTA/data/geneHLA-C.txt].
Non-missing phenotypes of 445 individuals are included from [/raid/genevol/users/lucas/heritability/02.GCTA/data/geneHLA-C.txt].
Reading discrete covariate(s) from [/raid/genevol/users/lucas/heritability/02.GCTA/data/envir2.txt].
1 discrete covariate(s) of 445 individuals are included from [/raid/genevol/users/lucas/heritability/02.GCTA/data/envir2.txt].

1 discrete variable(s) included as covariate(s).
358 individuals are in common in these files.

Performing  REML analysis ... (Note: may take hours depending on sample size).
358 observations, 7 fixed effect(s), and 2 variance component(s)(including residual variance).
Calculating prior values of variance components by EM-REML ...
Updated prior values: 49500.4 49509.3
logL: -2188.12
Running AI-REML algorithm ...
Iter.	logL	V(G)	V(e)	
1	-2184.02	47545.49218	46486.06659	
2	-2182.98	46394.05219	44641.25673	
3	-2182.55	45692.64793	43450.90240	
4	-2182.36	44321.59836	40933.91041	
5	-2182.20	44576.39678	40840.98536	
6	-2182.20	44637.99767	40779.60562	
7	-2182.20	44659.86585	40757.70598	
8	-2182.20	44667.64473	40749.91588	
9	-2182.20	44670.41124	40747.14538	
Log-likelihood ratio converged.

Calculating the logLikelihood for the reduced model ...
(variance component 1 is dropped from the model)
Calculating prior values of variance components by EM-REML ...
Updated prior values: 86154.96843
logL: -2188.13904
Running AI-REML algorithm ...
Iter.	logL	V(e)	
1	-2182.32	85990.61749	
2	-2182.32	85878.72881	
3	-2182.32	85637.31464	
4	-2182.32	85637.99137	
5	-2182.32	85637.99138	
Log-likelihood ratio converged.

Summary result of REML analysis:
Source	Variance	SE
V(G)	44670.411240	91656.373835
V(e)	40747.145375	91778.261968
Vp	85417.556616	6449.114655
V(G)/Vp	0.522965	1.073123

Sampling variance/covariance of the estimates of variance components:
8.400891e+09	-8.391275e+09	
-8.391275e+09	8.423249e+09	

Summary result of REML analysis has been saved in the file [/raid/genevol/users/lucas/heritability/03.Heritability/Results/V1/HLA-C/HLA-CNAfr2.hsq].

Analysis finished at 22:21:14 -03 on Mon Jun 07 2021
Overall computational time: 0.97 sec.
