*******************************************************************
* Genome-wide Complex Trait Analysis (GCTA)
* version 1.93.2 beta Linux
* (C) 2010-present, Jian Yang, The University of Queensland
* Please report bugs to Jian Yang <jian.yang.qt@gmail.com>
*******************************************************************
Analysis started at 22:21:06 -03 on Mon Jun 07 2021.
Hostname: darwin

Accepted options:
--reml
--reml-alg 0
--reml-maxit 1000
--grm /scratch/genevol/users/lucas/V1/grmFull
--pheno /raid/genevol/users/lucas/heritability/02.GCTA/data/geneHLA-C.txt
--covar /raid/genevol/users/lucas/heritability/02.GCTA/data/envir1.txt
--out /raid/genevol/users/lucas/heritability/03.Heritability/Results/V1/HLA-C/HLA-CFull1

Note: This is a multi-thread program. You could specify the number of threads by the --thread-num option to speed up the computation if there are multiple processors in your machine.

Reading IDs of the GRM from [/scratch/genevol/users/lucas/V1/grmFull.grm.id].
2504 IDs read from [/scratch/genevol/users/lucas/V1/grmFull.grm.id].
Reading the GRM from [/scratch/genevol/users/lucas/V1/grmFull.grm.bin].
GRM for 2504 individuals are included from [/scratch/genevol/users/lucas/V1/grmFull.grm.bin].
Reading phenotypes from [/raid/genevol/users/lucas/heritability/02.GCTA/data/geneHLA-C.txt].
Non-missing phenotypes of 445 individuals are included from [/raid/genevol/users/lucas/heritability/02.GCTA/data/geneHLA-C.txt].
Reading discrete covariate(s) from [/raid/genevol/users/lucas/heritability/02.GCTA/data/envir1.txt].
2 discrete covariate(s) of 445 individuals are included from [/raid/genevol/users/lucas/heritability/02.GCTA/data/envir1.txt].

2 discrete variable(s) included as covariate(s).
445 individuals are in common in these files.

Performing  REML analysis ... (Note: may take hours depending on sample size).
445 observations, 8 fixed effect(s), and 2 variance component(s)(including residual variance).
Calculating prior values of variance components by EM-REML ...
Updated prior values: 47512.3 54059.1
logL: -2775.4
Running AI-REML algorithm ...
Iter.	logL	V(G)	V(e)	
1	-2757.51	7089.66016	105540.48249	
2	-2751.66	9305.33507	94794.56575	
3	-2749.70	11024.20926	87845.58370	
4	-2748.90	12196.57409	83373.62395	
5	-2748.56	14415.44795	74572.26649	
6	-2748.30	13042.81713	77100.62801	
7	-2748.30	13801.94061	75845.66104	
8	-2748.30	13436.83529	76451.62677	
9	-2748.30	13626.47018	76137.56041	
10	-2748.30	13531.21880	76295.45706	
11	-2748.30	13579.93788	76214.73656	
12	-2748.30	13555.23993	76255.66749	
13	-2748.30	13567.81824	76234.82460	
14	-2748.30	13561.42714	76245.41565	
15	-2748.30	13564.67834	76240.02808	
Log-likelihood ratio converged.

Calculating the logLikelihood for the reduced model ...
(variance component 1 is dropped from the model)
Calculating prior values of variance components by EM-REML ...
Updated prior values: 100726.53167
logL: -2757.03742
Running AI-REML algorithm ...
Iter.	logL	V(e)	
1	-2751.22	100571.25242	
2	-2751.22	100465.44415	
3	-2751.22	100237.00898	
4	-2751.22	100237.52721	
5	-2751.22	100237.52721	
Log-likelihood ratio converged.

Summary result of REML analysis:
Source	Variance	SE
V(G)	13564.678338	14363.151597
V(e)	76240.028081	24306.611775
Vp	89804.706419	11208.619641
V(G)/Vp	0.151046	0.175454

Sampling variance/covariance of the estimates of variance components:
2.063001e+08	-3.357392e+08	
-3.357392e+08	5.908114e+08	

Summary result of REML analysis has been saved in the file [/raid/genevol/users/lucas/heritability/03.Heritability/Results/V1/HLA-C/HLA-CFull1.hsq].

Analysis finished at 22:21:08 -03 on Mon Jun 07 2021
Overall computational time: 1.77 sec.
