*******************************************************************
* Genome-wide Complex Trait Analysis (GCTA)
* version 1.93.2 beta Linux
* (C) 2010-present, Jian Yang, The University of Queensland
* Please report bugs to Jian Yang <jian.yang.qt@gmail.com>
*******************************************************************
Analysis started at 23:19:32 -03 on Wed Jun 09 2021.
Hostname: darwin

Accepted options:
--reml
--reml-alg 0
--reml-maxit 1000
--grm /scratch/genevol/users/lucas/V1/grmNAfr
--pheno /raid/genevol/users/lucas/heritability/02.GCTA/data/geneNAfrHLA-C.txt
--covar /raid/genevol/users/lucas/heritability/02.GCTA/data/envir0.txt
--reml-est-fix
--out /raid/genevol/users/lucas/heritability/03.Heritability/Results/V1/HLA-C/NAfrHLA-C0

Note: This is a multi-thread program. You could specify the number of threads by the --thread-num option to speed up the computation if there are multiple processors in your machine.

Reading IDs of the GRM from [/scratch/genevol/users/lucas/V1/grmNAfr.grm.id].
358 IDs read from [/scratch/genevol/users/lucas/V1/grmNAfr.grm.id].
Reading the GRM from [/scratch/genevol/users/lucas/V1/grmNAfr.grm.bin].
GRM for 358 individuals are included from [/scratch/genevol/users/lucas/V1/grmNAfr.grm.bin].
Reading phenotypes from [/raid/genevol/users/lucas/heritability/02.GCTA/data/geneNAfrHLA-C.txt].
Non-missing phenotypes of 358 individuals are included from [/raid/genevol/users/lucas/heritability/02.GCTA/data/geneNAfrHLA-C.txt].
Reading discrete covariate(s) from [/raid/genevol/users/lucas/heritability/02.GCTA/data/envir0.txt].
3 discrete covariate(s) of 445 individuals are included from [/raid/genevol/users/lucas/heritability/02.GCTA/data/envir0.txt].

3 discrete variable(s) included as covariate(s).
358 individuals are in common in these files.

Performing  REML analysis ... (Note: may take hours depending on sample size).
358 observations, 11 fixed effect(s), and 2 variance component(s)(including residual variance).
Calculating prior values of variance components by EM-REML ...
Updated prior values: 49657.8 49591.8
logL: -2171.44
Running AI-REML algorithm ...
Iter.	logL	V(G)	V(e)	
1	-2167.48	75612.93646	18635.03763	
2	-2166.34	90063.57880	1216.31862	
3	-2165.87	89420.87020	0.11208	(1 component(s) constrained)
4	-2167.92	85589.33710	0.11208	(1 component(s) constrained)
5	-2165.70	85754.84693	0.11208	(1 component(s) constrained)
6	-2165.70	85762.93570	0.11208	(1 component(s) constrained)
Log-likelihood ratio converged.

Calculating the logLikelihood for the reduced model ...
(variance component 1 is dropped from the model)
Calculating prior values of variance components by EM-REML ...
Updated prior values: 86493.37358
logL: -2171.68166
Running AI-REML algorithm ...
Iter.	logL	V(e)	
1	-2165.96	86234.66231	
2	-2165.95	86059.00462	
3	-2165.95	85680.68805	
4	-2165.95	85682.34382	
5	-2165.95	85682.34385	
Log-likelihood ratio converged.

Summary result of REML analysis:
Source	Variance	SE
V(G)	85762.935697	115887.910483
V(e)	0.112078	115355.811685
Vp	85763.047775	6522.071090
V(G)/Vp	0.999999	1.345053

Sampling variance/covariance of the estimates of variance components:
1.343001e+10	-1.334722e+10	
-1.334722e+10	1.330696e+10	
Estimatesof fixed effects:

Source	Estimate	SE
mean	1245.174547	45.362580
X_2	-23.357907	31.488969
X_3	-236.968513	60.194155
X_4	-394.904589	52.807456
X_5	-341.623564	62.277453
X_6	-121.705694	54.293910
X_7	-419.393597	46.564924
X_8	-95.812670	63.231083
X_9	8.623240	62.330016
X_10	57.635849	45.285014
X_11	68.474251	52.482256

Summary result of REML analysis has been saved in the file [/raid/genevol/users/lucas/heritability/03.Heritability/Results/V1/HLA-C/NAfrHLA-C0.hsq].

Analysis finished at 23:19:33 -03 on Wed Jun 09 2021
Overall computational time: 0.90 sec.
