*******************************************************************
* Genome-wide Complex Trait Analysis (GCTA)
* version 1.93.2 beta Linux
* (C) 2010-present, Jian Yang, The University of Queensland
* Please report bugs to Jian Yang <jian.yang.qt@gmail.com>
*******************************************************************
Analysis started at 23:20:48 -03 on Wed Jun 09 2021.
Hostname: darwin

Accepted options:
--reml
--reml-alg 0
--reml-maxit 1000
--grm /scratch/genevol/users/lucas/V1/grmFull
--pheno /raid/genevol/users/lucas/heritability/02.GCTA/data/geneHLA-DQB1.txt
--covar /raid/genevol/users/lucas/heritability/02.GCTA/data/envir0.txt
--reml-est-fix
--out /raid/genevol/users/lucas/heritability/03.Heritability/Results/V1/HLA-DQB1/FullHLA-DQB10

Note: This is a multi-thread program. You could specify the number of threads by the --thread-num option to speed up the computation if there are multiple processors in your machine.

Reading IDs of the GRM from [/scratch/genevol/users/lucas/V1/grmFull.grm.id].
2504 IDs read from [/scratch/genevol/users/lucas/V1/grmFull.grm.id].
Reading the GRM from [/scratch/genevol/users/lucas/V1/grmFull.grm.bin].
GRM for 2504 individuals are included from [/scratch/genevol/users/lucas/V1/grmFull.grm.bin].
Reading phenotypes from [/raid/genevol/users/lucas/heritability/02.GCTA/data/geneHLA-DQB1.txt].
Non-missing phenotypes of 445 individuals are included from [/raid/genevol/users/lucas/heritability/02.GCTA/data/geneHLA-DQB1.txt].
Reading discrete covariate(s) from [/raid/genevol/users/lucas/heritability/02.GCTA/data/envir0.txt].
3 discrete covariate(s) of 445 individuals are included from [/raid/genevol/users/lucas/heritability/02.GCTA/data/envir0.txt].

3 discrete variable(s) included as covariate(s).
445 individuals are in common in these files.

Performing  REML analysis ... (Note: may take hours depending on sample size).
445 observations, 12 fixed effect(s), and 2 variance component(s)(including residual variance).
Calculating prior values of variance components by EM-REML ...
Updated prior values: 14705.5 16480.8
logL: -2502.31
Running AI-REML algorithm ...
Iter.	logL	V(G)	V(e)	
1	-2486.83	10210.43329	19812.51064	
2	-2482.34	8302.29923	20821.76281	
3	-2480.67	7301.38747	21214.49167	
4	-2479.98	6719.77184	21389.25883	
5	-2479.68	5586.43441	21658.20355	
6	-2479.44	5681.57121	21576.69854	
7	-2479.44	5681.36514	21577.21896	
8	-2479.44	5681.36702	21577.21588	
Log-likelihood ratio converged.

Calculating the logLikelihood for the reduced model ...
(variance component 1 is dropped from the model)
Calculating prior values of variance components by EM-REML ...
Updated prior values: 31099.11920
logL: -2484.42092
Running AI-REML algorithm ...
Iter.	logL	V(e)	
1	-2479.52	31033.65439	
2	-2479.52	30989.10824	
3	-2479.51	30893.02602	
4	-2479.51	30893.32300	
5	-2479.51	30893.32300	
Log-likelihood ratio converged.

Summary result of REML analysis:
Source	Variance	SE
V(G)	5681.367023	14840.859843
V(e)	21577.215883	24316.416036
Vp	27258.582906	9616.453094
V(G)/Vp	0.208425	0.616415

Sampling variance/covariance of the estimates of variance components:
2.202511e+08	-3.595315e+08	
-3.595315e+08	5.912881e+08	
Estimatesof fixed effects:

Source	Estimate	SE
mean	775.470497	32.214160
X_2	-35.093381	17.002443
X_3	-29.526672	32.917499
X_4	-69.699049	28.875486
X_5	-86.158420	33.470450
X_6	-50.549012	29.133408
X_7	-133.779054	25.035080
X_8	34.108352	33.342131
X_9	-149.641147	31.421920
X_10	-221.943287	26.968062
X_11	-155.954413	27.866725
X_12	-92.319212	51.010055

Summary result of REML analysis has been saved in the file [/raid/genevol/users/lucas/heritability/03.Heritability/Results/V1/HLA-DQB1/FullHLA-DQB10.hsq].

Analysis finished at 23:20:49 -03 on Wed Jun 09 2021
Overall computational time: 1.37 sec.
