*******************************************************************
* Genome-wide Complex Trait Analysis (GCTA)
* version 1.93.2 beta Linux
* (C) 2010-present, Jian Yang, The University of Queensland
* Please report bugs to Jian Yang <jian.yang.qt@gmail.com>
*******************************************************************
Analysis started at 22:22:00 -03 on Mon Jun 07 2021.
Hostname: darwin

Accepted options:
--reml
--reml-alg 0
--reml-maxit 1000
--grm /scratch/genevol/users/lucas/V1/grmFull
--pheno /raid/genevol/users/lucas/heritability/02.GCTA/data/geneHLA-DQB1.txt
--covar /raid/genevol/users/lucas/heritability/02.GCTA/data/envir1.txt
--out /raid/genevol/users/lucas/heritability/03.Heritability/Results/V1/HLA-DQB1/HLA-DQB1Full1

Note: This is a multi-thread program. You could specify the number of threads by the --thread-num option to speed up the computation if there are multiple processors in your machine.

Reading IDs of the GRM from [/scratch/genevol/users/lucas/V1/grmFull.grm.id].
2504 IDs read from [/scratch/genevol/users/lucas/V1/grmFull.grm.id].
Reading the GRM from [/scratch/genevol/users/lucas/V1/grmFull.grm.bin].
GRM for 2504 individuals are included from [/scratch/genevol/users/lucas/V1/grmFull.grm.bin].
Reading phenotypes from [/raid/genevol/users/lucas/heritability/02.GCTA/data/geneHLA-DQB1.txt].
Non-missing phenotypes of 445 individuals are included from [/raid/genevol/users/lucas/heritability/02.GCTA/data/geneHLA-DQB1.txt].
Reading discrete covariate(s) from [/raid/genevol/users/lucas/heritability/02.GCTA/data/envir1.txt].
2 discrete covariate(s) of 445 individuals are included from [/raid/genevol/users/lucas/heritability/02.GCTA/data/envir1.txt].

2 discrete variable(s) included as covariate(s).
445 individuals are in common in these files.

Performing  REML analysis ... (Note: may take hours depending on sample size).
445 observations, 8 fixed effect(s), and 2 variance component(s)(including residual variance).
Calculating prior values of variance components by EM-REML ...
Updated prior values: 15774.5   17122
logL: -2539.31
Running AI-REML algorithm ...
Iter.	logL	V(G)	V(e)	
1	-2530.70	18395.27528	10028.66044	
2	-2528.55	20504.32587	4959.18041	
3	-2527.65	22149.45155	1272.27439	
4	-2527.25	18847.24678	0.03852	(1 component(s) constrained)
5	-2529.33	19348.75647	0.03852	(1 component(s) constrained)
6	-2528.53	19362.45607	0.03852	(1 component(s) constrained)
7	-2528.51	19362.46577	0.03852	(1 component(s) constrained)
8	-2528.51	19362.46577	0.03852	(1 component(s) constrained)
Log-likelihood ratio converged.

Calculating the logLikelihood for the reduced model ...
(variance component 1 is dropped from the model)
Calculating prior values of variance components by EM-REML ...
Updated prior values: 36179.81837
logL: -2528.73307
Running AI-REML algorithm ...
Iter.	logL	V(e)	
1	-2528.30	36166.23601	
2	-2528.30	36136.86339	
3	-2528.30	36136.88723	
Log-likelihood ratio converged.

Summary result of REML analysis:
Source	Variance	SE
V(G)	19362.465775	13794.713099
V(e)	0.038525	22498.325094
Vp	19362.504300	8845.734985
V(G)/Vp	0.999998	1.161952

Sampling variance/covariance of the estimates of variance components:
1.902941e+08	-3.091109e+08	
-3.091109e+08	5.061746e+08	

Summary result of REML analysis has been saved in the file [/raid/genevol/users/lucas/heritability/03.Heritability/Results/V1/HLA-DQB1/HLA-DQB1Full1.hsq].

Analysis finished at 22:22:02 -03 on Mon Jun 07 2021
Overall computational time: 1.38 sec.
