*******************************************************************
* Genome-wide Complex Trait Analysis (GCTA)
* version 1.93.2 beta Linux
* (C) 2010-present, Jian Yang, The University of Queensland
* Please report bugs to Jian Yang <jian.yang.qt@gmail.com>
*******************************************************************
Analysis started at 23:21:05 -03 on Wed Jun 09 2021.
Hostname: darwin

Accepted options:
--reml
--reml-alg 0
--reml-maxit 1000
--grm /scratch/genevol/users/lucas/V1/grmNAfr
--pheno /raid/genevol/users/lucas/heritability/02.GCTA/data/geneNAfrHLA-DQB1.txt
--covar /raid/genevol/users/lucas/heritability/02.GCTA/data/envir1.txt
--reml-est-fix
--out /raid/genevol/users/lucas/heritability/03.Heritability/Results/V1/HLA-DQB1/NAfrHLA-DQB11

Note: This is a multi-thread program. You could specify the number of threads by the --thread-num option to speed up the computation if there are multiple processors in your machine.

Reading IDs of the GRM from [/scratch/genevol/users/lucas/V1/grmNAfr.grm.id].
358 IDs read from [/scratch/genevol/users/lucas/V1/grmNAfr.grm.id].
Reading the GRM from [/scratch/genevol/users/lucas/V1/grmNAfr.grm.bin].
GRM for 358 individuals are included from [/scratch/genevol/users/lucas/V1/grmNAfr.grm.bin].
Reading phenotypes from [/raid/genevol/users/lucas/heritability/02.GCTA/data/geneNAfrHLA-DQB1.txt].
Non-missing phenotypes of 358 individuals are included from [/raid/genevol/users/lucas/heritability/02.GCTA/data/geneNAfrHLA-DQB1.txt].
Reading discrete covariate(s) from [/raid/genevol/users/lucas/heritability/02.GCTA/data/envir1.txt].
2 discrete covariate(s) of 445 individuals are included from [/raid/genevol/users/lucas/heritability/02.GCTA/data/envir1.txt].

2 discrete variable(s) included as covariate(s).
358 individuals are in common in these files.

Performing  REML analysis ... (Note: may take hours depending on sample size).
358 observations, 8 fixed effect(s), and 2 variance component(s)(including residual variance).
Calculating prior values of variance components by EM-REML ...
Updated prior values: 18665.8 18578.5
logL: -2027.5
Running AI-REML algorithm ...
Iter.	logL	V(G)	V(e)	
1	-2027.24	36527.52960	0.03841	(1 component(s) constrained)
2	-2026.65	35266.45995	0.03841	(1 component(s) constrained)
3	-2027.61	35311.05983	0.03841	(1 component(s) constrained)
4	-2026.58	35308.20257	0.03841	(1 component(s) constrained)
5	-2026.43	35309.58259	0.03841	(1 component(s) constrained)
6	-2026.02	35309.32698	0.03841	(1 component(s) constrained)
7	-2028.01	35313.12167	0.03841	(1 component(s) constrained)
8	-2027.12	35309.86636	0.03841	(1 component(s) constrained)
9	-2026.30	35310.85012	0.03841	(1 component(s) constrained)
10	-2025.88	35309.66519	0.03841	(1 component(s) constrained)
11	-2026.04	35317.55830	0.03841	(1 component(s) constrained)
12	-2026.96	35319.73875	0.03841	(1 component(s) constrained)
13	-2026.01	35314.46924	0.03841	(1 component(s) constrained)
14	-2026.20	35313.02894	0.03841	(1 component(s) constrained)
15	-2025.68	35312.85534	0.03841	(1 component(s) constrained)
16	-2025.79	35317.14634	0.03841	(1 component(s) constrained)
17	-2025.84	35309.33374	0.03841	(1 component(s) constrained)
18	-2026.10	35311.25277	0.03841	(1 component(s) constrained)
19	-2025.96	35316.73109	0.03841	(1 component(s) constrained)
20	-2026.87	35315.84477	0.03841	(1 component(s) constrained)
21	-2025.51	35307.54685	0.03841	(1 component(s) constrained)
22	-2026.11	35306.42941	0.03841	(1 component(s) constrained)
23	-2026.59	35317.69702	0.03841	(1 component(s) constrained)
24	-2027.00	35313.23839	0.03841	(1 component(s) constrained)
25	-2026.85	35315.00276	0.03841	(1 component(s) constrained)
26	-2027.10	35309.82264	0.03841	(1 component(s) constrained)
27	-2026.46	35310.98388	0.03841	(1 component(s) constrained)
28	-2026.37	35310.01550	0.03841	(1 component(s) constrained)
29	-2026.09	35320.63024	0.03841	(1 component(s) constrained)
30	-2026.53	35316.60166	0.03841	(1 component(s) constrained)
31	-2026.81	35312.21892	0.03841	(1 component(s) constrained)
32	-2026.15	35308.46488	0.03841	(1 component(s) constrained)
33	-2026.51	35314.89603	0.03841	(1 component(s) constrained)
34	-2026.72	35305.55424	0.03841	(1 component(s) constrained)
35	-2026.47	35320.47598	0.03841	(1 component(s) constrained)
36	-2026.39	35314.77191	0.03841	(1 component(s) constrained)
37	-2026.73	35306.86142	0.03841	(1 component(s) constrained)
38	-2026.91	35310.70446	0.03841	(1 component(s) constrained)
39	-2027.08	35311.00559	0.03841	(1 component(s) constrained)
40	-2026.61	35308.81468	0.03841	(1 component(s) constrained)
41	-2026.73	35312.60096	0.03841	(1 component(s) constrained)
42	-2026.51	35315.69237	0.03841	(1 component(s) constrained)
43	-2025.93	35314.57237	0.03841	(1 component(s) constrained)
44	-2026.16	35308.64515	0.03841	(1 component(s) constrained)
45	-2027.28	35317.77846	0.03841	(1 component(s) constrained)
46	-2026.66	35308.09182	0.03841	(1 component(s) constrained)
47	-2027.71	35300.58743	0.03841	(1 component(s) constrained)
48	-2026.82	35312.83535	0.03841	(1 component(s) constrained)
49	-2026.14	35310.05406	0.03841	(1 component(s) constrained)
50	-2025.59	35311.52547	0.03841	(1 component(s) constrained)
51	-2026.04	35302.17168	0.03841	(1 component(s) constrained)
52	-2027.28	35309.71306	0.03841	(1 component(s) constrained)
53	-2026.03	35318.84346	0.03841	(1 component(s) constrained)
54	-2027.39	35316.81447	0.03841	(1 component(s) constrained)
55	-2026.70	35307.28570	0.03841	(1 component(s) constrained)
56	-2025.50	35317.11195	0.03841	(1 component(s) constrained)
57	-2027.02	35315.17057	0.03841	(1 component(s) constrained)
58	-2026.81	35315.24469	0.03841	(1 component(s) constrained)
59	-2026.45	35318.60608	0.03841	(1 component(s) constrained)
60	-2026.71	35305.38202	0.03841	(1 component(s) constrained)
61	-2026.11	35310.29978	0.03841	(1 component(s) constrained)
62	-2026.70	35308.94965	0.03841	(1 component(s) constrained)
63	-2026.93	35311.86750	0.03841	(1 component(s) constrained)
64	-2025.55	35306.99849	0.03841	(1 component(s) constrained)
65	-2026.60	35305.55131	0.03841	(1 component(s) constrained)
66	-2026.99	35314.49017	0.03841	(1 component(s) constrained)
67	-2026.44	35316.10673	0.03841	(1 component(s) constrained)
68	-2026.34	35312.27337	0.03841	(1 component(s) constrained)
69	-2025.97	35317.48384	0.03841	(1 component(s) constrained)
70	-2025.76	35309.69144	0.03841	(1 component(s) constrained)
71	-2025.97	35313.81303	0.03841	(1 component(s) constrained)
72	-2025.81	35314.21038	0.03841	(1 component(s) constrained)
73	-2026.47	35304.48190	0.03841	(1 component(s) constrained)
74	-2026.22	35315.08379	0.03841	(1 component(s) constrained)
75	-2026.55	35313.55247	0.03841	(1 component(s) constrained)
76	-2026.56	35316.01086	0.03841	(1 component(s) constrained)
77	-2026.23	35311.68438	0.03841	(1 component(s) constrained)
78	-2026.24	35309.81234	0.03841	(1 component(s) constrained)
79	-2025.88	35308.45229	0.03841	(1 component(s) constrained)
80	-2026.31	35314.97009	0.03841	(1 component(s) constrained)
81	-2026.98	35308.41074	0.03841	(1 component(s) constrained)
82	-2027.37	35311.49642	0.03841	(1 component(s) constrained)
83	-2026.21	35309.70657	0.03841	(1 component(s) constrained)
84	-2025.66	35309.86823	0.03841	(1 component(s) constrained)
85	-2026.97	35317.93505	0.03841	(1 component(s) constrained)
86	-2026.04	35314.59209	0.03841	(1 component(s) constrained)
87	-2026.44	35308.31749	0.03841	(1 component(s) constrained)
88	-2026.49	35310.34276	0.03841	(1 component(s) constrained)
89	-2026.19	35309.48848	0.03841	(1 component(s) constrained)
90	-2026.97	35311.71477	0.03841	(1 component(s) constrained)
91	-2025.82	35313.45676	0.03841	(1 component(s) constrained)
92	-2025.21	35314.02886	0.03841	(1 component(s) constrained)
93	-2026.68	35307.79394	0.03841	(1 component(s) constrained)
94	-2025.29	35314.53312	0.03841	(1 component(s) constrained)
95	-2026.52	35315.30761	0.03841	(1 component(s) constrained)
96	-2025.54	35309.10642	0.03841	(1 component(s) constrained)
97	-2026.48	35312.91048	0.03841	(1 component(s) constrained)
98	-2025.40	35312.67349	0.03841	(1 component(s) constrained)
99	-2026.26	35312.38513	0.03841	(1 component(s) constrained)
100	-2025.70	35308.26803	0.03841	(1 component(s) constrained)
101	-2025.57	35307.69040	0.03841	(1 component(s) constrained)
102	-2026.03	35308.86251	0.03841	(1 component(s) constrained)
103	-2025.96	35311.93900	0.03841	(1 component(s) constrained)
104	-2026.43	35311.94434	0.03841	(1 component(s) constrained)
105	-2025.92	35313.55690	0.03841	(1 component(s) constrained)
106	-2026.50	35316.13421	0.03841	(1 component(s) constrained)
107	-2026.56	35308.63977	0.03841	(1 component(s) constrained)
108	-2027.81	35309.66364	0.03841	(1 component(s) constrained)
109	-2026.62	35311.97484	0.03841	(1 component(s) constrained)
110	-2026.33	35312.75911	0.03841	(1 component(s) constrained)
111	-2026.54	35317.25581	0.03841	(1 component(s) constrained)
112	-2026.43	35309.94202	0.03841	(1 component(s) constrained)
113	-2025.46	35311.73083	0.03841	(1 component(s) constrained)
114	-2025.85	35303.23815	0.03841	(1 component(s) constrained)
115	-2025.59	35314.39050	0.03841	(1 component(s) constrained)
116	-2026.41	35306.56975	0.03841	(1 component(s) constrained)
117	-2026.26	35300.70890	0.03841	(1 component(s) constrained)
118	-2025.77	35306.58650	0.03841	(1 component(s) constrained)
119	-2026.09	35310.27482	0.03841	(1 component(s) constrained)
120	-2025.39	35310.74136	0.03841	(1 component(s) constrained)
121	-2026.72	35306.74473	0.03841	(1 component(s) constrained)
122	-2025.62	35307.24022	0.03841	(1 component(s) constrained)
123	-2026.04	35307.91085	0.03841	(1 component(s) constrained)
124	-2025.50	35311.17713	0.03841	(1 component(s) constrained)
125	-2026.28	35314.75183	0.03841	(1 component(s) constrained)
126	-2027.52	35314.02424	0.03841	(1 component(s) constrained)
127	-2025.64	35317.55862	0.03841	(1 component(s) constrained)
128	-2026.29	35314.94966	0.03841	(1 component(s) constrained)
129	-2025.96	35310.97552	0.03841	(1 component(s) constrained)
130	-2025.36	35303.85498	0.03841	(1 component(s) constrained)
131	-2025.87	35310.68983	0.03841	(1 component(s) constrained)
132	-2026.71	35313.38404	0.03841	(1 component(s) constrained)
133	-2025.78	35303.51761	0.03841	(1 component(s) constrained)
134	-2026.07	35309.85300	0.03841	(1 component(s) constrained)
135	-2026.76	35310.16261	0.03841	(1 component(s) constrained)
136	-2025.95	35312.34454	0.03841	(1 component(s) constrained)
137	-2026.24	35314.98091	0.03841	(1 component(s) constrained)
138	-2026.58	35311.95242	0.03841	(1 component(s) constrained)
139	-2027.00	35311.22951	0.03841	(1 component(s) constrained)
140	-2026.42	35311.74135	0.03841	(1 component(s) constrained)
141	-2027.03	35312.82123	0.03841	(1 component(s) constrained)
142	-2025.40	35312.43472	0.03841	(1 component(s) constrained)
143	-2026.98	35313.88782	0.03841	(1 component(s) constrained)
144	-2025.10	35313.16348	0.03841	(1 component(s) constrained)
145	-2025.91	35312.27540	0.03841	(1 component(s) constrained)
146	-2025.88	35308.36208	0.03841	(1 component(s) constrained)
147	-2026.35	35322.08065	0.03841	(1 component(s) constrained)
148	-2025.53	35315.97660	0.03841	(1 component(s) constrained)
149	-2025.73	35310.04202	0.03841	(1 component(s) constrained)
150	-2026.85	35313.51128	0.03841	(1 component(s) constrained)
151	-2025.55	35310.17591	0.03841	(1 component(s) constrained)
152	-2026.38	35312.17100	0.03841	(1 component(s) constrained)
153	-2026.00	35307.02577	0.03841	(1 component(s) constrained)
154	-2026.51	35307.25003	0.03841	(1 component(s) constrained)
155	-2026.53	35308.63783	0.03841	(1 component(s) constrained)
156	-2027.06	35311.90948	0.03841	(1 component(s) constrained)
157	-2025.84	35306.73009	0.03841	(1 component(s) constrained)
158	-2026.43	35308.09503	0.03841	(1 component(s) constrained)
159	-2026.67	35315.83661	0.03841	(1 component(s) constrained)
160	-2026.29	35302.10118	0.03841	(1 component(s) constrained)
161	-2026.33	35317.19182	0.03841	(1 component(s) constrained)
162	-2025.92	35307.50979	0.03841	(1 component(s) constrained)
163	-2025.75	35321.17150	0.03841	(1 component(s) constrained)
164	-2025.96	35310.52284	0.03841	(1 component(s) constrained)
165	-2025.98	35309.89090	0.03841	(1 component(s) constrained)
166	-2026.34	35305.89504	0.03841	(1 component(s) constrained)
167	-2027.48	35310.33355	0.03841	(1 component(s) constrained)
168	-2026.82	35315.63306	0.03841	(1 component(s) constrained)
169	-2025.98	35306.28065	0.03841	(1 component(s) constrained)
170	-2026.65	35310.95533	0.03841	(1 component(s) constrained)
171	-2026.72	35311.53116	0.03841	(1 component(s) constrained)
172	-2026.75	35304.13071	0.03841	(1 component(s) constrained)
173	-2027.69	35313.94485	0.03841	(1 component(s) constrained)
174	-2025.48	35316.45573	0.03841	(1 component(s) constrained)
175	-2026.59	35317.10013	0.03841	(1 component(s) constrained)
176	-2026.85	35306.01273	0.03841	(1 component(s) constrained)
177	-2026.42	35309.43421	0.03841	(1 component(s) constrained)
178	-2025.80	35315.16835	0.03841	(1 component(s) constrained)
179	-2026.63	35309.68948	0.03841	(1 component(s) constrained)
180	-2026.66	35311.64051	0.03841	(1 component(s) constrained)
181	-2026.02	35316.39628	0.03841	(1 component(s) constrained)
182	-2025.87	35308.86372	0.03841	(1 component(s) constrained)
183	-2026.57	35306.83728	0.03841	(1 component(s) constrained)
184	-2026.40	35314.52364	0.03841	(1 component(s) constrained)
185	-2026.43	35312.47228	0.03841	(1 component(s) constrained)
186	-2026.89	35312.42562	0.03841	(1 component(s) constrained)
187	-2026.16	35306.01447	0.03841	(1 component(s) constrained)
188	-2026.48	35308.20587	0.03841	(1 component(s) constrained)
189	-2026.12	35308.90890	0.03841	(1 component(s) constrained)
190	-2026.75	35311.57871	0.03841	(1 component(s) constrained)
191	-2027.65	35324.95014	0.03841	(1 component(s) constrained)
192	-2026.41	35312.15958	0.03841	(1 component(s) constrained)
193	-2026.93	35313.83297	0.03841	(1 component(s) constrained)
194	-2025.68	35308.36921	0.03841	(1 component(s) constrained)
195	-2025.55	35308.22320	0.03841	(1 component(s) constrained)
196	-2026.20	35310.17777	0.03841	(1 component(s) constrained)
197	-2025.44	35312.82431	0.03841	(1 component(s) constrained)
198	-2027.24	35311.50431	0.03841	(1 component(s) constrained)
199	-2026.50	35317.40017	0.03841	(1 component(s) constrained)
200	-2025.81	35323.47722	0.03841	(1 component(s) constrained)
201	-2025.94	35315.75460	0.03841	(1 component(s) constrained)
202	-2027.38	35310.46163	0.03841	(1 component(s) constrained)
203	-2026.56	35315.16692	0.03841	(1 component(s) constrained)
204	-2026.48	35316.71649	0.03841	(1 component(s) constrained)
205	-2026.19	35311.07806	0.03841	(1 component(s) constrained)
206	-2026.66	35301.56637	0.03841	(1 component(s) constrained)
207	-2025.52	35305.25480	0.03841	(1 component(s) constrained)
208	-2026.20	35306.24711	0.03841	(1 component(s) constrained)
209	-2026.51	35314.54960	0.03841	(1 component(s) constrained)
210	-2025.94	35310.25860	0.03841	(1 component(s) constrained)
211	-2026.35	35310.85189	0.03841	(1 component(s) constrained)
212	-2027.91	35300.53702	0.03841	(1 component(s) constrained)
213	-2026.90	35320.20714	0.03841	(1 component(s) constrained)
214	-2026.96	35318.83728	0.03841	(1 component(s) constrained)
215	-2026.99	35321.15468	0.03841	(1 component(s) constrained)
216	-2026.11	35309.60467	0.03841	(1 component(s) constrained)
217	-2026.32	35315.64343	0.03841	(1 component(s) constrained)
218	-2026.85	35307.01998	0.03841	(1 component(s) constrained)
219	-2026.89	35309.61112	0.03841	(1 component(s) constrained)
220	-2025.70	35307.52384	0.03841	(1 component(s) constrained)
221	-2025.85	35306.85928	0.03841	(1 component(s) constrained)
222	-2025.28	35312.50131	0.03841	(1 component(s) constrained)
223	-2027.48	35312.86166	0.03841	(1 component(s) constrained)
224	-2025.37	35311.31829	0.03841	(1 component(s) constrained)
225	-2026.89	35312.28632	0.03841	(1 component(s) constrained)
226	-2026.14	35307.53771	0.03841	(1 component(s) constrained)
227	-2025.71	35315.84603	0.03841	(1 component(s) constrained)
228	-2026.03	35310.78355	0.03841	(1 component(s) constrained)
229	-2026.72	35309.38293	0.03841	(1 component(s) constrained)
230	-2026.33	35311.94100	0.03841	(1 component(s) constrained)
231	-2025.53	35317.36543	0.03841	(1 component(s) constrained)
232	-2025.37	35315.45457	0.03841	(1 component(s) constrained)
233	-2025.40	35315.95064	0.03841	(1 component(s) constrained)
234	-2025.69	35308.12366	0.03841	(1 component(s) constrained)
235	-2026.33	35316.07453	0.03841	(1 component(s) constrained)
236	-2026.34	35309.53172	0.03841	(1 component(s) constrained)
237	-2026.54	35305.34524	0.03841	(1 component(s) constrained)
238	-2026.58	35314.44547	0.03841	(1 component(s) constrained)
239	-2026.45	35303.05853	0.03841	(1 component(s) constrained)
240	-2025.89	35296.04012	0.03841	(1 component(s) constrained)
241	-2025.78	35313.86798	0.03841	(1 component(s) constrained)
242	-2026.92	35312.30141	0.03841	(1 component(s) constrained)
243	-2026.29	35308.60438	0.03841	(1 component(s) constrained)
244	-2025.60	35314.27763	0.03841	(1 component(s) constrained)
245	-2026.16	35309.46654	0.03841	(1 component(s) constrained)
246	-2025.93	35308.18567	0.03841	(1 component(s) constrained)
247	-2026.41	35306.97669	0.03841	(1 component(s) constrained)
248	-2025.42	35313.84513	0.03841	(1 component(s) constrained)
249	-2026.94	35305.34392	0.03841	(1 component(s) constrained)
250	-2026.37	35305.83998	0.03841	(1 component(s) constrained)
251	-2026.06	35308.54918	0.03841	(1 component(s) constrained)
252	-2026.97	35310.78497	0.03841	(1 component(s) constrained)
253	-2026.94	35309.57334	0.03841	(1 component(s) constrained)
254	-2025.81	35312.47527	0.03841	(1 component(s) constrained)
255	-2026.19	35312.70688	0.03841	(1 component(s) constrained)
256	-2026.53	35314.27279	0.03841	(1 component(s) constrained)
257	-2027.00	35315.11280	0.03841	(1 component(s) constrained)
258	-2026.27	35310.67219	0.03841	(1 component(s) constrained)
259	-2026.47	35312.91170	0.03841	(1 component(s) constrained)
260	-2026.64	35311.58360	0.03841	(1 component(s) constrained)
261	-2026.56	35315.47376	0.03841	(1 component(s) constrained)
262	-2026.71	35307.26621	0.03841	(1 component(s) constrained)
263	-2026.42	35307.91124	0.03841	(1 component(s) constrained)
264	-2026.76	35310.77143	0.03841	(1 component(s) constrained)
265	-2025.83	35308.77625	0.03841	(1 component(s) constrained)
266	-2026.11	35309.48589	0.03841	(1 component(s) constrained)
267	-2025.64	35317.02636	0.03841	(1 component(s) constrained)
268	-2026.44	35318.19685	0.03841	(1 component(s) constrained)
269	-2026.27	35309.66822	0.03841	(1 component(s) constrained)
270	-2025.51	35308.91799	0.03841	(1 component(s) constrained)
271	-2026.50	35314.83472	0.03841	(1 component(s) constrained)
272	-2026.64	35308.94550	0.03841	(1 component(s) constrained)
273	-2026.26	35314.04237	0.03841	(1 component(s) constrained)
274	-2027.39	35308.38983	0.03841	(1 component(s) constrained)
275	-2025.60	35308.30273	0.03841	(1 component(s) constrained)
276	-2026.88	35306.36701	0.03841	(1 component(s) constrained)
277	-2026.00	35313.45963	0.03841	(1 component(s) constrained)
278	-2027.51	35310.81526	0.03841	(1 component(s) constrained)
279	-2025.86	35308.79892	0.03841	(1 component(s) constrained)
280	-2026.62	35309.61500	0.03841	(1 component(s) constrained)
281	-2026.34	35307.99366	0.03841	(1 component(s) constrained)
282	-2026.79	35304.47881	0.03841	(1 component(s) constrained)
283	-2027.40	35306.37698	0.03841	(1 component(s) constrained)
284	-2026.10	35307.00503	0.03841	(1 component(s) constrained)
285	-2026.19	35310.63353	0.03841	(1 component(s) constrained)
286	-2026.54	35311.89449	0.03841	(1 component(s) constrained)
287	-2025.84	35309.58707	0.03841	(1 component(s) constrained)
288	-2026.32	35313.18861	0.03841	(1 component(s) constrained)
289	-2026.52	35312.42458	0.03841	(1 component(s) constrained)
290	-2026.04	35316.02164	0.03841	(1 component(s) constrained)
291	-2026.45	35310.70203	0.03841	(1 component(s) constrained)
292	-2026.36	35312.45709	0.03841	(1 component(s) constrained)
293	-2026.87	35312.06102	0.03841	(1 component(s) constrained)
294	-2025.91	35311.62492	0.03841	(1 component(s) constrained)
295	-2026.29	35311.27144	0.03841	(1 component(s) constrained)
296	-2026.66	35316.28206	0.03841	(1 component(s) constrained)
297	-2026.60	35310.23757	0.03841	(1 component(s) constrained)
298	-2026.45	35310.51188	0.03841	(1 component(s) constrained)
299	-2026.06	35311.89168	0.03841	(1 component(s) constrained)
300	-2026.28	35312.73159	0.03841	(1 component(s) constrained)
301	-2026.65	35315.63676	0.03841	(1 component(s) constrained)
302	-2026.91	35311.38521	0.03841	(1 component(s) constrained)
303	-2026.46	35301.76413	0.03841	(1 component(s) constrained)
304	-2027.68	35306.67037	0.03841	(1 component(s) constrained)
305	-2027.32	35308.91495	0.03841	(1 component(s) constrained)
306	-2026.35	35317.76299	0.03841	(1 component(s) constrained)
307	-2025.69	35307.27262	0.03841	(1 component(s) constrained)
308	-2026.72	35313.17222	0.03841	(1 component(s) constrained)
309	-2025.79	35304.55990	0.03841	(1 component(s) constrained)
310	-2026.32	35317.23047	0.03841	(1 component(s) constrained)
311	-2026.52	35314.62004	0.03841	(1 component(s) constrained)
312	-2026.65	35305.60157	0.03841	(1 component(s) constrained)
313	-2026.14	35314.26714	0.03841	(1 component(s) constrained)
314	-2026.10	35312.18644	0.03841	(1 component(s) constrained)
315	-2026.82	35306.79972	0.03841	(1 component(s) constrained)
316	-2026.20	35306.00526	0.03841	(1 component(s) constrained)
317	-2024.88	35311.40488	0.03841	(1 component(s) constrained)
318	-2026.42	35309.78007	0.03841	(1 component(s) constrained)
319	-2025.49	35308.29189	0.03841	(1 component(s) constrained)
320	-2026.07	35313.77635	0.03841	(1 component(s) constrained)
321	-2027.25	35316.46055	0.03841	(1 component(s) constrained)
322	-2026.16	35313.08518	0.03841	(1 component(s) constrained)
323	-2026.11	35309.45644	0.03841	(1 component(s) constrained)
324	-2026.92	35307.80855	0.03841	(1 component(s) constrained)
325	-2026.60	35312.83237	0.03841	(1 component(s) constrained)
326	-2026.54	35305.81310	0.03841	(1 component(s) constrained)
327	-2026.63	35309.65460	0.03841	(1 component(s) constrained)
328	-2026.07	35313.42658	0.03841	(1 component(s) constrained)
329	-2027.37	35304.69932	0.03841	(1 component(s) constrained)
330	-2026.13	35315.13693	0.03841	(1 component(s) constrained)
331	-2025.02	35313.87109	0.03841	(1 component(s) constrained)
332	-2025.47	35314.45873	0.03841	(1 component(s) constrained)
333	-2025.77	35311.63811	0.03841	(1 component(s) constrained)
334	-2027.03	35314.59275	0.03841	(1 component(s) constrained)
335	-2025.71	35311.51983	0.03841	(1 component(s) constrained)
336	-2026.53	35309.89796	0.03841	(1 component(s) constrained)
337	-2027.46	35306.93835	0.03841	(1 component(s) constrained)
338	-2026.96	35314.33021	0.03841	(1 component(s) constrained)
339	-2027.02	35316.13591	0.03841	(1 component(s) constrained)
340	-2026.30	35313.63102	0.03841	(1 component(s) constrained)
341	-2026.42	35315.64403	0.03841	(1 component(s) constrained)
342	-2025.12	35311.33984	0.03841	(1 component(s) constrained)
343	-2025.00	35310.62966	0.03841	(1 component(s) constrained)
344	-2026.19	35312.96636	0.03841	(1 component(s) constrained)
345	-2026.21	35318.59993	0.03841	(1 component(s) constrained)
346	-2026.63	35306.55538	0.03841	(1 component(s) constrained)
347	-2026.53	35305.54072	0.03841	(1 component(s) constrained)
348	-2025.52	35314.06650	0.03841	(1 component(s) constrained)
349	-2026.22	35312.86479	0.03841	(1 component(s) constrained)
350	-2026.79	35301.58094	0.03841	(1 component(s) constrained)
351	-2026.75	35313.60242	0.03841	(1 component(s) constrained)
352	-2027.58	35305.48516	0.03841	(1 component(s) constrained)
353	-2026.52	35306.51550	0.03841	(1 component(s) constrained)
354	-2025.87	35308.62149	0.03841	(1 component(s) constrained)
355	-2026.41	35311.11948	0.03841	(1 component(s) constrained)
356	-2024.76	35320.59238	0.03841	(1 component(s) constrained)
357	-2026.24	35317.16784	0.03841	(1 component(s) constrained)
358	-2026.79	35308.67422	0.03841	(1 component(s) constrained)
359	-2026.44	35317.69866	0.03841	(1 component(s) constrained)
360	-2025.99	35309.22930	0.03841	(1 component(s) constrained)
361	-2026.53	35313.65657	0.03841	(1 component(s) constrained)
362	-2026.75	35303.69543	0.03841	(1 component(s) constrained)
363	-2026.95	35313.64434	0.03841	(1 component(s) constrained)
364	-2027.03	35311.46907	0.03841	(1 component(s) constrained)
365	-2026.17	35310.60012	0.03841	(1 component(s) constrained)
366	-2026.17	35305.08075	0.03841	(1 component(s) constrained)
367	-2027.03	35306.07100	0.03841	(1 component(s) constrained)
368	-2026.86	35314.81160	0.03841	(1 component(s) constrained)
369	-2026.50	35311.28744	0.03841	(1 component(s) constrained)
370	-2026.25	35307.98587	0.03841	(1 component(s) constrained)
371	-2026.32	35322.00565	0.03841	(1 component(s) constrained)
372	-2026.71	35312.87097	0.03841	(1 component(s) constrained)
373	-2026.61	35317.14370	0.03841	(1 component(s) constrained)
374	-2026.67	35310.82576	0.03841	(1 component(s) constrained)
375	-2025.88	35311.18539	0.03841	(1 component(s) constrained)
376	-2026.14	35316.80296	0.03841	(1 component(s) constrained)
377	-2026.31	35310.75346	0.03841	(1 component(s) constrained)
378	-2026.40	35320.61897	0.03841	(1 component(s) constrained)
379	-2026.60	35311.20088	0.03841	(1 component(s) constrained)
380	-2025.32	35311.56570	0.03841	(1 component(s) constrained)
381	-2025.52	35312.07271	0.03841	(1 component(s) constrained)
382	-2026.92	35303.47370	0.03841	(1 component(s) constrained)
383	-2025.93	35314.12881	0.03841	(1 component(s) constrained)
384	-2026.72	35307.06721	0.03841	(1 component(s) constrained)
385	-2027.17	35305.91742	0.03841	(1 component(s) constrained)
386	-2026.05	35308.56430	0.03841	(1 component(s) constrained)
387	-2026.55	35309.40569	0.03841	(1 component(s) constrained)
388	-2026.05	35313.29309	0.03841	(1 component(s) constrained)
389	-2026.27	35317.21158	0.03841	(1 component(s) constrained)
390	-2025.73	35312.56107	0.03841	(1 component(s) constrained)
391	-2026.59	35308.27117	0.03841	(1 component(s) constrained)
392	-2025.49	35304.71567	0.03841	(1 component(s) constrained)
393	-2025.89	35307.84132	0.03841	(1 component(s) constrained)
394	-2026.53	35305.47766	0.03841	(1 component(s) constrained)
395	-2026.48	35321.23156	0.03841	(1 component(s) constrained)
396	-2025.57	35309.06208	0.03841	(1 component(s) constrained)
397	-2027.68	35314.74505	0.03841	(1 component(s) constrained)
398	-2026.33	35306.63448	0.03841	(1 component(s) constrained)
399	-2026.22	35305.76341	0.03841	(1 component(s) constrained)
400	-2027.29	35312.11018	0.03841	(1 component(s) constrained)
401	-2026.90	35318.09878	0.03841	(1 component(s) constrained)
402	-2027.04	35314.07038	0.03841	(1 component(s) constrained)
403	-2026.66	35300.98815	0.03841	(1 component(s) constrained)
404	-2026.62	35314.26470	0.03841	(1 component(s) constrained)
405	-2026.18	35315.61509	0.03841	(1 component(s) constrained)
406	-2026.76	35316.00702	0.03841	(1 component(s) constrained)
407	-2026.74	35314.05202	0.03841	(1 component(s) constrained)
408	-2026.84	35313.66022	0.03841	(1 component(s) constrained)
409	-2026.95	35310.54190	0.03841	(1 component(s) constrained)
410	-2026.32	35309.59199	0.03841	(1 component(s) constrained)
411	-2026.52	35307.51334	0.03841	(1 component(s) constrained)
412	-2025.96	35304.38668	0.03841	(1 component(s) constrained)
413	-2026.30	35314.69945	0.03841	(1 component(s) constrained)
414	-2027.23	35312.84223	0.03841	(1 component(s) constrained)
415	-2024.97	35309.76823	0.03841	(1 component(s) constrained)
416	-2026.97	35310.49194	0.03841	(1 component(s) constrained)
417	-2026.10	35308.48385	0.03841	(1 component(s) constrained)
418	-2025.51	35313.50209	0.03841	(1 component(s) constrained)
419	-2026.23	35309.13098	0.03841	(1 component(s) constrained)
420	-2026.53	35312.01074	0.03841	(1 component(s) constrained)
421	-2025.88	35308.03985	0.03841	(1 component(s) constrained)
422	-2026.47	35312.50954	0.03841	(1 component(s) constrained)
423	-2027.15	35306.62546	0.03841	(1 component(s) constrained)
424	-2025.60	35309.24530	0.03841	(1 component(s) constrained)
425	-2027.11	35308.57232	0.03841	(1 component(s) constrained)
426	-2027.58	35308.87732	0.03841	(1 component(s) constrained)
427	-2025.48	35309.37054	0.03841	(1 component(s) constrained)
428	-2026.43	35310.89671	0.03841	(1 component(s) constrained)
429	-2025.29	35310.54327	0.03841	(1 component(s) constrained)
430	-2027.02	35311.20834	0.03841	(1 component(s) constrained)
431	-2025.63	35314.12158	0.03841	(1 component(s) constrained)
432	-2027.32	35315.87159	0.03841	(1 component(s) constrained)
433	-2027.26	35311.20731	0.03841	(1 component(s) constrained)
434	-2024.86	35314.10982	0.03841	(1 component(s) constrained)
435	-2026.23	35312.52755	0.03841	(1 component(s) constrained)
436	-2025.67	35317.48760	0.03841	(1 component(s) constrained)
437	-2027.04	35311.60164	0.03841	(1 component(s) constrained)
438	-2025.89	35305.77879	0.03841	(1 component(s) constrained)
439	-2025.86	35308.40115	0.03841	(1 component(s) constrained)
440	-2027.01	35311.14318	0.03841	(1 component(s) constrained)
441	-2025.74	35307.12861	0.03841	(1 component(s) constrained)
442	-2026.28	35308.95754	0.03841	(1 component(s) constrained)
443	-2025.41	35303.84205	0.03841	(1 component(s) constrained)
444	-2026.71	35310.75997	0.03841	(1 component(s) constrained)
445	-2025.30	35309.37589	0.03841	(1 component(s) constrained)
446	-2025.81	35307.84386	0.03841	(1 component(s) constrained)
447	-2026.01	35315.20285	0.03841	(1 component(s) constrained)
448	-2025.64	35307.51879	0.03841	(1 component(s) constrained)
449	-2026.47	35308.96549	0.03841	(1 component(s) constrained)
450	-2026.18	35307.09370	0.03841	(1 component(s) constrained)
451	-2026.68	35314.96221	0.03841	(1 component(s) constrained)
452	-2026.30	35318.80199	0.03841	(1 component(s) constrained)
453	-2026.84	35307.94219	0.03841	(1 component(s) constrained)
454	-2026.76	35316.69519	0.03841	(1 component(s) constrained)
455	-2026.79	35306.32318	0.03841	(1 component(s) constrained)
456	-2025.72	35305.78082	0.03841	(1 component(s) constrained)
457	-2026.63	35306.95787	0.03841	(1 component(s) constrained)
458	-2026.04	35311.72486	0.03841	(1 component(s) constrained)
459	-2027.01	35306.96900	0.03841	(1 component(s) constrained)
460	-2025.71	35310.93424	0.03841	(1 component(s) constrained)
461	-2026.79	35310.96843	0.03841	(1 component(s) constrained)
462	-2025.94	35315.83482	0.03841	(1 component(s) constrained)
463	-2026.06	35313.73097	0.03841	(1 component(s) constrained)
464	-2025.86	35310.66672	0.03841	(1 component(s) constrained)
465	-2026.54	35314.71754	0.03841	(1 component(s) constrained)
466	-2026.88	35316.40282	0.03841	(1 component(s) constrained)
467	-2026.28	35310.96858	0.03841	(1 component(s) constrained)
468	-2027.25	35309.43658	0.03841	(1 component(s) constrained)
469	-2027.36	35311.93208	0.03841	(1 component(s) constrained)
470	-2026.37	35311.30263	0.03841	(1 component(s) constrained)
471	-2026.74	35309.39616	0.03841	(1 component(s) constrained)
472	-2026.20	35312.03860	0.03841	(1 component(s) constrained)
473	-2026.18	35318.43703	0.03841	(1 component(s) constrained)
474	-2026.18	35315.07688	0.03841	(1 component(s) constrained)
475	-2026.02	35306.58185	0.03841	(1 component(s) constrained)
476	-2026.72	35307.95136	0.03841	(1 component(s) constrained)
477	-2026.18	35311.95215	0.03841	(1 component(s) constrained)
478	-2025.75	35313.17196	0.03841	(1 component(s) constrained)
479	-2025.67	35308.21213	0.03841	(1 component(s) constrained)
480	-2025.91	35316.20456	0.03841	(1 component(s) constrained)
481	-2026.84	35312.57519	0.03841	(1 component(s) constrained)
482	-2027.29	35308.90807	0.03841	(1 component(s) constrained)
483	-2027.05	35312.93681	0.03841	(1 component(s) constrained)
484	-2026.06	35309.40135	0.03841	(1 component(s) constrained)
485	-2027.13	35313.78551	0.03841	(1 component(s) constrained)
486	-2027.40	35308.11065	0.03841	(1 component(s) constrained)
487	-2027.07	35313.61510	0.03841	(1 component(s) constrained)
488	-2027.11	35310.48567	0.03841	(1 component(s) constrained)
489	-2025.66	35315.53392	0.03841	(1 component(s) constrained)
490	-2025.39	35313.45315	0.03841	(1 component(s) constrained)
491	-2025.62	35305.35528	0.03841	(1 component(s) constrained)
492	-2026.63	35314.92028	0.03841	(1 component(s) constrained)
493	-2026.79	35305.29371	0.03841	(1 component(s) constrained)
494	-2027.02	35318.35859	0.03841	(1 component(s) constrained)
495	-2025.27	35309.09849	0.03841	(1 component(s) constrained)
496	-2026.22	35310.34707	0.03841	(1 component(s) constrained)
497	-2025.08	35313.04574	0.03841	(1 component(s) constrained)
498	-2026.62	35311.83338	0.03841	(1 component(s) constrained)
499	-2026.19	35314.60954	0.03841	(1 component(s) constrained)
500	-2027.30	35312.88043	0.03841	(1 component(s) constrained)
501	-2026.14	35315.88569	0.03841	(1 component(s) constrained)
502	-2026.64	35316.86795	0.03841	(1 component(s) constrained)
503	-2026.43	35309.92370	0.03841	(1 component(s) constrained)
504	-2025.97	35311.61829	0.03841	(1 component(s) constrained)
505	-2025.52	35315.38367	0.03841	(1 component(s) constrained)
506	-2027.04	35320.24690	0.03841	(1 component(s) constrained)
507	-2027.05	35318.10814	0.03841	(1 component(s) constrained)
508	-2027.07	35312.57103	0.03841	(1 component(s) constrained)
509	-2026.69	35311.99589	0.03841	(1 component(s) constrained)
510	-2025.58	35314.17094	0.03841	(1 component(s) constrained)
511	-2026.19	35313.62684	0.03841	(1 component(s) constrained)
512	-2027.11	35310.09357	0.03841	(1 component(s) constrained)
513	-2026.07	35304.36178	0.03841	(1 component(s) constrained)
514	-2026.32	35307.70764	0.03841	(1 component(s) constrained)
515	-2026.63	35306.92370	0.03841	(1 component(s) constrained)
516	-2026.67	35312.54966	0.03841	(1 component(s) constrained)
517	-2026.72	35314.18188	0.03841	(1 component(s) constrained)
518	-2026.69	35308.42679	0.03841	(1 component(s) constrained)
519	-2027.01	35315.87851	0.03841	(1 component(s) constrained)
520	-2027.17	35305.66864	0.03841	(1 component(s) constrained)
521	-2026.48	35312.22470	0.03841	(1 component(s) constrained)
522	-2025.95	35311.01661	0.03841	(1 component(s) constrained)
523	-2026.16	35309.16664	0.03841	(1 component(s) constrained)
524	-2026.39	35309.31096	0.03841	(1 component(s) constrained)
525	-2026.60	35307.82314	0.03841	(1 component(s) constrained)
526	-2026.28	35319.33854	0.03841	(1 component(s) constrained)
527	-2025.52	35310.19373	0.03841	(1 component(s) constrained)
528	-2025.03	35311.11737	0.03841	(1 component(s) constrained)
529	-2027.34	35315.73681	0.03841	(1 component(s) constrained)
530	-2025.66	35315.44922	0.03841	(1 component(s) constrained)
531	-2025.99	35313.46851	0.03841	(1 component(s) constrained)
532	-2026.23	35316.89920	0.03841	(1 component(s) constrained)
533	-2027.36	35314.24044	0.03841	(1 component(s) constrained)
534	-2026.64	35308.58811	0.03841	(1 component(s) constrained)
535	-2026.65	35314.55162	0.03841	(1 component(s) constrained)
536	-2026.87	35310.65812	0.03841	(1 component(s) constrained)
537	-2027.17	35305.69923	0.03841	(1 component(s) constrained)
538	-2025.64	35314.96947	0.03841	(1 component(s) constrained)
539	-2026.53	35317.06002	0.03841	(1 component(s) constrained)
540	-2026.71	35314.35495	0.03841	(1 component(s) constrained)
541	-2026.99	35308.03537	0.03841	(1 component(s) constrained)
542	-2026.62	35318.66150	0.03841	(1 component(s) constrained)
543	-2027.42	35312.40309	0.03841	(1 component(s) constrained)
544	-2025.71	35311.36265	0.03841	(1 component(s) constrained)
545	-2026.31	35312.17688	0.03841	(1 component(s) constrained)
546	-2027.10	35313.90047	0.03841	(1 component(s) constrained)
547	-2026.58	35313.73555	0.03841	(1 component(s) constrained)
548	-2027.32	35309.30540	0.03841	(1 component(s) constrained)
549	-2026.22	35311.95086	0.03841	(1 component(s) constrained)
550	-2026.91	35310.28205	0.03841	(1 component(s) constrained)
551	-2026.84	35309.43637	0.03841	(1 component(s) constrained)
552	-2025.62	35307.74250	0.03841	(1 component(s) constrained)
553	-2025.93	35311.20140	0.03841	(1 component(s) constrained)
554	-2026.66	35310.18037	0.03841	(1 component(s) constrained)
555	-2026.36	35312.50161	0.03841	(1 component(s) constrained)
556	-2026.55	35311.95671	0.03841	(1 component(s) constrained)
557	-2026.75	35314.66151	0.03841	(1 component(s) constrained)
558	-2027.13	35311.20134	0.03841	(1 component(s) constrained)
559	-2025.69	35315.79539	0.03841	(1 component(s) constrained)
560	-2026.33	35314.56005	0.03841	(1 component(s) constrained)
561	-2025.27	35311.23069	0.03841	(1 component(s) constrained)
562	-2026.67	35312.40931	0.03841	(1 component(s) constrained)
563	-2026.20	35305.81425	0.03841	(1 component(s) constrained)
564	-2027.08	35312.36605	0.03841	(1 component(s) constrained)
565	-2025.79	35312.70808	0.03841	(1 component(s) constrained)
566	-2026.24	35310.54665	0.03841	(1 component(s) constrained)
567	-2026.75	35300.52962	0.03841	(1 component(s) constrained)
568	-2026.36	35321.22773	0.03841	(1 component(s) constrained)
569	-2025.68	35316.61008	0.03841	(1 component(s) constrained)
570	-2026.56	35314.22725	0.03841	(1 component(s) constrained)
571	-2026.57	35306.88295	0.03841	(1 component(s) constrained)
572	-2025.64	35312.16301	0.03841	(1 component(s) constrained)
573	-2025.87	35315.40468	0.03841	(1 component(s) constrained)
574	-2026.48	35310.35045	0.03841	(1 component(s) constrained)
575	-2026.56	35307.86135	0.03841	(1 component(s) constrained)
576	-2026.08	35310.28356	0.03841	(1 component(s) constrained)
577	-2026.98	35312.65912	0.03841	(1 component(s) constrained)
578	-2025.77	35311.59786	0.03841	(1 component(s) constrained)
579	-2026.36	35309.43230	0.03841	(1 component(s) constrained)
580	-2026.33	35304.62340	0.03841	(1 component(s) constrained)
581	-2025.84	35309.02187	0.03841	(1 component(s) constrained)
582	-2026.56	35305.32646	0.03841	(1 component(s) constrained)
583	-2026.86	35310.53847	0.03841	(1 component(s) constrained)
584	-2026.59	35308.93896	0.03841	(1 component(s) constrained)
585	-2026.25	35315.30294	0.03841	(1 component(s) constrained)
586	-2027.03	35302.91945	0.03841	(1 component(s) constrained)
587	-2025.70	35314.73881	0.03841	(1 component(s) constrained)
588	-2025.92	35311.61272	0.03841	(1 component(s) constrained)
589	-2025.50	35307.95370	0.03841	(1 component(s) constrained)
590	-2025.55	35298.52734	0.03841	(1 component(s) constrained)
591	-2025.09	35312.27771	0.03841	(1 component(s) constrained)
592	-2026.72	35310.38170	0.03841	(1 component(s) constrained)
593	-2025.67	35308.86888	0.03841	(1 component(s) constrained)
594	-2026.58	35310.62256	0.03841	(1 component(s) constrained)
595	-2025.82	35310.87034	0.03841	(1 component(s) constrained)
596	-2027.15	35311.06535	0.03841	(1 component(s) constrained)
597	-2026.59	35313.72090	0.03841	(1 component(s) constrained)
598	-2026.10	35299.91508	0.03841	(1 component(s) constrained)
599	-2026.51	35309.21282	0.03841	(1 component(s) constrained)
600	-2025.93	35309.94921	0.03841	(1 component(s) constrained)
601	-2027.78	35312.48445	0.03841	(1 component(s) constrained)
602	-2026.23	35312.51344	0.03841	(1 component(s) constrained)
603	-2027.00	35313.40950	0.03841	(1 component(s) constrained)
604	-2027.39	35318.75749	0.03841	(1 component(s) constrained)
605	-2026.49	35317.25132	0.03841	(1 component(s) constrained)
606	-2026.83	35307.47058	0.03841	(1 component(s) constrained)
607	-2026.38	35307.41612	0.03841	(1 component(s) constrained)
608	-2026.04	35314.91089	0.03841	(1 component(s) constrained)
609	-2025.93	35308.60943	0.03841	(1 component(s) constrained)
610	-2026.43	35309.07916	0.03841	(1 component(s) constrained)
611	-2026.92	35305.97341	0.03841	(1 component(s) constrained)
612	-2026.05	35311.83755	0.03841	(1 component(s) constrained)
613	-2025.98	35321.74915	0.03841	(1 component(s) constrained)
614	-2025.46	35310.21906	0.03841	(1 component(s) constrained)
615	-2026.78	35314.70357	0.03841	(1 component(s) constrained)
616	-2025.81	35314.75913	0.03841	(1 component(s) constrained)
617	-2026.31	35314.30967	0.03841	(1 component(s) constrained)
618	-2026.67	35311.91117	0.03841	(1 component(s) constrained)
619	-2026.49	35305.47040	0.03841	(1 component(s) constrained)
620	-2026.21	35311.41651	0.03841	(1 component(s) constrained)
621	-2027.38	35323.37895	0.03841	(1 component(s) constrained)
622	-2026.63	35314.97587	0.03841	(1 component(s) constrained)
623	-2027.12	35306.30165	0.03841	(1 component(s) constrained)
624	-2027.03	35312.66706	0.03841	(1 component(s) constrained)
625	-2026.17	35306.19556	0.03841	(1 component(s) constrained)
626	-2026.96	35314.98384	0.03841	(1 component(s) constrained)
627	-2025.82	35307.51712	0.03841	(1 component(s) constrained)
628	-2026.83	35307.04475	0.03841	(1 component(s) constrained)
629	-2027.13	35319.09827	0.03841	(1 component(s) constrained)
630	-2025.89	35310.75356	0.03841	(1 component(s) constrained)
631	-2024.60	35313.00179	0.03841	(1 component(s) constrained)
632	-2026.34	35312.42742	0.03841	(1 component(s) constrained)
633	-2026.41	35309.42549	0.03841	(1 component(s) constrained)
634	-2026.35	35307.15533	0.03841	(1 component(s) constrained)
635	-2026.04	35311.74097	0.03841	(1 component(s) constrained)
636	-2027.01	35314.55819	0.03841	(1 component(s) constrained)
637	-2026.39	35314.45243	0.03841	(1 component(s) constrained)
638	-2026.88	35310.31935	0.03841	(1 component(s) constrained)
639	-2026.87	35326.38828	0.03841	(1 component(s) constrained)
640	-2027.25	35307.92960	0.03841	(1 component(s) constrained)
641	-2026.89	35310.53215	0.03841	(1 component(s) constrained)
642	-2026.84	35314.71045	0.03841	(1 component(s) constrained)
643	-2026.46	35309.02128	0.03841	(1 component(s) constrained)
644	-2026.41	35310.93449	0.03841	(1 component(s) constrained)
645	-2026.82	35309.21871	0.03841	(1 component(s) constrained)
646	-2027.14	35317.74485	0.03841	(1 component(s) constrained)
647	-2025.45	35312.54364	0.03841	(1 component(s) constrained)
648	-2026.35	35313.09134	0.03841	(1 component(s) constrained)
649	-2026.92	35311.92982	0.03841	(1 component(s) constrained)
650	-2026.53	35315.38418	0.03841	(1 component(s) constrained)
651	-2025.48	35304.28573	0.03841	(1 component(s) constrained)
652	-2027.24	35306.01304	0.03841	(1 component(s) constrained)
653	-2025.80	35313.58269	0.03841	(1 component(s) constrained)
654	-2026.19	35314.97208	0.03841	(1 component(s) constrained)
655	-2026.69	35306.80126	0.03841	(1 component(s) constrained)
656	-2026.51	35305.04416	0.03841	(1 component(s) constrained)
657	-2025.54	35314.34120	0.03841	(1 component(s) constrained)
658	-2026.31	35310.52095	0.03841	(1 component(s) constrained)
659	-2025.93	35306.38917	0.03841	(1 component(s) constrained)
660	-2026.17	35318.13511	0.03841	(1 component(s) constrained)
661	-2027.54	35317.61838	0.03841	(1 component(s) constrained)
662	-2025.98	35313.51150	0.03841	(1 component(s) constrained)
663	-2026.16	35312.41854	0.03841	(1 component(s) constrained)
664	-2026.33	35315.59853	0.03841	(1 component(s) constrained)
665	-2026.64	35309.70350	0.03841	(1 component(s) constrained)
666	-2025.81	35313.42717	0.03841	(1 component(s) constrained)
667	-2026.27	35308.70093	0.03841	(1 component(s) constrained)
668	-2026.04	35308.63827	0.03841	(1 component(s) constrained)
669	-2026.91	35315.92301	0.03841	(1 component(s) constrained)
670	-2026.28	35310.26676	0.03841	(1 component(s) constrained)
671	-2026.08	35318.97870	0.03841	(1 component(s) constrained)
672	-2026.45	35309.73048	0.03841	(1 component(s) constrained)
673	-2027.14	35316.71824	0.03841	(1 component(s) constrained)
674	-2026.84	35313.19639	0.03841	(1 component(s) constrained)
675	-2026.38	35312.62391	0.03841	(1 component(s) constrained)
676	-2026.18	35310.98554	0.03841	(1 component(s) constrained)
677	-2026.90	35311.15829	0.03841	(1 component(s) constrained)
678	-2025.61	35303.02312	0.03841	(1 component(s) constrained)
679	-2026.38	35303.25462	0.03841	(1 component(s) constrained)
680	-2025.26	35302.01015	0.03841	(1 component(s) constrained)
681	-2025.72	35302.28334	0.03841	(1 component(s) constrained)
682	-2026.26	35310.00140	0.03841	(1 component(s) constrained)
683	-2026.74	35308.72874	0.03841	(1 component(s) constrained)
684	-2026.58	35305.09385	0.03841	(1 component(s) constrained)
685	-2027.12	35311.82068	0.03841	(1 component(s) constrained)
686	-2026.14	35311.43083	0.03841	(1 component(s) constrained)
687	-2026.61	35314.26938	0.03841	(1 component(s) constrained)
688	-2025.87	35313.88045	0.03841	(1 component(s) constrained)
689	-2026.37	35306.48741	0.03841	(1 component(s) constrained)
690	-2026.67	35318.42624	0.03841	(1 component(s) constrained)
691	-2026.39	35307.00955	0.03841	(1 component(s) constrained)
692	-2027.54	35313.04461	0.03841	(1 component(s) constrained)
693	-2026.87	35309.76939	0.03841	(1 component(s) constrained)
694	-2026.38	35315.01896	0.03841	(1 component(s) constrained)
695	-2025.92	35310.83883	0.03841	(1 component(s) constrained)
696	-2025.78	35306.20952	0.03841	(1 component(s) constrained)
697	-2026.21	35309.62790	0.03841	(1 component(s) constrained)
698	-2026.25	35314.17279	0.03841	(1 component(s) constrained)
699	-2025.80	35309.46941	0.03841	(1 component(s) constrained)
700	-2026.69	35313.55081	0.03841	(1 component(s) constrained)
701	-2026.71	35308.27327	0.03841	(1 component(s) constrained)
702	-2026.66	35323.01565	0.03841	(1 component(s) constrained)
703	-2026.14	35317.24999	0.03841	(1 component(s) constrained)
704	-2026.21	35305.48822	0.03841	(1 component(s) constrained)
705	-2026.74	35314.12391	0.03841	(1 component(s) constrained)
706	-2027.06	35309.68972	0.03841	(1 component(s) constrained)
707	-2025.79	35315.66293	0.03841	(1 component(s) constrained)
708	-2025.61	35312.20238	0.03841	(1 component(s) constrained)
709	-2025.39	35320.47106	0.03841	(1 component(s) constrained)
710	-2025.82	35315.67539	0.03841	(1 component(s) constrained)
711	-2026.76	35315.12735	0.03841	(1 component(s) constrained)
712	-2026.65	35312.71833	0.03841	(1 component(s) constrained)
713	-2026.80	35306.61131	0.03841	(1 component(s) constrained)
714	-2025.07	35309.90288	0.03841	(1 component(s) constrained)
715	-2026.84	35308.84287	0.03841	(1 component(s) constrained)
716	-2027.29	35318.51239	0.03841	(1 component(s) constrained)
717	-2027.07	35309.66590	0.03841	(1 component(s) constrained)
718	-2026.21	35318.33432	0.03841	(1 component(s) constrained)
719	-2027.29	35305.86745	0.03841	(1 component(s) constrained)
720	-2026.50	35313.27167	0.03841	(1 component(s) constrained)
721	-2026.77	35312.67439	0.03841	(1 component(s) constrained)
722	-2026.49	35323.27469	0.03841	(1 component(s) constrained)
723	-2026.84	35303.20982	0.03841	(1 component(s) constrained)
724	-2026.50	35309.82757	0.03841	(1 component(s) constrained)
725	-2025.62	35311.74351	0.03841	(1 component(s) constrained)
726	-2026.51	35309.76287	0.03841	(1 component(s) constrained)
727	-2026.02	35308.03073	0.03841	(1 component(s) constrained)
728	-2026.55	35313.01609	0.03841	(1 component(s) constrained)
729	-2026.34	35315.97887	0.03841	(1 component(s) constrained)
730	-2025.78	35311.93848	0.03841	(1 component(s) constrained)
731	-2026.08	35314.81848	0.03841	(1 component(s) constrained)
732	-2026.98	35313.20167	0.03841	(1 component(s) constrained)
733	-2025.69	35315.72421	0.03841	(1 component(s) constrained)
734	-2027.01	35315.06924	0.03841	(1 component(s) constrained)
735	-2026.56	35318.68558	0.03841	(1 component(s) constrained)
736	-2025.57	35306.91721	0.03841	(1 component(s) constrained)
737	-2027.14	35307.38645	0.03841	(1 component(s) constrained)
738	-2026.39	35315.62804	0.03841	(1 component(s) constrained)
739	-2026.21	35309.67572	0.03841	(1 component(s) constrained)
740	-2027.06	35314.32224	0.03841	(1 component(s) constrained)
741	-2026.44	35316.62321	0.03841	(1 component(s) constrained)
742	-2026.66	35315.46459	0.03841	(1 component(s) constrained)
743	-2025.47	35304.08043	0.03841	(1 component(s) constrained)
744	-2025.75	35307.69983	0.03841	(1 component(s) constrained)
745	-2026.02	35315.42968	0.03841	(1 component(s) constrained)
746	-2025.94	35317.92916	0.03841	(1 component(s) constrained)
747	-2026.42	35312.81868	0.03841	(1 component(s) constrained)
748	-2026.30	35309.99187	0.03841	(1 component(s) constrained)
749	-2025.68	35305.95453	0.03841	(1 component(s) constrained)
750	-2025.23	35316.56371	0.03841	(1 component(s) constrained)
751	-2026.10	35313.17076	0.03841	(1 component(s) constrained)
752	-2026.15	35312.51513	0.03841	(1 component(s) constrained)
753	-2026.35	35314.90237	0.03841	(1 component(s) constrained)
754	-2026.11	35306.28942	0.03841	(1 component(s) constrained)
755	-2026.48	35314.98330	0.03841	(1 component(s) constrained)
756	-2025.82	35310.37796	0.03841	(1 component(s) constrained)
757	-2027.27	35321.12594	0.03841	(1 component(s) constrained)
758	-2027.38	35305.27752	0.03841	(1 component(s) constrained)
759	-2026.74	35305.45278	0.03841	(1 component(s) constrained)
760	-2027.23	35313.59319	0.03841	(1 component(s) constrained)
761	-2026.05	35310.88263	0.03841	(1 component(s) constrained)
762	-2025.51	35311.19614	0.03841	(1 component(s) constrained)
763	-2026.07	35312.10883	0.03841	(1 component(s) constrained)
764	-2025.92	35311.55907	0.03841	(1 component(s) constrained)
765	-2026.83	35305.29989	0.03841	(1 component(s) constrained)
766	-2025.65	35316.95935	0.03841	(1 component(s) constrained)
767	-2026.70	35316.02703	0.03841	(1 component(s) constrained)
768	-2026.99	35311.62899	0.03841	(1 component(s) constrained)
769	-2025.93	35313.17051	0.03841	(1 component(s) constrained)
770	-2025.89	35311.55775	0.03841	(1 component(s) constrained)
771	-2026.75	35315.55214	0.03841	(1 component(s) constrained)
772	-2026.46	35311.49292	0.03841	(1 component(s) constrained)
773	-2026.37	35305.74133	0.03841	(1 component(s) constrained)
774	-2026.85	35307.45194	0.03841	(1 component(s) constrained)
775	-2026.14	35310.54376	0.03841	(1 component(s) constrained)
776	-2027.03	35315.62620	0.03841	(1 component(s) constrained)
777	-2026.31	35315.11773	0.03841	(1 component(s) constrained)
778	-2026.74	35307.71480	0.03841	(1 component(s) constrained)
779	-2027.27	35308.67406	0.03841	(1 component(s) constrained)
780	-2026.94	35311.41896	0.03841	(1 component(s) constrained)
781	-2026.90	35307.03999	0.03841	(1 component(s) constrained)
782	-2025.64	35313.95716	0.03841	(1 component(s) constrained)
783	-2026.59	35310.79360	0.03841	(1 component(s) constrained)
784	-2026.08	35311.29061	0.03841	(1 component(s) constrained)
785	-2026.37	35308.58592	0.03841	(1 component(s) constrained)
786	-2026.11	35315.76028	0.03841	(1 component(s) constrained)
787	-2025.06	35304.99883	0.03841	(1 component(s) constrained)
788	-2026.31	35310.11350	0.03841	(1 component(s) constrained)
789	-2025.71	35306.93900	0.03841	(1 component(s) constrained)
790	-2026.52	35305.49902	0.03841	(1 component(s) constrained)
791	-2027.53	35311.45233	0.03841	(1 component(s) constrained)
792	-2025.63	35313.77493	0.03841	(1 component(s) constrained)
793	-2027.34	35315.51926	0.03841	(1 component(s) constrained)
794	-2025.82	35313.98097	0.03841	(1 component(s) constrained)
795	-2026.44	35314.76509	0.03841	(1 component(s) constrained)
796	-2025.75	35312.77573	0.03841	(1 component(s) constrained)
797	-2025.94	35309.34588	0.03841	(1 component(s) constrained)
798	-2026.64	35310.22458	0.03841	(1 component(s) constrained)
799	-2026.73	35312.60976	0.03841	(1 component(s) constrained)
800	-2026.47	35312.16723	0.03841	(1 component(s) constrained)
801	-2026.28	35310.06621	0.03841	(1 component(s) constrained)
802	-2025.71	35314.01868	0.03841	(1 component(s) constrained)
803	-2027.14	35300.27611	0.03841	(1 component(s) constrained)
804	-2027.00	35302.74427	0.03841	(1 component(s) constrained)
805	-2026.55	35304.12007	0.03841	(1 component(s) constrained)
806	-2027.21	35313.38718	0.03841	(1 component(s) constrained)
807	-2025.79	35316.38364	0.03841	(1 component(s) constrained)
808	-2026.31	35314.88823	0.03841	(1 component(s) constrained)
809	-2026.97	35312.93573	0.03841	(1 component(s) constrained)
810	-2026.68	35311.72131	0.03841	(1 component(s) constrained)
811	-2026.61	35315.56959	0.03841	(1 component(s) constrained)
812	-2025.78	35309.87751	0.03841	(1 component(s) constrained)
813	-2025.03	35300.68031	0.03841	(1 component(s) constrained)
814	-2026.95	35305.12572	0.03841	(1 component(s) constrained)
815	-2027.15	35309.05464	0.03841	(1 component(s) constrained)
816	-2026.01	35311.26046	0.03841	(1 component(s) constrained)
817	-2025.99	35310.33531	0.03841	(1 component(s) constrained)
818	-2026.15	35316.13825	0.03841	(1 component(s) constrained)
819	-2026.73	35311.74670	0.03841	(1 component(s) constrained)
820	-2025.61	35315.72549	0.03841	(1 component(s) constrained)
821	-2026.49	35315.68207	0.03841	(1 component(s) constrained)
822	-2026.20	35314.08510	0.03841	(1 component(s) constrained)
823	-2027.15	35310.92896	0.03841	(1 component(s) constrained)
824	-2026.86	35315.17135	0.03841	(1 component(s) constrained)
825	-2025.99	35313.73403	0.03841	(1 component(s) constrained)
826	-2026.94	35313.29177	0.03841	(1 component(s) constrained)
827	-2026.31	35303.51719	0.03841	(1 component(s) constrained)
828	-2027.08	35313.94980	0.03841	(1 component(s) constrained)
829	-2027.04	35310.33504	0.03841	(1 component(s) constrained)
830	-2026.55	35308.72773	0.03841	(1 component(s) constrained)
831	-2027.50	35315.31672	0.03841	(1 component(s) constrained)
832	-2027.10	35313.83715	0.03841	(1 component(s) constrained)
833	-2027.04	35311.73085	0.03841	(1 component(s) constrained)
834	-2026.15	35311.73738	0.03841	(1 component(s) constrained)
835	-2026.79	35316.55193	0.03841	(1 component(s) constrained)
836	-2025.51	35307.90044	0.03841	(1 component(s) constrained)
837	-2025.80	35308.80911	0.03841	(1 component(s) constrained)
838	-2025.62	35314.64004	0.03841	(1 component(s) constrained)
839	-2026.92	35310.63935	0.03841	(1 component(s) constrained)
840	-2025.72	35312.14274	0.03841	(1 component(s) constrained)
841	-2025.83	35309.74057	0.03841	(1 component(s) constrained)
842	-2025.55	35312.64267	0.03841	(1 component(s) constrained)
843	-2025.93	35315.65681	0.03841	(1 component(s) constrained)
844	-2025.71	35310.67419	0.03841	(1 component(s) constrained)
845	-2026.64	35313.39170	0.03841	(1 component(s) constrained)
846	-2026.67	35300.67393	0.03841	(1 component(s) constrained)
847	-2026.67	35311.91431	0.03841	(1 component(s) constrained)
848	-2027.00	35304.38800	0.03841	(1 component(s) constrained)
849	-2026.35	35316.03584	0.03841	(1 component(s) constrained)
850	-2027.06	35317.64361	0.03841	(1 component(s) constrained)
851	-2026.44	35301.92124	0.03841	(1 component(s) constrained)
852	-2026.63	35313.45723	0.03841	(1 component(s) constrained)
853	-2027.16	35313.36337	0.03841	(1 component(s) constrained)
854	-2026.47	35309.51787	0.03841	(1 component(s) constrained)
855	-2025.43	35316.15700	0.03841	(1 component(s) constrained)
856	-2025.84	35314.24210	0.03841	(1 component(s) constrained)
857	-2025.75	35308.66694	0.03841	(1 component(s) constrained)
858	-2025.49	35314.12800	0.03841	(1 component(s) constrained)
859	-2027.06	35310.51428	0.03841	(1 component(s) constrained)
860	-2025.72	35310.82920	0.03841	(1 component(s) constrained)
861	-2025.59	35310.81855	0.03841	(1 component(s) constrained)
862	-2026.87	35303.81031	0.03841	(1 component(s) constrained)
863	-2026.68	35303.38274	0.03841	(1 component(s) constrained)
864	-2025.93	35305.96357	0.03841	(1 component(s) constrained)
865	-2026.84	35314.78291	0.03841	(1 component(s) constrained)
866	-2025.94	35315.71435	0.03841	(1 component(s) constrained)
867	-2026.95	35311.33216	0.03841	(1 component(s) constrained)
868	-2025.27	35309.30216	0.03841	(1 component(s) constrained)
869	-2026.25	35310.12212	0.03841	(1 component(s) constrained)
870	-2025.75	35305.50227	0.03841	(1 component(s) constrained)
871	-2026.52	35317.27747	0.03841	(1 component(s) constrained)
872	-2025.58	35308.36466	0.03841	(1 component(s) constrained)
873	-2026.34	35313.96359	0.03841	(1 component(s) constrained)
874	-2026.89	35313.09630	0.03841	(1 component(s) constrained)
875	-2026.60	35308.54436	0.03841	(1 component(s) constrained)
876	-2026.03	35304.89635	0.03841	(1 component(s) constrained)
877	-2026.07	35309.01914	0.03841	(1 component(s) constrained)
878	-2026.18	35310.44895	0.03841	(1 component(s) constrained)
879	-2026.11	35314.01370	0.03841	(1 component(s) constrained)
880	-2025.56	35302.69965	0.03841	(1 component(s) constrained)
881	-2026.27	35309.54991	0.03841	(1 component(s) constrained)
882	-2027.42	35309.41851	0.03841	(1 component(s) constrained)
883	-2026.13	35310.05138	0.03841	(1 component(s) constrained)
884	-2025.42	35310.48311	0.03841	(1 component(s) constrained)
885	-2025.93	35306.96637	0.03841	(1 component(s) constrained)
886	-2025.90	35309.48039	0.03841	(1 component(s) constrained)
887	-2027.11	35320.09279	0.03841	(1 component(s) constrained)
888	-2026.00	35308.39442	0.03841	(1 component(s) constrained)
889	-2026.24	35310.59642	0.03841	(1 component(s) constrained)
890	-2026.83	35309.89681	0.03841	(1 component(s) constrained)
891	-2026.14	35305.25063	0.03841	(1 component(s) constrained)
892	-2026.66	35311.85844	0.03841	(1 component(s) constrained)
893	-2026.19	35314.55260	0.03841	(1 component(s) constrained)
894	-2026.39	35312.83152	0.03841	(1 component(s) constrained)
895	-2026.36	35314.17792	0.03841	(1 component(s) constrained)
896	-2027.44	35313.81745	0.03841	(1 component(s) constrained)
897	-2026.23	35307.21776	0.03841	(1 component(s) constrained)
898	-2025.69	35310.01056	0.03841	(1 component(s) constrained)
899	-2026.52	35310.81508	0.03841	(1 component(s) constrained)
900	-2026.99	35317.11906	0.03841	(1 component(s) constrained)
901	-2026.36	35303.10632	0.03841	(1 component(s) constrained)
902	-2027.17	35314.39397	0.03841	(1 component(s) constrained)
903	-2026.58	35306.09854	0.03841	(1 component(s) constrained)
904	-2026.67	35308.78252	0.03841	(1 component(s) constrained)
905	-2027.01	35312.10019	0.03841	(1 component(s) constrained)
906	-2026.23	35312.24578	0.03841	(1 component(s) constrained)
907	-2026.25	35307.68747	0.03841	(1 component(s) constrained)
908	-2026.90	35301.87352	0.03841	(1 component(s) constrained)
909	-2026.47	35310.70518	0.03841	(1 component(s) constrained)
910	-2026.54	35312.61410	0.03841	(1 component(s) constrained)
911	-2026.11	35310.51375	0.03841	(1 component(s) constrained)
912	-2026.45	35309.40755	0.03841	(1 component(s) constrained)
913	-2026.69	35314.63255	0.03841	(1 component(s) constrained)
914	-2027.04	35314.61682	0.03841	(1 component(s) constrained)
915	-2025.90	35317.12581	0.03841	(1 component(s) constrained)
916	-2026.72	35313.04847	0.03841	(1 component(s) constrained)
917	-2027.25	35309.98657	0.03841	(1 component(s) constrained)
918	-2025.89	35308.37479	0.03841	(1 component(s) constrained)
919	-2026.17	35311.48910	0.03841	(1 component(s) constrained)
920	-2025.82	35317.41700	0.03841	(1 component(s) constrained)
921	-2026.08	35319.10108	0.03841	(1 component(s) constrained)
922	-2026.94	35312.84128	0.03841	(1 component(s) constrained)
923	-2025.85	35317.49080	0.03841	(1 component(s) constrained)
924	-2026.18	35315.84582	0.03841	(1 component(s) constrained)
925	-2026.88	35313.57669	0.03841	(1 component(s) constrained)
926	-2026.31	35316.12049	0.03841	(1 component(s) constrained)
927	-2025.52	35318.02397	0.03841	(1 component(s) constrained)
928	-2025.87	35310.12175	0.03841	(1 component(s) constrained)
929	-2027.32	35317.57448	0.03841	(1 component(s) constrained)
930	-2027.01	35307.80154	0.03841	(1 component(s) constrained)
931	-2026.11	35305.47001	0.03841	(1 component(s) constrained)
932	-2026.72	35306.23356	0.03841	(1 component(s) constrained)
933	-2026.46	35318.47891	0.03841	(1 component(s) constrained)
934	-2026.78	35318.85312	0.03841	(1 component(s) constrained)
935	-2026.67	35313.95096	0.03841	(1 component(s) constrained)
936	-2025.68	35312.04761	0.03841	(1 component(s) constrained)
937	-2026.34	35310.11524	0.03841	(1 component(s) constrained)
938	-2026.40	35311.48443	0.03841	(1 component(s) constrained)
939	-2026.38	35318.87827	0.03841	(1 component(s) constrained)
940	-2027.11	35314.42748	0.03841	(1 component(s) constrained)
941	-2025.75	35315.83048	0.03841	(1 component(s) constrained)
942	-2025.71	35315.62289	0.03841	(1 component(s) constrained)
943	-2025.81	35308.32321	0.03841	(1 component(s) constrained)
944	-2027.02	35316.29090	0.03841	(1 component(s) constrained)
945	-2025.91	35314.43230	0.03841	(1 component(s) constrained)
946	-2027.03	35313.60561	0.03841	(1 component(s) constrained)
947	-2025.86	35315.26025	0.03841	(1 component(s) constrained)
948	-2026.43	35315.44214	0.03841	(1 component(s) constrained)
949	-2026.94	35310.34707	0.03841	(1 component(s) constrained)
950	-2026.02	35318.82092	0.03841	(1 component(s) constrained)
951	-2026.48	35311.06465	0.03841	(1 component(s) constrained)
952	-2026.76	35313.66987	0.03841	(1 component(s) constrained)
953	-2025.50	35308.91611	0.03841	(1 component(s) constrained)
954	-2026.02	35308.19337	0.03841	(1 component(s) constrained)
955	-2025.99	35313.40642	0.03841	(1 component(s) constrained)
956	-2026.60	35302.53343	0.03841	(1 component(s) constrained)
957	-2026.13	35311.79262	0.03841	(1 component(s) constrained)
958	-2026.62	35309.50172	0.03841	(1 component(s) constrained)
959	-2026.53	35318.26781	0.03841	(1 component(s) constrained)
960	-2025.75	35314.08535	0.03841	(1 component(s) constrained)
961	-2025.79	35308.80084	0.03841	(1 component(s) constrained)
962	-2026.77	35309.35285	0.03841	(1 component(s) constrained)
963	-2025.49	35307.80897	0.03841	(1 component(s) constrained)
964	-2025.19	35307.66390	0.03841	(1 component(s) constrained)
965	-2027.59	35311.02142	0.03841	(1 component(s) constrained)
966	-2025.33	35310.21213	0.03841	(1 component(s) constrained)
967	-2025.37	35310.40520	0.03841	(1 component(s) constrained)
968	-2026.56	35308.87521	0.03841	(1 component(s) constrained)
969	-2027.05	35309.83011	0.03841	(1 component(s) constrained)
970	-2026.00	35304.82926	0.03841	(1 component(s) constrained)
971	-2026.05	35306.99012	0.03841	(1 component(s) constrained)
972	-2026.09	35315.50832	0.03841	(1 component(s) constrained)
973	-2026.81	35308.33950	0.03841	(1 component(s) constrained)
974	-2026.94	35310.82116	0.03841	(1 component(s) constrained)
975	-2026.06	35314.01794	0.03841	(1 component(s) constrained)
976	-2026.89	35306.75886	0.03841	(1 component(s) constrained)
977	-2026.87	35313.61522	0.03841	(1 component(s) constrained)
978	-2025.77	35309.63357	0.03841	(1 component(s) constrained)
979	-2025.28	35310.80862	0.03841	(1 component(s) constrained)
980	-2026.57	35306.63032	0.03841	(1 component(s) constrained)
981	-2026.41	35302.18410	0.03841	(1 component(s) constrained)
982	-2026.86	35313.01329	0.03841	(1 component(s) constrained)
983	-2026.95	35310.55418	0.03841	(1 component(s) constrained)
984	-2025.78	35311.43704	0.03841	(1 component(s) constrained)
985	-2025.94	35310.10614	0.03841	(1 component(s) constrained)
986	-2025.83	35306.38724	0.03841	(1 component(s) constrained)
987	-2026.22	35318.61003	0.03841	(1 component(s) constrained)
988	-2025.78	35304.50100	0.03841	(1 component(s) constrained)
989	-2026.83	35314.98411	0.03841	(1 component(s) constrained)
990	-2025.63	35306.74651	0.03841	(1 component(s) constrained)
991	-2026.61	35307.01644	0.03841	(1 component(s) constrained)
992	-2025.58	35304.37058	0.03841	(1 component(s) constrained)
993	-2025.60	35305.48893	0.03841	(1 component(s) constrained)
994	-2026.22	35313.78795	0.03841	(1 component(s) constrained)
995	-2026.80	35313.07913	0.03841	(1 component(s) constrained)
996	-2026.05	35309.48503	0.03841	(1 component(s) constrained)
997	-2026.62	35312.34266	0.03841	(1 component(s) constrained)
998	-2025.84	35303.77660	0.03841	(1 component(s) constrained)
999	-2025.68	35307.51443	0.03841	(1 component(s) constrained)
Error: Log-likelihood not converged (stop after 1000 iteractions). 
You can specify the option --reml-maxit to allow for more iterations.

An error occurs, please check the options or data
