*******************************************************************
* Genome-wide Complex Trait Analysis (GCTA)
* version 1.93.2 beta Linux
* (C) 2010-present, Jian Yang, The University of Queensland
* Please report bugs to Jian Yang <jian.yang.qt@gmail.com>
*******************************************************************
Analysis started at 23:28:44 -03 on Wed Jun 09 2021.
Hostname: darwin

Accepted options:
--reml
--reml-alg 0
--reml-maxit 1000
--grm /scratch/genevol/users/lucas/V3/grmGeuvadis
--pheno /raid/genevol/users/lucas/heritability/02.GCTA/data/geneHLA-DRB1.txt
--covar /raid/genevol/users/lucas/heritability/02.GCTA/data/envir2.txt
--reml-est-fix
--out /raid/genevol/users/lucas/heritability/03.Heritability/Results/V3/HLA-DRB1/GeuvadisHLA-DRB12

Note: This is a multi-thread program. You could specify the number of threads by the --thread-num option to speed up the computation if there are multiple processors in your machine.

Reading IDs of the GRM from [/scratch/genevol/users/lucas/V3/grmGeuvadis.grm.id].
445 IDs read from [/scratch/genevol/users/lucas/V3/grmGeuvadis.grm.id].
Reading the GRM from [/scratch/genevol/users/lucas/V3/grmGeuvadis.grm.bin].
GRM for 445 individuals are included from [/scratch/genevol/users/lucas/V3/grmGeuvadis.grm.bin].
Reading phenotypes from [/raid/genevol/users/lucas/heritability/02.GCTA/data/geneHLA-DRB1.txt].
Non-missing phenotypes of 445 individuals are included from [/raid/genevol/users/lucas/heritability/02.GCTA/data/geneHLA-DRB1.txt].
Reading discrete covariate(s) from [/raid/genevol/users/lucas/heritability/02.GCTA/data/envir2.txt].
1 discrete covariate(s) of 445 individuals are included from [/raid/genevol/users/lucas/heritability/02.GCTA/data/envir2.txt].

1 discrete variable(s) included as covariate(s).
445 individuals are in common in these files.

Performing  REML analysis ... (Note: may take hours depending on sample size).
445 observations, 7 fixed effect(s), and 2 variance component(s)(including residual variance).
Calculating prior values of variance components by EM-REML ...
Updated prior values: 68722.5 67566.7
logL: -2797.87
Running AI-REML algorithm ...
Iter.	logL	V(G)	V(e)	
1	-2795.40	72022.73001	60362.95316	
2	-2794.73	74042.56627	55919.98740	
3	-2794.44	78070.95931	46955.94548	
4	-2794.21	77730.46241	47522.71932	
5	-2794.21	77736.95959	47517.76093	
6	-2794.21	77736.87634	47517.83485	
Log-likelihood ratio converged.

Calculating the logLikelihood for the reduced model ...
(variance component 1 is dropped from the model)
Calculating prior values of variance components by EM-REML ...
Updated prior values: 139278.22602
logL: -2827.39190
Running AI-REML algorithm ...
Iter.	logL	V(e)	
1	-2826.94	139231.56815	
2	-2826.94	139130.65782	
3	-2826.94	139130.73091	
Log-likelihood ratio converged.

Summary result of REML analysis:
Source	Variance	SE
V(G)	77736.876342	26970.703016
V(e)	47517.834846	23698.479289
Vp	125254.711189	8971.307175
V(G)/Vp	0.620630	0.196466

Sampling variance/covariance of the estimates of variance components:
7.274188e+08	-6.042762e+08	
-6.042762e+08	5.616179e+08	
Estimatesof fixed effects:

Source	Estimate	SE
mean	981.555602	33.284381
X_2	-157.171663	63.183414
X_3	-204.731833	55.480505
X_4	-164.934789	64.651893
X_5	-71.630917	56.375778
X_6	-226.910700	48.450090
X_7	36.957311	65.089605

Summary result of REML analysis has been saved in the file [/raid/genevol/users/lucas/heritability/03.Heritability/Results/V3/HLA-DRB1/GeuvadisHLA-DRB12.hsq].

Analysis finished at 23:28:45 -03 on Wed Jun 09 2021
Overall computational time: 1.04 sec.
