*******************************************************************
* Genome-wide Complex Trait Analysis (GCTA)
* version 1.93.2 beta Linux
* (C) 2010-present, Jian Yang, The University of Queensland
* Please report bugs to Jian Yang <jian.yang.qt@gmail.com>
*******************************************************************
Analysis started at 23:28:34 -03 on Wed Jun 09 2021.
Hostname: darwin

Accepted options:
--reml
--reml-alg 0
--reml-maxit 1000
--grm /scratch/genevol/users/lucas/V3/grmGeuvadis
--pheno /raid/genevol/users/lucas/heritability/02.GCTA/data/geneHLA-DRB1.txt
--covar /raid/genevol/users/lucas/heritability/02.GCTA/data/envir0.txt
--reml-est-fix
--out /raid/genevol/users/lucas/heritability/03.Heritability/Results/V3/HLA-DRB1/GeuvadisHLA-DRB10

Note: This is a multi-thread program. You could specify the number of threads by the --thread-num option to speed up the computation if there are multiple processors in your machine.

Reading IDs of the GRM from [/scratch/genevol/users/lucas/V3/grmGeuvadis.grm.id].
445 IDs read from [/scratch/genevol/users/lucas/V3/grmGeuvadis.grm.id].
Reading the GRM from [/scratch/genevol/users/lucas/V3/grmGeuvadis.grm.bin].
GRM for 445 individuals are included from [/scratch/genevol/users/lucas/V3/grmGeuvadis.grm.bin].
Reading phenotypes from [/raid/genevol/users/lucas/heritability/02.GCTA/data/geneHLA-DRB1.txt].
Non-missing phenotypes of 445 individuals are included from [/raid/genevol/users/lucas/heritability/02.GCTA/data/geneHLA-DRB1.txt].
Reading discrete covariate(s) from [/raid/genevol/users/lucas/heritability/02.GCTA/data/envir0.txt].
3 discrete covariate(s) of 445 individuals are included from [/raid/genevol/users/lucas/heritability/02.GCTA/data/envir0.txt].

3 discrete variable(s) included as covariate(s).
445 individuals are in common in these files.

Performing  REML analysis ... (Note: may take hours depending on sample size).
445 observations, 12 fixed effect(s), and 2 variance component(s)(including residual variance).
Calculating prior values of variance components by EM-REML ...
Updated prior values: 65276.6 63908.4
logL: -2753.22
Running AI-REML algorithm ...
Iter.	logL	V(G)	V(e)	
1	-2746.73	66245.57164	55779.41988	
2	-2744.93	66676.54339	51151.71738	
3	-2744.19	66927.47023	48293.02632	
4	-2743.87	67484.66485	42435.65548	
5	-2743.61	67754.90225	42460.77459	
6	-2743.61	67766.10689	42451.57023	
7	-2743.61	67767.25379	42450.55752	
Log-likelihood ratio converged.

Calculating the logLikelihood for the reduced model ...
(variance component 1 is dropped from the model)
Calculating prior values of variance components by EM-REML ...
Updated prior values: 108239.01575
logL: -2759.10647
Running AI-REML algorithm ...
Iter.	logL	V(e)	
1	-2748.73	107882.69305	
2	-2748.72	107640.93981	
3	-2748.72	107120.53432	
4	-2748.72	107123.03813	
5	-2748.72	107123.03819	
Log-likelihood ratio converged.

Summary result of REML analysis:
Source	Variance	SE
V(G)	67767.253787	26060.982599
V(e)	42450.557522	22834.439587
Vp	110217.811309	8068.873886
V(G)/Vp	0.614848	0.215996

Sampling variance/covariance of the estimates of variance components:
6.791748e+08	-5.677399e+08	
-5.677399e+08	5.214116e+08	
Estimatesof fixed effects:

Source	Estimate	SE
mean	1120.692773	57.506641
X_2	-9.256420	30.910853
X_3	-128.020712	59.566362
X_4	-199.634199	52.293140
X_5	-177.337868	60.962716
X_6	-83.363918	53.100435
X_7	-241.368640	45.550988
X_8	31.697393	61.248172
X_9	-293.996447	58.331578
X_10	-349.469066	47.228970
X_11	-150.279550	51.493208
X_12	140.457398	177.319654

Summary result of REML analysis has been saved in the file [/raid/genevol/users/lucas/heritability/03.Heritability/Results/V3/HLA-DRB1/GeuvadisHLA-DRB10.hsq].

Analysis finished at 23:28:35 -03 on Wed Jun 09 2021
Overall computational time: 1.16 sec.
