*******************************************************************
* Genome-wide Complex Trait Analysis (GCTA)
* version 1.93.2 beta Linux
* (C) 2010-present, Jian Yang, The University of Queensland
* Please report bugs to Jian Yang <jian.yang.qt@gmail.com>
*******************************************************************
Analysis started at 23:22:35 -03 on Wed Jun 09 2021.
Hostname: darwin

Accepted options:
--reml
--reml-alg 0
--reml-maxit 1000
--grm /scratch/genevol/users/lucas/V2/grmFull
--pheno /raid/genevol/users/lucas/heritability/02.GCTA/data/geneHLA-B.txt
--covar /raid/genevol/users/lucas/heritability/02.GCTA/data/envir0.txt
--reml-est-fix
--out /raid/genevol/users/lucas/heritability/03.Heritability/Results/V2/HLA-B/FullHLA-B0

Note: This is a multi-thread program. You could specify the number of threads by the --thread-num option to speed up the computation if there are multiple processors in your machine.

Reading IDs of the GRM from [/scratch/genevol/users/lucas/V2/grmFull.grm.id].
2504 IDs read from [/scratch/genevol/users/lucas/V2/grmFull.grm.id].
Reading the GRM from [/scratch/genevol/users/lucas/V2/grmFull.grm.bin].
GRM for 2504 individuals are included from [/scratch/genevol/users/lucas/V2/grmFull.grm.bin].
Reading phenotypes from [/raid/genevol/users/lucas/heritability/02.GCTA/data/geneHLA-B.txt].
Non-missing phenotypes of 445 individuals are included from [/raid/genevol/users/lucas/heritability/02.GCTA/data/geneHLA-B.txt].
Reading discrete covariate(s) from [/raid/genevol/users/lucas/heritability/02.GCTA/data/envir0.txt].
3 discrete covariate(s) of 445 individuals are included from [/raid/genevol/users/lucas/heritability/02.GCTA/data/envir0.txt].

3 discrete variable(s) included as covariate(s).
445 individuals are in common in these files.

Performing  REML analysis ... (Note: may take hours depending on sample size).
445 observations, 12 fixed effect(s), and 2 variance component(s)(including residual variance).
Calculating prior values of variance components by EM-REML ...
Updated prior values: 190540 213311
logL: -3033.93
Running AI-REML algorithm ...
Iter.	logL	V(G)	V(e)	
1	-3010.08	53122.14618	341236.47875	
2	-3001.11	8243.33914	373912.81108	
3	-2998.20	0.52638	373733.08864	(1 component(s) constrained)
4	-2997.39	0.52638	368221.88392	(1 component(s) constrained)
5	-2997.09	0.52638	356721.87274	(1 component(s) constrained)
6	-2996.58	0.52638	357069.81473	(1 component(s) constrained)
7	-2996.60	0.52638	357070.15442	(1 component(s) constrained)
8	-2996.60	0.52638	357070.15443	(1 component(s) constrained)
Log-likelihood ratio converged.

Calculating the logLikelihood for the reduced model ...
(variance component 1 is dropped from the model)
Calculating prior values of variance components by EM-REML ...
Updated prior values: 341132.42984
logL: -3015.09151
Running AI-REML algorithm ...
Iter.	logL	V(e)	
1	-2996.23	339485.30763	
2	-2996.22	338372.03041	
3	-2996.21	335981.69601	
4	-2996.20	335998.46257	
5	-2996.20	335998.46341	
Log-likelihood ratio converged.

Summary result of REML analysis:
Source	Variance	SE
V(G)	0.526383	218704.341599
V(e)	357070.154425	318803.364130
Vp	357070.680808	102224.354699
V(G)/Vp	0.000001	0.612496

Sampling variance/covariance of the estimates of variance components:
4.783159e+10	-6.950868e+10	
-6.950868e+10	1.016356e+11	
Estimatesof fixed effects:

Source	Estimate	SE
mean	3388.220529	89.081902
X_2	-60.817307	57.820461
X_3	-770.943261	111.897899
X_4	-1048.618653	98.183090
X_5	-840.548487	113.733893
X_6	-737.376822	99.090032
X_7	-756.380783	85.084058
X_8	240.257363	113.580990
X_9	-70.224653	89.749901
X_10	43.559425	90.865588
X_11	-3.046752	89.408837
X_12	222.822892	90.282900

Summary result of REML analysis has been saved in the file [/raid/genevol/users/lucas/heritability/03.Heritability/Results/V2/HLA-B/FullHLA-B0.hsq].

Analysis finished at 23:22:36 -03 on Wed Jun 09 2021
Overall computational time: 1.41 sec.
