*******************************************************************
* Genome-wide Complex Trait Analysis (GCTA)
* version 1.93.2 beta Linux
* (C) 2010-present, Jian Yang, The University of Queensland
* Please report bugs to Jian Yang <jian.yang.qt@gmail.com>
*******************************************************************
Analysis started at 23:22:43 -03 on Wed Jun 09 2021.
Hostname: darwin

Accepted options:
--reml
--reml-alg 0
--reml-maxit 1000
--grm /scratch/genevol/users/lucas/V2/grmGeuvadis
--pheno /raid/genevol/users/lucas/heritability/02.GCTA/data/geneHLA-B.txt
--covar /raid/genevol/users/lucas/heritability/02.GCTA/data/envir2.txt
--reml-est-fix
--out /raid/genevol/users/lucas/heritability/03.Heritability/Results/V2/HLA-B/GeuvadisHLA-B2

Note: This is a multi-thread program. You could specify the number of threads by the --thread-num option to speed up the computation if there are multiple processors in your machine.

Reading IDs of the GRM from [/scratch/genevol/users/lucas/V2/grmGeuvadis.grm.id].
445 IDs read from [/scratch/genevol/users/lucas/V2/grmGeuvadis.grm.id].
Reading the GRM from [/scratch/genevol/users/lucas/V2/grmGeuvadis.grm.bin].
GRM for 445 individuals are included from [/scratch/genevol/users/lucas/V2/grmGeuvadis.grm.bin].
Reading phenotypes from [/raid/genevol/users/lucas/heritability/02.GCTA/data/geneHLA-B.txt].
Non-missing phenotypes of 445 individuals are included from [/raid/genevol/users/lucas/heritability/02.GCTA/data/geneHLA-B.txt].
Reading discrete covariate(s) from [/raid/genevol/users/lucas/heritability/02.GCTA/data/envir2.txt].
1 discrete covariate(s) of 445 individuals are included from [/raid/genevol/users/lucas/heritability/02.GCTA/data/envir2.txt].

1 discrete variable(s) included as covariate(s).
445 individuals are in common in these files.

Performing  REML analysis ... (Note: may take hours depending on sample size).
445 observations, 7 fixed effect(s), and 2 variance component(s)(including residual variance).
Calculating prior values of variance components by EM-REML ...
Updated prior values: 219752 220149
logL: -3039.53
Running AI-REML algorithm ...
Iter.	logL	V(G)	V(e)	
1	-3028.90	92078.60666	298022.61928	
2	-3023.38	65752.36676	304655.64411	
3	-3022.03	56469.79922	302701.74388	
4	-3021.53	52230.16216	299933.31952	
5	-3021.32	45226.03836	292586.06786	
6	-3021.15	47310.75783	291135.38631	
7	-3021.15	46729.87761	291698.76311	
8	-3021.15	46912.42340	291523.26947	
9	-3021.15	46856.19009	291577.43235	
10	-3021.15	46873.62232	291560.65209	
Log-likelihood ratio converged.

Calculating the logLikelihood for the reduced model ...
(variance component 1 is dropped from the model)
Calculating prior values of variance components by EM-REML ...
Updated prior values: 345769.02889
logL: -3041.99600
Running AI-REML algorithm ...
Iter.	logL	V(e)	
1	-3024.48	344849.20805	
2	-3024.47	344224.16471	
3	-3024.47	342877.25363	
4	-3024.47	342882.50332	
5	-3024.47	342882.50340	
Log-likelihood ratio converged.

Summary result of REML analysis:
Source	Variance	SE
V(G)	46873.622317	41965.069255
V(e)	291560.652092	44847.027373
Vp	338434.274409	22922.259430
V(G)/Vp	0.138501	0.123006

Sampling variance/covariance of the estimates of variance components:
1.761067e+09	-1.623446e+09	
-1.623446e+09	2.011256e+09	
Estimatesof fixed effects:

Source	Estimate	SE
mean	3397.329353	59.598048
X_2	-778.789852	107.833953
X_3	-1062.158519	94.683243
X_4	-831.562834	109.828811
X_5	-739.854037	95.761826
X_6	-756.899620	82.413052
X_7	256.739214	110.072828

Summary result of REML analysis has been saved in the file [/raid/genevol/users/lucas/heritability/03.Heritability/Results/V2/HLA-B/GeuvadisHLA-B2.hsq].

Analysis finished at 23:22:45 -03 on Wed Jun 09 2021
Overall computational time: 1.26 sec.
