*******************************************************************
* Genome-wide Complex Trait Analysis (GCTA)
* version 1.93.2 beta Linux
* (C) 2010-present, Jian Yang, The University of Queensland
* Please report bugs to Jian Yang <jian.yang.qt@gmail.com>
*******************************************************************
Analysis started at 23:22:37 -03 on Wed Jun 09 2021.
Hostname: darwin

Accepted options:
--reml
--reml-alg 0
--reml-maxit 1000
--grm /scratch/genevol/users/lucas/V2/grmNAfr
--pheno /raid/genevol/users/lucas/heritability/02.GCTA/data/geneNAfrHLA-B.txt
--covar /raid/genevol/users/lucas/heritability/02.GCTA/data/envir0.txt
--reml-est-fix
--out /raid/genevol/users/lucas/heritability/03.Heritability/Results/V2/HLA-B/NAfrHLA-B0

Note: This is a multi-thread program. You could specify the number of threads by the --thread-num option to speed up the computation if there are multiple processors in your machine.

Reading IDs of the GRM from [/scratch/genevol/users/lucas/V2/grmNAfr.grm.id].
358 IDs read from [/scratch/genevol/users/lucas/V2/grmNAfr.grm.id].
Reading the GRM from [/scratch/genevol/users/lucas/V2/grmNAfr.grm.bin].
GRM for 358 individuals are included from [/scratch/genevol/users/lucas/V2/grmNAfr.grm.bin].
Reading phenotypes from [/raid/genevol/users/lucas/heritability/02.GCTA/data/geneNAfrHLA-B.txt].
Non-missing phenotypes of 358 individuals are included from [/raid/genevol/users/lucas/heritability/02.GCTA/data/geneNAfrHLA-B.txt].
Reading discrete covariate(s) from [/raid/genevol/users/lucas/heritability/02.GCTA/data/envir0.txt].
3 discrete covariate(s) of 445 individuals are included from [/raid/genevol/users/lucas/heritability/02.GCTA/data/envir0.txt].

3 discrete variable(s) included as covariate(s).
358 individuals are in common in these files.

Performing  REML analysis ... (Note: may take hours depending on sample size).
358 observations, 11 fixed effect(s), and 2 variance component(s)(including residual variance).
Calculating prior values of variance components by EM-REML ...
Updated prior values: 214916 214533
logL: -2416.78
Running AI-REML algorithm ...
Iter.	logL	V(G)	V(e)	
1	-2407.74	232636.40259	159901.42362	
2	-2404.93	239681.99712	132707.99299	
3	-2403.84	243401.51218	116908.33014	
4	-2403.39	245749.87055	106951.02416	
5	-2403.19	250980.28580	86108.73872	
6	-2403.03	252652.11596	85120.81496	
7	-2403.03	252842.54485	84933.34574	
8	-2403.03	252872.45325	84903.68983	
9	-2403.03	252877.17562	84899.00729	
Log-likelihood ratio converged.

Calculating the logLikelihood for the reduced model ...
(variance component 1 is dropped from the model)
Calculating prior values of variance components by EM-REML ...
Updated prior values: 341776.92361
logL: -2417.05221
Running AI-REML algorithm ...
Iter.	logL	V(e)	
1	-2403.18	340000.30838	
2	-2403.17	338800.60755	
3	-2403.16	336226.29859	
4	-2403.16	336245.71034	
5	-2403.16	336245.71146	
Log-likelihood ratio converged.

Summary result of REML analysis:
Source	Variance	SE
V(G)	252877.175618	455388.250675
V(e)	84899.007289	451193.455009
Vp	337776.182907	25928.938191
V(G)/Vp	0.748653	1.338495

Sampling variance/covariance of the estimates of variance components:
2.073785e+11	-2.051408e+11	
-2.051408e+11	2.035755e+11	
Estimatesof fixed effects:

Source	Estimate	SE
mean	3374.988616	90.353678
X_2	-74.208263	62.423333
X_3	-789.636806	119.321507
X_4	-1042.034124	104.756184
X_5	-772.169500	123.389656
X_6	-665.619676	107.672105
X_7	-774.247521	92.219017
X_8	303.758957	125.580956
X_9	-69.821761	115.157358
X_10	44.545064	89.426402
X_11	10.242828	100.976190

Summary result of REML analysis has been saved in the file [/raid/genevol/users/lucas/heritability/03.Heritability/Results/V2/HLA-B/NAfrHLA-B0.hsq].

Analysis finished at 23:22:38 -03 on Wed Jun 09 2021
Overall computational time: 0.97 sec.
