*******************************************************************
* Genome-wide Complex Trait Analysis (GCTA)
* version 1.93.2 beta Linux
* (C) 2010-present, Jian Yang, The University of Queensland
* Please report bugs to Jian Yang <jian.yang.qt@gmail.com>
*******************************************************************
Analysis started at 23:28:10 -03 on Wed Jun 09 2021.
Hostname: darwin

Accepted options:
--reml
--reml-alg 0
--reml-maxit 1000
--grm /scratch/genevol/users/lucas/V3/grmFull
--pheno /raid/genevol/users/lucas/heritability/02.GCTA/data/geneHLA-DRA.txt
--covar /raid/genevol/users/lucas/heritability/02.GCTA/data/envir1.txt
--reml-est-fix
--out /raid/genevol/users/lucas/heritability/03.Heritability/Results/V3/HLA-DRA/FullHLA-DRA1

Note: This is a multi-thread program. You could specify the number of threads by the --thread-num option to speed up the computation if there are multiple processors in your machine.

Reading IDs of the GRM from [/scratch/genevol/users/lucas/V3/grmFull.grm.id].
2504 IDs read from [/scratch/genevol/users/lucas/V3/grmFull.grm.id].
Reading the GRM from [/scratch/genevol/users/lucas/V3/grmFull.grm.bin].
GRM for 2504 individuals are included from [/scratch/genevol/users/lucas/V3/grmFull.grm.bin].
Reading phenotypes from [/raid/genevol/users/lucas/heritability/02.GCTA/data/geneHLA-DRA.txt].
Non-missing phenotypes of 445 individuals are included from [/raid/genevol/users/lucas/heritability/02.GCTA/data/geneHLA-DRA.txt].
Reading discrete covariate(s) from [/raid/genevol/users/lucas/heritability/02.GCTA/data/envir1.txt].
2 discrete covariate(s) of 445 individuals are included from [/raid/genevol/users/lucas/heritability/02.GCTA/data/envir1.txt].

2 discrete variable(s) included as covariate(s).
445 individuals are in common in these files.

Performing  REML analysis ... (Note: may take hours depending on sample size).
445 observations, 8 fixed effect(s), and 2 variance component(s)(including residual variance).
Calculating prior values of variance components by EM-REML ...
Updated prior values: 173968 178354
logL: -3043.71
Running AI-REML algorithm ...
Iter.	logL	V(G)	V(e)	
1	-3040.22	278414.43339	15454.01381	
2	-3037.89	244939.39950	0.39020	(1 component(s) constrained)
3	-3038.17	222302.55790	0.39020	(1 component(s) constrained)
4	-3041.41	183840.77102	0.39020	(1 component(s) constrained)
5	-3055.21	189343.93818	0.39020	(1 component(s) constrained)
6	-3052.37	189513.59981	0.39020	(1 component(s) constrained)
7	-3052.28	189513.64786	0.39020	(1 component(s) constrained)
8	-3052.28	189513.75187	0.39020	(1 component(s) constrained)
Log-likelihood ratio converged.

Calculating the logLikelihood for the reduced model ...
(variance component 1 is dropped from the model)
Calculating prior values of variance components by EM-REML ...
Updated prior values: 384824.69667
logL: -3045.11693
Running AI-REML algorithm ...
Iter.	logL	V(e)	
1	-3045.10	384793.59590	
2	-3045.10	384726.28991	
3	-3045.10	384726.30168	
Log-likelihood ratio converged.

Summary result of REML analysis:
Source	Variance	SE
V(G)	189513.751874	94237.159668
V(e)	0.390200	129529.778377
Vp	189514.142073	37487.113161
V(G)/Vp	0.999998	0.683483

Sampling variance/covariance of the estimates of variance components:
8.880642e+09	-1.212666e+10	
-1.212666e+10	1.677796e+10	
Estimatesof fixed effects:

Source	Estimate	SE
mean	1973.374221	84.868739
X_2	3.146659	48.968972
X_3	-177.181299	94.676104
X_4	-158.573687	83.181751
X_5	-144.167402	96.591198
X_6	-75.586285	84.088982
X_7	-287.712704	72.289165
X_8	-44.958950	96.189945

Summary result of REML analysis has been saved in the file [/raid/genevol/users/lucas/heritability/03.Heritability/Results/V3/HLA-DRA/FullHLA-DRA1.hsq].

Analysis finished at 23:28:11 -03 on Wed Jun 09 2021
Overall computational time: 1.41 sec.
