*******************************************************************
* Genome-wide Complex Trait Analysis (GCTA)
* version 1.93.2 beta Linux
* (C) 2010-present, Jian Yang, The University of Queensland
* Please report bugs to Jian Yang <jian.yang.qt@gmail.com>
*******************************************************************
Analysis started at 23:27:59 -03 on Wed Jun 09 2021.
Hostname: darwin

Accepted options:
--reml
--reml-alg 0
--reml-maxit 1000
--grm /scratch/genevol/users/lucas/V3/grmFull
--pheno /raid/genevol/users/lucas/heritability/02.GCTA/data/geneHLA-DRA.txt
--covar /raid/genevol/users/lucas/heritability/02.GCTA/data/envir0.txt
--reml-est-fix
--out /raid/genevol/users/lucas/heritability/03.Heritability/Results/V3/HLA-DRA/FullHLA-DRA0

Note: This is a multi-thread program. You could specify the number of threads by the --thread-num option to speed up the computation if there are multiple processors in your machine.

Reading IDs of the GRM from [/scratch/genevol/users/lucas/V3/grmFull.grm.id].
2504 IDs read from [/scratch/genevol/users/lucas/V3/grmFull.grm.id].
Reading the GRM from [/scratch/genevol/users/lucas/V3/grmFull.grm.bin].
GRM for 2504 individuals are included from [/scratch/genevol/users/lucas/V3/grmFull.grm.bin].
Reading phenotypes from [/raid/genevol/users/lucas/heritability/02.GCTA/data/geneHLA-DRA.txt].
Non-missing phenotypes of 445 individuals are included from [/raid/genevol/users/lucas/heritability/02.GCTA/data/geneHLA-DRA.txt].
Reading discrete covariate(s) from [/raid/genevol/users/lucas/heritability/02.GCTA/data/envir0.txt].
3 discrete covariate(s) of 445 individuals are included from [/raid/genevol/users/lucas/heritability/02.GCTA/data/envir0.txt].

3 discrete variable(s) included as covariate(s).
445 individuals are in common in these files.

Performing  REML analysis ... (Note: may take hours depending on sample size).
445 observations, 12 fixed effect(s), and 2 variance component(s)(including residual variance).
Calculating prior values of variance components by EM-REML ...
Updated prior values: 141414 155691
logL: -2958.99
Running AI-REML algorithm ...
Iter.	logL	V(G)	V(e)	
1	-2934.03	137647.66821	107588.93928	
2	-2924.45	133631.86499	89120.10560	
3	-2921.34	131046.22879	79384.27357	
4	-2920.12	129450.53674	73550.71213	
5	-2919.61	128481.22315	69805.69988	
6	-2919.38	126653.25560	61872.91426	
7	-2919.20	127303.07294	61413.72402	
8	-2919.20	127387.65696	61299.34053	
9	-2919.20	127404.22097	61276.78754	
10	-2919.20	127407.48080	61272.34900	
Log-likelihood ratio converged.

Calculating the logLikelihood for the reduced model ...
(variance component 1 is dropped from the model)
Calculating prior values of variance components by EM-REML ...
Updated prior values: 240055.69835
logL: -2942.96721
Running AI-REML algorithm ...
Iter.	logL	V(e)	
1	-2919.66	238717.61921	
2	-2919.64	237814.89162	
3	-2919.63	235879.03762	
4	-2919.62	235894.66753	
5	-2919.62	235894.66857	
Log-likelihood ratio converged.

Summary result of REML analysis:
Source	Variance	SE
V(G)	127407.480803	125720.901803
V(e)	61272.348997	170824.954825
Vp	188679.829800	47129.857257
V(G)/Vp	0.675258	0.827044

Sampling variance/covariance of the estimates of variance components:
1.580575e+10	-2.138284e+10	
-2.138284e+10	2.918117e+10	
Estimatesof fixed effects:

Source	Estimate	SE
mean	2686.362961	120.141755
X_2	-11.808388	46.874406
X_3	-87.947826	90.655590
X_4	-141.006056	79.537608
X_5	-198.868374	92.399164
X_6	-103.995472	80.361301
X_7	-320.418793	69.068917
X_8	-62.229531	92.044993
X_9	-928.764879	99.553995
X_10	-1065.798093	74.248969
X_11	-909.174318	82.588198
X_12	-523.230454	242.120829

Summary result of REML analysis has been saved in the file [/raid/genevol/users/lucas/heritability/03.Heritability/Results/V3/HLA-DRA/FullHLA-DRA0.hsq].

Analysis finished at 23:28:00 -03 on Wed Jun 09 2021
Overall computational time: 1.54 sec.
