*******************************************************************
* Genome-wide Complex Trait Analysis (GCTA)
* version 1.93.2 beta Linux
* (C) 2010-present, Jian Yang, The University of Queensland
* Please report bugs to Jian Yang <jian.yang.qt@gmail.com>
*******************************************************************
Analysis started at 23:28:11 -03 on Wed Jun 09 2021.
Hostname: darwin

Accepted options:
--reml
--reml-alg 0
--reml-maxit 1000
--grm /scratch/genevol/users/lucas/V3/grmGeuvadis
--pheno /raid/genevol/users/lucas/heritability/02.GCTA/data/geneHLA-DRA.txt
--covar /raid/genevol/users/lucas/heritability/02.GCTA/data/envir1.txt
--reml-est-fix
--out /raid/genevol/users/lucas/heritability/03.Heritability/Results/V3/HLA-DRA/GeuvadisHLA-DRA1

Note: This is a multi-thread program. You could specify the number of threads by the --thread-num option to speed up the computation if there are multiple processors in your machine.

Reading IDs of the GRM from [/scratch/genevol/users/lucas/V3/grmGeuvadis.grm.id].
445 IDs read from [/scratch/genevol/users/lucas/V3/grmGeuvadis.grm.id].
Reading the GRM from [/scratch/genevol/users/lucas/V3/grmGeuvadis.grm.bin].
GRM for 445 individuals are included from [/scratch/genevol/users/lucas/V3/grmGeuvadis.grm.bin].
Reading phenotypes from [/raid/genevol/users/lucas/heritability/02.GCTA/data/geneHLA-DRA.txt].
Non-missing phenotypes of 445 individuals are included from [/raid/genevol/users/lucas/heritability/02.GCTA/data/geneHLA-DRA.txt].
Reading discrete covariate(s) from [/raid/genevol/users/lucas/heritability/02.GCTA/data/envir1.txt].
2 discrete covariate(s) of 445 individuals are included from [/raid/genevol/users/lucas/heritability/02.GCTA/data/envir1.txt].

2 discrete variable(s) included as covariate(s).
445 individuals are in common in these files.

Performing  REML analysis ... (Note: may take hours depending on sample size).
445 observations, 8 fixed effect(s), and 2 variance component(s)(including residual variance).
Calculating prior values of variance components by EM-REML ...
Updated prior values: 194906 201096
logL: -3048.09
Running AI-REML algorithm ...
Iter.	logL	V(G)	V(e)	
1	-3047.91	80881.57787	299508.49976	
2	-3044.61	0.39020	372571.11258	(1 component(s) constrained)
3	-3045.21	3140.07545	371706.00249	
4	-3044.55	14593.93260	365709.66894	
5	-3043.68	25384.69199	356331.92498	
6	-3043.55	25300.93292	356809.54972	
7	-3043.55	25351.30739	356760.80083	
8	-3043.55	25328.30330	356783.26144	
Log-likelihood ratio converged.

Calculating the logLikelihood for the reduced model ...
(variance component 1 is dropped from the model)
Calculating prior values of variance components by EM-REML ...
Updated prior values: 384824.69667
logL: -3045.11693
Running AI-REML algorithm ...
Iter.	logL	V(e)	
1	-3045.10	384793.59590	
2	-3045.10	384726.28991	
3	-3045.10	384726.30168	
Log-likelihood ratio converged.

Summary result of REML analysis:
Source	Variance	SE
V(G)	25328.303297	30442.222521
V(e)	356783.261441	38246.384564
Vp	382111.564738	25860.417928
V(G)/Vp	0.066285	0.079416

Sampling variance/covariance of the estimates of variance components:
9.267289e+08	-8.603768e+08	
-8.603768e+08	1.462786e+09	
Estimatesof fixed effects:

Source	Estimate	SE
mean	1974.157918	68.491316
X_2	9.554556	59.445971
X_3	-167.144981	115.229830
X_4	-163.878123	101.223506
X_5	-131.483151	117.094156
X_6	-70.721337	102.286881
X_7	-284.534039	87.795359
X_8	-20.873609	117.094525

Summary result of REML analysis has been saved in the file [/raid/genevol/users/lucas/heritability/03.Heritability/Results/V3/HLA-DRA/GeuvadisHLA-DRA1.hsq].

Analysis finished at 23:28:12 -03 on Wed Jun 09 2021
Overall computational time: 1.17 sec.
