*******************************************************************
* Genome-wide Complex Trait Analysis (GCTA)
* version 1.93.2 beta Linux
* (C) 2010-present, Jian Yang, The University of Queensland
* Please report bugs to Jian Yang <jian.yang.qt@gmail.com>
*******************************************************************
Analysis started at 23:28:26 -03 on Wed Jun 09 2021.
Hostname: darwin

Accepted options:
--reml
--reml-alg 0
--reml-maxit 1000
--grm /scratch/genevol/users/lucas/V3/grmNAfr
--pheno /raid/genevol/users/lucas/heritability/02.GCTA/data/geneNAfrHLA-DRA.txt
--covar /raid/genevol/users/lucas/heritability/02.GCTA/data/envir2.txt
--reml-est-fix
--out /raid/genevol/users/lucas/heritability/03.Heritability/Results/V3/HLA-DRA/NAfrHLA-DRA2

Note: This is a multi-thread program. You could specify the number of threads by the --thread-num option to speed up the computation if there are multiple processors in your machine.

Reading IDs of the GRM from [/scratch/genevol/users/lucas/V3/grmNAfr.grm.id].
358 IDs read from [/scratch/genevol/users/lucas/V3/grmNAfr.grm.id].
Reading the GRM from [/scratch/genevol/users/lucas/V3/grmNAfr.grm.bin].
GRM for 358 individuals are included from [/scratch/genevol/users/lucas/V3/grmNAfr.grm.bin].
Reading phenotypes from [/raid/genevol/users/lucas/heritability/02.GCTA/data/geneNAfrHLA-DRA.txt].
Non-missing phenotypes of 358 individuals are included from [/raid/genevol/users/lucas/heritability/02.GCTA/data/geneNAfrHLA-DRA.txt].
Reading discrete covariate(s) from [/raid/genevol/users/lucas/heritability/02.GCTA/data/envir2.txt].
1 discrete covariate(s) of 445 individuals are included from [/raid/genevol/users/lucas/heritability/02.GCTA/data/envir2.txt].

1 discrete variable(s) included as covariate(s).
358 individuals are in common in these files.

Performing  REML analysis ... (Note: may take hours depending on sample size).
358 observations, 7 fixed effect(s), and 2 variance component(s)(including residual variance).
Calculating prior values of variance components by EM-REML ...
Updated prior values: 206769 203200
logL: -2454.28
Running AI-REML algorithm ...
Iter.	logL	V(G)	V(e)	
1	-2454.19	398644.20555	0.41612	(1 component(s) constrained)
2	-2452.27	378859.00420	0.41612	(1 component(s) constrained)
3	-2451.82	379149.00227	0.41612	(1 component(s) constrained)
4	-2452.03	379794.32356	0.41612	(1 component(s) constrained)
5	-2452.56	379766.47793	0.41612	(1 component(s) constrained)
6	-2451.62	379772.91909	0.41612	(1 component(s) constrained)
7	-2452.10	379808.29401	0.41612	(1 component(s) constrained)
8	-2452.47	379792.11996	0.41612	(1 component(s) constrained)
9	-2451.48	379740.43142	0.41612	(1 component(s) constrained)
10	-2451.89	379876.76925	0.41612	(1 component(s) constrained)
11	-2451.47	379784.51680	0.41612	(1 component(s) constrained)
12	-2451.48	379777.85566	0.41612	(1 component(s) constrained)
13	-2452.15	379789.47466	0.41612	(1 component(s) constrained)
14	-2452.28	379745.44581	0.41612	(1 component(s) constrained)
15	-2451.46	379753.64696	0.41612	(1 component(s) constrained)
16	-2451.62	379774.36698	0.41612	(1 component(s) constrained)
17	-2451.51	379854.63695	0.41612	(1 component(s) constrained)
18	-2450.91	379750.84957	0.41612	(1 component(s) constrained)
19	-2452.39	379744.56443	0.41612	(1 component(s) constrained)
20	-2451.40	379792.96379	0.41612	(1 component(s) constrained)
21	-2451.77	379828.76760	0.41612	(1 component(s) constrained)
22	-2452.19	379782.97891	0.41612	(1 component(s) constrained)
23	-2452.11	379765.64799	0.41612	(1 component(s) constrained)
24	-2451.17	379837.74733	0.41612	(1 component(s) constrained)
25	-2451.36	379844.44633	0.41612	(1 component(s) constrained)
26	-2451.54	379836.51520	0.41612	(1 component(s) constrained)
27	-2451.62	379801.63798	0.41612	(1 component(s) constrained)
28	-2451.68	379772.07180	0.41612	(1 component(s) constrained)
29	-2452.07	379781.58107	0.41612	(1 component(s) constrained)
30	-2452.21	379803.58247	0.41612	(1 component(s) constrained)
31	-2451.16	379794.49380	0.41612	(1 component(s) constrained)
32	-2451.84	379784.27467	0.41612	(1 component(s) constrained)
33	-2451.85	379821.13837	0.41612	(1 component(s) constrained)
34	-2451.02	379757.01769	0.41612	(1 component(s) constrained)
35	-2450.74	379800.12188	0.41612	(1 component(s) constrained)
36	-2451.41	379814.47864	0.41612	(1 component(s) constrained)
37	-2451.34	379739.30019	0.41612	(1 component(s) constrained)
38	-2452.07	379769.96961	0.41612	(1 component(s) constrained)
39	-2451.77	379807.87449	0.41612	(1 component(s) constrained)
40	-2451.64	379764.23956	0.41612	(1 component(s) constrained)
41	-2452.25	379772.83803	0.41612	(1 component(s) constrained)
42	-2451.91	379872.32430	0.41612	(1 component(s) constrained)
43	-2451.58	379769.06792	0.41612	(1 component(s) constrained)
44	-2451.06	379783.35009	0.41612	(1 component(s) constrained)
45	-2452.25	379835.35623	0.41612	(1 component(s) constrained)
46	-2451.98	379818.68063	0.41612	(1 component(s) constrained)
47	-2451.70	379794.00464	0.41612	(1 component(s) constrained)
48	-2451.62	379864.61714	0.41612	(1 component(s) constrained)
49	-2451.59	379800.58288	0.41612	(1 component(s) constrained)
50	-2451.89	379808.62163	0.41612	(1 component(s) constrained)
51	-2452.04	379819.24232	0.41612	(1 component(s) constrained)
52	-2451.05	379765.22716	0.41612	(1 component(s) constrained)
53	-2451.82	379826.46488	0.41612	(1 component(s) constrained)
54	-2451.72	379790.67543	0.41612	(1 component(s) constrained)
55	-2451.22	379775.84348	0.41612	(1 component(s) constrained)
56	-2452.01	379793.79348	0.41612	(1 component(s) constrained)
57	-2452.14	379881.79566	0.41612	(1 component(s) constrained)
58	-2451.13	379780.43161	0.41612	(1 component(s) constrained)
59	-2451.76	379803.86466	0.41612	(1 component(s) constrained)
60	-2451.76	379864.70270	0.41612	(1 component(s) constrained)
61	-2451.92	379827.03837	0.41612	(1 component(s) constrained)
62	-2451.75	379809.53751	0.41612	(1 component(s) constrained)
63	-2451.01	379803.94642	0.41612	(1 component(s) constrained)
64	-2451.92	379821.86093	0.41612	(1 component(s) constrained)
65	-2452.43	379812.34791	0.41612	(1 component(s) constrained)
66	-2452.22	379828.01486	0.41612	(1 component(s) constrained)
67	-2451.68	379849.74139	0.41612	(1 component(s) constrained)
68	-2451.50	379816.44869	0.41612	(1 component(s) constrained)
69	-2451.48	379831.34460	0.41612	(1 component(s) constrained)
70	-2451.65	379789.36090	0.41612	(1 component(s) constrained)
71	-2452.08	379756.98617	0.41612	(1 component(s) constrained)
72	-2452.17	379756.98397	0.41612	(1 component(s) constrained)
73	-2451.29	379828.95790	0.41612	(1 component(s) constrained)
74	-2451.79	379818.20673	0.41612	(1 component(s) constrained)
75	-2450.86	379737.22889	0.41612	(1 component(s) constrained)
76	-2451.78	379800.76423	0.41612	(1 component(s) constrained)
77	-2451.49	379845.40140	0.41612	(1 component(s) constrained)
78	-2452.00	379805.62551	0.41612	(1 component(s) constrained)
79	-2452.21	379843.42321	0.41612	(1 component(s) constrained)
80	-2452.12	379748.18282	0.41612	(1 component(s) constrained)
81	-2451.78	379771.93134	0.41612	(1 component(s) constrained)
82	-2451.90	379799.20166	0.41612	(1 component(s) constrained)
83	-2451.72	379727.41383	0.41612	(1 component(s) constrained)
84	-2452.53	379754.27354	0.41612	(1 component(s) constrained)
85	-2451.15	379863.82419	0.41612	(1 component(s) constrained)
86	-2452.75	379841.19299	0.41612	(1 component(s) constrained)
87	-2452.64	379755.83555	0.41612	(1 component(s) constrained)
88	-2451.40	379772.66536	0.41612	(1 component(s) constrained)
89	-2451.45	379769.71335	0.41612	(1 component(s) constrained)
90	-2451.19	379817.00587	0.41612	(1 component(s) constrained)
91	-2451.97	379837.49050	0.41612	(1 component(s) constrained)
92	-2451.62	379830.96105	0.41612	(1 component(s) constrained)
93	-2451.84	379854.11085	0.41612	(1 component(s) constrained)
94	-2450.99	379705.67687	0.41612	(1 component(s) constrained)
95	-2452.41	379764.15227	0.41612	(1 component(s) constrained)
96	-2452.20	379780.98274	0.41612	(1 component(s) constrained)
97	-2451.50	379793.38828	0.41612	(1 component(s) constrained)
98	-2451.37	379811.95368	0.41612	(1 component(s) constrained)
99	-2451.34	379733.01498	0.41612	(1 component(s) constrained)
100	-2451.22	379819.98282	0.41612	(1 component(s) constrained)
101	-2451.29	379831.69576	0.41612	(1 component(s) constrained)
102	-2452.78	379743.44783	0.41612	(1 component(s) constrained)
103	-2451.62	379790.32233	0.41612	(1 component(s) constrained)
104	-2451.08	379795.23089	0.41612	(1 component(s) constrained)
105	-2452.09	379807.83348	0.41612	(1 component(s) constrained)
106	-2451.60	379833.34382	0.41612	(1 component(s) constrained)
107	-2451.85	379806.37444	0.41612	(1 component(s) constrained)
108	-2451.56	379740.24922	0.41612	(1 component(s) constrained)
109	-2451.75	379804.96332	0.41612	(1 component(s) constrained)
110	-2452.19	379756.61660	0.41612	(1 component(s) constrained)
111	-2451.84	379769.97359	0.41612	(1 component(s) constrained)
112	-2452.25	379798.60730	0.41612	(1 component(s) constrained)
113	-2451.61	379853.17730	0.41612	(1 component(s) constrained)
114	-2451.97	379834.80554	0.41612	(1 component(s) constrained)
115	-2451.91	379773.85326	0.41612	(1 component(s) constrained)
116	-2452.12	379833.58656	0.41612	(1 component(s) constrained)
117	-2451.93	379748.48434	0.41612	(1 component(s) constrained)
118	-2451.32	379784.69687	0.41612	(1 component(s) constrained)
119	-2450.89	379805.82289	0.41612	(1 component(s) constrained)
120	-2451.68	379754.14459	0.41612	(1 component(s) constrained)
121	-2451.84	379753.43433	0.41612	(1 component(s) constrained)
122	-2452.28	379771.77494	0.41612	(1 component(s) constrained)
123	-2451.29	379848.55294	0.41612	(1 component(s) constrained)
124	-2451.96	379802.37878	0.41612	(1 component(s) constrained)
125	-2451.99	379771.30328	0.41612	(1 component(s) constrained)
126	-2451.36	379804.38131	0.41612	(1 component(s) constrained)
127	-2451.20	379749.04245	0.41612	(1 component(s) constrained)
128	-2452.20	379805.35624	0.41612	(1 component(s) constrained)
129	-2451.86	379783.88774	0.41612	(1 component(s) constrained)
130	-2451.49	379798.50223	0.41612	(1 component(s) constrained)
131	-2451.42	379841.32000	0.41612	(1 component(s) constrained)
132	-2452.84	379817.74449	0.41612	(1 component(s) constrained)
133	-2451.20	379814.80393	0.41612	(1 component(s) constrained)
134	-2451.13	379812.29797	0.41612	(1 component(s) constrained)
135	-2451.46	379848.68953	0.41612	(1 component(s) constrained)
136	-2451.69	379806.22297	0.41612	(1 component(s) constrained)
137	-2451.22	379770.38545	0.41612	(1 component(s) constrained)
138	-2451.45	379807.81723	0.41612	(1 component(s) constrained)
139	-2451.76	379865.36127	0.41612	(1 component(s) constrained)
140	-2451.78	379780.50678	0.41612	(1 component(s) constrained)
141	-2451.49	379810.60513	0.41612	(1 component(s) constrained)
142	-2452.33	379822.50365	0.41612	(1 component(s) constrained)
143	-2451.76	379834.12307	0.41612	(1 component(s) constrained)
144	-2451.25	379747.02224	0.41612	(1 component(s) constrained)
145	-2452.12	379800.36684	0.41612	(1 component(s) constrained)
146	-2451.62	379734.27107	0.41612	(1 component(s) constrained)
147	-2451.50	379835.92238	0.41612	(1 component(s) constrained)
148	-2451.45	379813.85403	0.41612	(1 component(s) constrained)
149	-2451.32	379830.43062	0.41612	(1 component(s) constrained)
150	-2451.72	379785.23422	0.41612	(1 component(s) constrained)
151	-2451.74	379837.77138	0.41612	(1 component(s) constrained)
152	-2451.50	379782.89612	0.41612	(1 component(s) constrained)
153	-2451.87	379831.98702	0.41612	(1 component(s) constrained)
154	-2452.47	379742.18310	0.41612	(1 component(s) constrained)
155	-2451.71	379812.19779	0.41612	(1 component(s) constrained)
156	-2451.75	379743.48431	0.41612	(1 component(s) constrained)
157	-2451.80	379785.02724	0.41612	(1 component(s) constrained)
158	-2451.96	379768.09496	0.41612	(1 component(s) constrained)
159	-2452.08	379768.41080	0.41612	(1 component(s) constrained)
160	-2450.96	379835.30722	0.41612	(1 component(s) constrained)
161	-2451.84	379817.46752	0.41612	(1 component(s) constrained)
162	-2451.21	379794.48581	0.41612	(1 component(s) constrained)
163	-2451.97	379799.90024	0.41612	(1 component(s) constrained)
164	-2452.72	379849.88201	0.41612	(1 component(s) constrained)
165	-2451.79	379845.65693	0.41612	(1 component(s) constrained)
166	-2451.40	379758.75133	0.41612	(1 component(s) constrained)
167	-2451.86	379915.90384	0.41612	(1 component(s) constrained)
168	-2451.90	379773.44360	0.41612	(1 component(s) constrained)
169	-2451.48	379762.92459	0.41612	(1 component(s) constrained)
170	-2451.22	379829.35009	0.41612	(1 component(s) constrained)
171	-2452.36	379790.45480	0.41612	(1 component(s) constrained)
172	-2451.67	379818.65993	0.41612	(1 component(s) constrained)
173	-2451.43	379781.45003	0.41612	(1 component(s) constrained)
174	-2452.38	379832.05890	0.41612	(1 component(s) constrained)
175	-2450.92	379853.19377	0.41612	(1 component(s) constrained)
176	-2451.80	379853.79218	0.41612	(1 component(s) constrained)
177	-2452.09	379801.09653	0.41612	(1 component(s) constrained)
178	-2451.30	379802.36256	0.41612	(1 component(s) constrained)
179	-2451.79	379776.41895	0.41612	(1 component(s) constrained)
180	-2451.11	379826.93269	0.41612	(1 component(s) constrained)
181	-2451.78	379815.93524	0.41612	(1 component(s) constrained)
182	-2451.81	379813.73953	0.41612	(1 component(s) constrained)
183	-2451.96	379797.50171	0.41612	(1 component(s) constrained)
184	-2450.97	379857.67984	0.41612	(1 component(s) constrained)
185	-2451.55	379761.24298	0.41612	(1 component(s) constrained)
186	-2451.89	379870.27001	0.41612	(1 component(s) constrained)
187	-2451.90	379802.33608	0.41612	(1 component(s) constrained)
188	-2451.91	379767.30093	0.41612	(1 component(s) constrained)
189	-2451.68	379811.84935	0.41612	(1 component(s) constrained)
190	-2451.94	379833.05708	0.41612	(1 component(s) constrained)
191	-2451.55	379780.82862	0.41612	(1 component(s) constrained)
192	-2451.68	379771.22060	0.41612	(1 component(s) constrained)
193	-2451.39	379731.86826	0.41612	(1 component(s) constrained)
194	-2452.23	379748.45036	0.41612	(1 component(s) constrained)
195	-2452.43	379810.35255	0.41612	(1 component(s) constrained)
196	-2451.80	379891.90218	0.41612	(1 component(s) constrained)
197	-2451.89	379894.66766	0.41612	(1 component(s) constrained)
198	-2451.81	379747.23546	0.41612	(1 component(s) constrained)
199	-2451.89	379784.42637	0.41612	(1 component(s) constrained)
200	-2451.14	379826.65187	0.41612	(1 component(s) constrained)
201	-2451.14	379773.55514	0.41612	(1 component(s) constrained)
202	-2452.25	379791.82322	0.41612	(1 component(s) constrained)
203	-2451.36	379765.43725	0.41612	(1 component(s) constrained)
204	-2451.52	379802.72996	0.41612	(1 component(s) constrained)
205	-2451.52	379760.52721	0.41612	(1 component(s) constrained)
206	-2451.93	379803.32225	0.41612	(1 component(s) constrained)
207	-2452.04	379833.83107	0.41612	(1 component(s) constrained)
208	-2451.40	379800.58735	0.41612	(1 component(s) constrained)
209	-2451.71	379829.64603	0.41612	(1 component(s) constrained)
210	-2451.22	379829.54959	0.41612	(1 component(s) constrained)
211	-2451.46	379852.67798	0.41612	(1 component(s) constrained)
212	-2452.44	379850.16698	0.41612	(1 component(s) constrained)
213	-2451.87	379759.62956	0.41612	(1 component(s) constrained)
214	-2451.92	379786.60493	0.41612	(1 component(s) constrained)
215	-2452.38	379841.04047	0.41612	(1 component(s) constrained)
216	-2451.26	379752.04443	0.41612	(1 component(s) constrained)
217	-2451.43	379762.98741	0.41612	(1 component(s) constrained)
218	-2451.46	379749.94653	0.41612	(1 component(s) constrained)
219	-2452.79	379832.30058	0.41612	(1 component(s) constrained)
220	-2451.86	379854.10663	0.41612	(1 component(s) constrained)
221	-2451.14	379852.15880	0.41612	(1 component(s) constrained)
222	-2452.14	379782.81401	0.41612	(1 component(s) constrained)
223	-2451.89	379873.53812	0.41612	(1 component(s) constrained)
224	-2451.70	379766.21688	0.41612	(1 component(s) constrained)
225	-2451.32	379785.66212	0.41612	(1 component(s) constrained)
226	-2452.13	379800.59997	0.41612	(1 component(s) constrained)
227	-2452.07	379812.77651	0.41612	(1 component(s) constrained)
228	-2451.51	379804.58419	0.41612	(1 component(s) constrained)
229	-2452.04	379844.83707	0.41612	(1 component(s) constrained)
230	-2451.64	379793.89827	0.41612	(1 component(s) constrained)
231	-2451.69	379783.89003	0.41612	(1 component(s) constrained)
232	-2451.97	379773.60693	0.41612	(1 component(s) constrained)
233	-2451.27	379830.15581	0.41612	(1 component(s) constrained)
234	-2452.19	379823.75163	0.41612	(1 component(s) constrained)
235	-2451.22	379816.81467	0.41612	(1 component(s) constrained)
236	-2452.17	379774.80997	0.41612	(1 component(s) constrained)
237	-2451.74	379789.50634	0.41612	(1 component(s) constrained)
238	-2451.58	379762.01929	0.41612	(1 component(s) constrained)
239	-2451.94	379798.17983	0.41612	(1 component(s) constrained)
240	-2451.19	379831.39249	0.41612	(1 component(s) constrained)
241	-2451.65	379823.52076	0.41612	(1 component(s) constrained)
242	-2452.15	379822.92718	0.41612	(1 component(s) constrained)
243	-2452.34	379781.88370	0.41612	(1 component(s) constrained)
244	-2452.49	379821.38357	0.41612	(1 component(s) constrained)
245	-2452.44	379857.55412	0.41612	(1 component(s) constrained)
246	-2451.53	379810.81656	0.41612	(1 component(s) constrained)
247	-2451.73	379842.01720	0.41612	(1 component(s) constrained)
248	-2451.86	379810.86389	0.41612	(1 component(s) constrained)
249	-2451.25	379841.65563	0.41612	(1 component(s) constrained)
250	-2451.97	379758.64427	0.41612	(1 component(s) constrained)
251	-2451.37	379762.82738	0.41612	(1 component(s) constrained)
252	-2451.23	379847.52605	0.41612	(1 component(s) constrained)
253	-2451.61	379840.73528	0.41612	(1 component(s) constrained)
254	-2452.58	379707.43626	0.41612	(1 component(s) constrained)
255	-2451.99	379724.74598	0.41612	(1 component(s) constrained)
256	-2451.52	379849.40229	0.41612	(1 component(s) constrained)
257	-2452.59	379836.90442	0.41612	(1 component(s) constrained)
258	-2451.29	379840.44051	0.41612	(1 component(s) constrained)
259	-2451.59	379815.79660	0.41612	(1 component(s) constrained)
260	-2451.36	379768.99695	0.41612	(1 component(s) constrained)
261	-2451.91	379773.95489	0.41612	(1 component(s) constrained)
262	-2451.13	379789.80705	0.41612	(1 component(s) constrained)
263	-2451.68	379808.75266	0.41612	(1 component(s) constrained)
264	-2451.42	379792.16443	0.41612	(1 component(s) constrained)
265	-2451.98	379768.69791	0.41612	(1 component(s) constrained)
266	-2452.61	379767.52520	0.41612	(1 component(s) constrained)
267	-2451.22	379848.72313	0.41612	(1 component(s) constrained)
268	-2452.12	379834.96536	0.41612	(1 component(s) constrained)
269	-2451.76	379820.06214	0.41612	(1 component(s) constrained)
270	-2450.74	379810.53442	0.41612	(1 component(s) constrained)
271	-2452.13	379799.19916	0.41612	(1 component(s) constrained)
272	-2451.38	379756.22091	0.41612	(1 component(s) constrained)
273	-2452.19	379871.12385	0.41612	(1 component(s) constrained)
274	-2451.52	379822.07858	0.41612	(1 component(s) constrained)
275	-2451.89	379767.67134	0.41612	(1 component(s) constrained)
276	-2452.31	379750.53454	0.41612	(1 component(s) constrained)
277	-2451.16	379800.01823	0.41612	(1 component(s) constrained)
278	-2451.46	379803.83054	0.41612	(1 component(s) constrained)
279	-2451.40	379837.12842	0.41612	(1 component(s) constrained)
280	-2451.59	379799.64939	0.41612	(1 component(s) constrained)
281	-2451.76	379770.42299	0.41612	(1 component(s) constrained)
282	-2452.18	379741.24477	0.41612	(1 component(s) constrained)
283	-2452.26	379786.87875	0.41612	(1 component(s) constrained)
284	-2452.57	379817.67187	0.41612	(1 component(s) constrained)
285	-2451.47	379841.57212	0.41612	(1 component(s) constrained)
286	-2450.99	379827.55897	0.41612	(1 component(s) constrained)
287	-2451.17	379837.03497	0.41612	(1 component(s) constrained)
288	-2450.81	379861.15227	0.41612	(1 component(s) constrained)
289	-2451.73	379779.02672	0.41612	(1 component(s) constrained)
290	-2451.50	379797.69718	0.41612	(1 component(s) constrained)
291	-2453.04	379851.67912	0.41612	(1 component(s) constrained)
292	-2451.29	379758.23101	0.41612	(1 component(s) constrained)
293	-2451.59	379772.43535	0.41612	(1 component(s) constrained)
294	-2452.70	379777.96717	0.41612	(1 component(s) constrained)
295	-2451.70	379749.24006	0.41612	(1 component(s) constrained)
296	-2451.36	379790.20997	0.41612	(1 component(s) constrained)
297	-2451.54	379852.74838	0.41612	(1 component(s) constrained)
298	-2451.39	379816.70944	0.41612	(1 component(s) constrained)
299	-2450.89	379857.07841	0.41612	(1 component(s) constrained)
300	-2451.48	379750.75123	0.41612	(1 component(s) constrained)
301	-2452.49	379750.68054	0.41612	(1 component(s) constrained)
302	-2451.36	379850.74625	0.41612	(1 component(s) constrained)
303	-2451.51	379834.40477	0.41612	(1 component(s) constrained)
304	-2452.00	379756.03712	0.41612	(1 component(s) constrained)
305	-2451.61	379814.36973	0.41612	(1 component(s) constrained)
306	-2451.61	379721.32664	0.41612	(1 component(s) constrained)
307	-2451.51	379811.54360	0.41612	(1 component(s) constrained)
308	-2451.51	379736.62934	0.41612	(1 component(s) constrained)
309	-2451.56	379753.17883	0.41612	(1 component(s) constrained)
310	-2451.30	379725.03087	0.41612	(1 component(s) constrained)
311	-2452.20	379777.03284	0.41612	(1 component(s) constrained)
312	-2452.03	379842.99290	0.41612	(1 component(s) constrained)
313	-2451.24	379833.35697	0.41612	(1 component(s) constrained)
314	-2452.17	379859.53082	0.41612	(1 component(s) constrained)
315	-2451.59	379799.56896	0.41612	(1 component(s) constrained)
316	-2451.30	379759.73380	0.41612	(1 component(s) constrained)
317	-2452.02	379823.32058	0.41612	(1 component(s) constrained)
318	-2451.78	379861.62276	0.41612	(1 component(s) constrained)
319	-2451.09	379805.64745	0.41612	(1 component(s) constrained)
320	-2452.42	379782.18544	0.41612	(1 component(s) constrained)
321	-2451.72	379776.99899	0.41612	(1 component(s) constrained)
322	-2451.71	379816.05199	0.41612	(1 component(s) constrained)
323	-2451.93	379807.75680	0.41612	(1 component(s) constrained)
324	-2451.69	379758.30274	0.41612	(1 component(s) constrained)
325	-2451.84	379763.92724	0.41612	(1 component(s) constrained)
326	-2451.78	379851.71827	0.41612	(1 component(s) constrained)
327	-2451.09	379769.41530	0.41612	(1 component(s) constrained)
328	-2451.85	379788.25945	0.41612	(1 component(s) constrained)
329	-2452.20	379713.77013	0.41612	(1 component(s) constrained)
330	-2451.97	379763.29338	0.41612	(1 component(s) constrained)
331	-2451.68	379790.85317	0.41612	(1 component(s) constrained)
332	-2451.47	379744.70559	0.41612	(1 component(s) constrained)
333	-2451.98	379883.55059	0.41612	(1 component(s) constrained)
334	-2451.86	379799.39824	0.41612	(1 component(s) constrained)
335	-2451.68	379751.97848	0.41612	(1 component(s) constrained)
336	-2451.96	379780.11148	0.41612	(1 component(s) constrained)
337	-2452.60	379877.26150	0.41612	(1 component(s) constrained)
338	-2452.12	379871.81799	0.41612	(1 component(s) constrained)
339	-2451.36	379772.19002	0.41612	(1 component(s) constrained)
340	-2450.90	379831.14517	0.41612	(1 component(s) constrained)
341	-2451.71	379791.50378	0.41612	(1 component(s) constrained)
342	-2452.51	379751.99686	0.41612	(1 component(s) constrained)
343	-2452.43	379776.89246	0.41612	(1 component(s) constrained)
344	-2452.48	379823.32469	0.41612	(1 component(s) constrained)
345	-2451.18	379759.52245	0.41612	(1 component(s) constrained)
346	-2451.82	379752.50851	0.41612	(1 component(s) constrained)
347	-2451.31	379871.26337	0.41612	(1 component(s) constrained)
348	-2451.54	379733.31124	0.41612	(1 component(s) constrained)
349	-2451.55	379813.46574	0.41612	(1 component(s) constrained)
350	-2451.19	379780.49854	0.41612	(1 component(s) constrained)
351	-2451.70	379786.46222	0.41612	(1 component(s) constrained)
352	-2451.98	379761.77177	0.41612	(1 component(s) constrained)
353	-2451.42	379874.39695	0.41612	(1 component(s) constrained)
354	-2452.03	379792.94591	0.41612	(1 component(s) constrained)
355	-2451.94	379850.24430	0.41612	(1 component(s) constrained)
356	-2452.06	379804.86706	0.41612	(1 component(s) constrained)
357	-2451.47	379747.48896	0.41612	(1 component(s) constrained)
358	-2451.19	379780.28226	0.41612	(1 component(s) constrained)
359	-2451.36	379841.42339	0.41612	(1 component(s) constrained)
360	-2452.15	379852.38289	0.41612	(1 component(s) constrained)
361	-2451.52	379799.62897	0.41612	(1 component(s) constrained)
362	-2450.77	379811.86570	0.41612	(1 component(s) constrained)
363	-2451.12	379797.61824	0.41612	(1 component(s) constrained)
364	-2452.19	379843.88581	0.41612	(1 component(s) constrained)
365	-2451.06	379785.74480	0.41612	(1 component(s) constrained)
366	-2452.10	379792.94045	0.41612	(1 component(s) constrained)
367	-2452.07	379832.53138	0.41612	(1 component(s) constrained)
368	-2451.70	379868.09263	0.41612	(1 component(s) constrained)
369	-2450.92	379719.30257	0.41612	(1 component(s) constrained)
370	-2452.08	379736.19531	0.41612	(1 component(s) constrained)
371	-2451.01	379786.21213	0.41612	(1 component(s) constrained)
372	-2451.17	379785.43044	0.41612	(1 component(s) constrained)
373	-2451.79	379818.41492	0.41612	(1 component(s) constrained)
374	-2451.27	379770.23003	0.41612	(1 component(s) constrained)
375	-2452.50	379782.61399	0.41612	(1 component(s) constrained)
376	-2451.98	379796.09312	0.41612	(1 component(s) constrained)
377	-2452.08	379819.83276	0.41612	(1 component(s) constrained)
378	-2452.10	379750.51602	0.41612	(1 component(s) constrained)
379	-2451.30	379782.39722	0.41612	(1 component(s) constrained)
380	-2451.83	379831.60878	0.41612	(1 component(s) constrained)
381	-2451.46	379740.82683	0.41612	(1 component(s) constrained)
382	-2451.94	379771.29594	0.41612	(1 component(s) constrained)
383	-2451.37	379781.96245	0.41612	(1 component(s) constrained)
384	-2451.70	379806.10905	0.41612	(1 component(s) constrained)
385	-2452.07	379865.93987	0.41612	(1 component(s) constrained)
386	-2451.43	379835.16824	0.41612	(1 component(s) constrained)
387	-2451.90	379832.64610	0.41612	(1 component(s) constrained)
388	-2451.62	379756.30446	0.41612	(1 component(s) constrained)
389	-2451.55	379828.22582	0.41612	(1 component(s) constrained)
390	-2451.02	379822.34081	0.41612	(1 component(s) constrained)
391	-2452.06	379804.78078	0.41612	(1 component(s) constrained)
392	-2451.44	379796.54502	0.41612	(1 component(s) constrained)
393	-2451.93	379801.51199	0.41612	(1 component(s) constrained)
394	-2451.38	379769.14925	0.41612	(1 component(s) constrained)
395	-2451.57	379824.12788	0.41612	(1 component(s) constrained)
396	-2450.86	379826.64031	0.41612	(1 component(s) constrained)
397	-2451.40	379764.06889	0.41612	(1 component(s) constrained)
398	-2451.19	379794.27079	0.41612	(1 component(s) constrained)
399	-2451.54	379793.79291	0.41612	(1 component(s) constrained)
400	-2451.44	379814.13442	0.41612	(1 component(s) constrained)
401	-2450.94	379795.21115	0.41612	(1 component(s) constrained)
402	-2451.71	379772.86928	0.41612	(1 component(s) constrained)
403	-2452.58	379813.51088	0.41612	(1 component(s) constrained)
404	-2451.52	379811.63197	0.41612	(1 component(s) constrained)
405	-2452.14	379801.57133	0.41612	(1 component(s) constrained)
406	-2451.22	379765.18168	0.41612	(1 component(s) constrained)
407	-2451.23	379812.30733	0.41612	(1 component(s) constrained)
408	-2452.42	379795.00635	0.41612	(1 component(s) constrained)
409	-2451.42	379828.58460	0.41612	(1 component(s) constrained)
410	-2451.14	379802.97070	0.41612	(1 component(s) constrained)
411	-2451.07	379830.36797	0.41612	(1 component(s) constrained)
412	-2451.75	379859.17807	0.41612	(1 component(s) constrained)
413	-2451.63	379851.50989	0.41612	(1 component(s) constrained)
414	-2451.40	379857.31142	0.41612	(1 component(s) constrained)
415	-2451.62	379824.49786	0.41612	(1 component(s) constrained)
416	-2450.90	379811.67612	0.41612	(1 component(s) constrained)
417	-2451.85	379782.26012	0.41612	(1 component(s) constrained)
418	-2452.15	379837.86707	0.41612	(1 component(s) constrained)
419	-2452.03	379857.56866	0.41612	(1 component(s) constrained)
420	-2451.25	379730.93269	0.41612	(1 component(s) constrained)
421	-2451.65	379800.82460	0.41612	(1 component(s) constrained)
422	-2452.23	379839.27681	0.41612	(1 component(s) constrained)
423	-2451.80	379784.83141	0.41612	(1 component(s) constrained)
424	-2451.54	379767.55068	0.41612	(1 component(s) constrained)
425	-2451.87	379791.04965	0.41612	(1 component(s) constrained)
426	-2452.06	379846.20487	0.41612	(1 component(s) constrained)
427	-2452.08	379843.31258	0.41612	(1 component(s) constrained)
428	-2452.66	379813.62633	0.41612	(1 component(s) constrained)
429	-2451.54	379797.39515	0.41612	(1 component(s) constrained)
430	-2451.24	379817.90093	0.41612	(1 component(s) constrained)
431	-2451.70	379791.08277	0.41612	(1 component(s) constrained)
432	-2452.14	379770.13403	0.41612	(1 component(s) constrained)
433	-2452.51	379864.79972	0.41612	(1 component(s) constrained)
434	-2451.57	379794.08285	0.41612	(1 component(s) constrained)
435	-2451.87	379750.21088	0.41612	(1 component(s) constrained)
436	-2452.10	379737.28464	0.41612	(1 component(s) constrained)
437	-2451.38	379789.05174	0.41612	(1 component(s) constrained)
438	-2451.37	379765.55956	0.41612	(1 component(s) constrained)
439	-2452.77	379788.80988	0.41612	(1 component(s) constrained)
440	-2451.29	379837.77805	0.41612	(1 component(s) constrained)
441	-2451.37	379814.40178	0.41612	(1 component(s) constrained)
442	-2451.86	379752.20691	0.41612	(1 component(s) constrained)
443	-2452.39	379839.07461	0.41612	(1 component(s) constrained)
444	-2452.25	379797.18116	0.41612	(1 component(s) constrained)
445	-2451.28	379729.70645	0.41612	(1 component(s) constrained)
446	-2451.97	379779.24721	0.41612	(1 component(s) constrained)
447	-2451.99	379761.05853	0.41612	(1 component(s) constrained)
448	-2452.38	379778.89050	0.41612	(1 component(s) constrained)
449	-2451.41	379871.19357	0.41612	(1 component(s) constrained)
450	-2451.77	379809.97411	0.41612	(1 component(s) constrained)
451	-2451.42	379823.16170	0.41612	(1 component(s) constrained)
452	-2450.83	379821.81195	0.41612	(1 component(s) constrained)
453	-2451.52	379788.65422	0.41612	(1 component(s) constrained)
454	-2451.91	379889.22629	0.41612	(1 component(s) constrained)
455	-2451.76	379780.37809	0.41612	(1 component(s) constrained)
456	-2451.51	379759.19323	0.41612	(1 component(s) constrained)
457	-2452.09	379786.34772	0.41612	(1 component(s) constrained)
458	-2451.44	379853.10549	0.41612	(1 component(s) constrained)
459	-2451.11	379815.01071	0.41612	(1 component(s) constrained)
460	-2450.97	379767.28701	0.41612	(1 component(s) constrained)
461	-2451.93	379841.45788	0.41612	(1 component(s) constrained)
462	-2451.81	379803.13882	0.41612	(1 component(s) constrained)
463	-2450.96	379807.02000	0.41612	(1 component(s) constrained)
464	-2451.61	379731.21968	0.41612	(1 component(s) constrained)
465	-2451.10	379770.45605	0.41612	(1 component(s) constrained)
466	-2451.64	379743.54122	0.41612	(1 component(s) constrained)
467	-2452.10	379836.40732	0.41612	(1 component(s) constrained)
468	-2451.72	379762.17066	0.41612	(1 component(s) constrained)
469	-2451.62	379788.13249	0.41612	(1 component(s) constrained)
470	-2452.16	379837.18658	0.41612	(1 component(s) constrained)
471	-2451.46	379772.12230	0.41612	(1 component(s) constrained)
472	-2451.44	379842.07079	0.41612	(1 component(s) constrained)
473	-2451.97	379767.39758	0.41612	(1 component(s) constrained)
474	-2451.44	379792.22627	0.41612	(1 component(s) constrained)
475	-2451.66	379801.82500	0.41612	(1 component(s) constrained)
476	-2451.35	379820.67130	0.41612	(1 component(s) constrained)
477	-2451.33	379793.92797	0.41612	(1 component(s) constrained)
478	-2451.93	379812.83288	0.41612	(1 component(s) constrained)
479	-2451.63	379805.09936	0.41612	(1 component(s) constrained)
480	-2451.59	379851.74624	0.41612	(1 component(s) constrained)
481	-2451.59	379818.56139	0.41612	(1 component(s) constrained)
Log-likelihood ratio converged.

Calculating the logLikelihood for the reduced model ...
(variance component 1 is dropped from the model)
Calculating prior values of variance components by EM-REML ...
Updated prior values: 412400.35732
logL: -2458.15796
Running AI-REML algorithm ...
Iter.	logL	V(e)	
1	-2458.15	412376.89777	
2	-2458.15	412326.12535	
3	-2458.15	412326.13160	
Log-likelihood ratio converged.

Summary result of REML analysis:
Source	Variance	SE
V(G)	379818.561387	275780.060810
V(e)	0.416122	279599.130251
Vp	379818.977509	28475.915110
V(G)/Vp	0.999999	0.736138

Sampling variance/covariance of the estimates of variance components:
7.605464e+10	-7.670972e+10	
-7.670972e+10	7.817567e+10	
Estimatesof fixed effects:

Source	Estimate	SE
mean	1923.354453	63.578817
X_2	-220.991703	125.822494
X_3	-111.892133	110.475638
X_4	-91.533855	129.822223
X_5	-74.485477	113.597013
X_6	-254.995701	97.413839
X_7	2.868375	132.382615

Summary result of REML analysis has been saved in the file [/raid/genevol/users/lucas/heritability/03.Heritability/Results/V3/HLA-DRA/NAfrHLA-DRA2.hsq].

Analysis finished at 23:28:33 -03 on Wed Jun 09 2021
Overall computational time: 6.44 sec.
