*******************************************************************
* Genome-wide Complex Trait Analysis (GCTA)
* version 1.93.2 beta Linux
* (C) 2010-present, Jian Yang, The University of Queensland
* Please report bugs to Jian Yang <jian.yang.qt@gmail.com>
*******************************************************************
Analysis started at 23:28:12 -03 on Wed Jun 09 2021.
Hostname: darwin

Accepted options:
--reml
--reml-alg 0
--reml-maxit 1000
--grm /scratch/genevol/users/lucas/V3/grmNAfr
--pheno /raid/genevol/users/lucas/heritability/02.GCTA/data/geneNAfrHLA-DRA.txt
--covar /raid/genevol/users/lucas/heritability/02.GCTA/data/envir1.txt
--reml-est-fix
--out /raid/genevol/users/lucas/heritability/03.Heritability/Results/V3/HLA-DRA/NAfrHLA-DRA1

Note: This is a multi-thread program. You could specify the number of threads by the --thread-num option to speed up the computation if there are multiple processors in your machine.

Reading IDs of the GRM from [/scratch/genevol/users/lucas/V3/grmNAfr.grm.id].
358 IDs read from [/scratch/genevol/users/lucas/V3/grmNAfr.grm.id].
Reading the GRM from [/scratch/genevol/users/lucas/V3/grmNAfr.grm.bin].
GRM for 358 individuals are included from [/scratch/genevol/users/lucas/V3/grmNAfr.grm.bin].
Reading phenotypes from [/raid/genevol/users/lucas/heritability/02.GCTA/data/geneNAfrHLA-DRA.txt].
Non-missing phenotypes of 358 individuals are included from [/raid/genevol/users/lucas/heritability/02.GCTA/data/geneNAfrHLA-DRA.txt].
Reading discrete covariate(s) from [/raid/genevol/users/lucas/heritability/02.GCTA/data/envir1.txt].
2 discrete covariate(s) of 445 individuals are included from [/raid/genevol/users/lucas/heritability/02.GCTA/data/envir1.txt].

2 discrete variable(s) included as covariate(s).
358 individuals are in common in these files.

Performing  REML analysis ... (Note: may take hours depending on sample size).
358 observations, 8 fixed effect(s), and 2 variance component(s)(including residual variance).
Calculating prior values of variance components by EM-REML ...
Updated prior values: 207051 203487
logL: -2450.03
Running AI-REML algorithm ...
Iter.	logL	V(G)	V(e)	
1	-2449.96	399384.71719	0.41612	(1 component(s) constrained)
2	-2447.68	379974.78249	0.41612	(1 component(s) constrained)
3	-2447.29	380268.85907	0.41612	(1 component(s) constrained)
4	-2447.91	380879.15957	0.41612	(1 component(s) constrained)
5	-2447.07	380934.40380	0.41612	(1 component(s) constrained)
6	-2447.52	380849.61142	0.41612	(1 component(s) constrained)
7	-2446.89	380910.46481	0.41612	(1 component(s) constrained)
8	-2448.11	380924.70759	0.41612	(1 component(s) constrained)
9	-2447.60	380816.53944	0.41612	(1 component(s) constrained)
10	-2447.62	380859.70073	0.41612	(1 component(s) constrained)
11	-2447.61	380914.27690	0.41612	(1 component(s) constrained)
12	-2447.83	380868.60882	0.41612	(1 component(s) constrained)
13	-2447.29	380880.15955	0.41612	(1 component(s) constrained)
14	-2447.32	380912.99895	0.41612	(1 component(s) constrained)
15	-2448.33	380812.58787	0.41612	(1 component(s) constrained)
16	-2448.15	380908.02952	0.41612	(1 component(s) constrained)
17	-2447.30	380873.46004	0.41612	(1 component(s) constrained)
18	-2446.40	380930.95679	0.41612	(1 component(s) constrained)
19	-2447.46	380864.49458	0.41612	(1 component(s) constrained)
20	-2448.02	380856.72353	0.41612	(1 component(s) constrained)
21	-2447.91	380847.47593	0.41612	(1 component(s) constrained)
22	-2447.92	380964.87804	0.41612	(1 component(s) constrained)
23	-2447.93	380724.75442	0.41612	(1 component(s) constrained)
24	-2447.77	380828.70184	0.41612	(1 component(s) constrained)
25	-2447.12	380817.00833	0.41612	(1 component(s) constrained)
26	-2447.72	380777.47046	0.41612	(1 component(s) constrained)
27	-2446.64	380811.38691	0.41612	(1 component(s) constrained)
28	-2447.63	380819.76964	0.41612	(1 component(s) constrained)
29	-2447.89	380878.19967	0.41612	(1 component(s) constrained)
30	-2447.44	380897.06269	0.41612	(1 component(s) constrained)
31	-2447.49	380914.11177	0.41612	(1 component(s) constrained)
32	-2447.55	380842.03303	0.41612	(1 component(s) constrained)
33	-2448.10	380959.37248	0.41612	(1 component(s) constrained)
34	-2447.05	380888.09329	0.41612	(1 component(s) constrained)
35	-2447.71	380866.79891	0.41612	(1 component(s) constrained)
36	-2447.72	380847.71577	0.41612	(1 component(s) constrained)
37	-2447.68	380919.23216	0.41612	(1 component(s) constrained)
38	-2446.63	380864.48442	0.41612	(1 component(s) constrained)
39	-2447.11	380829.99639	0.41612	(1 component(s) constrained)
40	-2446.77	380864.14999	0.41612	(1 component(s) constrained)
41	-2447.75	380968.13620	0.41612	(1 component(s) constrained)
42	-2447.10	380938.54876	0.41612	(1 component(s) constrained)
43	-2446.79	380911.94331	0.41612	(1 component(s) constrained)
44	-2447.27	380840.65110	0.41612	(1 component(s) constrained)
45	-2447.47	380877.17628	0.41612	(1 component(s) constrained)
46	-2447.23	380889.47833	0.41612	(1 component(s) constrained)
47	-2447.10	380787.42592	0.41612	(1 component(s) constrained)
48	-2446.78	380908.45777	0.41612	(1 component(s) constrained)
49	-2447.52	380906.59190	0.41612	(1 component(s) constrained)
50	-2447.67	380943.32240	0.41612	(1 component(s) constrained)
51	-2448.76	380922.35540	0.41612	(1 component(s) constrained)
52	-2448.32	380895.66182	0.41612	(1 component(s) constrained)
53	-2448.30	380884.15822	0.41612	(1 component(s) constrained)
54	-2447.89	380851.99992	0.41612	(1 component(s) constrained)
55	-2447.38	380839.51567	0.41612	(1 component(s) constrained)
56	-2447.70	380839.61262	0.41612	(1 component(s) constrained)
57	-2446.66	380802.48319	0.41612	(1 component(s) constrained)
58	-2446.65	380840.94432	0.41612	(1 component(s) constrained)
59	-2447.91	380819.74078	0.41612	(1 component(s) constrained)
60	-2447.61	380903.97337	0.41612	(1 component(s) constrained)
61	-2447.14	380875.68981	0.41612	(1 component(s) constrained)
62	-2447.55	380918.44667	0.41612	(1 component(s) constrained)
63	-2447.33	380871.26782	0.41612	(1 component(s) constrained)
64	-2447.21	380854.21683	0.41612	(1 component(s) constrained)
65	-2447.33	380980.70669	0.41612	(1 component(s) constrained)
66	-2447.00	380918.90852	0.41612	(1 component(s) constrained)
67	-2447.32	380786.96882	0.41612	(1 component(s) constrained)
68	-2447.57	380945.17630	0.41612	(1 component(s) constrained)
69	-2447.30	380769.38180	0.41612	(1 component(s) constrained)
70	-2447.93	380821.19319	0.41612	(1 component(s) constrained)
71	-2447.77	380884.18439	0.41612	(1 component(s) constrained)
72	-2446.43	380892.57608	0.41612	(1 component(s) constrained)
73	-2446.99	380880.69305	0.41612	(1 component(s) constrained)
74	-2448.56	380875.98928	0.41612	(1 component(s) constrained)
75	-2448.62	380801.29090	0.41612	(1 component(s) constrained)
76	-2447.58	380870.23634	0.41612	(1 component(s) constrained)
77	-2447.48	380871.68799	0.41612	(1 component(s) constrained)
78	-2447.08	380812.05859	0.41612	(1 component(s) constrained)
79	-2447.52	380849.77568	0.41612	(1 component(s) constrained)
80	-2447.27	380885.65313	0.41612	(1 component(s) constrained)
81	-2446.85	380922.60668	0.41612	(1 component(s) constrained)
82	-2448.09	380866.83193	0.41612	(1 component(s) constrained)
83	-2447.14	380889.01031	0.41612	(1 component(s) constrained)
84	-2446.58	380843.40191	0.41612	(1 component(s) constrained)
85	-2448.26	380853.06782	0.41612	(1 component(s) constrained)
86	-2447.16	380766.43170	0.41612	(1 component(s) constrained)
87	-2447.20	380808.02570	0.41612	(1 component(s) constrained)
88	-2447.57	380815.06058	0.41612	(1 component(s) constrained)
89	-2447.29	380921.03358	0.41612	(1 component(s) constrained)
90	-2447.05	380860.86404	0.41612	(1 component(s) constrained)
91	-2447.64	380944.20048	0.41612	(1 component(s) constrained)
92	-2446.84	380921.22908	0.41612	(1 component(s) constrained)
93	-2446.81	380982.07562	0.41612	(1 component(s) constrained)
94	-2448.06	380888.16907	0.41612	(1 component(s) constrained)
95	-2448.17	380808.16382	0.41612	(1 component(s) constrained)
96	-2447.61	380869.08195	0.41612	(1 component(s) constrained)
97	-2447.74	380790.50754	0.41612	(1 component(s) constrained)
98	-2448.01	380801.96610	0.41612	(1 component(s) constrained)
99	-2446.99	380992.84034	0.41612	(1 component(s) constrained)
100	-2447.44	380956.28271	0.41612	(1 component(s) constrained)
101	-2447.04	380892.02773	0.41612	(1 component(s) constrained)
102	-2447.94	380881.28233	0.41612	(1 component(s) constrained)
103	-2447.60	380888.91797	0.41612	(1 component(s) constrained)
104	-2447.19	380876.05116	0.41612	(1 component(s) constrained)
105	-2448.33	380834.64331	0.41612	(1 component(s) constrained)
106	-2448.07	380891.15952	0.41612	(1 component(s) constrained)
107	-2447.50	380806.90886	0.41612	(1 component(s) constrained)
108	-2447.37	380883.95813	0.41612	(1 component(s) constrained)
109	-2447.93	380813.34963	0.41612	(1 component(s) constrained)
110	-2447.26	380944.73242	0.41612	(1 component(s) constrained)
111	-2447.36	380873.09842	0.41612	(1 component(s) constrained)
112	-2447.86	380917.08082	0.41612	(1 component(s) constrained)
113	-2447.61	380893.13355	0.41612	(1 component(s) constrained)
114	-2447.28	380800.02781	0.41612	(1 component(s) constrained)
115	-2446.54	380864.62621	0.41612	(1 component(s) constrained)
116	-2448.05	380846.68210	0.41612	(1 component(s) constrained)
117	-2447.04	380786.86175	0.41612	(1 component(s) constrained)
118	-2446.74	380815.79353	0.41612	(1 component(s) constrained)
119	-2447.76	380899.06187	0.41612	(1 component(s) constrained)
120	-2447.48	380838.00634	0.41612	(1 component(s) constrained)
121	-2447.47	380868.46413	0.41612	(1 component(s) constrained)
122	-2447.67	380900.89340	0.41612	(1 component(s) constrained)
123	-2447.50	380803.70656	0.41612	(1 component(s) constrained)
124	-2447.85	380836.62868	0.41612	(1 component(s) constrained)
125	-2448.09	380890.73361	0.41612	(1 component(s) constrained)
126	-2447.71	380788.57638	0.41612	(1 component(s) constrained)
127	-2447.78	380791.99123	0.41612	(1 component(s) constrained)
128	-2447.06	380890.79030	0.41612	(1 component(s) constrained)
129	-2447.28	380844.09689	0.41612	(1 component(s) constrained)
130	-2447.09	380852.09596	0.41612	(1 component(s) constrained)
131	-2448.14	380876.00222	0.41612	(1 component(s) constrained)
132	-2447.54	380867.35930	0.41612	(1 component(s) constrained)
133	-2448.54	380965.59380	0.41612	(1 component(s) constrained)
134	-2447.31	380854.33224	0.41612	(1 component(s) constrained)
135	-2447.66	380850.51286	0.41612	(1 component(s) constrained)
136	-2447.10	380791.82301	0.41612	(1 component(s) constrained)
137	-2447.80	380784.07219	0.41612	(1 component(s) constrained)
138	-2447.19	380929.34845	0.41612	(1 component(s) constrained)
139	-2448.21	380932.93802	0.41612	(1 component(s) constrained)
140	-2447.74	380890.31517	0.41612	(1 component(s) constrained)
141	-2447.37	380856.30499	0.41612	(1 component(s) constrained)
142	-2447.84	380894.39102	0.41612	(1 component(s) constrained)
143	-2448.48	380875.20891	0.41612	(1 component(s) constrained)
144	-2448.35	380889.62780	0.41612	(1 component(s) constrained)
145	-2447.56	380824.18997	0.41612	(1 component(s) constrained)
146	-2448.49	380800.72942	0.41612	(1 component(s) constrained)
147	-2447.79	380837.53799	0.41612	(1 component(s) constrained)
148	-2447.06	380908.58805	0.41612	(1 component(s) constrained)
149	-2447.36	380921.88989	0.41612	(1 component(s) constrained)
150	-2446.84	380863.97915	0.41612	(1 component(s) constrained)
151	-2447.38	380826.53636	0.41612	(1 component(s) constrained)
152	-2447.77	380915.40022	0.41612	(1 component(s) constrained)
153	-2447.45	380830.84559	0.41612	(1 component(s) constrained)
154	-2446.89	380877.86874	0.41612	(1 component(s) constrained)
155	-2447.49	380866.63815	0.41612	(1 component(s) constrained)
156	-2448.68	380856.19486	0.41612	(1 component(s) constrained)
157	-2448.29	380842.40683	0.41612	(1 component(s) constrained)
158	-2447.71	380832.58488	0.41612	(1 component(s) constrained)
159	-2447.64	380895.49907	0.41612	(1 component(s) constrained)
160	-2446.63	380912.73858	0.41612	(1 component(s) constrained)
161	-2447.58	380887.75197	0.41612	(1 component(s) constrained)
162	-2447.20	380943.84963	0.41612	(1 component(s) constrained)
163	-2447.85	380824.48687	0.41612	(1 component(s) constrained)
164	-2447.17	380760.43598	0.41612	(1 component(s) constrained)
165	-2446.48	380773.37706	0.41612	(1 component(s) constrained)
166	-2447.56	380891.13132	0.41612	(1 component(s) constrained)
167	-2446.81	380877.58835	0.41612	(1 component(s) constrained)
168	-2447.56	380914.11495	0.41612	(1 component(s) constrained)
169	-2446.59	380829.64502	0.41612	(1 component(s) constrained)
170	-2447.49	380893.65004	0.41612	(1 component(s) constrained)
171	-2447.85	380925.66317	0.41612	(1 component(s) constrained)
172	-2446.69	380913.41904	0.41612	(1 component(s) constrained)
173	-2447.62	380898.28193	0.41612	(1 component(s) constrained)
174	-2447.13	380902.95596	0.41612	(1 component(s) constrained)
175	-2447.14	380854.11257	0.41612	(1 component(s) constrained)
176	-2447.81	380889.10351	0.41612	(1 component(s) constrained)
177	-2447.33	380846.98877	0.41612	(1 component(s) constrained)
178	-2446.86	380853.31410	0.41612	(1 component(s) constrained)
179	-2447.51	380968.01465	0.41612	(1 component(s) constrained)
180	-2447.52	380800.32428	0.41612	(1 component(s) constrained)
181	-2447.22	380884.53674	0.41612	(1 component(s) constrained)
182	-2447.64	380886.49419	0.41612	(1 component(s) constrained)
183	-2447.96	380775.16491	0.41612	(1 component(s) constrained)
184	-2449.04	380874.48896	0.41612	(1 component(s) constrained)
185	-2447.10	380879.28538	0.41612	(1 component(s) constrained)
186	-2448.00	380885.01779	0.41612	(1 component(s) constrained)
187	-2448.22	380822.55304	0.41612	(1 component(s) constrained)
188	-2448.32	380948.52341	0.41612	(1 component(s) constrained)
189	-2447.30	380813.12128	0.41612	(1 component(s) constrained)
190	-2447.07	380839.96607	0.41612	(1 component(s) constrained)
191	-2447.60	380894.92174	0.41612	(1 component(s) constrained)
192	-2447.55	380845.04817	0.41612	(1 component(s) constrained)
193	-2446.71	380913.50619	0.41612	(1 component(s) constrained)
194	-2446.99	380918.35425	0.41612	(1 component(s) constrained)
195	-2447.91	380793.97985	0.41612	(1 component(s) constrained)
196	-2447.56	380802.31859	0.41612	(1 component(s) constrained)
197	-2447.26	380834.54304	0.41612	(1 component(s) constrained)
198	-2446.45	380807.22848	0.41612	(1 component(s) constrained)
199	-2447.13	380818.49628	0.41612	(1 component(s) constrained)
200	-2448.03	380863.49892	0.41612	(1 component(s) constrained)
201	-2447.69	380910.64001	0.41612	(1 component(s) constrained)
202	-2447.38	380865.92097	0.41612	(1 component(s) constrained)
203	-2447.42	380710.64903	0.41612	(1 component(s) constrained)
204	-2447.20	380845.92554	0.41612	(1 component(s) constrained)
205	-2447.98	380789.54838	0.41612	(1 component(s) constrained)
206	-2447.02	380845.49610	0.41612	(1 component(s) constrained)
207	-2447.12	380837.30058	0.41612	(1 component(s) constrained)
208	-2447.98	380877.35603	0.41612	(1 component(s) constrained)
209	-2447.62	380795.13681	0.41612	(1 component(s) constrained)
210	-2447.68	380879.05245	0.41612	(1 component(s) constrained)
211	-2448.60	380774.64192	0.41612	(1 component(s) constrained)
212	-2446.65	380877.05161	0.41612	(1 component(s) constrained)
213	-2447.76	380901.31540	0.41612	(1 component(s) constrained)
214	-2446.68	380802.92977	0.41612	(1 component(s) constrained)
215	-2447.88	380853.11558	0.41612	(1 component(s) constrained)
216	-2447.70	380916.66245	0.41612	(1 component(s) constrained)
217	-2446.96	380960.53539	0.41612	(1 component(s) constrained)
218	-2448.36	380897.55051	0.41612	(1 component(s) constrained)
219	-2446.95	380823.99284	0.41612	(1 component(s) constrained)
220	-2446.87	380851.85872	0.41612	(1 component(s) constrained)
221	-2447.35	380756.69232	0.41612	(1 component(s) constrained)
222	-2447.07	380935.41783	0.41612	(1 component(s) constrained)
223	-2447.76	380872.84494	0.41612	(1 component(s) constrained)
224	-2447.05	380801.61891	0.41612	(1 component(s) constrained)
225	-2447.26	380817.57707	0.41612	(1 component(s) constrained)
226	-2448.71	380778.45678	0.41612	(1 component(s) constrained)
227	-2447.74	380834.13413	0.41612	(1 component(s) constrained)
228	-2448.23	380940.33713	0.41612	(1 component(s) constrained)
229	-2447.31	380843.89524	0.41612	(1 component(s) constrained)
230	-2447.75	380927.04613	0.41612	(1 component(s) constrained)
231	-2446.70	380899.52491	0.41612	(1 component(s) constrained)
232	-2447.07	380880.46171	0.41612	(1 component(s) constrained)
233	-2447.23	380922.25983	0.41612	(1 component(s) constrained)
234	-2447.18	380783.48080	0.41612	(1 component(s) constrained)
235	-2447.46	380894.92744	0.41612	(1 component(s) constrained)
236	-2446.93	380871.52223	0.41612	(1 component(s) constrained)
237	-2447.61	380957.67549	0.41612	(1 component(s) constrained)
238	-2447.88	380842.80869	0.41612	(1 component(s) constrained)
239	-2448.03	380859.61047	0.41612	(1 component(s) constrained)
240	-2447.31	380816.12187	0.41612	(1 component(s) constrained)
241	-2447.13	380885.64752	0.41612	(1 component(s) constrained)
242	-2448.07	380896.88855	0.41612	(1 component(s) constrained)
243	-2447.60	380874.82709	0.41612	(1 component(s) constrained)
244	-2446.97	380943.40266	0.41612	(1 component(s) constrained)
245	-2447.39	380871.49153	0.41612	(1 component(s) constrained)
246	-2447.65	380867.43915	0.41612	(1 component(s) constrained)
247	-2447.17	380893.61867	0.41612	(1 component(s) constrained)
248	-2448.09	380873.25316	0.41612	(1 component(s) constrained)
249	-2446.89	380928.46720	0.41612	(1 component(s) constrained)
250	-2447.70	380896.20850	0.41612	(1 component(s) constrained)
251	-2448.66	380816.77690	0.41612	(1 component(s) constrained)
252	-2447.26	380994.31347	0.41612	(1 component(s) constrained)
253	-2447.58	380936.33680	0.41612	(1 component(s) constrained)
254	-2448.15	380887.73825	0.41612	(1 component(s) constrained)
255	-2446.54	380853.66058	0.41612	(1 component(s) constrained)
256	-2447.59	380858.32489	0.41612	(1 component(s) constrained)
257	-2447.65	380931.33233	0.41612	(1 component(s) constrained)
258	-2447.09	380834.77373	0.41612	(1 component(s) constrained)
259	-2448.21	380900.32045	0.41612	(1 component(s) constrained)
260	-2447.95	380940.00267	0.41612	(1 component(s) constrained)
261	-2448.28	380930.09560	0.41612	(1 component(s) constrained)
262	-2447.33	380888.29650	0.41612	(1 component(s) constrained)
263	-2446.84	380874.19533	0.41612	(1 component(s) constrained)
264	-2447.21	380794.05181	0.41612	(1 component(s) constrained)
265	-2448.37	380816.50979	0.41612	(1 component(s) constrained)
266	-2446.30	380870.35108	0.41612	(1 component(s) constrained)
267	-2446.92	380863.78546	0.41612	(1 component(s) constrained)
268	-2447.64	380758.87194	0.41612	(1 component(s) constrained)
269	-2448.14	380855.53888	0.41612	(1 component(s) constrained)
270	-2447.02	380927.28874	0.41612	(1 component(s) constrained)
271	-2447.54	380908.24811	0.41612	(1 component(s) constrained)
272	-2447.92	380911.62322	0.41612	(1 component(s) constrained)
273	-2447.63	380915.34901	0.41612	(1 component(s) constrained)
274	-2448.75	380860.37719	0.41612	(1 component(s) constrained)
275	-2447.34	380781.16851	0.41612	(1 component(s) constrained)
276	-2447.90	380809.74155	0.41612	(1 component(s) constrained)
277	-2447.19	380865.79863	0.41612	(1 component(s) constrained)
278	-2446.80	380818.68313	0.41612	(1 component(s) constrained)
279	-2446.70	380833.62869	0.41612	(1 component(s) constrained)
280	-2446.89	380825.90794	0.41612	(1 component(s) constrained)
281	-2447.13	380895.59026	0.41612	(1 component(s) constrained)
282	-2447.46	380855.25961	0.41612	(1 component(s) constrained)
283	-2447.99	380910.05997	0.41612	(1 component(s) constrained)
284	-2447.30	380824.04964	0.41612	(1 component(s) constrained)
285	-2447.96	380947.78989	0.41612	(1 component(s) constrained)
286	-2447.19	380821.21356	0.41612	(1 component(s) constrained)
287	-2446.99	380780.07678	0.41612	(1 component(s) constrained)
288	-2447.84	380817.26208	0.41612	(1 component(s) constrained)
289	-2447.30	380816.84087	0.41612	(1 component(s) constrained)
290	-2448.30	380780.91790	0.41612	(1 component(s) constrained)
291	-2447.07	380913.31309	0.41612	(1 component(s) constrained)
292	-2446.71	380912.81602	0.41612	(1 component(s) constrained)
293	-2447.31	380888.34500	0.41612	(1 component(s) constrained)
294	-2447.88	380955.56176	0.41612	(1 component(s) constrained)
295	-2448.38	380765.20159	0.41612	(1 component(s) constrained)
296	-2447.73	380869.63896	0.41612	(1 component(s) constrained)
297	-2446.96	380816.16341	0.41612	(1 component(s) constrained)
298	-2447.87	380880.94987	0.41612	(1 component(s) constrained)
299	-2448.18	380861.38567	0.41612	(1 component(s) constrained)
300	-2448.42	380864.01232	0.41612	(1 component(s) constrained)
301	-2447.91	380894.31706	0.41612	(1 component(s) constrained)
302	-2447.03	380901.45363	0.41612	(1 component(s) constrained)
303	-2447.67	380948.00648	0.41612	(1 component(s) constrained)
304	-2447.62	380836.64351	0.41612	(1 component(s) constrained)
305	-2447.71	380856.13757	0.41612	(1 component(s) constrained)
306	-2446.64	380797.35705	0.41612	(1 component(s) constrained)
307	-2446.63	380824.61912	0.41612	(1 component(s) constrained)
308	-2447.62	380893.40510	0.41612	(1 component(s) constrained)
309	-2447.69	380916.40031	0.41612	(1 component(s) constrained)
310	-2446.12	380897.16865	0.41612	(1 component(s) constrained)
311	-2447.03	380885.28300	0.41612	(1 component(s) constrained)
312	-2448.21	380850.76609	0.41612	(1 component(s) constrained)
313	-2447.44	380841.96977	0.41612	(1 component(s) constrained)
314	-2447.36	380772.93516	0.41612	(1 component(s) constrained)
315	-2447.12	380849.23984	0.41612	(1 component(s) constrained)
316	-2447.05	380894.44672	0.41612	(1 component(s) constrained)
317	-2446.72	380854.54072	0.41612	(1 component(s) constrained)
318	-2446.48	380932.54395	0.41612	(1 component(s) constrained)
319	-2448.38	380878.44286	0.41612	(1 component(s) constrained)
320	-2447.23	380967.20645	0.41612	(1 component(s) constrained)
321	-2447.47	380934.99279	0.41612	(1 component(s) constrained)
322	-2447.31	380800.43917	0.41612	(1 component(s) constrained)
323	-2447.67	380917.97542	0.41612	(1 component(s) constrained)
324	-2447.04	380880.25647	0.41612	(1 component(s) constrained)
325	-2446.71	380856.28548	0.41612	(1 component(s) constrained)
326	-2448.29	380874.92822	0.41612	(1 component(s) constrained)
327	-2448.38	380858.71814	0.41612	(1 component(s) constrained)
328	-2446.89	380838.21881	0.41612	(1 component(s) constrained)
329	-2447.76	380850.62699	0.41612	(1 component(s) constrained)
330	-2447.99	380806.96615	0.41612	(1 component(s) constrained)
331	-2447.81	380984.45639	0.41612	(1 component(s) constrained)
332	-2447.38	380844.80747	0.41612	(1 component(s) constrained)
333	-2447.24	380858.81008	0.41612	(1 component(s) constrained)
334	-2448.63	380879.96274	0.41612	(1 component(s) constrained)
335	-2447.10	380827.16737	0.41612	(1 component(s) constrained)
336	-2447.54	380855.96208	0.41612	(1 component(s) constrained)
337	-2447.60	380886.03830	0.41612	(1 component(s) constrained)
338	-2446.90	380853.09647	0.41612	(1 component(s) constrained)
339	-2448.37	380873.92923	0.41612	(1 component(s) constrained)
340	-2447.82	380881.56861	0.41612	(1 component(s) constrained)
341	-2447.44	380939.39595	0.41612	(1 component(s) constrained)
342	-2447.18	380903.45511	0.41612	(1 component(s) constrained)
343	-2447.14	380812.41535	0.41612	(1 component(s) constrained)
344	-2447.68	380937.15366	0.41612	(1 component(s) constrained)
345	-2448.00	380856.36869	0.41612	(1 component(s) constrained)
346	-2448.52	380911.75788	0.41612	(1 component(s) constrained)
347	-2445.96	380841.48313	0.41612	(1 component(s) constrained)
348	-2447.34	380851.32535	0.41612	(1 component(s) constrained)
349	-2448.21	380847.89527	0.41612	(1 component(s) constrained)
350	-2447.16	380824.15148	0.41612	(1 component(s) constrained)
351	-2447.71	380844.57875	0.41612	(1 component(s) constrained)
352	-2447.92	380835.06828	0.41612	(1 component(s) constrained)
353	-2447.77	380858.19259	0.41612	(1 component(s) constrained)
354	-2448.03	380912.79997	0.41612	(1 component(s) constrained)
355	-2447.41	380917.91914	0.41612	(1 component(s) constrained)
356	-2447.63	380881.27314	0.41612	(1 component(s) constrained)
357	-2447.02	380886.46446	0.41612	(1 component(s) constrained)
358	-2446.75	380870.88502	0.41612	(1 component(s) constrained)
359	-2447.25	380765.34767	0.41612	(1 component(s) constrained)
360	-2447.93	380884.95077	0.41612	(1 component(s) constrained)
361	-2447.70	380806.83547	0.41612	(1 component(s) constrained)
362	-2448.18	380845.63498	0.41612	(1 component(s) constrained)
363	-2448.36	380868.44123	0.41612	(1 component(s) constrained)
364	-2447.41	380842.29595	0.41612	(1 component(s) constrained)
365	-2447.35	380943.84419	0.41612	(1 component(s) constrained)
366	-2447.92	380924.14509	0.41612	(1 component(s) constrained)
367	-2446.48	380840.83074	0.41612	(1 component(s) constrained)
368	-2448.09	380833.94742	0.41612	(1 component(s) constrained)
369	-2447.38	380776.22829	0.41612	(1 component(s) constrained)
370	-2446.79	380876.97638	0.41612	(1 component(s) constrained)
371	-2446.81	380844.35129	0.41612	(1 component(s) constrained)
372	-2447.13	380842.53912	0.41612	(1 component(s) constrained)
373	-2447.36	380880.25739	0.41612	(1 component(s) constrained)
374	-2448.48	380930.22043	0.41612	(1 component(s) constrained)
375	-2447.65	380901.99566	0.41612	(1 component(s) constrained)
376	-2447.43	380925.31643	0.41612	(1 component(s) constrained)
377	-2447.77	380877.78733	0.41612	(1 component(s) constrained)
378	-2447.70	380867.21154	0.41612	(1 component(s) constrained)
379	-2447.99	380830.70183	0.41612	(1 component(s) constrained)
380	-2447.30	380925.03831	0.41612	(1 component(s) constrained)
381	-2447.17	380867.03125	0.41612	(1 component(s) constrained)
382	-2446.99	380829.16630	0.41612	(1 component(s) constrained)
383	-2448.22	380913.34447	0.41612	(1 component(s) constrained)
384	-2447.72	380895.38512	0.41612	(1 component(s) constrained)
385	-2446.64	380925.93026	0.41612	(1 component(s) constrained)
386	-2447.89	380903.63253	0.41612	(1 component(s) constrained)
387	-2447.48	380862.55563	0.41612	(1 component(s) constrained)
388	-2446.96	380884.95379	0.41612	(1 component(s) constrained)
389	-2449.41	380927.49266	0.41612	(1 component(s) constrained)
390	-2446.89	380812.51583	0.41612	(1 component(s) constrained)
391	-2447.06	380836.45391	0.41612	(1 component(s) constrained)
392	-2447.79	380894.98006	0.41612	(1 component(s) constrained)
393	-2446.88	380857.52366	0.41612	(1 component(s) constrained)
394	-2446.48	380832.35393	0.41612	(1 component(s) constrained)
395	-2447.44	380904.18416	0.41612	(1 component(s) constrained)
396	-2447.91	380848.71076	0.41612	(1 component(s) constrained)
397	-2448.01	380889.33076	0.41612	(1 component(s) constrained)
398	-2446.81	380835.61984	0.41612	(1 component(s) constrained)
399	-2446.44	380854.70477	0.41612	(1 component(s) constrained)
400	-2447.71	380876.16070	0.41612	(1 component(s) constrained)
401	-2447.65	380897.02267	0.41612	(1 component(s) constrained)
402	-2447.20	380925.62763	0.41612	(1 component(s) constrained)
403	-2447.45	380894.52881	0.41612	(1 component(s) constrained)
404	-2447.63	380811.56640	0.41612	(1 component(s) constrained)
405	-2448.03	380861.44020	0.41612	(1 component(s) constrained)
406	-2447.99	380893.55541	0.41612	(1 component(s) constrained)
407	-2447.73	380843.34489	0.41612	(1 component(s) constrained)
408	-2447.87	380938.18973	0.41612	(1 component(s) constrained)
409	-2447.20	380910.29902	0.41612	(1 component(s) constrained)
410	-2447.85	380924.43264	0.41612	(1 component(s) constrained)
411	-2447.60	380792.94636	0.41612	(1 component(s) constrained)
412	-2447.24	380873.86880	0.41612	(1 component(s) constrained)
413	-2446.82	380887.66348	0.41612	(1 component(s) constrained)
414	-2447.50	380831.46639	0.41612	(1 component(s) constrained)
415	-2448.16	380816.80210	0.41612	(1 component(s) constrained)
416	-2448.27	380822.19604	0.41612	(1 component(s) constrained)
417	-2448.25	380860.28071	0.41612	(1 component(s) constrained)
418	-2447.70	380895.64231	0.41612	(1 component(s) constrained)
419	-2447.62	380870.43958	0.41612	(1 component(s) constrained)
420	-2449.04	380899.11230	0.41612	(1 component(s) constrained)
421	-2447.42	380770.73112	0.41612	(1 component(s) constrained)
422	-2447.17	380809.48019	0.41612	(1 component(s) constrained)
423	-2446.79	380899.42277	0.41612	(1 component(s) constrained)
424	-2448.03	380834.28496	0.41612	(1 component(s) constrained)
425	-2448.84	380859.92522	0.41612	(1 component(s) constrained)
426	-2448.06	380995.14312	0.41612	(1 component(s) constrained)
427	-2448.10	380843.81940	0.41612	(1 component(s) constrained)
428	-2448.03	380846.41559	0.41612	(1 component(s) constrained)
429	-2448.74	380910.45142	0.41612	(1 component(s) constrained)
430	-2447.70	380840.16845	0.41612	(1 component(s) constrained)
431	-2447.59	380847.55109	0.41612	(1 component(s) constrained)
432	-2447.87	380888.82552	0.41612	(1 component(s) constrained)
433	-2447.55	380759.16934	0.41612	(1 component(s) constrained)
434	-2448.89	380918.55552	0.41612	(1 component(s) constrained)
435	-2447.50	380841.27688	0.41612	(1 component(s) constrained)
436	-2446.85	380851.60674	0.41612	(1 component(s) constrained)
437	-2447.53	380910.09348	0.41612	(1 component(s) constrained)
438	-2447.20	380852.99190	0.41612	(1 component(s) constrained)
439	-2447.31	380783.22469	0.41612	(1 component(s) constrained)
440	-2446.66	380875.22177	0.41612	(1 component(s) constrained)
441	-2447.01	380800.40925	0.41612	(1 component(s) constrained)
442	-2447.43	380878.04524	0.41612	(1 component(s) constrained)
443	-2447.91	380893.09715	0.41612	(1 component(s) constrained)
444	-2448.03	380891.66335	0.41612	(1 component(s) constrained)
445	-2446.44	380880.24835	0.41612	(1 component(s) constrained)
446	-2447.39	380865.32670	0.41612	(1 component(s) constrained)
447	-2447.89	380876.17938	0.41612	(1 component(s) constrained)
448	-2446.62	380911.94877	0.41612	(1 component(s) constrained)
449	-2447.63	380916.40706	0.41612	(1 component(s) constrained)
450	-2447.25	380827.21701	0.41612	(1 component(s) constrained)
451	-2449.01	380914.62970	0.41612	(1 component(s) constrained)
452	-2447.18	380819.63696	0.41612	(1 component(s) constrained)
453	-2446.89	380825.82664	0.41612	(1 component(s) constrained)
454	-2447.56	380823.94005	0.41612	(1 component(s) constrained)
455	-2447.97	380937.80761	0.41612	(1 component(s) constrained)
456	-2448.19	380899.82852	0.41612	(1 component(s) constrained)
457	-2447.71	380904.67366	0.41612	(1 component(s) constrained)
458	-2447.70	380884.26067	0.41612	(1 component(s) constrained)
459	-2447.80	380865.79707	0.41612	(1 component(s) constrained)
460	-2447.93	380968.66923	0.41612	(1 component(s) constrained)
461	-2447.67	380877.35930	0.41612	(1 component(s) constrained)
462	-2447.64	380821.66999	0.41612	(1 component(s) constrained)
463	-2446.82	380878.30809	0.41612	(1 component(s) constrained)
464	-2447.52	380930.28820	0.41612	(1 component(s) constrained)
465	-2446.99	380857.35580	0.41612	(1 component(s) constrained)
466	-2447.50	380843.57954	0.41612	(1 component(s) constrained)
467	-2447.47	380913.91238	0.41612	(1 component(s) constrained)
468	-2447.50	380856.95660	0.41612	(1 component(s) constrained)
469	-2447.39	380896.62589	0.41612	(1 component(s) constrained)
470	-2447.59	380834.45520	0.41612	(1 component(s) constrained)
471	-2448.17	380851.54896	0.41612	(1 component(s) constrained)
472	-2449.27	380900.25427	0.41612	(1 component(s) constrained)
473	-2446.29	380930.12761	0.41612	(1 component(s) constrained)
474	-2446.54	380923.58097	0.41612	(1 component(s) constrained)
475	-2447.71	380850.16878	0.41612	(1 component(s) constrained)
476	-2447.84	380831.40512	0.41612	(1 component(s) constrained)
477	-2447.25	380890.76873	0.41612	(1 component(s) constrained)
478	-2446.28	380967.56024	0.41612	(1 component(s) constrained)
479	-2447.22	380903.64790	0.41612	(1 component(s) constrained)
480	-2448.62	380863.03350	0.41612	(1 component(s) constrained)
481	-2447.82	380792.75622	0.41612	(1 component(s) constrained)
482	-2447.02	380852.65911	0.41612	(1 component(s) constrained)
483	-2446.56	380898.74007	0.41612	(1 component(s) constrained)
484	-2448.34	380948.02767	0.41612	(1 component(s) constrained)
485	-2446.45	380863.39938	0.41612	(1 component(s) constrained)
486	-2448.19	380873.32113	0.41612	(1 component(s) constrained)
487	-2447.56	380899.75404	0.41612	(1 component(s) constrained)
488	-2448.11	380877.99233	0.41612	(1 component(s) constrained)
489	-2448.06	380872.02407	0.41612	(1 component(s) constrained)
490	-2447.29	380773.04726	0.41612	(1 component(s) constrained)
491	-2447.49	381002.61230	0.41612	(1 component(s) constrained)
492	-2447.26	380907.33444	0.41612	(1 component(s) constrained)
493	-2447.74	380765.93121	0.41612	(1 component(s) constrained)
494	-2447.51	380832.02064	0.41612	(1 component(s) constrained)
495	-2447.58	380854.44932	0.41612	(1 component(s) constrained)
496	-2447.25	380893.27950	0.41612	(1 component(s) constrained)
497	-2446.32	380917.60643	0.41612	(1 component(s) constrained)
498	-2447.93	380921.56006	0.41612	(1 component(s) constrained)
499	-2447.70	380844.84238	0.41612	(1 component(s) constrained)
500	-2447.03	380846.61061	0.41612	(1 component(s) constrained)
501	-2447.88	380846.73119	0.41612	(1 component(s) constrained)
502	-2447.79	380909.74486	0.41612	(1 component(s) constrained)
503	-2447.59	380891.11044	0.41612	(1 component(s) constrained)
504	-2447.32	380769.74876	0.41612	(1 component(s) constrained)
505	-2446.87	380893.84296	0.41612	(1 component(s) constrained)
506	-2446.72	380878.51915	0.41612	(1 component(s) constrained)
507	-2447.74	380875.34344	0.41612	(1 component(s) constrained)
508	-2447.97	380859.85630	0.41612	(1 component(s) constrained)
509	-2448.25	380839.50674	0.41612	(1 component(s) constrained)
510	-2447.92	380915.07541	0.41612	(1 component(s) constrained)
511	-2448.43	380849.58382	0.41612	(1 component(s) constrained)
512	-2446.53	380830.55656	0.41612	(1 component(s) constrained)
513	-2446.94	380844.54488	0.41612	(1 component(s) constrained)
514	-2447.15	380868.88275	0.41612	(1 component(s) constrained)
515	-2448.48	380936.60012	0.41612	(1 component(s) constrained)
516	-2447.55	380862.65388	0.41612	(1 component(s) constrained)
517	-2447.15	380842.24192	0.41612	(1 component(s) constrained)
518	-2447.14	380900.90297	0.41612	(1 component(s) constrained)
519	-2448.11	380857.55310	0.41612	(1 component(s) constrained)
520	-2447.92	380893.94499	0.41612	(1 component(s) constrained)
521	-2447.19	380876.18609	0.41612	(1 component(s) constrained)
522	-2447.91	380769.15484	0.41612	(1 component(s) constrained)
523	-2447.84	380895.50562	0.41612	(1 component(s) constrained)
524	-2446.62	380876.54188	0.41612	(1 component(s) constrained)
525	-2445.96	380870.47784	0.41612	(1 component(s) constrained)
526	-2447.13	380886.16342	0.41612	(1 component(s) constrained)
527	-2447.17	380884.79042	0.41612	(1 component(s) constrained)
528	-2447.96	380973.76796	0.41612	(1 component(s) constrained)
529	-2447.17	380944.90919	0.41612	(1 component(s) constrained)
530	-2447.52	380844.75923	0.41612	(1 component(s) constrained)
531	-2448.17	380817.52585	0.41612	(1 component(s) constrained)
532	-2447.70	380908.16891	0.41612	(1 component(s) constrained)
533	-2447.41	380866.17114	0.41612	(1 component(s) constrained)
534	-2446.69	380911.29713	0.41612	(1 component(s) constrained)
535	-2447.05	380795.24372	0.41612	(1 component(s) constrained)
536	-2446.84	380921.51035	0.41612	(1 component(s) constrained)
537	-2446.97	380808.51728	0.41612	(1 component(s) constrained)
538	-2447.49	380909.11834	0.41612	(1 component(s) constrained)
539	-2447.72	380877.39052	0.41612	(1 component(s) constrained)
540	-2448.06	380879.22727	0.41612	(1 component(s) constrained)
541	-2447.48	380832.52052	0.41612	(1 component(s) constrained)
542	-2447.07	380871.80930	0.41612	(1 component(s) constrained)
543	-2447.11	380831.80341	0.41612	(1 component(s) constrained)
544	-2447.20	380874.49245	0.41612	(1 component(s) constrained)
545	-2448.22	380850.68939	0.41612	(1 component(s) constrained)
546	-2446.84	380965.20076	0.41612	(1 component(s) constrained)
547	-2447.40	380957.64919	0.41612	(1 component(s) constrained)
548	-2448.11	380791.56415	0.41612	(1 component(s) constrained)
549	-2447.41	380808.82696	0.41612	(1 component(s) constrained)
550	-2447.34	380911.19728	0.41612	(1 component(s) constrained)
551	-2447.96	380835.58684	0.41612	(1 component(s) constrained)
552	-2448.41	380960.93694	0.41612	(1 component(s) constrained)
553	-2447.83	380857.86432	0.41612	(1 component(s) constrained)
554	-2447.73	380852.23867	0.41612	(1 component(s) constrained)
555	-2447.96	380799.55935	0.41612	(1 component(s) constrained)
556	-2446.98	380885.70356	0.41612	(1 component(s) constrained)
557	-2447.20	380810.62411	0.41612	(1 component(s) constrained)
558	-2447.80	380891.32466	0.41612	(1 component(s) constrained)
559	-2447.09	380795.13298	0.41612	(1 component(s) constrained)
560	-2447.76	380785.83668	0.41612	(1 component(s) constrained)
561	-2446.40	380887.30984	0.41612	(1 component(s) constrained)
562	-2447.61	380879.02127	0.41612	(1 component(s) constrained)
563	-2448.19	380856.19623	0.41612	(1 component(s) constrained)
564	-2447.48	380932.54521	0.41612	(1 component(s) constrained)
565	-2447.35	380921.35949	0.41612	(1 component(s) constrained)
566	-2447.98	380848.97824	0.41612	(1 component(s) constrained)
567	-2448.30	380810.44265	0.41612	(1 component(s) constrained)
568	-2447.40	380917.81294	0.41612	(1 component(s) constrained)
569	-2446.90	380882.84446	0.41612	(1 component(s) constrained)
570	-2446.09	380882.44333	0.41612	(1 component(s) constrained)
571	-2447.37	380890.07067	0.41612	(1 component(s) constrained)
572	-2447.27	380866.29334	0.41612	(1 component(s) constrained)
573	-2447.03	380945.80184	0.41612	(1 component(s) constrained)
574	-2447.24	380780.30905	0.41612	(1 component(s) constrained)
575	-2446.59	380823.51580	0.41612	(1 component(s) constrained)
576	-2448.58	380806.60600	0.41612	(1 component(s) constrained)
577	-2448.20	380797.12325	0.41612	(1 component(s) constrained)
578	-2446.68	380841.90605	0.41612	(1 component(s) constrained)
579	-2447.35	380842.87797	0.41612	(1 component(s) constrained)
580	-2447.67	380917.56116	0.41612	(1 component(s) constrained)
581	-2447.68	380935.68591	0.41612	(1 component(s) constrained)
582	-2447.31	380865.47058	0.41612	(1 component(s) constrained)
583	-2447.68	380795.13842	0.41612	(1 component(s) constrained)
584	-2446.84	380890.72565	0.41612	(1 component(s) constrained)
585	-2446.84	380868.33229	0.41612	(1 component(s) constrained)
586	-2447.29	380887.80466	0.41612	(1 component(s) constrained)
587	-2447.24	380875.62906	0.41612	(1 component(s) constrained)
588	-2446.56	380939.39222	0.41612	(1 component(s) constrained)
589	-2448.51	380820.84896	0.41612	(1 component(s) constrained)
590	-2447.44	380859.16700	0.41612	(1 component(s) constrained)
591	-2447.94	380872.77692	0.41612	(1 component(s) constrained)
592	-2448.66	380956.11413	0.41612	(1 component(s) constrained)
593	-2447.25	380784.23164	0.41612	(1 component(s) constrained)
594	-2448.12	380786.91395	0.41612	(1 component(s) constrained)
595	-2447.28	380818.48083	0.41612	(1 component(s) constrained)
596	-2447.39	380908.35474	0.41612	(1 component(s) constrained)
597	-2448.53	380876.22160	0.41612	(1 component(s) constrained)
598	-2446.68	380847.77119	0.41612	(1 component(s) constrained)
599	-2446.45	380872.53792	0.41612	(1 component(s) constrained)
600	-2447.23	380823.49993	0.41612	(1 component(s) constrained)
601	-2446.42	380902.72704	0.41612	(1 component(s) constrained)
602	-2447.72	380835.46941	0.41612	(1 component(s) constrained)
603	-2447.97	380912.83747	0.41612	(1 component(s) constrained)
604	-2447.99	380926.07991	0.41612	(1 component(s) constrained)
605	-2447.10	380917.97067	0.41612	(1 component(s) constrained)
606	-2447.38	380780.35977	0.41612	(1 component(s) constrained)
607	-2447.18	380905.63233	0.41612	(1 component(s) constrained)
608	-2448.37	380932.21735	0.41612	(1 component(s) constrained)
609	-2447.48	380862.97039	0.41612	(1 component(s) constrained)
610	-2447.15	380848.08111	0.41612	(1 component(s) constrained)
611	-2447.42	380856.65592	0.41612	(1 component(s) constrained)
612	-2447.45	380955.22208	0.41612	(1 component(s) constrained)
613	-2447.49	380812.31659	0.41612	(1 component(s) constrained)
614	-2448.03	380887.60219	0.41612	(1 component(s) constrained)
615	-2447.72	380900.82725	0.41612	(1 component(s) constrained)
616	-2447.86	380765.04714	0.41612	(1 component(s) constrained)
617	-2447.72	380851.18026	0.41612	(1 component(s) constrained)
618	-2447.84	380818.57054	0.41612	(1 component(s) constrained)
619	-2446.93	380883.41501	0.41612	(1 component(s) constrained)
620	-2446.82	380992.96937	0.41612	(1 component(s) constrained)
621	-2448.34	380813.96290	0.41612	(1 component(s) constrained)
622	-2448.59	380846.49867	0.41612	(1 component(s) constrained)
623	-2447.19	380926.83362	0.41612	(1 component(s) constrained)
624	-2448.00	380915.84908	0.41612	(1 component(s) constrained)
625	-2447.07	380900.60954	0.41612	(1 component(s) constrained)
626	-2447.38	380851.89915	0.41612	(1 component(s) constrained)
627	-2448.17	380850.38782	0.41612	(1 component(s) constrained)
628	-2447.27	380870.90119	0.41612	(1 component(s) constrained)
629	-2446.81	380869.15514	0.41612	(1 component(s) constrained)
630	-2447.32	380835.08619	0.41612	(1 component(s) constrained)
631	-2447.90	380860.03404	0.41612	(1 component(s) constrained)
632	-2447.94	380915.32712	0.41612	(1 component(s) constrained)
633	-2447.91	380877.28894	0.41612	(1 component(s) constrained)
634	-2446.89	380924.14158	0.41612	(1 component(s) constrained)
635	-2447.28	380904.05662	0.41612	(1 component(s) constrained)
636	-2447.20	380876.71644	0.41612	(1 component(s) constrained)
637	-2448.25	380922.37478	0.41612	(1 component(s) constrained)
638	-2448.18	380869.40263	0.41612	(1 component(s) constrained)
639	-2447.19	380859.20199	0.41612	(1 component(s) constrained)
640	-2446.81	380832.13838	0.41612	(1 component(s) constrained)
641	-2447.07	380907.65348	0.41612	(1 component(s) constrained)
642	-2446.84	380878.84391	0.41612	(1 component(s) constrained)
643	-2447.42	380839.52520	0.41612	(1 component(s) constrained)
644	-2447.03	380977.05899	0.41612	(1 component(s) constrained)
645	-2446.63	380853.75537	0.41612	(1 component(s) constrained)
646	-2447.88	380902.88023	0.41612	(1 component(s) constrained)
647	-2447.22	380910.58094	0.41612	(1 component(s) constrained)
648	-2447.57	380831.07989	0.41612	(1 component(s) constrained)
649	-2446.25	380797.87680	0.41612	(1 component(s) constrained)
650	-2446.87	380814.78276	0.41612	(1 component(s) constrained)
651	-2447.41	380797.76748	0.41612	(1 component(s) constrained)
652	-2446.24	380825.21354	0.41612	(1 component(s) constrained)
653	-2446.97	380842.04129	0.41612	(1 component(s) constrained)
654	-2448.09	380950.16150	0.41612	(1 component(s) constrained)
655	-2446.68	380832.99883	0.41612	(1 component(s) constrained)
656	-2447.49	380827.07890	0.41612	(1 component(s) constrained)
657	-2447.09	380901.89731	0.41612	(1 component(s) constrained)
658	-2447.78	380883.11010	0.41612	(1 component(s) constrained)
659	-2447.22	380773.13248	0.41612	(1 component(s) constrained)
660	-2448.26	380892.13311	0.41612	(1 component(s) constrained)
661	-2448.15	380891.71330	0.41612	(1 component(s) constrained)
662	-2447.34	380816.17045	0.41612	(1 component(s) constrained)
663	-2447.13	380896.33982	0.41612	(1 component(s) constrained)
664	-2447.15	380930.51930	0.41612	(1 component(s) constrained)
665	-2446.31	380811.56633	0.41612	(1 component(s) constrained)
666	-2447.84	380902.70486	0.41612	(1 component(s) constrained)
667	-2448.85	380887.19276	0.41612	(1 component(s) constrained)
668	-2448.42	380910.70198	0.41612	(1 component(s) constrained)
669	-2446.72	380935.03596	0.41612	(1 component(s) constrained)
670	-2448.20	380938.33977	0.41612	(1 component(s) constrained)
671	-2447.36	380842.50192	0.41612	(1 component(s) constrained)
672	-2447.77	380826.23088	0.41612	(1 component(s) constrained)
673	-2447.59	380846.10453	0.41612	(1 component(s) constrained)
674	-2447.02	380883.08916	0.41612	(1 component(s) constrained)
675	-2447.33	380794.25241	0.41612	(1 component(s) constrained)
676	-2448.38	380813.36357	0.41612	(1 component(s) constrained)
677	-2447.24	380878.46085	0.41612	(1 component(s) constrained)
678	-2448.01	380865.10670	0.41612	(1 component(s) constrained)
679	-2447.55	380820.50688	0.41612	(1 component(s) constrained)
680	-2448.10	380830.80339	0.41612	(1 component(s) constrained)
681	-2447.68	380837.00653	0.41612	(1 component(s) constrained)
682	-2446.69	380771.44926	0.41612	(1 component(s) constrained)
683	-2447.51	380867.98196	0.41612	(1 component(s) constrained)
684	-2445.74	380908.58530	0.41612	(1 component(s) constrained)
685	-2447.00	380865.68959	0.41612	(1 component(s) constrained)
686	-2447.37	380907.26258	0.41612	(1 component(s) constrained)
687	-2447.32	380882.80158	0.41612	(1 component(s) constrained)
688	-2447.16	380817.81948	0.41612	(1 component(s) constrained)
689	-2446.30	380819.93992	0.41612	(1 component(s) constrained)
690	-2447.56	380852.48088	0.41612	(1 component(s) constrained)
691	-2447.18	380902.28384	0.41612	(1 component(s) constrained)
692	-2447.88	380877.87479	0.41612	(1 component(s) constrained)
693	-2447.46	380851.47142	0.41612	(1 component(s) constrained)
694	-2447.75	380836.78616	0.41612	(1 component(s) constrained)
695	-2447.81	380954.23212	0.41612	(1 component(s) constrained)
696	-2447.42	380915.46560	0.41612	(1 component(s) constrained)
697	-2447.93	380953.87087	0.41612	(1 component(s) constrained)
698	-2446.58	380858.16305	0.41612	(1 component(s) constrained)
699	-2447.64	380882.08634	0.41612	(1 component(s) constrained)
700	-2446.23	380897.63685	0.41612	(1 component(s) constrained)
701	-2446.87	380897.59276	0.41612	(1 component(s) constrained)
702	-2447.16	380888.64090	0.41612	(1 component(s) constrained)
703	-2447.06	380942.42831	0.41612	(1 component(s) constrained)
704	-2447.99	380876.81796	0.41612	(1 component(s) constrained)
705	-2447.79	380832.70794	0.41612	(1 component(s) constrained)
706	-2446.32	380860.09235	0.41612	(1 component(s) constrained)
707	-2447.67	380833.35633	0.41612	(1 component(s) constrained)
708	-2447.53	380974.46216	0.41612	(1 component(s) constrained)
709	-2446.88	380801.68996	0.41612	(1 component(s) constrained)
710	-2448.24	380844.17691	0.41612	(1 component(s) constrained)
711	-2447.43	380889.28628	0.41612	(1 component(s) constrained)
712	-2447.75	380815.85157	0.41612	(1 component(s) constrained)
713	-2446.91	380786.65904	0.41612	(1 component(s) constrained)
714	-2447.67	380865.34822	0.41612	(1 component(s) constrained)
715	-2447.37	380871.80493	0.41612	(1 component(s) constrained)
716	-2447.18	380815.69145	0.41612	(1 component(s) constrained)
717	-2446.53	380905.68152	0.41612	(1 component(s) constrained)
718	-2447.45	380943.33067	0.41612	(1 component(s) constrained)
719	-2448.23	380929.95337	0.41612	(1 component(s) constrained)
720	-2447.14	380895.91964	0.41612	(1 component(s) constrained)
721	-2447.23	380900.99319	0.41612	(1 component(s) constrained)
722	-2446.83	380869.66203	0.41612	(1 component(s) constrained)
723	-2447.31	380956.26367	0.41612	(1 component(s) constrained)
724	-2446.74	380873.09668	0.41612	(1 component(s) constrained)
725	-2448.22	380834.51276	0.41612	(1 component(s) constrained)
726	-2446.87	380856.37159	0.41612	(1 component(s) constrained)
727	-2447.10	380885.92120	0.41612	(1 component(s) constrained)
728	-2449.35	380887.99418	0.41612	(1 component(s) constrained)
729	-2446.45	380961.03505	0.41612	(1 component(s) constrained)
730	-2447.80	380931.57009	0.41612	(1 component(s) constrained)
731	-2447.77	380844.62644	0.41612	(1 component(s) constrained)
732	-2446.85	380886.62779	0.41612	(1 component(s) constrained)
733	-2447.37	380876.44775	0.41612	(1 component(s) constrained)
734	-2447.61	380918.41476	0.41612	(1 component(s) constrained)
735	-2448.30	380910.73882	0.41612	(1 component(s) constrained)
736	-2447.58	380924.90388	0.41612	(1 component(s) constrained)
737	-2447.07	380936.59842	0.41612	(1 component(s) constrained)
738	-2448.15	380996.74209	0.41612	(1 component(s) constrained)
739	-2447.34	380808.78999	0.41612	(1 component(s) constrained)
740	-2447.39	380892.42813	0.41612	(1 component(s) constrained)
741	-2447.91	380958.73717	0.41612	(1 component(s) constrained)
742	-2446.43	380800.47402	0.41612	(1 component(s) constrained)
743	-2448.00	380822.42812	0.41612	(1 component(s) constrained)
744	-2447.33	380869.99080	0.41612	(1 component(s) constrained)
745	-2447.04	380960.80419	0.41612	(1 component(s) constrained)
746	-2447.86	380830.82437	0.41612	(1 component(s) constrained)
747	-2447.49	380920.51124	0.41612	(1 component(s) constrained)
748	-2447.52	380910.18000	0.41612	(1 component(s) constrained)
749	-2447.23	380907.84332	0.41612	(1 component(s) constrained)
750	-2448.13	380908.93848	0.41612	(1 component(s) constrained)
751	-2448.15	380898.64647	0.41612	(1 component(s) constrained)
752	-2446.83	380864.25477	0.41612	(1 component(s) constrained)
753	-2447.52	380849.76625	0.41612	(1 component(s) constrained)
754	-2446.71	380885.37586	0.41612	(1 component(s) constrained)
755	-2447.23	380831.89900	0.41612	(1 component(s) constrained)
756	-2447.05	380901.53266	0.41612	(1 component(s) constrained)
757	-2447.08	380937.63203	0.41612	(1 component(s) constrained)
758	-2447.10	380858.01061	0.41612	(1 component(s) constrained)
759	-2447.21	380777.10150	0.41612	(1 component(s) constrained)
760	-2446.09	380945.52818	0.41612	(1 component(s) constrained)
761	-2447.10	380902.05001	0.41612	(1 component(s) constrained)
762	-2447.47	380859.40853	0.41612	(1 component(s) constrained)
763	-2448.17	380900.02376	0.41612	(1 component(s) constrained)
764	-2447.26	380807.00350	0.41612	(1 component(s) constrained)
765	-2448.50	380897.87004	0.41612	(1 component(s) constrained)
766	-2447.31	380815.13908	0.41612	(1 component(s) constrained)
767	-2447.86	380818.76857	0.41612	(1 component(s) constrained)
768	-2448.06	380858.55251	0.41612	(1 component(s) constrained)
769	-2446.97	380862.07680	0.41612	(1 component(s) constrained)
770	-2448.28	380874.11304	0.41612	(1 component(s) constrained)
771	-2446.61	380861.10895	0.41612	(1 component(s) constrained)
772	-2448.28	380852.67054	0.41612	(1 component(s) constrained)
773	-2446.89	380867.66357	0.41612	(1 component(s) constrained)
774	-2447.07	380859.29249	0.41612	(1 component(s) constrained)
775	-2447.42	381005.41544	0.41612	(1 component(s) constrained)
776	-2446.93	380853.39859	0.41612	(1 component(s) constrained)
777	-2446.90	380817.49019	0.41612	(1 component(s) constrained)
778	-2447.85	380911.56445	0.41612	(1 component(s) constrained)
779	-2447.34	380869.25152	0.41612	(1 component(s) constrained)
780	-2447.76	380859.33354	0.41612	(1 component(s) constrained)
781	-2447.49	380931.58572	0.41612	(1 component(s) constrained)
782	-2446.28	380792.52588	0.41612	(1 component(s) constrained)
783	-2447.56	380826.05546	0.41612	(1 component(s) constrained)
784	-2446.51	380897.68584	0.41612	(1 component(s) constrained)
785	-2447.38	380868.65044	0.41612	(1 component(s) constrained)
786	-2448.28	380909.58110	0.41612	(1 component(s) constrained)
787	-2447.51	380918.25764	0.41612	(1 component(s) constrained)
788	-2446.92	380892.85978	0.41612	(1 component(s) constrained)
789	-2447.14	380838.05926	0.41612	(1 component(s) constrained)
790	-2447.51	380911.38927	0.41612	(1 component(s) constrained)
791	-2447.80	380888.78643	0.41612	(1 component(s) constrained)
792	-2447.24	380796.01628	0.41612	(1 component(s) constrained)
793	-2448.54	380903.36834	0.41612	(1 component(s) constrained)
794	-2447.51	380850.67905	0.41612	(1 component(s) constrained)
795	-2446.69	380870.41318	0.41612	(1 component(s) constrained)
796	-2446.82	380904.65411	0.41612	(1 component(s) constrained)
797	-2447.85	380893.73303	0.41612	(1 component(s) constrained)
798	-2447.02	380905.75762	0.41612	(1 component(s) constrained)
799	-2446.74	380796.64041	0.41612	(1 component(s) constrained)
800	-2447.01	380886.14755	0.41612	(1 component(s) constrained)
801	-2447.98	380943.33558	0.41612	(1 component(s) constrained)
802	-2446.46	380822.23965	0.41612	(1 component(s) constrained)
803	-2446.95	380832.98787	0.41612	(1 component(s) constrained)
804	-2447.56	380859.65564	0.41612	(1 component(s) constrained)
805	-2447.13	380893.91714	0.41612	(1 component(s) constrained)
806	-2446.87	380782.08169	0.41612	(1 component(s) constrained)
807	-2446.82	380821.42298	0.41612	(1 component(s) constrained)
808	-2447.53	380839.06623	0.41612	(1 component(s) constrained)
809	-2447.94	380927.23428	0.41612	(1 component(s) constrained)
810	-2447.27	380923.52636	0.41612	(1 component(s) constrained)
811	-2447.67	380816.53800	0.41612	(1 component(s) constrained)
812	-2446.88	380829.38797	0.41612	(1 component(s) constrained)
813	-2448.60	380749.45152	0.41612	(1 component(s) constrained)
814	-2448.24	380880.50805	0.41612	(1 component(s) constrained)
815	-2447.74	380928.88003	0.41612	(1 component(s) constrained)
816	-2447.19	380778.29003	0.41612	(1 component(s) constrained)
817	-2447.64	380879.34205	0.41612	(1 component(s) constrained)
818	-2447.78	380799.48971	0.41612	(1 component(s) constrained)
819	-2447.36	380872.37401	0.41612	(1 component(s) constrained)
820	-2446.86	380859.82225	0.41612	(1 component(s) constrained)
821	-2448.04	380889.41917	0.41612	(1 component(s) constrained)
822	-2446.94	380956.52556	0.41612	(1 component(s) constrained)
823	-2447.39	380912.49333	0.41612	(1 component(s) constrained)
824	-2446.43	380777.66533	0.41612	(1 component(s) constrained)
825	-2448.01	380846.18815	0.41612	(1 component(s) constrained)
826	-2448.21	380830.53760	0.41612	(1 component(s) constrained)
827	-2448.01	380921.65926	0.41612	(1 component(s) constrained)
828	-2447.88	380891.37295	0.41612	(1 component(s) constrained)
829	-2448.08	380850.83144	0.41612	(1 component(s) constrained)
830	-2447.13	380794.82373	0.41612	(1 component(s) constrained)
831	-2447.14	380906.15080	0.41612	(1 component(s) constrained)
832	-2446.76	380881.96771	0.41612	(1 component(s) constrained)
833	-2447.77	380868.53072	0.41612	(1 component(s) constrained)
834	-2447.11	380832.62010	0.41612	(1 component(s) constrained)
835	-2447.91	380904.57284	0.41612	(1 component(s) constrained)
836	-2447.13	380942.55026	0.41612	(1 component(s) constrained)
837	-2447.50	380840.68019	0.41612	(1 component(s) constrained)
838	-2447.44	380861.24358	0.41612	(1 component(s) constrained)
839	-2447.64	380868.91553	0.41612	(1 component(s) constrained)
840	-2448.19	380940.65090	0.41612	(1 component(s) constrained)
841	-2448.68	380900.37348	0.41612	(1 component(s) constrained)
842	-2447.54	380916.98571	0.41612	(1 component(s) constrained)
843	-2448.17	380900.86457	0.41612	(1 component(s) constrained)
844	-2447.53	380901.94989	0.41612	(1 component(s) constrained)
845	-2446.17	380790.41798	0.41612	(1 component(s) constrained)
846	-2447.51	380801.25437	0.41612	(1 component(s) constrained)
847	-2446.89	380812.62876	0.41612	(1 component(s) constrained)
848	-2446.80	380852.68450	0.41612	(1 component(s) constrained)
849	-2447.86	380811.56987	0.41612	(1 component(s) constrained)
850	-2447.38	380837.03944	0.41612	(1 component(s) constrained)
851	-2447.57	380879.28128	0.41612	(1 component(s) constrained)
852	-2447.23	380763.43679	0.41612	(1 component(s) constrained)
853	-2447.91	380864.18339	0.41612	(1 component(s) constrained)
854	-2446.87	380958.24132	0.41612	(1 component(s) constrained)
855	-2447.73	380937.05932	0.41612	(1 component(s) constrained)
856	-2446.58	380778.09363	0.41612	(1 component(s) constrained)
857	-2447.83	380847.12790	0.41612	(1 component(s) constrained)
858	-2447.54	380928.41574	0.41612	(1 component(s) constrained)
859	-2447.88	380926.13124	0.41612	(1 component(s) constrained)
860	-2447.14	380833.19642	0.41612	(1 component(s) constrained)
861	-2447.48	380809.00692	0.41612	(1 component(s) constrained)
862	-2447.31	380822.88821	0.41612	(1 component(s) constrained)
863	-2446.79	380806.65721	0.41612	(1 component(s) constrained)
864	-2447.35	380878.96122	0.41612	(1 component(s) constrained)
865	-2447.55	380963.05351	0.41612	(1 component(s) constrained)
866	-2447.28	380845.25164	0.41612	(1 component(s) constrained)
867	-2446.56	380885.10007	0.41612	(1 component(s) constrained)
868	-2446.98	380882.10426	0.41612	(1 component(s) constrained)
869	-2446.77	380893.13335	0.41612	(1 component(s) constrained)
870	-2447.89	380864.99913	0.41612	(1 component(s) constrained)
871	-2447.23	380858.50074	0.41612	(1 component(s) constrained)
872	-2447.72	380808.80520	0.41612	(1 component(s) constrained)
873	-2447.29	380868.55223	0.41612	(1 component(s) constrained)
874	-2447.80	380898.49019	0.41612	(1 component(s) constrained)
875	-2447.03	380864.99431	0.41612	(1 component(s) constrained)
876	-2447.24	380895.95169	0.41612	(1 component(s) constrained)
877	-2446.82	380960.00359	0.41612	(1 component(s) constrained)
878	-2447.93	380937.90557	0.41612	(1 component(s) constrained)
879	-2447.30	380858.89408	0.41612	(1 component(s) constrained)
880	-2448.14	380833.42499	0.41612	(1 component(s) constrained)
881	-2447.98	380867.76345	0.41612	(1 component(s) constrained)
882	-2448.94	380929.31327	0.41612	(1 component(s) constrained)
883	-2447.88	380920.08428	0.41612	(1 component(s) constrained)
884	-2448.39	380878.53178	0.41612	(1 component(s) constrained)
885	-2446.92	380835.35075	0.41612	(1 component(s) constrained)
886	-2447.06	380853.99980	0.41612	(1 component(s) constrained)
887	-2446.74	380847.58957	0.41612	(1 component(s) constrained)
888	-2448.01	380876.96652	0.41612	(1 component(s) constrained)
889	-2447.83	380859.01962	0.41612	(1 component(s) constrained)
890	-2447.70	380867.90322	0.41612	(1 component(s) constrained)
891	-2446.89	380887.01890	0.41612	(1 component(s) constrained)
892	-2447.87	380864.40995	0.41612	(1 component(s) constrained)
893	-2447.14	380868.76548	0.41612	(1 component(s) constrained)
894	-2446.03	380892.57632	0.41612	(1 component(s) constrained)
895	-2447.60	380898.71222	0.41612	(1 component(s) constrained)
896	-2447.33	380846.26933	0.41612	(1 component(s) constrained)
897	-2448.00	380860.56325	0.41612	(1 component(s) constrained)
898	-2447.79	380909.38600	0.41612	(1 component(s) constrained)
899	-2447.61	380898.21741	0.41612	(1 component(s) constrained)
900	-2447.58	380814.77048	0.41612	(1 component(s) constrained)
901	-2446.76	380876.39755	0.41612	(1 component(s) constrained)
902	-2447.79	380931.74486	0.41612	(1 component(s) constrained)
903	-2447.03	380878.89224	0.41612	(1 component(s) constrained)
904	-2447.35	380829.63444	0.41612	(1 component(s) constrained)
905	-2448.02	380912.30269	0.41612	(1 component(s) constrained)
906	-2447.31	380883.30062	0.41612	(1 component(s) constrained)
907	-2447.59	380826.02240	0.41612	(1 component(s) constrained)
908	-2447.80	380877.61376	0.41612	(1 component(s) constrained)
909	-2446.91	380905.19480	0.41612	(1 component(s) constrained)
910	-2446.86	380906.64179	0.41612	(1 component(s) constrained)
911	-2446.60	380851.65104	0.41612	(1 component(s) constrained)
912	-2447.58	380851.42890	0.41612	(1 component(s) constrained)
913	-2447.52	380862.45876	0.41612	(1 component(s) constrained)
914	-2448.71	380835.39060	0.41612	(1 component(s) constrained)
915	-2447.10	380885.35601	0.41612	(1 component(s) constrained)
916	-2447.63	380886.53889	0.41612	(1 component(s) constrained)
917	-2448.61	380878.91231	0.41612	(1 component(s) constrained)
918	-2446.66	380887.21660	0.41612	(1 component(s) constrained)
919	-2447.80	380888.08323	0.41612	(1 component(s) constrained)
920	-2448.09	380854.57978	0.41612	(1 component(s) constrained)
921	-2446.70	380781.13635	0.41612	(1 component(s) constrained)
922	-2446.39	380826.41995	0.41612	(1 component(s) constrained)
923	-2447.11	380816.85236	0.41612	(1 component(s) constrained)
924	-2447.48	380816.51065	0.41612	(1 component(s) constrained)
925	-2446.41	380930.10481	0.41612	(1 component(s) constrained)
926	-2447.39	380897.76314	0.41612	(1 component(s) constrained)
927	-2447.71	380843.99318	0.41612	(1 component(s) constrained)
928	-2447.62	380883.24491	0.41612	(1 component(s) constrained)
929	-2446.34	380820.14981	0.41612	(1 component(s) constrained)
930	-2446.99	380818.74151	0.41612	(1 component(s) constrained)
931	-2448.37	380826.87500	0.41612	(1 component(s) constrained)
932	-2446.17	380910.81423	0.41612	(1 component(s) constrained)
933	-2447.64	380892.69155	0.41612	(1 component(s) constrained)
934	-2446.92	380782.24024	0.41612	(1 component(s) constrained)
935	-2446.10	380883.64801	0.41612	(1 component(s) constrained)
936	-2446.35	380913.50349	0.41612	(1 component(s) constrained)
937	-2446.97	380845.21728	0.41612	(1 component(s) constrained)
938	-2447.54	380919.81193	0.41612	(1 component(s) constrained)
939	-2448.24	380857.09565	0.41612	(1 component(s) constrained)
940	-2447.24	380846.42730	0.41612	(1 component(s) constrained)
941	-2447.29	380856.87865	0.41612	(1 component(s) constrained)
942	-2446.71	380923.94636	0.41612	(1 component(s) constrained)
943	-2448.22	380854.42218	0.41612	(1 component(s) constrained)
944	-2447.62	380855.20964	0.41612	(1 component(s) constrained)
945	-2447.61	380893.31658	0.41612	(1 component(s) constrained)
946	-2446.89	380877.96955	0.41612	(1 component(s) constrained)
947	-2447.44	380831.03868	0.41612	(1 component(s) constrained)
948	-2446.91	380980.05526	0.41612	(1 component(s) constrained)
949	-2447.56	380851.74722	0.41612	(1 component(s) constrained)
950	-2447.25	380901.49584	0.41612	(1 component(s) constrained)
951	-2447.75	380799.88277	0.41612	(1 component(s) constrained)
952	-2447.17	380940.60631	0.41612	(1 component(s) constrained)
953	-2447.88	380876.91331	0.41612	(1 component(s) constrained)
954	-2447.54	380923.77733	0.41612	(1 component(s) constrained)
955	-2447.39	380859.82657	0.41612	(1 component(s) constrained)
956	-2446.75	380873.44765	0.41612	(1 component(s) constrained)
957	-2447.95	380877.61815	0.41612	(1 component(s) constrained)
958	-2448.01	380922.66734	0.41612	(1 component(s) constrained)
959	-2447.90	380768.41234	0.41612	(1 component(s) constrained)
960	-2447.19	380845.10297	0.41612	(1 component(s) constrained)
961	-2448.38	380911.30041	0.41612	(1 component(s) constrained)
962	-2446.36	380855.12902	0.41612	(1 component(s) constrained)
963	-2445.81	380874.15512	0.41612	(1 component(s) constrained)
964	-2447.70	380933.93472	0.41612	(1 component(s) constrained)
965	-2447.30	380855.93381	0.41612	(1 component(s) constrained)
966	-2447.37	380989.94569	0.41612	(1 component(s) constrained)
967	-2447.16	380837.97188	0.41612	(1 component(s) constrained)
968	-2447.74	380882.83540	0.41612	(1 component(s) constrained)
969	-2448.39	380912.61985	0.41612	(1 component(s) constrained)
970	-2447.86	380845.38289	0.41612	(1 component(s) constrained)
971	-2448.43	380899.23637	0.41612	(1 component(s) constrained)
972	-2447.09	380920.73085	0.41612	(1 component(s) constrained)
973	-2447.03	380936.88726	0.41612	(1 component(s) constrained)
974	-2447.24	380829.78561	0.41612	(1 component(s) constrained)
975	-2446.97	380859.10801	0.41612	(1 component(s) constrained)
976	-2447.22	380876.19215	0.41612	(1 component(s) constrained)
977	-2447.59	380835.69336	0.41612	(1 component(s) constrained)
978	-2447.50	380835.94601	0.41612	(1 component(s) constrained)
979	-2447.63	380889.82783	0.41612	(1 component(s) constrained)
980	-2448.03	380853.31966	0.41612	(1 component(s) constrained)
981	-2446.64	380828.30672	0.41612	(1 component(s) constrained)
982	-2446.97	380863.34439	0.41612	(1 component(s) constrained)
983	-2447.05	380901.71143	0.41612	(1 component(s) constrained)
984	-2447.24	380839.34845	0.41612	(1 component(s) constrained)
985	-2447.66	380893.09859	0.41612	(1 component(s) constrained)
986	-2448.10	380852.33603	0.41612	(1 component(s) constrained)
987	-2448.86	380799.47896	0.41612	(1 component(s) constrained)
988	-2447.57	380857.35806	0.41612	(1 component(s) constrained)
989	-2446.64	380855.18161	0.41612	(1 component(s) constrained)
990	-2446.73	380839.83599	0.41612	(1 component(s) constrained)
991	-2448.00	380834.85530	0.41612	(1 component(s) constrained)
992	-2448.19	380920.23466	0.41612	(1 component(s) constrained)
993	-2446.62	380858.57446	0.41612	(1 component(s) constrained)
994	-2447.86	380861.10463	0.41612	(1 component(s) constrained)
995	-2448.17	380952.88590	0.41612	(1 component(s) constrained)
996	-2446.57	380870.77995	0.41612	(1 component(s) constrained)
997	-2447.86	380890.60406	0.41612	(1 component(s) constrained)
998	-2447.57	380798.70241	0.41612	(1 component(s) constrained)
999	-2447.49	380869.73105	0.41612	(1 component(s) constrained)
Error: Log-likelihood not converged (stop after 1000 iteractions). 
You can specify the option --reml-maxit to allow for more iterations.

An error occurs, please check the options or data
