*******************************************************************
* Genome-wide Complex Trait Analysis (GCTA)
* version 1.93.2 beta Linux
* (C) 2010-present, Jian Yang, The University of Queensland
* Please report bugs to Jian Yang <jian.yang.qt@gmail.com>
*******************************************************************
Analysis started at 23:19:40 -03 on Wed Jun 09 2021.
Hostname: darwin

Accepted options:
--reml
--reml-alg 0
--reml-maxit 1000
--grm /scratch/genevol/users/lucas/V1/grmFull
--pheno /raid/genevol/users/lucas/heritability/02.GCTA/data/geneHLA-DPA1.txt
--covar /raid/genevol/users/lucas/heritability/02.GCTA/data/envir0.txt
--reml-est-fix
--out /raid/genevol/users/lucas/heritability/03.Heritability/Results/V1/HLA-DPA1/FullHLA-DPA10

Note: This is a multi-thread program. You could specify the number of threads by the --thread-num option to speed up the computation if there are multiple processors in your machine.

Reading IDs of the GRM from [/scratch/genevol/users/lucas/V1/grmFull.grm.id].
2504 IDs read from [/scratch/genevol/users/lucas/V1/grmFull.grm.id].
Reading the GRM from [/scratch/genevol/users/lucas/V1/grmFull.grm.bin].
GRM for 2504 individuals are included from [/scratch/genevol/users/lucas/V1/grmFull.grm.bin].
Reading phenotypes from [/raid/genevol/users/lucas/heritability/02.GCTA/data/geneHLA-DPA1.txt].
Non-missing phenotypes of 445 individuals are included from [/raid/genevol/users/lucas/heritability/02.GCTA/data/geneHLA-DPA1.txt].
Reading discrete covariate(s) from [/raid/genevol/users/lucas/heritability/02.GCTA/data/envir0.txt].
3 discrete covariate(s) of 445 individuals are included from [/raid/genevol/users/lucas/heritability/02.GCTA/data/envir0.txt].

3 discrete variable(s) included as covariate(s).
445 individuals are in common in these files.

Performing  REML analysis ... (Note: may take hours depending on sample size).
445 observations, 12 fixed effect(s), and 2 variance component(s)(including residual variance).
Calculating prior values of variance components by EM-REML ...
Updated prior values: 11548.6 13198.1
logL: -2447.73
Running AI-REML algorithm ...
Iter.	logL	V(G)	V(e)	
1	-2427.09	8237.03748	14656.10680	
2	-2420.49	6871.32769	14946.81188	
3	-2418.18	6146.24450	15021.00845	
4	-2417.25	5715.43692	15042.86377	
5	-2416.85	4853.63453	15072.22983	
6	-2416.53	4872.76479	15114.79403	
7	-2416.53	4873.19625	15114.32617	
8	-2416.53	4873.23472	15114.26326	
Log-likelihood ratio converged.

Calculating the logLikelihood for the reduced model ...
(variance component 1 is dropped from the model)
Calculating prior values of variance components by EM-REML ...
Updated prior values: 23332.00076
logL: -2426.17227
Running AI-REML algorithm ...
Iter.	logL	V(e)	
1	-2416.62	23258.98913	
2	-2416.61	23209.43320	
3	-2416.61	23102.72853	
4	-2416.60	23103.21684	
5	-2416.60	23103.21685	
Log-likelihood ratio converged.

Summary result of REML analysis:
Source	Variance	SE
V(G)	4873.234718	11702.329058
V(e)	15114.263257	19159.200229
Vp	19987.497975	7557.093371
V(G)/Vp	0.243814	0.675930

Sampling variance/covariance of the estimates of variance components:
1.369445e+08	-2.234549e+08	
-2.234549e+08	3.670750e+08	
Estimatesof fixed effects:

Source	Estimate	SE
mean	719.367346	28.540809
X_2	11.731816	14.702359
X_3	-53.178301	28.466176
X_4	-82.848927	24.969903
X_5	-89.893367	28.946170
X_6	3.633306	25.191894
X_7	-139.345511	21.650397
X_8	-5.571066	28.824888
X_9	-149.574202	27.738724
X_10	-211.928138	23.351540
X_11	-160.314669	24.290656
X_12	-54.252022	46.413537

Summary result of REML analysis has been saved in the file [/raid/genevol/users/lucas/heritability/03.Heritability/Results/V1/HLA-DPA1/FullHLA-DPA10.hsq].

Analysis finished at 23:19:41 -03 on Wed Jun 09 2021
Overall computational time: 1.48 sec.
