*******************************************************************
* Genome-wide Complex Trait Analysis (GCTA)
* version 1.93.2 beta Linux
* (C) 2010-present, Jian Yang, The University of Queensland
* Please report bugs to Jian Yang <jian.yang.qt@gmail.com>
*******************************************************************
Analysis started at 23:19:41 -03 on Wed Jun 09 2021.
Hostname: darwin

Accepted options:
--reml
--reml-alg 0
--reml-maxit 1000
--grm /scratch/genevol/users/lucas/V1/grmGeuvadis
--pheno /raid/genevol/users/lucas/heritability/02.GCTA/data/geneHLA-DPA1.txt
--covar /raid/genevol/users/lucas/heritability/02.GCTA/data/envir0.txt
--reml-est-fix
--out /raid/genevol/users/lucas/heritability/03.Heritability/Results/V1/HLA-DPA1/GeuvadisHLA-DPA10

Note: This is a multi-thread program. You could specify the number of threads by the --thread-num option to speed up the computation if there are multiple processors in your machine.

Reading IDs of the GRM from [/scratch/genevol/users/lucas/V1/grmGeuvadis.grm.id].
445 IDs read from [/scratch/genevol/users/lucas/V1/grmGeuvadis.grm.id].
Reading the GRM from [/scratch/genevol/users/lucas/V1/grmGeuvadis.grm.bin].
GRM for 445 individuals are included from [/scratch/genevol/users/lucas/V1/grmGeuvadis.grm.bin].
Reading phenotypes from [/raid/genevol/users/lucas/heritability/02.GCTA/data/geneHLA-DPA1.txt].
Non-missing phenotypes of 445 individuals are included from [/raid/genevol/users/lucas/heritability/02.GCTA/data/geneHLA-DPA1.txt].
Reading discrete covariate(s) from [/raid/genevol/users/lucas/heritability/02.GCTA/data/envir0.txt].
3 discrete covariate(s) of 445 individuals are included from [/raid/genevol/users/lucas/heritability/02.GCTA/data/envir0.txt].

3 discrete variable(s) included as covariate(s).
445 individuals are in common in these files.

Performing  REML analysis ... (Note: may take hours depending on sample size).
445 observations, 12 fixed effect(s), and 2 variance component(s)(including residual variance).
Calculating prior values of variance components by EM-REML ...
Updated prior values: 13927.8 14204.5
logL: -2429.32
Running AI-REML algorithm ...
Iter.	logL	V(G)	V(e)	
1	-2424.80	1329.59625	23681.95847	
2	-2417.67	0.03159	24170.14129	(1 component(s) constrained)
3	-2416.82	0.03159	23685.83466	(1 component(s) constrained)
4	-2416.67	0.03159	22688.62493	(1 component(s) constrained)
5	-2416.64	0.03159	22728.84121	(1 component(s) constrained)
6	-2416.63	0.03159	22728.91262	(1 component(s) constrained)
7	-2416.63	0.03159	22728.91262	(1 component(s) constrained)
Log-likelihood ratio converged.

Calculating the logLikelihood for the reduced model ...
(variance component 1 is dropped from the model)
Calculating prior values of variance components by EM-REML ...
Updated prior values: 23332.00076
logL: -2426.17227
Running AI-REML algorithm ...
Iter.	logL	V(e)	
1	-2416.62	23258.98913	
2	-2416.61	23209.43320	
3	-2416.61	23102.72853	
4	-2416.60	23103.21684	
5	-2416.60	23103.21685	
Log-likelihood ratio converged.

Summary result of REML analysis:
Source	Variance	SE
V(G)	0.031587	4138.603002
V(e)	22728.912625	4179.725056
Vp	22728.944212	1552.392340
V(G)/Vp	0.000001	0.182085

Sampling variance/covariance of the estimates of variance components:
1.712803e+07	-1.609411e+07	
-1.609411e+07	1.747010e+07	
Estimatesof fixed effects:

Source	Estimate	SE
mean	718.859455	22.475067
X_2	11.850255	14.587939
X_3	-52.431085	28.231523
X_4	-83.422261	24.771316
X_5	-89.916926	28.694740
X_6	3.049583	25.000135
X_7	-139.533117	21.466467
X_8	-6.477678	28.656163
X_9	-146.771911	22.643626
X_10	-212.718676	22.925127
X_11	-160.148992	22.557589
X_12	-53.440795	22.778061

Summary result of REML analysis has been saved in the file [/raid/genevol/users/lucas/heritability/03.Heritability/Results/V1/HLA-DPA1/GeuvadisHLA-DPA10.hsq].

Analysis finished at 23:19:42 -03 on Wed Jun 09 2021
Overall computational time: 1.11 sec.
