*******************************************************************
* Genome-wide Complex Trait Analysis (GCTA)
* version 1.93.2 beta Linux
* (C) 2010-present, Jian Yang, The University of Queensland
* Please report bugs to Jian Yang <jian.yang.qt@gmail.com>
*******************************************************************
Analysis started at 22:21:15 -03 on Mon Jun 07 2021.
Hostname: darwin

Accepted options:
--reml
--reml-alg 0
--reml-maxit 1000
--grm /scratch/genevol/users/lucas/V1/grmFull
--pheno /raid/genevol/users/lucas/heritability/02.GCTA/data/geneHLA-DPA1.txt
--covar /raid/genevol/users/lucas/heritability/02.GCTA/data/envir2.txt
--out /raid/genevol/users/lucas/heritability/03.Heritability/Results/V1/HLA-DPA1/HLA-DPA1Full2

Note: This is a multi-thread program. You could specify the number of threads by the --thread-num option to speed up the computation if there are multiple processors in your machine.

Reading IDs of the GRM from [/scratch/genevol/users/lucas/V1/grmFull.grm.id].
2504 IDs read from [/scratch/genevol/users/lucas/V1/grmFull.grm.id].
Reading the GRM from [/scratch/genevol/users/lucas/V1/grmFull.grm.bin].
GRM for 2504 individuals are included from [/scratch/genevol/users/lucas/V1/grmFull.grm.bin].
Reading phenotypes from [/raid/genevol/users/lucas/heritability/02.GCTA/data/geneHLA-DPA1.txt].
Non-missing phenotypes of 445 individuals are included from [/raid/genevol/users/lucas/heritability/02.GCTA/data/geneHLA-DPA1.txt].
Reading discrete covariate(s) from [/raid/genevol/users/lucas/heritability/02.GCTA/data/envir2.txt].
1 discrete covariate(s) of 445 individuals are included from [/raid/genevol/users/lucas/heritability/02.GCTA/data/envir2.txt].

1 discrete variable(s) included as covariate(s).
445 individuals are in common in these files.

Performing  REML analysis ... (Note: may take hours depending on sample size).
445 observations, 7 fixed effect(s), and 2 variance component(s)(including residual variance).
Calculating prior values of variance components by EM-REML ...
Updated prior values: 12590.1 13803.8
logL: -2491.26
Running AI-REML algorithm ...
Iter.	logL	V(G)	V(e)	
1	-2480.17	17137.45568	3616.37375	
2	-2476.81	16727.08054	0.03159	(1 component(s) constrained)
3	-2474.74	14643.29265	0.03159	(1 component(s) constrained)
4	-2477.06	13622.79151	0.03159	(1 component(s) constrained)
5	-2480.16	11777.17766	0.03159	(1 component(s) constrained)
6	-2490.82	11993.34640	0.03159	(1 component(s) constrained)
7	-2489.14	11997.38676	0.03159	(1 component(s) constrained)
8	-2489.11	11997.38719	0.03159	(1 component(s) constrained)
9	-2489.11	11997.38811	0.03159	(1 component(s) constrained)
Log-likelihood ratio converged.

Calculating the logLikelihood for the reduced model ...
(variance component 1 is dropped from the model)
Calculating prior values of variance components by EM-REML ...
Updated prior values: 28804.49030
logL: -2482.63177
Running AI-REML algorithm ...
Iter.	logL	V(e)	
1	-2481.70	28790.41481	
2	-2481.70	28759.98425	
3	-2481.70	28760.01638	
4	-2481.70	28760.01638	
Log-likelihood ratio converged.

Summary result of REML analysis:
Source	Variance	SE
V(G)	11997.388114	7001.736444
V(e)	0.031587	11461.704367
Vp	11997.419701	4545.061503
V(G)/Vp	0.999997	0.955346

Sampling variance/covariance of the estimates of variance components:
4.902431e+07	-7.986870e+07	
-7.986870e+07	1.313707e+08	

Summary result of REML analysis has been saved in the file [/raid/genevol/users/lucas/heritability/03.Heritability/Results/V1/HLA-DPA1/HLA-DPA1Full2.hsq].

Analysis finished at 22:21:17 -03 on Mon Jun 07 2021
Overall computational time: 1.48 sec.
