*******************************************************************
* Genome-wide Complex Trait Analysis (GCTA)
* version 1.93.2 beta Linux
* (C) 2010-present, Jian Yang, The University of Queensland
* Please report bugs to Jian Yang <jian.yang.qt@gmail.com>
*******************************************************************
Analysis started at 22:21:14 -03 on Mon Jun 07 2021.
Hostname: darwin

Accepted options:
--reml
--reml-alg 0
--reml-maxit 1000
--grm /scratch/genevol/users/lucas/V1/grmFull
--pheno /raid/genevol/users/lucas/heritability/02.GCTA/data/geneHLA-DPA1.txt
--covar /raid/genevol/users/lucas/heritability/02.GCTA/data/envir1.txt
--out /raid/genevol/users/lucas/heritability/03.Heritability/Results/V1/HLA-DPA1/HLA-DPA1Full1

Note: This is a multi-thread program. You could specify the number of threads by the --thread-num option to speed up the computation if there are multiple processors in your machine.

Reading IDs of the GRM from [/scratch/genevol/users/lucas/V1/grmFull.grm.id].
2504 IDs read from [/scratch/genevol/users/lucas/V1/grmFull.grm.id].
Reading the GRM from [/scratch/genevol/users/lucas/V1/grmFull.grm.bin].
GRM for 2504 individuals are included from [/scratch/genevol/users/lucas/V1/grmFull.grm.bin].
Reading phenotypes from [/raid/genevol/users/lucas/heritability/02.GCTA/data/geneHLA-DPA1.txt].
Non-missing phenotypes of 445 individuals are included from [/raid/genevol/users/lucas/heritability/02.GCTA/data/geneHLA-DPA1.txt].
Reading discrete covariate(s) from [/raid/genevol/users/lucas/heritability/02.GCTA/data/envir1.txt].
2 discrete covariate(s) of 445 individuals are included from [/raid/genevol/users/lucas/heritability/02.GCTA/data/envir1.txt].

2 discrete variable(s) included as covariate(s).
445 individuals are in common in these files.

Performing  REML analysis ... (Note: may take hours depending on sample size).
445 observations, 8 fixed effect(s), and 2 variance component(s)(including residual variance).
Calculating prior values of variance components by EM-REML ...
Updated prior values: 12601.3   13811
logL: -2488.04
Running AI-REML algorithm ...
Iter.	logL	V(G)	V(e)	
1	-2477.02	17088.43385	3720.29264	
2	-2473.68	16823.64794	0.03159	(1 component(s) constrained)
3	-2471.60	14732.91772	0.03159	(1 component(s) constrained)
4	-2473.75	13708.10931	0.03159	(1 component(s) constrained)
5	-2476.73	11854.04633	0.03159	(1 component(s) constrained)
6	-2487.10	12070.89792	0.03159	(1 component(s) constrained)
7	-2485.46	12074.93724	0.03159	(1 component(s) constrained)
8	-2485.44	12074.93767	0.03159	(1 component(s) constrained)
9	-2485.44	12074.93859	0.03159	(1 component(s) constrained)
Log-likelihood ratio converged.

Calculating the logLikelihood for the reduced model ...
(variance component 1 is dropped from the model)
Calculating prior values of variance components by EM-REML ...
Updated prior values: 28836.43104
logL: -2479.51690
Running AI-REML algorithm ...
Iter.	logL	V(e)	
1	-2478.60	28820.48978	
2	-2478.60	28786.03097	
3	-2478.60	28786.07212	
4	-2478.60	28786.07213	
Log-likelihood ratio converged.

Summary result of REML analysis:
Source	Variance	SE
V(G)	12074.938588	7067.179591
V(e)	0.031587	11567.795395
Vp	12074.970175	4586.718057
V(G)/Vp	0.999997	0.957997

Sampling variance/covariance of the estimates of variance components:
4.994503e+07	-8.136047e+07	
-8.136047e+07	1.338139e+08	

Summary result of REML analysis has been saved in the file [/raid/genevol/users/lucas/heritability/03.Heritability/Results/V1/HLA-DPA1/HLA-DPA1Full1.hsq].

Analysis finished at 22:21:15 -03 on Mon Jun 07 2021
Overall computational time: 1.44 sec.
