*******************************************************************
* Genome-wide Complex Trait Analysis (GCTA)
* version 1.93.2 beta Linux
* (C) 2010-present, Jian Yang, The University of Queensland
* Please report bugs to Jian Yang <jian.yang.qt@gmail.com>
*******************************************************************
Analysis started at 22:21:17 -03 on Mon Jun 07 2021.
Hostname: darwin

Accepted options:
--reml
--reml-alg 0
--reml-maxit 1000
--grm /scratch/genevol/users/lucas/V1/grmGeuvadis
--pheno /raid/genevol/users/lucas/heritability/02.GCTA/data/geneHLA-DPA1.txt
--covar /raid/genevol/users/lucas/heritability/02.GCTA/data/envir1.txt
--out /raid/genevol/users/lucas/heritability/03.Heritability/Results/V1/HLA-DPA1/HLA-DPA1Geuvadis1

Note: This is a multi-thread program. You could specify the number of threads by the --thread-num option to speed up the computation if there are multiple processors in your machine.

Reading IDs of the GRM from [/scratch/genevol/users/lucas/V1/grmGeuvadis.grm.id].
445 IDs read from [/scratch/genevol/users/lucas/V1/grmGeuvadis.grm.id].
Reading the GRM from [/scratch/genevol/users/lucas/V1/grmGeuvadis.grm.bin].
GRM for 445 individuals are included from [/scratch/genevol/users/lucas/V1/grmGeuvadis.grm.bin].
Reading phenotypes from [/raid/genevol/users/lucas/heritability/02.GCTA/data/geneHLA-DPA1.txt].
Non-missing phenotypes of 445 individuals are included from [/raid/genevol/users/lucas/heritability/02.GCTA/data/geneHLA-DPA1.txt].
Reading discrete covariate(s) from [/raid/genevol/users/lucas/heritability/02.GCTA/data/envir1.txt].
2 discrete covariate(s) of 445 individuals are included from [/raid/genevol/users/lucas/heritability/02.GCTA/data/envir1.txt].

2 discrete variable(s) included as covariate(s).
445 individuals are in common in these files.

Performing  REML analysis ... (Note: may take hours depending on sample size).
445 observations, 8 fixed effect(s), and 2 variance component(s)(including residual variance).
Calculating prior values of variance components by EM-REML ...
Updated prior values: 15081.2 15612.5
logL: -2481.48
Running AI-REML algorithm ...
Iter.	logL	V(G)	V(e)	
1	-2481.07	2506.77755	26031.60362	
2	-2475.72	2544.17132	25860.18416	
3	-2475.72	2534.76511	25869.64462	
4	-2475.72	2520.19888	25884.43857	
5	-2475.72	2529.01688	25875.76978	
6	-2475.72	2523.71765	25880.98211	
7	-2475.72	2526.91108	25877.84206	
8	-2475.72	2524.98983	25879.73156	
9	-2475.72	2526.14686	25878.59378	
Log-likelihood ratio converged.

Calculating the logLikelihood for the reduced model ...
(variance component 1 is dropped from the model)
Calculating prior values of variance components by EM-REML ...
Updated prior values: 28836.43104
logL: -2479.51690
Running AI-REML algorithm ...
Iter.	logL	V(e)	
1	-2478.60	28820.48978	
2	-2478.60	28786.03097	
3	-2478.60	28786.07212	
4	-2478.60	28786.07213	
Log-likelihood ratio converged.

Summary result of REML analysis:
Source	Variance	SE
V(G)	2526.146864	2301.857001
V(e)	25878.593780	2856.837954
Vp	28404.740644	1921.984167
V(G)/Vp	0.088934	0.080695

Sampling variance/covariance of the estimates of variance components:
5.298546e+06	-4.883023e+06	
-4.883023e+06	8.161523e+06	

Summary result of REML analysis has been saved in the file [/raid/genevol/users/lucas/heritability/03.Heritability/Results/V1/HLA-DPA1/HLA-DPA1Geuvadis1.hsq].

Analysis finished at 22:21:18 -03 on Mon Jun 07 2021
Overall computational time: 1.18 sec.
