*******************************************************************
* Genome-wide Complex Trait Analysis (GCTA)
* version 1.93.2 beta Linux
* (C) 2010-present, Jian Yang, The University of Queensland
* Please report bugs to Jian Yang <jian.yang.qt@gmail.com>
*******************************************************************
Analysis started at 23:27:27 -03 on Wed Jun 09 2021.
Hostname: darwin

Accepted options:
--reml
--reml-alg 0
--reml-maxit 1000
--grm /scratch/genevol/users/lucas/V3/grmNAfr
--pheno /raid/genevol/users/lucas/heritability/02.GCTA/data/geneNAfrHLA-DQA1.txt
--covar /raid/genevol/users/lucas/heritability/02.GCTA/data/envir1.txt
--reml-est-fix
--out /raid/genevol/users/lucas/heritability/03.Heritability/Results/V3/HLA-DQA1/NAfrHLA-DQA11

Note: This is a multi-thread program. You could specify the number of threads by the --thread-num option to speed up the computation if there are multiple processors in your machine.

Reading IDs of the GRM from [/scratch/genevol/users/lucas/V3/grmNAfr.grm.id].
358 IDs read from [/scratch/genevol/users/lucas/V3/grmNAfr.grm.id].
Reading the GRM from [/scratch/genevol/users/lucas/V3/grmNAfr.grm.bin].
GRM for 358 individuals are included from [/scratch/genevol/users/lucas/V3/grmNAfr.grm.bin].
Reading phenotypes from [/raid/genevol/users/lucas/heritability/02.GCTA/data/geneNAfrHLA-DQA1.txt].
Non-missing phenotypes of 358 individuals are included from [/raid/genevol/users/lucas/heritability/02.GCTA/data/geneNAfrHLA-DQA1.txt].
Reading discrete covariate(s) from [/raid/genevol/users/lucas/heritability/02.GCTA/data/envir1.txt].
2 discrete covariate(s) of 445 individuals are included from [/raid/genevol/users/lucas/heritability/02.GCTA/data/envir1.txt].

2 discrete variable(s) included as covariate(s).
358 individuals are in common in these files.

Performing  REML analysis ... (Note: may take hours depending on sample size).
358 observations, 8 fixed effect(s), and 2 variance component(s)(including residual variance).
Calculating prior values of variance components by EM-REML ...
Updated prior values: 24386.4 24333.6
logL: -2077.6
Running AI-REML algorithm ...
Iter.	logL	V(G)	V(e)	
1	-2077.57	38767.55938	9782.83677	
2	-2077.35	48315.60308	0.04923	(1 component(s) constrained)
3	-2077.77	48414.29793	0.04923	(1 component(s) constrained)
4	-2077.75	48401.21681	0.04923	(1 component(s) constrained)
5	-2075.95	48407.14695	0.04923	(1 component(s) constrained)
6	-2076.21	48403.58079	0.04923	(1 component(s) constrained)
7	-2077.72	48397.83602	0.04923	(1 component(s) constrained)
8	-2076.98	48391.42852	0.04923	(1 component(s) constrained)
9	-2078.88	48388.74390	0.04923	(1 component(s) constrained)
10	-2077.94	48399.72502	0.04923	(1 component(s) constrained)
11	-2076.50	48395.10337	0.04923	(1 component(s) constrained)
12	-2076.49	48393.25637	0.04923	(1 component(s) constrained)
13	-2077.32	48388.72295	0.04923	(1 component(s) constrained)
14	-2077.73	48404.70084	0.04923	(1 component(s) constrained)
15	-2077.51	48395.93861	0.04923	(1 component(s) constrained)
16	-2077.05	48399.89336	0.04923	(1 component(s) constrained)
17	-2076.85	48389.03210	0.04923	(1 component(s) constrained)
18	-2075.89	48393.87701	0.04923	(1 component(s) constrained)
19	-2077.01	48405.83501	0.04923	(1 component(s) constrained)
20	-2076.43	48395.18109	0.04923	(1 component(s) constrained)
21	-2076.66	48400.99326	0.04923	(1 component(s) constrained)
22	-2078.43	48390.44162	0.04923	(1 component(s) constrained)
23	-2077.83	48397.16343	0.04923	(1 component(s) constrained)
24	-2076.98	48407.42156	0.04923	(1 component(s) constrained)
25	-2076.62	48402.56519	0.04923	(1 component(s) constrained)
26	-2078.28	48403.30485	0.04923	(1 component(s) constrained)
27	-2076.30	48399.92447	0.04923	(1 component(s) constrained)
28	-2077.08	48397.12834	0.04923	(1 component(s) constrained)
29	-2076.73	48393.03095	0.04923	(1 component(s) constrained)
30	-2076.62	48388.07888	0.04923	(1 component(s) constrained)
31	-2077.33	48401.03132	0.04923	(1 component(s) constrained)
32	-2077.27	48401.72171	0.04923	(1 component(s) constrained)
33	-2077.51	48402.21542	0.04923	(1 component(s) constrained)
34	-2077.08	48390.16620	0.04923	(1 component(s) constrained)
35	-2077.39	48397.69648	0.04923	(1 component(s) constrained)
36	-2077.34	48397.18063	0.04923	(1 component(s) constrained)
37	-2077.54	48401.00038	0.04923	(1 component(s) constrained)
38	-2076.99	48404.68990	0.04923	(1 component(s) constrained)
39	-2077.48	48398.02518	0.04923	(1 component(s) constrained)
40	-2076.84	48403.48536	0.04923	(1 component(s) constrained)
41	-2076.43	48398.17460	0.04923	(1 component(s) constrained)
42	-2077.62	48401.45843	0.04923	(1 component(s) constrained)
43	-2077.91	48400.59246	0.04923	(1 component(s) constrained)
44	-2078.30	48394.58182	0.04923	(1 component(s) constrained)
45	-2076.52	48390.54157	0.04923	(1 component(s) constrained)
46	-2077.37	48393.14445	0.04923	(1 component(s) constrained)
47	-2077.44	48392.34656	0.04923	(1 component(s) constrained)
48	-2078.11	48403.46575	0.04923	(1 component(s) constrained)
49	-2078.29	48398.40806	0.04923	(1 component(s) constrained)
50	-2077.48	48405.65372	0.04923	(1 component(s) constrained)
51	-2076.27	48397.28428	0.04923	(1 component(s) constrained)
52	-2078.19	48398.61381	0.04923	(1 component(s) constrained)
53	-2076.89	48399.55300	0.04923	(1 component(s) constrained)
54	-2076.17	48396.27357	0.04923	(1 component(s) constrained)
55	-2076.80	48397.12912	0.04923	(1 component(s) constrained)
56	-2078.12	48409.25525	0.04923	(1 component(s) constrained)
57	-2076.52	48406.34846	0.04923	(1 component(s) constrained)
58	-2075.68	48406.60248	0.04923	(1 component(s) constrained)
59	-2077.76	48405.35041	0.04923	(1 component(s) constrained)
60	-2076.80	48395.39813	0.04923	(1 component(s) constrained)
61	-2077.04	48391.75894	0.04923	(1 component(s) constrained)
62	-2077.43	48393.99678	0.04923	(1 component(s) constrained)
63	-2077.93	48403.75621	0.04923	(1 component(s) constrained)
64	-2077.51	48387.29233	0.04923	(1 component(s) constrained)
65	-2078.87	48403.47072	0.04923	(1 component(s) constrained)
66	-2076.79	48397.05809	0.04923	(1 component(s) constrained)
67	-2076.62	48397.60489	0.04923	(1 component(s) constrained)
68	-2077.01	48406.45355	0.04923	(1 component(s) constrained)
69	-2077.19	48405.93130	0.04923	(1 component(s) constrained)
70	-2077.99	48394.55159	0.04923	(1 component(s) constrained)
71	-2077.23	48394.88179	0.04923	(1 component(s) constrained)
72	-2078.60	48394.19616	0.04923	(1 component(s) constrained)
73	-2076.86	48386.48207	0.04923	(1 component(s) constrained)
74	-2076.90	48388.18266	0.04923	(1 component(s) constrained)
75	-2076.98	48397.35780	0.04923	(1 component(s) constrained)
76	-2076.60	48408.13795	0.04923	(1 component(s) constrained)
77	-2076.69	48404.27770	0.04923	(1 component(s) constrained)
78	-2077.91	48395.43476	0.04923	(1 component(s) constrained)
79	-2077.30	48399.37445	0.04923	(1 component(s) constrained)
80	-2077.45	48395.72078	0.04923	(1 component(s) constrained)
81	-2078.02	48398.27269	0.04923	(1 component(s) constrained)
82	-2077.75	48404.11085	0.04923	(1 component(s) constrained)
83	-2077.48	48398.31005	0.04923	(1 component(s) constrained)
84	-2077.69	48392.08270	0.04923	(1 component(s) constrained)
85	-2076.50	48395.29842	0.04923	(1 component(s) constrained)
86	-2076.74	48396.03399	0.04923	(1 component(s) constrained)
87	-2078.00	48394.51318	0.04923	(1 component(s) constrained)
88	-2076.65	48398.85325	0.04923	(1 component(s) constrained)
89	-2076.97	48399.18014	0.04923	(1 component(s) constrained)
90	-2077.90	48391.01743	0.04923	(1 component(s) constrained)
91	-2076.95	48399.90858	0.04923	(1 component(s) constrained)
92	-2076.33	48388.96693	0.04923	(1 component(s) constrained)
93	-2077.64	48398.19358	0.04923	(1 component(s) constrained)
94	-2077.11	48403.26317	0.04923	(1 component(s) constrained)
95	-2077.23	48395.14110	0.04923	(1 component(s) constrained)
96	-2075.69	48397.95657	0.04923	(1 component(s) constrained)
97	-2076.82	48395.95249	0.04923	(1 component(s) constrained)
98	-2076.38	48398.08134	0.04923	(1 component(s) constrained)
99	-2076.77	48392.95265	0.04923	(1 component(s) constrained)
100	-2076.96	48391.37875	0.04923	(1 component(s) constrained)
101	-2077.28	48401.24750	0.04923	(1 component(s) constrained)
102	-2078.05	48399.90741	0.04923	(1 component(s) constrained)
103	-2078.24	48396.87119	0.04923	(1 component(s) constrained)
104	-2077.93	48402.15974	0.04923	(1 component(s) constrained)
105	-2077.14	48396.20310	0.04923	(1 component(s) constrained)
106	-2076.54	48396.46928	0.04923	(1 component(s) constrained)
107	-2078.46	48392.02597	0.04923	(1 component(s) constrained)
108	-2077.09	48400.56376	0.04923	(1 component(s) constrained)
109	-2076.41	48397.85470	0.04923	(1 component(s) constrained)
110	-2077.55	48394.15243	0.04923	(1 component(s) constrained)
111	-2076.06	48401.38440	0.04923	(1 component(s) constrained)
112	-2077.56	48402.93343	0.04923	(1 component(s) constrained)
113	-2077.11	48407.16821	0.04923	(1 component(s) constrained)
114	-2077.13	48396.42240	0.04923	(1 component(s) constrained)
115	-2076.90	48397.56674	0.04923	(1 component(s) constrained)
116	-2077.67	48393.68736	0.04923	(1 component(s) constrained)
117	-2077.45	48404.35501	0.04923	(1 component(s) constrained)
118	-2077.44	48393.05865	0.04923	(1 component(s) constrained)
119	-2077.44	48398.18640	0.04923	(1 component(s) constrained)
120	-2076.09	48383.22519	0.04923	(1 component(s) constrained)
121	-2075.79	48384.84396	0.04923	(1 component(s) constrained)
122	-2077.53	48403.54668	0.04923	(1 component(s) constrained)
123	-2077.18	48394.00702	0.04923	(1 component(s) constrained)
124	-2077.29	48394.53996	0.04923	(1 component(s) constrained)
125	-2077.57	48403.23121	0.04923	(1 component(s) constrained)
126	-2077.47	48409.17333	0.04923	(1 component(s) constrained)
127	-2075.82	48386.95172	0.04923	(1 component(s) constrained)
128	-2079.26	48390.59145	0.04923	(1 component(s) constrained)
129	-2077.59	48400.20189	0.04923	(1 component(s) constrained)
130	-2076.71	48400.78905	0.04923	(1 component(s) constrained)
131	-2077.28	48389.00603	0.04923	(1 component(s) constrained)
132	-2077.81	48401.82052	0.04923	(1 component(s) constrained)
133	-2078.15	48395.85475	0.04923	(1 component(s) constrained)
134	-2076.92	48394.12577	0.04923	(1 component(s) constrained)
135	-2078.26	48399.68248	0.04923	(1 component(s) constrained)
136	-2076.46	48413.69864	0.04923	(1 component(s) constrained)
137	-2076.96	48408.88596	0.04923	(1 component(s) constrained)
138	-2077.47	48401.77331	0.04923	(1 component(s) constrained)
139	-2077.66	48406.21857	0.04923	(1 component(s) constrained)
140	-2078.75	48396.01657	0.04923	(1 component(s) constrained)
141	-2077.89	48392.73978	0.04923	(1 component(s) constrained)
142	-2076.54	48397.71951	0.04923	(1 component(s) constrained)
143	-2076.98	48401.53405	0.04923	(1 component(s) constrained)
144	-2077.19	48405.81047	0.04923	(1 component(s) constrained)
145	-2076.72	48400.96189	0.04923	(1 component(s) constrained)
146	-2077.27	48392.69445	0.04923	(1 component(s) constrained)
147	-2077.69	48392.37657	0.04923	(1 component(s) constrained)
148	-2077.42	48402.86990	0.04923	(1 component(s) constrained)
149	-2077.73	48396.94095	0.04923	(1 component(s) constrained)
150	-2076.13	48409.21863	0.04923	(1 component(s) constrained)
151	-2076.54	48404.41769	0.04923	(1 component(s) constrained)
152	-2076.76	48406.10332	0.04923	(1 component(s) constrained)
153	-2076.57	48414.17542	0.04923	(1 component(s) constrained)
154	-2077.75	48392.24392	0.04923	(1 component(s) constrained)
155	-2076.69	48388.09405	0.04923	(1 component(s) constrained)
156	-2076.40	48392.58161	0.04923	(1 component(s) constrained)
157	-2076.78	48395.12134	0.04923	(1 component(s) constrained)
158	-2077.41	48399.28928	0.04923	(1 component(s) constrained)
159	-2076.44	48395.92213	0.04923	(1 component(s) constrained)
160	-2077.62	48390.37949	0.04923	(1 component(s) constrained)
161	-2077.22	48396.40836	0.04923	(1 component(s) constrained)
162	-2077.75	48394.37015	0.04923	(1 component(s) constrained)
163	-2077.07	48391.92363	0.04923	(1 component(s) constrained)
164	-2077.53	48403.47836	0.04923	(1 component(s) constrained)
165	-2076.01	48398.24827	0.04923	(1 component(s) constrained)
166	-2076.99	48398.38091	0.04923	(1 component(s) constrained)
167	-2077.26	48389.17967	0.04923	(1 component(s) constrained)
168	-2078.21	48393.54321	0.04923	(1 component(s) constrained)
169	-2076.29	48389.33498	0.04923	(1 component(s) constrained)
170	-2076.38	48391.86368	0.04923	(1 component(s) constrained)
171	-2077.76	48396.44494	0.04923	(1 component(s) constrained)
172	-2077.44	48397.59212	0.04923	(1 component(s) constrained)
173	-2076.90	48390.53108	0.04923	(1 component(s) constrained)
174	-2077.96	48393.20219	0.04923	(1 component(s) constrained)
175	-2077.17	48394.54695	0.04923	(1 component(s) constrained)
176	-2076.32	48390.01514	0.04923	(1 component(s) constrained)
177	-2078.30	48400.27485	0.04923	(1 component(s) constrained)
178	-2077.30	48405.54717	0.04923	(1 component(s) constrained)
179	-2077.66	48396.65300	0.04923	(1 component(s) constrained)
180	-2076.66	48401.85832	0.04923	(1 component(s) constrained)
181	-2077.17	48400.20118	0.04923	(1 component(s) constrained)
182	-2077.01	48413.78574	0.04923	(1 component(s) constrained)
183	-2077.20	48404.20699	0.04923	(1 component(s) constrained)
184	-2077.00	48395.85327	0.04923	(1 component(s) constrained)
185	-2076.32	48394.52615	0.04923	(1 component(s) constrained)
186	-2077.35	48405.35212	0.04923	(1 component(s) constrained)
187	-2077.87	48403.91719	0.04923	(1 component(s) constrained)
188	-2077.83	48402.61057	0.04923	(1 component(s) constrained)
189	-2078.55	48399.13044	0.04923	(1 component(s) constrained)
190	-2078.35	48389.55515	0.04923	(1 component(s) constrained)
191	-2076.47	48397.59435	0.04923	(1 component(s) constrained)
192	-2078.12	48396.50850	0.04923	(1 component(s) constrained)
193	-2077.89	48393.43163	0.04923	(1 component(s) constrained)
194	-2077.44	48403.81744	0.04923	(1 component(s) constrained)
195	-2077.25	48404.10731	0.04923	(1 component(s) constrained)
196	-2076.89	48401.22322	0.04923	(1 component(s) constrained)
197	-2076.21	48401.08561	0.04923	(1 component(s) constrained)
198	-2078.46	48401.15041	0.04923	(1 component(s) constrained)
199	-2077.31	48402.05200	0.04923	(1 component(s) constrained)
200	-2076.04	48399.17771	0.04923	(1 component(s) constrained)
201	-2077.27	48396.41391	0.04923	(1 component(s) constrained)
202	-2077.23	48395.17791	0.04923	(1 component(s) constrained)
203	-2076.63	48391.82990	0.04923	(1 component(s) constrained)
204	-2077.05	48404.69481	0.04923	(1 component(s) constrained)
205	-2076.61	48399.19257	0.04923	(1 component(s) constrained)
206	-2077.50	48396.33493	0.04923	(1 component(s) constrained)
207	-2075.34	48389.52466	0.04923	(1 component(s) constrained)
208	-2078.27	48389.31505	0.04923	(1 component(s) constrained)
209	-2076.88	48401.18472	0.04923	(1 component(s) constrained)
210	-2076.26	48398.70507	0.04923	(1 component(s) constrained)
211	-2077.34	48395.54958	0.04923	(1 component(s) constrained)
212	-2077.99	48399.02114	0.04923	(1 component(s) constrained)
213	-2078.15	48401.73921	0.04923	(1 component(s) constrained)
214	-2076.07	48399.40548	0.04923	(1 component(s) constrained)
215	-2076.81	48398.25539	0.04923	(1 component(s) constrained)
216	-2076.70	48403.35618	0.04923	(1 component(s) constrained)
217	-2077.67	48403.26848	0.04923	(1 component(s) constrained)
218	-2076.11	48387.04241	0.04923	(1 component(s) constrained)
219	-2075.65	48388.43953	0.04923	(1 component(s) constrained)
220	-2076.86	48398.46958	0.04923	(1 component(s) constrained)
221	-2077.55	48393.76210	0.04923	(1 component(s) constrained)
222	-2076.28	48389.98610	0.04923	(1 component(s) constrained)
223	-2076.37	48391.42128	0.04923	(1 component(s) constrained)
224	-2076.10	48397.26211	0.04923	(1 component(s) constrained)
225	-2077.49	48398.61290	0.04923	(1 component(s) constrained)
226	-2076.94	48395.91133	0.04923	(1 component(s) constrained)
227	-2077.43	48394.38359	0.04923	(1 component(s) constrained)
228	-2076.84	48391.20701	0.04923	(1 component(s) constrained)
229	-2077.31	48394.34277	0.04923	(1 component(s) constrained)
230	-2077.64	48410.49791	0.04923	(1 component(s) constrained)
231	-2077.17	48396.13967	0.04923	(1 component(s) constrained)
232	-2076.92	48396.57811	0.04923	(1 component(s) constrained)
233	-2078.35	48405.33370	0.04923	(1 component(s) constrained)
234	-2077.27	48399.46717	0.04923	(1 component(s) constrained)
235	-2077.51	48397.29909	0.04923	(1 component(s) constrained)
236	-2077.32	48405.21926	0.04923	(1 component(s) constrained)
237	-2077.14	48404.77505	0.04923	(1 component(s) constrained)
238	-2076.82	48385.56245	0.04923	(1 component(s) constrained)
239	-2076.84	48399.85788	0.04923	(1 component(s) constrained)
240	-2077.76	48394.09063	0.04923	(1 component(s) constrained)
241	-2076.81	48389.75868	0.04923	(1 component(s) constrained)
242	-2078.00	48392.64521	0.04923	(1 component(s) constrained)
243	-2077.71	48394.14694	0.04923	(1 component(s) constrained)
244	-2077.11	48396.64288	0.04923	(1 component(s) constrained)
245	-2076.88	48396.27799	0.04923	(1 component(s) constrained)
246	-2077.24	48409.70217	0.04923	(1 component(s) constrained)
247	-2077.97	48394.14947	0.04923	(1 component(s) constrained)
248	-2076.92	48395.06529	0.04923	(1 component(s) constrained)
249	-2077.31	48397.03599	0.04923	(1 component(s) constrained)
250	-2077.08	48395.48015	0.04923	(1 component(s) constrained)
251	-2076.34	48396.67945	0.04923	(1 component(s) constrained)
252	-2076.45	48393.11554	0.04923	(1 component(s) constrained)
253	-2077.05	48390.84885	0.04923	(1 component(s) constrained)
254	-2076.96	48386.48548	0.04923	(1 component(s) constrained)
255	-2076.23	48398.63238	0.04923	(1 component(s) constrained)
256	-2077.41	48388.18324	0.04923	(1 component(s) constrained)
257	-2077.87	48388.16920	0.04923	(1 component(s) constrained)
258	-2078.24	48401.24267	0.04923	(1 component(s) constrained)
259	-2077.73	48394.33556	0.04923	(1 component(s) constrained)
260	-2076.59	48398.83551	0.04923	(1 component(s) constrained)
261	-2077.89	48399.20096	0.04923	(1 component(s) constrained)
262	-2076.83	48396.49840	0.04923	(1 component(s) constrained)
263	-2078.18	48397.04322	0.04923	(1 component(s) constrained)
264	-2077.30	48389.24523	0.04923	(1 component(s) constrained)
265	-2077.08	48401.21039	0.04923	(1 component(s) constrained)
266	-2076.81	48398.53587	0.04923	(1 component(s) constrained)
267	-2076.11	48399.00618	0.04923	(1 component(s) constrained)
268	-2077.89	48400.01686	0.04923	(1 component(s) constrained)
269	-2077.87	48408.17851	0.04923	(1 component(s) constrained)
270	-2077.17	48398.09679	0.04923	(1 component(s) constrained)
271	-2077.38	48395.98713	0.04923	(1 component(s) constrained)
272	-2077.39	48400.17352	0.04923	(1 component(s) constrained)
273	-2077.60	48402.11087	0.04923	(1 component(s) constrained)
274	-2076.99	48384.57039	0.04923	(1 component(s) constrained)
275	-2075.90	48397.08017	0.04923	(1 component(s) constrained)
276	-2076.87	48393.03011	0.04923	(1 component(s) constrained)
277	-2076.47	48398.64296	0.04923	(1 component(s) constrained)
278	-2077.92	48399.32222	0.04923	(1 component(s) constrained)
279	-2077.49	48390.48747	0.04923	(1 component(s) constrained)
280	-2077.41	48402.58446	0.04923	(1 component(s) constrained)
281	-2076.92	48391.88589	0.04923	(1 component(s) constrained)
282	-2076.59	48412.57127	0.04923	(1 component(s) constrained)
283	-2077.12	48397.40851	0.04923	(1 component(s) constrained)
284	-2076.00	48391.98007	0.04923	(1 component(s) constrained)
285	-2077.40	48394.11516	0.04923	(1 component(s) constrained)
286	-2077.84	48403.99988	0.04923	(1 component(s) constrained)
287	-2076.59	48397.92352	0.04923	(1 component(s) constrained)
288	-2077.07	48397.57352	0.04923	(1 component(s) constrained)
289	-2077.96	48389.83680	0.04923	(1 component(s) constrained)
290	-2076.84	48396.13763	0.04923	(1 component(s) constrained)
291	-2077.91	48396.76490	0.04923	(1 component(s) constrained)
292	-2078.43	48404.00563	0.04923	(1 component(s) constrained)
293	-2077.49	48403.81123	0.04923	(1 component(s) constrained)
294	-2076.38	48394.09149	0.04923	(1 component(s) constrained)
295	-2075.77	48395.40636	0.04923	(1 component(s) constrained)
296	-2076.99	48406.83956	0.04923	(1 component(s) constrained)
297	-2076.38	48398.72771	0.04923	(1 component(s) constrained)
298	-2077.29	48398.68985	0.04923	(1 component(s) constrained)
299	-2076.23	48401.40180	0.04923	(1 component(s) constrained)
300	-2077.19	48397.77206	0.04923	(1 component(s) constrained)
301	-2077.98	48390.91856	0.04923	(1 component(s) constrained)
302	-2077.50	48391.46946	0.04923	(1 component(s) constrained)
303	-2076.64	48385.64863	0.04923	(1 component(s) constrained)
304	-2077.13	48391.51758	0.04923	(1 component(s) constrained)
305	-2077.78	48405.38235	0.04923	(1 component(s) constrained)
306	-2076.99	48394.81785	0.04923	(1 component(s) constrained)
307	-2077.60	48397.38828	0.04923	(1 component(s) constrained)
308	-2077.80	48399.40948	0.04923	(1 component(s) constrained)
309	-2076.42	48390.70013	0.04923	(1 component(s) constrained)
310	-2077.58	48393.45665	0.04923	(1 component(s) constrained)
311	-2077.42	48394.89983	0.04923	(1 component(s) constrained)
312	-2078.08	48390.74785	0.04923	(1 component(s) constrained)
313	-2076.93	48405.12525	0.04923	(1 component(s) constrained)
314	-2077.43	48402.39166	0.04923	(1 component(s) constrained)
315	-2077.10	48402.48249	0.04923	(1 component(s) constrained)
316	-2077.08	48400.66156	0.04923	(1 component(s) constrained)
317	-2077.66	48404.86101	0.04923	(1 component(s) constrained)
318	-2076.95	48388.87464	0.04923	(1 component(s) constrained)
319	-2077.20	48408.84970	0.04923	(1 component(s) constrained)
320	-2076.59	48395.65092	0.04923	(1 component(s) constrained)
321	-2076.79	48393.21504	0.04923	(1 component(s) constrained)
322	-2077.16	48409.52769	0.04923	(1 component(s) constrained)
323	-2077.62	48407.62797	0.04923	(1 component(s) constrained)
324	-2076.36	48398.03554	0.04923	(1 component(s) constrained)
325	-2078.17	48399.36035	0.04923	(1 component(s) constrained)
326	-2075.60	48391.37425	0.04923	(1 component(s) constrained)
327	-2076.67	48393.95773	0.04923	(1 component(s) constrained)
328	-2077.25	48402.76479	0.04923	(1 component(s) constrained)
329	-2078.03	48396.69720	0.04923	(1 component(s) constrained)
330	-2077.91	48386.96594	0.04923	(1 component(s) constrained)
331	-2077.32	48397.70237	0.04923	(1 component(s) constrained)
332	-2077.05	48388.28281	0.04923	(1 component(s) constrained)
333	-2076.82	48401.76910	0.04923	(1 component(s) constrained)
334	-2077.10	48387.90000	0.04923	(1 component(s) constrained)
335	-2076.96	48391.77129	0.04923	(1 component(s) constrained)
336	-2076.86	48397.66435	0.04923	(1 component(s) constrained)
337	-2077.02	48388.97600	0.04923	(1 component(s) constrained)
338	-2077.53	48392.62173	0.04923	(1 component(s) constrained)
339	-2076.65	48389.51427	0.04923	(1 component(s) constrained)
340	-2076.88	48396.82115	0.04923	(1 component(s) constrained)
341	-2077.37	48385.73088	0.04923	(1 component(s) constrained)
342	-2077.54	48393.61005	0.04923	(1 component(s) constrained)
343	-2078.56	48389.26534	0.04923	(1 component(s) constrained)
344	-2076.53	48396.19231	0.04923	(1 component(s) constrained)
345	-2076.84	48397.97463	0.04923	(1 component(s) constrained)
346	-2078.02	48398.98820	0.04923	(1 component(s) constrained)
347	-2077.73	48392.21737	0.04923	(1 component(s) constrained)
348	-2077.47	48401.52655	0.04923	(1 component(s) constrained)
349	-2077.75	48388.38972	0.04923	(1 component(s) constrained)
350	-2075.28	48395.92801	0.04923	(1 component(s) constrained)
351	-2076.55	48395.27931	0.04923	(1 component(s) constrained)
352	-2076.83	48402.62897	0.04923	(1 component(s) constrained)
353	-2078.86	48398.51394	0.04923	(1 component(s) constrained)
354	-2077.69	48402.29262	0.04923	(1 component(s) constrained)
355	-2076.75	48399.41435	0.04923	(1 component(s) constrained)
356	-2077.38	48400.14386	0.04923	(1 component(s) constrained)
357	-2075.70	48403.57062	0.04923	(1 component(s) constrained)
358	-2076.73	48404.61119	0.04923	(1 component(s) constrained)
359	-2076.41	48400.08289	0.04923	(1 component(s) constrained)
360	-2078.20	48404.71644	0.04923	(1 component(s) constrained)
361	-2077.70	48402.65827	0.04923	(1 component(s) constrained)
362	-2078.19	48391.87288	0.04923	(1 component(s) constrained)
363	-2076.29	48403.98367	0.04923	(1 component(s) constrained)
364	-2077.46	48401.94677	0.04923	(1 component(s) constrained)
365	-2078.06	48393.67461	0.04923	(1 component(s) constrained)
366	-2077.47	48397.52346	0.04923	(1 component(s) constrained)
367	-2076.20	48406.66660	0.04923	(1 component(s) constrained)
368	-2077.69	48405.32780	0.04923	(1 component(s) constrained)
369	-2077.05	48387.43605	0.04923	(1 component(s) constrained)
370	-2077.33	48409.01100	0.04923	(1 component(s) constrained)
371	-2077.88	48402.46801	0.04923	(1 component(s) constrained)
372	-2077.64	48387.51314	0.04923	(1 component(s) constrained)
373	-2077.19	48390.35432	0.04923	(1 component(s) constrained)
374	-2076.77	48397.99400	0.04923	(1 component(s) constrained)
375	-2076.68	48400.61817	0.04923	(1 component(s) constrained)
376	-2077.60	48403.87163	0.04923	(1 component(s) constrained)
377	-2076.85	48395.17898	0.04923	(1 component(s) constrained)
378	-2077.39	48399.94229	0.04923	(1 component(s) constrained)
379	-2076.76	48394.28703	0.04923	(1 component(s) constrained)
380	-2077.84	48399.94536	0.04923	(1 component(s) constrained)
381	-2077.01	48404.17931	0.04923	(1 component(s) constrained)
382	-2077.43	48388.01476	0.04923	(1 component(s) constrained)
383	-2078.46	48387.06424	0.04923	(1 component(s) constrained)
384	-2078.34	48402.70523	0.04923	(1 component(s) constrained)
385	-2077.73	48386.24725	0.04923	(1 component(s) constrained)
386	-2077.25	48404.18024	0.04923	(1 component(s) constrained)
387	-2077.14	48394.14490	0.04923	(1 component(s) constrained)
388	-2076.59	48392.49198	0.04923	(1 component(s) constrained)
389	-2076.10	48396.73344	0.04923	(1 component(s) constrained)
390	-2078.64	48408.38107	0.04923	(1 component(s) constrained)
391	-2076.80	48402.73576	0.04923	(1 component(s) constrained)
392	-2077.69	48400.13072	0.04923	(1 component(s) constrained)
393	-2076.35	48401.35606	0.04923	(1 component(s) constrained)
394	-2076.44	48396.31776	0.04923	(1 component(s) constrained)
395	-2076.62	48399.76944	0.04923	(1 component(s) constrained)
396	-2076.75	48393.91199	0.04923	(1 component(s) constrained)
397	-2075.37	48400.34995	0.04923	(1 component(s) constrained)
398	-2075.76	48401.25862	0.04923	(1 component(s) constrained)
399	-2078.11	48408.00974	0.04923	(1 component(s) constrained)
400	-2076.59	48407.80879	0.04923	(1 component(s) constrained)
401	-2077.54	48403.69776	0.04923	(1 component(s) constrained)
402	-2077.32	48401.82949	0.04923	(1 component(s) constrained)
403	-2077.95	48392.27150	0.04923	(1 component(s) constrained)
404	-2077.35	48398.91508	0.04923	(1 component(s) constrained)
405	-2078.33	48391.17816	0.04923	(1 component(s) constrained)
406	-2076.72	48404.75558	0.04923	(1 component(s) constrained)
407	-2076.97	48404.06369	0.04923	(1 component(s) constrained)
408	-2077.89	48394.05091	0.04923	(1 component(s) constrained)
409	-2076.62	48415.11695	0.04923	(1 component(s) constrained)
410	-2075.86	48407.77409	0.04923	(1 component(s) constrained)
411	-2078.00	48406.33411	0.04923	(1 component(s) constrained)
412	-2077.70	48402.35909	0.04923	(1 component(s) constrained)
413	-2077.45	48399.30717	0.04923	(1 component(s) constrained)
414	-2077.08	48386.65844	0.04923	(1 component(s) constrained)
415	-2076.36	48393.02862	0.04923	(1 component(s) constrained)
416	-2077.16	48390.11725	0.04923	(1 component(s) constrained)
417	-2076.87	48401.87970	0.04923	(1 component(s) constrained)
418	-2077.33	48401.35048	0.04923	(1 component(s) constrained)
419	-2077.18	48394.64640	0.04923	(1 component(s) constrained)
420	-2077.28	48398.75075	0.04923	(1 component(s) constrained)
421	-2078.82	48398.65358	0.04923	(1 component(s) constrained)
422	-2076.64	48393.33354	0.04923	(1 component(s) constrained)
423	-2077.58	48393.44396	0.04923	(1 component(s) constrained)
424	-2076.39	48392.96307	0.04923	(1 component(s) constrained)
425	-2077.49	48393.63037	0.04923	(1 component(s) constrained)
426	-2078.67	48396.11338	0.04923	(1 component(s) constrained)
427	-2077.50	48395.50316	0.04923	(1 component(s) constrained)
428	-2077.04	48396.72029	0.04923	(1 component(s) constrained)
429	-2077.73	48399.76629	0.04923	(1 component(s) constrained)
430	-2077.33	48397.60182	0.04923	(1 component(s) constrained)
431	-2077.09	48409.01309	0.04923	(1 component(s) constrained)
432	-2078.59	48405.84246	0.04923	(1 component(s) constrained)
433	-2076.35	48400.88946	0.04923	(1 component(s) constrained)
434	-2077.78	48399.12987	0.04923	(1 component(s) constrained)
435	-2077.13	48402.70170	0.04923	(1 component(s) constrained)
436	-2077.93	48399.65994	0.04923	(1 component(s) constrained)
437	-2079.03	48391.44628	0.04923	(1 component(s) constrained)
438	-2078.51	48404.45065	0.04923	(1 component(s) constrained)
439	-2076.02	48389.93151	0.04923	(1 component(s) constrained)
440	-2075.99	48389.30064	0.04923	(1 component(s) constrained)
441	-2077.31	48396.55676	0.04923	(1 component(s) constrained)
442	-2077.35	48396.97052	0.04923	(1 component(s) constrained)
443	-2076.60	48401.70933	0.04923	(1 component(s) constrained)
444	-2077.22	48398.95788	0.04923	(1 component(s) constrained)
445	-2076.92	48395.56821	0.04923	(1 component(s) constrained)
446	-2077.56	48402.30876	0.04923	(1 component(s) constrained)
447	-2076.95	48392.11940	0.04923	(1 component(s) constrained)
448	-2076.72	48392.97681	0.04923	(1 component(s) constrained)
449	-2076.83	48404.20015	0.04923	(1 component(s) constrained)
450	-2076.60	48395.03400	0.04923	(1 component(s) constrained)
451	-2077.19	48400.14012	0.04923	(1 component(s) constrained)
452	-2077.83	48391.58983	0.04923	(1 component(s) constrained)
453	-2076.92	48385.04840	0.04923	(1 component(s) constrained)
454	-2077.33	48392.21147	0.04923	(1 component(s) constrained)
455	-2077.45	48400.05641	0.04923	(1 component(s) constrained)
456	-2077.86	48396.73695	0.04923	(1 component(s) constrained)
457	-2078.01	48384.19369	0.04923	(1 component(s) constrained)
458	-2077.85	48390.38338	0.04923	(1 component(s) constrained)
459	-2077.29	48395.59453	0.04923	(1 component(s) constrained)
460	-2078.50	48392.63457	0.04923	(1 component(s) constrained)
461	-2077.14	48401.56693	0.04923	(1 component(s) constrained)
462	-2075.46	48398.68537	0.04923	(1 component(s) constrained)
463	-2077.35	48395.47722	0.04923	(1 component(s) constrained)
464	-2077.75	48398.07075	0.04923	(1 component(s) constrained)
465	-2077.28	48397.25291	0.04923	(1 component(s) constrained)
466	-2077.72	48395.94577	0.04923	(1 component(s) constrained)
467	-2076.89	48385.78232	0.04923	(1 component(s) constrained)
468	-2077.32	48399.99320	0.04923	(1 component(s) constrained)
469	-2076.34	48394.27778	0.04923	(1 component(s) constrained)
470	-2077.92	48391.60371	0.04923	(1 component(s) constrained)
471	-2076.35	48398.49098	0.04923	(1 component(s) constrained)
472	-2075.75	48397.10953	0.04923	(1 component(s) constrained)
473	-2076.12	48407.64985	0.04923	(1 component(s) constrained)
474	-2077.42	48397.52365	0.04923	(1 component(s) constrained)
475	-2076.99	48396.41000	0.04923	(1 component(s) constrained)
476	-2078.52	48400.93746	0.04923	(1 component(s) constrained)
477	-2077.29	48397.66996	0.04923	(1 component(s) constrained)
478	-2077.30	48398.74666	0.04923	(1 component(s) constrained)
Log-likelihood ratio converged.

Calculating the logLikelihood for the reduced model ...
(variance component 1 is dropped from the model)
Calculating prior values of variance components by EM-REML ...
Updated prior values: 48269.38466
logL: -2077.99655
Running AI-REML algorithm ...
Iter.	logL	V(e)	
1	-2077.96	48262.45495	
2	-2077.96	48247.46050	
3	-2077.96	48247.46515	
Log-likelihood ratio converged.

Summary result of REML analysis:
Source	Variance	SE
V(G)	48398.746662	54789.904962
V(e)	0.049228	54416.026113
Vp	48398.795890	3672.799420
V(G)/Vp	0.999999	1.124326

Sampling variance/covariance of the estimates of variance components:
3.001934e+09	-2.974774e+09	
-2.974774e+09	2.961104e+09	
Estimatesof fixed effects:

Source	Estimate	SE
mean	722.993816	24.837539
X_2	-18.143118	23.528421
X_3	-104.202605	44.957635
X_4	-55.240236	39.560525
X_5	-28.328646	46.441385
X_6	-68.253213	40.634621
X_7	-117.247286	34.803338
X_8	-29.594762	47.318067

Summary result of REML analysis has been saved in the file [/raid/genevol/users/lucas/heritability/03.Heritability/Results/V3/HLA-DQA1/NAfrHLA-DQA11.hsq].

Analysis finished at 23:27:35 -03 on Wed Jun 09 2021
Overall computational time: 8.00 sec.
