*******************************************************************
* Genome-wide Complex Trait Analysis (GCTA)
* version 1.93.2 beta Linux
* (C) 2010-present, Jian Yang, The University of Queensland
* Please report bugs to Jian Yang <jian.yang.qt@gmail.com>
*******************************************************************
Analysis started at 23:24:00 -03 on Wed Jun 09 2021.
Hostname: darwin

Accepted options:
--reml
--reml-alg 0
--reml-maxit 1000
--grm /scratch/genevol/users/lucas/V2/grmFull
--pheno /raid/genevol/users/lucas/heritability/02.GCTA/data/geneHLA-DQA1.txt
--covar /raid/genevol/users/lucas/heritability/02.GCTA/data/envir2.txt
--reml-est-fix
--out /raid/genevol/users/lucas/heritability/03.Heritability/Results/V2/HLA-DQA1/FullHLA-DQA12

Note: This is a multi-thread program. You could specify the number of threads by the --thread-num option to speed up the computation if there are multiple processors in your machine.

Reading IDs of the GRM from [/scratch/genevol/users/lucas/V2/grmFull.grm.id].
2504 IDs read from [/scratch/genevol/users/lucas/V2/grmFull.grm.id].
Reading the GRM from [/scratch/genevol/users/lucas/V2/grmFull.grm.bin].
GRM for 2504 individuals are included from [/scratch/genevol/users/lucas/V2/grmFull.grm.bin].
Reading phenotypes from [/raid/genevol/users/lucas/heritability/02.GCTA/data/geneHLA-DQA1.txt].
Non-missing phenotypes of 445 individuals are included from [/raid/genevol/users/lucas/heritability/02.GCTA/data/geneHLA-DQA1.txt].
Reading discrete covariate(s) from [/raid/genevol/users/lucas/heritability/02.GCTA/data/envir2.txt].
1 discrete covariate(s) of 445 individuals are included from [/raid/genevol/users/lucas/heritability/02.GCTA/data/envir2.txt].

1 discrete variable(s) included as covariate(s).
445 individuals are in common in these files.

Performing  REML analysis ... (Note: may take hours depending on sample size).
445 observations, 7 fixed effect(s), and 2 variance component(s)(including residual variance).
Calculating prior values of variance components by EM-REML ...
Updated prior values: 22146.3 23292.5
logL: -2602.8
Running AI-REML algorithm ...
Iter.	logL	V(G)	V(e)	
1	-2597.22	22304.91659	20266.64262	
2	-2595.92	22318.18396	18567.00534	
3	-2595.37	22285.36271	17554.45893	
4	-2595.13	22150.43434	15572.31741	
5	-2594.94	22057.57078	15798.76500	
6	-2594.94	22069.91534	15780.96352	
7	-2594.94	22068.78873	15782.60518	
Log-likelihood ratio converged.

Calculating the logLikelihood for the reduced model ...
(variance component 1 is dropped from the model)
Calculating prior values of variance components by EM-REML ...
Updated prior values: 50432.11206
logL: -2604.67747
Running AI-REML algorithm ...
Iter.	logL	V(e)	
1	-2604.61	50425.93654	
2	-2604.61	50412.57331	
3	-2604.61	50412.57685	
Log-likelihood ratio converged.

Summary result of REML analysis:
Source	Variance	SE
V(G)	22068.788731	18397.886810
V(e)	15782.605178	26740.390622
Vp	37851.393910	8763.340753
V(G)/Vp	0.583038	0.613564

Sampling variance/covariance of the estimates of variance components:
3.384822e+08	-4.883673e+08	
-4.883673e+08	7.150485e+08	
Estimatesof fixed effects:

Source	Estimate	SE
mean	762.352882	31.148129
X_2	-98.939413	40.718303
X_3	-65.608712	35.736692
X_4	-52.737589	41.498420
X_5	-65.100303	36.088899
X_6	-125.311943	31.101136
X_7	-55.808945	41.371889

Summary result of REML analysis has been saved in the file [/raid/genevol/users/lucas/heritability/03.Heritability/Results/V2/HLA-DQA1/FullHLA-DQA12.hsq].

Analysis finished at 23:24:01 -03 on Wed Jun 09 2021
Overall computational time: 1.28 sec.
