*******************************************************************
* Genome-wide Complex Trait Analysis (GCTA)
* version 1.93.2 beta Linux
* (C) 2010-present, Jian Yang, The University of Queensland
* Please report bugs to Jian Yang <jian.yang.qt@gmail.com>
*******************************************************************
Analysis started at 23:24:01 -03 on Wed Jun 09 2021.
Hostname: darwin

Accepted options:
--reml
--reml-alg 0
--reml-maxit 1000
--grm /scratch/genevol/users/lucas/V2/grmGeuvadis
--pheno /raid/genevol/users/lucas/heritability/02.GCTA/data/geneHLA-DQA1.txt
--covar /raid/genevol/users/lucas/heritability/02.GCTA/data/envir2.txt
--reml-est-fix
--out /raid/genevol/users/lucas/heritability/03.Heritability/Results/V2/HLA-DQA1/GeuvadisHLA-DQA12

Note: This is a multi-thread program. You could specify the number of threads by the --thread-num option to speed up the computation if there are multiple processors in your machine.

Reading IDs of the GRM from [/scratch/genevol/users/lucas/V2/grmGeuvadis.grm.id].
445 IDs read from [/scratch/genevol/users/lucas/V2/grmGeuvadis.grm.id].
Reading the GRM from [/scratch/genevol/users/lucas/V2/grmGeuvadis.grm.bin].
GRM for 445 individuals are included from [/scratch/genevol/users/lucas/V2/grmGeuvadis.grm.bin].
Reading phenotypes from [/raid/genevol/users/lucas/heritability/02.GCTA/data/geneHLA-DQA1.txt].
Non-missing phenotypes of 445 individuals are included from [/raid/genevol/users/lucas/heritability/02.GCTA/data/geneHLA-DQA1.txt].
Reading discrete covariate(s) from [/raid/genevol/users/lucas/heritability/02.GCTA/data/envir2.txt].
1 discrete covariate(s) of 445 individuals are included from [/raid/genevol/users/lucas/heritability/02.GCTA/data/envir2.txt].

1 discrete variable(s) included as covariate(s).
445 individuals are in common in these files.

Performing  REML analysis ... (Note: may take hours depending on sample size).
445 observations, 7 fixed effect(s), and 2 variance component(s)(including residual variance).
Calculating prior values of variance components by EM-REML ...
Updated prior values: 25197.7 25710.2
logL: -2597.81
Running AI-REML algorithm ...
Iter.	logL	V(G)	V(e)	
1	-2597.69	16594.90345	32992.44813	
2	-2596.39	5828.10402	42351.05492	
3	-2596.36	7054.11514	41239.18855	
4	-2596.13	10261.58805	38375.34502	
5	-2595.94	10022.70665	38678.94532	
6	-2595.94	10114.02468	38592.55115	
7	-2595.94	10082.21234	38622.81747	
8	-2595.94	10093.45078	38612.14171	
9	-2595.94	10089.49917	38615.89747	
10	-2595.94	10090.89094	38614.57493	
Log-likelihood ratio converged.

Calculating the logLikelihood for the reduced model ...
(variance component 1 is dropped from the model)
Calculating prior values of variance components by EM-REML ...
Updated prior values: 50432.11206
logL: -2604.67747
Running AI-REML algorithm ...
Iter.	logL	V(e)	
1	-2604.61	50425.93654	
2	-2604.61	50412.57331	
3	-2604.61	50412.57685	
Log-likelihood ratio converged.

Summary result of REML analysis:
Source	Variance	SE
V(G)	10090.890940	6621.319684
V(e)	38614.574928	6781.062956
Vp	48705.465868	3307.433432
V(G)/Vp	0.207182	0.133832

Sampling variance/covariance of the estimates of variance components:
4.384187e+07	-3.944279e+07	
-3.944279e+07	4.598281e+07	
Estimatesof fixed effects:

Source	Estimate	SE
mean	746.669673	22.391477
X_2	-99.622562	40.776085
X_3	-66.258426	35.800124
X_4	-50.571135	41.560689
X_5	-66.023946	36.237537
X_6	-124.723700	31.179434
X_7	-53.694477	41.684795

Summary result of REML analysis has been saved in the file [/raid/genevol/users/lucas/heritability/03.Heritability/Results/V2/HLA-DQA1/GeuvadisHLA-DQA12.hsq].

Analysis finished at 23:24:02 -03 on Wed Jun 09 2021
Overall computational time: 1.21 sec.
