*******************************************************************
* Genome-wide Complex Trait Analysis (GCTA)
* version 1.93.2 beta Linux
* (C) 2010-present, Jian Yang, The University of Queensland
* Please report bugs to Jian Yang <jian.yang.qt@gmail.com>
*******************************************************************
Analysis started at 23:24:02 -03 on Wed Jun 09 2021.
Hostname: darwin

Accepted options:
--reml
--reml-alg 0
--reml-maxit 1000
--grm /scratch/genevol/users/lucas/V2/grmNAfr
--pheno /raid/genevol/users/lucas/heritability/02.GCTA/data/geneNAfrHLA-DQA1.txt
--covar /raid/genevol/users/lucas/heritability/02.GCTA/data/envir2.txt
--reml-est-fix
--out /raid/genevol/users/lucas/heritability/03.Heritability/Results/V2/HLA-DQA1/NAfrHLA-DQA12

Note: This is a multi-thread program. You could specify the number of threads by the --thread-num option to speed up the computation if there are multiple processors in your machine.

Reading IDs of the GRM from [/scratch/genevol/users/lucas/V2/grmNAfr.grm.id].
358 IDs read from [/scratch/genevol/users/lucas/V2/grmNAfr.grm.id].
Reading the GRM from [/scratch/genevol/users/lucas/V2/grmNAfr.grm.bin].
GRM for 358 individuals are included from [/scratch/genevol/users/lucas/V2/grmNAfr.grm.bin].
Reading phenotypes from [/raid/genevol/users/lucas/heritability/02.GCTA/data/geneNAfrHLA-DQA1.txt].
Non-missing phenotypes of 358 individuals are included from [/raid/genevol/users/lucas/heritability/02.GCTA/data/geneNAfrHLA-DQA1.txt].
Reading discrete covariate(s) from [/raid/genevol/users/lucas/heritability/02.GCTA/data/envir2.txt].
1 discrete covariate(s) of 445 individuals are included from [/raid/genevol/users/lucas/heritability/02.GCTA/data/envir2.txt].

1 discrete variable(s) included as covariate(s).
358 individuals are in common in these files.

Performing  REML analysis ... (Note: may take hours depending on sample size).
358 observations, 7 fixed effect(s), and 2 variance component(s)(including residual variance).
Calculating prior values of variance components by EM-REML ...
Updated prior values: 24368.2 24313.6
logL: -2081.05
Running AI-REML algorithm ...
Iter.	logL	V(G)	V(e)	
1	-2081.02	40646.67743	7837.66260	
2	-2080.76	48203.25746	0.04923	(1 component(s) constrained)
3	-2081.19	48259.78350	0.04923	(1 component(s) constrained)
4	-2080.61	48260.32055	0.04923	(1 component(s) constrained)
5	-2080.99	48265.03849	0.04923	(1 component(s) constrained)
6	-2080.22	48274.31923	0.04923	(1 component(s) constrained)
7	-2080.46	48269.20541	0.04923	(1 component(s) constrained)
8	-2080.08	48267.39473	0.04923	(1 component(s) constrained)
9	-2082.14	48269.51966	0.04923	(1 component(s) constrained)
10	-2080.37	48267.60209	0.04923	(1 component(s) constrained)
11	-2080.40	48270.09291	0.04923	(1 component(s) constrained)
12	-2080.51	48275.56481	0.04923	(1 component(s) constrained)
13	-2080.58	48278.11795	0.04923	(1 component(s) constrained)
14	-2080.57	48262.71633	0.04923	(1 component(s) constrained)
15	-2081.11	48273.50199	0.04923	(1 component(s) constrained)
16	-2081.40	48264.18658	0.04923	(1 component(s) constrained)
17	-2080.26	48274.30933	0.04923	(1 component(s) constrained)
18	-2081.12	48274.60782	0.04923	(1 component(s) constrained)
19	-2081.21	48272.91263	0.04923	(1 component(s) constrained)
20	-2081.03	48276.25987	0.04923	(1 component(s) constrained)
21	-2081.03	48266.94973	0.04923	(1 component(s) constrained)
22	-2081.15	48260.97174	0.04923	(1 component(s) constrained)
23	-2080.33	48261.60181	0.04923	(1 component(s) constrained)
24	-2080.60	48257.20247	0.04923	(1 component(s) constrained)
25	-2081.43	48274.38628	0.04923	(1 component(s) constrained)
26	-2080.63	48270.74464	0.04923	(1 component(s) constrained)
27	-2081.70	48262.02395	0.04923	(1 component(s) constrained)
28	-2080.87	48274.81763	0.04923	(1 component(s) constrained)
29	-2081.14	48272.36948	0.04923	(1 component(s) constrained)
30	-2080.16	48269.41406	0.04923	(1 component(s) constrained)
31	-2080.62	48257.33440	0.04923	(1 component(s) constrained)
32	-2079.82	48277.98531	0.04923	(1 component(s) constrained)
33	-2080.75	48264.46201	0.04923	(1 component(s) constrained)
34	-2081.54	48276.80534	0.04923	(1 component(s) constrained)
35	-2079.43	48269.30808	0.04923	(1 component(s) constrained)
36	-2079.73	48268.83085	0.04923	(1 component(s) constrained)
37	-2080.00	48255.19450	0.04923	(1 component(s) constrained)
38	-2080.75	48266.28403	0.04923	(1 component(s) constrained)
39	-2081.09	48269.18951	0.04923	(1 component(s) constrained)
40	-2081.35	48264.15544	0.04923	(1 component(s) constrained)
41	-2080.99	48268.63181	0.04923	(1 component(s) constrained)
42	-2080.01	48274.16681	0.04923	(1 component(s) constrained)
43	-2081.60	48262.26983	0.04923	(1 component(s) constrained)
44	-2079.97	48269.61306	0.04923	(1 component(s) constrained)
45	-2080.59	48270.20329	0.04923	(1 component(s) constrained)
46	-2081.06	48274.19529	0.04923	(1 component(s) constrained)
47	-2081.48	48273.57484	0.04923	(1 component(s) constrained)
48	-2080.53	48256.54601	0.04923	(1 component(s) constrained)
49	-2080.60	48268.02877	0.04923	(1 component(s) constrained)
50	-2080.91	48263.96183	0.04923	(1 component(s) constrained)
51	-2080.39	48273.20246	0.04923	(1 component(s) constrained)
52	-2080.55	48264.00666	0.04923	(1 component(s) constrained)
53	-2080.09	48263.85008	0.04923	(1 component(s) constrained)
54	-2080.71	48269.28732	0.04923	(1 component(s) constrained)
55	-2080.27	48262.64725	0.04923	(1 component(s) constrained)
56	-2080.93	48280.50895	0.04923	(1 component(s) constrained)
57	-2080.54	48265.27464	0.04923	(1 component(s) constrained)
58	-2080.21	48275.73261	0.04923	(1 component(s) constrained)
59	-2081.10	48267.38899	0.04923	(1 component(s) constrained)
60	-2081.36	48273.18190	0.04923	(1 component(s) constrained)
61	-2080.46	48275.98675	0.04923	(1 component(s) constrained)
62	-2081.05	48265.43596	0.04923	(1 component(s) constrained)
63	-2080.56	48269.77579	0.04923	(1 component(s) constrained)
64	-2080.06	48258.04934	0.04923	(1 component(s) constrained)
65	-2080.97	48268.40292	0.04923	(1 component(s) constrained)
66	-2080.36	48270.24041	0.04923	(1 component(s) constrained)
67	-2080.10	48268.96971	0.04923	(1 component(s) constrained)
68	-2080.28	48269.33592	0.04923	(1 component(s) constrained)
69	-2080.60	48261.55359	0.04923	(1 component(s) constrained)
70	-2079.80	48275.98880	0.04923	(1 component(s) constrained)
71	-2081.09	48273.79018	0.04923	(1 component(s) constrained)
72	-2081.01	48267.48199	0.04923	(1 component(s) constrained)
73	-2080.89	48271.55819	0.04923	(1 component(s) constrained)
74	-2081.06	48264.47628	0.04923	(1 component(s) constrained)
75	-2079.39	48262.40788	0.04923	(1 component(s) constrained)
76	-2080.53	48264.47267	0.04923	(1 component(s) constrained)
77	-2079.31	48262.72427	0.04923	(1 component(s) constrained)
78	-2080.52	48262.66529	0.04923	(1 component(s) constrained)
79	-2081.37	48259.18413	0.04923	(1 component(s) constrained)
80	-2080.35	48273.73711	0.04923	(1 component(s) constrained)
81	-2081.31	48271.66490	0.04923	(1 component(s) constrained)
82	-2080.42	48264.09100	0.04923	(1 component(s) constrained)
83	-2081.05	48274.75825	0.04923	(1 component(s) constrained)
84	-2080.90	48274.24855	0.04923	(1 component(s) constrained)
85	-2079.94	48263.38880	0.04923	(1 component(s) constrained)
86	-2080.02	48274.09481	0.04923	(1 component(s) constrained)
87	-2080.50	48270.00942	0.04923	(1 component(s) constrained)
88	-2080.74	48264.40172	0.04923	(1 component(s) constrained)
89	-2081.21	48267.71108	0.04923	(1 component(s) constrained)
90	-2081.24	48266.73625	0.04923	(1 component(s) constrained)
91	-2080.15	48263.97967	0.04923	(1 component(s) constrained)
92	-2080.76	48263.87138	0.04923	(1 component(s) constrained)
93	-2080.96	48273.77896	0.04923	(1 component(s) constrained)
94	-2080.67	48270.97843	0.04923	(1 component(s) constrained)
95	-2080.40	48273.32262	0.04923	(1 component(s) constrained)
96	-2080.12	48268.67158	0.04923	(1 component(s) constrained)
97	-2080.87	48262.61291	0.04923	(1 component(s) constrained)
98	-2080.80	48267.45342	0.04923	(1 component(s) constrained)
99	-2080.86	48277.92159	0.04923	(1 component(s) constrained)
100	-2080.61	48265.27046	0.04923	(1 component(s) constrained)
101	-2080.64	48276.95697	0.04923	(1 component(s) constrained)
102	-2081.13	48265.31363	0.04923	(1 component(s) constrained)
103	-2080.77	48261.71369	0.04923	(1 component(s) constrained)
104	-2081.64	48270.66296	0.04923	(1 component(s) constrained)
105	-2080.79	48276.50800	0.04923	(1 component(s) constrained)
106	-2080.70	48269.53931	0.04923	(1 component(s) constrained)
107	-2080.87	48269.99530	0.04923	(1 component(s) constrained)
108	-2080.91	48274.61523	0.04923	(1 component(s) constrained)
109	-2081.82	48277.94022	0.04923	(1 component(s) constrained)
110	-2080.85	48282.04149	0.04923	(1 component(s) constrained)
111	-2080.59	48264.94715	0.04923	(1 component(s) constrained)
112	-2080.85	48267.66772	0.04923	(1 component(s) constrained)
113	-2081.97	48269.06497	0.04923	(1 component(s) constrained)
114	-2080.15	48270.03378	0.04923	(1 component(s) constrained)
115	-2080.87	48268.50988	0.04923	(1 component(s) constrained)
116	-2080.52	48271.13687	0.04923	(1 component(s) constrained)
117	-2080.32	48268.21501	0.04923	(1 component(s) constrained)
118	-2080.16	48263.08937	0.04923	(1 component(s) constrained)
119	-2081.70	48264.03457	0.04923	(1 component(s) constrained)
120	-2081.62	48269.62091	0.04923	(1 component(s) constrained)
121	-2080.67	48272.48057	0.04923	(1 component(s) constrained)
122	-2081.10	48266.15933	0.04923	(1 component(s) constrained)
123	-2081.10	48262.08869	0.04923	(1 component(s) constrained)
124	-2081.02	48275.76288	0.04923	(1 component(s) constrained)
125	-2080.86	48266.27082	0.04923	(1 component(s) constrained)
126	-2080.70	48268.23734	0.04923	(1 component(s) constrained)
127	-2080.22	48256.34573	0.04923	(1 component(s) constrained)
128	-2082.08	48265.38212	0.04923	(1 component(s) constrained)
129	-2081.04	48263.39200	0.04923	(1 component(s) constrained)
130	-2080.05	48263.51628	0.04923	(1 component(s) constrained)
131	-2080.47	48266.37749	0.04923	(1 component(s) constrained)
132	-2080.06	48269.47915	0.04923	(1 component(s) constrained)
133	-2080.71	48278.37709	0.04923	(1 component(s) constrained)
134	-2080.35	48276.92571	0.04923	(1 component(s) constrained)
135	-2081.44	48268.00837	0.04923	(1 component(s) constrained)
136	-2081.05	48267.92378	0.04923	(1 component(s) constrained)
137	-2079.63	48270.41435	0.04923	(1 component(s) constrained)
138	-2080.68	48267.75300	0.04923	(1 component(s) constrained)
139	-2079.74	48273.52159	0.04923	(1 component(s) constrained)
140	-2080.67	48271.71441	0.04923	(1 component(s) constrained)
141	-2080.66	48270.47743	0.04923	(1 component(s) constrained)
142	-2081.59	48267.70869	0.04923	(1 component(s) constrained)
143	-2080.63	48265.42608	0.04923	(1 component(s) constrained)
144	-2080.04	48274.52723	0.04923	(1 component(s) constrained)
145	-2081.19	48266.27804	0.04923	(1 component(s) constrained)
146	-2080.29	48272.00451	0.04923	(1 component(s) constrained)
147	-2080.03	48274.18693	0.04923	(1 component(s) constrained)
148	-2080.05	48272.25644	0.04923	(1 component(s) constrained)
149	-2080.84	48259.72888	0.04923	(1 component(s) constrained)
150	-2080.04	48276.84169	0.04923	(1 component(s) constrained)
151	-2080.25	48257.75705	0.04923	(1 component(s) constrained)
152	-2080.46	48273.55887	0.04923	(1 component(s) constrained)
153	-2080.22	48265.22738	0.04923	(1 component(s) constrained)
154	-2079.44	48265.51998	0.04923	(1 component(s) constrained)
155	-2080.72	48264.23299	0.04923	(1 component(s) constrained)
156	-2080.56	48274.35562	0.04923	(1 component(s) constrained)
157	-2081.58	48267.21782	0.04923	(1 component(s) constrained)
158	-2080.49	48262.37890	0.04923	(1 component(s) constrained)
159	-2080.69	48266.27692	0.04923	(1 component(s) constrained)
160	-2080.41	48270.60934	0.04923	(1 component(s) constrained)
161	-2081.57	48264.81511	0.04923	(1 component(s) constrained)
162	-2080.89	48264.94553	0.04923	(1 component(s) constrained)
163	-2080.31	48269.45298	0.04923	(1 component(s) constrained)
164	-2081.17	48284.50979	0.04923	(1 component(s) constrained)
165	-2081.00	48268.21701	0.04923	(1 component(s) constrained)
166	-2081.60	48264.47012	0.04923	(1 component(s) constrained)
167	-2081.62	48267.45188	0.04923	(1 component(s) constrained)
168	-2080.19	48274.72358	0.04923	(1 component(s) constrained)
169	-2080.55	48272.02702	0.04923	(1 component(s) constrained)
170	-2080.54	48264.32697	0.04923	(1 component(s) constrained)
171	-2080.24	48272.23622	0.04923	(1 component(s) constrained)
172	-2080.00	48271.56697	0.04923	(1 component(s) constrained)
173	-2080.03	48274.74738	0.04923	(1 component(s) constrained)
174	-2079.02	48268.89960	0.04923	(1 component(s) constrained)
175	-2080.39	48269.84157	0.04923	(1 component(s) constrained)
176	-2081.17	48259.96829	0.04923	(1 component(s) constrained)
177	-2081.69	48275.23066	0.04923	(1 component(s) constrained)
178	-2079.81	48273.22927	0.04923	(1 component(s) constrained)
179	-2080.77	48271.65231	0.04923	(1 component(s) constrained)
180	-2080.94	48263.10723	0.04923	(1 component(s) constrained)
181	-2081.71	48264.74941	0.04923	(1 component(s) constrained)
182	-2080.71	48270.98718	0.04923	(1 component(s) constrained)
183	-2080.53	48274.37214	0.04923	(1 component(s) constrained)
184	-2080.72	48271.93133	0.04923	(1 component(s) constrained)
185	-2081.51	48267.62936	0.04923	(1 component(s) constrained)
186	-2080.68	48261.55330	0.04923	(1 component(s) constrained)
187	-2080.60	48281.33848	0.04923	(1 component(s) constrained)
188	-2078.71	48274.49081	0.04923	(1 component(s) constrained)
189	-2079.99	48274.12514	0.04923	(1 component(s) constrained)
190	-2080.77	48272.55696	0.04923	(1 component(s) constrained)
191	-2079.93	48262.29673	0.04923	(1 component(s) constrained)
192	-2080.96	48263.07983	0.04923	(1 component(s) constrained)
193	-2079.81	48270.61806	0.04923	(1 component(s) constrained)
194	-2079.81	48270.85060	0.04923	(1 component(s) constrained)
195	-2080.05	48267.11113	0.04923	(1 component(s) constrained)
196	-2079.85	48260.49462	0.04923	(1 component(s) constrained)
197	-2080.16	48266.79020	0.04923	(1 component(s) constrained)
198	-2081.30	48273.56356	0.04923	(1 component(s) constrained)
199	-2081.72	48264.34592	0.04923	(1 component(s) constrained)
200	-2081.60	48264.56970	0.04923	(1 component(s) constrained)
201	-2080.24	48275.22090	0.04923	(1 component(s) constrained)
202	-2080.87	48274.09303	0.04923	(1 component(s) constrained)
203	-2080.75	48274.90905	0.04923	(1 component(s) constrained)
204	-2080.15	48270.20353	0.04923	(1 component(s) constrained)
205	-2080.61	48264.79572	0.04923	(1 component(s) constrained)
206	-2081.52	48271.17782	0.04923	(1 component(s) constrained)
207	-2081.27	48266.22202	0.04923	(1 component(s) constrained)
208	-2081.21	48268.50888	0.04923	(1 component(s) constrained)
209	-2080.63	48275.74761	0.04923	(1 component(s) constrained)
210	-2081.21	48271.57459	0.04923	(1 component(s) constrained)
211	-2081.77	48265.94824	0.04923	(1 component(s) constrained)
212	-2079.93	48266.02979	0.04923	(1 component(s) constrained)
213	-2081.11	48270.07979	0.04923	(1 component(s) constrained)
214	-2080.28	48268.66989	0.04923	(1 component(s) constrained)
215	-2080.60	48276.14215	0.04923	(1 component(s) constrained)
216	-2080.47	48270.69794	0.04923	(1 component(s) constrained)
217	-2082.18	48278.65860	0.04923	(1 component(s) constrained)
218	-2080.20	48267.02431	0.04923	(1 component(s) constrained)
219	-2081.40	48269.84875	0.04923	(1 component(s) constrained)
220	-2080.97	48269.23094	0.04923	(1 component(s) constrained)
221	-2080.47	48277.10440	0.04923	(1 component(s) constrained)
222	-2080.75	48266.19489	0.04923	(1 component(s) constrained)
223	-2080.22	48266.97537	0.04923	(1 component(s) constrained)
224	-2081.04	48268.56876	0.04923	(1 component(s) constrained)
225	-2081.22	48265.17823	0.04923	(1 component(s) constrained)
226	-2082.25	48273.95881	0.04923	(1 component(s) constrained)
227	-2080.41	48265.50594	0.04923	(1 component(s) constrained)
228	-2081.23	48265.90962	0.04923	(1 component(s) constrained)
229	-2081.22	48275.06617	0.04923	(1 component(s) constrained)
230	-2080.72	48256.23378	0.04923	(1 component(s) constrained)
231	-2080.28	48264.47403	0.04923	(1 component(s) constrained)
232	-2080.31	48263.54213	0.04923	(1 component(s) constrained)
233	-2080.42	48269.70355	0.04923	(1 component(s) constrained)
234	-2080.24	48275.21976	0.04923	(1 component(s) constrained)
235	-2080.50	48275.87001	0.04923	(1 component(s) constrained)
236	-2081.12	48266.83153	0.04923	(1 component(s) constrained)
237	-2081.05	48271.23922	0.04923	(1 component(s) constrained)
238	-2080.00	48273.93416	0.04923	(1 component(s) constrained)
239	-2080.28	48272.97814	0.04923	(1 component(s) constrained)
240	-2080.80	48275.39626	0.04923	(1 component(s) constrained)
241	-2080.79	48263.02204	0.04923	(1 component(s) constrained)
242	-2080.82	48269.63897	0.04923	(1 component(s) constrained)
243	-2079.46	48270.58076	0.04923	(1 component(s) constrained)
244	-2080.83	48269.61972	0.04923	(1 component(s) constrained)
245	-2080.82	48270.11968	0.04923	(1 component(s) constrained)
246	-2081.70	48266.77975	0.04923	(1 component(s) constrained)
247	-2080.07	48259.33203	0.04923	(1 component(s) constrained)
248	-2080.04	48263.01501	0.04923	(1 component(s) constrained)
249	-2079.86	48268.81099	0.04923	(1 component(s) constrained)
250	-2080.52	48267.25415	0.04923	(1 component(s) constrained)
251	-2080.09	48272.76896	0.04923	(1 component(s) constrained)
252	-2082.03	48270.19088	0.04923	(1 component(s) constrained)
253	-2081.09	48267.68868	0.04923	(1 component(s) constrained)
254	-2080.71	48277.30983	0.04923	(1 component(s) constrained)
255	-2080.16	48270.29317	0.04923	(1 component(s) constrained)
256	-2081.36	48271.04128	0.04923	(1 component(s) constrained)
257	-2080.80	48280.17929	0.04923	(1 component(s) constrained)
258	-2080.49	48274.84495	0.04923	(1 component(s) constrained)
259	-2080.82	48270.67812	0.04923	(1 component(s) constrained)
260	-2080.85	48271.55787	0.04923	(1 component(s) constrained)
261	-2079.78	48269.83857	0.04923	(1 component(s) constrained)
262	-2081.99	48268.42253	0.04923	(1 component(s) constrained)
263	-2080.63	48272.23874	0.04923	(1 component(s) constrained)
264	-2080.80	48268.87914	0.04923	(1 component(s) constrained)
265	-2079.77	48270.02038	0.04923	(1 component(s) constrained)
266	-2081.61	48269.53516	0.04923	(1 component(s) constrained)
267	-2081.36	48262.18944	0.04923	(1 component(s) constrained)
268	-2080.94	48273.31354	0.04923	(1 component(s) constrained)
269	-2080.70	48264.18550	0.04923	(1 component(s) constrained)
270	-2081.08	48267.72027	0.04923	(1 component(s) constrained)
271	-2080.67	48269.01535	0.04923	(1 component(s) constrained)
272	-2081.67	48270.64083	0.04923	(1 component(s) constrained)
273	-2079.98	48268.45839	0.04923	(1 component(s) constrained)
274	-2080.51	48266.53368	0.04923	(1 component(s) constrained)
275	-2081.50	48282.48212	0.04923	(1 component(s) constrained)
276	-2080.47	48263.24417	0.04923	(1 component(s) constrained)
277	-2080.54	48262.75125	0.04923	(1 component(s) constrained)
278	-2080.06	48264.30936	0.04923	(1 component(s) constrained)
279	-2080.83	48261.62735	0.04923	(1 component(s) constrained)
280	-2080.84	48259.82122	0.04923	(1 component(s) constrained)
281	-2081.27	48267.61816	0.04923	(1 component(s) constrained)
282	-2080.60	48272.79060	0.04923	(1 component(s) constrained)
283	-2079.68	48274.67388	0.04923	(1 component(s) constrained)
284	-2080.94	48265.27064	0.04923	(1 component(s) constrained)
285	-2080.68	48277.86854	0.04923	(1 component(s) constrained)
286	-2081.08	48263.80738	0.04923	(1 component(s) constrained)
287	-2080.53	48269.57112	0.04923	(1 component(s) constrained)
288	-2081.00	48281.44279	0.04923	(1 component(s) constrained)
289	-2080.75	48264.22287	0.04923	(1 component(s) constrained)
290	-2080.37	48273.44287	0.04923	(1 component(s) constrained)
291	-2080.22	48263.18959	0.04923	(1 component(s) constrained)
292	-2081.16	48276.85319	0.04923	(1 component(s) constrained)
293	-2081.37	48259.37645	0.04923	(1 component(s) constrained)
294	-2080.65	48266.45462	0.04923	(1 component(s) constrained)
295	-2081.12	48262.10701	0.04923	(1 component(s) constrained)
296	-2080.98	48271.22346	0.04923	(1 component(s) constrained)
297	-2081.31	48271.50887	0.04923	(1 component(s) constrained)
298	-2079.99	48275.91012	0.04923	(1 component(s) constrained)
299	-2080.86	48269.60734	0.04923	(1 component(s) constrained)
300	-2080.31	48270.57891	0.04923	(1 component(s) constrained)
301	-2080.30	48265.57335	0.04923	(1 component(s) constrained)
302	-2080.41	48270.69046	0.04923	(1 component(s) constrained)
303	-2079.69	48267.60630	0.04923	(1 component(s) constrained)
304	-2080.28	48269.74325	0.04923	(1 component(s) constrained)
305	-2080.49	48269.34551	0.04923	(1 component(s) constrained)
306	-2081.13	48266.49359	0.04923	(1 component(s) constrained)
307	-2080.63	48273.66497	0.04923	(1 component(s) constrained)
308	-2081.23	48266.40134	0.04923	(1 component(s) constrained)
309	-2080.77	48266.11225	0.04923	(1 component(s) constrained)
310	-2080.19	48265.03631	0.04923	(1 component(s) constrained)
311	-2080.23	48263.65491	0.04923	(1 component(s) constrained)
312	-2080.36	48271.52071	0.04923	(1 component(s) constrained)
313	-2079.48	48259.83246	0.04923	(1 component(s) constrained)
314	-2080.32	48264.92633	0.04923	(1 component(s) constrained)
315	-2079.70	48255.63836	0.04923	(1 component(s) constrained)
316	-2079.46	48267.89845	0.04923	(1 component(s) constrained)
317	-2080.53	48259.38796	0.04923	(1 component(s) constrained)
318	-2080.68	48266.05153	0.04923	(1 component(s) constrained)
319	-2081.08	48270.00906	0.04923	(1 component(s) constrained)
320	-2080.38	48278.93519	0.04923	(1 component(s) constrained)
321	-2080.00	48275.65941	0.04923	(1 component(s) constrained)
322	-2081.02	48268.12956	0.04923	(1 component(s) constrained)
323	-2080.80	48259.66749	0.04923	(1 component(s) constrained)
324	-2080.28	48259.11202	0.04923	(1 component(s) constrained)
325	-2079.71	48267.25551	0.04923	(1 component(s) constrained)
326	-2080.95	48269.86603	0.04923	(1 component(s) constrained)
327	-2080.23	48269.44623	0.04923	(1 component(s) constrained)
328	-2081.49	48279.17803	0.04923	(1 component(s) constrained)
329	-2080.46	48262.21071	0.04923	(1 component(s) constrained)
330	-2079.39	48265.03318	0.04923	(1 component(s) constrained)
331	-2081.05	48266.36897	0.04923	(1 component(s) constrained)
332	-2081.29	48265.74487	0.04923	(1 component(s) constrained)
333	-2080.60	48260.95376	0.04923	(1 component(s) constrained)
334	-2080.08	48263.75515	0.04923	(1 component(s) constrained)
335	-2081.25	48270.49593	0.04923	(1 component(s) constrained)
336	-2081.08	48264.78834	0.04923	(1 component(s) constrained)
337	-2079.91	48270.77630	0.04923	(1 component(s) constrained)
338	-2080.51	48269.76275	0.04923	(1 component(s) constrained)
339	-2080.99	48270.73542	0.04923	(1 component(s) constrained)
340	-2080.22	48257.87451	0.04923	(1 component(s) constrained)
341	-2081.37	48267.14391	0.04923	(1 component(s) constrained)
342	-2080.27	48260.31822	0.04923	(1 component(s) constrained)
343	-2081.47	48263.76588	0.04923	(1 component(s) constrained)
344	-2081.71	48276.56078	0.04923	(1 component(s) constrained)
345	-2079.63	48270.64973	0.04923	(1 component(s) constrained)
346	-2081.37	48269.72127	0.04923	(1 component(s) constrained)
347	-2080.84	48264.37225	0.04923	(1 component(s) constrained)
348	-2080.91	48275.06596	0.04923	(1 component(s) constrained)
349	-2081.57	48272.97229	0.04923	(1 component(s) constrained)
350	-2079.86	48261.81131	0.04923	(1 component(s) constrained)
351	-2080.61	48265.27298	0.04923	(1 component(s) constrained)
352	-2080.96	48268.21254	0.04923	(1 component(s) constrained)
353	-2080.89	48267.17170	0.04923	(1 component(s) constrained)
354	-2081.33	48270.21249	0.04923	(1 component(s) constrained)
355	-2079.76	48264.47744	0.04923	(1 component(s) constrained)
356	-2080.69	48265.80951	0.04923	(1 component(s) constrained)
357	-2081.09	48265.24540	0.04923	(1 component(s) constrained)
358	-2080.43	48275.33597	0.04923	(1 component(s) constrained)
359	-2080.35	48276.29854	0.04923	(1 component(s) constrained)
360	-2080.13	48259.81312	0.04923	(1 component(s) constrained)
361	-2080.55	48267.98639	0.04923	(1 component(s) constrained)
362	-2080.54	48279.70012	0.04923	(1 component(s) constrained)
363	-2080.95	48265.93016	0.04923	(1 component(s) constrained)
364	-2079.59	48266.84418	0.04923	(1 component(s) constrained)
365	-2080.89	48266.76783	0.04923	(1 component(s) constrained)
366	-2080.70	48270.15873	0.04923	(1 component(s) constrained)
367	-2080.76	48271.08211	0.04923	(1 component(s) constrained)
368	-2080.06	48267.15462	0.04923	(1 component(s) constrained)
369	-2080.16	48260.34030	0.04923	(1 component(s) constrained)
370	-2080.46	48269.79773	0.04923	(1 component(s) constrained)
371	-2081.04	48269.04408	0.04923	(1 component(s) constrained)
372	-2080.40	48273.42517	0.04923	(1 component(s) constrained)
373	-2081.20	48266.85805	0.04923	(1 component(s) constrained)
374	-2080.81	48270.03189	0.04923	(1 component(s) constrained)
375	-2081.76	48268.19966	0.04923	(1 component(s) constrained)
376	-2081.85	48269.39821	0.04923	(1 component(s) constrained)
377	-2081.70	48268.37595	0.04923	(1 component(s) constrained)
378	-2081.16	48271.08600	0.04923	(1 component(s) constrained)
379	-2080.66	48264.97854	0.04923	(1 component(s) constrained)
380	-2081.70	48259.12706	0.04923	(1 component(s) constrained)
381	-2079.89	48271.05596	0.04923	(1 component(s) constrained)
382	-2079.90	48270.65354	0.04923	(1 component(s) constrained)
383	-2081.55	48270.33365	0.04923	(1 component(s) constrained)
384	-2080.38	48269.38069	0.04923	(1 component(s) constrained)
385	-2080.40	48266.11639	0.04923	(1 component(s) constrained)
386	-2079.72	48276.27478	0.04923	(1 component(s) constrained)
387	-2081.68	48268.51043	0.04923	(1 component(s) constrained)
388	-2079.99	48262.35220	0.04923	(1 component(s) constrained)
389	-2081.30	48265.69294	0.04923	(1 component(s) constrained)
390	-2078.94	48270.38803	0.04923	(1 component(s) constrained)
391	-2080.35	48272.47873	0.04923	(1 component(s) constrained)
392	-2079.30	48270.94530	0.04923	(1 component(s) constrained)
393	-2080.54	48269.39638	0.04923	(1 component(s) constrained)
394	-2081.30	48275.04150	0.04923	(1 component(s) constrained)
395	-2079.82	48270.81008	0.04923	(1 component(s) constrained)
396	-2080.28	48270.52074	0.04923	(1 component(s) constrained)
397	-2080.97	48267.57794	0.04923	(1 component(s) constrained)
398	-2080.69	48262.49378	0.04923	(1 component(s) constrained)
399	-2081.31	48261.84225	0.04923	(1 component(s) constrained)
400	-2080.03	48275.65883	0.04923	(1 component(s) constrained)
401	-2079.87	48272.40050	0.04923	(1 component(s) constrained)
402	-2079.99	48276.39298	0.04923	(1 component(s) constrained)
403	-2081.12	48272.66518	0.04923	(1 component(s) constrained)
404	-2079.04	48262.66716	0.04923	(1 component(s) constrained)
405	-2080.27	48262.91579	0.04923	(1 component(s) constrained)
406	-2080.28	48274.59238	0.04923	(1 component(s) constrained)
407	-2080.66	48267.56134	0.04923	(1 component(s) constrained)
408	-2081.10	48259.61305	0.04923	(1 component(s) constrained)
409	-2080.87	48271.64186	0.04923	(1 component(s) constrained)
410	-2080.22	48268.36128	0.04923	(1 component(s) constrained)
411	-2080.63	48255.85494	0.04923	(1 component(s) constrained)
412	-2081.91	48283.83639	0.04923	(1 component(s) constrained)
413	-2080.48	48277.22358	0.04923	(1 component(s) constrained)
414	-2082.07	48273.63141	0.04923	(1 component(s) constrained)
415	-2080.69	48283.04748	0.04923	(1 component(s) constrained)
416	-2080.82	48282.16091	0.04923	(1 component(s) constrained)
417	-2080.55	48274.54091	0.04923	(1 component(s) constrained)
418	-2080.74	48263.87055	0.04923	(1 component(s) constrained)
419	-2080.90	48271.36932	0.04923	(1 component(s) constrained)
420	-2080.98	48266.52341	0.04923	(1 component(s) constrained)
421	-2080.67	48282.84583	0.04923	(1 component(s) constrained)
422	-2080.27	48263.79729	0.04923	(1 component(s) constrained)
423	-2079.99	48264.50580	0.04923	(1 component(s) constrained)
424	-2079.95	48279.12894	0.04923	(1 component(s) constrained)
425	-2081.26	48269.77326	0.04923	(1 component(s) constrained)
426	-2080.00	48261.34039	0.04923	(1 component(s) constrained)
427	-2080.84	48264.99359	0.04923	(1 component(s) constrained)
428	-2080.34	48274.35143	0.04923	(1 component(s) constrained)
429	-2079.75	48263.59582	0.04923	(1 component(s) constrained)
430	-2080.23	48266.48271	0.04923	(1 component(s) constrained)
431	-2081.02	48265.12639	0.04923	(1 component(s) constrained)
432	-2079.80	48262.87692	0.04923	(1 component(s) constrained)
433	-2081.09	48263.68289	0.04923	(1 component(s) constrained)
434	-2080.46	48272.47155	0.04923	(1 component(s) constrained)
435	-2080.95	48267.42443	0.04923	(1 component(s) constrained)
436	-2080.92	48262.41767	0.04923	(1 component(s) constrained)
437	-2080.16	48270.08990	0.04923	(1 component(s) constrained)
438	-2080.07	48262.57254	0.04923	(1 component(s) constrained)
439	-2080.36	48267.44552	0.04923	(1 component(s) constrained)
440	-2081.23	48266.51525	0.04923	(1 component(s) constrained)
441	-2080.14	48269.27327	0.04923	(1 component(s) constrained)
442	-2080.58	48270.14763	0.04923	(1 component(s) constrained)
443	-2080.78	48256.16003	0.04923	(1 component(s) constrained)
444	-2079.72	48268.60087	0.04923	(1 component(s) constrained)
445	-2080.02	48264.66575	0.04923	(1 component(s) constrained)
446	-2080.28	48266.57333	0.04923	(1 component(s) constrained)
447	-2081.14	48269.99630	0.04923	(1 component(s) constrained)
448	-2081.01	48275.19886	0.04923	(1 component(s) constrained)
449	-2080.51	48265.59476	0.04923	(1 component(s) constrained)
450	-2080.01	48268.07706	0.04923	(1 component(s) constrained)
451	-2081.11	48260.16637	0.04923	(1 component(s) constrained)
452	-2079.71	48260.25177	0.04923	(1 component(s) constrained)
453	-2081.38	48260.70532	0.04923	(1 component(s) constrained)
454	-2079.50	48269.46997	0.04923	(1 component(s) constrained)
455	-2080.90	48267.88029	0.04923	(1 component(s) constrained)
456	-2081.25	48274.03258	0.04923	(1 component(s) constrained)
457	-2079.98	48263.60104	0.04923	(1 component(s) constrained)
458	-2080.36	48261.81789	0.04923	(1 component(s) constrained)
459	-2081.52	48270.49394	0.04923	(1 component(s) constrained)
460	-2081.38	48271.23281	0.04923	(1 component(s) constrained)
461	-2080.59	48256.32786	0.04923	(1 component(s) constrained)
462	-2080.80	48273.91283	0.04923	(1 component(s) constrained)
463	-2079.84	48273.32488	0.04923	(1 component(s) constrained)
464	-2081.00	48273.24791	0.04923	(1 component(s) constrained)
465	-2080.87	48268.57418	0.04923	(1 component(s) constrained)
466	-2080.90	48266.83102	0.04923	(1 component(s) constrained)
467	-2080.67	48266.79384	0.04923	(1 component(s) constrained)
468	-2080.48	48258.86591	0.04923	(1 component(s) constrained)
469	-2080.57	48271.22580	0.04923	(1 component(s) constrained)
470	-2081.77	48264.70161	0.04923	(1 component(s) constrained)
471	-2080.98	48270.15847	0.04923	(1 component(s) constrained)
472	-2079.46	48264.33807	0.04923	(1 component(s) constrained)
473	-2080.89	48264.53437	0.04923	(1 component(s) constrained)
474	-2081.99	48273.25705	0.04923	(1 component(s) constrained)
475	-2080.38	48268.87134	0.04923	(1 component(s) constrained)
476	-2081.28	48266.81005	0.04923	(1 component(s) constrained)
477	-2080.60	48267.96327	0.04923	(1 component(s) constrained)
478	-2079.08	48269.42270	0.04923	(1 component(s) constrained)
479	-2081.29	48267.09217	0.04923	(1 component(s) constrained)
480	-2080.32	48267.01623	0.04923	(1 component(s) constrained)
481	-2081.57	48265.16038	0.04923	(1 component(s) constrained)
482	-2080.82	48266.38261	0.04923	(1 component(s) constrained)
483	-2081.06	48271.78520	0.04923	(1 component(s) constrained)
484	-2080.72	48269.08834	0.04923	(1 component(s) constrained)
485	-2081.27	48277.28651	0.04923	(1 component(s) constrained)
486	-2080.63	48271.38776	0.04923	(1 component(s) constrained)
487	-2080.24	48268.35779	0.04923	(1 component(s) constrained)
488	-2080.77	48265.51709	0.04923	(1 component(s) constrained)
489	-2079.77	48277.02850	0.04923	(1 component(s) constrained)
490	-2080.93	48266.56603	0.04923	(1 component(s) constrained)
491	-2079.72	48268.00592	0.04923	(1 component(s) constrained)
492	-2080.70	48264.31601	0.04923	(1 component(s) constrained)
493	-2080.72	48271.34160	0.04923	(1 component(s) constrained)
494	-2081.03	48275.28828	0.04923	(1 component(s) constrained)
495	-2081.11	48271.46013	0.04923	(1 component(s) constrained)
496	-2081.02	48270.78983	0.04923	(1 component(s) constrained)
497	-2080.94	48266.74846	0.04923	(1 component(s) constrained)
498	-2081.21	48273.18762	0.04923	(1 component(s) constrained)
499	-2081.16	48276.39469	0.04923	(1 component(s) constrained)
500	-2079.77	48269.22933	0.04923	(1 component(s) constrained)
501	-2080.72	48271.77390	0.04923	(1 component(s) constrained)
502	-2081.62	48268.68142	0.04923	(1 component(s) constrained)
503	-2080.73	48271.14102	0.04923	(1 component(s) constrained)
504	-2080.78	48270.71942	0.04923	(1 component(s) constrained)
505	-2080.89	48265.20214	0.04923	(1 component(s) constrained)
506	-2080.22	48269.00500	0.04923	(1 component(s) constrained)
507	-2079.79	48273.88373	0.04923	(1 component(s) constrained)
508	-2079.74	48269.69655	0.04923	(1 component(s) constrained)
509	-2080.83	48276.99694	0.04923	(1 component(s) constrained)
510	-2081.34	48273.39600	0.04923	(1 component(s) constrained)
511	-2081.16	48277.50225	0.04923	(1 component(s) constrained)
512	-2080.81	48271.40851	0.04923	(1 component(s) constrained)
513	-2080.43	48266.96069	0.04923	(1 component(s) constrained)
514	-2082.46	48272.36639	0.04923	(1 component(s) constrained)
515	-2080.00	48268.76520	0.04923	(1 component(s) constrained)
516	-2081.51	48267.28818	0.04923	(1 component(s) constrained)
517	-2080.33	48273.36027	0.04923	(1 component(s) constrained)
518	-2079.30	48271.90608	0.04923	(1 component(s) constrained)
519	-2080.29	48269.80538	0.04923	(1 component(s) constrained)
520	-2079.64	48263.24108	0.04923	(1 component(s) constrained)
521	-2080.66	48272.39724	0.04923	(1 component(s) constrained)
522	-2081.19	48268.37419	0.04923	(1 component(s) constrained)
523	-2080.76	48270.84843	0.04923	(1 component(s) constrained)
524	-2080.65	48269.48007	0.04923	(1 component(s) constrained)
525	-2080.70	48257.79950	0.04923	(1 component(s) constrained)
526	-2080.65	48262.91612	0.04923	(1 component(s) constrained)
527	-2079.82	48272.99250	0.04923	(1 component(s) constrained)
528	-2080.54	48275.43968	0.04923	(1 component(s) constrained)
529	-2080.72	48272.79504	0.04923	(1 component(s) constrained)
530	-2080.08	48265.40591	0.04923	(1 component(s) constrained)
531	-2080.73	48261.14979	0.04923	(1 component(s) constrained)
532	-2080.52	48264.47269	0.04923	(1 component(s) constrained)
533	-2079.28	48273.52878	0.04923	(1 component(s) constrained)
534	-2080.29	48272.29573	0.04923	(1 component(s) constrained)
535	-2081.70	48271.61154	0.04923	(1 component(s) constrained)
536	-2081.39	48260.96930	0.04923	(1 component(s) constrained)
537	-2080.39	48260.31564	0.04923	(1 component(s) constrained)
538	-2080.75	48256.49718	0.04923	(1 component(s) constrained)
539	-2081.23	48267.25627	0.04923	(1 component(s) constrained)
540	-2080.43	48270.87429	0.04923	(1 component(s) constrained)
541	-2081.32	48271.70421	0.04923	(1 component(s) constrained)
542	-2080.90	48273.58790	0.04923	(1 component(s) constrained)
543	-2079.76	48264.80454	0.04923	(1 component(s) constrained)
544	-2080.37	48267.15295	0.04923	(1 component(s) constrained)
545	-2080.55	48272.34379	0.04923	(1 component(s) constrained)
546	-2080.67	48266.35905	0.04923	(1 component(s) constrained)
547	-2081.57	48264.08197	0.04923	(1 component(s) constrained)
548	-2081.50	48271.56429	0.04923	(1 component(s) constrained)
549	-2081.30	48274.55960	0.04923	(1 component(s) constrained)
550	-2079.76	48269.11974	0.04923	(1 component(s) constrained)
551	-2079.75	48267.98885	0.04923	(1 component(s) constrained)
552	-2081.62	48267.49093	0.04923	(1 component(s) constrained)
553	-2080.86	48271.73436	0.04923	(1 component(s) constrained)
554	-2080.35	48270.91103	0.04923	(1 component(s) constrained)
555	-2080.89	48275.77355	0.04923	(1 component(s) constrained)
556	-2080.48	48270.33793	0.04923	(1 component(s) constrained)
557	-2080.02	48271.16262	0.04923	(1 component(s) constrained)
558	-2080.73	48257.85633	0.04923	(1 component(s) constrained)
559	-2080.07	48271.39254	0.04923	(1 component(s) constrained)
560	-2080.00	48263.28897	0.04923	(1 component(s) constrained)
561	-2080.36	48273.55589	0.04923	(1 component(s) constrained)
562	-2080.55	48276.16687	0.04923	(1 component(s) constrained)
563	-2080.19	48265.85431	0.04923	(1 component(s) constrained)
564	-2080.94	48275.85262	0.04923	(1 component(s) constrained)
565	-2079.60	48267.22608	0.04923	(1 component(s) constrained)
566	-2080.04	48268.64995	0.04923	(1 component(s) constrained)
567	-2080.93	48260.89457	0.04923	(1 component(s) constrained)
568	-2079.14	48271.88994	0.04923	(1 component(s) constrained)
569	-2080.33	48272.01795	0.04923	(1 component(s) constrained)
570	-2081.55	48263.34319	0.04923	(1 component(s) constrained)
571	-2081.69	48272.02182	0.04923	(1 component(s) constrained)
572	-2081.22	48272.43349	0.04923	(1 component(s) constrained)
573	-2080.34	48271.05703	0.04923	(1 component(s) constrained)
574	-2080.54	48272.67609	0.04923	(1 component(s) constrained)
575	-2080.57	48268.99174	0.04923	(1 component(s) constrained)
576	-2081.21	48277.59483	0.04923	(1 component(s) constrained)
577	-2080.95	48267.69727	0.04923	(1 component(s) constrained)
578	-2080.26	48260.23196	0.04923	(1 component(s) constrained)
579	-2080.87	48266.17557	0.04923	(1 component(s) constrained)
580	-2080.79	48273.21049	0.04923	(1 component(s) constrained)
581	-2080.44	48267.14312	0.04923	(1 component(s) constrained)
582	-2080.23	48273.29255	0.04923	(1 component(s) constrained)
583	-2080.50	48271.93398	0.04923	(1 component(s) constrained)
584	-2081.16	48268.26467	0.04923	(1 component(s) constrained)
585	-2081.28	48262.97676	0.04923	(1 component(s) constrained)
586	-2080.82	48270.67202	0.04923	(1 component(s) constrained)
587	-2080.15	48264.58572	0.04923	(1 component(s) constrained)
588	-2079.87	48264.92341	0.04923	(1 component(s) constrained)
589	-2081.17	48279.91819	0.04923	(1 component(s) constrained)
590	-2080.78	48273.07599	0.04923	(1 component(s) constrained)
591	-2081.41	48268.58377	0.04923	(1 component(s) constrained)
592	-2080.63	48276.11969	0.04923	(1 component(s) constrained)
593	-2081.25	48261.12806	0.04923	(1 component(s) constrained)
594	-2081.17	48265.57029	0.04923	(1 component(s) constrained)
595	-2080.48	48271.79824	0.04923	(1 component(s) constrained)
596	-2080.71	48271.90753	0.04923	(1 component(s) constrained)
597	-2080.99	48264.41924	0.04923	(1 component(s) constrained)
598	-2080.87	48265.96946	0.04923	(1 component(s) constrained)
599	-2081.41	48264.42940	0.04923	(1 component(s) constrained)
600	-2079.76	48268.20365	0.04923	(1 component(s) constrained)
601	-2080.29	48268.62255	0.04923	(1 component(s) constrained)
602	-2080.15	48265.65369	0.04923	(1 component(s) constrained)
603	-2081.18	48274.92659	0.04923	(1 component(s) constrained)
604	-2080.90	48272.17863	0.04923	(1 component(s) constrained)
605	-2081.16	48271.20817	0.04923	(1 component(s) constrained)
606	-2080.17	48267.78873	0.04923	(1 component(s) constrained)
607	-2080.58	48273.16367	0.04923	(1 component(s) constrained)
608	-2080.71	48260.40764	0.04923	(1 component(s) constrained)
609	-2080.64	48271.97264	0.04923	(1 component(s) constrained)
610	-2080.47	48273.75519	0.04923	(1 component(s) constrained)
611	-2081.24	48276.89344	0.04923	(1 component(s) constrained)
612	-2080.16	48269.37503	0.04923	(1 component(s) constrained)
613	-2080.50	48269.35662	0.04923	(1 component(s) constrained)
614	-2079.29	48277.92537	0.04923	(1 component(s) constrained)
615	-2081.40	48273.14617	0.04923	(1 component(s) constrained)
616	-2080.29	48265.53632	0.04923	(1 component(s) constrained)
617	-2080.08	48265.44227	0.04923	(1 component(s) constrained)
618	-2081.79	48267.56447	0.04923	(1 component(s) constrained)
619	-2080.05	48265.71977	0.04923	(1 component(s) constrained)
620	-2080.48	48263.12349	0.04923	(1 component(s) constrained)
621	-2080.71	48266.07051	0.04923	(1 component(s) constrained)
622	-2080.79	48271.48994	0.04923	(1 component(s) constrained)
623	-2079.91	48273.09232	0.04923	(1 component(s) constrained)
624	-2081.92	48268.54837	0.04923	(1 component(s) constrained)
625	-2082.01	48266.15355	0.04923	(1 component(s) constrained)
626	-2080.85	48267.41188	0.04923	(1 component(s) constrained)
627	-2080.87	48267.95957	0.04923	(1 component(s) constrained)
628	-2080.57	48269.83066	0.04923	(1 component(s) constrained)
629	-2081.60	48277.48359	0.04923	(1 component(s) constrained)
630	-2081.05	48266.87824	0.04923	(1 component(s) constrained)
631	-2081.18	48267.18315	0.04923	(1 component(s) constrained)
632	-2080.31	48260.97309	0.04923	(1 component(s) constrained)
633	-2080.82	48275.30504	0.04923	(1 component(s) constrained)
634	-2080.46	48271.22980	0.04923	(1 component(s) constrained)
635	-2081.50	48276.01910	0.04923	(1 component(s) constrained)
636	-2080.81	48263.98225	0.04923	(1 component(s) constrained)
637	-2081.15	48269.72896	0.04923	(1 component(s) constrained)
638	-2080.21	48276.89456	0.04923	(1 component(s) constrained)
639	-2080.65	48263.01229	0.04923	(1 component(s) constrained)
640	-2080.97	48264.06691	0.04923	(1 component(s) constrained)
641	-2080.43	48259.83966	0.04923	(1 component(s) constrained)
642	-2081.65	48273.07772	0.04923	(1 component(s) constrained)
643	-2080.19	48262.38181	0.04923	(1 component(s) constrained)
644	-2080.07	48264.25671	0.04923	(1 component(s) constrained)
645	-2080.60	48262.02954	0.04923	(1 component(s) constrained)
646	-2080.31	48264.02708	0.04923	(1 component(s) constrained)
647	-2081.94	48272.69197	0.04923	(1 component(s) constrained)
648	-2080.67	48261.45470	0.04923	(1 component(s) constrained)
649	-2080.68	48262.17258	0.04923	(1 component(s) constrained)
650	-2081.25	48274.97587	0.04923	(1 component(s) constrained)
651	-2080.55	48264.69993	0.04923	(1 component(s) constrained)
652	-2080.60	48269.86231	0.04923	(1 component(s) constrained)
653	-2080.66	48260.01950	0.04923	(1 component(s) constrained)
654	-2080.03	48271.18670	0.04923	(1 component(s) constrained)
655	-2080.05	48267.70649	0.04923	(1 component(s) constrained)
656	-2080.69	48263.28385	0.04923	(1 component(s) constrained)
657	-2081.84	48266.98723	0.04923	(1 component(s) constrained)
658	-2080.41	48265.64120	0.04923	(1 component(s) constrained)
659	-2081.55	48264.86309	0.04923	(1 component(s) constrained)
660	-2079.82	48263.56952	0.04923	(1 component(s) constrained)
661	-2080.77	48263.72309	0.04923	(1 component(s) constrained)
662	-2080.09	48261.93209	0.04923	(1 component(s) constrained)
663	-2080.55	48272.51942	0.04923	(1 component(s) constrained)
664	-2080.54	48276.56815	0.04923	(1 component(s) constrained)
665	-2079.87	48267.81169	0.04923	(1 component(s) constrained)
666	-2079.70	48259.81132	0.04923	(1 component(s) constrained)
667	-2079.81	48263.11779	0.04923	(1 component(s) constrained)
668	-2080.47	48263.04652	0.04923	(1 component(s) constrained)
669	-2079.77	48266.75146	0.04923	(1 component(s) constrained)
670	-2079.85	48275.21052	0.04923	(1 component(s) constrained)
671	-2080.98	48268.77464	0.04923	(1 component(s) constrained)
672	-2079.86	48272.55659	0.04923	(1 component(s) constrained)
673	-2080.76	48271.49094	0.04923	(1 component(s) constrained)
674	-2079.58	48282.10060	0.04923	(1 component(s) constrained)
675	-2080.50	48276.08129	0.04923	(1 component(s) constrained)
676	-2080.66	48277.52803	0.04923	(1 component(s) constrained)
677	-2081.43	48269.43618	0.04923	(1 component(s) constrained)
678	-2080.73	48274.76983	0.04923	(1 component(s) constrained)
679	-2080.53	48266.05294	0.04923	(1 component(s) constrained)
680	-2081.62	48276.28103	0.04923	(1 component(s) constrained)
681	-2081.12	48262.34367	0.04923	(1 component(s) constrained)
682	-2080.62	48273.04940	0.04923	(1 component(s) constrained)
683	-2081.67	48262.20732	0.04923	(1 component(s) constrained)
684	-2080.24	48268.99996	0.04923	(1 component(s) constrained)
685	-2081.13	48270.47955	0.04923	(1 component(s) constrained)
686	-2079.01	48274.81068	0.04923	(1 component(s) constrained)
687	-2081.47	48274.96410	0.04923	(1 component(s) constrained)
688	-2081.05	48270.15142	0.04923	(1 component(s) constrained)
689	-2081.56	48263.78229	0.04923	(1 component(s) constrained)
690	-2080.52	48263.72998	0.04923	(1 component(s) constrained)
691	-2080.91	48266.97532	0.04923	(1 component(s) constrained)
692	-2080.02	48265.98547	0.04923	(1 component(s) constrained)
693	-2080.39	48270.04122	0.04923	(1 component(s) constrained)
694	-2079.62	48262.61902	0.04923	(1 component(s) constrained)
695	-2081.13	48267.59893	0.04923	(1 component(s) constrained)
696	-2080.49	48270.74213	0.04923	(1 component(s) constrained)
697	-2081.35	48270.30461	0.04923	(1 component(s) constrained)
698	-2081.03	48269.41021	0.04923	(1 component(s) constrained)
699	-2081.17	48263.55933	0.04923	(1 component(s) constrained)
700	-2079.82	48273.74172	0.04923	(1 component(s) constrained)
701	-2081.33	48271.63888	0.04923	(1 component(s) constrained)
702	-2080.95	48273.16096	0.04923	(1 component(s) constrained)
703	-2081.23	48269.01558	0.04923	(1 component(s) constrained)
704	-2080.24	48266.87359	0.04923	(1 component(s) constrained)
705	-2079.68	48263.04284	0.04923	(1 component(s) constrained)
706	-2079.70	48269.48084	0.04923	(1 component(s) constrained)
707	-2079.72	48275.87974	0.04923	(1 component(s) constrained)
708	-2081.22	48276.53090	0.04923	(1 component(s) constrained)
709	-2079.71	48250.68521	0.04923	(1 component(s) constrained)
710	-2080.11	48254.48395	0.04923	(1 component(s) constrained)
711	-2081.13	48266.35548	0.04923	(1 component(s) constrained)
712	-2081.46	48264.85331	0.04923	(1 component(s) constrained)
713	-2080.48	48272.55690	0.04923	(1 component(s) constrained)
714	-2080.29	48272.70585	0.04923	(1 component(s) constrained)
715	-2080.31	48274.66223	0.04923	(1 component(s) constrained)
716	-2080.60	48264.80126	0.04923	(1 component(s) constrained)
717	-2081.77	48270.65159	0.04923	(1 component(s) constrained)
718	-2082.04	48270.95851	0.04923	(1 component(s) constrained)
719	-2081.39	48267.66159	0.04923	(1 component(s) constrained)
720	-2080.55	48269.19743	0.04923	(1 component(s) constrained)
721	-2080.45	48262.05156	0.04923	(1 component(s) constrained)
722	-2079.59	48273.99938	0.04923	(1 component(s) constrained)
723	-2081.60	48263.00058	0.04923	(1 component(s) constrained)
724	-2079.91	48269.29398	0.04923	(1 component(s) constrained)
725	-2080.67	48271.65803	0.04923	(1 component(s) constrained)
726	-2080.33	48263.23952	0.04923	(1 component(s) constrained)
727	-2079.99	48254.56436	0.04923	(1 component(s) constrained)
728	-2080.34	48270.82047	0.04923	(1 component(s) constrained)
729	-2080.19	48268.33900	0.04923	(1 component(s) constrained)
730	-2080.83	48263.84482	0.04923	(1 component(s) constrained)
731	-2080.33	48273.83683	0.04923	(1 component(s) constrained)
732	-2079.82	48276.40306	0.04923	(1 component(s) constrained)
733	-2081.06	48275.35006	0.04923	(1 component(s) constrained)
734	-2080.34	48262.90605	0.04923	(1 component(s) constrained)
735	-2080.14	48272.76689	0.04923	(1 component(s) constrained)
736	-2080.23	48274.26389	0.04923	(1 component(s) constrained)
737	-2079.99	48267.91987	0.04923	(1 component(s) constrained)
738	-2080.26	48271.71586	0.04923	(1 component(s) constrained)
739	-2080.30	48272.60541	0.04923	(1 component(s) constrained)
740	-2081.09	48268.64930	0.04923	(1 component(s) constrained)
741	-2081.41	48280.05030	0.04923	(1 component(s) constrained)
742	-2082.02	48263.08701	0.04923	(1 component(s) constrained)
743	-2081.23	48270.28448	0.04923	(1 component(s) constrained)
744	-2080.40	48276.88734	0.04923	(1 component(s) constrained)
745	-2079.56	48270.96426	0.04923	(1 component(s) constrained)
746	-2080.10	48273.11910	0.04923	(1 component(s) constrained)
747	-2081.02	48266.54712	0.04923	(1 component(s) constrained)
748	-2080.65	48268.45743	0.04923	(1 component(s) constrained)
749	-2080.00	48260.51037	0.04923	(1 component(s) constrained)
750	-2080.90	48263.56378	0.04923	(1 component(s) constrained)
751	-2080.21	48263.51056	0.04923	(1 component(s) constrained)
752	-2081.10	48276.29281	0.04923	(1 component(s) constrained)
753	-2081.62	48262.46142	0.04923	(1 component(s) constrained)
754	-2081.54	48258.22696	0.04923	(1 component(s) constrained)
755	-2080.33	48271.24477	0.04923	(1 component(s) constrained)
756	-2080.19	48272.44654	0.04923	(1 component(s) constrained)
757	-2079.71	48257.59212	0.04923	(1 component(s) constrained)
758	-2080.44	48263.75849	0.04923	(1 component(s) constrained)
759	-2080.36	48271.99107	0.04923	(1 component(s) constrained)
760	-2079.35	48273.97990	0.04923	(1 component(s) constrained)
761	-2081.36	48269.71842	0.04923	(1 component(s) constrained)
762	-2081.50	48268.28118	0.04923	(1 component(s) constrained)
763	-2080.91	48272.96696	0.04923	(1 component(s) constrained)
764	-2080.38	48260.14621	0.04923	(1 component(s) constrained)
765	-2080.99	48270.12384	0.04923	(1 component(s) constrained)
766	-2080.70	48265.68960	0.04923	(1 component(s) constrained)
767	-2080.04	48258.10330	0.04923	(1 component(s) constrained)
768	-2079.73	48269.03387	0.04923	(1 component(s) constrained)
769	-2080.89	48275.14728	0.04923	(1 component(s) constrained)
770	-2080.17	48265.88200	0.04923	(1 component(s) constrained)
771	-2080.25	48276.63223	0.04923	(1 component(s) constrained)
772	-2080.53	48272.16042	0.04923	(1 component(s) constrained)
773	-2080.08	48271.82660	0.04923	(1 component(s) constrained)
774	-2079.43	48268.93246	0.04923	(1 component(s) constrained)
775	-2081.00	48271.69010	0.04923	(1 component(s) constrained)
776	-2079.43	48273.91485	0.04923	(1 component(s) constrained)
777	-2081.14	48271.11864	0.04923	(1 component(s) constrained)
778	-2081.59	48265.34005	0.04923	(1 component(s) constrained)
779	-2081.29	48271.50357	0.04923	(1 component(s) constrained)
780	-2081.16	48266.06628	0.04923	(1 component(s) constrained)
781	-2080.77	48282.03370	0.04923	(1 component(s) constrained)
782	-2080.10	48280.20107	0.04923	(1 component(s) constrained)
783	-2081.08	48262.10646	0.04923	(1 component(s) constrained)
784	-2080.20	48269.61766	0.04923	(1 component(s) constrained)
785	-2081.28	48270.11874	0.04923	(1 component(s) constrained)
786	-2080.59	48265.66315	0.04923	(1 component(s) constrained)
787	-2080.71	48266.99949	0.04923	(1 component(s) constrained)
788	-2079.88	48267.37829	0.04923	(1 component(s) constrained)
789	-2080.62	48269.60131	0.04923	(1 component(s) constrained)
790	-2080.19	48280.45099	0.04923	(1 component(s) constrained)
791	-2081.31	48274.45643	0.04923	(1 component(s) constrained)
792	-2079.64	48274.69504	0.04923	(1 component(s) constrained)
793	-2080.64	48273.37036	0.04923	(1 component(s) constrained)
794	-2080.57	48269.73662	0.04923	(1 component(s) constrained)
795	-2081.14	48268.62890	0.04923	(1 component(s) constrained)
796	-2081.28	48264.59942	0.04923	(1 component(s) constrained)
797	-2080.24	48278.36781	0.04923	(1 component(s) constrained)
798	-2081.18	48275.02165	0.04923	(1 component(s) constrained)
799	-2081.04	48269.94966	0.04923	(1 component(s) constrained)
800	-2080.71	48263.04808	0.04923	(1 component(s) constrained)
801	-2081.23	48273.36749	0.04923	(1 component(s) constrained)
802	-2080.65	48268.91367	0.04923	(1 component(s) constrained)
803	-2081.84	48265.70869	0.04923	(1 component(s) constrained)
804	-2081.22	48265.30406	0.04923	(1 component(s) constrained)
805	-2080.44	48276.99734	0.04923	(1 component(s) constrained)
806	-2081.18	48264.50717	0.04923	(1 component(s) constrained)
807	-2082.29	48267.09013	0.04923	(1 component(s) constrained)
808	-2080.57	48271.50418	0.04923	(1 component(s) constrained)
809	-2081.03	48270.25320	0.04923	(1 component(s) constrained)
810	-2080.61	48271.42321	0.04923	(1 component(s) constrained)
811	-2080.61	48274.75349	0.04923	(1 component(s) constrained)
812	-2080.85	48275.86293	0.04923	(1 component(s) constrained)
813	-2080.16	48272.12969	0.04923	(1 component(s) constrained)
814	-2080.64	48269.63031	0.04923	(1 component(s) constrained)
815	-2080.84	48271.55372	0.04923	(1 component(s) constrained)
816	-2080.17	48261.40334	0.04923	(1 component(s) constrained)
817	-2079.93	48269.92588	0.04923	(1 component(s) constrained)
818	-2080.24	48270.74561	0.04923	(1 component(s) constrained)
819	-2081.18	48268.51601	0.04923	(1 component(s) constrained)
820	-2081.00	48266.25036	0.04923	(1 component(s) constrained)
821	-2081.34	48271.74396	0.04923	(1 component(s) constrained)
822	-2080.91	48275.68114	0.04923	(1 component(s) constrained)
823	-2080.66	48261.43545	0.04923	(1 component(s) constrained)
824	-2080.26	48260.00315	0.04923	(1 component(s) constrained)
825	-2080.38	48268.70835	0.04923	(1 component(s) constrained)
826	-2080.17	48263.21467	0.04923	(1 component(s) constrained)
827	-2080.84	48269.18584	0.04923	(1 component(s) constrained)
828	-2080.71	48271.79024	0.04923	(1 component(s) constrained)
829	-2080.23	48268.86984	0.04923	(1 component(s) constrained)
830	-2080.40	48266.26095	0.04923	(1 component(s) constrained)
831	-2079.95	48261.47773	0.04923	(1 component(s) constrained)
832	-2079.97	48263.91575	0.04923	(1 component(s) constrained)
833	-2081.70	48261.42511	0.04923	(1 component(s) constrained)
834	-2081.01	48268.07713	0.04923	(1 component(s) constrained)
835	-2080.35	48267.65194	0.04923	(1 component(s) constrained)
836	-2081.71	48265.36764	0.04923	(1 component(s) constrained)
837	-2080.76	48272.11616	0.04923	(1 component(s) constrained)
838	-2079.86	48268.07405	0.04923	(1 component(s) constrained)
839	-2080.87	48269.20115	0.04923	(1 component(s) constrained)
840	-2080.17	48265.61191	0.04923	(1 component(s) constrained)
841	-2080.62	48270.82043	0.04923	(1 component(s) constrained)
842	-2078.87	48266.65565	0.04923	(1 component(s) constrained)
843	-2080.45	48268.12652	0.04923	(1 component(s) constrained)
844	-2080.95	48265.84232	0.04923	(1 component(s) constrained)
845	-2079.52	48269.61744	0.04923	(1 component(s) constrained)
846	-2080.15	48268.22640	0.04923	(1 component(s) constrained)
847	-2080.15	48270.15825	0.04923	(1 component(s) constrained)
Log-likelihood ratio converged.

Calculating the logLikelihood for the reduced model ...
(variance component 1 is dropped from the model)
Calculating prior values of variance components by EM-REML ...
Updated prior values: 48210.80028
logL: -2081.45264
Running AI-REML algorithm ...
Iter.	logL	V(e)	
1	-2081.41	48204.38490	
2	-2081.41	48190.50301	
3	-2081.41	48190.50700	
Log-likelihood ratio converged.

Summary result of REML analysis:
Source	Variance	SE
V(G)	48270.158251	56846.096461
V(e)	0.049228	56544.805311
Vp	48270.207479	3652.924353
V(G)/Vp	0.999999	1.171422

Sampling variance/covariance of the estimates of variance components:
3.231479e+09	-3.207725e+09	
-3.207725e+09	3.197315e+09	
Estimatesof fixed effects:

Source	Estimate	SE
mean	715.023835	22.678942
X_2	-105.425748	44.885480
X_3	-57.524972	39.383541
X_4	-30.980603	46.338023
X_5	-69.736418	40.516162
X_6	-115.784135	34.755868
X_7	-31.431202	47.189623

Summary result of REML analysis has been saved in the file [/raid/genevol/users/lucas/heritability/03.Heritability/Results/V2/HLA-DQA1/NAfrHLA-DQA12.hsq].

Analysis finished at 23:24:13 -03 on Wed Jun 09 2021
Overall computational time: 10.63 sec.
