*******************************************************************
* Genome-wide Complex Trait Analysis (GCTA)
* version 1.93.2 beta Linux
* (C) 2010-present, Jian Yang, The University of Queensland
* Please report bugs to Jian Yang <jian.yang.qt@gmail.com>
*******************************************************************
Analysis started at 23:19:58 -03 on Wed Jun 09 2021.
Hostname: darwin

Accepted options:
--reml
--reml-alg 0
--reml-maxit 1000
--grm /scratch/genevol/users/lucas/V1/grmFull
--pheno /raid/genevol/users/lucas/heritability/02.GCTA/data/geneHLA-DPB1.txt
--covar /raid/genevol/users/lucas/heritability/02.GCTA/data/envir0.txt
--reml-est-fix
--out /raid/genevol/users/lucas/heritability/03.Heritability/Results/V1/HLA-DPB1/FullHLA-DPB10

Note: This is a multi-thread program. You could specify the number of threads by the --thread-num option to speed up the computation if there are multiple processors in your machine.

Reading IDs of the GRM from [/scratch/genevol/users/lucas/V1/grmFull.grm.id].
2504 IDs read from [/scratch/genevol/users/lucas/V1/grmFull.grm.id].
Reading the GRM from [/scratch/genevol/users/lucas/V1/grmFull.grm.bin].
GRM for 2504 individuals are included from [/scratch/genevol/users/lucas/V1/grmFull.grm.bin].
Reading phenotypes from [/raid/genevol/users/lucas/heritability/02.GCTA/data/geneHLA-DPB1.txt].
Non-missing phenotypes of 445 individuals are included from [/raid/genevol/users/lucas/heritability/02.GCTA/data/geneHLA-DPB1.txt].
Reading discrete covariate(s) from [/raid/genevol/users/lucas/heritability/02.GCTA/data/envir0.txt].
3 discrete covariate(s) of 445 individuals are included from [/raid/genevol/users/lucas/heritability/02.GCTA/data/envir0.txt].

3 discrete variable(s) included as covariate(s).
445 individuals are in common in these files.

Performing  REML analysis ... (Note: may take hours depending on sample size).
445 observations, 12 fixed effect(s), and 2 variance component(s)(including residual variance).
Calculating prior values of variance components by EM-REML ...
Updated prior values: 12085.7 14708.8
logL: -2453.87
Running AI-REML algorithm ...
Iter.	logL	V(G)	V(e)	
1	-2413.91	0.03763	27584.73960	(1 component(s) constrained)
2	-2396.96	0.03763	26548.18281	(1 component(s) constrained)
3	-2394.86	0.03763	25903.30759	(1 component(s) constrained)
4	-2393.63	0.03763	25488.21146	(1 component(s) constrained)
5	-2392.88	0.03763	25215.38084	(1 component(s) constrained)
6	-2392.41	0.03763	24640.28784	(1 component(s) constrained)
7	-2391.46	0.03763	24653.10509	(1 component(s) constrained)
8	-2391.48	0.03763	24653.11176	(1 component(s) constrained)
9	-2391.48	0.03763	24653.11176	(1 component(s) constrained)
Log-likelihood ratio converged.

Calculating the logLikelihood for the reduced model ...
(variance component 1 is dropped from the model)
Calculating prior values of variance components by EM-REML ...
Updated prior values: 20661.51020
logL: -2421.87577
Running AI-REML algorithm ...
Iter.	logL	V(e)	
1	-2387.50	20509.49251	
2	-2387.47	20407.38769	
3	-2387.45	20189.07689	
4	-2387.44	20191.38732	
5	-2387.44	20191.38758	
Log-likelihood ratio converged.

Summary result of REML analysis:
Source	Variance	SE
V(G)	0.037625	14156.730264
V(e)	24653.111761	23218.115444
Vp	24653.149386	9176.162470
V(G)/Vp	0.000002	0.574237

Sampling variance/covariance of the estimates of variance components:
2.004130e+08	-3.276460e+08	
-3.276460e+08	5.390809e+08	
Estimatesof fixed effects:

Source	Estimate	SE
mean	690.621616	23.407152
X_2	-1.853516	15.192902
X_3	-56.717253	29.402287
X_4	-146.139173	25.798584
X_5	-139.353996	29.884712
X_6	-58.873038	26.036892
X_7	-194.228921	22.356683
X_8	-53.504349	29.844535
X_9	-247.897601	23.582689
X_10	-262.848319	23.875838
X_11	-216.596576	23.493063
X_12	-23.708767	23.722701

Summary result of REML analysis has been saved in the file [/raid/genevol/users/lucas/heritability/03.Heritability/Results/V1/HLA-DPB1/FullHLA-DPB10.hsq].

Analysis finished at 23:19:59 -03 on Wed Jun 09 2021
Overall computational time: 1.26 sec.
