*******************************************************************
* Genome-wide Complex Trait Analysis (GCTA)
* version 1.93.2 beta Linux
* (C) 2010-present, Jian Yang, The University of Queensland
* Please report bugs to Jian Yang <jian.yang.qt@gmail.com>
*******************************************************************
Analysis started at 23:19:59 -03 on Wed Jun 09 2021.
Hostname: darwin

Accepted options:
--reml
--reml-alg 0
--reml-maxit 1000
--grm /scratch/genevol/users/lucas/V1/grmGeuvadis
--pheno /raid/genevol/users/lucas/heritability/02.GCTA/data/geneHLA-DPB1.txt
--covar /raid/genevol/users/lucas/heritability/02.GCTA/data/envir0.txt
--reml-est-fix
--out /raid/genevol/users/lucas/heritability/03.Heritability/Results/V1/HLA-DPB1/GeuvadisHLA-DPB10

Note: This is a multi-thread program. You could specify the number of threads by the --thread-num option to speed up the computation if there are multiple processors in your machine.

Reading IDs of the GRM from [/scratch/genevol/users/lucas/V1/grmGeuvadis.grm.id].
445 IDs read from [/scratch/genevol/users/lucas/V1/grmGeuvadis.grm.id].
Reading the GRM from [/scratch/genevol/users/lucas/V1/grmGeuvadis.grm.bin].
GRM for 445 individuals are included from [/scratch/genevol/users/lucas/V1/grmGeuvadis.grm.bin].
Reading phenotypes from [/raid/genevol/users/lucas/heritability/02.GCTA/data/geneHLA-DPB1.txt].
Non-missing phenotypes of 445 individuals are included from [/raid/genevol/users/lucas/heritability/02.GCTA/data/geneHLA-DPB1.txt].
Reading discrete covariate(s) from [/raid/genevol/users/lucas/heritability/02.GCTA/data/envir0.txt].
3 discrete covariate(s) of 445 individuals are included from [/raid/genevol/users/lucas/heritability/02.GCTA/data/envir0.txt].

3 discrete variable(s) included as covariate(s).
445 individuals are in common in these files.

Performing  REML analysis ... (Note: may take hours depending on sample size).
445 observations, 12 fixed effect(s), and 2 variance component(s)(including residual variance).
Calculating prior values of variance components by EM-REML ...
Updated prior values: 14834.7 14642.6
logL: -2419.5
Running AI-REML algorithm ...
Iter.	logL	V(G)	V(e)	
1	-2399.87	7451.32613	17552.57297	
2	-2391.33	5534.76915	17596.42329	
3	-2388.76	4652.47544	17439.37342	
4	-2387.75	4169.91690	17291.63741	
5	-2387.33	3882.21617	17179.33639	
6	-2387.14	3311.74398	16924.87920	
7	-2386.99	3349.26859	16919.44245	
8	-2386.99	3349.59410	16919.18524	
9	-2386.99	3349.59595	16919.18348	
Log-likelihood ratio converged.

Calculating the logLikelihood for the reduced model ...
(variance component 1 is dropped from the model)
Calculating prior values of variance components by EM-REML ...
Updated prior values: 20661.51020
logL: -2421.87577
Running AI-REML algorithm ...
Iter.	logL	V(e)	
1	-2387.50	20509.49251	
2	-2387.47	20407.38769	
3	-2387.45	20189.07689	
4	-2387.44	20191.38732	
5	-2387.44	20191.38758	
Log-likelihood ratio converged.

Summary result of REML analysis:
Source	Variance	SE
V(G)	3349.595954	3759.253338
V(e)	16919.183481	3754.480209
Vp	20268.779435	1389.012713
V(G)/Vp	0.165259	0.183676

Sampling variance/covariance of the estimates of variance components:
1.413199e+07	-1.314938e+07	
-1.314938e+07	1.409612e+07	
Estimatesof fixed effects:

Source	Estimate	SE
mean	689.517161	21.968761
X_2	-1.559385	13.714570
X_3	-58.074236	26.509907
X_4	-143.505995	23.258352
X_5	-136.476837	27.006200
X_6	-58.820706	23.525592
X_7	-192.767991	20.194656
X_8	-51.603581	27.021198
X_9	-247.902786	22.590230
X_10	-262.629307	21.332505
X_11	-216.407903	21.503114
X_12	-24.456425	39.226715

Summary result of REML analysis has been saved in the file [/raid/genevol/users/lucas/heritability/03.Heritability/Results/V1/HLA-DPB1/GeuvadisHLA-DPB10.hsq].

Analysis finished at 23:20:01 -03 on Wed Jun 09 2021
Overall computational time: 1.22 sec.
