*******************************************************************
* Genome-wide Complex Trait Analysis (GCTA)
* version 1.93.2 beta Linux
* (C) 2010-present, Jian Yang, The University of Queensland
* Please report bugs to Jian Yang <jian.yang.qt@gmail.com>
*******************************************************************
Analysis started at 23:22:45 -03 on Wed Jun 09 2021.
Hostname: darwin

Accepted options:
--reml
--reml-alg 0
--reml-maxit 1000
--grm /scratch/genevol/users/lucas/V2/grmFull
--pheno /raid/genevol/users/lucas/heritability/02.GCTA/data/geneHLA-C.txt
--covar /raid/genevol/users/lucas/heritability/02.GCTA/data/envir0.txt
--reml-est-fix
--out /raid/genevol/users/lucas/heritability/03.Heritability/Results/V2/HLA-C/FullHLA-C0

Note: This is a multi-thread program. You could specify the number of threads by the --thread-num option to speed up the computation if there are multiple processors in your machine.

Reading IDs of the GRM from [/scratch/genevol/users/lucas/V2/grmFull.grm.id].
2504 IDs read from [/scratch/genevol/users/lucas/V2/grmFull.grm.id].
Reading the GRM from [/scratch/genevol/users/lucas/V2/grmFull.grm.bin].
GRM for 2504 individuals are included from [/scratch/genevol/users/lucas/V2/grmFull.grm.bin].
Reading phenotypes from [/raid/genevol/users/lucas/heritability/02.GCTA/data/geneHLA-C.txt].
Non-missing phenotypes of 445 individuals are included from [/raid/genevol/users/lucas/heritability/02.GCTA/data/geneHLA-C.txt].
Reading discrete covariate(s) from [/raid/genevol/users/lucas/heritability/02.GCTA/data/envir0.txt].
3 discrete covariate(s) of 445 individuals are included from [/raid/genevol/users/lucas/heritability/02.GCTA/data/envir0.txt].

3 discrete variable(s) included as covariate(s).
445 individuals are in common in these files.

Performing  REML analysis ... (Note: may take hours depending on sample size).
445 observations, 12 fixed effect(s), and 2 variance component(s)(including residual variance).
Calculating prior values of variance components by EM-REML ...
Updated prior values: 50012.2 54252.6
logL: -2749.51
Running AI-REML algorithm ...
Iter.	logL	V(G)	V(e)	
1	-2735.82	48633.34436	44365.19765	
2	-2731.77	47360.10688	39855.03690	
3	-2730.24	46452.29477	37396.77400	
4	-2729.60	45827.82901	35937.04338	
5	-2729.33	44475.73174	33058.84122	
6	-2729.10	44456.72812	33304.27867	
7	-2729.10	44462.96168	33295.73972	
8	-2729.10	44462.62951	33296.22088	
Log-likelihood ratio converged.

Calculating the logLikelihood for the reduced model ...
(variance component 1 is dropped from the model)
Calculating prior values of variance components by EM-REML ...
Updated prior values: 98793.30540
logL: -2736.30079
Running AI-REML algorithm ...
Iter.	logL	V(e)	
1	-2729.45	98540.41369	
2	-2729.45	98368.52424	
3	-2729.45	97998.05596	
4	-2729.45	97999.44593	
5	-2729.45	97999.44595	
Log-likelihood ratio converged.

Summary result of REML analysis:
Source	Variance	SE
V(G)	44462.629509	54296.930895
V(e)	33296.220883	78559.779321
Vp	77758.850392	24882.087527
V(G)/Vp	0.571802	0.875988

Sampling variance/covariance of the estimates of variance components:
2.948157e+09	-4.250339e+09	
-4.250339e+09	6.171639e+09	
Estimatesof fixed effects:

Source	Estimate	SE
mean	1236.542526	72.691270
X_2	16.884882	30.240723
X_3	-258.979464	58.540706
X_4	-386.083846	51.337266
X_5	-396.105728	59.599543
X_6	-134.193512	51.827230
X_7	-421.483676	44.560344
X_8	-118.732978	59.298627
X_9	7.398319	63.378092
X_10	59.481752	48.174423
X_11	63.484865	52.808152
X_12	163.062859	138.884932

Summary result of REML analysis has been saved in the file [/raid/genevol/users/lucas/heritability/03.Heritability/Results/V2/HLA-C/FullHLA-C0.hsq].

Analysis finished at 23:22:47 -03 on Wed Jun 09 2021
Overall computational time: 1.54 sec.
