*******************************************************************
* Genome-wide Complex Trait Analysis (GCTA)
* version 1.93.2 beta Linux
* (C) 2010-present, Jian Yang, The University of Queensland
* Please report bugs to Jian Yang <jian.yang.qt@gmail.com>
*******************************************************************
Analysis started at 23:22:47 -03 on Wed Jun 09 2021.
Hostname: darwin

Accepted options:
--reml
--reml-alg 0
--reml-maxit 1000
--grm /scratch/genevol/users/lucas/V2/grmGeuvadis
--pheno /raid/genevol/users/lucas/heritability/02.GCTA/data/geneHLA-C.txt
--covar /raid/genevol/users/lucas/heritability/02.GCTA/data/envir0.txt
--reml-est-fix
--out /raid/genevol/users/lucas/heritability/03.Heritability/Results/V2/HLA-C/GeuvadisHLA-C0

Note: This is a multi-thread program. You could specify the number of threads by the --thread-num option to speed up the computation if there are multiple processors in your machine.

Reading IDs of the GRM from [/scratch/genevol/users/lucas/V2/grmGeuvadis.grm.id].
445 IDs read from [/scratch/genevol/users/lucas/V2/grmGeuvadis.grm.id].
Reading the GRM from [/scratch/genevol/users/lucas/V2/grmGeuvadis.grm.bin].
GRM for 445 individuals are included from [/scratch/genevol/users/lucas/V2/grmGeuvadis.grm.bin].
Reading phenotypes from [/raid/genevol/users/lucas/heritability/02.GCTA/data/geneHLA-C.txt].
Non-missing phenotypes of 445 individuals are included from [/raid/genevol/users/lucas/heritability/02.GCTA/data/geneHLA-C.txt].
Reading discrete covariate(s) from [/raid/genevol/users/lucas/heritability/02.GCTA/data/envir0.txt].
3 discrete covariate(s) of 445 individuals are included from [/raid/genevol/users/lucas/heritability/02.GCTA/data/envir0.txt].

3 discrete variable(s) included as covariate(s).
445 individuals are in common in these files.

Performing  REML analysis ... (Note: may take hours depending on sample size).
445 observations, 12 fixed effect(s), and 2 variance component(s)(including residual variance).
Calculating prior values of variance components by EM-REML ...
Updated prior values:   57275 56237.5
logL: -2730.43
Running AI-REML algorithm ...
Iter.	logL	V(G)	V(e)	
1	-2725.94	60407.39200	48249.02367	
2	-2724.69	62110.95493	43625.02989	
3	-2724.16	63117.61707	40773.86331	
4	-2723.93	65100.89967	34998.20348	
5	-2723.75	64977.06647	35280.85860	
6	-2723.75	64974.46669	35283.54693	
7	-2723.75	64974.44104	35283.56988	
Log-likelihood ratio converged.

Calculating the logLikelihood for the reduced model ...
(variance component 1 is dropped from the model)
Calculating prior values of variance components by EM-REML ...
Updated prior values: 98793.30540
logL: -2736.30079
Running AI-REML algorithm ...
Iter.	logL	V(e)	
1	-2729.45	98540.41369	
2	-2729.45	98368.52424	
3	-2729.45	97998.05596	
4	-2729.45	97999.44593	
5	-2729.45	97999.44595	
Log-likelihood ratio converged.

Summary result of REML analysis:
Source	Variance	SE
V(G)	64974.441038	24234.367473
V(e)	35283.569876	21448.180020
Vp	100258.010914	7263.125882
V(G)/Vp	0.648072	0.221417

Sampling variance/covariance of the estimates of variance components:
5.873046e+08	-4.972880e+08	
-4.972880e+08	4.600244e+08	
Estimatesof fixed effects:

Source	Estimate	SE
mean	1238.786364	54.347757
X_2	2.870842	29.532410
X_3	-249.579160	56.932497
X_4	-387.977223	49.959872
X_5	-377.034026	58.274872
X_6	-128.845572	50.734624
X_7	-420.206011	43.537366
X_8	-110.578383	58.498793
X_9	6.176993	56.607536
X_10	58.059713	45.237249
X_11	64.446292	49.453349
X_12	161.302866	164.291932

Summary result of REML analysis has been saved in the file [/raid/genevol/users/lucas/heritability/03.Heritability/Results/V2/HLA-C/GeuvadisHLA-C0.hsq].

Analysis finished at 23:22:48 -03 on Wed Jun 09 2021
Overall computational time: 1.05 sec.
