*******************************************************************
* Genome-wide Complex Trait Analysis (GCTA)
* version 1.93.2 beta Linux
* (C) 2010-present, Jian Yang, The University of Queensland
* Please report bugs to Jian Yang <jian.yang.qt@gmail.com>
*******************************************************************
Analysis started at 23:27:35 -03 on Wed Jun 09 2021.
Hostname: darwin

Accepted options:
--reml
--reml-alg 0
--reml-maxit 1000
--grm /scratch/genevol/users/lucas/V3/grmFull
--pheno /raid/genevol/users/lucas/heritability/02.GCTA/data/geneHLA-DQA1.txt
--covar /raid/genevol/users/lucas/heritability/02.GCTA/data/envir2.txt
--reml-est-fix
--out /raid/genevol/users/lucas/heritability/03.Heritability/Results/V3/HLA-DQA1/FullHLA-DQA12

Note: This is a multi-thread program. You could specify the number of threads by the --thread-num option to speed up the computation if there are multiple processors in your machine.

Reading IDs of the GRM from [/scratch/genevol/users/lucas/V3/grmFull.grm.id].
2504 IDs read from [/scratch/genevol/users/lucas/V3/grmFull.grm.id].
Reading the GRM from [/scratch/genevol/users/lucas/V3/grmFull.grm.bin].
GRM for 2504 individuals are included from [/scratch/genevol/users/lucas/V3/grmFull.grm.bin].
Reading phenotypes from [/raid/genevol/users/lucas/heritability/02.GCTA/data/geneHLA-DQA1.txt].
Non-missing phenotypes of 445 individuals are included from [/raid/genevol/users/lucas/heritability/02.GCTA/data/geneHLA-DQA1.txt].
Reading discrete covariate(s) from [/raid/genevol/users/lucas/heritability/02.GCTA/data/envir2.txt].
1 discrete covariate(s) of 445 individuals are included from [/raid/genevol/users/lucas/heritability/02.GCTA/data/envir2.txt].

1 discrete variable(s) included as covariate(s).
445 individuals are in common in these files.

Performing  REML analysis ... (Note: may take hours depending on sample size).
445 observations, 7 fixed effect(s), and 2 variance component(s)(including residual variance).
Calculating prior values of variance components by EM-REML ...
Updated prior values: 22619.9 23501.2
logL: -2601.08
Running AI-REML algorithm ...
Iter.	logL	V(G)	V(e)	
1	-2596.74	20974.90339	23381.74904	
2	-2595.75	20062.78330	23178.07759	
3	-2595.33	18336.14060	22610.47541	
4	-2594.99	18554.30190	22471.37335	
5	-2594.98	18531.10673	22503.81336	
6	-2594.98	18534.86485	22498.64936	
7	-2594.98	18534.26391	22499.47519	
Log-likelihood ratio converged.

Calculating the logLikelihood for the reduced model ...
(variance component 1 is dropped from the model)
Calculating prior values of variance components by EM-REML ...
Updated prior values: 50432.11206
logL: -2604.67747
Running AI-REML algorithm ...
Iter.	logL	V(e)	
1	-2604.61	50425.93654	
2	-2604.61	50412.57331	
3	-2604.61	50412.57685	
Log-likelihood ratio converged.

Summary result of REML analysis:
Source	Variance	SE
V(G)	18534.263915	15293.108540
V(e)	22499.475189	21000.649032
Vp	41033.739103	6342.066791
V(G)/Vp	0.451684	0.434229

Sampling variance/covariance of the estimates of variance components:
2.338792e+08	-3.173423e+08	
-3.173423e+08	4.410273e+08	
Estimatesof fixed effects:

Source	Estimate	SE
mean	761.383254	30.301515
X_2	-99.177145	40.708924
X_3	-65.694614	35.742547
X_4	-51.986582	41.490594
X_5	-65.500164	36.115188
X_6	-125.236777	31.104975
X_7	-55.272203	41.449223

Summary result of REML analysis has been saved in the file [/raid/genevol/users/lucas/heritability/03.Heritability/Results/V3/HLA-DQA1/FullHLA-DQA12.hsq].

Analysis finished at 23:27:36 -03 on Wed Jun 09 2021
Overall computational time: 1.47 sec.
