*******************************************************************
* Genome-wide Complex Trait Analysis (GCTA)
* version 1.93.2 beta Linux
* (C) 2010-present, Jian Yang, The University of Queensland
* Please report bugs to Jian Yang <jian.yang.qt@gmail.com>
*******************************************************************
Analysis started at 23:27:18 -03 on Wed Jun 09 2021.
Hostname: darwin

Accepted options:
--reml
--reml-alg 0
--reml-maxit 1000
--grm /scratch/genevol/users/lucas/V3/grmFull
--pheno /raid/genevol/users/lucas/heritability/02.GCTA/data/geneHLA-DQA1.txt
--covar /raid/genevol/users/lucas/heritability/02.GCTA/data/envir0.txt
--reml-est-fix
--out /raid/genevol/users/lucas/heritability/03.Heritability/Results/V3/HLA-DQA1/FullHLA-DQA10

Note: This is a multi-thread program. You could specify the number of threads by the --thread-num option to speed up the computation if there are multiple processors in your machine.

Reading IDs of the GRM from [/scratch/genevol/users/lucas/V3/grmFull.grm.id].
2504 IDs read from [/scratch/genevol/users/lucas/V3/grmFull.grm.id].
Reading the GRM from [/scratch/genevol/users/lucas/V3/grmFull.grm.bin].
GRM for 2504 individuals are included from [/scratch/genevol/users/lucas/V3/grmFull.grm.bin].
Reading phenotypes from [/raid/genevol/users/lucas/heritability/02.GCTA/data/geneHLA-DQA1.txt].
Non-missing phenotypes of 445 individuals are included from [/raid/genevol/users/lucas/heritability/02.GCTA/data/geneHLA-DQA1.txt].
Reading discrete covariate(s) from [/raid/genevol/users/lucas/heritability/02.GCTA/data/envir0.txt].
3 discrete covariate(s) of 445 individuals are included from [/raid/genevol/users/lucas/heritability/02.GCTA/data/envir0.txt].

3 discrete variable(s) included as covariate(s).
445 individuals are in common in these files.

Performing  REML analysis ... (Note: may take hours depending on sample size).
445 observations, 12 fixed effect(s), and 2 variance component(s)(including residual variance).
Calculating prior values of variance components by EM-REML ...
Updated prior values: 21347.3 22561.5
logL: -2560.65
Running AI-REML algorithm ...
Iter.	logL	V(G)	V(e)	
1	-2551.72	16327.95146	25745.28960	
2	-2549.26	13837.25464	27062.78717	
3	-2548.28	12425.24986	27715.95868	
4	-2547.87	9702.89400	28861.33134	
5	-2547.53	9913.27196	28715.12585	
6	-2547.53	9918.44474	28708.54313	
7	-2547.53	9918.55374	28708.39408	
Log-likelihood ratio converged.

Calculating the logLikelihood for the reduced model ...
(variance component 1 is dropped from the model)
Calculating prior values of variance components by EM-REML ...
Updated prior values: 42571.14665
logL: -2551.67561
Running AI-REML algorithm ...
Iter.	logL	V(e)	
1	-2547.65	42491.12633	
2	-2547.65	42436.64544	
3	-2547.65	42319.09042	
4	-2547.65	42319.41516	
5	-2547.65	42319.41517	
Log-likelihood ratio converged.

Summary result of REML analysis:
Source	Variance	SE
V(G)	9918.553740	20566.933298
V(e)	28708.394077	28180.430709
Vp	38626.947817	7999.920447
V(G)/Vp	0.256778	0.582400

Sampling variance/covariance of the estimates of variance components:
4.229987e+08	-5.765683e+08	
-5.765683e+08	7.941367e+08	
Estimatesof fixed effects:

Source	Estimate	SE
mean	852.443859	40.720306
X_2	-5.737450	19.893502
X_3	-78.905795	38.488487
X_4	-65.055387	33.767293
X_5	-58.318505	39.165686
X_6	-73.709474	34.098394
X_7	-134.515986	29.290631
X_8	-56.604400	39.073821
X_9	-139.387174	36.372556
X_10	-241.921287	31.360972
X_11	-131.925373	32.684148
X_12	5.427078	71.511445

Summary result of REML analysis has been saved in the file [/raid/genevol/users/lucas/heritability/03.Heritability/Results/V3/HLA-DQA1/FullHLA-DQA10.hsq].

Analysis finished at 23:27:19 -03 on Wed Jun 09 2021
Overall computational time: 1.34 sec.
