*******************************************************************
* Genome-wide Complex Trait Analysis (GCTA)
* version 1.93.2 beta Linux
* (C) 2010-present, Jian Yang, The University of Queensland
* Please report bugs to Jian Yang <jian.yang.qt@gmail.com>
*******************************************************************
Analysis started at 23:27:24 -03 on Wed Jun 09 2021.
Hostname: darwin

Accepted options:
--reml
--reml-alg 0
--reml-maxit 1000
--grm /scratch/genevol/users/lucas/V3/grmFull
--pheno /raid/genevol/users/lucas/heritability/02.GCTA/data/geneHLA-DQA1.txt
--covar /raid/genevol/users/lucas/heritability/02.GCTA/data/envir1.txt
--reml-est-fix
--out /raid/genevol/users/lucas/heritability/03.Heritability/Results/V3/HLA-DQA1/FullHLA-DQA11

Note: This is a multi-thread program. You could specify the number of threads by the --thread-num option to speed up the computation if there are multiple processors in your machine.

Reading IDs of the GRM from [/scratch/genevol/users/lucas/V3/grmFull.grm.id].
2504 IDs read from [/scratch/genevol/users/lucas/V3/grmFull.grm.id].
Reading the GRM from [/scratch/genevol/users/lucas/V3/grmFull.grm.bin].
GRM for 2504 individuals are included from [/scratch/genevol/users/lucas/V3/grmFull.grm.bin].
Reading phenotypes from [/raid/genevol/users/lucas/heritability/02.GCTA/data/geneHLA-DQA1.txt].
Non-missing phenotypes of 445 individuals are included from [/raid/genevol/users/lucas/heritability/02.GCTA/data/geneHLA-DQA1.txt].
Reading discrete covariate(s) from [/raid/genevol/users/lucas/heritability/02.GCTA/data/envir1.txt].
2 discrete covariate(s) of 445 individuals are included from [/raid/genevol/users/lucas/heritability/02.GCTA/data/envir1.txt].

2 discrete variable(s) included as covariate(s).
445 individuals are in common in these files.

Performing  REML analysis ... (Note: may take hours depending on sample size).
445 observations, 8 fixed effect(s), and 2 variance component(s)(including residual variance).
Calculating prior values of variance components by EM-REML ...
Updated prior values: 22652.8   23524
logL: -2597.89
Running AI-REML algorithm ...
Iter.	logL	V(G)	V(e)	
1	-2593.64	21108.94831	23281.01741	
2	-2592.66	20240.26669	23025.72549	
3	-2592.25	18580.55541	22380.82940	
4	-2591.91	18773.65204	22274.31364	
5	-2591.91	18755.40719	22299.92796	
6	-2591.91	18758.18337	22296.11350	
7	-2591.91	18757.76708	22296.68553	
Log-likelihood ratio converged.

Calculating the logLikelihood for the reduced model ...
(variance component 1 is dropped from the model)
Calculating prior values of variance components by EM-REML ...
Updated prior values: 50541.39311
logL: -2601.56242
Running AI-REML algorithm ...
Iter.	logL	V(e)	
1	-2601.51	50534.95154	
2	-2601.51	50521.01279	
3	-2601.51	50521.01663	
Log-likelihood ratio converged.

Summary result of REML analysis:
Source	Variance	SE
V(G)	18757.767083	15500.257264
V(e)	22296.685529	21281.082225
Vp	41054.452611	6412.058848
V(G)/Vp	0.456900	0.440605

Sampling variance/covariance of the estimates of variance components:
2.402580e+08	-3.260140e+08	
-3.260140e+08	4.528845e+08	
Estimatesof fixed effects:

Source	Estimate	SE
mean	763.308510	31.624205
X_2	-4.699487	21.117352
X_3	-98.496823	40.868704
X_4	-65.021471	35.900033
X_5	-51.450149	41.601348
X_6	-64.847824	36.271875
X_7	-125.499496	31.161584
X_8	-55.054506	41.502302

Summary result of REML analysis has been saved in the file [/raid/genevol/users/lucas/heritability/03.Heritability/Results/V3/HLA-DQA1/FullHLA-DQA11.hsq].

Analysis finished at 23:27:26 -03 on Wed Jun 09 2021
Overall computational time: 1.31 sec.
