*******************************************************************
* Genome-wide Complex Trait Analysis (GCTA)
* version 1.93.2 beta Linux
* (C) 2010-present, Jian Yang, The University of Queensland
* Please report bugs to Jian Yang <jian.yang.qt@gmail.com>
*******************************************************************
Analysis started at 23:27:26 -03 on Wed Jun 09 2021.
Hostname: darwin

Accepted options:
--reml
--reml-alg 0
--reml-maxit 1000
--grm /scratch/genevol/users/lucas/V3/grmGeuvadis
--pheno /raid/genevol/users/lucas/heritability/02.GCTA/data/geneHLA-DQA1.txt
--covar /raid/genevol/users/lucas/heritability/02.GCTA/data/envir1.txt
--reml-est-fix
--out /raid/genevol/users/lucas/heritability/03.Heritability/Results/V3/HLA-DQA1/GeuvadisHLA-DQA11

Note: This is a multi-thread program. You could specify the number of threads by the --thread-num option to speed up the computation if there are multiple processors in your machine.

Reading IDs of the GRM from [/scratch/genevol/users/lucas/V3/grmGeuvadis.grm.id].
445 IDs read from [/scratch/genevol/users/lucas/V3/grmGeuvadis.grm.id].
Reading the GRM from [/scratch/genevol/users/lucas/V3/grmGeuvadis.grm.bin].
GRM for 445 individuals are included from [/scratch/genevol/users/lucas/V3/grmGeuvadis.grm.bin].
Reading phenotypes from [/raid/genevol/users/lucas/heritability/02.GCTA/data/geneHLA-DQA1.txt].
Non-missing phenotypes of 445 individuals are included from [/raid/genevol/users/lucas/heritability/02.GCTA/data/geneHLA-DQA1.txt].
Reading discrete covariate(s) from [/raid/genevol/users/lucas/heritability/02.GCTA/data/envir1.txt].
2 discrete covariate(s) of 445 individuals are included from [/raid/genevol/users/lucas/heritability/02.GCTA/data/envir1.txt].

2 discrete variable(s) included as covariate(s).
445 individuals are in common in these files.

Performing  REML analysis ... (Note: may take hours depending on sample size).
445 observations, 8 fixed effect(s), and 2 variance component(s)(including residual variance).
Calculating prior values of variance components by EM-REML ...
Updated prior values: 25258.1 25857.6
logL: -2595.01
Running AI-REML algorithm ...
Iter.	logL	V(G)	V(e)	
1	-2594.91	16114.32067	33514.31376	
2	-2593.34	4724.52374	43442.88978	
3	-2593.40	5902.76222	42393.65197	
4	-2593.08	9218.49041	39477.95125	
5	-2592.80	9317.41432	39493.52513	
6	-2592.80	9290.70624	39519.02974	
7	-2592.80	9300.11256	39510.14834	
8	-2592.80	9296.81990	39513.25888	
9	-2592.80	9297.97425	39512.16858	
Log-likelihood ratio converged.

Calculating the logLikelihood for the reduced model ...
(variance component 1 is dropped from the model)
Calculating prior values of variance components by EM-REML ...
Updated prior values: 50541.39311
logL: -2601.56242
Running AI-REML algorithm ...
Iter.	logL	V(e)	
1	-2601.51	50534.95154	
2	-2601.51	50521.01279	
3	-2601.51	50521.01663	
Log-likelihood ratio converged.

Summary result of REML analysis:
Source	Variance	SE
V(G)	9297.974252	6164.786687
V(e)	39512.168576	6379.713883
Vp	48810.142828	3319.502365
V(G)/Vp	0.190493	0.124316

Sampling variance/covariance of the estimates of variance components:
3.800459e+07	-3.384312e+07	
-3.384312e+07	4.070075e+07	
Estimatesof fixed effects:

Source	Estimate	SE
mean	748.829540	24.110707
X_2	-5.072714	21.147396
X_3	-98.878252	40.929298
X_4	-65.582664	35.960169
X_5	-50.035924	41.661606
X_6	-65.406513	36.392033
X_7	-125.079104	31.227261
X_8	-53.590117	41.736496

Summary result of REML analysis has been saved in the file [/raid/genevol/users/lucas/heritability/03.Heritability/Results/V3/HLA-DQA1/GeuvadisHLA-DQA11.hsq].

Analysis finished at 23:27:27 -03 on Wed Jun 09 2021
Overall computational time: 1.04 sec.
