*******************************************************************
* Genome-wide Complex Trait Analysis (GCTA)
* version 1.93.2 beta Linux
* (C) 2010-present, Jian Yang, The University of Queensland
* Please report bugs to Jian Yang <jian.yang.qt@gmail.com>
*******************************************************************
Analysis started at 23:27:37 -03 on Wed Jun 09 2021.
Hostname: darwin

Accepted options:
--reml
--reml-alg 0
--reml-maxit 1000
--grm /scratch/genevol/users/lucas/V3/grmNAfr
--pheno /raid/genevol/users/lucas/heritability/02.GCTA/data/geneNAfrHLA-DQA1.txt
--covar /raid/genevol/users/lucas/heritability/02.GCTA/data/envir2.txt
--reml-est-fix
--out /raid/genevol/users/lucas/heritability/03.Heritability/Results/V3/HLA-DQA1/NAfrHLA-DQA12

Note: This is a multi-thread program. You could specify the number of threads by the --thread-num option to speed up the computation if there are multiple processors in your machine.

Reading IDs of the GRM from [/scratch/genevol/users/lucas/V3/grmNAfr.grm.id].
358 IDs read from [/scratch/genevol/users/lucas/V3/grmNAfr.grm.id].
Reading the GRM from [/scratch/genevol/users/lucas/V3/grmNAfr.grm.bin].
GRM for 358 individuals are included from [/scratch/genevol/users/lucas/V3/grmNAfr.grm.bin].
Reading phenotypes from [/raid/genevol/users/lucas/heritability/02.GCTA/data/geneNAfrHLA-DQA1.txt].
Non-missing phenotypes of 358 individuals are included from [/raid/genevol/users/lucas/heritability/02.GCTA/data/geneNAfrHLA-DQA1.txt].
Reading discrete covariate(s) from [/raid/genevol/users/lucas/heritability/02.GCTA/data/envir2.txt].
1 discrete covariate(s) of 445 individuals are included from [/raid/genevol/users/lucas/heritability/02.GCTA/data/envir2.txt].

1 discrete variable(s) included as covariate(s).
358 individuals are in common in these files.

Performing  REML analysis ... (Note: may take hours depending on sample size).
358 observations, 7 fixed effect(s), and 2 variance component(s)(including residual variance).
Calculating prior values of variance components by EM-REML ...
Updated prior values: 24372.2 24319.3
logL: -2081.06
Running AI-REML algorithm ...
Iter.	logL	V(G)	V(e)	
1	-2081.03	38872.77665	9640.58153	
2	-2080.81	48261.88063	0.04923	(1 component(s) constrained)
3	-2080.81	48351.12611	0.04923	(1 component(s) constrained)
4	-2079.87	48343.06655	0.04923	(1 component(s) constrained)
5	-2079.70	48349.94611	0.04923	(1 component(s) constrained)
6	-2080.33	48335.47357	0.04923	(1 component(s) constrained)
7	-2081.41	48337.30021	0.04923	(1 component(s) constrained)
8	-2080.11	48347.46513	0.04923	(1 component(s) constrained)
9	-2079.64	48346.09488	0.04923	(1 component(s) constrained)
10	-2080.52	48348.54442	0.04923	(1 component(s) constrained)
11	-2080.58	48345.31228	0.04923	(1 component(s) constrained)
12	-2081.35	48348.71948	0.04923	(1 component(s) constrained)
13	-2079.96	48343.33899	0.04923	(1 component(s) constrained)
14	-2080.99	48343.28715	0.04923	(1 component(s) constrained)
15	-2080.09	48342.13454	0.04923	(1 component(s) constrained)
16	-2080.68	48336.77646	0.04923	(1 component(s) constrained)
17	-2081.70	48344.53105	0.04923	(1 component(s) constrained)
18	-2081.13	48345.82697	0.04923	(1 component(s) constrained)
19	-2081.26	48350.73788	0.04923	(1 component(s) constrained)
20	-2080.97	48347.87447	0.04923	(1 component(s) constrained)
21	-2080.27	48345.67905	0.04923	(1 component(s) constrained)
22	-2080.72	48337.15568	0.04923	(1 component(s) constrained)
23	-2079.99	48340.43304	0.04923	(1 component(s) constrained)
24	-2080.63	48344.08565	0.04923	(1 component(s) constrained)
25	-2080.72	48352.42571	0.04923	(1 component(s) constrained)
26	-2080.63	48356.02055	0.04923	(1 component(s) constrained)
27	-2080.06	48336.81246	0.04923	(1 component(s) constrained)
28	-2080.89	48339.23757	0.04923	(1 component(s) constrained)
29	-2080.44	48344.65970	0.04923	(1 component(s) constrained)
30	-2081.68	48347.71139	0.04923	(1 component(s) constrained)
31	-2079.49	48345.65053	0.04923	(1 component(s) constrained)
32	-2082.01	48346.35266	0.04923	(1 component(s) constrained)
33	-2081.25	48342.83277	0.04923	(1 component(s) constrained)
34	-2080.19	48350.08333	0.04923	(1 component(s) constrained)
35	-2080.72	48350.31727	0.04923	(1 component(s) constrained)
36	-2081.29	48338.76674	0.04923	(1 component(s) constrained)
37	-2081.37	48348.70308	0.04923	(1 component(s) constrained)
38	-2081.34	48338.51412	0.04923	(1 component(s) constrained)
39	-2080.74	48340.30829	0.04923	(1 component(s) constrained)
40	-2081.82	48342.20544	0.04923	(1 component(s) constrained)
41	-2081.94	48342.07392	0.04923	(1 component(s) constrained)
42	-2080.75	48338.36516	0.04923	(1 component(s) constrained)
43	-2079.98	48340.95315	0.04923	(1 component(s) constrained)
44	-2079.99	48339.54755	0.04923	(1 component(s) constrained)
Log-likelihood ratio converged.

Calculating the logLikelihood for the reduced model ...
(variance component 1 is dropped from the model)
Calculating prior values of variance components by EM-REML ...
Updated prior values: 48210.80028
logL: -2081.45264
Running AI-REML algorithm ...
Iter.	logL	V(e)	
1	-2081.41	48204.38490	
2	-2081.41	48190.50301	
3	-2081.41	48190.50700	
Log-likelihood ratio converged.

Summary result of REML analysis:
Source	Variance	SE
V(G)	48339.547550	54702.227258
V(e)	0.049228	54329.261657
Vp	48339.596779	3663.494159
V(G)/Vp	0.999999	1.123908

Sampling variance/covariance of the estimates of variance components:
2.992334e+09	-2.965291e+09	
-2.965291e+09	2.951669e+09	
Estimatesof fixed effects:

Source	Estimate	SE
mean	715.210895	22.681040
X_2	-105.762392	44.885784
X_3	-57.677353	39.410963
X_4	-30.695966	46.312643
X_5	-70.295182	40.524479
X_6	-116.103056	34.751310
X_7	-31.496847	47.226034

Summary result of REML analysis has been saved in the file [/raid/genevol/users/lucas/heritability/03.Heritability/Results/V3/HLA-DQA1/NAfrHLA-DQA12.hsq].

Analysis finished at 23:27:39 -03 on Wed Jun 09 2021
Overall computational time: 1.42 sec.
