*******************************************************************
* Genome-wide Complex Trait Analysis (GCTA)
* version 1.93.2 beta Linux
* (C) 2010-present, Jian Yang, The University of Queensland
* Please report bugs to Jian Yang <jian.yang.qt@gmail.com>
*******************************************************************
Analysis started at 23:21:44 -03 on Wed Jun 09 2021.
Hostname: darwin

Accepted options:
--reml
--reml-alg 0
--reml-maxit 1000
--grm /scratch/genevol/users/lucas/V1/grmGeuvadis
--pheno /raid/genevol/users/lucas/heritability/02.GCTA/data/geneHLA-DRA.txt
--covar /raid/genevol/users/lucas/heritability/02.GCTA/data/envir2.txt
--reml-est-fix
--out /raid/genevol/users/lucas/heritability/03.Heritability/Results/V1/HLA-DRA/GeuvadisHLA-DRA2

Note: This is a multi-thread program. You could specify the number of threads by the --thread-num option to speed up the computation if there are multiple processors in your machine.

Reading IDs of the GRM from [/scratch/genevol/users/lucas/V1/grmGeuvadis.grm.id].
445 IDs read from [/scratch/genevol/users/lucas/V1/grmGeuvadis.grm.id].
Reading the GRM from [/scratch/genevol/users/lucas/V1/grmGeuvadis.grm.bin].
GRM for 445 individuals are included from [/scratch/genevol/users/lucas/V1/grmGeuvadis.grm.bin].
Reading phenotypes from [/raid/genevol/users/lucas/heritability/02.GCTA/data/geneHLA-DRA.txt].
Non-missing phenotypes of 445 individuals are included from [/raid/genevol/users/lucas/heritability/02.GCTA/data/geneHLA-DRA.txt].
Reading discrete covariate(s) from [/raid/genevol/users/lucas/heritability/02.GCTA/data/envir2.txt].
1 discrete covariate(s) of 445 individuals are included from [/raid/genevol/users/lucas/heritability/02.GCTA/data/envir2.txt].

1 discrete variable(s) included as covariate(s).
445 individuals are in common in these files.

Performing  REML analysis ... (Note: may take hours depending on sample size).
445 observations, 7 fixed effect(s), and 2 variance component(s)(including residual variance).
Calculating prior values of variance components by EM-REML ...
Updated prior values: 193998 199360
logL: -3051.53
Running AI-REML algorithm ...
Iter.	logL	V(G)	V(e)	
1	-3051.43	88681.03900	292100.81692	
2	-3048.68	0.39020	373894.85836	(1 component(s) constrained)
3	-3049.27	4147.07318	371367.92618	
4	-3048.64	18976.08001	360558.76075	
5	-3047.83	31022.82614	349891.53628	
6	-3047.74	29726.03876	351484.67637	
7	-3047.74	30319.22344	350901.64431	
8	-3047.74	30064.57814	351153.14622	
9	-3047.74	30176.41985	351042.91500	
10	-3047.74	30127.76428	351090.91163	
11	-3047.74	30149.02117	351069.95072	
Log-likelihood ratio converged.

Calculating the logLikelihood for the reduced model ...
(variance component 1 is dropped from the model)
Calculating prior values of variance components by EM-REML ...
Updated prior values: 383959.82934
logL: -3049.22058
Running AI-REML algorithm ...
Iter.	logL	V(e)	
1	-3049.19	383928.30928	
2	-3049.19	383860.09610	
3	-3049.19	383860.10822	
Log-likelihood ratio converged.

Summary result of REML analysis:
Source	Variance	SE
V(G)	30149.021171	35258.860050
V(e)	351069.950717	42047.741505
Vp	381218.971888	25764.929010
V(G)/Vp	0.079086	0.092235

Sampling variance/covariance of the estimates of variance components:
1.243187e+09	-1.173684e+09	
-1.173684e+09	1.768013e+09	
Estimatesof fixed effects:

Source	Estimate	SE
mean	1978.032228	63.770887
X_2	-166.271812	114.756787
X_3	-162.162239	100.765355
X_4	-130.405639	116.814040
X_5	-69.266026	101.845097
X_6	-284.710029	87.666811
X_7	-20.497800	116.977460

Summary result of REML analysis has been saved in the file [/raid/genevol/users/lucas/heritability/03.Heritability/Results/V1/HLA-DRA/GeuvadisHLA-DRA2.hsq].

Analysis finished at 23:21:45 -03 on Wed Jun 09 2021
Overall computational time: 1.35 sec.
