*******************************************************************
* Genome-wide Complex Trait Analysis (GCTA)
* version 1.93.2 beta Linux
* (C) 2010-present, Jian Yang, The University of Queensland
* Please report bugs to Jian Yang <jian.yang.qt@gmail.com>
*******************************************************************
Analysis started at 23:21:45 -03 on Wed Jun 09 2021.
Hostname: darwin

Accepted options:
--reml
--reml-alg 0
--reml-maxit 1000
--grm /scratch/genevol/users/lucas/V1/grmNAfr
--pheno /raid/genevol/users/lucas/heritability/02.GCTA/data/geneNAfrHLA-DRA.txt
--covar /raid/genevol/users/lucas/heritability/02.GCTA/data/envir2.txt
--reml-est-fix
--out /raid/genevol/users/lucas/heritability/03.Heritability/Results/V1/HLA-DRA/NAfrHLA-DRA2

Note: This is a multi-thread program. You could specify the number of threads by the --thread-num option to speed up the computation if there are multiple processors in your machine.

Reading IDs of the GRM from [/scratch/genevol/users/lucas/V1/grmNAfr.grm.id].
358 IDs read from [/scratch/genevol/users/lucas/V1/grmNAfr.grm.id].
Reading the GRM from [/scratch/genevol/users/lucas/V1/grmNAfr.grm.bin].
GRM for 358 individuals are included from [/scratch/genevol/users/lucas/V1/grmNAfr.grm.bin].
Reading phenotypes from [/raid/genevol/users/lucas/heritability/02.GCTA/data/geneNAfrHLA-DRA.txt].
Non-missing phenotypes of 358 individuals are included from [/raid/genevol/users/lucas/heritability/02.GCTA/data/geneNAfrHLA-DRA.txt].
Reading discrete covariate(s) from [/raid/genevol/users/lucas/heritability/02.GCTA/data/envir2.txt].
1 discrete covariate(s) of 445 individuals are included from [/raid/genevol/users/lucas/heritability/02.GCTA/data/envir2.txt].

1 discrete variable(s) included as covariate(s).
358 individuals are in common in these files.

Performing  REML analysis ... (Note: may take hours depending on sample size).
358 observations, 7 fixed effect(s), and 2 variance component(s)(including residual variance).
Calculating prior values of variance components by EM-REML ...
Updated prior values: 206434 202778
logL: -2454.14
Running AI-REML algorithm ...
Iter.	logL	V(G)	V(e)	
1	-2454.04	394899.05636	0.41612	(1 component(s) constrained)
2	-2451.51	365101.34620	0.41612	(1 component(s) constrained)
3	-2451.44	365753.25798	0.41612	(1 component(s) constrained)
4	-2452.22	367193.65853	0.41612	(1 component(s) constrained)
5	-2452.12	367221.37261	0.41612	(1 component(s) constrained)
6	-2451.24	367177.03683	0.41612	(1 component(s) constrained)
7	-2451.87	367222.19873	0.41612	(1 component(s) constrained)
8	-2451.35	367192.83878	0.41612	(1 component(s) constrained)
9	-2452.24	367202.92110	0.41612	(1 component(s) constrained)
10	-2452.47	367202.76637	0.41612	(1 component(s) constrained)
11	-2451.88	367174.84217	0.41612	(1 component(s) constrained)
12	-2451.08	367253.12751	0.41612	(1 component(s) constrained)
13	-2450.97	367197.16060	0.41612	(1 component(s) constrained)
14	-2451.83	367193.54020	0.41612	(1 component(s) constrained)
15	-2450.91	367216.98290	0.41612	(1 component(s) constrained)
16	-2452.22	367237.76088	0.41612	(1 component(s) constrained)
17	-2452.17	367229.23246	0.41612	(1 component(s) constrained)
18	-2451.58	367252.04089	0.41612	(1 component(s) constrained)
19	-2451.48	367190.84693	0.41612	(1 component(s) constrained)
20	-2451.87	367189.86388	0.41612	(1 component(s) constrained)
21	-2451.96	367196.74807	0.41612	(1 component(s) constrained)
22	-2451.30	367216.42220	0.41612	(1 component(s) constrained)
23	-2452.37	367274.06181	0.41612	(1 component(s) constrained)
24	-2451.98	367243.52604	0.41612	(1 component(s) constrained)
25	-2451.16	367272.57737	0.41612	(1 component(s) constrained)
26	-2451.52	367270.97110	0.41612	(1 component(s) constrained)
27	-2452.11	367255.68344	0.41612	(1 component(s) constrained)
28	-2452.13	367228.45395	0.41612	(1 component(s) constrained)
29	-2451.64	367220.71648	0.41612	(1 component(s) constrained)
30	-2451.94	367223.09585	0.41612	(1 component(s) constrained)
31	-2452.47	367150.02567	0.41612	(1 component(s) constrained)
32	-2451.86	367253.61612	0.41612	(1 component(s) constrained)
33	-2451.38	367209.43606	0.41612	(1 component(s) constrained)
34	-2451.08	367233.35644	0.41612	(1 component(s) constrained)
35	-2451.30	367228.34852	0.41612	(1 component(s) constrained)
36	-2451.99	367207.54771	0.41612	(1 component(s) constrained)
37	-2451.85	367262.70304	0.41612	(1 component(s) constrained)
38	-2451.60	367197.78565	0.41612	(1 component(s) constrained)
39	-2451.83	367302.45917	0.41612	(1 component(s) constrained)
40	-2451.69	367212.81116	0.41612	(1 component(s) constrained)
41	-2451.76	367198.92616	0.41612	(1 component(s) constrained)
42	-2451.80	367252.01826	0.41612	(1 component(s) constrained)
43	-2451.83	367183.90536	0.41612	(1 component(s) constrained)
44	-2451.84	367150.11142	0.41612	(1 component(s) constrained)
Log-likelihood ratio converged.

Calculating the logLikelihood for the reduced model ...
(variance component 1 is dropped from the model)
Calculating prior values of variance components by EM-REML ...
Updated prior values: 412400.35732
logL: -2458.15796
Running AI-REML algorithm ...
Iter.	logL	V(e)	
1	-2458.15	412376.89777	
2	-2458.15	412326.12535	
3	-2458.15	412326.13160	
Log-likelihood ratio converged.

Summary result of REML analysis:
Source	Variance	SE
V(G)	367150.111421	269909.982862
V(e)	0.416122	275838.368979
Vp	367150.527543	27670.531735
V(G)/Vp	0.999999	0.751295

Sampling variance/covariance of the estimates of variance components:
7.285140e+10	-7.408627e+10	
-7.408627e+10	7.608681e+10	
Estimatesof fixed effects:

Source	Estimate	SE
mean	1923.187872	62.701010
X_2	-222.025774	124.137891
X_3	-110.758140	108.821139
X_4	-92.928746	128.217336
X_5	-72.394247	112.027803
X_6	-254.553190	96.161686
X_7	0.932724	130.421221

Summary result of REML analysis has been saved in the file [/raid/genevol/users/lucas/heritability/03.Heritability/Results/V1/HLA-DRA/NAfrHLA-DRA2.hsq].

Analysis finished at 23:21:47 -03 on Wed Jun 09 2021
Overall computational time: 1.69 sec.
