*******************************************************************
* Genome-wide Complex Trait Analysis (GCTA)
* version 1.93.2 beta Linux
* (C) 2010-present, Jian Yang, The University of Queensland
* Please report bugs to Jian Yang <jian.yang.qt@gmail.com>
*******************************************************************
Analysis started at 23:21:18 -03 on Wed Jun 09 2021.
Hostname: darwin

Accepted options:
--reml
--reml-alg 0
--reml-maxit 1000
--grm /scratch/genevol/users/lucas/V1/grmFull
--pheno /raid/genevol/users/lucas/heritability/02.GCTA/data/geneHLA-DQB1.txt
--covar /raid/genevol/users/lucas/heritability/02.GCTA/data/envir2.txt
--reml-est-fix
--out /raid/genevol/users/lucas/heritability/03.Heritability/Results/V1/HLA-DQB1/FullHLA-DQB12

Note: This is a multi-thread program. You could specify the number of threads by the --thread-num option to speed up the computation if there are multiple processors in your machine.

Reading IDs of the GRM from [/scratch/genevol/users/lucas/V1/grmFull.grm.id].
2504 IDs read from [/scratch/genevol/users/lucas/V1/grmFull.grm.id].
Reading the GRM from [/scratch/genevol/users/lucas/V1/grmFull.grm.bin].
GRM for 2504 individuals are included from [/scratch/genevol/users/lucas/V1/grmFull.grm.bin].
Reading phenotypes from [/raid/genevol/users/lucas/heritability/02.GCTA/data/geneHLA-DQB1.txt].
Non-missing phenotypes of 445 individuals are included from [/raid/genevol/users/lucas/heritability/02.GCTA/data/geneHLA-DQB1.txt].
Reading discrete covariate(s) from [/raid/genevol/users/lucas/heritability/02.GCTA/data/envir2.txt].
1 discrete covariate(s) of 445 individuals are included from [/raid/genevol/users/lucas/heritability/02.GCTA/data/envir2.txt].

1 discrete variable(s) included as covariate(s).
445 individuals are in common in these files.

Performing  REML analysis ... (Note: may take hours depending on sample size).
445 observations, 7 fixed effect(s), and 2 variance component(s)(including residual variance).
Calculating prior values of variance components by EM-REML ...
Updated prior values: 15808.6 17145.5
logL: -2543.56
Running AI-REML algorithm ...
Iter.	logL	V(G)	V(e)	
1	-2535.14	17813.63107	11121.42269	
2	-2533.09	19436.08140	6875.57064	
3	-2532.24	20725.28781	3783.89275	
4	-2531.87	20466.61256	0.03852	(1 component(s) constrained)
5	-2532.06	20389.61439	0.03852	(1 component(s) constrained)
6	-2532.12	20389.90300	0.03852	(1 component(s) constrained)
7	-2532.12	20389.90301	0.03852	(1 component(s) constrained)
8	-2532.12	20389.90301	0.03852	(1 component(s) constrained)
Log-likelihood ratio converged.

Calculating the logLikelihood for the reduced model ...
(variance component 1 is dropped from the model)
Calculating prior values of variance components by EM-REML ...
Updated prior values: 36358.12799
logL: -2533.20203
Running AI-REML algorithm ...
Iter.	logL	V(e)	
1	-2532.83	36347.17470	
2	-2532.83	36323.48327	
3	-2532.83	36323.49870	
Log-likelihood ratio converged.

Summary result of REML analysis:
Source	Variance	SE
V(G)	20389.903007	14779.095554
V(e)	0.038525	24086.987590
Vp	20389.941531	9461.759784
V(G)/Vp	0.999998	1.181316

Sampling variance/covariance of the estimates of variance components:
2.184217e+08	-3.545399e+08	
-3.545399e+08	5.801830e+08	
Estimatesof fixed effects:

Source	Estimate	SE
mean	636.953559	26.446302
X_2	-51.289612	33.983001
X_3	-76.315482	29.823957
X_4	-81.757922	34.642384
X_5	-48.337160	30.083335
X_6	-124.462016	25.945469
X_7	35.081930	34.392154

Summary result of REML analysis has been saved in the file [/raid/genevol/users/lucas/heritability/03.Heritability/Results/V1/HLA-DQB1/FullHLA-DQB12.hsq].

Analysis finished at 23:21:19 -03 on Wed Jun 09 2021
Overall computational time: 1.43 sec.
