*******************************************************************
* Genome-wide Complex Trait Analysis (GCTA)
* version 1.93.2 beta Linux
* (C) 2010-present, Jian Yang, The University of Queensland
* Please report bugs to Jian Yang <jian.yang.qt@gmail.com>
*******************************************************************
Analysis started at 23:20:50 -03 on Wed Jun 09 2021.
Hostname: darwin

Accepted options:
--reml
--reml-alg 0
--reml-maxit 1000
--grm /scratch/genevol/users/lucas/V1/grmNAfr
--pheno /raid/genevol/users/lucas/heritability/02.GCTA/data/geneNAfrHLA-DQB1.txt
--covar /raid/genevol/users/lucas/heritability/02.GCTA/data/envir0.txt
--reml-est-fix
--out /raid/genevol/users/lucas/heritability/03.Heritability/Results/V1/HLA-DQB1/NAfrHLA-DQB10

Note: This is a multi-thread program. You could specify the number of threads by the --thread-num option to speed up the computation if there are multiple processors in your machine.

Reading IDs of the GRM from [/scratch/genevol/users/lucas/V1/grmNAfr.grm.id].
358 IDs read from [/scratch/genevol/users/lucas/V1/grmNAfr.grm.id].
Reading the GRM from [/scratch/genevol/users/lucas/V1/grmNAfr.grm.bin].
GRM for 358 individuals are included from [/scratch/genevol/users/lucas/V1/grmNAfr.grm.bin].
Reading phenotypes from [/raid/genevol/users/lucas/heritability/02.GCTA/data/geneNAfrHLA-DQB1.txt].
Non-missing phenotypes of 358 individuals are included from [/raid/genevol/users/lucas/heritability/02.GCTA/data/geneNAfrHLA-DQB1.txt].
Reading discrete covariate(s) from [/raid/genevol/users/lucas/heritability/02.GCTA/data/envir0.txt].
3 discrete covariate(s) of 445 individuals are included from [/raid/genevol/users/lucas/heritability/02.GCTA/data/envir0.txt].

3 discrete variable(s) included as covariate(s).
358 individuals are in common in these files.

Performing  REML analysis ... (Note: may take hours depending on sample size).
358 observations, 11 fixed effect(s), and 2 variance component(s)(including residual variance).
Calculating prior values of variance components by EM-REML ...
Updated prior values: 17172.5 17114.8
logL: -1988.18
Running AI-REML algorithm ...
Iter.	logL	V(G)	V(e)	
1	-1984.72	32569.28831	0.03841	(1 component(s) constrained)
2	-1983.37	31601.20224	0.03841	(1 component(s) constrained)
3	-1983.70	30988.10997	0.03841	(1 component(s) constrained)
4	-1983.29	29742.24639	0.03841	(1 component(s) constrained)
5	-1983.74	29778.25596	0.03841	(1 component(s) constrained)
6	-1983.53	29779.10677	0.03841	(1 component(s) constrained)
7	-1983.31	29789.41917	0.03841	(1 component(s) constrained)
8	-1981.98	29782.93141	0.03841	(1 component(s) constrained)
9	-1983.69	29783.50380	0.03841	(1 component(s) constrained)
10	-1982.85	29768.59016	0.03841	(1 component(s) constrained)
11	-1982.07	29780.22776	0.03841	(1 component(s) constrained)
12	-1982.26	29790.31536	0.03841	(1 component(s) constrained)
13	-1982.21	29780.29024	0.03841	(1 component(s) constrained)
14	-1983.09	29794.81325	0.03841	(1 component(s) constrained)
15	-1982.03	29773.65075	0.03841	(1 component(s) constrained)
16	-1982.66	29776.83084	0.03841	(1 component(s) constrained)
17	-1983.32	29774.27608	0.03841	(1 component(s) constrained)
18	-1981.98	29780.17750	0.03841	(1 component(s) constrained)
19	-1984.07	29779.18374	0.03841	(1 component(s) constrained)
20	-1981.14	29787.95683	0.03841	(1 component(s) constrained)
21	-1980.91	29783.86474	0.03841	(1 component(s) constrained)
22	-1983.05	29776.92391	0.03841	(1 component(s) constrained)
23	-1982.41	29793.91163	0.03841	(1 component(s) constrained)
24	-1981.67	29780.51845	0.03841	(1 component(s) constrained)
25	-1982.24	29781.27682	0.03841	(1 component(s) constrained)
26	-1981.59	29768.24967	0.03841	(1 component(s) constrained)
27	-1981.22	29774.81794	0.03841	(1 component(s) constrained)
28	-1983.03	29776.31192	0.03841	(1 component(s) constrained)
29	-1981.07	29777.20285	0.03841	(1 component(s) constrained)
30	-1983.45	29776.45531	0.03841	(1 component(s) constrained)
31	-1982.21	29780.49955	0.03841	(1 component(s) constrained)
32	-1983.47	29781.28106	0.03841	(1 component(s) constrained)
33	-1982.02	29784.84088	0.03841	(1 component(s) constrained)
34	-1983.73	29782.68637	0.03841	(1 component(s) constrained)
35	-1982.65	29793.97775	0.03841	(1 component(s) constrained)
36	-1981.52	29792.18386	0.03841	(1 component(s) constrained)
37	-1982.47	29790.00905	0.03841	(1 component(s) constrained)
38	-1983.48	29785.58828	0.03841	(1 component(s) constrained)
39	-1982.72	29786.44625	0.03841	(1 component(s) constrained)
40	-1982.85	29782.84386	0.03841	(1 component(s) constrained)
41	-1982.81	29775.87435	0.03841	(1 component(s) constrained)
42	-1982.51	29793.95094	0.03841	(1 component(s) constrained)
43	-1981.65	29784.90465	0.03841	(1 component(s) constrained)
44	-1984.98	29781.67124	0.03841	(1 component(s) constrained)
45	-1981.14	29770.76365	0.03841	(1 component(s) constrained)
46	-1980.54	29772.71497	0.03841	(1 component(s) constrained)
47	-1983.86	29783.31733	0.03841	(1 component(s) constrained)
48	-1980.94	29774.90842	0.03841	(1 component(s) constrained)
49	-1984.55	29776.33654	0.03841	(1 component(s) constrained)
50	-1983.00	29780.34932	0.03841	(1 component(s) constrained)
51	-1983.14	29780.42619	0.03841	(1 component(s) constrained)
52	-1981.48	29777.58539	0.03841	(1 component(s) constrained)
53	-1983.96	29779.10328	0.03841	(1 component(s) constrained)
54	-1981.27	29783.37438	0.03841	(1 component(s) constrained)
55	-1982.62	29784.36399	0.03841	(1 component(s) constrained)
56	-1984.53	29784.09613	0.03841	(1 component(s) constrained)
57	-1984.90	29779.11387	0.03841	(1 component(s) constrained)
58	-1982.52	29777.98994	0.03841	(1 component(s) constrained)
59	-1981.33	29779.16786	0.03841	(1 component(s) constrained)
60	-1982.15	29779.37523	0.03841	(1 component(s) constrained)
61	-1983.17	29778.44191	0.03841	(1 component(s) constrained)
62	-1983.81	29782.87558	0.03841	(1 component(s) constrained)
63	-1982.28	29785.06268	0.03841	(1 component(s) constrained)
64	-1982.05	29786.74015	0.03841	(1 component(s) constrained)
65	-1982.26	29781.89049	0.03841	(1 component(s) constrained)
66	-1980.81	29778.32400	0.03841	(1 component(s) constrained)
67	-1984.11	29778.76313	0.03841	(1 component(s) constrained)
68	-1984.74	29780.23273	0.03841	(1 component(s) constrained)
69	-1981.80	29783.34012	0.03841	(1 component(s) constrained)
70	-1982.05	29785.26883	0.03841	(1 component(s) constrained)
71	-1982.73	29789.44243	0.03841	(1 component(s) constrained)
72	-1982.80	29773.09580	0.03841	(1 component(s) constrained)
73	-1981.44	29796.26998	0.03841	(1 component(s) constrained)
74	-1983.13	29792.63036	0.03841	(1 component(s) constrained)
75	-1985.77	29784.45026	0.03841	(1 component(s) constrained)
76	-1982.72	29776.71375	0.03841	(1 component(s) constrained)
77	-1983.17	29774.37198	0.03841	(1 component(s) constrained)
78	-1982.04	29776.56788	0.03841	(1 component(s) constrained)
79	-1982.64	29778.16452	0.03841	(1 component(s) constrained)
80	-1981.82	29790.37095	0.03841	(1 component(s) constrained)
81	-1981.18	29779.25104	0.03841	(1 component(s) constrained)
82	-1982.78	29780.68159	0.03841	(1 component(s) constrained)
83	-1981.56	29780.01896	0.03841	(1 component(s) constrained)
84	-1982.51	29779.39802	0.03841	(1 component(s) constrained)
85	-1980.79	29779.26443	0.03841	(1 component(s) constrained)
86	-1982.75	29779.73027	0.03841	(1 component(s) constrained)
87	-1982.36	29775.88640	0.03841	(1 component(s) constrained)
88	-1982.11	29793.13212	0.03841	(1 component(s) constrained)
89	-1982.37	29775.68992	0.03841	(1 component(s) constrained)
90	-1982.67	29782.70543	0.03841	(1 component(s) constrained)
91	-1982.28	29784.23567	0.03841	(1 component(s) constrained)
92	-1982.42	29784.18167	0.03841	(1 component(s) constrained)
93	-1983.88	29774.46994	0.03841	(1 component(s) constrained)
94	-1982.95	29778.16223	0.03841	(1 component(s) constrained)
95	-1983.01	29780.21095	0.03841	(1 component(s) constrained)
96	-1983.39	29791.80212	0.03841	(1 component(s) constrained)
97	-1981.21	29780.95142	0.03841	(1 component(s) constrained)
98	-1982.86	29781.09271	0.03841	(1 component(s) constrained)
99	-1983.57	29782.99130	0.03841	(1 component(s) constrained)
100	-1981.65	29781.04779	0.03841	(1 component(s) constrained)
101	-1980.70	29776.64970	0.03841	(1 component(s) constrained)
102	-1982.14	29776.68075	0.03841	(1 component(s) constrained)
103	-1980.94	29775.34675	0.03841	(1 component(s) constrained)
104	-1981.18	29776.42347	0.03841	(1 component(s) constrained)
105	-1982.50	29779.43219	0.03841	(1 component(s) constrained)
106	-1980.67	29772.82636	0.03841	(1 component(s) constrained)
107	-1981.87	29777.25907	0.03841	(1 component(s) constrained)
108	-1981.67	29775.21578	0.03841	(1 component(s) constrained)
109	-1982.11	29787.92052	0.03841	(1 component(s) constrained)
110	-1982.07	29781.63988	0.03841	(1 component(s) constrained)
111	-1983.64	29761.05879	0.03841	(1 component(s) constrained)
112	-1982.09	29774.39400	0.03841	(1 component(s) constrained)
113	-1983.43	29774.17352	0.03841	(1 component(s) constrained)
114	-1982.42	29784.38266	0.03841	(1 component(s) constrained)
115	-1983.25	29778.95206	0.03841	(1 component(s) constrained)
116	-1982.72	29786.01849	0.03841	(1 component(s) constrained)
117	-1982.24	29776.07433	0.03841	(1 component(s) constrained)
118	-1982.27	29784.48190	0.03841	(1 component(s) constrained)
119	-1984.36	29786.68192	0.03841	(1 component(s) constrained)
120	-1983.54	29771.79109	0.03841	(1 component(s) constrained)
121	-1981.83	29774.31221	0.03841	(1 component(s) constrained)
122	-1983.00	29773.70478	0.03841	(1 component(s) constrained)
123	-1982.29	29773.33188	0.03841	(1 component(s) constrained)
124	-1982.03	29785.21471	0.03841	(1 component(s) constrained)
125	-1983.28	29776.02963	0.03841	(1 component(s) constrained)
126	-1983.25	29768.59060	0.03841	(1 component(s) constrained)
127	-1984.34	29784.15720	0.03841	(1 component(s) constrained)
128	-1983.24	29779.27120	0.03841	(1 component(s) constrained)
129	-1983.07	29778.56102	0.03841	(1 component(s) constrained)
130	-1982.43	29776.86068	0.03841	(1 component(s) constrained)
131	-1982.05	29771.47503	0.03841	(1 component(s) constrained)
132	-1981.70	29783.16750	0.03841	(1 component(s) constrained)
133	-1982.57	29797.55479	0.03841	(1 component(s) constrained)
134	-1983.58	29783.05834	0.03841	(1 component(s) constrained)
135	-1983.02	29785.80794	0.03841	(1 component(s) constrained)
136	-1982.94	29787.07613	0.03841	(1 component(s) constrained)
137	-1981.64	29774.05138	0.03841	(1 component(s) constrained)
138	-1982.82	29775.59446	0.03841	(1 component(s) constrained)
139	-1982.47	29774.83705	0.03841	(1 component(s) constrained)
140	-1982.59	29773.97707	0.03841	(1 component(s) constrained)
141	-1983.00	29784.05325	0.03841	(1 component(s) constrained)
142	-1981.29	29764.73508	0.03841	(1 component(s) constrained)
143	-1982.35	29770.55575	0.03841	(1 component(s) constrained)
144	-1981.97	29779.96171	0.03841	(1 component(s) constrained)
145	-1982.61	29793.66166	0.03841	(1 component(s) constrained)
146	-1983.28	29774.22716	0.03841	(1 component(s) constrained)
147	-1981.20	29772.09677	0.03841	(1 component(s) constrained)
148	-1980.93	29774.28127	0.03841	(1 component(s) constrained)
149	-1981.83	29778.59952	0.03841	(1 component(s) constrained)
150	-1980.98	29782.63500	0.03841	(1 component(s) constrained)
151	-1982.11	29791.53071	0.03841	(1 component(s) constrained)
152	-1981.43	29780.01357	0.03841	(1 component(s) constrained)
153	-1981.44	29776.48061	0.03841	(1 component(s) constrained)
154	-1982.07	29780.33730	0.03841	(1 component(s) constrained)
155	-1983.42	29778.89319	0.03841	(1 component(s) constrained)
156	-1982.75	29783.94950	0.03841	(1 component(s) constrained)
157	-1981.74	29780.77325	0.03841	(1 component(s) constrained)
158	-1982.59	29780.44496	0.03841	(1 component(s) constrained)
159	-1981.71	29775.52370	0.03841	(1 component(s) constrained)
160	-1981.80	29788.03059	0.03841	(1 component(s) constrained)
161	-1981.57	29777.47803	0.03841	(1 component(s) constrained)
162	-1983.07	29775.54677	0.03841	(1 component(s) constrained)
163	-1982.31	29782.14053	0.03841	(1 component(s) constrained)
164	-1983.71	29768.04684	0.03841	(1 component(s) constrained)
165	-1983.60	29784.65850	0.03841	(1 component(s) constrained)
166	-1982.85	29772.48342	0.03841	(1 component(s) constrained)
167	-1983.15	29786.51339	0.03841	(1 component(s) constrained)
168	-1981.68	29777.38534	0.03841	(1 component(s) constrained)
169	-1982.20	29778.36125	0.03841	(1 component(s) constrained)
170	-1982.38	29786.95977	0.03841	(1 component(s) constrained)
171	-1983.15	29788.20278	0.03841	(1 component(s) constrained)
172	-1983.06	29773.07939	0.03841	(1 component(s) constrained)
173	-1980.51	29785.15919	0.03841	(1 component(s) constrained)
174	-1982.03	29781.90613	0.03841	(1 component(s) constrained)
175	-1984.52	29785.57846	0.03841	(1 component(s) constrained)
176	-1982.50	29772.80121	0.03841	(1 component(s) constrained)
177	-1982.41	29775.52113	0.03841	(1 component(s) constrained)
178	-1981.30	29781.22854	0.03841	(1 component(s) constrained)
179	-1980.91	29781.58497	0.03841	(1 component(s) constrained)
180	-1981.85	29791.13613	0.03841	(1 component(s) constrained)
181	-1981.62	29777.85933	0.03841	(1 component(s) constrained)
182	-1980.05	29769.02387	0.03841	(1 component(s) constrained)
183	-1980.87	29772.19852	0.03841	(1 component(s) constrained)
184	-1982.58	29783.13741	0.03841	(1 component(s) constrained)
185	-1983.49	29780.35074	0.03841	(1 component(s) constrained)
186	-1983.17	29779.41050	0.03841	(1 component(s) constrained)
187	-1981.53	29775.89624	0.03841	(1 component(s) constrained)
188	-1981.56	29778.55957	0.03841	(1 component(s) constrained)
189	-1982.99	29784.28147	0.03841	(1 component(s) constrained)
190	-1981.46	29779.56757	0.03841	(1 component(s) constrained)
191	-1981.04	29780.68180	0.03841	(1 component(s) constrained)
192	-1983.68	29781.82951	0.03841	(1 component(s) constrained)
193	-1984.86	29789.58831	0.03841	(1 component(s) constrained)
194	-1981.93	29772.75403	0.03841	(1 component(s) constrained)
195	-1982.72	29775.89279	0.03841	(1 component(s) constrained)
196	-1980.83	29781.22464	0.03841	(1 component(s) constrained)
197	-1982.19	29782.24852	0.03841	(1 component(s) constrained)
198	-1981.96	29786.55061	0.03841	(1 component(s) constrained)
199	-1982.32	29782.04265	0.03841	(1 component(s) constrained)
200	-1982.05	29778.38424	0.03841	(1 component(s) constrained)
201	-1984.66	29777.88634	0.03841	(1 component(s) constrained)
202	-1982.92	29784.63147	0.03841	(1 component(s) constrained)
203	-1982.71	29783.76307	0.03841	(1 component(s) constrained)
204	-1981.29	29782.16936	0.03841	(1 component(s) constrained)
205	-1982.45	29781.66520	0.03841	(1 component(s) constrained)
206	-1982.58	29781.73718	0.03841	(1 component(s) constrained)
207	-1982.23	29768.96537	0.03841	(1 component(s) constrained)
208	-1982.73	29790.87679	0.03841	(1 component(s) constrained)
209	-1981.62	29771.73386	0.03841	(1 component(s) constrained)
210	-1983.98	29773.60148	0.03841	(1 component(s) constrained)
211	-1982.61	29778.01026	0.03841	(1 component(s) constrained)
212	-1981.45	29778.71941	0.03841	(1 component(s) constrained)
213	-1981.10	29779.57203	0.03841	(1 component(s) constrained)
214	-1983.57	29788.03295	0.03841	(1 component(s) constrained)
215	-1981.76	29789.49263	0.03841	(1 component(s) constrained)
216	-1983.39	29789.49040	0.03841	(1 component(s) constrained)
217	-1983.29	29775.41434	0.03841	(1 component(s) constrained)
218	-1982.67	29778.84171	0.03841	(1 component(s) constrained)
219	-1982.32	29787.82447	0.03841	(1 component(s) constrained)
220	-1984.94	29793.74566	0.03841	(1 component(s) constrained)
221	-1983.16	29784.16719	0.03841	(1 component(s) constrained)
222	-1983.56	29783.73507	0.03841	(1 component(s) constrained)
223	-1983.32	29776.11001	0.03841	(1 component(s) constrained)
224	-1982.33	29779.49794	0.03841	(1 component(s) constrained)
225	-1981.22	29768.35806	0.03841	(1 component(s) constrained)
226	-1983.77	29772.83368	0.03841	(1 component(s) constrained)
227	-1982.73	29779.26900	0.03841	(1 component(s) constrained)
228	-1985.39	29774.66395	0.03841	(1 component(s) constrained)
229	-1982.01	29783.78068	0.03841	(1 component(s) constrained)
230	-1984.73	29785.09247	0.03841	(1 component(s) constrained)
231	-1982.34	29779.10000	0.03841	(1 component(s) constrained)
232	-1983.12	29775.89118	0.03841	(1 component(s) constrained)
233	-1982.54	29781.91074	0.03841	(1 component(s) constrained)
234	-1980.70	29782.92908	0.03841	(1 component(s) constrained)
235	-1983.35	29783.09899	0.03841	(1 component(s) constrained)
236	-1981.53	29789.08574	0.03841	(1 component(s) constrained)
237	-1982.55	29789.75971	0.03841	(1 component(s) constrained)
238	-1982.63	29774.24503	0.03841	(1 component(s) constrained)
239	-1981.74	29775.95383	0.03841	(1 component(s) constrained)
240	-1981.65	29786.06617	0.03841	(1 component(s) constrained)
241	-1982.63	29788.04958	0.03841	(1 component(s) constrained)
242	-1983.49	29780.96677	0.03841	(1 component(s) constrained)
243	-1982.37	29772.89360	0.03841	(1 component(s) constrained)
244	-1980.28	29776.02979	0.03841	(1 component(s) constrained)
245	-1981.50	29776.55961	0.03841	(1 component(s) constrained)
246	-1982.13	29783.93779	0.03841	(1 component(s) constrained)
247	-1981.99	29777.14388	0.03841	(1 component(s) constrained)
248	-1981.95	29781.00760	0.03841	(1 component(s) constrained)
249	-1983.70	29787.63837	0.03841	(1 component(s) constrained)
250	-1983.25	29781.86666	0.03841	(1 component(s) constrained)
251	-1984.44	29784.66790	0.03841	(1 component(s) constrained)
252	-1982.18	29770.86278	0.03841	(1 component(s) constrained)
253	-1984.03	29775.23759	0.03841	(1 component(s) constrained)
254	-1982.97	29776.09174	0.03841	(1 component(s) constrained)
255	-1983.15	29776.14317	0.03841	(1 component(s) constrained)
256	-1982.53	29787.68454	0.03841	(1 component(s) constrained)
257	-1983.39	29786.55426	0.03841	(1 component(s) constrained)
258	-1982.71	29786.29355	0.03841	(1 component(s) constrained)
259	-1982.81	29783.87360	0.03841	(1 component(s) constrained)
260	-1982.48	29778.45968	0.03841	(1 component(s) constrained)
261	-1982.01	29778.54784	0.03841	(1 component(s) constrained)
262	-1981.22	29781.45516	0.03841	(1 component(s) constrained)
263	-1982.16	29786.02347	0.03841	(1 component(s) constrained)
264	-1983.77	29785.07698	0.03841	(1 component(s) constrained)
265	-1982.97	29773.73662	0.03841	(1 component(s) constrained)
266	-1983.22	29792.95923	0.03841	(1 component(s) constrained)
267	-1980.65	29775.77031	0.03841	(1 component(s) constrained)
268	-1983.61	29777.62422	0.03841	(1 component(s) constrained)
269	-1984.06	29789.30262	0.03841	(1 component(s) constrained)
270	-1982.03	29773.31225	0.03841	(1 component(s) constrained)
271	-1984.13	29776.37186	0.03841	(1 component(s) constrained)
272	-1982.76	29783.90198	0.03841	(1 component(s) constrained)
273	-1981.59	29781.70647	0.03841	(1 component(s) constrained)
274	-1982.81	29781.08725	0.03841	(1 component(s) constrained)
275	-1983.47	29781.49833	0.03841	(1 component(s) constrained)
276	-1982.31	29784.03202	0.03841	(1 component(s) constrained)
277	-1982.73	29781.43448	0.03841	(1 component(s) constrained)
278	-1981.96	29775.48702	0.03841	(1 component(s) constrained)
279	-1981.70	29782.15903	0.03841	(1 component(s) constrained)
280	-1983.68	29785.90976	0.03841	(1 component(s) constrained)
281	-1983.62	29773.48466	0.03841	(1 component(s) constrained)
282	-1981.97	29783.51332	0.03841	(1 component(s) constrained)
283	-1981.93	29784.52441	0.03841	(1 component(s) constrained)
284	-1982.42	29785.60107	0.03841	(1 component(s) constrained)
285	-1982.95	29776.49750	0.03841	(1 component(s) constrained)
286	-1982.24	29788.63105	0.03841	(1 component(s) constrained)
287	-1981.15	29788.11513	0.03841	(1 component(s) constrained)
288	-1983.70	29782.58883	0.03841	(1 component(s) constrained)
289	-1982.20	29785.74294	0.03841	(1 component(s) constrained)
290	-1982.36	29785.15279	0.03841	(1 component(s) constrained)
291	-1982.56	29785.73450	0.03841	(1 component(s) constrained)
292	-1982.14	29785.26813	0.03841	(1 component(s) constrained)
293	-1983.19	29780.82163	0.03841	(1 component(s) constrained)
294	-1983.28	29786.37274	0.03841	(1 component(s) constrained)
295	-1982.92	29778.59283	0.03841	(1 component(s) constrained)
296	-1982.81	29796.20032	0.03841	(1 component(s) constrained)
297	-1980.57	29780.39426	0.03841	(1 component(s) constrained)
298	-1982.83	29782.50926	0.03841	(1 component(s) constrained)
299	-1981.15	29781.88603	0.03841	(1 component(s) constrained)
300	-1982.02	29780.56110	0.03841	(1 component(s) constrained)
301	-1981.29	29780.71057	0.03841	(1 component(s) constrained)
302	-1980.60	29781.20761	0.03841	(1 component(s) constrained)
303	-1983.65	29783.42575	0.03841	(1 component(s) constrained)
304	-1983.43	29786.80373	0.03841	(1 component(s) constrained)
305	-1983.56	29775.44580	0.03841	(1 component(s) constrained)
306	-1981.46	29778.26647	0.03841	(1 component(s) constrained)
307	-1983.74	29780.10759	0.03841	(1 component(s) constrained)
308	-1981.67	29772.03300	0.03841	(1 component(s) constrained)
309	-1982.87	29772.90147	0.03841	(1 component(s) constrained)
310	-1982.59	29786.92639	0.03841	(1 component(s) constrained)
311	-1984.21	29789.47145	0.03841	(1 component(s) constrained)
312	-1982.37	29780.42584	0.03841	(1 component(s) constrained)
313	-1983.61	29781.73817	0.03841	(1 component(s) constrained)
314	-1983.13	29770.96973	0.03841	(1 component(s) constrained)
315	-1981.83	29786.70432	0.03841	(1 component(s) constrained)
316	-1983.10	29786.95715	0.03841	(1 component(s) constrained)
317	-1984.09	29776.68877	0.03841	(1 component(s) constrained)
318	-1983.47	29780.38010	0.03841	(1 component(s) constrained)
319	-1983.09	29780.65121	0.03841	(1 component(s) constrained)
320	-1982.86	29786.46622	0.03841	(1 component(s) constrained)
321	-1984.46	29787.17803	0.03841	(1 component(s) constrained)
322	-1982.98	29767.28076	0.03841	(1 component(s) constrained)
323	-1980.96	29771.90314	0.03841	(1 component(s) constrained)
324	-1983.85	29774.11696	0.03841	(1 component(s) constrained)
325	-1982.83	29777.59576	0.03841	(1 component(s) constrained)
326	-1982.49	29775.50743	0.03841	(1 component(s) constrained)
327	-1982.07	29774.74623	0.03841	(1 component(s) constrained)
328	-1983.56	29776.32704	0.03841	(1 component(s) constrained)
329	-1982.91	29778.17613	0.03841	(1 component(s) constrained)
330	-1981.17	29779.61752	0.03841	(1 component(s) constrained)
331	-1982.82	29779.21313	0.03841	(1 component(s) constrained)
332	-1980.03	29776.59129	0.03841	(1 component(s) constrained)
333	-1981.47	29775.66835	0.03841	(1 component(s) constrained)
334	-1981.41	29770.75749	0.03841	(1 component(s) constrained)
335	-1983.05	29773.61145	0.03841	(1 component(s) constrained)
336	-1982.60	29778.30091	0.03841	(1 component(s) constrained)
337	-1981.81	29779.11639	0.03841	(1 component(s) constrained)
338	-1983.47	29777.94245	0.03841	(1 component(s) constrained)
339	-1983.28	29779.67233	0.03841	(1 component(s) constrained)
340	-1984.02	29775.15693	0.03841	(1 component(s) constrained)
341	-1981.18	29778.78205	0.03841	(1 component(s) constrained)
342	-1980.54	29776.86840	0.03841	(1 component(s) constrained)
343	-1980.75	29783.41827	0.03841	(1 component(s) constrained)
344	-1984.36	29780.90826	0.03841	(1 component(s) constrained)
345	-1982.34	29786.40154	0.03841	(1 component(s) constrained)
346	-1984.48	29783.87533	0.03841	(1 component(s) constrained)
347	-1982.16	29794.40076	0.03841	(1 component(s) constrained)
348	-1981.18	29792.49879	0.03841	(1 component(s) constrained)
349	-1981.83	29783.51598	0.03841	(1 component(s) constrained)
350	-1983.88	29776.31447	0.03841	(1 component(s) constrained)
351	-1981.40	29788.69296	0.03841	(1 component(s) constrained)
352	-1983.42	29786.70669	0.03841	(1 component(s) constrained)
353	-1981.90	29787.85296	0.03841	(1 component(s) constrained)
354	-1983.57	29784.60350	0.03841	(1 component(s) constrained)
355	-1984.75	29780.27403	0.03841	(1 component(s) constrained)
356	-1983.31	29789.73914	0.03841	(1 component(s) constrained)
357	-1981.84	29787.94787	0.03841	(1 component(s) constrained)
358	-1983.90	29783.46774	0.03841	(1 component(s) constrained)
359	-1981.77	29786.38540	0.03841	(1 component(s) constrained)
360	-1982.64	29786.99060	0.03841	(1 component(s) constrained)
361	-1982.93	29783.76472	0.03841	(1 component(s) constrained)
362	-1980.65	29785.24968	0.03841	(1 component(s) constrained)
363	-1983.38	29782.50665	0.03841	(1 component(s) constrained)
364	-1983.96	29785.61612	0.03841	(1 component(s) constrained)
365	-1982.79	29781.22094	0.03841	(1 component(s) constrained)
366	-1982.38	29781.80230	0.03841	(1 component(s) constrained)
367	-1982.90	29786.77669	0.03841	(1 component(s) constrained)
368	-1982.84	29789.65223	0.03841	(1 component(s) constrained)
369	-1983.19	29785.17110	0.03841	(1 component(s) constrained)
370	-1983.01	29783.80996	0.03841	(1 component(s) constrained)
371	-1981.96	29785.33042	0.03841	(1 component(s) constrained)
372	-1981.85	29784.44779	0.03841	(1 component(s) constrained)
373	-1982.35	29785.35646	0.03841	(1 component(s) constrained)
374	-1983.22	29797.72066	0.03841	(1 component(s) constrained)
375	-1983.65	29778.14821	0.03841	(1 component(s) constrained)
376	-1984.12	29782.48507	0.03841	(1 component(s) constrained)
377	-1982.29	29778.26309	0.03841	(1 component(s) constrained)
378	-1981.81	29781.26855	0.03841	(1 component(s) constrained)
379	-1982.12	29785.43665	0.03841	(1 component(s) constrained)
380	-1982.04	29783.46295	0.03841	(1 component(s) constrained)
381	-1983.86	29777.31666	0.03841	(1 component(s) constrained)
382	-1981.23	29777.30507	0.03841	(1 component(s) constrained)
383	-1982.33	29777.96241	0.03841	(1 component(s) constrained)
384	-1982.48	29787.34835	0.03841	(1 component(s) constrained)
385	-1980.62	29769.02012	0.03841	(1 component(s) constrained)
386	-1984.63	29771.22463	0.03841	(1 component(s) constrained)
387	-1982.36	29779.02815	0.03841	(1 component(s) constrained)
388	-1981.39	29781.12946	0.03841	(1 component(s) constrained)
389	-1983.48	29776.40077	0.03841	(1 component(s) constrained)
390	-1983.75	29778.38171	0.03841	(1 component(s) constrained)
391	-1981.89	29780.24409	0.03841	(1 component(s) constrained)
392	-1982.37	29781.03621	0.03841	(1 component(s) constrained)
393	-1982.15	29772.07671	0.03841	(1 component(s) constrained)
394	-1983.87	29778.85382	0.03841	(1 component(s) constrained)
395	-1980.59	29791.07232	0.03841	(1 component(s) constrained)
396	-1982.76	29786.86573	0.03841	(1 component(s) constrained)
397	-1982.43	29772.70688	0.03841	(1 component(s) constrained)
398	-1983.60	29781.92659	0.03841	(1 component(s) constrained)
399	-1981.79	29780.09386	0.03841	(1 component(s) constrained)
400	-1984.75	29778.06348	0.03841	(1 component(s) constrained)
401	-1982.40	29776.42399	0.03841	(1 component(s) constrained)
402	-1983.30	29776.87845	0.03841	(1 component(s) constrained)
403	-1982.81	29785.13680	0.03841	(1 component(s) constrained)
404	-1983.81	29786.22220	0.03841	(1 component(s) constrained)
405	-1982.02	29771.25462	0.03841	(1 component(s) constrained)
406	-1982.51	29773.52217	0.03841	(1 component(s) constrained)
407	-1983.72	29771.02680	0.03841	(1 component(s) constrained)
408	-1982.83	29765.83298	0.03841	(1 component(s) constrained)
409	-1982.11	29781.50935	0.03841	(1 component(s) constrained)
410	-1982.53	29778.70107	0.03841	(1 component(s) constrained)
411	-1981.18	29766.59934	0.03841	(1 component(s) constrained)
412	-1980.53	29772.63725	0.03841	(1 component(s) constrained)
413	-1983.37	29792.01019	0.03841	(1 component(s) constrained)
414	-1983.95	29786.81699	0.03841	(1 component(s) constrained)
415	-1983.15	29780.63814	0.03841	(1 component(s) constrained)
416	-1981.62	29779.97130	0.03841	(1 component(s) constrained)
417	-1983.22	29781.56461	0.03841	(1 component(s) constrained)
418	-1981.89	29793.12084	0.03841	(1 component(s) constrained)
419	-1982.92	29788.56267	0.03841	(1 component(s) constrained)
420	-1982.06	29782.13928	0.03841	(1 component(s) constrained)
421	-1984.56	29770.76854	0.03841	(1 component(s) constrained)
422	-1983.07	29783.57620	0.03841	(1 component(s) constrained)
423	-1982.39	29779.34931	0.03841	(1 component(s) constrained)
424	-1982.81	29777.55325	0.03841	(1 component(s) constrained)
425	-1983.22	29784.76271	0.03841	(1 component(s) constrained)
426	-1983.87	29783.69523	0.03841	(1 component(s) constrained)
427	-1982.71	29786.19389	0.03841	(1 component(s) constrained)
428	-1983.71	29785.89125	0.03841	(1 component(s) constrained)
429	-1983.74	29788.62237	0.03841	(1 component(s) constrained)
430	-1982.53	29788.76312	0.03841	(1 component(s) constrained)
431	-1982.23	29785.84112	0.03841	(1 component(s) constrained)
432	-1983.02	29770.58494	0.03841	(1 component(s) constrained)
433	-1983.62	29776.36520	0.03841	(1 component(s) constrained)
434	-1983.26	29780.21843	0.03841	(1 component(s) constrained)
435	-1983.68	29780.25270	0.03841	(1 component(s) constrained)
436	-1981.49	29776.87689	0.03841	(1 component(s) constrained)
437	-1980.79	29779.38584	0.03841	(1 component(s) constrained)
438	-1984.20	29778.41228	0.03841	(1 component(s) constrained)
439	-1982.26	29776.89454	0.03841	(1 component(s) constrained)
440	-1983.40	29777.97660	0.03841	(1 component(s) constrained)
441	-1982.57	29774.63435	0.03841	(1 component(s) constrained)
442	-1980.78	29780.65070	0.03841	(1 component(s) constrained)
443	-1982.87	29779.26555	0.03841	(1 component(s) constrained)
444	-1982.99	29783.16920	0.03841	(1 component(s) constrained)
445	-1981.55	29784.56651	0.03841	(1 component(s) constrained)
446	-1981.60	29781.65297	0.03841	(1 component(s) constrained)
447	-1982.59	29780.54066	0.03841	(1 component(s) constrained)
448	-1983.05	29762.39585	0.03841	(1 component(s) constrained)
449	-1982.17	29781.34416	0.03841	(1 component(s) constrained)
450	-1982.90	29779.87620	0.03841	(1 component(s) constrained)
451	-1982.42	29779.09944	0.03841	(1 component(s) constrained)
452	-1983.52	29782.24744	0.03841	(1 component(s) constrained)
453	-1982.22	29780.99524	0.03841	(1 component(s) constrained)
454	-1982.11	29781.57735	0.03841	(1 component(s) constrained)
455	-1982.28	29781.20281	0.03841	(1 component(s) constrained)
456	-1982.30	29780.73730	0.03841	(1 component(s) constrained)
457	-1982.62	29783.21940	0.03841	(1 component(s) constrained)
458	-1981.98	29781.00760	0.03841	(1 component(s) constrained)
459	-1981.94	29778.04150	0.03841	(1 component(s) constrained)
460	-1982.34	29788.35414	0.03841	(1 component(s) constrained)
461	-1983.14	29784.51803	0.03841	(1 component(s) constrained)
462	-1982.65	29769.85595	0.03841	(1 component(s) constrained)
463	-1982.99	29783.98016	0.03841	(1 component(s) constrained)
464	-1981.94	29782.05566	0.03841	(1 component(s) constrained)
465	-1982.94	29778.95960	0.03841	(1 component(s) constrained)
466	-1981.68	29780.44086	0.03841	(1 component(s) constrained)
467	-1983.98	29778.82113	0.03841	(1 component(s) constrained)
468	-1983.00	29788.44399	0.03841	(1 component(s) constrained)
469	-1982.70	29782.49569	0.03841	(1 component(s) constrained)
470	-1983.77	29781.44513	0.03841	(1 component(s) constrained)
471	-1984.30	29781.17707	0.03841	(1 component(s) constrained)
472	-1982.21	29779.78332	0.03841	(1 component(s) constrained)
473	-1983.04	29781.59014	0.03841	(1 component(s) constrained)
474	-1981.94	29779.54910	0.03841	(1 component(s) constrained)
475	-1982.04	29778.34393	0.03841	(1 component(s) constrained)
476	-1983.21	29780.02654	0.03841	(1 component(s) constrained)
477	-1983.50	29775.89771	0.03841	(1 component(s) constrained)
478	-1984.90	29782.93356	0.03841	(1 component(s) constrained)
479	-1982.74	29767.28795	0.03841	(1 component(s) constrained)
480	-1982.45	29772.65432	0.03841	(1 component(s) constrained)
481	-1982.27	29775.79896	0.03841	(1 component(s) constrained)
482	-1983.48	29774.84173	0.03841	(1 component(s) constrained)
483	-1982.34	29775.00403	0.03841	(1 component(s) constrained)
484	-1982.06	29776.42280	0.03841	(1 component(s) constrained)
485	-1982.27	29776.22665	0.03841	(1 component(s) constrained)
486	-1980.81	29777.52843	0.03841	(1 component(s) constrained)
487	-1981.73	29780.32387	0.03841	(1 component(s) constrained)
488	-1980.33	29784.74522	0.03841	(1 component(s) constrained)
489	-1982.14	29783.87852	0.03841	(1 component(s) constrained)
490	-1982.69	29783.79007	0.03841	(1 component(s) constrained)
491	-1981.52	29789.15181	0.03841	(1 component(s) constrained)
492	-1983.85	29786.89563	0.03841	(1 component(s) constrained)
493	-1982.56	29786.70203	0.03841	(1 component(s) constrained)
494	-1982.70	29783.75680	0.03841	(1 component(s) constrained)
495	-1982.75	29778.36454	0.03841	(1 component(s) constrained)
496	-1981.17	29773.22782	0.03841	(1 component(s) constrained)
497	-1982.44	29774.47840	0.03841	(1 component(s) constrained)
498	-1981.36	29781.87088	0.03841	(1 component(s) constrained)
499	-1983.93	29781.42998	0.03841	(1 component(s) constrained)
500	-1985.13	29780.80838	0.03841	(1 component(s) constrained)
501	-1981.26	29784.89137	0.03841	(1 component(s) constrained)
502	-1981.78	29784.95150	0.03841	(1 component(s) constrained)
503	-1984.98	29777.75695	0.03841	(1 component(s) constrained)
504	-1983.81	29783.33337	0.03841	(1 component(s) constrained)
505	-1982.10	29785.19139	0.03841	(1 component(s) constrained)
506	-1982.83	29780.73673	0.03841	(1 component(s) constrained)
507	-1982.89	29785.08880	0.03841	(1 component(s) constrained)
508	-1981.24	29781.95718	0.03841	(1 component(s) constrained)
509	-1981.99	29779.19814	0.03841	(1 component(s) constrained)
510	-1981.74	29785.77275	0.03841	(1 component(s) constrained)
511	-1982.55	29793.14395	0.03841	(1 component(s) constrained)
512	-1983.47	29774.17083	0.03841	(1 component(s) constrained)
513	-1982.04	29781.41932	0.03841	(1 component(s) constrained)
514	-1980.93	29782.15159	0.03841	(1 component(s) constrained)
515	-1984.37	29783.51529	0.03841	(1 component(s) constrained)
516	-1981.04	29772.01169	0.03841	(1 component(s) constrained)
517	-1982.14	29773.00339	0.03841	(1 component(s) constrained)
518	-1982.17	29767.40600	0.03841	(1 component(s) constrained)
519	-1982.55	29772.30574	0.03841	(1 component(s) constrained)
520	-1982.33	29781.18525	0.03841	(1 component(s) constrained)
521	-1981.73	29780.83005	0.03841	(1 component(s) constrained)
522	-1981.72	29779.00927	0.03841	(1 component(s) constrained)
523	-1983.26	29779.17178	0.03841	(1 component(s) constrained)
524	-1982.64	29783.62137	0.03841	(1 component(s) constrained)
525	-1983.75	29778.10361	0.03841	(1 component(s) constrained)
526	-1981.41	29778.30336	0.03841	(1 component(s) constrained)
527	-1982.18	29780.16750	0.03841	(1 component(s) constrained)
528	-1981.70	29767.90940	0.03841	(1 component(s) constrained)
529	-1982.35	29796.79391	0.03841	(1 component(s) constrained)
530	-1982.61	29775.87305	0.03841	(1 component(s) constrained)
531	-1982.71	29786.60404	0.03841	(1 component(s) constrained)
532	-1984.25	29778.77105	0.03841	(1 component(s) constrained)
533	-1981.47	29773.96862	0.03841	(1 component(s) constrained)
534	-1982.24	29771.01542	0.03841	(1 component(s) constrained)
535	-1980.96	29782.61460	0.03841	(1 component(s) constrained)
536	-1982.00	29783.08205	0.03841	(1 component(s) constrained)
537	-1982.90	29778.38883	0.03841	(1 component(s) constrained)
538	-1981.08	29775.37490	0.03841	(1 component(s) constrained)
539	-1984.90	29775.52575	0.03841	(1 component(s) constrained)
540	-1982.92	29790.41524	0.03841	(1 component(s) constrained)
541	-1980.99	29788.32502	0.03841	(1 component(s) constrained)
542	-1983.35	29781.39900	0.03841	(1 component(s) constrained)
543	-1983.12	29785.73995	0.03841	(1 component(s) constrained)
544	-1981.62	29776.04594	0.03841	(1 component(s) constrained)
545	-1984.28	29777.83524	0.03841	(1 component(s) constrained)
546	-1983.72	29790.87916	0.03841	(1 component(s) constrained)
547	-1983.61	29782.74437	0.03841	(1 component(s) constrained)
548	-1982.95	29778.57826	0.03841	(1 component(s) constrained)
549	-1981.84	29789.10753	0.03841	(1 component(s) constrained)
550	-1983.40	29788.88206	0.03841	(1 component(s) constrained)
551	-1981.58	29776.45065	0.03841	(1 component(s) constrained)
552	-1981.76	29775.74774	0.03841	(1 component(s) constrained)
553	-1983.03	29782.17924	0.03841	(1 component(s) constrained)
554	-1984.08	29780.33383	0.03841	(1 component(s) constrained)
555	-1983.07	29765.09105	0.03841	(1 component(s) constrained)
556	-1982.74	29770.89885	0.03841	(1 component(s) constrained)
557	-1981.05	29775.56626	0.03841	(1 component(s) constrained)
558	-1983.83	29778.56042	0.03841	(1 component(s) constrained)
559	-1982.98	29777.67536	0.03841	(1 component(s) constrained)
560	-1983.30	29779.52090	0.03841	(1 component(s) constrained)
561	-1983.47	29773.06931	0.03841	(1 component(s) constrained)
562	-1983.30	29789.59858	0.03841	(1 component(s) constrained)
563	-1982.06	29779.24771	0.03841	(1 component(s) constrained)
564	-1982.63	29779.76913	0.03841	(1 component(s) constrained)
565	-1981.79	29789.47693	0.03841	(1 component(s) constrained)
566	-1981.11	29777.59477	0.03841	(1 component(s) constrained)
567	-1982.27	29777.45349	0.03841	(1 component(s) constrained)
568	-1982.52	29780.65248	0.03841	(1 component(s) constrained)
569	-1983.22	29777.08078	0.03841	(1 component(s) constrained)
570	-1983.51	29776.97635	0.03841	(1 component(s) constrained)
571	-1981.42	29774.34441	0.03841	(1 component(s) constrained)
572	-1984.28	29774.56575	0.03841	(1 component(s) constrained)
573	-1982.67	29781.38728	0.03841	(1 component(s) constrained)
574	-1984.25	29779.40274	0.03841	(1 component(s) constrained)
575	-1982.68	29778.03386	0.03841	(1 component(s) constrained)
576	-1982.09	29782.66894	0.03841	(1 component(s) constrained)
577	-1984.29	29775.62081	0.03841	(1 component(s) constrained)
578	-1982.88	29790.04996	0.03841	(1 component(s) constrained)
579	-1983.00	29787.50656	0.03841	(1 component(s) constrained)
580	-1982.65	29787.63482	0.03841	(1 component(s) constrained)
581	-1982.54	29782.13838	0.03841	(1 component(s) constrained)
582	-1983.52	29781.15621	0.03841	(1 component(s) constrained)
583	-1980.45	29778.08801	0.03841	(1 component(s) constrained)
584	-1982.92	29779.51087	0.03841	(1 component(s) constrained)
585	-1983.18	29778.68238	0.03841	(1 component(s) constrained)
586	-1982.38	29769.20163	0.03841	(1 component(s) constrained)
587	-1982.33	29768.61550	0.03841	(1 component(s) constrained)
588	-1981.79	29762.12093	0.03841	(1 component(s) constrained)
589	-1982.39	29788.70014	0.03841	(1 component(s) constrained)
590	-1982.55	29772.39857	0.03841	(1 component(s) constrained)
591	-1982.31	29769.54543	0.03841	(1 component(s) constrained)
592	-1983.98	29777.34113	0.03841	(1 component(s) constrained)
593	-1980.65	29783.66699	0.03841	(1 component(s) constrained)
594	-1982.62	29782.68608	0.03841	(1 component(s) constrained)
595	-1983.32	29765.23656	0.03841	(1 component(s) constrained)
596	-1982.94	29783.90869	0.03841	(1 component(s) constrained)
597	-1982.89	29793.01751	0.03841	(1 component(s) constrained)
598	-1981.92	29779.31166	0.03841	(1 component(s) constrained)
599	-1980.70	29773.32594	0.03841	(1 component(s) constrained)
600	-1980.75	29779.10540	0.03841	(1 component(s) constrained)
601	-1983.18	29774.48742	0.03841	(1 component(s) constrained)
602	-1981.40	29788.48559	0.03841	(1 component(s) constrained)
603	-1983.23	29787.36626	0.03841	(1 component(s) constrained)
604	-1982.41	29775.31195	0.03841	(1 component(s) constrained)
605	-1983.69	29781.32657	0.03841	(1 component(s) constrained)
606	-1982.53	29782.57702	0.03841	(1 component(s) constrained)
607	-1981.56	29782.97728	0.03841	(1 component(s) constrained)
608	-1983.22	29781.29667	0.03841	(1 component(s) constrained)
609	-1982.18	29777.13206	0.03841	(1 component(s) constrained)
610	-1981.20	29776.52593	0.03841	(1 component(s) constrained)
611	-1981.97	29779.89852	0.03841	(1 component(s) constrained)
612	-1982.79	29783.03504	0.03841	(1 component(s) constrained)
613	-1980.83	29784.87069	0.03841	(1 component(s) constrained)
614	-1982.21	29786.36374	0.03841	(1 component(s) constrained)
615	-1984.09	29777.01361	0.03841	(1 component(s) constrained)
616	-1980.97	29779.22992	0.03841	(1 component(s) constrained)
617	-1981.57	29778.96234	0.03841	(1 component(s) constrained)
618	-1983.73	29774.11417	0.03841	(1 component(s) constrained)
619	-1982.62	29782.44660	0.03841	(1 component(s) constrained)
620	-1983.14	29781.71261	0.03841	(1 component(s) constrained)
621	-1982.24	29778.42067	0.03841	(1 component(s) constrained)
622	-1981.35	29780.88498	0.03841	(1 component(s) constrained)
623	-1983.12	29790.49991	0.03841	(1 component(s) constrained)
624	-1983.13	29771.54104	0.03841	(1 component(s) constrained)
625	-1982.15	29785.07986	0.03841	(1 component(s) constrained)
626	-1983.14	29795.86229	0.03841	(1 component(s) constrained)
627	-1981.66	29791.59416	0.03841	(1 component(s) constrained)
628	-1982.00	29789.39026	0.03841	(1 component(s) constrained)
629	-1982.52	29784.31861	0.03841	(1 component(s) constrained)
630	-1983.51	29776.24933	0.03841	(1 component(s) constrained)
631	-1981.78	29782.12672	0.03841	(1 component(s) constrained)
632	-1981.51	29783.02778	0.03841	(1 component(s) constrained)
633	-1982.82	29780.89895	0.03841	(1 component(s) constrained)
634	-1983.99	29784.44309	0.03841	(1 component(s) constrained)
635	-1982.12	29785.62320	0.03841	(1 component(s) constrained)
636	-1982.27	29785.18944	0.03841	(1 component(s) constrained)
637	-1981.58	29788.79629	0.03841	(1 component(s) constrained)
638	-1983.07	29776.54602	0.03841	(1 component(s) constrained)
639	-1981.53	29777.18542	0.03841	(1 component(s) constrained)
640	-1983.06	29779.18170	0.03841	(1 component(s) constrained)
641	-1982.08	29787.80025	0.03841	(1 component(s) constrained)
642	-1982.21	29786.38739	0.03841	(1 component(s) constrained)
643	-1981.84	29779.01260	0.03841	(1 component(s) constrained)
644	-1983.26	29772.71726	0.03841	(1 component(s) constrained)
645	-1981.30	29782.43228	0.03841	(1 component(s) constrained)
646	-1982.82	29785.01407	0.03841	(1 component(s) constrained)
647	-1980.48	29770.95387	0.03841	(1 component(s) constrained)
648	-1982.74	29772.09717	0.03841	(1 component(s) constrained)
649	-1984.20	29793.48218	0.03841	(1 component(s) constrained)
650	-1982.00	29776.41453	0.03841	(1 component(s) constrained)
651	-1981.77	29778.47517	0.03841	(1 component(s) constrained)
652	-1983.97	29788.25140	0.03841	(1 component(s) constrained)
653	-1983.88	29790.93396	0.03841	(1 component(s) constrained)
654	-1981.25	29788.45745	0.03841	(1 component(s) constrained)
655	-1982.49	29783.18344	0.03841	(1 component(s) constrained)
656	-1981.49	29784.08235	0.03841	(1 component(s) constrained)
657	-1982.07	29784.66654	0.03841	(1 component(s) constrained)
658	-1982.53	29782.90352	0.03841	(1 component(s) constrained)
659	-1980.87	29775.83755	0.03841	(1 component(s) constrained)
660	-1981.39	29776.43088	0.03841	(1 component(s) constrained)
661	-1982.77	29792.20637	0.03841	(1 component(s) constrained)
662	-1983.08	29765.19413	0.03841	(1 component(s) constrained)
663	-1982.89	29777.45216	0.03841	(1 component(s) constrained)
664	-1981.91	29776.17905	0.03841	(1 component(s) constrained)
665	-1983.89	29777.83358	0.03841	(1 component(s) constrained)
666	-1984.07	29782.40751	0.03841	(1 component(s) constrained)
667	-1981.41	29780.08410	0.03841	(1 component(s) constrained)
668	-1983.05	29780.23882	0.03841	(1 component(s) constrained)
669	-1982.74	29778.32247	0.03841	(1 component(s) constrained)
670	-1983.30	29778.24349	0.03841	(1 component(s) constrained)
671	-1982.62	29784.90556	0.03841	(1 component(s) constrained)
672	-1983.58	29792.86642	0.03841	(1 component(s) constrained)
673	-1984.40	29768.88681	0.03841	(1 component(s) constrained)
674	-1982.93	29778.55782	0.03841	(1 component(s) constrained)
675	-1981.38	29779.56456	0.03841	(1 component(s) constrained)
676	-1983.52	29779.59520	0.03841	(1 component(s) constrained)
677	-1982.12	29775.12576	0.03841	(1 component(s) constrained)
678	-1983.16	29780.26442	0.03841	(1 component(s) constrained)
679	-1982.12	29777.14522	0.03841	(1 component(s) constrained)
680	-1981.85	29779.87678	0.03841	(1 component(s) constrained)
681	-1982.60	29785.90885	0.03841	(1 component(s) constrained)
682	-1984.72	29779.88065	0.03841	(1 component(s) constrained)
683	-1982.94	29780.64532	0.03841	(1 component(s) constrained)
684	-1982.65	29779.13449	0.03841	(1 component(s) constrained)
685	-1981.32	29790.06722	0.03841	(1 component(s) constrained)
686	-1983.76	29788.60460	0.03841	(1 component(s) constrained)
687	-1982.52	29783.82369	0.03841	(1 component(s) constrained)
688	-1982.83	29783.85371	0.03841	(1 component(s) constrained)
689	-1984.07	29784.93037	0.03841	(1 component(s) constrained)
690	-1982.73	29781.83350	0.03841	(1 component(s) constrained)
691	-1982.47	29782.11976	0.03841	(1 component(s) constrained)
692	-1983.50	29787.83797	0.03841	(1 component(s) constrained)
693	-1983.47	29785.18075	0.03841	(1 component(s) constrained)
694	-1983.73	29782.54697	0.03841	(1 component(s) constrained)
695	-1983.23	29777.27379	0.03841	(1 component(s) constrained)
696	-1981.17	29793.26609	0.03841	(1 component(s) constrained)
697	-1982.58	29791.80738	0.03841	(1 component(s) constrained)
698	-1982.45	29783.42923	0.03841	(1 component(s) constrained)
699	-1983.10	29773.86625	0.03841	(1 component(s) constrained)
700	-1982.09	29775.43017	0.03841	(1 component(s) constrained)
701	-1981.42	29776.59853	0.03841	(1 component(s) constrained)
702	-1984.81	29784.84861	0.03841	(1 component(s) constrained)
703	-1981.77	29770.40257	0.03841	(1 component(s) constrained)
704	-1982.78	29775.68408	0.03841	(1 component(s) constrained)
705	-1982.87	29780.51491	0.03841	(1 component(s) constrained)
706	-1981.56	29784.27275	0.03841	(1 component(s) constrained)
707	-1983.33	29784.71850	0.03841	(1 component(s) constrained)
708	-1982.61	29779.72433	0.03841	(1 component(s) constrained)
709	-1981.03	29781.74831	0.03841	(1 component(s) constrained)
710	-1985.14	29777.86176	0.03841	(1 component(s) constrained)
711	-1983.19	29791.66905	0.03841	(1 component(s) constrained)
712	-1983.64	29787.37143	0.03841	(1 component(s) constrained)
713	-1983.14	29776.05934	0.03841	(1 component(s) constrained)
714	-1981.17	29787.02424	0.03841	(1 component(s) constrained)
715	-1981.99	29784.13798	0.03841	(1 component(s) constrained)
716	-1982.85	29760.55371	0.03841	(1 component(s) constrained)
717	-1982.24	29783.57152	0.03841	(1 component(s) constrained)
718	-1981.66	29788.27927	0.03841	(1 component(s) constrained)
719	-1983.14	29777.07777	0.03841	(1 component(s) constrained)
720	-1983.94	29774.78208	0.03841	(1 component(s) constrained)
721	-1982.55	29775.40049	0.03841	(1 component(s) constrained)
722	-1982.01	29777.85204	0.03841	(1 component(s) constrained)
723	-1983.25	29786.33905	0.03841	(1 component(s) constrained)
724	-1982.97	29769.82700	0.03841	(1 component(s) constrained)
725	-1983.27	29773.96073	0.03841	(1 component(s) constrained)
726	-1982.95	29786.13322	0.03841	(1 component(s) constrained)
727	-1981.09	29779.75032	0.03841	(1 component(s) constrained)
728	-1982.46	29780.68503	0.03841	(1 component(s) constrained)
729	-1983.24	29780.07872	0.03841	(1 component(s) constrained)
730	-1981.42	29790.82997	0.03841	(1 component(s) constrained)
731	-1984.07	29790.30653	0.03841	(1 component(s) constrained)
732	-1982.05	29792.56709	0.03841	(1 component(s) constrained)
733	-1984.17	29792.78664	0.03841	(1 component(s) constrained)
734	-1980.63	29781.91043	0.03841	(1 component(s) constrained)
735	-1982.54	29783.98126	0.03841	(1 component(s) constrained)
736	-1984.07	29771.55336	0.03841	(1 component(s) constrained)
737	-1980.82	29782.02837	0.03841	(1 component(s) constrained)
738	-1982.48	29785.57657	0.03841	(1 component(s) constrained)
739	-1983.79	29781.38689	0.03841	(1 component(s) constrained)
740	-1982.84	29785.61895	0.03841	(1 component(s) constrained)
741	-1983.21	29786.96816	0.03841	(1 component(s) constrained)
742	-1983.15	29771.35409	0.03841	(1 component(s) constrained)
743	-1983.95	29789.92258	0.03841	(1 component(s) constrained)
744	-1981.22	29785.28622	0.03841	(1 component(s) constrained)
745	-1980.61	29782.97074	0.03841	(1 component(s) constrained)
746	-1984.23	29783.23885	0.03841	(1 component(s) constrained)
747	-1983.02	29778.00550	0.03841	(1 component(s) constrained)
748	-1983.39	29779.87592	0.03841	(1 component(s) constrained)
749	-1984.05	29773.35090	0.03841	(1 component(s) constrained)
750	-1981.47	29783.15019	0.03841	(1 component(s) constrained)
751	-1983.75	29784.68024	0.03841	(1 component(s) constrained)
752	-1982.84	29777.57215	0.03841	(1 component(s) constrained)
753	-1981.61	29781.85489	0.03841	(1 component(s) constrained)
754	-1983.63	29777.97747	0.03841	(1 component(s) constrained)
755	-1983.03	29779.48946	0.03841	(1 component(s) constrained)
756	-1982.80	29778.08904	0.03841	(1 component(s) constrained)
757	-1983.08	29781.84043	0.03841	(1 component(s) constrained)
758	-1983.11	29783.25829	0.03841	(1 component(s) constrained)
759	-1982.23	29788.85391	0.03841	(1 component(s) constrained)
760	-1982.65	29771.61130	0.03841	(1 component(s) constrained)
761	-1983.17	29778.11467	0.03841	(1 component(s) constrained)
762	-1982.64	29790.95932	0.03841	(1 component(s) constrained)
763	-1982.95	29778.35043	0.03841	(1 component(s) constrained)
764	-1982.67	29773.20848	0.03841	(1 component(s) constrained)
765	-1981.34	29782.34479	0.03841	(1 component(s) constrained)
766	-1981.76	29781.99177	0.03841	(1 component(s) constrained)
767	-1981.11	29778.57894	0.03841	(1 component(s) constrained)
768	-1982.90	29778.60343	0.03841	(1 component(s) constrained)
769	-1982.71	29782.15133	0.03841	(1 component(s) constrained)
770	-1982.59	29773.63439	0.03841	(1 component(s) constrained)
771	-1981.35	29779.03295	0.03841	(1 component(s) constrained)
772	-1983.77	29782.34187	0.03841	(1 component(s) constrained)
773	-1981.48	29776.13507	0.03841	(1 component(s) constrained)
774	-1982.70	29778.84199	0.03841	(1 component(s) constrained)
775	-1981.75	29790.06039	0.03841	(1 component(s) constrained)
776	-1981.12	29780.52941	0.03841	(1 component(s) constrained)
777	-1982.13	29788.40026	0.03841	(1 component(s) constrained)
778	-1981.83	29778.18214	0.03841	(1 component(s) constrained)
779	-1983.40	29774.49643	0.03841	(1 component(s) constrained)
780	-1981.27	29780.79854	0.03841	(1 component(s) constrained)
781	-1983.57	29777.89903	0.03841	(1 component(s) constrained)
782	-1984.83	29785.44431	0.03841	(1 component(s) constrained)
783	-1983.28	29773.41563	0.03841	(1 component(s) constrained)
784	-1983.59	29773.31485	0.03841	(1 component(s) constrained)
785	-1981.05	29789.55814	0.03841	(1 component(s) constrained)
786	-1982.67	29786.80508	0.03841	(1 component(s) constrained)
787	-1982.40	29786.84625	0.03841	(1 component(s) constrained)
788	-1982.36	29778.98359	0.03841	(1 component(s) constrained)
789	-1983.24	29780.67982	0.03841	(1 component(s) constrained)
790	-1982.83	29788.29486	0.03841	(1 component(s) constrained)
791	-1984.83	29781.18960	0.03841	(1 component(s) constrained)
792	-1981.49	29789.42960	0.03841	(1 component(s) constrained)
793	-1981.84	29786.32887	0.03841	(1 component(s) constrained)
794	-1982.22	29784.67245	0.03841	(1 component(s) constrained)
795	-1979.93	29772.96608	0.03841	(1 component(s) constrained)
796	-1982.79	29772.46158	0.03841	(1 component(s) constrained)
797	-1981.12	29788.55364	0.03841	(1 component(s) constrained)
798	-1980.55	29785.74448	0.03841	(1 component(s) constrained)
799	-1982.10	29778.20536	0.03841	(1 component(s) constrained)
800	-1982.20	29785.08975	0.03841	(1 component(s) constrained)
801	-1981.62	29778.78953	0.03841	(1 component(s) constrained)
802	-1982.55	29786.40650	0.03841	(1 component(s) constrained)
803	-1983.94	29778.19276	0.03841	(1 component(s) constrained)
804	-1982.09	29779.31350	0.03841	(1 component(s) constrained)
805	-1981.68	29779.27783	0.03841	(1 component(s) constrained)
806	-1981.89	29787.82017	0.03841	(1 component(s) constrained)
807	-1982.15	29785.24124	0.03841	(1 component(s) constrained)
808	-1983.79	29784.01337	0.03841	(1 component(s) constrained)
809	-1984.72	29785.54734	0.03841	(1 component(s) constrained)
810	-1984.64	29778.57067	0.03841	(1 component(s) constrained)
811	-1981.90	29790.82599	0.03841	(1 component(s) constrained)
812	-1982.31	29790.34197	0.03841	(1 component(s) constrained)
813	-1983.81	29770.00941	0.03841	(1 component(s) constrained)
814	-1983.95	29781.83418	0.03841	(1 component(s) constrained)
815	-1982.43	29784.77980	0.03841	(1 component(s) constrained)
816	-1980.89	29785.20407	0.03841	(1 component(s) constrained)
817	-1981.85	29782.05505	0.03841	(1 component(s) constrained)
818	-1982.24	29788.54410	0.03841	(1 component(s) constrained)
819	-1982.22	29787.20443	0.03841	(1 component(s) constrained)
820	-1982.89	29774.11035	0.03841	(1 component(s) constrained)
821	-1982.40	29781.49470	0.03841	(1 component(s) constrained)
822	-1983.75	29793.34011	0.03841	(1 component(s) constrained)
823	-1983.83	29778.70104	0.03841	(1 component(s) constrained)
824	-1983.42	29787.69740	0.03841	(1 component(s) constrained)
825	-1982.09	29780.20878	0.03841	(1 component(s) constrained)
826	-1982.71	29778.46501	0.03841	(1 component(s) constrained)
827	-1983.42	29783.57446	0.03841	(1 component(s) constrained)
828	-1981.94	29792.57542	0.03841	(1 component(s) constrained)
829	-1982.71	29786.98363	0.03841	(1 component(s) constrained)
830	-1981.88	29782.34218	0.03841	(1 component(s) constrained)
831	-1982.94	29791.28336	0.03841	(1 component(s) constrained)
832	-1983.14	29769.00876	0.03841	(1 component(s) constrained)
833	-1982.38	29775.02852	0.03841	(1 component(s) constrained)
834	-1982.05	29781.39319	0.03841	(1 component(s) constrained)
835	-1981.47	29784.18226	0.03841	(1 component(s) constrained)
836	-1982.19	29780.19949	0.03841	(1 component(s) constrained)
837	-1982.29	29785.35771	0.03841	(1 component(s) constrained)
838	-1982.79	29786.32733	0.03841	(1 component(s) constrained)
839	-1982.03	29788.63006	0.03841	(1 component(s) constrained)
840	-1982.56	29790.56446	0.03841	(1 component(s) constrained)
841	-1982.25	29776.07564	0.03841	(1 component(s) constrained)
842	-1981.40	29787.32204	0.03841	(1 component(s) constrained)
843	-1983.76	29782.79714	0.03841	(1 component(s) constrained)
844	-1983.87	29782.87922	0.03841	(1 component(s) constrained)
845	-1981.62	29788.73866	0.03841	(1 component(s) constrained)
846	-1982.85	29787.36426	0.03841	(1 component(s) constrained)
847	-1983.47	29776.01839	0.03841	(1 component(s) constrained)
848	-1981.64	29780.34092	0.03841	(1 component(s) constrained)
849	-1982.63	29780.72457	0.03841	(1 component(s) constrained)
850	-1982.48	29784.92386	0.03841	(1 component(s) constrained)
851	-1982.70	29780.04244	0.03841	(1 component(s) constrained)
852	-1983.53	29778.02943	0.03841	(1 component(s) constrained)
853	-1982.33	29773.36528	0.03841	(1 component(s) constrained)
854	-1982.37	29778.14465	0.03841	(1 component(s) constrained)
855	-1982.67	29784.10344	0.03841	(1 component(s) constrained)
856	-1984.41	29771.31300	0.03841	(1 component(s) constrained)
857	-1981.98	29773.70381	0.03841	(1 component(s) constrained)
858	-1981.65	29772.61644	0.03841	(1 component(s) constrained)
859	-1983.46	29792.61843	0.03841	(1 component(s) constrained)
860	-1982.84	29777.19205	0.03841	(1 component(s) constrained)
861	-1982.53	29778.75534	0.03841	(1 component(s) constrained)
862	-1983.05	29781.91290	0.03841	(1 component(s) constrained)
863	-1983.94	29779.73842	0.03841	(1 component(s) constrained)
864	-1982.47	29786.65239	0.03841	(1 component(s) constrained)
865	-1983.71	29782.88848	0.03841	(1 component(s) constrained)
866	-1982.19	29784.43143	0.03841	(1 component(s) constrained)
867	-1982.17	29785.78214	0.03841	(1 component(s) constrained)
868	-1981.49	29788.83985	0.03841	(1 component(s) constrained)
869	-1983.07	29784.62723	0.03841	(1 component(s) constrained)
870	-1980.29	29784.54565	0.03841	(1 component(s) constrained)
871	-1983.45	29784.65487	0.03841	(1 component(s) constrained)
872	-1983.82	29782.91198	0.03841	(1 component(s) constrained)
873	-1982.77	29783.47040	0.03841	(1 component(s) constrained)
874	-1983.38	29781.49023	0.03841	(1 component(s) constrained)
875	-1981.48	29781.93945	0.03841	(1 component(s) constrained)
876	-1980.76	29782.71181	0.03841	(1 component(s) constrained)
877	-1983.08	29791.22315	0.03841	(1 component(s) constrained)
878	-1982.87	29773.16129	0.03841	(1 component(s) constrained)
879	-1984.04	29785.59274	0.03841	(1 component(s) constrained)
880	-1982.75	29766.81897	0.03841	(1 component(s) constrained)
881	-1983.37	29769.33371	0.03841	(1 component(s) constrained)
882	-1982.96	29775.84212	0.03841	(1 component(s) constrained)
883	-1981.81	29779.72688	0.03841	(1 component(s) constrained)
884	-1982.91	29777.88724	0.03841	(1 component(s) constrained)
885	-1982.45	29780.75790	0.03841	(1 component(s) constrained)
886	-1981.45	29784.70120	0.03841	(1 component(s) constrained)
887	-1983.19	29781.07199	0.03841	(1 component(s) constrained)
888	-1983.37	29779.44875	0.03841	(1 component(s) constrained)
889	-1982.24	29772.44690	0.03841	(1 component(s) constrained)
890	-1983.99	29773.75272	0.03841	(1 component(s) constrained)
891	-1981.92	29780.83082	0.03841	(1 component(s) constrained)
892	-1980.77	29784.40760	0.03841	(1 component(s) constrained)
893	-1982.27	29782.26665	0.03841	(1 component(s) constrained)
894	-1985.84	29788.04547	0.03841	(1 component(s) constrained)
895	-1983.01	29786.00545	0.03841	(1 component(s) constrained)
896	-1983.76	29783.65940	0.03841	(1 component(s) constrained)
897	-1982.51	29776.23660	0.03841	(1 component(s) constrained)
898	-1984.38	29778.29950	0.03841	(1 component(s) constrained)
899	-1983.71	29780.76034	0.03841	(1 component(s) constrained)
900	-1982.60	29783.25406	0.03841	(1 component(s) constrained)
901	-1982.49	29780.62429	0.03841	(1 component(s) constrained)
902	-1983.21	29791.05474	0.03841	(1 component(s) constrained)
903	-1982.91	29789.01846	0.03841	(1 component(s) constrained)
904	-1981.71	29762.38176	0.03841	(1 component(s) constrained)
905	-1981.80	29766.20426	0.03841	(1 component(s) constrained)
906	-1982.06	29774.36691	0.03841	(1 component(s) constrained)
907	-1981.35	29774.84201	0.03841	(1 component(s) constrained)
908	-1981.59	29785.45690	0.03841	(1 component(s) constrained)
909	-1983.46	29778.98490	0.03841	(1 component(s) constrained)
910	-1981.71	29783.13399	0.03841	(1 component(s) constrained)
911	-1981.85	29783.34637	0.03841	(1 component(s) constrained)
912	-1980.42	29785.54735	0.03841	(1 component(s) constrained)
913	-1981.09	29785.89837	0.03841	(1 component(s) constrained)
914	-1983.67	29786.38362	0.03841	(1 component(s) constrained)
915	-1983.41	29777.06760	0.03841	(1 component(s) constrained)
916	-1982.83	29779.92620	0.03841	(1 component(s) constrained)
917	-1983.31	29776.36023	0.03841	(1 component(s) constrained)
918	-1982.88	29773.74929	0.03841	(1 component(s) constrained)
919	-1981.64	29790.83563	0.03841	(1 component(s) constrained)
920	-1984.55	29787.38992	0.03841	(1 component(s) constrained)
921	-1981.25	29788.06083	0.03841	(1 component(s) constrained)
922	-1982.77	29783.78420	0.03841	(1 component(s) constrained)
923	-1983.34	29782.80421	0.03841	(1 component(s) constrained)
924	-1981.68	29778.27221	0.03841	(1 component(s) constrained)
925	-1983.30	29780.57531	0.03841	(1 component(s) constrained)
926	-1984.50	29785.67052	0.03841	(1 component(s) constrained)
927	-1980.67	29782.26147	0.03841	(1 component(s) constrained)
928	-1983.56	29783.41362	0.03841	(1 component(s) constrained)
929	-1981.04	29775.46163	0.03841	(1 component(s) constrained)
930	-1984.15	29777.56744	0.03841	(1 component(s) constrained)
931	-1984.03	29778.03833	0.03841	(1 component(s) constrained)
932	-1982.91	29781.59591	0.03841	(1 component(s) constrained)
933	-1982.68	29778.91254	0.03841	(1 component(s) constrained)
934	-1984.21	29779.47728	0.03841	(1 component(s) constrained)
935	-1984.43	29764.95026	0.03841	(1 component(s) constrained)
936	-1982.67	29773.84998	0.03841	(1 component(s) constrained)
937	-1981.25	29775.67461	0.03841	(1 component(s) constrained)
938	-1983.43	29781.29814	0.03841	(1 component(s) constrained)
939	-1981.68	29777.63380	0.03841	(1 component(s) constrained)
940	-1983.59	29781.46626	0.03841	(1 component(s) constrained)
941	-1980.80	29780.57225	0.03841	(1 component(s) constrained)
942	-1981.07	29780.27226	0.03841	(1 component(s) constrained)
943	-1980.83	29786.48227	0.03841	(1 component(s) constrained)
944	-1983.03	29782.45152	0.03841	(1 component(s) constrained)
945	-1983.25	29780.27986	0.03841	(1 component(s) constrained)
946	-1981.81	29785.43619	0.03841	(1 component(s) constrained)
947	-1982.96	29782.97017	0.03841	(1 component(s) constrained)
948	-1981.92	29767.14902	0.03841	(1 component(s) constrained)
949	-1982.89	29772.40439	0.03841	(1 component(s) constrained)
950	-1982.19	29773.15390	0.03841	(1 component(s) constrained)
951	-1982.99	29783.00104	0.03841	(1 component(s) constrained)
952	-1982.06	29768.02338	0.03841	(1 component(s) constrained)
953	-1984.10	29772.02301	0.03841	(1 component(s) constrained)
954	-1981.30	29787.06332	0.03841	(1 component(s) constrained)
955	-1983.50	29789.46743	0.03841	(1 component(s) constrained)
956	-1983.90	29777.66363	0.03841	(1 component(s) constrained)
957	-1983.01	29788.93795	0.03841	(1 component(s) constrained)
958	-1982.71	29783.77739	0.03841	(1 component(s) constrained)
959	-1981.80	29776.25245	0.03841	(1 component(s) constrained)
960	-1982.82	29771.64114	0.03841	(1 component(s) constrained)
961	-1982.09	29767.06254	0.03841	(1 component(s) constrained)
962	-1982.93	29778.01780	0.03841	(1 component(s) constrained)
963	-1980.88	29783.51541	0.03841	(1 component(s) constrained)
964	-1982.34	29780.28006	0.03841	(1 component(s) constrained)
965	-1981.90	29779.06413	0.03841	(1 component(s) constrained)
966	-1983.36	29777.45495	0.03841	(1 component(s) constrained)
967	-1984.64	29783.39015	0.03841	(1 component(s) constrained)
968	-1982.99	29785.65154	0.03841	(1 component(s) constrained)
969	-1984.16	29785.78175	0.03841	(1 component(s) constrained)
970	-1980.39	29774.16545	0.03841	(1 component(s) constrained)
971	-1984.45	29778.68436	0.03841	(1 component(s) constrained)
972	-1982.86	29788.91226	0.03841	(1 component(s) constrained)
973	-1982.64	29787.42920	0.03841	(1 component(s) constrained)
974	-1982.62	29787.51764	0.03841	(1 component(s) constrained)
975	-1982.44	29782.86438	0.03841	(1 component(s) constrained)
976	-1981.46	29792.76491	0.03841	(1 component(s) constrained)
977	-1984.15	29783.27916	0.03841	(1 component(s) constrained)
978	-1982.87	29782.59516	0.03841	(1 component(s) constrained)
979	-1980.71	29783.60625	0.03841	(1 component(s) constrained)
980	-1982.82	29783.64718	0.03841	(1 component(s) constrained)
981	-1983.20	29779.04538	0.03841	(1 component(s) constrained)
982	-1983.06	29786.92075	0.03841	(1 component(s) constrained)
983	-1982.32	29791.40081	0.03841	(1 component(s) constrained)
984	-1982.50	29785.11045	0.03841	(1 component(s) constrained)
985	-1980.33	29774.73691	0.03841	(1 component(s) constrained)
986	-1983.90	29773.33069	0.03841	(1 component(s) constrained)
987	-1982.06	29782.09396	0.03841	(1 component(s) constrained)
988	-1982.32	29780.80327	0.03841	(1 component(s) constrained)
989	-1983.71	29773.10258	0.03841	(1 component(s) constrained)
990	-1982.87	29788.32618	0.03841	(1 component(s) constrained)
991	-1982.98	29767.68970	0.03841	(1 component(s) constrained)
992	-1981.83	29774.24685	0.03841	(1 component(s) constrained)
993	-1984.29	29775.45961	0.03841	(1 component(s) constrained)
994	-1981.64	29773.72193	0.03841	(1 component(s) constrained)
995	-1981.83	29777.62860	0.03841	(1 component(s) constrained)
996	-1983.29	29778.17101	0.03841	(1 component(s) constrained)
997	-1981.29	29782.98730	0.03841	(1 component(s) constrained)
998	-1983.89	29782.42308	0.03841	(1 component(s) constrained)
999	-1984.25	29783.94857	0.03841	(1 component(s) constrained)
Error: Log-likelihood not converged (stop after 1000 iteractions). 
You can specify the option --reml-maxit to allow for more iterations.

An error occurs, please check the options or data
