*******************************************************************
* Genome-wide Complex Trait Analysis (GCTA)
* version 1.93.2 beta Linux
* (C) 2010-present, Jian Yang, The University of Queensland
* Please report bugs to Jian Yang <jian.yang.qt@gmail.com>
*******************************************************************
Analysis started at 23:21:20 -03 on Wed Jun 09 2021.
Hostname: darwin

Accepted options:
--reml
--reml-alg 0
--reml-maxit 1000
--grm /scratch/genevol/users/lucas/V1/grmNAfr
--pheno /raid/genevol/users/lucas/heritability/02.GCTA/data/geneNAfrHLA-DQB1.txt
--covar /raid/genevol/users/lucas/heritability/02.GCTA/data/envir2.txt
--reml-est-fix
--out /raid/genevol/users/lucas/heritability/03.Heritability/Results/V1/HLA-DQB1/NAfrHLA-DQB12

Note: This is a multi-thread program. You could specify the number of threads by the --thread-num option to speed up the computation if there are multiple processors in your machine.

Reading IDs of the GRM from [/scratch/genevol/users/lucas/V1/grmNAfr.grm.id].
358 IDs read from [/scratch/genevol/users/lucas/V1/grmNAfr.grm.id].
Reading the GRM from [/scratch/genevol/users/lucas/V1/grmNAfr.grm.bin].
GRM for 358 individuals are included from [/scratch/genevol/users/lucas/V1/grmNAfr.grm.bin].
Reading phenotypes from [/raid/genevol/users/lucas/heritability/02.GCTA/data/geneNAfrHLA-DQB1.txt].
Non-missing phenotypes of 358 individuals are included from [/raid/genevol/users/lucas/heritability/02.GCTA/data/geneNAfrHLA-DQB1.txt].
Reading discrete covariate(s) from [/raid/genevol/users/lucas/heritability/02.GCTA/data/envir2.txt].
1 discrete covariate(s) of 445 individuals are included from [/raid/genevol/users/lucas/heritability/02.GCTA/data/envir2.txt].

1 discrete variable(s) included as covariate(s).
358 individuals are in common in these files.

Performing  REML analysis ... (Note: may take hours depending on sample size).
358 observations, 7 fixed effect(s), and 2 variance component(s)(including residual variance).
Calculating prior values of variance components by EM-REML ...
Updated prior values: 18705.3 18614.9
logL: -2031.75
Running AI-REML algorithm ...
Iter.	logL	V(G)	V(e)	
1	-2031.53	36614.70702	0.03841	(1 component(s) constrained)
2	-2030.33	35392.03876	0.03841	(1 component(s) constrained)
3	-2030.15	35406.37540	0.03841	(1 component(s) constrained)
4	-2031.46	35430.91374	0.03841	(1 component(s) constrained)
5	-2031.34	35427.70753	0.03841	(1 component(s) constrained)
6	-2031.14	35431.25754	0.03841	(1 component(s) constrained)
7	-2030.96	35432.97585	0.03841	(1 component(s) constrained)
8	-2031.16	35436.41714	0.03841	(1 component(s) constrained)
9	-2030.98	35426.34309	0.03841	(1 component(s) constrained)
10	-2030.84	35428.76656	0.03841	(1 component(s) constrained)
11	-2030.53	35429.76594	0.03841	(1 component(s) constrained)
12	-2030.46	35436.33263	0.03841	(1 component(s) constrained)
13	-2031.17	35428.51468	0.03841	(1 component(s) constrained)
14	-2029.93	35425.50135	0.03841	(1 component(s) constrained)
15	-2030.88	35427.62501	0.03841	(1 component(s) constrained)
16	-2031.10	35424.83576	0.03841	(1 component(s) constrained)
17	-2030.95	35431.78878	0.03841	(1 component(s) constrained)
18	-2032.30	35434.19651	0.03841	(1 component(s) constrained)
19	-2031.45	35430.63421	0.03841	(1 component(s) constrained)
20	-2030.17	35432.95428	0.03841	(1 component(s) constrained)
21	-2031.31	35432.38040	0.03841	(1 component(s) constrained)
22	-2031.01	35439.32960	0.03841	(1 component(s) constrained)
23	-2031.15	35427.80615	0.03841	(1 component(s) constrained)
24	-2030.71	35430.68628	0.03841	(1 component(s) constrained)
25	-2030.93	35432.76650	0.03841	(1 component(s) constrained)
26	-2030.33	35430.50585	0.03841	(1 component(s) constrained)
27	-2030.98	35431.19658	0.03841	(1 component(s) constrained)
28	-2030.58	35435.60088	0.03841	(1 component(s) constrained)
29	-2031.03	35434.92767	0.03841	(1 component(s) constrained)
30	-2030.72	35426.70570	0.03841	(1 component(s) constrained)
31	-2031.27	35438.11048	0.03841	(1 component(s) constrained)
32	-2030.64	35426.37134	0.03841	(1 component(s) constrained)
33	-2030.49	35431.53753	0.03841	(1 component(s) constrained)
34	-2030.74	35440.46760	0.03841	(1 component(s) constrained)
35	-2031.07	35425.30044	0.03841	(1 component(s) constrained)
36	-2030.35	35427.43977	0.03841	(1 component(s) constrained)
37	-2030.95	35437.33312	0.03841	(1 component(s) constrained)
38	-2030.43	35426.33810	0.03841	(1 component(s) constrained)
39	-2030.31	35436.26916	0.03841	(1 component(s) constrained)
40	-2030.71	35432.54455	0.03841	(1 component(s) constrained)
41	-2030.82	35436.21770	0.03841	(1 component(s) constrained)
42	-2031.07	35432.26612	0.03841	(1 component(s) constrained)
43	-2030.13	35428.38260	0.03841	(1 component(s) constrained)
44	-2030.42	35431.58238	0.03841	(1 component(s) constrained)
45	-2031.13	35432.64413	0.03841	(1 component(s) constrained)
46	-2030.46	35433.57020	0.03841	(1 component(s) constrained)
47	-2029.97	35433.37013	0.03841	(1 component(s) constrained)
48	-2030.78	35429.71074	0.03841	(1 component(s) constrained)
49	-2031.20	35437.75944	0.03841	(1 component(s) constrained)
50	-2031.02	35431.88415	0.03841	(1 component(s) constrained)
51	-2030.21	35433.92823	0.03841	(1 component(s) constrained)
52	-2030.73	35428.69027	0.03841	(1 component(s) constrained)
53	-2031.14	35434.38932	0.03841	(1 component(s) constrained)
54	-2031.48	35437.94577	0.03841	(1 component(s) constrained)
55	-2030.48	35434.01371	0.03841	(1 component(s) constrained)
56	-2029.96	35439.94126	0.03841	(1 component(s) constrained)
57	-2030.12	35430.97846	0.03841	(1 component(s) constrained)
58	-2030.01	35434.54733	0.03841	(1 component(s) constrained)
59	-2031.43	35426.06689	0.03841	(1 component(s) constrained)
60	-2030.47	35428.04971	0.03841	(1 component(s) constrained)
61	-2029.99	35431.33153	0.03841	(1 component(s) constrained)
62	-2030.78	35428.53319	0.03841	(1 component(s) constrained)
63	-2030.78	35429.83559	0.03841	(1 component(s) constrained)
Log-likelihood ratio converged.

Calculating the logLikelihood for the reduced model ...
(variance component 1 is dropped from the model)
Calculating prior values of variance components by EM-REML ...
Updated prior values: 36480.22487
logL: -2032.60926
Running AI-REML algorithm ...
Iter.	logL	V(e)	
1	-2032.37	36468.02583	
2	-2032.37	36441.64206	
3	-2032.37	36441.66113	
Log-likelihood ratio converged.

Summary result of REML analysis:
Source	Variance	SE
V(G)	35429.835591	41005.231003
V(e)	0.038414	41231.408198
Vp	35429.874005	2671.100429
V(G)/Vp	0.999999	1.163747

Sampling variance/covariance of the estimates of variance components:
1.681429e+09	-1.687162e+09	
-1.687162e+09	1.700029e+09	
Estimatesof fixed effects:

Source	Estimate	SE
mean	620.819777	19.476427
X_2	-57.118276	38.560186
X_3	-67.233164	33.802438
X_4	-57.916123	39.827359
X_5	-40.038850	34.798504
X_6	-120.747722	29.870110
X_7	45.460401	40.511938

Summary result of REML analysis has been saved in the file [/raid/genevol/users/lucas/heritability/03.Heritability/Results/V1/HLA-DQB1/NAfrHLA-DQB12.hsq].

Analysis finished at 23:21:22 -03 on Wed Jun 09 2021
Overall computational time: 1.28 sec.
