*******************************************************************
* Genome-wide Complex Trait Analysis (GCTA)
* version 1.93.2 beta Linux
* (C) 2010-present, Jian Yang, The University of Queensland
* Please report bugs to Jian Yang <jian.yang.qt@gmail.com>
*******************************************************************
Analysis started at 23:20:17 -03 on Wed Jun 09 2021.
Hostname: darwin

Accepted options:
--reml
--reml-alg 0
--reml-maxit 1000
--grm /scratch/genevol/users/lucas/V1/grmFull
--pheno /raid/genevol/users/lucas/heritability/02.GCTA/data/geneHLA-DQA1.txt
--covar /raid/genevol/users/lucas/heritability/02.GCTA/data/envir0.txt
--reml-est-fix
--out /raid/genevol/users/lucas/heritability/03.Heritability/Results/V1/HLA-DQA1/FullHLA-DQA10

Note: This is a multi-thread program. You could specify the number of threads by the --thread-num option to speed up the computation if there are multiple processors in your machine.

Reading IDs of the GRM from [/scratch/genevol/users/lucas/V1/grmFull.grm.id].
2504 IDs read from [/scratch/genevol/users/lucas/V1/grmFull.grm.id].
Reading the GRM from [/scratch/genevol/users/lucas/V1/grmFull.grm.bin].
GRM for 2504 individuals are included from [/scratch/genevol/users/lucas/V1/grmFull.grm.bin].
Reading phenotypes from [/raid/genevol/users/lucas/heritability/02.GCTA/data/geneHLA-DQA1.txt].
Non-missing phenotypes of 445 individuals are included from [/raid/genevol/users/lucas/heritability/02.GCTA/data/geneHLA-DQA1.txt].
Reading discrete covariate(s) from [/raid/genevol/users/lucas/heritability/02.GCTA/data/envir0.txt].
3 discrete covariate(s) of 445 individuals are included from [/raid/genevol/users/lucas/heritability/02.GCTA/data/envir0.txt].

3 discrete variable(s) included as covariate(s).
445 individuals are in common in these files.

Performing  REML analysis ... (Note: may take hours depending on sample size).
445 observations, 12 fixed effect(s), and 2 variance component(s)(including residual variance).
Calculating prior values of variance components by EM-REML ...
Updated prior values:   19938 22264.3
logL: -2569.15
Running AI-REML algorithm ...
Iter.	logL	V(G)	V(e)	
1	-2554.94	2264.15701	45859.37337	
2	-2550.28	0.05165	50373.10986	(1 component(s) constrained)
3	-2550.75	0.05165	51864.42489	(1 component(s) constrained)
4	-2551.84	0.05165	55331.88237	(1 component(s) constrained)
5	-2554.78	0.05165	55579.20068	(1 component(s) constrained)
6	-2555.01	0.05165	55580.31099	(1 component(s) constrained)
7	-2555.01	0.05165	55580.31101	(1 component(s) constrained)
Log-likelihood ratio converged.

Calculating the logLikelihood for the reduced model ...
(variance component 1 is dropped from the model)
Calculating prior values of variance components by EM-REML ...
Updated prior values: 42571.14665
logL: -2551.67561
Running AI-REML algorithm ...
Iter.	logL	V(e)	
1	-2547.65	42491.12633	
2	-2547.65	42436.64544	
3	-2547.65	42319.09042	
4	-2547.65	42319.41516	
5	-2547.65	42319.41517	
Log-likelihood ratio converged.

Summary result of REML analysis:
Source	Variance	SE
V(G)	0.051654	32501.999331
V(e)	55580.311010	53253.417622
Vp	55580.362664	21025.645948
V(G)/Vp	0.000001	0.584775

Sampling variance/covariance of the estimates of variance components:
1.056380e+09	-1.725114e+09	
-1.725114e+09	2.835926e+09	
Estimatesof fixed effects:

Source	Estimate	SE
mean	852.979845	35.145733
X_2	-4.696278	22.812093
X_3	-78.587841	44.147438
X_4	-66.872445	38.736491
X_5	-59.686577	44.871799
X_6	-74.355736	39.094309
X_7	-135.221205	33.568487
X_8	-58.758115	44.811474
X_9	-137.263369	35.409306
X_10	-241.812070	35.849493
X_11	-131.574920	35.274751
X_12	4.882245	35.619404

Summary result of REML analysis has been saved in the file [/raid/genevol/users/lucas/heritability/03.Heritability/Results/V1/HLA-DQA1/FullHLA-DQA10.hsq].

Analysis finished at 23:20:19 -03 on Wed Jun 09 2021
Overall computational time: 1.56 sec.
