*******************************************************************
* Genome-wide Complex Trait Analysis (GCTA)
* version 1.93.2 beta Linux
* (C) 2010-present, Jian Yang, The University of Queensland
* Please report bugs to Jian Yang <jian.yang.qt@gmail.com>
*******************************************************************
Analysis started at 23:20:36 -03 on Wed Jun 09 2021.
Hostname: darwin

Accepted options:
--reml
--reml-alg 0
--reml-maxit 1000
--grm /scratch/genevol/users/lucas/V1/grmGeuvadis
--pheno /raid/genevol/users/lucas/heritability/02.GCTA/data/geneHLA-DQA1.txt
--covar /raid/genevol/users/lucas/heritability/02.GCTA/data/envir2.txt
--reml-est-fix
--out /raid/genevol/users/lucas/heritability/03.Heritability/Results/V1/HLA-DQA1/GeuvadisHLA-DQA12

Note: This is a multi-thread program. You could specify the number of threads by the --thread-num option to speed up the computation if there are multiple processors in your machine.

Reading IDs of the GRM from [/scratch/genevol/users/lucas/V1/grmGeuvadis.grm.id].
445 IDs read from [/scratch/genevol/users/lucas/V1/grmGeuvadis.grm.id].
Reading the GRM from [/scratch/genevol/users/lucas/V1/grmGeuvadis.grm.bin].
GRM for 445 individuals are included from [/scratch/genevol/users/lucas/V1/grmGeuvadis.grm.bin].
Reading phenotypes from [/raid/genevol/users/lucas/heritability/02.GCTA/data/geneHLA-DQA1.txt].
Non-missing phenotypes of 445 individuals are included from [/raid/genevol/users/lucas/heritability/02.GCTA/data/geneHLA-DQA1.txt].
Reading discrete covariate(s) from [/raid/genevol/users/lucas/heritability/02.GCTA/data/envir2.txt].
1 discrete covariate(s) of 445 individuals are included from [/raid/genevol/users/lucas/heritability/02.GCTA/data/envir2.txt].

1 discrete variable(s) included as covariate(s).
445 individuals are in common in these files.

Performing  REML analysis ... (Note: may take hours depending on sample size).
445 observations, 7 fixed effect(s), and 2 variance component(s)(including residual variance).
Calculating prior values of variance components by EM-REML ...
Updated prior values: 25155.5 25713.3
logL: -2598.33
Running AI-REML algorithm ...
Iter.	logL	V(G)	V(e)	
1	-2598.19	16415.78901	33127.58601	
2	-2596.77	5993.56713	42222.86619	
3	-2596.73	7247.13553	41073.59266	
4	-2596.50	10446.51560	38196.48871	
5	-2596.32	10073.46553	38631.62683	
6	-2596.32	10220.81095	38491.19369	
7	-2596.32	10167.33822	38542.52971	
8	-2596.32	10187.14955	38523.55791	
9	-2596.32	10179.86282	38530.54210	
10	-2596.32	10182.55022	38527.96714	
Log-likelihood ratio converged.

Calculating the logLikelihood for the reduced model ...
(variance component 1 is dropped from the model)
Calculating prior values of variance components by EM-REML ...
Updated prior values: 50432.11206
logL: -2604.67747
Running AI-REML algorithm ...
Iter.	logL	V(e)	
1	-2604.61	50425.93654	
2	-2604.61	50412.57331	
3	-2604.61	50412.57685	
Log-likelihood ratio converged.

Summary result of REML analysis:
Source	Variance	SE
V(G)	10182.550216	6414.903820
V(e)	38527.967144	6643.233065
Vp	48710.517360	3302.287723
V(G)/Vp	0.209042	0.129793

Sampling variance/covariance of the estimates of variance components:
4.115099e+07	-3.718922e+07	
-3.718922e+07	4.413255e+07	
Estimatesof fixed effects:

Source	Estimate	SE
mean	746.608837	22.402443
X_2	-99.545648	40.809051
X_3	-66.271908	35.825125
X_4	-50.567991	41.603361
X_5	-65.985593	36.270086
X_6	-124.649240	31.207225
X_7	-53.337754	41.723503

Summary result of REML analysis has been saved in the file [/raid/genevol/users/lucas/heritability/03.Heritability/Results/V1/HLA-DQA1/GeuvadisHLA-DQA12.hsq].

Analysis finished at 23:20:37 -03 on Wed Jun 09 2021
Overall computational time: 1.01 sec.
