*******************************************************************
* Genome-wide Complex Trait Analysis (GCTA)
* version 1.93.2 beta Linux
* (C) 2010-present, Jian Yang, The University of Queensland
* Please report bugs to Jian Yang <jian.yang.qt@gmail.com>
*******************************************************************
Analysis started at 22:21:38 -03 on Mon Jun 07 2021.
Hostname: darwin

Accepted options:
--reml
--reml-alg 0
--reml-maxit 1000
--grm /scratch/genevol/users/lucas/V1/grmFull
--pheno /raid/genevol/users/lucas/heritability/02.GCTA/data/geneHLA-DQA1.txt
--covar /raid/genevol/users/lucas/heritability/02.GCTA/data/envir1.txt
--out /raid/genevol/users/lucas/heritability/03.Heritability/Results/V1/HLA-DQA1/HLA-DQA1Full1

Note: This is a multi-thread program. You could specify the number of threads by the --thread-num option to speed up the computation if there are multiple processors in your machine.

Reading IDs of the GRM from [/scratch/genevol/users/lucas/V1/grmFull.grm.id].
2504 IDs read from [/scratch/genevol/users/lucas/V1/grmFull.grm.id].
Reading the GRM from [/scratch/genevol/users/lucas/V1/grmFull.grm.bin].
GRM for 2504 individuals are included from [/scratch/genevol/users/lucas/V1/grmFull.grm.bin].
Reading phenotypes from [/raid/genevol/users/lucas/heritability/02.GCTA/data/geneHLA-DQA1.txt].
Non-missing phenotypes of 445 individuals are included from [/raid/genevol/users/lucas/heritability/02.GCTA/data/geneHLA-DQA1.txt].
Reading discrete covariate(s) from [/raid/genevol/users/lucas/heritability/02.GCTA/data/envir1.txt].
2 discrete covariate(s) of 445 individuals are included from [/raid/genevol/users/lucas/heritability/02.GCTA/data/envir1.txt].

2 discrete variable(s) included as covariate(s).
445 individuals are in common in these files.

Performing  REML analysis ... (Note: may take hours depending on sample size).
445 observations, 8 fixed effect(s), and 2 variance component(s)(including residual variance).
Calculating prior values of variance components by EM-REML ...
Updated prior values: 21192.8 22997.5
logL: -2604.1
Running AI-REML algorithm ...
Iter.	logL	V(G)	V(e)	
1	-2595.68	20982.28799	19682.65447	
2	-2593.69	20730.96677	17969.04181	
3	-2592.87	20519.51570	16999.69404	
4	-2592.52	20006.56394	15167.59345	
5	-2592.24	19917.22538	15448.08960	
6	-2592.24	19940.88141	15409.65734	
7	-2592.24	19937.02721	15415.98347	
8	-2592.24	19937.66177	15414.94202	
Log-likelihood ratio converged.

Calculating the logLikelihood for the reduced model ...
(variance component 1 is dropped from the model)
Calculating prior values of variance components by EM-REML ...
Updated prior values: 50541.39311
logL: -2601.56242
Running AI-REML algorithm ...
Iter.	logL	V(e)	
1	-2601.51	50534.95154	
2	-2601.51	50521.01279	
3	-2601.51	50521.01663	
Log-likelihood ratio converged.

Summary result of REML analysis:
Source	Variance	SE
V(G)	19937.661770	15573.139203
V(e)	15414.942023	25484.516938
Vp	35352.603793	10231.990888
V(G)/Vp	0.563966	0.597559

Sampling variance/covariance of the estimates of variance components:
2.425227e+08	-3.936448e+08	
-3.936448e+08	6.494606e+08	

Summary result of REML analysis has been saved in the file [/raid/genevol/users/lucas/heritability/03.Heritability/Results/V1/HLA-DQA1/HLA-DQA1Full1.hsq].

Analysis finished at 22:21:39 -03 on Mon Jun 07 2021
Overall computational time: 1.38 sec.
