*******************************************************************
* Genome-wide Complex Trait Analysis (GCTA)
* version 1.93.2 beta Linux
* (C) 2010-present, Jian Yang, The University of Queensland
* Please report bugs to Jian Yang <jian.yang.qt@gmail.com>
*******************************************************************
Analysis started at 22:21:43 -03 on Mon Jun 07 2021.
Hostname: darwin

Accepted options:
--reml
--reml-alg 0
--reml-maxit 1000
--grm /scratch/genevol/users/lucas/V1/grmNAfr
--pheno /raid/genevol/users/lucas/heritability/02.GCTA/data/geneHLA-DQA1.txt
--covar /raid/genevol/users/lucas/heritability/02.GCTA/data/envir1.txt
--out /raid/genevol/users/lucas/heritability/03.Heritability/Results/V1/HLA-DQA1/HLA-DQA1NAfr1

Note: This is a multi-thread program. You could specify the number of threads by the --thread-num option to speed up the computation if there are multiple processors in your machine.

Reading IDs of the GRM from [/scratch/genevol/users/lucas/V1/grmNAfr.grm.id].
358 IDs read from [/scratch/genevol/users/lucas/V1/grmNAfr.grm.id].
Reading the GRM from [/scratch/genevol/users/lucas/V1/grmNAfr.grm.bin].
GRM for 358 individuals are included from [/scratch/genevol/users/lucas/V1/grmNAfr.grm.bin].
Reading phenotypes from [/raid/genevol/users/lucas/heritability/02.GCTA/data/geneHLA-DQA1.txt].
Non-missing phenotypes of 445 individuals are included from [/raid/genevol/users/lucas/heritability/02.GCTA/data/geneHLA-DQA1.txt].
Reading discrete covariate(s) from [/raid/genevol/users/lucas/heritability/02.GCTA/data/envir1.txt].
2 discrete covariate(s) of 445 individuals are included from [/raid/genevol/users/lucas/heritability/02.GCTA/data/envir1.txt].

2 discrete variable(s) included as covariate(s).
358 individuals are in common in these files.

Performing  REML analysis ... (Note: may take hours depending on sample size).
358 observations, 8 fixed effect(s), and 2 variance component(s)(including residual variance).
Calculating prior values of variance components by EM-REML ...
Updated prior values: 24351.6 24317.9
logL: -2077.74
Running AI-REML algorithm ...
Iter.	logL	V(G)	V(e)	
1	-2077.71	34832.23211	13602.56895	
2	-2077.60	47967.68968	0.04923	(1 component(s) constrained)
3	-2077.12	48025.78952	0.04923	(1 component(s) constrained)
4	-2076.84	48022.84403	0.04923	(1 component(s) constrained)
5	-2078.97	48019.73321	0.04923	(1 component(s) constrained)
6	-2078.13	48028.96775	0.04923	(1 component(s) constrained)
7	-2077.66	48018.55065	0.04923	(1 component(s) constrained)
8	-2077.44	48015.67989	0.04923	(1 component(s) constrained)
9	-2077.76	48011.07128	0.04923	(1 component(s) constrained)
10	-2077.35	48017.41341	0.04923	(1 component(s) constrained)
11	-2076.73	48010.19625	0.04923	(1 component(s) constrained)
12	-2078.49	48011.04601	0.04923	(1 component(s) constrained)
13	-2076.38	48016.55025	0.04923	(1 component(s) constrained)
14	-2077.72	48019.01573	0.04923	(1 component(s) constrained)
15	-2076.46	48007.35529	0.04923	(1 component(s) constrained)
16	-2076.29	48007.58109	0.04923	(1 component(s) constrained)
17	-2077.23	48025.91538	0.04923	(1 component(s) constrained)
18	-2078.07	48026.98139	0.04923	(1 component(s) constrained)
19	-2076.22	48025.97721	0.04923	(1 component(s) constrained)
20	-2078.00	48020.87002	0.04923	(1 component(s) constrained)
21	-2077.07	48016.48044	0.04923	(1 component(s) constrained)
22	-2078.66	48012.63117	0.04923	(1 component(s) constrained)
23	-2077.12	48014.89024	0.04923	(1 component(s) constrained)
24	-2077.29	48014.01250	0.04923	(1 component(s) constrained)
25	-2077.91	48031.10297	0.04923	(1 component(s) constrained)
26	-2077.56	48019.15838	0.04923	(1 component(s) constrained)
27	-2078.38	48026.80553	0.04923	(1 component(s) constrained)
28	-2077.07	48027.65099	0.04923	(1 component(s) constrained)
29	-2077.47	48023.41457	0.04923	(1 component(s) constrained)
30	-2077.95	48019.71455	0.04923	(1 component(s) constrained)
31	-2077.41	48019.12677	0.04923	(1 component(s) constrained)
32	-2076.75	48014.55987	0.04923	(1 component(s) constrained)
33	-2077.85	48024.91632	0.04923	(1 component(s) constrained)
34	-2077.78	48009.40152	0.04923	(1 component(s) constrained)
35	-2077.67	48018.64529	0.04923	(1 component(s) constrained)
36	-2077.50	48021.20396	0.04923	(1 component(s) constrained)
37	-2076.51	48021.85477	0.04923	(1 component(s) constrained)
38	-2077.52	48021.02106	0.04923	(1 component(s) constrained)
39	-2076.79	48013.99058	0.04923	(1 component(s) constrained)
40	-2076.47	48016.67898	0.04923	(1 component(s) constrained)
41	-2076.89	48028.95000	0.04923	(1 component(s) constrained)
42	-2077.79	48014.27826	0.04923	(1 component(s) constrained)
43	-2078.99	48005.62839	0.04923	(1 component(s) constrained)
44	-2077.38	48028.78178	0.04923	(1 component(s) constrained)
45	-2080.08	48022.34360	0.04923	(1 component(s) constrained)
46	-2077.73	48024.17492	0.04923	(1 component(s) constrained)
47	-2077.78	48024.12246	0.04923	(1 component(s) constrained)
48	-2077.31	48021.82705	0.04923	(1 component(s) constrained)
49	-2077.25	48020.93957	0.04923	(1 component(s) constrained)
50	-2077.13	48019.81677	0.04923	(1 component(s) constrained)
51	-2076.43	48016.94124	0.04923	(1 component(s) constrained)
52	-2078.69	48027.10582	0.04923	(1 component(s) constrained)
53	-2076.99	48017.26303	0.04923	(1 component(s) constrained)
54	-2077.16	48018.65033	0.04923	(1 component(s) constrained)
55	-2077.32	48022.76956	0.04923	(1 component(s) constrained)
56	-2077.29	48022.27980	0.04923	(1 component(s) constrained)
57	-2077.02	48006.67710	0.04923	(1 component(s) constrained)
58	-2075.66	48015.19418	0.04923	(1 component(s) constrained)
59	-2078.88	48017.97340	0.04923	(1 component(s) constrained)
60	-2077.41	48021.54420	0.04923	(1 component(s) constrained)
61	-2077.25	48021.69675	0.04923	(1 component(s) constrained)
62	-2076.84	48021.52525	0.04923	(1 component(s) constrained)
63	-2077.68	48021.03079	0.04923	(1 component(s) constrained)
64	-2076.20	48011.80782	0.04923	(1 component(s) constrained)
65	-2078.11	48015.86761	0.04923	(1 component(s) constrained)
66	-2078.24	48013.94707	0.04923	(1 component(s) constrained)
67	-2077.16	48017.16247	0.04923	(1 component(s) constrained)
68	-2077.50	48017.80614	0.04923	(1 component(s) constrained)
69	-2077.86	48029.97132	0.04923	(1 component(s) constrained)
70	-2077.61	48025.34584	0.04923	(1 component(s) constrained)
71	-2077.18	48028.20297	0.04923	(1 component(s) constrained)
72	-2076.81	48014.70361	0.04923	(1 component(s) constrained)
73	-2077.26	48020.36479	0.04923	(1 component(s) constrained)
74	-2077.61	48027.15391	0.04923	(1 component(s) constrained)
75	-2076.86	48016.28251	0.04923	(1 component(s) constrained)
76	-2076.69	48023.87718	0.04923	(1 component(s) constrained)
77	-2076.79	48009.01848	0.04923	(1 component(s) constrained)
78	-2077.78	48009.60484	0.04923	(1 component(s) constrained)
79	-2077.09	48013.62304	0.04923	(1 component(s) constrained)
80	-2078.33	48036.62117	0.04923	(1 component(s) constrained)
81	-2078.45	48014.59595	0.04923	(1 component(s) constrained)
82	-2077.37	48025.01323	0.04923	(1 component(s) constrained)
83	-2076.51	48026.21533	0.04923	(1 component(s) constrained)
84	-2076.90	48010.76296	0.04923	(1 component(s) constrained)
85	-2077.76	48021.42155	0.04923	(1 component(s) constrained)
86	-2078.05	48020.10620	0.04923	(1 component(s) constrained)
87	-2076.81	48028.31856	0.04923	(1 component(s) constrained)
88	-2076.96	48025.73689	0.04923	(1 component(s) constrained)
89	-2076.61	48026.57490	0.04923	(1 component(s) constrained)
90	-2077.69	48024.01031	0.04923	(1 component(s) constrained)
91	-2076.65	48015.37525	0.04923	(1 component(s) constrained)
92	-2076.27	48015.50317	0.04923	(1 component(s) constrained)
93	-2076.59	48017.65587	0.04923	(1 component(s) constrained)
94	-2077.11	48027.31453	0.04923	(1 component(s) constrained)
95	-2077.06	48026.22900	0.04923	(1 component(s) constrained)
96	-2076.97	48015.63014	0.04923	(1 component(s) constrained)
97	-2076.60	48024.65104	0.04923	(1 component(s) constrained)
98	-2075.94	48019.19686	0.04923	(1 component(s) constrained)
99	-2078.56	48028.85155	0.04923	(1 component(s) constrained)
100	-2077.00	48020.53592	0.04923	(1 component(s) constrained)
101	-2077.72	48021.84790	0.04923	(1 component(s) constrained)
102	-2077.86	48014.59535	0.04923	(1 component(s) constrained)
103	-2077.15	48020.91821	0.04923	(1 component(s) constrained)
104	-2078.43	48020.93582	0.04923	(1 component(s) constrained)
105	-2077.95	48007.46685	0.04923	(1 component(s) constrained)
106	-2078.15	48021.15710	0.04923	(1 component(s) constrained)
107	-2076.95	48021.69532	0.04923	(1 component(s) constrained)
108	-2077.74	48016.41437	0.04923	(1 component(s) constrained)
109	-2078.71	48030.99940	0.04923	(1 component(s) constrained)
110	-2076.97	48025.44048	0.04923	(1 component(s) constrained)
111	-2077.68	48025.03222	0.04923	(1 component(s) constrained)
112	-2075.97	48008.26477	0.04923	(1 component(s) constrained)
113	-2076.65	48008.20108	0.04923	(1 component(s) constrained)
114	-2076.92	48022.07314	0.04923	(1 component(s) constrained)
115	-2075.46	48013.69819	0.04923	(1 component(s) constrained)
116	-2077.94	48015.37590	0.04923	(1 component(s) constrained)
117	-2076.85	48033.32628	0.04923	(1 component(s) constrained)
118	-2077.57	48027.96943	0.04923	(1 component(s) constrained)
119	-2076.94	48022.02271	0.04923	(1 component(s) constrained)
120	-2077.33	48014.17865	0.04923	(1 component(s) constrained)
121	-2076.20	48022.35362	0.04923	(1 component(s) constrained)
122	-2076.91	48019.17160	0.04923	(1 component(s) constrained)
123	-2076.69	48012.84703	0.04923	(1 component(s) constrained)
124	-2076.61	48015.68790	0.04923	(1 component(s) constrained)
125	-2077.82	48020.42414	0.04923	(1 component(s) constrained)
126	-2077.76	48013.00402	0.04923	(1 component(s) constrained)
127	-2078.77	48021.90180	0.04923	(1 component(s) constrained)
128	-2076.99	48012.63786	0.04923	(1 component(s) constrained)
129	-2078.21	48012.73280	0.04923	(1 component(s) constrained)
130	-2077.29	48008.47056	0.04923	(1 component(s) constrained)
131	-2076.64	48013.09828	0.04923	(1 component(s) constrained)
132	-2077.38	48022.14012	0.04923	(1 component(s) constrained)
133	-2077.46	48015.59461	0.04923	(1 component(s) constrained)
134	-2077.88	48022.87438	0.04923	(1 component(s) constrained)
135	-2078.56	48017.17969	0.04923	(1 component(s) constrained)
136	-2077.73	48017.56111	0.04923	(1 component(s) constrained)
137	-2078.08	48015.36804	0.04923	(1 component(s) constrained)
138	-2076.99	48024.99517	0.04923	(1 component(s) constrained)
139	-2078.59	48023.70859	0.04923	(1 component(s) constrained)
140	-2076.27	48015.98185	0.04923	(1 component(s) constrained)
141	-2077.33	48018.20705	0.04923	(1 component(s) constrained)
142	-2078.31	48017.57204	0.04923	(1 component(s) constrained)
143	-2077.92	48021.88513	0.04923	(1 component(s) constrained)
144	-2078.12	48026.01975	0.04923	(1 component(s) constrained)
145	-2076.84	48021.67238	0.04923	(1 component(s) constrained)
146	-2078.17	48020.70306	0.04923	(1 component(s) constrained)
147	-2077.14	48020.60550	0.04923	(1 component(s) constrained)
148	-2077.97	48019.79267	0.04923	(1 component(s) constrained)
149	-2077.81	48017.54910	0.04923	(1 component(s) constrained)
150	-2078.11	48013.37875	0.04923	(1 component(s) constrained)
151	-2077.61	48016.28617	0.04923	(1 component(s) constrained)
152	-2076.95	48025.77392	0.04923	(1 component(s) constrained)
153	-2076.70	48033.63289	0.04923	(1 component(s) constrained)
154	-2078.41	48028.69287	0.04923	(1 component(s) constrained)
155	-2076.70	48013.67430	0.04923	(1 component(s) constrained)
156	-2078.10	48018.96894	0.04923	(1 component(s) constrained)
157	-2077.23	48016.89277	0.04923	(1 component(s) constrained)
158	-2077.79	48007.43525	0.04923	(1 component(s) constrained)
159	-2078.25	48019.68134	0.04923	(1 component(s) constrained)
160	-2078.17	48016.43143	0.04923	(1 component(s) constrained)
161	-2077.26	48016.25954	0.04923	(1 component(s) constrained)
162	-2077.33	48018.26031	0.04923	(1 component(s) constrained)
163	-2077.08	48013.09315	0.04923	(1 component(s) constrained)
164	-2077.67	48011.68589	0.04923	(1 component(s) constrained)
165	-2077.54	48015.08503	0.04923	(1 component(s) constrained)
166	-2078.32	48027.21804	0.04923	(1 component(s) constrained)
167	-2077.96	48023.12886	0.04923	(1 component(s) constrained)
168	-2076.22	48012.64625	0.04923	(1 component(s) constrained)
169	-2077.02	48018.03648	0.04923	(1 component(s) constrained)
170	-2078.30	48018.15103	0.04923	(1 component(s) constrained)
171	-2078.82	48018.16051	0.04923	(1 component(s) constrained)
172	-2078.18	48023.42429	0.04923	(1 component(s) constrained)
173	-2076.97	48022.42004	0.04923	(1 component(s) constrained)
174	-2077.66	48017.68696	0.04923	(1 component(s) constrained)
175	-2077.74	48017.72569	0.04923	(1 component(s) constrained)
176	-2076.30	48021.97359	0.04923	(1 component(s) constrained)
177	-2076.54	48018.64468	0.04923	(1 component(s) constrained)
178	-2078.55	48020.99910	0.04923	(1 component(s) constrained)
179	-2078.21	48024.31104	0.04923	(1 component(s) constrained)
180	-2077.93	48016.88492	0.04923	(1 component(s) constrained)
181	-2076.99	48020.61694	0.04923	(1 component(s) constrained)
182	-2078.26	48021.62702	0.04923	(1 component(s) constrained)
183	-2077.07	48021.52406	0.04923	(1 component(s) constrained)
184	-2077.28	48023.78621	0.04923	(1 component(s) constrained)
185	-2078.54	48018.98470	0.04923	(1 component(s) constrained)
186	-2078.00	48024.76218	0.04923	(1 component(s) constrained)
187	-2078.04	48022.55009	0.04923	(1 component(s) constrained)
188	-2076.19	48014.96041	0.04923	(1 component(s) constrained)
189	-2078.11	48016.79193	0.04923	(1 component(s) constrained)
190	-2076.95	48010.59298	0.04923	(1 component(s) constrained)
191	-2077.46	48013.13999	0.04923	(1 component(s) constrained)
192	-2078.33	48019.34637	0.04923	(1 component(s) constrained)
193	-2076.94	48024.20957	0.04923	(1 component(s) constrained)
194	-2076.25	48020.54656	0.04923	(1 component(s) constrained)
195	-2077.30	48012.24788	0.04923	(1 component(s) constrained)
196	-2077.38	48020.74871	0.04923	(1 component(s) constrained)
197	-2077.90	48011.43205	0.04923	(1 component(s) constrained)
198	-2076.68	48020.49748	0.04923	(1 component(s) constrained)
199	-2078.77	48017.83559	0.04923	(1 component(s) constrained)
200	-2077.91	48017.16901	0.04923	(1 component(s) constrained)
201	-2077.12	48015.63478	0.04923	(1 component(s) constrained)
202	-2077.28	48015.98967	0.04923	(1 component(s) constrained)
203	-2077.04	48030.09166	0.04923	(1 component(s) constrained)
204	-2077.15	48025.14968	0.04923	(1 component(s) constrained)
205	-2076.75	48023.30176	0.04923	(1 component(s) constrained)
206	-2077.47	48014.94284	0.04923	(1 component(s) constrained)
207	-2076.64	48024.64418	0.04923	(1 component(s) constrained)
208	-2078.24	48020.60771	0.04923	(1 component(s) constrained)
209	-2077.70	48028.44414	0.04923	(1 component(s) constrained)
210	-2077.43	48013.91794	0.04923	(1 component(s) constrained)
211	-2077.31	48023.96577	0.04923	(1 component(s) constrained)
212	-2076.56	48006.27685	0.04923	(1 component(s) constrained)
213	-2076.80	48034.55416	0.04923	(1 component(s) constrained)
214	-2076.29	48019.13976	0.04923	(1 component(s) constrained)
215	-2077.45	48022.32875	0.04923	(1 component(s) constrained)
216	-2079.02	48017.52948	0.04923	(1 component(s) constrained)
217	-2077.84	48015.90673	0.04923	(1 component(s) constrained)
218	-2076.79	48015.85857	0.04923	(1 component(s) constrained)
219	-2077.23	48015.14121	0.04923	(1 component(s) constrained)
220	-2078.33	48031.21508	0.04923	(1 component(s) constrained)
221	-2078.02	48022.24564	0.04923	(1 component(s) constrained)
222	-2077.28	48021.18141	0.04923	(1 component(s) constrained)
223	-2078.27	48024.25154	0.04923	(1 component(s) constrained)
224	-2078.29	48024.57954	0.04923	(1 component(s) constrained)
225	-2077.50	48029.60877	0.04923	(1 component(s) constrained)
226	-2077.45	48017.78698	0.04923	(1 component(s) constrained)
227	-2077.05	48021.45122	0.04923	(1 component(s) constrained)
228	-2076.54	48019.86695	0.04923	(1 component(s) constrained)
229	-2077.03	48025.78242	0.04923	(1 component(s) constrained)
230	-2078.08	48025.98660	0.04923	(1 component(s) constrained)
231	-2078.31	48013.85269	0.04923	(1 component(s) constrained)
232	-2077.77	48019.57433	0.04923	(1 component(s) constrained)
233	-2077.33	48013.34872	0.04923	(1 component(s) constrained)
234	-2076.95	48031.11762	0.04923	(1 component(s) constrained)
235	-2077.34	48014.09110	0.04923	(1 component(s) constrained)
236	-2076.13	48010.77608	0.04923	(1 component(s) constrained)
237	-2077.88	48011.70721	0.04923	(1 component(s) constrained)
238	-2076.80	48010.91019	0.04923	(1 component(s) constrained)
239	-2077.57	48011.84356	0.04923	(1 component(s) constrained)
240	-2077.24	48015.18992	0.04923	(1 component(s) constrained)
241	-2077.22	48021.54907	0.04923	(1 component(s) constrained)
242	-2077.15	48026.21275	0.04923	(1 component(s) constrained)
243	-2077.59	48023.55526	0.04923	(1 component(s) constrained)
244	-2078.28	48024.89848	0.04923	(1 component(s) constrained)
245	-2077.52	48021.57787	0.04923	(1 component(s) constrained)
246	-2077.77	48022.42356	0.04923	(1 component(s) constrained)
247	-2076.60	48026.45722	0.04923	(1 component(s) constrained)
248	-2077.74	48024.54916	0.04923	(1 component(s) constrained)
249	-2078.27	48028.99021	0.04923	(1 component(s) constrained)
250	-2077.87	48026.04007	0.04923	(1 component(s) constrained)
251	-2077.47	48021.57356	0.04923	(1 component(s) constrained)
252	-2077.33	48016.50106	0.04923	(1 component(s) constrained)
253	-2078.27	48014.98519	0.04923	(1 component(s) constrained)
254	-2077.64	48017.61694	0.04923	(1 component(s) constrained)
255	-2078.27	48025.51583	0.04923	(1 component(s) constrained)
256	-2076.27	48018.00989	0.04923	(1 component(s) constrained)
257	-2076.58	48020.08600	0.04923	(1 component(s) constrained)
258	-2077.83	48021.48390	0.04923	(1 component(s) constrained)
259	-2077.51	48024.29660	0.04923	(1 component(s) constrained)
260	-2078.19	48018.28084	0.04923	(1 component(s) constrained)
261	-2077.31	48021.05624	0.04923	(1 component(s) constrained)
262	-2077.12	48015.83680	0.04923	(1 component(s) constrained)
263	-2076.96	48022.43477	0.04923	(1 component(s) constrained)
264	-2078.28	48017.22365	0.04923	(1 component(s) constrained)
265	-2077.54	48020.64670	0.04923	(1 component(s) constrained)
266	-2076.46	48019.19101	0.04923	(1 component(s) constrained)
267	-2077.59	48020.12806	0.04923	(1 component(s) constrained)
268	-2078.33	48012.47214	0.04923	(1 component(s) constrained)
269	-2075.78	48011.83789	0.04923	(1 component(s) constrained)
270	-2077.13	48013.69650	0.04923	(1 component(s) constrained)
271	-2077.21	48028.98038	0.04923	(1 component(s) constrained)
272	-2077.73	48018.72071	0.04923	(1 component(s) constrained)
273	-2078.21	48022.90330	0.04923	(1 component(s) constrained)
274	-2076.93	48028.12444	0.04923	(1 component(s) constrained)
275	-2076.91	48026.37512	0.04923	(1 component(s) constrained)
276	-2078.33	48025.71882	0.04923	(1 component(s) constrained)
277	-2076.82	48021.21610	0.04923	(1 component(s) constrained)
278	-2077.75	48019.32642	0.04923	(1 component(s) constrained)
279	-2077.69	48015.84232	0.04923	(1 component(s) constrained)
280	-2077.78	48022.37334	0.04923	(1 component(s) constrained)
281	-2077.04	48018.88155	0.04923	(1 component(s) constrained)
282	-2077.27	48023.18426	0.04923	(1 component(s) constrained)
283	-2076.43	48022.01487	0.04923	(1 component(s) constrained)
284	-2076.37	48021.79328	0.04923	(1 component(s) constrained)
285	-2078.29	48024.29117	0.04923	(1 component(s) constrained)
286	-2078.56	48026.42941	0.04923	(1 component(s) constrained)
287	-2076.90	48015.50338	0.04923	(1 component(s) constrained)
288	-2077.52	48018.62037	0.04923	(1 component(s) constrained)
289	-2079.01	48018.25007	0.04923	(1 component(s) constrained)
290	-2077.66	48016.85191	0.04923	(1 component(s) constrained)
291	-2076.97	48019.97747	0.04923	(1 component(s) constrained)
292	-2077.52	48012.14470	0.04923	(1 component(s) constrained)
293	-2076.59	48025.10138	0.04923	(1 component(s) constrained)
294	-2077.22	48020.05253	0.04923	(1 component(s) constrained)
295	-2077.53	48022.35388	0.04923	(1 component(s) constrained)
296	-2078.57	48014.99972	0.04923	(1 component(s) constrained)
297	-2077.32	48025.42364	0.04923	(1 component(s) constrained)
298	-2077.88	48024.37459	0.04923	(1 component(s) constrained)
299	-2078.19	48017.10023	0.04923	(1 component(s) constrained)
300	-2076.80	48020.31441	0.04923	(1 component(s) constrained)
301	-2077.04	48015.48185	0.04923	(1 component(s) constrained)
302	-2076.88	48019.38044	0.04923	(1 component(s) constrained)
303	-2077.21	48015.04094	0.04923	(1 component(s) constrained)
304	-2076.73	48032.47653	0.04923	(1 component(s) constrained)
305	-2076.15	48028.54812	0.04923	(1 component(s) constrained)
306	-2077.15	48027.25163	0.04923	(1 component(s) constrained)
307	-2076.82	48018.62011	0.04923	(1 component(s) constrained)
308	-2077.38	48020.51933	0.04923	(1 component(s) constrained)
309	-2077.58	48014.34819	0.04923	(1 component(s) constrained)
310	-2077.08	48016.23358	0.04923	(1 component(s) constrained)
311	-2078.09	48014.96487	0.04923	(1 component(s) constrained)
312	-2077.23	48028.17693	0.04923	(1 component(s) constrained)
313	-2077.38	48022.38089	0.04923	(1 component(s) constrained)
314	-2077.71	48015.49558	0.04923	(1 component(s) constrained)
315	-2077.68	48023.07299	0.04923	(1 component(s) constrained)
316	-2076.43	48021.09294	0.04923	(1 component(s) constrained)
317	-2077.62	48018.21398	0.04923	(1 component(s) constrained)
318	-2078.26	48013.13444	0.04923	(1 component(s) constrained)
319	-2078.08	48022.80126	0.04923	(1 component(s) constrained)
320	-2077.72	48017.72330	0.04923	(1 component(s) constrained)
321	-2077.07	48028.26115	0.04923	(1 component(s) constrained)
322	-2078.03	48013.74105	0.04923	(1 component(s) constrained)
323	-2077.96	48021.41042	0.04923	(1 component(s) constrained)
324	-2076.60	48029.96313	0.04923	(1 component(s) constrained)
325	-2075.92	48024.91663	0.04923	(1 component(s) constrained)
326	-2077.71	48021.29874	0.04923	(1 component(s) constrained)
327	-2076.82	48018.32425	0.04923	(1 component(s) constrained)
328	-2078.07	48019.39510	0.04923	(1 component(s) constrained)
329	-2077.25	48026.18361	0.04923	(1 component(s) constrained)
330	-2076.43	48021.33783	0.04923	(1 component(s) constrained)
331	-2078.73	48021.39316	0.04923	(1 component(s) constrained)
332	-2077.94	48019.02922	0.04923	(1 component(s) constrained)
333	-2078.16	48004.48430	0.04923	(1 component(s) constrained)
334	-2077.44	48016.60278	0.04923	(1 component(s) constrained)
335	-2077.92	48022.11406	0.04923	(1 component(s) constrained)
336	-2076.82	48020.31733	0.04923	(1 component(s) constrained)
337	-2076.73	48018.36921	0.04923	(1 component(s) constrained)
338	-2076.67	48020.90688	0.04923	(1 component(s) constrained)
339	-2077.86	48022.37365	0.04923	(1 component(s) constrained)
340	-2076.76	48019.24495	0.04923	(1 component(s) constrained)
341	-2078.53	48021.54894	0.04923	(1 component(s) constrained)
342	-2077.11	48022.26296	0.04923	(1 component(s) constrained)
343	-2076.11	48024.29044	0.04923	(1 component(s) constrained)
344	-2075.83	48022.90641	0.04923	(1 component(s) constrained)
345	-2078.27	48023.12943	0.04923	(1 component(s) constrained)
346	-2077.00	48014.30944	0.04923	(1 component(s) constrained)
347	-2076.76	48015.74732	0.04923	(1 component(s) constrained)
348	-2077.51	48017.91724	0.04923	(1 component(s) constrained)
349	-2077.58	48012.07323	0.04923	(1 component(s) constrained)
350	-2077.04	48027.18955	0.04923	(1 component(s) constrained)
351	-2078.27	48024.29419	0.04923	(1 component(s) constrained)
352	-2077.28	48014.62046	0.04923	(1 component(s) constrained)
353	-2076.76	48023.66092	0.04923	(1 component(s) constrained)
354	-2079.17	48007.39698	0.04923	(1 component(s) constrained)
355	-2077.79	48020.68452	0.04923	(1 component(s) constrained)
356	-2078.25	48019.87468	0.04923	(1 component(s) constrained)
357	-2077.72	48031.99873	0.04923	(1 component(s) constrained)
358	-2076.86	48008.53676	0.04923	(1 component(s) constrained)
359	-2077.33	48025.39831	0.04923	(1 component(s) constrained)
360	-2076.72	48019.11382	0.04923	(1 component(s) constrained)
361	-2077.59	48009.67500	0.04923	(1 component(s) constrained)
362	-2077.32	48022.21040	0.04923	(1 component(s) constrained)
363	-2078.49	48032.20098	0.04923	(1 component(s) constrained)
364	-2078.33	48018.27017	0.04923	(1 component(s) constrained)
365	-2078.30	48018.91884	0.04923	(1 component(s) constrained)
366	-2077.27	48017.17487	0.04923	(1 component(s) constrained)
367	-2078.06	48018.04970	0.04923	(1 component(s) constrained)
368	-2077.46	48033.54709	0.04923	(1 component(s) constrained)
369	-2077.39	48026.56330	0.04923	(1 component(s) constrained)
370	-2077.51	48017.10624	0.04923	(1 component(s) constrained)
371	-2077.71	48012.81857	0.04923	(1 component(s) constrained)
372	-2076.11	48006.73573	0.04923	(1 component(s) constrained)
373	-2076.97	48010.44690	0.04923	(1 component(s) constrained)
374	-2077.50	48023.30164	0.04923	(1 component(s) constrained)
375	-2078.64	48020.25394	0.04923	(1 component(s) constrained)
376	-2077.65	48027.03344	0.04923	(1 component(s) constrained)
377	-2076.64	48020.25748	0.04923	(1 component(s) constrained)
378	-2077.05	48020.46962	0.04923	(1 component(s) constrained)
379	-2079.25	48012.95635	0.04923	(1 component(s) constrained)
380	-2076.78	48021.14337	0.04923	(1 component(s) constrained)
381	-2076.26	48020.11176	0.04923	(1 component(s) constrained)
382	-2077.47	48017.11358	0.04923	(1 component(s) constrained)
383	-2077.28	48015.06159	0.04923	(1 component(s) constrained)
384	-2077.22	48025.17197	0.04923	(1 component(s) constrained)
385	-2077.41	48020.35041	0.04923	(1 component(s) constrained)
386	-2078.03	48010.13124	0.04923	(1 component(s) constrained)
387	-2077.39	48017.94472	0.04923	(1 component(s) constrained)
388	-2077.95	48017.53041	0.04923	(1 component(s) constrained)
389	-2078.39	48014.68833	0.04923	(1 component(s) constrained)
390	-2077.27	48033.07297	0.04923	(1 component(s) constrained)
391	-2077.01	48030.29212	0.04923	(1 component(s) constrained)
392	-2078.55	48019.58270	0.04923	(1 component(s) constrained)
393	-2078.01	48019.74462	0.04923	(1 component(s) constrained)
394	-2077.38	48013.38599	0.04923	(1 component(s) constrained)
395	-2078.25	48013.74549	0.04923	(1 component(s) constrained)
396	-2078.41	48019.66635	0.04923	(1 component(s) constrained)
397	-2077.22	48016.00857	0.04923	(1 component(s) constrained)
398	-2077.19	48016.09265	0.04923	(1 component(s) constrained)
399	-2076.95	48010.23157	0.04923	(1 component(s) constrained)
400	-2077.54	48023.34197	0.04923	(1 component(s) constrained)
401	-2077.02	48021.43820	0.04923	(1 component(s) constrained)
402	-2077.63	48026.77305	0.04923	(1 component(s) constrained)
403	-2076.63	48022.66784	0.04923	(1 component(s) constrained)
404	-2077.27	48023.59032	0.04923	(1 component(s) constrained)
405	-2077.21	48010.41133	0.04923	(1 component(s) constrained)
406	-2077.37	48006.12464	0.04923	(1 component(s) constrained)
407	-2077.17	48009.90738	0.04923	(1 component(s) constrained)
408	-2077.16	48005.28335	0.04923	(1 component(s) constrained)
409	-2077.89	48016.93777	0.04923	(1 component(s) constrained)
410	-2076.39	48016.38988	0.04923	(1 component(s) constrained)
411	-2077.82	48018.29985	0.04923	(1 component(s) constrained)
412	-2078.40	48027.29082	0.04923	(1 component(s) constrained)
413	-2076.81	48024.74427	0.04923	(1 component(s) constrained)
414	-2079.03	48023.31741	0.04923	(1 component(s) constrained)
415	-2077.70	48023.65410	0.04923	(1 component(s) constrained)
416	-2076.18	48020.05744	0.04923	(1 component(s) constrained)
417	-2076.88	48022.59418	0.04923	(1 component(s) constrained)
418	-2077.38	48017.10379	0.04923	(1 component(s) constrained)
419	-2077.23	48011.49013	0.04923	(1 component(s) constrained)
420	-2076.22	48021.61324	0.04923	(1 component(s) constrained)
421	-2077.95	48024.22082	0.04923	(1 component(s) constrained)
422	-2076.90	48023.62583	0.04923	(1 component(s) constrained)
423	-2076.86	48020.81635	0.04923	(1 component(s) constrained)
424	-2077.34	48012.80986	0.04923	(1 component(s) constrained)
425	-2077.49	48019.81802	0.04923	(1 component(s) constrained)
426	-2077.83	48028.95586	0.04923	(1 component(s) constrained)
427	-2077.07	48011.32442	0.04923	(1 component(s) constrained)
428	-2078.17	48011.92964	0.04923	(1 component(s) constrained)
429	-2077.85	48021.25807	0.04923	(1 component(s) constrained)
430	-2077.54	48024.15145	0.04923	(1 component(s) constrained)
431	-2076.90	48027.27371	0.04923	(1 component(s) constrained)
432	-2076.08	48016.31943	0.04923	(1 component(s) constrained)
433	-2077.68	48014.71046	0.04923	(1 component(s) constrained)
434	-2076.29	48025.73847	0.04923	(1 component(s) constrained)
435	-2075.81	48027.92860	0.04923	(1 component(s) constrained)
436	-2077.22	48019.12645	0.04923	(1 component(s) constrained)
437	-2076.04	48013.49342	0.04923	(1 component(s) constrained)
438	-2077.47	48016.09850	0.04923	(1 component(s) constrained)
439	-2077.22	48033.29256	0.04923	(1 component(s) constrained)
440	-2077.19	48015.67866	0.04923	(1 component(s) constrained)
441	-2079.02	48032.46520	0.04923	(1 component(s) constrained)
442	-2077.02	48022.53019	0.04923	(1 component(s) constrained)
443	-2077.04	48021.68049	0.04923	(1 component(s) constrained)
444	-2077.16	48031.90145	0.04923	(1 component(s) constrained)
445	-2076.95	48021.61100	0.04923	(1 component(s) constrained)
446	-2077.19	48026.70059	0.04923	(1 component(s) constrained)
447	-2076.95	48011.59853	0.04923	(1 component(s) constrained)
448	-2078.68	48014.15133	0.04923	(1 component(s) constrained)
449	-2076.95	48018.06183	0.04923	(1 component(s) constrained)
450	-2078.09	48020.53931	0.04923	(1 component(s) constrained)
451	-2077.09	48026.06053	0.04923	(1 component(s) constrained)
452	-2077.58	48028.75035	0.04923	(1 component(s) constrained)
453	-2078.30	48023.22738	0.04923	(1 component(s) constrained)
454	-2077.71	48015.89778	0.04923	(1 component(s) constrained)
455	-2078.01	48015.84787	0.04923	(1 component(s) constrained)
456	-2077.12	48013.25644	0.04923	(1 component(s) constrained)
457	-2076.93	48011.19719	0.04923	(1 component(s) constrained)
458	-2077.16	48016.80668	0.04923	(1 component(s) constrained)
459	-2077.68	48020.83890	0.04923	(1 component(s) constrained)
460	-2078.53	48009.24302	0.04923	(1 component(s) constrained)
461	-2078.58	48014.01419	0.04923	(1 component(s) constrained)
462	-2077.61	48021.84827	0.04923	(1 component(s) constrained)
463	-2078.31	48021.20590	0.04923	(1 component(s) constrained)
464	-2077.13	48016.00421	0.04923	(1 component(s) constrained)
465	-2076.83	48014.05525	0.04923	(1 component(s) constrained)
466	-2077.91	48019.12497	0.04923	(1 component(s) constrained)
467	-2078.03	48033.24439	0.04923	(1 component(s) constrained)
468	-2077.42	48018.06801	0.04923	(1 component(s) constrained)
469	-2077.77	48026.20143	0.04923	(1 component(s) constrained)
470	-2077.32	48023.06126	0.04923	(1 component(s) constrained)
471	-2077.46	48004.24884	0.04923	(1 component(s) constrained)
472	-2076.55	48020.77558	0.04923	(1 component(s) constrained)
473	-2077.33	48019.56541	0.04923	(1 component(s) constrained)
474	-2077.42	48019.15643	0.04923	(1 component(s) constrained)
475	-2076.66	48020.81091	0.04923	(1 component(s) constrained)
476	-2077.87	48024.92682	0.04923	(1 component(s) constrained)
477	-2077.97	48016.20441	0.04923	(1 component(s) constrained)
478	-2078.00	48011.16481	0.04923	(1 component(s) constrained)
479	-2077.68	48013.02591	0.04923	(1 component(s) constrained)
480	-2077.51	48028.73738	0.04923	(1 component(s) constrained)
481	-2077.97	48019.57667	0.04923	(1 component(s) constrained)
482	-2077.92	48021.96637	0.04923	(1 component(s) constrained)
483	-2077.37	48013.06896	0.04923	(1 component(s) constrained)
484	-2077.79	48016.04971	0.04923	(1 component(s) constrained)
485	-2078.84	48024.24160	0.04923	(1 component(s) constrained)
486	-2078.57	48022.09074	0.04923	(1 component(s) constrained)
487	-2076.60	48018.09351	0.04923	(1 component(s) constrained)
488	-2078.08	48018.20236	0.04923	(1 component(s) constrained)
489	-2077.70	48014.86790	0.04923	(1 component(s) constrained)
490	-2079.29	48006.35797	0.04923	(1 component(s) constrained)
491	-2077.36	48017.42782	0.04923	(1 component(s) constrained)
492	-2078.00	48018.42160	0.04923	(1 component(s) constrained)
493	-2077.63	48021.72055	0.04923	(1 component(s) constrained)
494	-2077.49	48028.32387	0.04923	(1 component(s) constrained)
495	-2078.49	48023.55755	0.04923	(1 component(s) constrained)
496	-2077.41	48024.48797	0.04923	(1 component(s) constrained)
497	-2077.40	48020.74993	0.04923	(1 component(s) constrained)
498	-2076.19	48014.82959	0.04923	(1 component(s) constrained)
499	-2077.49	48015.90438	0.04923	(1 component(s) constrained)
500	-2077.25	48010.96301	0.04923	(1 component(s) constrained)
501	-2076.99	48010.37790	0.04923	(1 component(s) constrained)
502	-2078.18	48019.81394	0.04923	(1 component(s) constrained)
503	-2077.60	48013.64679	0.04923	(1 component(s) constrained)
504	-2077.30	48029.08942	0.04923	(1 component(s) constrained)
505	-2077.55	48013.87046	0.04923	(1 component(s) constrained)
506	-2077.38	48018.01704	0.04923	(1 component(s) constrained)
507	-2077.62	48009.35945	0.04923	(1 component(s) constrained)
508	-2078.66	48024.92889	0.04923	(1 component(s) constrained)
509	-2078.28	48011.68571	0.04923	(1 component(s) constrained)
510	-2077.32	48015.69484	0.04923	(1 component(s) constrained)
511	-2077.41	48016.76128	0.04923	(1 component(s) constrained)
512	-2077.31	48015.86055	0.04923	(1 component(s) constrained)
513	-2077.50	48020.88647	0.04923	(1 component(s) constrained)
514	-2076.82	48028.95539	0.04923	(1 component(s) constrained)
515	-2077.81	48028.15524	0.04923	(1 component(s) constrained)
516	-2076.97	48020.48465	0.04923	(1 component(s) constrained)
517	-2077.40	48025.27209	0.04923	(1 component(s) constrained)
518	-2077.93	48005.62109	0.04923	(1 component(s) constrained)
519	-2077.49	48023.64876	0.04923	(1 component(s) constrained)
520	-2076.98	48015.72421	0.04923	(1 component(s) constrained)
521	-2078.15	48025.58542	0.04923	(1 component(s) constrained)
522	-2077.12	48008.45399	0.04923	(1 component(s) constrained)
523	-2077.05	48009.61429	0.04923	(1 component(s) constrained)
524	-2076.67	48005.46436	0.04923	(1 component(s) constrained)
525	-2076.59	48010.20509	0.04923	(1 component(s) constrained)
526	-2077.33	48024.42464	0.04923	(1 component(s) constrained)
527	-2077.45	48010.83234	0.04923	(1 component(s) constrained)
528	-2077.97	48022.22002	0.04923	(1 component(s) constrained)
529	-2077.98	48025.16844	0.04923	(1 component(s) constrained)
530	-2076.91	48016.94045	0.04923	(1 component(s) constrained)
531	-2076.48	48013.27760	0.04923	(1 component(s) constrained)
532	-2078.32	48029.90855	0.04923	(1 component(s) constrained)
533	-2077.82	48029.10771	0.04923	(1 component(s) constrained)
534	-2077.63	48010.27225	0.04923	(1 component(s) constrained)
535	-2077.82	48015.08755	0.04923	(1 component(s) constrained)
536	-2076.33	48023.97979	0.04923	(1 component(s) constrained)
537	-2075.63	48024.64925	0.04923	(1 component(s) constrained)
538	-2077.35	48031.80931	0.04923	(1 component(s) constrained)
539	-2078.21	48024.46977	0.04923	(1 component(s) constrained)
540	-2077.18	48012.12324	0.04923	(1 component(s) constrained)
541	-2076.47	48016.12196	0.04923	(1 component(s) constrained)
542	-2077.78	48010.01483	0.04923	(1 component(s) constrained)
543	-2078.15	48025.89409	0.04923	(1 component(s) constrained)
544	-2076.57	48022.61172	0.04923	(1 component(s) constrained)
545	-2078.16	48021.08924	0.04923	(1 component(s) constrained)
546	-2078.19	48025.27758	0.04923	(1 component(s) constrained)
547	-2075.51	48024.98107	0.04923	(1 component(s) constrained)
548	-2078.37	48025.27505	0.04923	(1 component(s) constrained)
549	-2077.08	48014.07188	0.04923	(1 component(s) constrained)
550	-2076.70	48014.65659	0.04923	(1 component(s) constrained)
551	-2077.99	48010.28688	0.04923	(1 component(s) constrained)
552	-2078.40	48010.98239	0.04923	(1 component(s) constrained)
553	-2077.16	48025.64211	0.04923	(1 component(s) constrained)
554	-2077.39	48022.89332	0.04923	(1 component(s) constrained)
555	-2077.62	48023.71184	0.04923	(1 component(s) constrained)
556	-2078.01	48024.19725	0.04923	(1 component(s) constrained)
557	-2078.05	48026.66770	0.04923	(1 component(s) constrained)
558	-2077.46	48027.47404	0.04923	(1 component(s) constrained)
559	-2077.85	48022.45077	0.04923	(1 component(s) constrained)
560	-2077.06	48020.24036	0.04923	(1 component(s) constrained)
561	-2078.26	48019.48623	0.04923	(1 component(s) constrained)
562	-2076.58	48013.78210	0.04923	(1 component(s) constrained)
563	-2077.21	48013.62953	0.04923	(1 component(s) constrained)
564	-2077.44	48027.41241	0.04923	(1 component(s) constrained)
565	-2077.49	48023.79325	0.04923	(1 component(s) constrained)
566	-2077.03	48014.63202	0.04923	(1 component(s) constrained)
567	-2078.64	48017.56105	0.04923	(1 component(s) constrained)
568	-2076.57	48028.58626	0.04923	(1 component(s) constrained)
569	-2077.17	48026.27751	0.04923	(1 component(s) constrained)
570	-2077.93	48020.88156	0.04923	(1 component(s) constrained)
571	-2077.21	48018.55712	0.04923	(1 component(s) constrained)
572	-2077.97	48033.85412	0.04923	(1 component(s) constrained)
573	-2077.79	48032.80125	0.04923	(1 component(s) constrained)
574	-2077.96	48026.54445	0.04923	(1 component(s) constrained)
575	-2077.98	48018.87945	0.04923	(1 component(s) constrained)
576	-2077.22	48030.16542	0.04923	(1 component(s) constrained)
577	-2078.17	48023.05515	0.04923	(1 component(s) constrained)
578	-2077.73	48018.61830	0.04923	(1 component(s) constrained)
579	-2077.57	48014.10748	0.04923	(1 component(s) constrained)
580	-2077.21	48028.98857	0.04923	(1 component(s) constrained)
581	-2077.25	48018.16426	0.04923	(1 component(s) constrained)
582	-2078.30	48013.10867	0.04923	(1 component(s) constrained)
583	-2078.10	48024.82153	0.04923	(1 component(s) constrained)
584	-2077.67	48020.35915	0.04923	(1 component(s) constrained)
585	-2076.25	48018.08704	0.04923	(1 component(s) constrained)
586	-2077.83	48019.07146	0.04923	(1 component(s) constrained)
587	-2077.28	48019.78772	0.04923	(1 component(s) constrained)
588	-2076.77	48014.81372	0.04923	(1 component(s) constrained)
589	-2077.80	48023.91885	0.04923	(1 component(s) constrained)
590	-2078.70	48012.26249	0.04923	(1 component(s) constrained)
591	-2077.62	48023.80772	0.04923	(1 component(s) constrained)
592	-2077.17	48021.82863	0.04923	(1 component(s) constrained)
593	-2077.40	48018.68887	0.04923	(1 component(s) constrained)
594	-2076.89	48021.65515	0.04923	(1 component(s) constrained)
595	-2077.85	48026.59197	0.04923	(1 component(s) constrained)
596	-2077.63	48024.78475	0.04923	(1 component(s) constrained)
597	-2078.24	48017.11622	0.04923	(1 component(s) constrained)
598	-2078.19	48012.29118	0.04923	(1 component(s) constrained)
599	-2078.74	48016.37897	0.04923	(1 component(s) constrained)
600	-2078.80	48024.10823	0.04923	(1 component(s) constrained)
601	-2076.29	48026.47895	0.04923	(1 component(s) constrained)
602	-2076.42	48025.33743	0.04923	(1 component(s) constrained)
603	-2077.17	48016.72144	0.04923	(1 component(s) constrained)
604	-2077.00	48015.40587	0.04923	(1 component(s) constrained)
605	-2077.60	48015.26233	0.04923	(1 component(s) constrained)
606	-2076.48	48009.07822	0.04923	(1 component(s) constrained)
607	-2078.03	48011.02459	0.04923	(1 component(s) constrained)
608	-2076.98	48016.33096	0.04923	(1 component(s) constrained)
609	-2077.20	48017.83658	0.04923	(1 component(s) constrained)
610	-2077.62	48027.31889	0.04923	(1 component(s) constrained)
611	-2076.39	48021.58242	0.04923	(1 component(s) constrained)
612	-2077.69	48017.81763	0.04923	(1 component(s) constrained)
613	-2077.43	48015.86207	0.04923	(1 component(s) constrained)
614	-2077.77	48025.54289	0.04923	(1 component(s) constrained)
615	-2077.27	48021.40210	0.04923	(1 component(s) constrained)
616	-2076.82	48023.83398	0.04923	(1 component(s) constrained)
617	-2077.48	48015.16938	0.04923	(1 component(s) constrained)
618	-2077.15	48026.57837	0.04923	(1 component(s) constrained)
619	-2076.90	48005.94942	0.04923	(1 component(s) constrained)
620	-2077.76	48022.26617	0.04923	(1 component(s) constrained)
621	-2078.80	48012.33846	0.04923	(1 component(s) constrained)
622	-2076.97	48024.67548	0.04923	(1 component(s) constrained)
623	-2077.31	48023.73303	0.04923	(1 component(s) constrained)
624	-2076.66	48012.35908	0.04923	(1 component(s) constrained)
625	-2078.10	48015.02798	0.04923	(1 component(s) constrained)
626	-2077.89	48024.19675	0.04923	(1 component(s) constrained)
627	-2077.84	48014.72936	0.04923	(1 component(s) constrained)
628	-2077.35	48025.99715	0.04923	(1 component(s) constrained)
629	-2076.82	48024.13061	0.04923	(1 component(s) constrained)
630	-2077.39	48016.81128	0.04923	(1 component(s) constrained)
631	-2077.79	48022.40094	0.04923	(1 component(s) constrained)
632	-2077.75	48027.74990	0.04923	(1 component(s) constrained)
633	-2076.74	48013.41020	0.04923	(1 component(s) constrained)
634	-2077.89	48015.66586	0.04923	(1 component(s) constrained)
635	-2077.28	48014.03859	0.04923	(1 component(s) constrained)
636	-2077.16	48022.47727	0.04923	(1 component(s) constrained)
637	-2076.80	48016.59700	0.04923	(1 component(s) constrained)
638	-2077.02	48029.01151	0.04923	(1 component(s) constrained)
639	-2077.41	48011.50884	0.04923	(1 component(s) constrained)
640	-2076.11	48020.74141	0.04923	(1 component(s) constrained)
641	-2077.09	48022.52586	0.04923	(1 component(s) constrained)
642	-2076.91	48019.77052	0.04923	(1 component(s) constrained)
643	-2078.10	48018.92991	0.04923	(1 component(s) constrained)
644	-2077.60	48025.74567	0.04923	(1 component(s) constrained)
645	-2078.40	48018.32788	0.04923	(1 component(s) constrained)
646	-2078.35	48032.75809	0.04923	(1 component(s) constrained)
647	-2077.99	48006.34065	0.04923	(1 component(s) constrained)
648	-2075.50	48022.55238	0.04923	(1 component(s) constrained)
649	-2077.73	48021.78599	0.04923	(1 component(s) constrained)
650	-2077.49	48016.61356	0.04923	(1 component(s) constrained)
651	-2076.91	48015.54572	0.04923	(1 component(s) constrained)
652	-2078.38	48026.63473	0.04923	(1 component(s) constrained)
653	-2077.59	48026.80406	0.04923	(1 component(s) constrained)
654	-2075.96	48012.86889	0.04923	(1 component(s) constrained)
655	-2076.60	48012.54834	0.04923	(1 component(s) constrained)
656	-2078.78	48024.14779	0.04923	(1 component(s) constrained)
657	-2077.32	48020.67492	0.04923	(1 component(s) constrained)
658	-2076.84	48018.61355	0.04923	(1 component(s) constrained)
659	-2078.20	48020.77817	0.04923	(1 component(s) constrained)
660	-2077.67	48026.48850	0.04923	(1 component(s) constrained)
661	-2077.33	48026.54993	0.04923	(1 component(s) constrained)
662	-2078.68	48023.43528	0.04923	(1 component(s) constrained)
663	-2078.60	48020.51995	0.04923	(1 component(s) constrained)
664	-2075.29	48016.19764	0.04923	(1 component(s) constrained)
665	-2077.29	48015.31242	0.04923	(1 component(s) constrained)
666	-2076.31	48020.06510	0.04923	(1 component(s) constrained)
667	-2078.13	48014.70187	0.04923	(1 component(s) constrained)
668	-2077.47	48025.39848	0.04923	(1 component(s) constrained)
669	-2076.42	48012.28392	0.04923	(1 component(s) constrained)
670	-2078.08	48012.55610	0.04923	(1 component(s) constrained)
671	-2078.15	48022.47024	0.04923	(1 component(s) constrained)
672	-2076.46	48021.93859	0.04923	(1 component(s) constrained)
673	-2079.27	48022.13509	0.04923	(1 component(s) constrained)
674	-2077.85	48028.88699	0.04923	(1 component(s) constrained)
675	-2078.01	48025.51507	0.04923	(1 component(s) constrained)
676	-2078.03	48017.00189	0.04923	(1 component(s) constrained)
677	-2076.96	48022.42147	0.04923	(1 component(s) constrained)
678	-2078.01	48023.61122	0.04923	(1 component(s) constrained)
679	-2077.56	48017.78673	0.04923	(1 component(s) constrained)
680	-2079.34	48013.81136	0.04923	(1 component(s) constrained)
681	-2077.08	48026.59777	0.04923	(1 component(s) constrained)
682	-2077.82	48023.81920	0.04923	(1 component(s) constrained)
683	-2077.81	48012.20043	0.04923	(1 component(s) constrained)
684	-2078.81	48036.26425	0.04923	(1 component(s) constrained)
685	-2078.01	48022.62803	0.04923	(1 component(s) constrained)
686	-2076.51	48031.39370	0.04923	(1 component(s) constrained)
687	-2078.90	48029.83309	0.04923	(1 component(s) constrained)
688	-2078.22	48011.37466	0.04923	(1 component(s) constrained)
689	-2076.57	48022.55716	0.04923	(1 component(s) constrained)
690	-2079.11	48017.93759	0.04923	(1 component(s) constrained)
691	-2077.13	48018.61331	0.04923	(1 component(s) constrained)
692	-2077.84	48021.27361	0.04923	(1 component(s) constrained)
693	-2077.84	48019.02188	0.04923	(1 component(s) constrained)
Log-likelihood ratio converged.

Calculating the logLikelihood for the reduced model ...
(variance component 1 is dropped from the model)
Calculating prior values of variance components by EM-REML ...
Updated prior values: 48269.38466
logL: -2077.99655
Running AI-REML algorithm ...
Iter.	logL	V(e)	
1	-2077.96	48262.45495	
2	-2077.96	48247.46050	
3	-2077.96	48247.46515	
Log-likelihood ratio converged.

Summary result of REML analysis:
Source	Variance	SE
V(G)	48019.021882	57154.992069
V(e)	0.049228	57061.142559
Vp	48019.071110	3629.934805
V(G)/Vp	0.999999	1.188302

Sampling variance/covariance of the estimates of variance components:
3.266693e+09	-3.254745e+09	
-3.254745e+09	3.255974e+09	

Summary result of REML analysis has been saved in the file [/raid/genevol/users/lucas/heritability/03.Heritability/Results/V1/HLA-DQA1/HLA-DQA1NAfr1.hsq].

Analysis finished at 22:21:52 -03 on Mon Jun 07 2021
Overall computational time: 8.37 sec.
