*******************************************************************
* Genome-wide Complex Trait Analysis (GCTA)
* version 1.93.2 beta Linux
* (C) 2010-present, Jian Yang, The University of Queensland
* Please report bugs to Jian Yang <jian.yang.qt@gmail.com>
*******************************************************************
Analysis started at 23:23:09 -03 on Wed Jun 09 2021.
Hostname: darwin

Accepted options:
--reml
--reml-alg 0
--reml-maxit 1000
--grm /scratch/genevol/users/lucas/V2/grmFull
--pheno /raid/genevol/users/lucas/heritability/02.GCTA/data/geneHLA-DPA1.txt
--covar /raid/genevol/users/lucas/heritability/02.GCTA/data/envir1.txt
--reml-est-fix
--out /raid/genevol/users/lucas/heritability/03.Heritability/Results/V2/HLA-DPA1/FullHLA-DPA11

Note: This is a multi-thread program. You could specify the number of threads by the --thread-num option to speed up the computation if there are multiple processors in your machine.

Reading IDs of the GRM from [/scratch/genevol/users/lucas/V2/grmFull.grm.id].
2504 IDs read from [/scratch/genevol/users/lucas/V2/grmFull.grm.id].
Reading the GRM from [/scratch/genevol/users/lucas/V2/grmFull.grm.bin].
GRM for 2504 individuals are included from [/scratch/genevol/users/lucas/V2/grmFull.grm.bin].
Reading phenotypes from [/raid/genevol/users/lucas/heritability/02.GCTA/data/geneHLA-DPA1.txt].
Non-missing phenotypes of 445 individuals are included from [/raid/genevol/users/lucas/heritability/02.GCTA/data/geneHLA-DPA1.txt].
Reading discrete covariate(s) from [/raid/genevol/users/lucas/heritability/02.GCTA/data/envir1.txt].
2 discrete covariate(s) of 445 individuals are included from [/raid/genevol/users/lucas/heritability/02.GCTA/data/envir1.txt].

2 discrete variable(s) included as covariate(s).
445 individuals are in common in these files.

Performing  REML analysis ... (Note: may take hours depending on sample size).
445 observations, 8 fixed effect(s), and 2 variance component(s)(including residual variance).
Calculating prior values of variance components by EM-REML ...
Updated prior values: 13215.4 14012.7
logL: -2483.79
Running AI-REML algorithm ...
Iter.	logL	V(G)	V(e)	
1	-2476.30	14327.55940	10357.18086	
2	-2474.40	15139.32518	7987.93286	
3	-2473.62	15740.57407	6376.55908	
4	-2473.28	17172.49426	2796.72188	
5	-2473.00	17575.65905	2286.60539	
6	-2473.00	17655.27053	2171.23340	
7	-2473.00	17672.13809	2146.73281	
8	-2473.00	17675.70043	2141.55778	
9	-2473.00	17676.45203	2140.46590	
Log-likelihood ratio converged.

Calculating the logLikelihood for the reduced model ...
(variance component 1 is dropped from the model)
Calculating prior values of variance components by EM-REML ...
Updated prior values: 28836.43104
logL: -2479.51690
Running AI-REML algorithm ...
Iter.	logL	V(e)	
1	-2478.60	28820.48978	
2	-2478.60	28786.03097	
3	-2478.60	28786.07212	
4	-2478.60	28786.07213	
Log-likelihood ratio converged.

Summary result of REML analysis:
Source	Variance	SE
V(G)	17676.452034	13784.163657
V(e)	2140.465900	19950.013802
Vp	19816.917935	6360.192283
V(G)/Vp	0.891988	0.972802

Sampling variance/covariance of the estimates of variance components:
1.900032e+08	-2.737771e+08	
-2.737771e+08	3.980031e+08	
Estimatesof fixed effects:

Source	Estimate	SE
mean	606.990318	26.503588
X_2	13.720513	16.064550
X_3	-71.708731	31.101282
X_4	-84.744934	27.304920
X_5	-81.224185	31.685481
X_6	9.816145	27.576443
X_7	-132.780484	23.718906
X_8	-2.319001	31.500789

Summary result of REML analysis has been saved in the file [/raid/genevol/users/lucas/heritability/03.Heritability/Results/V2/HLA-DPA1/FullHLA-DPA11.hsq].

Analysis finished at 23:23:10 -03 on Wed Jun 09 2021
Overall computational time: 1.21 sec.
