*******************************************************************
* Genome-wide Complex Trait Analysis (GCTA)
* version 1.93.2 beta Linux
* (C) 2010-present, Jian Yang, The University of Queensland
* Please report bugs to Jian Yang <jian.yang.qt@gmail.com>
*******************************************************************
Analysis started at 23:23:14 -03 on Wed Jun 09 2021.
Hostname: darwin

Accepted options:
--reml
--reml-alg 0
--reml-maxit 1000
--grm /scratch/genevol/users/lucas/V2/grmGeuvadis
--pheno /raid/genevol/users/lucas/heritability/02.GCTA/data/geneHLA-DPA1.txt
--covar /raid/genevol/users/lucas/heritability/02.GCTA/data/envir2.txt
--reml-est-fix
--out /raid/genevol/users/lucas/heritability/03.Heritability/Results/V2/HLA-DPA1/GeuvadisHLA-DPA12

Note: This is a multi-thread program. You could specify the number of threads by the --thread-num option to speed up the computation if there are multiple processors in your machine.

Reading IDs of the GRM from [/scratch/genevol/users/lucas/V2/grmGeuvadis.grm.id].
445 IDs read from [/scratch/genevol/users/lucas/V2/grmGeuvadis.grm.id].
Reading the GRM from [/scratch/genevol/users/lucas/V2/grmGeuvadis.grm.bin].
GRM for 445 individuals are included from [/scratch/genevol/users/lucas/V2/grmGeuvadis.grm.bin].
Reading phenotypes from [/raid/genevol/users/lucas/heritability/02.GCTA/data/geneHLA-DPA1.txt].
Non-missing phenotypes of 445 individuals are included from [/raid/genevol/users/lucas/heritability/02.GCTA/data/geneHLA-DPA1.txt].
Reading discrete covariate(s) from [/raid/genevol/users/lucas/heritability/02.GCTA/data/envir2.txt].
1 discrete covariate(s) of 445 individuals are included from [/raid/genevol/users/lucas/heritability/02.GCTA/data/envir2.txt].

1 discrete variable(s) included as covariate(s).
445 individuals are in common in these files.

Performing  REML analysis ... (Note: may take hours depending on sample size).
445 observations, 7 fixed effect(s), and 2 variance component(s)(including residual variance).
Calculating prior values of variance components by EM-REML ...
Updated prior values: 15101.7 15615.4
logL: -2484.27
Running AI-REML algorithm ...
Iter.	logL	V(G)	V(e)	
1	-2483.88	2261.00207	26219.20490	
2	-2478.61	2533.74685	25835.79760	
3	-2478.61	2483.66470	25885.24434	
4	-2478.60	2409.00894	25959.75648	
5	-2478.60	2454.59837	25915.36130	
6	-2478.60	2427.49619	25941.82734	
7	-2478.60	2443.86984	25925.86639	
8	-2478.60	2434.06955	25935.42947	
9	-2478.60	2439.96907	25929.67636	
10	-2478.60	2436.42973	25933.12915	
11	-2478.60	2438.55748	25931.05391	
12	-2478.60	2437.27991	25932.30012	
Log-likelihood ratio converged.

Calculating the logLikelihood for the reduced model ...
(variance component 1 is dropped from the model)
Calculating prior values of variance components by EM-REML ...
Updated prior values: 28804.49030
logL: -2482.63177
Running AI-REML algorithm ...
Iter.	logL	V(e)	
1	-2481.70	28790.41481	
2	-2481.70	28759.98425	
3	-2481.70	28760.01638	
4	-2481.70	28760.01638	
Log-likelihood ratio converged.

Summary result of REML analysis:
Source	Variance	SE
V(G)	2437.279912	2258.497819
V(e)	25932.300117	2810.192147
Vp	28369.580029	1917.843524
V(G)/Vp	0.085912	0.079230

Sampling variance/covariance of the estimates of variance components:
5.100812e+06	-4.659934e+06	
-4.659934e+06	7.897180e+06	
Estimatesof fixed effects:

Source	Estimate	SE
mean	606.705302	17.375788
X_2	-67.960239	31.286124
X_3	-83.334948	27.472666
X_4	-78.095908	31.846683
X_5	12.527947	27.767209
X_6	-132.745535	23.901080
X_7	-0.602746	31.895954

Summary result of REML analysis has been saved in the file [/raid/genevol/users/lucas/heritability/03.Heritability/Results/V2/HLA-DPA1/GeuvadisHLA-DPA12.hsq].

Analysis finished at 23:23:15 -03 on Wed Jun 09 2021
Overall computational time: 1.03 sec.
