*******************************************************************
* Genome-wide Complex Trait Analysis (GCTA)
* version 1.93.2 beta Linux
* (C) 2010-present, Jian Yang, The University of Queensland
* Please report bugs to Jian Yang <jian.yang.qt@gmail.com>
*******************************************************************
Analysis started at 23:23:08 -03 on Wed Jun 09 2021.
Hostname: darwin

Accepted options:
--reml
--reml-alg 0
--reml-maxit 1000
--grm /scratch/genevol/users/lucas/V2/grmNAfr
--pheno /raid/genevol/users/lucas/heritability/02.GCTA/data/geneNAfrHLA-DPA1.txt
--covar /raid/genevol/users/lucas/heritability/02.GCTA/data/envir0.txt
--reml-est-fix
--out /raid/genevol/users/lucas/heritability/03.Heritability/Results/V2/HLA-DPA1/NAfrHLA-DPA10

Note: This is a multi-thread program. You could specify the number of threads by the --thread-num option to speed up the computation if there are multiple processors in your machine.

Reading IDs of the GRM from [/scratch/genevol/users/lucas/V2/grmNAfr.grm.id].
358 IDs read from [/scratch/genevol/users/lucas/V2/grmNAfr.grm.id].
Reading the GRM from [/scratch/genevol/users/lucas/V2/grmNAfr.grm.bin].
GRM for 358 individuals are included from [/scratch/genevol/users/lucas/V2/grmNAfr.grm.bin].
Reading phenotypes from [/raid/genevol/users/lucas/heritability/02.GCTA/data/geneNAfrHLA-DPA1.txt].
Non-missing phenotypes of 358 individuals are included from [/raid/genevol/users/lucas/heritability/02.GCTA/data/geneNAfrHLA-DPA1.txt].
Reading discrete covariate(s) from [/raid/genevol/users/lucas/heritability/02.GCTA/data/envir0.txt].
3 discrete covariate(s) of 445 individuals are included from [/raid/genevol/users/lucas/heritability/02.GCTA/data/envir0.txt].

3 discrete variable(s) included as covariate(s).
358 individuals are in common in these files.

Performing  REML analysis ... (Note: may take hours depending on sample size).
358 observations, 11 fixed effect(s), and 2 variance component(s)(including residual variance).
Calculating prior values of variance components by EM-REML ...
Updated prior values: 14350.6 14348.8
logL: -1953.93
Running AI-REML algorithm ...
Iter.	logL	V(G)	V(e)	
1	-1949.11	7030.12875	19970.98194	
2	-1947.74	3478.69052	22533.94745	
3	-1947.18	1539.27540	23859.93612	
4	-1946.94	0.03282	24151.00913	(1 component(s) constrained)
5	-1946.75	0.03282	24211.15546	(1 component(s) constrained)
6	-1946.74	0.03282	24211.30562	(1 component(s) constrained)
7	-1946.74	0.03282	24211.30562	(1 component(s) constrained)
Log-likelihood ratio converged.

Calculating the logLikelihood for the reduced model ...
(variance component 1 is dropped from the model)
Calculating prior values of variance components by EM-REML ...
Updated prior values: 24485.17584
logL: -1954.00049
Running AI-REML algorithm ...
Iter.	logL	V(e)	
1	-1946.76	24400.76626	
2	-1946.75	24343.51912	
3	-1946.75	24220.31920	
4	-1946.74	24220.93954	
5	-1946.74	24220.93956	
Log-likelihood ratio converged.

Summary result of REML analysis:
Source	Variance	SE
V(G)	0.032821	29218.909972
V(e)	24211.305620	29103.287152
Vp	24211.338441	1845.926266
V(G)/Vp	0.000001	1.206828

Sampling variance/covariance of the estimates of variance components:
8.537447e+08	-8.486693e+08	
-8.486693e+08	8.470013e+08	
Estimatesof fixed effects:

Source	Estimate	SE
mean	719.452846	24.603796
X_2	10.056356	16.765803
X_3	-52.977472	32.027739
X_4	-79.104636	28.117801
X_5	-94.111974	33.129721
X_6	1.253513	28.918670
X_7	-140.248660	24.729366
X_8	1.200489	33.842012
X_9	-147.073100	23.418120
X_10	-212.975061	23.690065
X_11	-160.302675	23.302579

Summary result of REML analysis has been saved in the file [/raid/genevol/users/lucas/heritability/03.Heritability/Results/V2/HLA-DPA1/NAfrHLA-DPA10.hsq].

Analysis finished at 23:23:09 -03 on Wed Jun 09 2021
Overall computational time: 0.83 sec.
