*******************************************************************
* Genome-wide Complex Trait Analysis (GCTA)
* version 1.93.2 beta Linux
* (C) 2010-present, Jian Yang, The University of Queensland
* Please report bugs to Jian Yang <jian.yang.qt@gmail.com>
*******************************************************************
Analysis started at 23:23:11 -03 on Wed Jun 09 2021.
Hostname: darwin

Accepted options:
--reml
--reml-alg 0
--reml-maxit 1000
--grm /scratch/genevol/users/lucas/V2/grmNAfr
--pheno /raid/genevol/users/lucas/heritability/02.GCTA/data/geneNAfrHLA-DPA1.txt
--covar /raid/genevol/users/lucas/heritability/02.GCTA/data/envir1.txt
--reml-est-fix
--out /raid/genevol/users/lucas/heritability/03.Heritability/Results/V2/HLA-DPA1/NAfrHLA-DPA11

Note: This is a multi-thread program. You could specify the number of threads by the --thread-num option to speed up the computation if there are multiple processors in your machine.

Reading IDs of the GRM from [/scratch/genevol/users/lucas/V2/grmNAfr.grm.id].
358 IDs read from [/scratch/genevol/users/lucas/V2/grmNAfr.grm.id].
Reading the GRM from [/scratch/genevol/users/lucas/V2/grmNAfr.grm.bin].
GRM for 358 individuals are included from [/scratch/genevol/users/lucas/V2/grmNAfr.grm.bin].
Reading phenotypes from [/raid/genevol/users/lucas/heritability/02.GCTA/data/geneNAfrHLA-DPA1.txt].
Non-missing phenotypes of 358 individuals are included from [/raid/genevol/users/lucas/heritability/02.GCTA/data/geneNAfrHLA-DPA1.txt].
Reading discrete covariate(s) from [/raid/genevol/users/lucas/heritability/02.GCTA/data/envir1.txt].
2 discrete covariate(s) of 445 individuals are included from [/raid/genevol/users/lucas/heritability/02.GCTA/data/envir1.txt].

2 discrete variable(s) included as covariate(s).
358 individuals are in common in these files.

Performing  REML analysis ... (Note: may take hours depending on sample size).
358 observations, 8 fixed effect(s), and 2 variance component(s)(including residual variance).
Calculating prior values of variance components by EM-REML ...
Updated prior values: 15781.2 15729.4
logL: -1996.12
Running AI-REML algorithm ...
Iter.	logL	V(G)	V(e)	
1	-1995.67	27187.20167	3834.45351	
2	-1995.20	30135.43572	0.03282	(1 component(s) constrained)
3	-1995.70	30196.85685	0.03282	(1 component(s) constrained)
4	-1994.42	30194.47857	0.03282	(1 component(s) constrained)
5	-1995.05	30193.66263	0.03282	(1 component(s) constrained)
6	-1994.83	30197.88501	0.03282	(1 component(s) constrained)
7	-1995.57	30197.46528	0.03282	(1 component(s) constrained)
8	-1994.53	30197.49253	0.03282	(1 component(s) constrained)
9	-1994.74	30196.07428	0.03282	(1 component(s) constrained)
10	-1994.75	30189.30458	0.03282	(1 component(s) constrained)
11	-1995.99	30194.15306	0.03282	(1 component(s) constrained)
12	-1993.83	30194.75703	0.03282	(1 component(s) constrained)
13	-1994.13	30196.23980	0.03282	(1 component(s) constrained)
14	-1994.98	30192.35726	0.03282	(1 component(s) constrained)
15	-1995.21	30192.70717	0.03282	(1 component(s) constrained)
16	-1995.56	30195.09996	0.03282	(1 component(s) constrained)
17	-1995.25	30197.94508	0.03282	(1 component(s) constrained)
18	-1994.35	30191.91402	0.03282	(1 component(s) constrained)
19	-1995.19	30196.98334	0.03282	(1 component(s) constrained)
20	-1994.93	30194.35663	0.03282	(1 component(s) constrained)
21	-1994.56	30190.55325	0.03282	(1 component(s) constrained)
22	-1994.90	30194.10912	0.03282	(1 component(s) constrained)
23	-1995.29	30193.65522	0.03282	(1 component(s) constrained)
24	-1994.84	30195.48522	0.03282	(1 component(s) constrained)
25	-1994.63	30197.02033	0.03282	(1 component(s) constrained)
26	-1995.13	30197.98001	0.03282	(1 component(s) constrained)
27	-1994.76	30193.16388	0.03282	(1 component(s) constrained)
28	-1995.38	30195.21006	0.03282	(1 component(s) constrained)
29	-1993.76	30193.26437	0.03282	(1 component(s) constrained)
30	-1995.48	30195.77562	0.03282	(1 component(s) constrained)
31	-1995.44	30191.94800	0.03282	(1 component(s) constrained)
32	-1995.03	30192.13058	0.03282	(1 component(s) constrained)
33	-1994.74	30195.64901	0.03282	(1 component(s) constrained)
34	-1994.40	30192.84868	0.03282	(1 component(s) constrained)
35	-1995.75	30201.48177	0.03282	(1 component(s) constrained)
36	-1996.00	30199.48512	0.03282	(1 component(s) constrained)
37	-1995.78	30192.24362	0.03282	(1 component(s) constrained)
38	-1995.97	30194.23368	0.03282	(1 component(s) constrained)
39	-1994.05	30196.47799	0.03282	(1 component(s) constrained)
40	-1995.64	30196.14547	0.03282	(1 component(s) constrained)
41	-1995.95	30202.10731	0.03282	(1 component(s) constrained)
42	-1994.89	30191.83343	0.03282	(1 component(s) constrained)
43	-1995.35	30194.13102	0.03282	(1 component(s) constrained)
44	-1994.27	30189.95294	0.03282	(1 component(s) constrained)
45	-1995.41	30192.63604	0.03282	(1 component(s) constrained)
46	-1994.85	30198.56981	0.03282	(1 component(s) constrained)
47	-1995.31	30198.05198	0.03282	(1 component(s) constrained)
48	-1995.84	30201.79943	0.03282	(1 component(s) constrained)
49	-1995.46	30187.43144	0.03282	(1 component(s) constrained)
50	-1995.88	30193.70693	0.03282	(1 component(s) constrained)
51	-1994.90	30197.27108	0.03282	(1 component(s) constrained)
52	-1994.33	30199.33109	0.03282	(1 component(s) constrained)
53	-1995.43	30194.50766	0.03282	(1 component(s) constrained)
54	-1994.53	30192.04726	0.03282	(1 component(s) constrained)
55	-1994.54	30192.05139	0.03282	(1 component(s) constrained)
Log-likelihood ratio converged.

Calculating the logLikelihood for the reduced model ...
(variance component 1 is dropped from the model)
Calculating prior values of variance components by EM-REML ...
Updated prior values: 30294.45770
logL: -1996.75883
Running AI-REML algorithm ...
Iter.	logL	V(e)	
1	-1996.19	30276.17668	
2	-1996.19	30236.66513	
3	-1996.19	30236.71663	
4	-1996.19	30236.71663	
Log-likelihood ratio converged.

Summary result of REML analysis:
Source	Variance	SE
V(G)	30192.051387	31705.585566
V(e)	0.032821	31546.354080
Vp	30192.084208	2285.816532
V(G)/Vp	0.999999	1.044855

Sampling variance/covariance of the estimates of variance components:
1.005244e+09	-9.975958e+08	
-9.975958e+08	9.951725e+08	
Estimatesof fixed effects:

Source	Estimate	SE
mean	586.690714	19.634116
X_2	13.833263	18.587442
X_3	-77.828095	35.534793
X_4	-81.760801	31.246878
X_5	-81.669403	36.728062
X_6	6.353091	32.111551
X_7	-131.142170	27.514391
X_8	2.311058	37.372338

Summary result of REML analysis has been saved in the file [/raid/genevol/users/lucas/heritability/03.Heritability/Results/V2/HLA-DPA1/NAfrHLA-DPA11.hsq].

Analysis finished at 23:23:13 -03 on Wed Jun 09 2021
Overall computational time: 1.28 sec.
