*******************************************************************
* Genome-wide Complex Trait Analysis (GCTA)
* version 1.93.2 beta Linux
* (C) 2010-present, Jian Yang, The University of Queensland
* Please report bugs to Jian Yang <jian.yang.qt@gmail.com>
*******************************************************************
Analysis started at 23:22:03 -03 on Wed Jun 09 2021.
Hostname: darwin

Accepted options:
--reml
--reml-alg 0
--reml-maxit 1000
--grm /scratch/genevol/users/lucas/V1/grmGeuvadis
--pheno /raid/genevol/users/lucas/heritability/02.GCTA/data/geneHLA-DRB1.txt
--covar /raid/genevol/users/lucas/heritability/02.GCTA/data/envir2.txt
--reml-est-fix
--out /raid/genevol/users/lucas/heritability/03.Heritability/Results/V1/HLA-DRB1/GeuvadisHLA-DRB12

Note: This is a multi-thread program. You could specify the number of threads by the --thread-num option to speed up the computation if there are multiple processors in your machine.

Reading IDs of the GRM from [/scratch/genevol/users/lucas/V1/grmGeuvadis.grm.id].
445 IDs read from [/scratch/genevol/users/lucas/V1/grmGeuvadis.grm.id].
Reading the GRM from [/scratch/genevol/users/lucas/V1/grmGeuvadis.grm.bin].
GRM for 445 individuals are included from [/scratch/genevol/users/lucas/V1/grmGeuvadis.grm.bin].
Reading phenotypes from [/raid/genevol/users/lucas/heritability/02.GCTA/data/geneHLA-DRB1.txt].
Non-missing phenotypes of 445 individuals are included from [/raid/genevol/users/lucas/heritability/02.GCTA/data/geneHLA-DRB1.txt].
Reading discrete covariate(s) from [/raid/genevol/users/lucas/heritability/02.GCTA/data/envir2.txt].
1 discrete covariate(s) of 445 individuals are included from [/raid/genevol/users/lucas/heritability/02.GCTA/data/envir2.txt].

1 discrete variable(s) included as covariate(s).
445 individuals are in common in these files.

Performing  REML analysis ... (Note: may take hours depending on sample size).
445 observations, 7 fixed effect(s), and 2 variance component(s)(including residual variance).
Calculating prior values of variance components by EM-REML ...
Updated prior values: 68573.1 67424.5
logL: -2798.89
Running AI-REML algorithm ...
Iter.	logL	V(G)	V(e)	
1	-2796.29	72899.25120	59012.93846	
2	-2795.53	75523.76697	53878.11313	
3	-2795.21	80647.14247	43662.60232	
4	-2794.96	79875.07782	44653.85412	
5	-2794.96	79932.79807	44603.02869	
6	-2794.96	79929.43909	44606.07291	
Log-likelihood ratio converged.

Calculating the logLikelihood for the reduced model ...
(variance component 1 is dropped from the model)
Calculating prior values of variance components by EM-REML ...
Updated prior values: 139278.22602
logL: -2827.39190
Running AI-REML algorithm ...
Iter.	logL	V(e)	
1	-2826.94	139231.56815	
2	-2826.94	139130.65782	
3	-2826.94	139130.73091	
Log-likelihood ratio converged.

Summary result of REML analysis:
Source	Variance	SE
V(G)	79929.439094	27151.445772
V(e)	44606.072911	24283.752354
Vp	124535.512006	8782.493860
V(G)/Vp	0.641820	0.200714

Sampling variance/covariance of the estimates of variance components:
7.372010e+08	-6.248847e+08	
-6.248847e+08	5.897006e+08	
Estimatesof fixed effects:

Source	Estimate	SE
mean	981.991867	33.244822
X_2	-157.140156	63.326078
X_3	-205.627696	55.563257
X_4	-166.297585	64.840287
X_5	-71.679111	56.482228
X_6	-227.463406	48.563837
X_7	36.397490	65.185692

Summary result of REML analysis has been saved in the file [/raid/genevol/users/lucas/heritability/03.Heritability/Results/V1/HLA-DRB1/GeuvadisHLA-DRB12.hsq].

Analysis finished at 23:22:04 -03 on Wed Jun 09 2021
Overall computational time: 1.13 sec.
