*******************************************************************
* Genome-wide Complex Trait Analysis (GCTA)
* version 1.93.2 beta Linux
* (C) 2010-present, Jian Yang, The University of Queensland
* Please report bugs to Jian Yang <jian.yang.qt@gmail.com>
*******************************************************************
Analysis started at 23:21:49 -03 on Wed Jun 09 2021.
Hostname: darwin

Accepted options:
--reml
--reml-alg 0
--reml-maxit 1000
--grm /scratch/genevol/users/lucas/V1/grmGeuvadis
--pheno /raid/genevol/users/lucas/heritability/02.GCTA/data/geneHLA-DRB1.txt
--covar /raid/genevol/users/lucas/heritability/02.GCTA/data/envir0.txt
--reml-est-fix
--out /raid/genevol/users/lucas/heritability/03.Heritability/Results/V1/HLA-DRB1/GeuvadisHLA-DRB10

Note: This is a multi-thread program. You could specify the number of threads by the --thread-num option to speed up the computation if there are multiple processors in your machine.

Reading IDs of the GRM from [/scratch/genevol/users/lucas/V1/grmGeuvadis.grm.id].
445 IDs read from [/scratch/genevol/users/lucas/V1/grmGeuvadis.grm.id].
Reading the GRM from [/scratch/genevol/users/lucas/V1/grmGeuvadis.grm.bin].
GRM for 445 individuals are included from [/scratch/genevol/users/lucas/V1/grmGeuvadis.grm.bin].
Reading phenotypes from [/raid/genevol/users/lucas/heritability/02.GCTA/data/geneHLA-DRB1.txt].
Non-missing phenotypes of 445 individuals are included from [/raid/genevol/users/lucas/heritability/02.GCTA/data/geneHLA-DRB1.txt].
Reading discrete covariate(s) from [/raid/genevol/users/lucas/heritability/02.GCTA/data/envir0.txt].
3 discrete covariate(s) of 445 individuals are included from [/raid/genevol/users/lucas/heritability/02.GCTA/data/envir0.txt].

3 discrete variable(s) included as covariate(s).
445 individuals are in common in these files.

Performing  REML analysis ... (Note: may take hours depending on sample size).
445 observations, 12 fixed effect(s), and 2 variance component(s)(including residual variance).
Calculating prior values of variance components by EM-REML ...
Updated prior values: 64956.8 63866.7
logL: -2754.13
Running AI-REML algorithm ...
Iter.	logL	V(G)	V(e)	
1	-2747.39	64577.27074	56720.37442	
2	-2745.54	64174.69845	52715.68802	
3	-2744.78	63873.93748	50276.46747	
4	-2744.45	63226.78334	45346.92695	
5	-2744.19	63345.82535	45510.25583	
6	-2744.19	63342.66361	45513.84063	
7	-2744.19	63342.41140	45514.06916	
Log-likelihood ratio converged.

Calculating the logLikelihood for the reduced model ...
(variance component 1 is dropped from the model)
Calculating prior values of variance components by EM-REML ...
Updated prior values: 108239.01575
logL: -2759.10647
Running AI-REML algorithm ...
Iter.	logL	V(e)	
1	-2748.73	107882.69305	
2	-2748.72	107640.93981	
3	-2748.72	107120.53432	
4	-2748.72	107123.03813	
5	-2748.72	107123.03819	
Log-likelihood ratio converged.

Summary result of REML analysis:
Source	Variance	SE
V(G)	63342.411400	25599.201885
V(e)	45514.069156	23071.667211
Vp	108856.480556	7768.917938
V(G)/Vp	0.581889	0.219140

Sampling variance/covariance of the estimates of variance components:
6.553191e+08	-5.636324e+08	
-5.636324e+08	5.323018e+08	
Estimatesof fixed effects:

Source	Estimate	SE
mean	1120.785423	54.698730
X_2	-9.596329	30.998737
X_3	-127.984638	59.774677
X_4	-200.597519	52.437976
X_5	-179.840121	61.177999
X_6	-83.232708	53.246433
X_7	-242.579278	45.700548
X_8	29.953498	61.369279
X_9	-294.686577	58.518528
X_10	-348.621929	47.503148
X_11	-148.592914	50.945910
X_12	142.957691	151.060707

Summary result of REML analysis has been saved in the file [/raid/genevol/users/lucas/heritability/03.Heritability/Results/V1/HLA-DRB1/GeuvadisHLA-DRB10.hsq].

Analysis finished at 23:21:50 -03 on Wed Jun 09 2021
Overall computational time: 0.97 sec.
