*******************************************************************
* Genome-wide Complex Trait Analysis (GCTA)
* version 1.93.2 beta Linux
* (C) 2010-present, Jian Yang, The University of Queensland
* Please report bugs to Jian Yang <jian.yang.qt@gmail.com>
*******************************************************************
Analysis started at 23:27:03 -03 on Wed Jun 09 2021.
Hostname: darwin

Accepted options:
--reml
--reml-alg 0
--reml-maxit 1000
--grm /scratch/genevol/users/lucas/V3/grmFull
--pheno /raid/genevol/users/lucas/heritability/02.GCTA/data/geneHLA-DPB1.txt
--covar /raid/genevol/users/lucas/heritability/02.GCTA/data/envir1.txt
--reml-est-fix
--out /raid/genevol/users/lucas/heritability/03.Heritability/Results/V3/HLA-DPB1/FullHLA-DPB11

Note: This is a multi-thread program. You could specify the number of threads by the --thread-num option to speed up the computation if there are multiple processors in your machine.

Reading IDs of the GRM from [/scratch/genevol/users/lucas/V3/grmFull.grm.id].
2504 IDs read from [/scratch/genevol/users/lucas/V3/grmFull.grm.id].
Reading the GRM from [/scratch/genevol/users/lucas/V3/grmFull.grm.bin].
GRM for 2504 individuals are included from [/scratch/genevol/users/lucas/V3/grmFull.grm.bin].
Reading phenotypes from [/raid/genevol/users/lucas/heritability/02.GCTA/data/geneHLA-DPB1.txt].
Non-missing phenotypes of 445 individuals are included from [/raid/genevol/users/lucas/heritability/02.GCTA/data/geneHLA-DPB1.txt].
Reading discrete covariate(s) from [/raid/genevol/users/lucas/heritability/02.GCTA/data/envir1.txt].
2 discrete covariate(s) of 445 individuals are included from [/raid/genevol/users/lucas/heritability/02.GCTA/data/envir1.txt].

2 discrete variable(s) included as covariate(s).
445 individuals are in common in these files.

Performing  REML analysis ... (Note: may take hours depending on sample size).
445 observations, 8 fixed effect(s), and 2 variance component(s)(including residual variance).
Calculating prior values of variance components by EM-REML ...
Updated prior values: 15113.9 15949.1
logL: -2498.22
Running AI-REML algorithm ...
Iter.	logL	V(G)	V(e)	
1	-2485.99	21338.36877	3850.89929	
2	-2480.55	21181.44379	0.03763	(1 component(s) constrained)
3	-2477.87	19063.02464	0.03763	(1 component(s) constrained)
4	-2478.69	17949.62409	0.03763	(1 component(s) constrained)
5	-2480.32	15874.13581	0.03763	(1 component(s) constrained)
6	-2486.57	16086.37287	0.03763	(1 component(s) constrained)
7	-2485.69	16089.24829	0.03763	(1 component(s) constrained)
8	-2485.68	16089.24881	0.03763	(1 component(s) constrained)
9	-2485.68	16089.24881	0.03763	(1 component(s) constrained)
Log-likelihood ratio converged.

Calculating the logLikelihood for the reduced model ...
(variance component 1 is dropped from the model)
Calculating prior values of variance components by EM-REML ...
Updated prior values: 33119.40006
logL: -2510.46821
Running AI-REML algorithm ...
Iter.	logL	V(e)	
1	-2508.70	33093.26997	
2	-2508.70	33075.43168	
3	-2508.70	33036.87093	
4	-2508.70	33036.91583	
5	-2508.70	33036.91583	
Log-likelihood ratio converged.

Summary result of REML analysis:
Source	Variance	SE
V(G)	16089.248807	6756.618039
V(e)	0.037625	9264.041984
Vp	16089.286432	2747.804180
V(G)/Vp	0.999998	0.575789

Sampling variance/covariance of the estimates of variance components:
4.565189e+07	-6.196197e+07	
-6.196197e+07	8.582247e+07	
Estimatesof fixed effects:

Source	Estimate	SE
mean	547.739189	24.728365
X_2	2.035945	14.268183
X_3	-81.101739	27.585957
X_4	-148.336165	24.236826
X_5	-121.581823	28.143962
X_6	-51.068153	24.501167
X_7	-184.671515	21.063032
X_8	-46.958803	28.027048

Summary result of REML analysis has been saved in the file [/raid/genevol/users/lucas/heritability/03.Heritability/Results/V3/HLA-DPB1/FullHLA-DPB11.hsq].

Analysis finished at 23:27:04 -03 on Wed Jun 09 2021
Overall computational time: 1.45 sec.
