*******************************************************************
* Genome-wide Complex Trait Analysis (GCTA)
* version 1.93.2 beta Linux
* (C) 2010-present, Jian Yang, The University of Queensland
* Please report bugs to Jian Yang <jian.yang.qt@gmail.com>
*******************************************************************
Analysis started at 23:26:56 -03 on Wed Jun 09 2021.
Hostname: darwin

Accepted options:
--reml
--reml-alg 0
--reml-maxit 1000
--grm /scratch/genevol/users/lucas/V3/grmFull
--pheno /raid/genevol/users/lucas/heritability/02.GCTA/data/geneHLA-DPB1.txt
--covar /raid/genevol/users/lucas/heritability/02.GCTA/data/envir0.txt
--reml-est-fix
--out /raid/genevol/users/lucas/heritability/03.Heritability/Results/V3/HLA-DPB1/FullHLA-DPB10

Note: This is a multi-thread program. You could specify the number of threads by the --thread-num option to speed up the computation if there are multiple processors in your machine.

Reading IDs of the GRM from [/scratch/genevol/users/lucas/V3/grmFull.grm.id].
2504 IDs read from [/scratch/genevol/users/lucas/V3/grmFull.grm.id].
Reading the GRM from [/scratch/genevol/users/lucas/V3/grmFull.grm.bin].
GRM for 2504 individuals are included from [/scratch/genevol/users/lucas/V3/grmFull.grm.bin].
Reading phenotypes from [/raid/genevol/users/lucas/heritability/02.GCTA/data/geneHLA-DPB1.txt].
Non-missing phenotypes of 445 individuals are included from [/raid/genevol/users/lucas/heritability/02.GCTA/data/geneHLA-DPB1.txt].
Reading discrete covariate(s) from [/raid/genevol/users/lucas/heritability/02.GCTA/data/envir0.txt].
3 discrete covariate(s) of 445 individuals are included from [/raid/genevol/users/lucas/heritability/02.GCTA/data/envir0.txt].

3 discrete variable(s) included as covariate(s).
445 individuals are in common in these files.

Performing  REML analysis ... (Note: may take hours depending on sample size).
445 observations, 12 fixed effect(s), and 2 variance component(s)(including residual variance).
Calculating prior values of variance components by EM-REML ...
Updated prior values:   13030 14575.4
logL: -2440.26
Running AI-REML algorithm ...
Iter.	logL	V(G)	V(e)	
1	-2408.07	10007.35620	12493.24731	
2	-2393.94	8931.49626	11492.72387	
3	-2389.85	8374.59841	10934.59454	
4	-2388.30	8048.96316	10596.86158	
5	-2387.66	7846.63191	10383.11646	
6	-2387.38	7434.71006	9943.38137	
7	-2387.15	7454.22987	9962.07495	
8	-2387.15	7454.33674	9962.03162	
9	-2387.15	7454.33816	9962.02968	
Log-likelihood ratio converged.

Calculating the logLikelihood for the reduced model ...
(variance component 1 is dropped from the model)
Calculating prior values of variance components by EM-REML ...
Updated prior values: 20661.51020
logL: -2421.87577
Running AI-REML algorithm ...
Iter.	logL	V(e)	
1	-2387.50	20509.49251	
2	-2387.47	20407.38769	
3	-2387.45	20189.07689	
4	-2387.44	20191.38732	
5	-2387.44	20191.38758	
Log-likelihood ratio converged.

Summary result of REML analysis:
Source	Variance	SE
V(G)	7454.338158	9868.008466
V(e)	9962.029684	13468.571691
Vp	17416.367842	3786.320613
V(G)/Vp	0.428008	0.654232

Sampling variance/covariance of the estimates of variance components:
9.737759e+07	-1.322219e+08	
-1.322219e+08	1.814024e+08	
Estimatesof fixed effects:

Source	Estimate	SE
mean	691.384073	31.420809
X_2	-1.937661	13.729530
X_3	-58.447747	26.558558
X_4	-144.390187	23.300481
X_5	-137.220804	27.044707
X_6	-58.433862	23.535199
X_7	-193.535357	20.221711
X_8	-52.744051	26.964193
X_9	-248.000073	26.989264
X_10	-262.384017	21.687393
X_11	-216.587267	23.289569
X_12	-26.222195	59.808513

Summary result of REML analysis has been saved in the file [/raid/genevol/users/lucas/heritability/03.Heritability/Results/V3/HLA-DPB1/FullHLA-DPB10.hsq].

Analysis finished at 23:26:58 -03 on Wed Jun 09 2021
Overall computational time: 1.60 sec.
