*******************************************************************
* Genome-wide Complex Trait Analysis (GCTA)
* version 1.93.2 beta Linux
* (C) 2010-present, Jian Yang, The University of Queensland
* Please report bugs to Jian Yang <jian.yang.qt@gmail.com>
*******************************************************************
Analysis started at 23:27:04 -03 on Wed Jun 09 2021.
Hostname: darwin

Accepted options:
--reml
--reml-alg 0
--reml-maxit 1000
--grm /scratch/genevol/users/lucas/V3/grmGeuvadis
--pheno /raid/genevol/users/lucas/heritability/02.GCTA/data/geneHLA-DPB1.txt
--covar /raid/genevol/users/lucas/heritability/02.GCTA/data/envir1.txt
--reml-est-fix
--out /raid/genevol/users/lucas/heritability/03.Heritability/Results/V3/HLA-DPB1/GeuvadisHLA-DPB11

Note: This is a multi-thread program. You could specify the number of threads by the --thread-num option to speed up the computation if there are multiple processors in your machine.

Reading IDs of the GRM from [/scratch/genevol/users/lucas/V3/grmGeuvadis.grm.id].
445 IDs read from [/scratch/genevol/users/lucas/V3/grmGeuvadis.grm.id].
Reading the GRM from [/scratch/genevol/users/lucas/V3/grmGeuvadis.grm.bin].
GRM for 445 individuals are included from [/scratch/genevol/users/lucas/V3/grmGeuvadis.grm.bin].
Reading phenotypes from [/raid/genevol/users/lucas/heritability/02.GCTA/data/geneHLA-DPB1.txt].
Non-missing phenotypes of 445 individuals are included from [/raid/genevol/users/lucas/heritability/02.GCTA/data/geneHLA-DPB1.txt].
Reading discrete covariate(s) from [/raid/genevol/users/lucas/heritability/02.GCTA/data/envir1.txt].
2 discrete covariate(s) of 445 individuals are included from [/raid/genevol/users/lucas/heritability/02.GCTA/data/envir1.txt].

2 discrete variable(s) included as covariate(s).
445 individuals are in common in these files.

Performing  REML analysis ... (Note: may take hours depending on sample size).
445 observations, 8 fixed effect(s), and 2 variance component(s)(including residual variance).
Calculating prior values of variance components by EM-REML ...
Updated prior values: 17102.5 17129.4
logL: -2490.27
Running AI-REML algorithm ...
Iter.	logL	V(G)	V(e)	
1	-2487.30	13478.62175	19142.92831	
2	-2486.19	11934.58268	19804.74087	
3	-2485.79	11156.68563	20044.19681	
4	-2485.63	9799.50286	20311.35396	
5	-2485.51	10142.00769	20030.60138	
6	-2485.51	10065.62949	20101.64698	
7	-2485.51	10084.70092	20084.10407	
8	-2485.51	10080.02079	20088.41883	
9	-2485.51	10081.17419	20087.35608	
Log-likelihood ratio converged.

Calculating the logLikelihood for the reduced model ...
(variance component 1 is dropped from the model)
Calculating prior values of variance components by EM-REML ...
Updated prior values: 33119.40006
logL: -2510.46821
Running AI-REML algorithm ...
Iter.	logL	V(e)	
1	-2508.70	33093.26997	
2	-2508.70	33075.43168	
3	-2508.70	33036.87093	
4	-2508.70	33036.91583	
5	-2508.70	33036.91583	
Log-likelihood ratio converged.

Summary result of REML analysis:
Source	Variance	SE
V(G)	10081.174191	4778.858340
V(e)	20087.356080	4565.691528
Vp	30168.530271	2074.409102
V(G)/Vp	0.334162	0.152673

Sampling variance/covariance of the estimates of variance components:
2.283749e+07	-1.968993e+07	
-1.968993e+07	2.084554e+07	
Estimatesof fixed effects:

Source	Estimate	SE
mean	531.534357	18.572211
X_2	4.593067	16.492480
X_3	-80.904206	31.872377
X_4	-146.604141	28.007848
X_5	-115.558850	32.500132
X_6	-50.609833	28.385521
X_7	-182.114440	24.351226
X_8	-39.628890	32.610006

Summary result of REML analysis has been saved in the file [/raid/genevol/users/lucas/heritability/03.Heritability/Results/V3/HLA-DPB1/GeuvadisHLA-DPB11.hsq].

Analysis finished at 23:27:05 -03 on Wed Jun 09 2021
Overall computational time: 1.16 sec.
