*******************************************************************
* Genome-wide Complex Trait Analysis (GCTA)
* version 1.93.2 beta Linux
* (C) 2010-present, Jian Yang, The University of Queensland
* Please report bugs to Jian Yang <jian.yang.qt@gmail.com>
*******************************************************************
Analysis started at 23:25:20 -03 on Wed Jun 09 2021.
Hostname: darwin

Accepted options:
--reml
--reml-alg 0
--reml-maxit 1000
--grm /scratch/genevol/users/lucas/V3/grmFull
--pheno /raid/genevol/users/lucas/heritability/02.GCTA/data/geneHLA-A.txt
--covar /raid/genevol/users/lucas/heritability/02.GCTA/data/envir0.txt
--reml-est-fix
--out /raid/genevol/users/lucas/heritability/03.Heritability/Results/V3/HLA-A/FullHLA-A0

Note: This is a multi-thread program. You could specify the number of threads by the --thread-num option to speed up the computation if there are multiple processors in your machine.

Reading IDs of the GRM from [/scratch/genevol/users/lucas/V3/grmFull.grm.id].
2504 IDs read from [/scratch/genevol/users/lucas/V3/grmFull.grm.id].
Reading the GRM from [/scratch/genevol/users/lucas/V3/grmFull.grm.bin].
GRM for 2504 individuals are included from [/scratch/genevol/users/lucas/V3/grmFull.grm.bin].
Reading phenotypes from [/raid/genevol/users/lucas/heritability/02.GCTA/data/geneHLA-A.txt].
Non-missing phenotypes of 445 individuals are included from [/raid/genevol/users/lucas/heritability/02.GCTA/data/geneHLA-A.txt].
Reading discrete covariate(s) from [/raid/genevol/users/lucas/heritability/02.GCTA/data/envir0.txt].
3 discrete covariate(s) of 445 individuals are included from [/raid/genevol/users/lucas/heritability/02.GCTA/data/envir0.txt].

3 discrete variable(s) included as covariate(s).
445 individuals are in common in these files.

Performing  REML analysis ... (Note: may take hours depending on sample size).
445 observations, 12 fixed effect(s), and 2 variance component(s)(including residual variance).
Calculating prior values of variance components by EM-REML ...
Updated prior values: 73537.2 77886.9
logL: -2826.22
Running AI-REML algorithm ...
Iter.	logL	V(G)	V(e)	
1	-2815.57	95799.30617	33017.13540	
2	-2812.26	103268.44616	14951.24323	
3	-2811.03	106232.26326	6170.46253	
4	-2810.51	107487.13816	1463.64676	
5	-2810.29	102174.15431	0.18090	(1 component(s) constrained)
6	-2810.15	102614.92450	0.18090	(1 component(s) constrained)
7	-2810.14	102616.83416	0.18090	(1 component(s) constrained)
8	-2810.14	102616.83420	0.18090	(1 component(s) constrained)
Log-likelihood ratio converged.

Calculating the logLikelihood for the reduced model ...
(variance component 1 is dropped from the model)
Calculating prior values of variance components by EM-REML ...
Updated prior values: 144361.02940
logL: -2817.21436
Running AI-REML algorithm ...
Iter.	logL	V(e)	
1	-2811.79	144038.77741	
2	-2811.79	143819.56683	
3	-2811.78	143346.84930	
4	-2811.78	143348.39795	
5	-2811.78	143348.39797	
Log-likelihood ratio converged.

Summary result of REML analysis:
Source	Variance	SE
V(G)	102616.834200	62784.573067
V(e)	0.180900	84780.686226
Vp	102617.015100	23424.450283
V(G)/Vp	0.999998	0.826185

Sampling variance/covariance of the estimates of variance components:
3.941903e+09	-5.290481e+09	
-5.290481e+09	7.187765e+09	
Estimatesof fixed effects:

Source	Estimate	SE
mean	1853.555862	102.534916
X_2	-50.448824	36.111053
X_3	-196.344752	69.823085
X_4	-262.456206	61.267160
X_5	-354.425983	71.240985
X_6	-129.419557	61.916615
X_7	-453.787309	53.234790
X_8	81.573683	70.894837
X_9	-71.380527	82.469089
X_10	12.868148	57.393857
X_11	-58.041343	66.182636
X_12	140.555357	214.633210

Summary result of REML analysis has been saved in the file [/raid/genevol/users/lucas/heritability/03.Heritability/Results/V3/HLA-A/FullHLA-A0.hsq].

Analysis finished at 23:25:21 -03 on Wed Jun 09 2021
Overall computational time: 1.46 sec.
