*******************************************************************
* Genome-wide Complex Trait Analysis (GCTA)
* version 1.93.2 beta Linux
* (C) 2010-present, Jian Yang, The University of Queensland
* Please report bugs to Jian Yang <jian.yang.qt@gmail.com>
*******************************************************************
Analysis started at 23:25:54 -03 on Wed Jun 09 2021.
Hostname: darwin

Accepted options:
--reml
--reml-alg 0
--reml-maxit 1000
--grm /scratch/genevol/users/lucas/V3/grmGeuvadis
--pheno /raid/genevol/users/lucas/heritability/02.GCTA/data/geneHLA-A.txt
--covar /raid/genevol/users/lucas/heritability/02.GCTA/data/envir2.txt
--reml-est-fix
--out /raid/genevol/users/lucas/heritability/03.Heritability/Results/V3/HLA-A/GeuvadisHLA-A2

Note: This is a multi-thread program. You could specify the number of threads by the --thread-num option to speed up the computation if there are multiple processors in your machine.

Reading IDs of the GRM from [/scratch/genevol/users/lucas/V3/grmGeuvadis.grm.id].
445 IDs read from [/scratch/genevol/users/lucas/V3/grmGeuvadis.grm.id].
Reading the GRM from [/scratch/genevol/users/lucas/V3/grmGeuvadis.grm.bin].
GRM for 445 individuals are included from [/scratch/genevol/users/lucas/V3/grmGeuvadis.grm.bin].
Reading phenotypes from [/raid/genevol/users/lucas/heritability/02.GCTA/data/geneHLA-A.txt].
Non-missing phenotypes of 445 individuals are included from [/raid/genevol/users/lucas/heritability/02.GCTA/data/geneHLA-A.txt].
Reading discrete covariate(s) from [/raid/genevol/users/lucas/heritability/02.GCTA/data/envir2.txt].
1 discrete covariate(s) of 445 individuals are included from [/raid/genevol/users/lucas/heritability/02.GCTA/data/envir2.txt].

1 discrete variable(s) included as covariate(s).
445 individuals are in common in these files.

Performing  REML analysis ... (Note: may take hours depending on sample size).
445 observations, 7 fixed effect(s), and 2 variance component(s)(including residual variance).
Calculating prior values of variance components by EM-REML ...
Updated prior values: 82390.8 81297.2
logL: -2835.36
Running AI-REML algorithm ...
Iter.	logL	V(G)	V(e)	
1	-2832.02	81645.70016	75995.87866	
2	-2831.24	81091.53700	72793.23976	
3	-2830.90	79861.88761	66376.60274	
4	-2830.62	79899.65698	66716.27730	
5	-2830.62	79894.24947	66722.15595	
6	-2830.62	79894.07620	66722.31115	
Log-likelihood ratio converged.

Calculating the logLikelihood for the reduced model ...
(variance component 1 is dropped from the model)
Calculating prior values of variance components by EM-REML ...
Updated prior values: 148490.27470
logL: -2844.56758
Running AI-REML algorithm ...
Iter.	logL	V(e)	
1	-2840.43	148326.02450	
2	-2840.43	148213.98312	
3	-2840.43	147971.91399	
4	-2840.43	147972.30870	
5	-2840.43	147972.30870	
Log-likelihood ratio converged.

Summary result of REML analysis:
Source	Variance	SE
V(G)	79894.076198	30951.407254
V(e)	66722.311148	27661.946830
Vp	146616.387346	10406.751244
V(G)/Vp	0.544919	0.196031

Sampling variance/covariance of the estimates of variance components:
9.579896e+08	-8.074362e+08	
-8.074362e+08	7.651833e+08	
Estimatesof fixed effects:

Source	Estimate	SE
mean	1824.474317	36.579545
X_2	-195.725212	68.863020
X_3	-272.252811	60.465671
X_4	-334.833307	70.418157
X_5	-129.308118	61.408716
X_6	-446.733199	52.782473
X_7	110.551620	70.865247

Summary result of REML analysis has been saved in the file [/raid/genevol/users/lucas/heritability/03.Heritability/Results/V3/HLA-A/GeuvadisHLA-A2.hsq].

Analysis finished at 23:25:55 -03 on Wed Jun 09 2021
Overall computational time: 0.96 sec.
