*******************************************************************
* Genome-wide Complex Trait Analysis (GCTA)
* version 1.93.2 beta Linux
* (C) 2010-present, Jian Yang, The University of Queensland
* Please report bugs to Jian Yang <jian.yang.qt@gmail.com>
*******************************************************************
Analysis started at 21:05:20 -03 on Mon Jun 07 2021.
Hostname: darwin

Accepted options:
--reml
--reml-alg 0
--reml-maxit 1000
--grm /scratch/genevol/users/lucas/V3/grmGeuvadis
--pheno /raid/genevol/users/lucas/heritability/02.GCTA/data/geneHLA-A.txt
--covar /raid/genevol/users/lucas/heritability/02.GCTA/data/envir1.txt
--out /raid/genevol/users/lucas/heritability/03.Heritability/Results/V3/HLA-AGeuvadis1

Note: This is a multi-thread program. You could specify the number of threads by the --thread-num option to speed up the computation if there are multiple processors in your machine.

Reading IDs of the GRM from [/scratch/genevol/users/lucas/V3/grmGeuvadis.grm.id].
445 IDs read from [/scratch/genevol/users/lucas/V3/grmGeuvadis.grm.id].
Reading the GRM from [/scratch/genevol/users/lucas/V3/grmGeuvadis.grm.bin].
GRM for 445 individuals are included from [/scratch/genevol/users/lucas/V3/grmGeuvadis.grm.bin].
Reading phenotypes from [/raid/genevol/users/lucas/heritability/02.GCTA/data/geneHLA-A.txt].
Non-missing phenotypes of 445 individuals are included from [/raid/genevol/users/lucas/heritability/02.GCTA/data/geneHLA-A.txt].
Reading discrete covariate(s) from [/raid/genevol/users/lucas/heritability/02.GCTA/data/envir1.txt].
2 discrete covariate(s) of 445 individuals are included from [/raid/genevol/users/lucas/heritability/02.GCTA/data/envir1.txt].

2 discrete variable(s) included as covariate(s).
445 individuals are in common in these files.

Performing  REML analysis ... (Note: may take hours depending on sample size).
445 observations, 8 fixed effect(s), and 2 variance component(s)(including residual variance).
Calculating prior values of variance components by EM-REML ...
Updated prior values:   82349 81214.6
logL: -2830.86
Running AI-REML algorithm ...
Iter.	logL	V(G)	V(e)	
1	-2827.48	82048.98765	75428.52913	
2	-2826.66	81761.58090	71941.67852	
3	-2826.31	81066.80628	64963.52336	
4	-2826.03	81090.56326	65326.61848	
5	-2826.03	81083.74251	65333.82603	
6	-2826.03	81083.50391	65334.03955	
Log-likelihood ratio converged.

Calculating the logLikelihood for the reduced model ...
(variance component 1 is dropped from the model)
Calculating prior values of variance components by EM-REML ...
Updated prior values: 148255.77874
logL: -2840.06670
Running AI-REML algorithm ...
Iter.	logL	V(e)	
1	-2835.85	148066.17013	
2	-2835.85	147936.88590	
3	-2835.85	147657.64408	
4	-2835.85	147658.17017	
5	-2835.85	147658.17017	
Log-likelihood ratio converged.

Summary result of REML analysis:
Source	Variance	SE
V(G)	81083.503912	31151.943216
V(e)	65334.039550	27788.904874
Vp	146417.543461	10418.638695
V(G)/Vp	0.553783	0.197220

Sampling variance/covariance of the estimates of variance components:
9.704436e+08	-8.170594e+08	
-8.170594e+08	7.722232e+08	

Summary result of REML analysis has been saved in the file [/raid/genevol/users/lucas/heritability/03.Heritability/Results/V3/HLA-AGeuvadis1.hsq].

Analysis finished at 21:05:21 -03 on Mon Jun 07 2021
Overall computational time: 1.14 sec.
