*******************************************************************
* Genome-wide Complex Trait Analysis (GCTA)
* version 1.93.2 beta Linux
* (C) 2010-present, Jian Yang, The University of Queensland
* Please report bugs to Jian Yang <jian.yang.qt@gmail.com>
*******************************************************************
Analysis started at 21:05:17 -03 on Mon Jun 07 2021.
Hostname: darwin

Accepted options:
--reml
--reml-alg 0
--reml-maxit 1000
--grm /scratch/genevol/users/lucas/V3/grmFull
--pheno /raid/genevol/users/lucas/heritability/02.GCTA/data/geneHLA-A.txt
--covar /raid/genevol/users/lucas/heritability/02.GCTA/data/envir1.txt
--out /raid/genevol/users/lucas/heritability/03.Heritability/Results/V3/HLA-AFull1

Note: This is a multi-thread program. You could specify the number of threads by the --thread-num option to speed up the computation if there are multiple processors in your machine.

Reading IDs of the GRM from [/scratch/genevol/users/lucas/V3/grmFull.grm.id].
2504 IDs read from [/scratch/genevol/users/lucas/V3/grmFull.grm.id].
Reading the GRM from [/scratch/genevol/users/lucas/V3/grmFull.grm.bin].
GRM for 2504 individuals are included from [/scratch/genevol/users/lucas/V3/grmFull.grm.bin].
Reading phenotypes from [/raid/genevol/users/lucas/heritability/02.GCTA/data/geneHLA-A.txt].
Non-missing phenotypes of 445 individuals are included from [/raid/genevol/users/lucas/heritability/02.GCTA/data/geneHLA-A.txt].
Reading discrete covariate(s) from [/raid/genevol/users/lucas/heritability/02.GCTA/data/envir1.txt].
2 discrete covariate(s) of 445 individuals are included from [/raid/genevol/users/lucas/heritability/02.GCTA/data/envir1.txt].

2 discrete variable(s) included as covariate(s).
445 individuals are in common in these files.

Performing  REML analysis ... (Note: may take hours depending on sample size).
445 observations, 8 fixed effect(s), and 2 variance component(s)(including residual variance).
Calculating prior values of variance components by EM-REML ...
Updated prior values: 73295.4 77792.1
logL: -2845.6
Running AI-REML algorithm ...
Iter.	logL	V(G)	V(e)	
1	-2834.71	84743.03793	47744.57407	
2	-2831.51	91146.06654	31077.50022	
3	-2830.26	94706.15184	21453.57782	
4	-2829.74	96758.52171	15646.15356	
5	-2829.51	100635.72341	4177.74414	
6	-2829.33	100010.12941	5289.24882	
7	-2829.33	100039.37409	5249.93899	
8	-2829.33	100038.29026	5251.41810	
Log-likelihood ratio converged.

Calculating the logLikelihood for the reduced model ...
(variance component 1 is dropped from the model)
Calculating prior values of variance components by EM-REML ...
Updated prior values: 148255.77874
logL: -2840.06670
Running AI-REML algorithm ...
Iter.	logL	V(e)	
1	-2835.85	148066.17013	
2	-2835.85	147936.88590	
3	-2835.85	147657.64408	
4	-2835.85	147658.17017	
5	-2835.85	147658.17017	
Log-likelihood ratio converged.

Summary result of REML analysis:
Source	Variance	SE
V(G)	100038.290263	58586.108042
V(e)	5251.418102	79410.127365
Vp	105289.708364	22379.252023
V(G)/Vp	0.950124	0.744149

Sampling variance/covariance of the estimates of variance components:
3.432332e+09	-4.618735e+09	
-4.618735e+09	6.305968e+09	

Summary result of REML analysis has been saved in the file [/raid/genevol/users/lucas/heritability/03.Heritability/Results/V3/HLA-AFull1.hsq].

Analysis finished at 21:05:19 -03 on Mon Jun 07 2021
Overall computational time: 1.50 sec.
