*******************************************************************
* Genome-wide Complex Trait Analysis (GCTA)
* version 1.93.2 beta Linux
* (C) 2010-present, Jian Yang, The University of Queensland
* Please report bugs to Jian Yang <jian.yang.qt@gmail.com>
*******************************************************************
Analysis started at 23:23:32 -03 on Wed Jun 09 2021.
Hostname: darwin

Accepted options:
--reml
--reml-alg 0
--reml-maxit 1000
--grm /scratch/genevol/users/lucas/V2/grmGeuvadis
--pheno /raid/genevol/users/lucas/heritability/02.GCTA/data/geneHLA-DPB1.txt
--covar /raid/genevol/users/lucas/heritability/02.GCTA/data/envir2.txt
--reml-est-fix
--out /raid/genevol/users/lucas/heritability/03.Heritability/Results/V2/HLA-DPB1/GeuvadisHLA-DPB12

Note: This is a multi-thread program. You could specify the number of threads by the --thread-num option to speed up the computation if there are multiple processors in your machine.

Reading IDs of the GRM from [/scratch/genevol/users/lucas/V2/grmGeuvadis.grm.id].
445 IDs read from [/scratch/genevol/users/lucas/V2/grmGeuvadis.grm.id].
Reading the GRM from [/scratch/genevol/users/lucas/V2/grmGeuvadis.grm.bin].
GRM for 445 individuals are included from [/scratch/genevol/users/lucas/V2/grmGeuvadis.grm.bin].
Reading phenotypes from [/raid/genevol/users/lucas/heritability/02.GCTA/data/geneHLA-DPB1.txt].
Non-missing phenotypes of 445 individuals are included from [/raid/genevol/users/lucas/heritability/02.GCTA/data/geneHLA-DPB1.txt].
Reading discrete covariate(s) from [/raid/genevol/users/lucas/heritability/02.GCTA/data/envir2.txt].
1 discrete covariate(s) of 445 individuals are included from [/raid/genevol/users/lucas/heritability/02.GCTA/data/envir2.txt].

1 discrete variable(s) included as covariate(s).
445 individuals are in common in these files.

Performing  REML analysis ... (Note: may take hours depending on sample size).
445 observations, 7 fixed effect(s), and 2 variance component(s)(including residual variance).
Calculating prior values of variance components by EM-REML ...
Updated prior values: 17055.3 17030.7
logL: -2492.98
Running AI-REML algorithm ...
Iter.	logL	V(G)	V(e)	
1	-2489.74	14339.43592	18241.53378	
2	-2488.79	13077.30732	18628.51343	
3	-2488.41	10951.86753	19025.03174	
4	-2488.13	11483.84038	18614.61103	
5	-2488.13	11384.34052	18708.27908	
6	-2488.13	11406.86295	18687.44862	
7	-2488.13	11401.88192	18692.06768	
8	-2488.13	11402.98894	18691.04173	
Log-likelihood ratio converged.

Calculating the logLikelihood for the reduced model ...
(variance component 1 is dropped from the model)
Calculating prior values of variance components by EM-REML ...
Updated prior values: 33035.73031
logL: -2513.40074
Running AI-REML algorithm ...
Iter.	logL	V(e)	
1	-2511.57	33012.50136	
2	-2511.57	32996.64026	
3	-2511.57	32962.34860	
4	-2511.57	32962.38420	
5	-2511.57	32962.38420	
Log-likelihood ratio converged.

Summary result of REML analysis:
Source	Variance	SE
V(G)	11402.988941	5268.726656
V(e)	18691.041732	4993.372357
Vp	30094.030673	2068.964104
V(G)/Vp	0.378912	0.168395

Sampling variance/covariance of the estimates of variance components:
2.775948e+07	-2.420632e+07	
-2.420632e+07	2.493377e+07	
Estimatesof fixed effects:

Source	Estimate	SE
mean	533.430428	17.133399
X_2	-80.544992	31.725657
X_3	-145.753224	27.849453
X_4	-115.138399	32.391314
X_5	-49.963447	28.239750
X_6	-182.190623	24.287698
X_7	-39.643510	32.536308

Summary result of REML analysis has been saved in the file [/raid/genevol/users/lucas/heritability/03.Heritability/Results/V2/HLA-DPB1/GeuvadisHLA-DPB12.hsq].

Analysis finished at 23:23:33 -03 on Wed Jun 09 2021
Overall computational time: 0.96 sec.
