*******************************************************************
* Genome-wide Complex Trait Analysis (GCTA)
* version 1.93.2 beta Linux
* (C) 2010-present, Jian Yang, The University of Queensland
* Please report bugs to Jian Yang <jian.yang.qt@gmail.com>
*******************************************************************
Analysis started at 23:23:33 -03 on Wed Jun 09 2021.
Hostname: darwin

Accepted options:
--reml
--reml-alg 0
--reml-maxit 1000
--grm /scratch/genevol/users/lucas/V2/grmNAfr
--pheno /raid/genevol/users/lucas/heritability/02.GCTA/data/geneNAfrHLA-DPB1.txt
--covar /raid/genevol/users/lucas/heritability/02.GCTA/data/envir2.txt
--reml-est-fix
--out /raid/genevol/users/lucas/heritability/03.Heritability/Results/V2/HLA-DPB1/NAfrHLA-DPB12

Note: This is a multi-thread program. You could specify the number of threads by the --thread-num option to speed up the computation if there are multiple processors in your machine.

Reading IDs of the GRM from [/scratch/genevol/users/lucas/V2/grmNAfr.grm.id].
358 IDs read from [/scratch/genevol/users/lucas/V2/grmNAfr.grm.id].
Reading the GRM from [/scratch/genevol/users/lucas/V2/grmNAfr.grm.bin].
GRM for 358 individuals are included from [/scratch/genevol/users/lucas/V2/grmNAfr.grm.bin].
Reading phenotypes from [/raid/genevol/users/lucas/heritability/02.GCTA/data/geneNAfrHLA-DPB1.txt].
Non-missing phenotypes of 358 individuals are included from [/raid/genevol/users/lucas/heritability/02.GCTA/data/geneNAfrHLA-DPB1.txt].
Reading discrete covariate(s) from [/raid/genevol/users/lucas/heritability/02.GCTA/data/envir2.txt].
1 discrete covariate(s) of 445 individuals are included from [/raid/genevol/users/lucas/heritability/02.GCTA/data/envir2.txt].

1 discrete variable(s) included as covariate(s).
358 individuals are in common in these files.

Performing  REML analysis ... (Note: may take hours depending on sample size).
358 observations, 7 fixed effect(s), and 2 variance component(s)(including residual variance).
Calculating prior values of variance components by EM-REML ...
Updated prior values: 16093.6 15826.5
logL: -1997.89
Running AI-REML algorithm ...
Iter.	logL	V(G)	V(e)	
1	-1996.73	30547.30030	0.03406	(1 component(s) constrained)
2	-1993.83	29757.46774	0.03406	(1 component(s) constrained)
3	-1993.41	29249.45457	0.03406	(1 component(s) constrained)
4	-1993.63	28200.05568	0.03406	(1 component(s) constrained)
5	-1994.07	28234.57052	0.03406	(1 component(s) constrained)
6	-1993.94	28235.68995	0.03406	(1 component(s) constrained)
7	-1993.62	28232.81019	0.03406	(1 component(s) constrained)
8	-1993.77	28234.80302	0.03406	(1 component(s) constrained)
9	-1993.81	28236.52936	0.03406	(1 component(s) constrained)
10	-1994.18	28235.33191	0.03406	(1 component(s) constrained)
11	-1993.59	28232.96755	0.03406	(1 component(s) constrained)
12	-1993.54	28235.98313	0.03406	(1 component(s) constrained)
13	-1994.09	28230.91342	0.03406	(1 component(s) constrained)
14	-1994.01	28233.79608	0.03406	(1 component(s) constrained)
15	-1994.30	28234.52073	0.03406	(1 component(s) constrained)
16	-1994.02	28232.15520	0.03406	(1 component(s) constrained)
17	-1994.05	28235.08329	0.03406	(1 component(s) constrained)
18	-1993.56	28232.36961	0.03406	(1 component(s) constrained)
19	-1993.67	28237.89597	0.03406	(1 component(s) constrained)
20	-1993.68	28231.03360	0.03406	(1 component(s) constrained)
21	-1994.02	28234.50317	0.03406	(1 component(s) constrained)
22	-1993.97	28235.23712	0.03406	(1 component(s) constrained)
23	-1993.57	28234.09396	0.03406	(1 component(s) constrained)
24	-1993.65	28232.74908	0.03406	(1 component(s) constrained)
25	-1993.55	28234.18531	0.03406	(1 component(s) constrained)
26	-1993.82	28234.40404	0.03406	(1 component(s) constrained)
27	-1994.45	28233.65399	0.03406	(1 component(s) constrained)
28	-1993.63	28233.52222	0.03406	(1 component(s) constrained)
29	-1993.38	28232.09792	0.03406	(1 component(s) constrained)
30	-1993.70	28234.29499	0.03406	(1 component(s) constrained)
31	-1993.92	28232.58849	0.03406	(1 component(s) constrained)
32	-1993.90	28234.59660	0.03406	(1 component(s) constrained)
33	-1993.97	28237.71522	0.03406	(1 component(s) constrained)
34	-1993.72	28237.53361	0.03406	(1 component(s) constrained)
35	-1993.87	28234.52173	0.03406	(1 component(s) constrained)
36	-1993.74	28237.61116	0.03406	(1 component(s) constrained)
37	-1994.19	28234.54824	0.03406	(1 component(s) constrained)
38	-1994.08	28232.04002	0.03406	(1 component(s) constrained)
39	-1993.88	28234.54889	0.03406	(1 component(s) constrained)
40	-1993.30	28234.89530	0.03406	(1 component(s) constrained)
41	-1993.53	28234.46687	0.03406	(1 component(s) constrained)
42	-1994.11	28235.32884	0.03406	(1 component(s) constrained)
43	-1993.86	28233.60483	0.03406	(1 component(s) constrained)
44	-1993.39	28236.39514	0.03406	(1 component(s) constrained)
45	-1993.49	28233.77386	0.03406	(1 component(s) constrained)
46	-1993.82	28234.36595	0.03406	(1 component(s) constrained)
47	-1994.53	28232.45725	0.03406	(1 component(s) constrained)
48	-1993.95	28231.38699	0.03406	(1 component(s) constrained)
49	-1993.98	28234.68977	0.03406	(1 component(s) constrained)
50	-1994.12	28235.00894	0.03406	(1 component(s) constrained)
51	-1993.74	28232.99075	0.03406	(1 component(s) constrained)
52	-1994.23	28234.22498	0.03406	(1 component(s) constrained)
53	-1994.49	28235.04858	0.03406	(1 component(s) constrained)
54	-1993.59	28232.03431	0.03406	(1 component(s) constrained)
55	-1994.56	28233.07851	0.03406	(1 component(s) constrained)
56	-1993.46	28235.41421	0.03406	(1 component(s) constrained)
57	-1993.62	28235.32958	0.03406	(1 component(s) constrained)
58	-1993.73	28235.41400	0.03406	(1 component(s) constrained)
59	-1994.63	28235.49564	0.03406	(1 component(s) constrained)
60	-1993.29	28230.99929	0.03406	(1 component(s) constrained)
61	-1994.03	28231.81833	0.03406	(1 component(s) constrained)
62	-1993.47	28236.63775	0.03406	(1 component(s) constrained)
63	-1994.25	28235.52107	0.03406	(1 component(s) constrained)
64	-1993.65	28238.41220	0.03406	(1 component(s) constrained)
65	-1993.64	28236.28427	0.03406	(1 component(s) constrained)
66	-1993.86	28233.90795	0.03406	(1 component(s) constrained)
67	-1993.62	28236.19571	0.03406	(1 component(s) constrained)
68	-1993.81	28231.85437	0.03406	(1 component(s) constrained)
69	-1993.53	28234.00847	0.03406	(1 component(s) constrained)
70	-1993.53	28229.64711	0.03406	(1 component(s) constrained)
71	-1994.36	28234.30033	0.03406	(1 component(s) constrained)
72	-1993.97	28232.95726	0.03406	(1 component(s) constrained)
73	-1993.80	28234.22213	0.03406	(1 component(s) constrained)
74	-1993.93	28235.19034	0.03406	(1 component(s) constrained)
75	-1993.17	28235.40293	0.03406	(1 component(s) constrained)
76	-1993.80	28238.99854	0.03406	(1 component(s) constrained)
77	-1993.50	28235.30876	0.03406	(1 component(s) constrained)
78	-1993.52	28233.43564	0.03406	(1 component(s) constrained)
79	-1994.19	28232.73059	0.03406	(1 component(s) constrained)
80	-1993.89	28235.97449	0.03406	(1 component(s) constrained)
81	-1994.19	28234.52267	0.03406	(1 component(s) constrained)
82	-1993.73	28231.87194	0.03406	(1 component(s) constrained)
83	-1993.81	28233.87492	0.03406	(1 component(s) constrained)
84	-1993.98	28231.66818	0.03406	(1 component(s) constrained)
85	-1993.85	28234.59945	0.03406	(1 component(s) constrained)
86	-1993.84	28231.24910	0.03406	(1 component(s) constrained)
87	-1994.04	28232.42088	0.03406	(1 component(s) constrained)
88	-1994.05	28235.23547	0.03406	(1 component(s) constrained)
Log-likelihood ratio converged.

Calculating the logLikelihood for the reduced model ...
(variance component 1 is dropped from the model)
Calculating prior values of variance components by EM-REML ...
Updated prior values: 30503.47446
logL: -2001.81699
Running AI-REML algorithm ...
Iter.	logL	V(e)	
1	-2000.75	30481.00599	
2	-2000.74	30465.66542	
3	-2000.74	30432.50100	
4	-2000.74	30432.53707	
5	-2000.74	30432.53707	
Log-likelihood ratio converged.

Summary result of REML analysis:
Source	Variance	SE
V(G)	28235.235472	19787.596087
V(e)	0.034060	20028.769302
Vp	28235.269532	2120.026215
V(G)/Vp	0.999999	0.709353

Sampling variance/covariance of the estimates of variance components:
3.915490e+08	-3.941030e+08	
-3.941030e+08	4.011516e+08	
Estimatesof fixed effects:

Source	Estimate	SE
mean	495.745642	17.344678
X_2	-90.307698	34.328063
X_3	-129.621145	30.120223
X_4	-97.091723	35.438957
X_5	-49.410568	30.986443
X_6	-170.055666	26.581015
X_7	-28.786318	36.090254

Summary result of REML analysis has been saved in the file [/raid/genevol/users/lucas/heritability/03.Heritability/Results/V2/HLA-DPB1/NAfrHLA-DPB12.hsq].

Analysis finished at 23:23:36 -03 on Wed Jun 09 2021
Overall computational time: 2.53 sec.
