*******************************************************************
* Genome-wide Complex Trait Analysis (GCTA)
* version 1.93.2 beta Linux
* (C) 2010-present, Jian Yang, The University of Queensland
* Please report bugs to Jian Yang <jian.yang.qt@gmail.com>
*******************************************************************
Analysis started at 23:24:52 -03 on Wed Jun 09 2021.
Hostname: darwin

Accepted options:
--reml
--reml-alg 0
--reml-maxit 1000
--grm /scratch/genevol/users/lucas/V2/grmFull
--pheno /raid/genevol/users/lucas/heritability/02.GCTA/data/geneHLA-DRA.txt
--covar /raid/genevol/users/lucas/heritability/02.GCTA/data/envir1.txt
--reml-est-fix
--out /raid/genevol/users/lucas/heritability/03.Heritability/Results/V2/HLA-DRA/FullHLA-DRA1

Note: This is a multi-thread program. You could specify the number of threads by the --thread-num option to speed up the computation if there are multiple processors in your machine.

Reading IDs of the GRM from [/scratch/genevol/users/lucas/V2/grmFull.grm.id].
2504 IDs read from [/scratch/genevol/users/lucas/V2/grmFull.grm.id].
Reading the GRM from [/scratch/genevol/users/lucas/V2/grmFull.grm.bin].
GRM for 2504 individuals are included from [/scratch/genevol/users/lucas/V2/grmFull.grm.bin].
Reading phenotypes from [/raid/genevol/users/lucas/heritability/02.GCTA/data/geneHLA-DRA.txt].
Non-missing phenotypes of 445 individuals are included from [/raid/genevol/users/lucas/heritability/02.GCTA/data/geneHLA-DRA.txt].
Reading discrete covariate(s) from [/raid/genevol/users/lucas/heritability/02.GCTA/data/envir1.txt].
2 discrete covariate(s) of 445 individuals are included from [/raid/genevol/users/lucas/heritability/02.GCTA/data/envir1.txt].

2 discrete variable(s) included as covariate(s).
445 individuals are in common in these files.

Performing  REML analysis ... (Note: may take hours depending on sample size).
445 observations, 8 fixed effect(s), and 2 variance component(s)(including residual variance).
Calculating prior values of variance components by EM-REML ...
Updated prior values: 170060 176165
logL: -3044.34
Running AI-REML algorithm ...
Iter.	logL	V(G)	V(e)	
1	-3039.55	246203.55118	0.39020	(1 component(s) constrained)
2	-3035.26	174274.89589	0.39020	(1 component(s) constrained)
3	-3051.70	154324.05209	0.39020	(1 component(s) constrained)
4	-3065.81	122483.35712	0.39020	(1 component(s) constrained)
5	-3107.70	127697.43343	0.39020	(1 component(s) constrained)
6	-3098.53	127928.83456	0.39020	(1 component(s) constrained)
7	-3098.15	127928.96719	0.39020	(1 component(s) constrained)
8	-3098.15	127929.25428	0.39020	(1 component(s) constrained)
9	-3098.15	127929.25428	0.39020	(1 component(s) constrained)
10	-3098.15	127929.25428	0.39020	(1 component(s) constrained)
Log-likelihood ratio converged.

Calculating the logLikelihood for the reduced model ...
(variance component 1 is dropped from the model)
Calculating prior values of variance components by EM-REML ...
Updated prior values: 384824.69667
logL: -3045.11693
Running AI-REML algorithm ...
Iter.	logL	V(e)	
1	-3045.10	384793.59590	
2	-3045.10	384726.28991	
3	-3045.10	384726.30168	
Log-likelihood ratio converged.

Summary result of REML analysis:
Source	Variance	SE
V(G)	127929.254278	57385.794243
V(e)	0.390200	84740.677101
Vp	127929.644477	28369.529880
V(G)/Vp	0.999997	0.662400

Sampling variance/covariance of the estimates of variance components:
3.293129e+09	-4.834641e+09	
-4.834641e+09	7.180982e+09	
Estimatesof fixed effects:

Source	Estimate	SE
mean	1979.356030	69.874207
X_2	1.710649	41.503219
X_3	-173.395565	80.348126
X_4	-162.274261	70.539103
X_5	-148.136153	81.881465
X_6	-74.852077	71.243133
X_7	-289.273541	61.286313
X_8	-48.253750	81.368225

Summary result of REML analysis has been saved in the file [/raid/genevol/users/lucas/heritability/03.Heritability/Results/V2/HLA-DRA/FullHLA-DRA1.hsq].

Analysis finished at 23:24:53 -03 on Wed Jun 09 2021
Overall computational time: 1.46 sec.
