*******************************************************************
* Genome-wide Complex Trait Analysis (GCTA)
* version 1.93.2 beta Linux
* (C) 2010-present, Jian Yang, The University of Queensland
* Please report bugs to Jian Yang <jian.yang.qt@gmail.com>
*******************************************************************
Analysis started at 23:24:41 -03 on Wed Jun 09 2021.
Hostname: darwin

Accepted options:
--reml
--reml-alg 0
--reml-maxit 1000
--grm /scratch/genevol/users/lucas/V2/grmFull
--pheno /raid/genevol/users/lucas/heritability/02.GCTA/data/geneHLA-DRA.txt
--covar /raid/genevol/users/lucas/heritability/02.GCTA/data/envir0.txt
--reml-est-fix
--out /raid/genevol/users/lucas/heritability/03.Heritability/Results/V2/HLA-DRA/FullHLA-DRA0

Note: This is a multi-thread program. You could specify the number of threads by the --thread-num option to speed up the computation if there are multiple processors in your machine.

Reading IDs of the GRM from [/scratch/genevol/users/lucas/V2/grmFull.grm.id].
2504 IDs read from [/scratch/genevol/users/lucas/V2/grmFull.grm.id].
Reading the GRM from [/scratch/genevol/users/lucas/V2/grmFull.grm.bin].
GRM for 2504 individuals are included from [/scratch/genevol/users/lucas/V2/grmFull.grm.bin].
Reading phenotypes from [/raid/genevol/users/lucas/heritability/02.GCTA/data/geneHLA-DRA.txt].
Non-missing phenotypes of 445 individuals are included from [/raid/genevol/users/lucas/heritability/02.GCTA/data/geneHLA-DRA.txt].
Reading discrete covariate(s) from [/raid/genevol/users/lucas/heritability/02.GCTA/data/envir0.txt].
3 discrete covariate(s) of 445 individuals are included from [/raid/genevol/users/lucas/heritability/02.GCTA/data/envir0.txt].

3 discrete variable(s) included as covariate(s).
445 individuals are in common in these files.

Performing  REML analysis ... (Note: may take hours depending on sample size).
445 observations, 12 fixed effect(s), and 2 variance component(s)(including residual variance).
Calculating prior values of variance components by EM-REML ...
Updated prior values: 138073 155597
logL: -2962.61
Running AI-REML algorithm ...
Iter.	logL	V(G)	V(e)	
1	-2935.26	198804.34131	9266.09478	
2	-2924.29	177418.64698	0.39020	(1 component(s) constrained)
3	-2919.54	163032.91983	0.39020	(1 component(s) constrained)
4	-2918.67	155062.79424	0.39020	(1 component(s) constrained)
5	-2918.88	139827.11846	0.39020	(1 component(s) constrained)
6	-2921.12	141177.01359	0.39020	(1 component(s) constrained)
7	-2920.81	141190.17087	0.39020	(1 component(s) constrained)
8	-2920.80	141190.17210	0.39020	(1 component(s) constrained)
9	-2920.80	141190.17210	0.39020	(1 component(s) constrained)
Log-likelihood ratio converged.

Calculating the logLikelihood for the reduced model ...
(variance component 1 is dropped from the model)
Calculating prior values of variance components by EM-REML ...
Updated prior values: 240055.69835
logL: -2942.96721
Running AI-REML algorithm ...
Iter.	logL	V(e)	
1	-2919.66	238717.61921	
2	-2919.64	237814.89162	
3	-2919.63	235879.03762	
4	-2919.62	235894.66753	
5	-2919.62	235894.66857	
Log-likelihood ratio converged.

Summary result of REML analysis:
Source	Variance	SE
V(G)	141190.172096	116496.296856
V(e)	0.390200	168183.187743
Vp	141190.562295	52797.602713
V(G)/Vp	0.999997	1.191178

Sampling variance/covariance of the estimates of variance components:
1.357139e+10	-1.953469e+10	
-1.953469e+10	2.828558e+10	
Estimatesof fixed effects:

Source	Estimate	SE
mean	2689.584106	120.012148
X_2	-13.392636	43.693888
X_3	-87.950362	84.596502
X_4	-142.208460	74.177132
X_5	-199.161333	86.212178
X_6	-102.136008	74.893600
X_7	-320.903475	64.433872
X_8	-64.429847	85.612388
X_9	-931.083498	101.163533
X_10	-1063.918224	70.106875
X_11	-910.915387	80.448944
X_12	-525.239034	242.480813

Summary result of REML analysis has been saved in the file [/raid/genevol/users/lucas/heritability/03.Heritability/Results/V2/HLA-DRA/FullHLA-DRA0.hsq].

Analysis finished at 23:24:42 -03 on Wed Jun 09 2021
Overall computational time: 1.41 sec.
