*******************************************************************
* Genome-wide Complex Trait Analysis (GCTA)
* version 1.93.2 beta Linux
* (C) 2010-present, Jian Yang, The University of Queensland
* Please report bugs to Jian Yang <jian.yang.qt@gmail.com>
*******************************************************************
Analysis started at 23:24:58 -03 on Wed Jun 09 2021.
Hostname: darwin

Accepted options:
--reml
--reml-alg 0
--reml-maxit 1000
--grm /scratch/genevol/users/lucas/V2/grmFull
--pheno /raid/genevol/users/lucas/heritability/02.GCTA/data/geneHLA-DRA.txt
--covar /raid/genevol/users/lucas/heritability/02.GCTA/data/envir2.txt
--reml-est-fix
--out /raid/genevol/users/lucas/heritability/03.Heritability/Results/V2/HLA-DRA/FullHLA-DRA2

Note: This is a multi-thread program. You could specify the number of threads by the --thread-num option to speed up the computation if there are multiple processors in your machine.

Reading IDs of the GRM from [/scratch/genevol/users/lucas/V2/grmFull.grm.id].
2504 IDs read from [/scratch/genevol/users/lucas/V2/grmFull.grm.id].
Reading the GRM from [/scratch/genevol/users/lucas/V2/grmFull.grm.bin].
GRM for 2504 individuals are included from [/scratch/genevol/users/lucas/V2/grmFull.grm.bin].
Reading phenotypes from [/raid/genevol/users/lucas/heritability/02.GCTA/data/geneHLA-DRA.txt].
Non-missing phenotypes of 445 individuals are included from [/raid/genevol/users/lucas/heritability/02.GCTA/data/geneHLA-DRA.txt].
Reading discrete covariate(s) from [/raid/genevol/users/lucas/heritability/02.GCTA/data/envir2.txt].
1 discrete covariate(s) of 445 individuals are included from [/raid/genevol/users/lucas/heritability/02.GCTA/data/envir2.txt].

1 discrete variable(s) included as covariate(s).
445 individuals are in common in these files.

Performing  REML analysis ... (Note: may take hours depending on sample size).
445 observations, 7 fixed effect(s), and 2 variance component(s)(including residual variance).
Calculating prior values of variance components by EM-REML ...
Updated prior values: 169802 175985
logL: -3048.54
Running AI-REML algorithm ...
Iter.	logL	V(G)	V(e)	
1	-3043.65	245711.81874	0.39020	(1 component(s) constrained)
2	-3039.32	173882.60158	0.39020	(1 component(s) constrained)
3	-3055.79	153973.55290	0.39020	(1 component(s) constrained)
4	-3069.94	122201.20306	0.39020	(1 component(s) constrained)
5	-3111.94	127404.56884	0.39020	(1 component(s) constrained)
6	-3102.74	127635.55471	0.39020	(1 component(s) constrained)
7	-3102.36	127635.68717	0.39020	(1 component(s) constrained)
8	-3102.36	127635.97389	0.39020	(1 component(s) constrained)
9	-3102.36	127635.97389	0.39020	(1 component(s) constrained)
10	-3102.36	127635.97389	0.39020	(1 component(s) constrained)
Log-likelihood ratio converged.

Calculating the logLikelihood for the reduced model ...
(variance component 1 is dropped from the model)
Calculating prior values of variance components by EM-REML ...
Updated prior values: 383959.82934
logL: -3049.22058
Running AI-REML algorithm ...
Iter.	logL	V(e)	
1	-3049.19	383928.30928	
2	-3049.19	383860.09610	
3	-3049.19	383860.10822	
Log-likelihood ratio converged.

Summary result of REML analysis:
Source	Variance	SE
V(G)	127635.973887	57140.957174
V(e)	0.390200	84379.348203
Vp	127636.364086	28250.360930
V(G)/Vp	0.999997	0.661091

Sampling variance/covariance of the estimates of variance components:
3.265089e+09	-4.793440e+09	
-4.793440e+09	7.119874e+09	
Estimatesof fixed effects:

Source	Estimate	SE
mean	1980.065232	67.644875
X_2	-173.153100	80.040589
X_3	-162.041792	70.232617
X_4	-147.946786	81.658705
X_5	-74.619578	70.938018
X_6	-289.386151	61.155165
X_7	-48.180991	81.255773

Summary result of REML analysis has been saved in the file [/raid/genevol/users/lucas/heritability/03.Heritability/Results/V2/HLA-DRA/FullHLA-DRA2.hsq].

Analysis finished at 23:25:00 -03 on Wed Jun 09 2021
Overall computational time: 1.41 sec.
