*******************************************************************
* Genome-wide Complex Trait Analysis (GCTA)
* version 1.93.2 beta Linux
* (C) 2010-present, Jian Yang, The University of Queensland
* Please report bugs to Jian Yang <jian.yang.qt@gmail.com>
*******************************************************************
Analysis started at 23:24:53 -03 on Wed Jun 09 2021.
Hostname: darwin

Accepted options:
--reml
--reml-alg 0
--reml-maxit 1000
--grm /scratch/genevol/users/lucas/V2/grmGeuvadis
--pheno /raid/genevol/users/lucas/heritability/02.GCTA/data/geneHLA-DRA.txt
--covar /raid/genevol/users/lucas/heritability/02.GCTA/data/envir1.txt
--reml-est-fix
--out /raid/genevol/users/lucas/heritability/03.Heritability/Results/V2/HLA-DRA/GeuvadisHLA-DRA1

Note: This is a multi-thread program. You could specify the number of threads by the --thread-num option to speed up the computation if there are multiple processors in your machine.

Reading IDs of the GRM from [/scratch/genevol/users/lucas/V2/grmGeuvadis.grm.id].
445 IDs read from [/scratch/genevol/users/lucas/V2/grmGeuvadis.grm.id].
Reading the GRM from [/scratch/genevol/users/lucas/V2/grmGeuvadis.grm.bin].
GRM for 445 individuals are included from [/scratch/genevol/users/lucas/V2/grmGeuvadis.grm.bin].
Reading phenotypes from [/raid/genevol/users/lucas/heritability/02.GCTA/data/geneHLA-DRA.txt].
Non-missing phenotypes of 445 individuals are included from [/raid/genevol/users/lucas/heritability/02.GCTA/data/geneHLA-DRA.txt].
Reading discrete covariate(s) from [/raid/genevol/users/lucas/heritability/02.GCTA/data/envir1.txt].
2 discrete covariate(s) of 445 individuals are included from [/raid/genevol/users/lucas/heritability/02.GCTA/data/envir1.txt].

2 discrete variable(s) included as covariate(s).
445 individuals are in common in these files.

Performing  REML analysis ... (Note: may take hours depending on sample size).
445 observations, 8 fixed effect(s), and 2 variance component(s)(including residual variance).
Calculating prior values of variance components by EM-REML ...
Updated prior values: 194553 199721
logL: -3047.15
Running AI-REML algorithm ...
Iter.	logL	V(G)	V(e)	
1	-3047.04	89993.24384	291696.20346	
2	-3044.45	0.39020	373908.21070	(1 component(s) constrained)
3	-3045.18	3582.54713	372165.37475	
4	-3044.52	16691.96030	363530.51149	
5	-3043.64	29381.08984	352222.56879	
6	-3043.50	29848.70839	352187.80865	
7	-3043.50	29666.96060	352366.21849	
8	-3043.50	29744.77737	352290.15501	
9	-3043.50	29711.72326	352322.48556	
10	-3043.50	29725.81067	352308.71043	
Log-likelihood ratio converged.

Calculating the logLikelihood for the reduced model ...
(variance component 1 is dropped from the model)
Calculating prior values of variance components by EM-REML ...
Updated prior values: 384824.69667
logL: -3045.11693
Running AI-REML algorithm ...
Iter.	logL	V(e)	
1	-3045.10	384793.59590	
2	-3045.10	384726.28991	
3	-3045.10	384726.30168	
Log-likelihood ratio converged.

Summary result of REML analysis:
Source	Variance	SE
V(G)	29725.810666	35091.572641
V(e)	352308.710435	41736.515214
Vp	382034.521100	25856.549324
V(G)/Vp	0.077809	0.091546

Sampling variance/covariance of the estimates of variance components:
1.231418e+09	-1.152397e+09	
-1.152397e+09	1.741937e+09	
Estimatesof fixed effects:

Source	Estimate	SE
mean	1974.249541	68.410591
X_2	9.347676	59.435633
X_3	-167.484988	115.201250
X_4	-163.551884	101.193482
X_5	-131.554250	117.080086
X_6	-70.779950	102.266515
X_7	-284.390443	87.779534
X_8	-21.192304	117.082481

Summary result of REML analysis has been saved in the file [/raid/genevol/users/lucas/heritability/03.Heritability/Results/V2/HLA-DRA/GeuvadisHLA-DRA1.hsq].

Analysis finished at 23:24:54 -03 on Wed Jun 09 2021
Overall computational time: 1.37 sec.
