*******************************************************************
* Genome-wide Complex Trait Analysis (GCTA)
* version 1.93.2 beta Linux
* (C) 2010-present, Jian Yang, The University of Queensland
* Please report bugs to Jian Yang <jian.yang.qt@gmail.com>
*******************************************************************
Analysis started at 23:25:01 -03 on Wed Jun 09 2021.
Hostname: darwin

Accepted options:
--reml
--reml-alg 0
--reml-maxit 1000
--grm /scratch/genevol/users/lucas/V2/grmNAfr
--pheno /raid/genevol/users/lucas/heritability/02.GCTA/data/geneNAfrHLA-DRA.txt
--covar /raid/genevol/users/lucas/heritability/02.GCTA/data/envir2.txt
--reml-est-fix
--out /raid/genevol/users/lucas/heritability/03.Heritability/Results/V2/HLA-DRA/NAfrHLA-DRA2

Note: This is a multi-thread program. You could specify the number of threads by the --thread-num option to speed up the computation if there are multiple processors in your machine.

Reading IDs of the GRM from [/scratch/genevol/users/lucas/V2/grmNAfr.grm.id].
358 IDs read from [/scratch/genevol/users/lucas/V2/grmNAfr.grm.id].
Reading the GRM from [/scratch/genevol/users/lucas/V2/grmNAfr.grm.bin].
GRM for 358 individuals are included from [/scratch/genevol/users/lucas/V2/grmNAfr.grm.bin].
Reading phenotypes from [/raid/genevol/users/lucas/heritability/02.GCTA/data/geneNAfrHLA-DRA.txt].
Non-missing phenotypes of 358 individuals are included from [/raid/genevol/users/lucas/heritability/02.GCTA/data/geneNAfrHLA-DRA.txt].
Reading discrete covariate(s) from [/raid/genevol/users/lucas/heritability/02.GCTA/data/envir2.txt].
1 discrete covariate(s) of 445 individuals are included from [/raid/genevol/users/lucas/heritability/02.GCTA/data/envir2.txt].

1 discrete variable(s) included as covariate(s).
358 individuals are in common in these files.

Performing  REML analysis ... (Note: may take hours depending on sample size).
358 observations, 7 fixed effect(s), and 2 variance component(s)(including residual variance).
Calculating prior values of variance components by EM-REML ...
Updated prior values: 206728 203040
logL: -2454.17
Running AI-REML algorithm ...
Iter.	logL	V(G)	V(e)	
1	-2454.07	397144.31045	0.41612	(1 component(s) constrained)
2	-2451.64	373275.27057	0.41612	(1 component(s) constrained)
3	-2451.03	373720.43005	0.41612	(1 component(s) constrained)
4	-2452.54	374590.68116	0.41612	(1 component(s) constrained)
5	-2451.64	374601.40708	0.41612	(1 component(s) constrained)
6	-2451.07	374616.70383	0.41612	(1 component(s) constrained)
7	-2451.50	374625.48312	0.41612	(1 component(s) constrained)
8	-2451.89	374592.48414	0.41612	(1 component(s) constrained)
9	-2451.46	374627.60899	0.41612	(1 component(s) constrained)
10	-2452.09	374648.50864	0.41612	(1 component(s) constrained)
11	-2451.05	374623.48125	0.41612	(1 component(s) constrained)
12	-2451.19	374619.01951	0.41612	(1 component(s) constrained)
13	-2451.29	374611.61817	0.41612	(1 component(s) constrained)
14	-2451.41	374539.62563	0.41612	(1 component(s) constrained)
15	-2451.93	374583.29906	0.41612	(1 component(s) constrained)
16	-2451.32	374616.44073	0.41612	(1 component(s) constrained)
17	-2451.18	374622.87097	0.41612	(1 component(s) constrained)
18	-2451.61	374623.08058	0.41612	(1 component(s) constrained)
19	-2451.74	374615.14171	0.41612	(1 component(s) constrained)
20	-2451.65	374656.31063	0.41612	(1 component(s) constrained)
21	-2451.74	374664.03623	0.41612	(1 component(s) constrained)
22	-2451.66	374612.89953	0.41612	(1 component(s) constrained)
23	-2451.68	374680.71276	0.41612	(1 component(s) constrained)
24	-2451.56	374625.54438	0.41612	(1 component(s) constrained)
25	-2451.19	374603.50903	0.41612	(1 component(s) constrained)
26	-2450.83	374641.35889	0.41612	(1 component(s) constrained)
27	-2451.27	374567.50272	0.41612	(1 component(s) constrained)
28	-2451.53	374693.92110	0.41612	(1 component(s) constrained)
29	-2451.56	374557.35317	0.41612	(1 component(s) constrained)
30	-2451.58	374637.43147	0.41612	(1 component(s) constrained)
31	-2451.48	374634.60470	0.41612	(1 component(s) constrained)
32	-2451.53	374619.52560	0.41612	(1 component(s) constrained)
33	-2451.33	374629.15210	0.41612	(1 component(s) constrained)
34	-2452.10	374603.00056	0.41612	(1 component(s) constrained)
35	-2451.64	374652.07410	0.41612	(1 component(s) constrained)
36	-2450.74	374562.70308	0.41612	(1 component(s) constrained)
37	-2452.01	374603.73131	0.41612	(1 component(s) constrained)
38	-2451.15	374586.07533	0.41612	(1 component(s) constrained)
39	-2451.04	374586.79226	0.41612	(1 component(s) constrained)
40	-2452.07	374644.39083	0.41612	(1 component(s) constrained)
41	-2451.03	374573.97408	0.41612	(1 component(s) constrained)
42	-2451.86	374597.96364	0.41612	(1 component(s) constrained)
43	-2451.07	374622.94474	0.41612	(1 component(s) constrained)
44	-2450.75	374663.92853	0.41612	(1 component(s) constrained)
45	-2452.11	374631.50846	0.41612	(1 component(s) constrained)
46	-2451.10	374594.78965	0.41612	(1 component(s) constrained)
47	-2451.12	374593.81735	0.41612	(1 component(s) constrained)
48	-2452.19	374611.66871	0.41612	(1 component(s) constrained)
49	-2451.48	374565.61485	0.41612	(1 component(s) constrained)
50	-2451.70	374607.46811	0.41612	(1 component(s) constrained)
51	-2451.92	374638.63910	0.41612	(1 component(s) constrained)
52	-2451.11	374650.24127	0.41612	(1 component(s) constrained)
53	-2451.71	374675.16657	0.41612	(1 component(s) constrained)
54	-2451.67	374685.35880	0.41612	(1 component(s) constrained)
55	-2451.17	374624.73464	0.41612	(1 component(s) constrained)
56	-2451.28	374715.29862	0.41612	(1 component(s) constrained)
57	-2451.39	374597.74238	0.41612	(1 component(s) constrained)
58	-2451.33	374605.27222	0.41612	(1 component(s) constrained)
59	-2452.32	374607.90494	0.41612	(1 component(s) constrained)
60	-2451.65	374526.31722	0.41612	(1 component(s) constrained)
61	-2452.00	374608.95658	0.41612	(1 component(s) constrained)
62	-2451.55	374624.06214	0.41612	(1 component(s) constrained)
63	-2451.62	374673.54134	0.41612	(1 component(s) constrained)
64	-2451.21	374654.63147	0.41612	(1 component(s) constrained)
65	-2451.42	374597.72787	0.41612	(1 component(s) constrained)
66	-2451.61	374623.49718	0.41612	(1 component(s) constrained)
67	-2450.94	374683.92389	0.41612	(1 component(s) constrained)
68	-2450.56	374604.13190	0.41612	(1 component(s) constrained)
69	-2452.12	374570.53356	0.41612	(1 component(s) constrained)
70	-2450.81	374587.23411	0.41612	(1 component(s) constrained)
71	-2452.36	374589.68763	0.41612	(1 component(s) constrained)
72	-2451.60	374580.55665	0.41612	(1 component(s) constrained)
73	-2450.76	374652.01716	0.41612	(1 component(s) constrained)
74	-2452.39	374683.55073	0.41612	(1 component(s) constrained)
75	-2452.18	374617.73283	0.41612	(1 component(s) constrained)
76	-2452.02	374611.16668	0.41612	(1 component(s) constrained)
77	-2451.90	374582.08402	0.41612	(1 component(s) constrained)
78	-2451.55	374613.98086	0.41612	(1 component(s) constrained)
79	-2451.74	374597.01849	0.41612	(1 component(s) constrained)
80	-2451.97	374674.11599	0.41612	(1 component(s) constrained)
81	-2450.93	374618.84521	0.41612	(1 component(s) constrained)
82	-2451.71	374635.31550	0.41612	(1 component(s) constrained)
83	-2452.03	374622.60582	0.41612	(1 component(s) constrained)
84	-2451.15	374594.95822	0.41612	(1 component(s) constrained)
85	-2451.62	374617.20688	0.41612	(1 component(s) constrained)
86	-2452.01	374592.13693	0.41612	(1 component(s) constrained)
87	-2451.58	374629.14689	0.41612	(1 component(s) constrained)
88	-2451.59	374617.64412	0.41612	(1 component(s) constrained)
89	-2451.56	374650.68604	0.41612	(1 component(s) constrained)
90	-2452.87	374609.83278	0.41612	(1 component(s) constrained)
91	-2451.50	374641.35099	0.41612	(1 component(s) constrained)
92	-2451.46	374629.99321	0.41612	(1 component(s) constrained)
93	-2451.61	374580.66210	0.41612	(1 component(s) constrained)
94	-2450.93	374644.01493	0.41612	(1 component(s) constrained)
95	-2451.38	374626.91601	0.41612	(1 component(s) constrained)
96	-2451.41	374638.96208	0.41612	(1 component(s) constrained)
97	-2451.37	374610.64278	0.41612	(1 component(s) constrained)
98	-2451.03	374580.80112	0.41612	(1 component(s) constrained)
99	-2451.28	374648.53862	0.41612	(1 component(s) constrained)
100	-2450.95	374619.69233	0.41612	(1 component(s) constrained)
101	-2451.95	374617.90472	0.41612	(1 component(s) constrained)
102	-2451.66	374665.07809	0.41612	(1 component(s) constrained)
103	-2451.54	374649.57308	0.41612	(1 component(s) constrained)
104	-2452.09	374635.02191	0.41612	(1 component(s) constrained)
105	-2450.85	374667.09557	0.41612	(1 component(s) constrained)
106	-2451.94	374656.75413	0.41612	(1 component(s) constrained)
107	-2450.74	374675.32142	0.41612	(1 component(s) constrained)
108	-2451.84	374663.63912	0.41612	(1 component(s) constrained)
109	-2451.00	374597.31232	0.41612	(1 component(s) constrained)
110	-2452.06	374537.07081	0.41612	(1 component(s) constrained)
111	-2452.10	374630.23634	0.41612	(1 component(s) constrained)
112	-2451.24	374616.95519	0.41612	(1 component(s) constrained)
113	-2450.88	374646.66967	0.41612	(1 component(s) constrained)
114	-2451.04	374634.09846	0.41612	(1 component(s) constrained)
115	-2451.23	374545.15028	0.41612	(1 component(s) constrained)
116	-2451.37	374615.96381	0.41612	(1 component(s) constrained)
117	-2451.96	374545.67917	0.41612	(1 component(s) constrained)
118	-2451.64	374650.54585	0.41612	(1 component(s) constrained)
119	-2451.01	374600.76105	0.41612	(1 component(s) constrained)
120	-2451.99	374644.71021	0.41612	(1 component(s) constrained)
121	-2451.57	374582.61791	0.41612	(1 component(s) constrained)
122	-2451.50	374704.41411	0.41612	(1 component(s) constrained)
123	-2451.94	374599.93717	0.41612	(1 component(s) constrained)
124	-2451.82	374639.16981	0.41612	(1 component(s) constrained)
125	-2451.12	374581.97768	0.41612	(1 component(s) constrained)
126	-2451.72	374590.15527	0.41612	(1 component(s) constrained)
127	-2451.32	374598.66236	0.41612	(1 component(s) constrained)
128	-2452.22	374602.12628	0.41612	(1 component(s) constrained)
129	-2451.18	374635.43317	0.41612	(1 component(s) constrained)
130	-2452.47	374639.31063	0.41612	(1 component(s) constrained)
131	-2450.95	374615.15981	0.41612	(1 component(s) constrained)
132	-2451.78	374619.13389	0.41612	(1 component(s) constrained)
133	-2451.71	374657.21554	0.41612	(1 component(s) constrained)
134	-2451.36	374680.44969	0.41612	(1 component(s) constrained)
135	-2451.49	374664.92559	0.41612	(1 component(s) constrained)
136	-2450.94	374588.61265	0.41612	(1 component(s) constrained)
137	-2452.33	374587.19650	0.41612	(1 component(s) constrained)
138	-2451.07	374667.09646	0.41612	(1 component(s) constrained)
139	-2451.32	374654.49748	0.41612	(1 component(s) constrained)
140	-2451.83	374579.49901	0.41612	(1 component(s) constrained)
141	-2451.91	374673.39946	0.41612	(1 component(s) constrained)
142	-2451.28	374642.76558	0.41612	(1 component(s) constrained)
143	-2451.69	374563.30287	0.41612	(1 component(s) constrained)
144	-2451.67	374582.01384	0.41612	(1 component(s) constrained)
145	-2451.63	374619.48921	0.41612	(1 component(s) constrained)
146	-2451.31	374607.36659	0.41612	(1 component(s) constrained)
147	-2450.75	374703.00363	0.41612	(1 component(s) constrained)
148	-2451.30	374721.44966	0.41612	(1 component(s) constrained)
149	-2451.23	374572.67625	0.41612	(1 component(s) constrained)
150	-2451.51	374642.13595	0.41612	(1 component(s) constrained)
151	-2451.91	374607.25275	0.41612	(1 component(s) constrained)
152	-2451.70	374729.64472	0.41612	(1 component(s) constrained)
153	-2451.81	374579.25657	0.41612	(1 component(s) constrained)
154	-2451.47	374655.70646	0.41612	(1 component(s) constrained)
155	-2451.34	374659.29517	0.41612	(1 component(s) constrained)
156	-2451.62	374647.35643	0.41612	(1 component(s) constrained)
157	-2451.64	374633.84411	0.41612	(1 component(s) constrained)
158	-2451.45	374506.99889	0.41612	(1 component(s) constrained)
159	-2451.29	374660.53325	0.41612	(1 component(s) constrained)
160	-2451.32	374637.06415	0.41612	(1 component(s) constrained)
161	-2451.01	374555.15929	0.41612	(1 component(s) constrained)
162	-2452.48	374638.69552	0.41612	(1 component(s) constrained)
163	-2451.41	374607.03104	0.41612	(1 component(s) constrained)
164	-2450.97	374618.64655	0.41612	(1 component(s) constrained)
165	-2451.07	374604.22994	0.41612	(1 component(s) constrained)
166	-2451.29	374573.13915	0.41612	(1 component(s) constrained)
167	-2452.10	374632.23148	0.41612	(1 component(s) constrained)
168	-2451.43	374636.95626	0.41612	(1 component(s) constrained)
169	-2453.03	374612.91910	0.41612	(1 component(s) constrained)
170	-2451.50	374652.62583	0.41612	(1 component(s) constrained)
171	-2451.68	374649.44901	0.41612	(1 component(s) constrained)
172	-2451.25	374577.42537	0.41612	(1 component(s) constrained)
173	-2451.24	374622.06591	0.41612	(1 component(s) constrained)
174	-2451.70	374663.73523	0.41612	(1 component(s) constrained)
175	-2451.61	374577.57080	0.41612	(1 component(s) constrained)
176	-2452.21	374603.32463	0.41612	(1 component(s) constrained)
177	-2451.73	374651.34002	0.41612	(1 component(s) constrained)
178	-2452.05	374624.67133	0.41612	(1 component(s) constrained)
179	-2450.63	374651.31245	0.41612	(1 component(s) constrained)
180	-2451.03	374639.17612	0.41612	(1 component(s) constrained)
181	-2451.71	374652.71326	0.41612	(1 component(s) constrained)
182	-2451.28	374622.40032	0.41612	(1 component(s) constrained)
183	-2452.08	374698.62572	0.41612	(1 component(s) constrained)
184	-2452.05	374674.78366	0.41612	(1 component(s) constrained)
185	-2451.71	374642.03724	0.41612	(1 component(s) constrained)
186	-2450.87	374642.96465	0.41612	(1 component(s) constrained)
187	-2450.80	374653.44475	0.41612	(1 component(s) constrained)
188	-2452.29	374605.34291	0.41612	(1 component(s) constrained)
189	-2451.87	374614.33275	0.41612	(1 component(s) constrained)
190	-2451.71	374648.98566	0.41612	(1 component(s) constrained)
191	-2451.49	374626.71366	0.41612	(1 component(s) constrained)
192	-2450.79	374651.34449	0.41612	(1 component(s) constrained)
193	-2452.13	374604.66344	0.41612	(1 component(s) constrained)
194	-2451.49	374615.46222	0.41612	(1 component(s) constrained)
195	-2452.03	374596.08015	0.41612	(1 component(s) constrained)
196	-2452.13	374612.98505	0.41612	(1 component(s) constrained)
197	-2451.98	374606.27788	0.41612	(1 component(s) constrained)
198	-2451.27	374598.67389	0.41612	(1 component(s) constrained)
199	-2451.90	374644.73463	0.41612	(1 component(s) constrained)
200	-2451.76	374636.20436	0.41612	(1 component(s) constrained)
201	-2451.77	374572.84396	0.41612	(1 component(s) constrained)
202	-2451.94	374644.57027	0.41612	(1 component(s) constrained)
203	-2451.86	374650.54238	0.41612	(1 component(s) constrained)
204	-2452.03	374593.71134	0.41612	(1 component(s) constrained)
205	-2450.80	374580.57644	0.41612	(1 component(s) constrained)
206	-2450.40	374635.37173	0.41612	(1 component(s) constrained)
207	-2451.46	374648.27086	0.41612	(1 component(s) constrained)
208	-2451.18	374660.00733	0.41612	(1 component(s) constrained)
209	-2452.47	374617.70960	0.41612	(1 component(s) constrained)
210	-2452.25	374596.42733	0.41612	(1 component(s) constrained)
211	-2452.16	374655.42206	0.41612	(1 component(s) constrained)
212	-2451.45	374639.16002	0.41612	(1 component(s) constrained)
213	-2451.61	374680.96051	0.41612	(1 component(s) constrained)
214	-2451.25	374630.10522	0.41612	(1 component(s) constrained)
215	-2451.85	374618.90755	0.41612	(1 component(s) constrained)
216	-2451.40	374710.16172	0.41612	(1 component(s) constrained)
217	-2451.63	374697.02055	0.41612	(1 component(s) constrained)
218	-2451.56	374679.54838	0.41612	(1 component(s) constrained)
219	-2451.93	374554.33287	0.41612	(1 component(s) constrained)
220	-2451.88	374609.76668	0.41612	(1 component(s) constrained)
221	-2451.54	374718.90493	0.41612	(1 component(s) constrained)
222	-2450.85	374655.01888	0.41612	(1 component(s) constrained)
223	-2450.77	374597.65888	0.41612	(1 component(s) constrained)
224	-2452.31	374612.68348	0.41612	(1 component(s) constrained)
225	-2452.33	374616.87294	0.41612	(1 component(s) constrained)
226	-2451.42	374593.06394	0.41612	(1 component(s) constrained)
227	-2451.81	374679.36517	0.41612	(1 component(s) constrained)
228	-2452.61	374673.65649	0.41612	(1 component(s) constrained)
229	-2450.89	374688.56896	0.41612	(1 component(s) constrained)
230	-2451.56	374660.55714	0.41612	(1 component(s) constrained)
231	-2451.32	374612.07267	0.41612	(1 component(s) constrained)
232	-2451.05	374623.02701	0.41612	(1 component(s) constrained)
233	-2451.55	374661.31134	0.41612	(1 component(s) constrained)
234	-2452.23	374622.80861	0.41612	(1 component(s) constrained)
235	-2451.36	374694.38606	0.41612	(1 component(s) constrained)
236	-2452.08	374583.29786	0.41612	(1 component(s) constrained)
237	-2451.27	374612.75748	0.41612	(1 component(s) constrained)
238	-2451.47	374677.16734	0.41612	(1 component(s) constrained)
239	-2451.52	374674.53677	0.41612	(1 component(s) constrained)
240	-2451.92	374721.67230	0.41612	(1 component(s) constrained)
241	-2450.71	374578.32136	0.41612	(1 component(s) constrained)
242	-2451.31	374593.44970	0.41612	(1 component(s) constrained)
243	-2451.38	374703.57859	0.41612	(1 component(s) constrained)
244	-2451.52	374630.22244	0.41612	(1 component(s) constrained)
245	-2451.68	374627.85920	0.41612	(1 component(s) constrained)
246	-2452.01	374609.52921	0.41612	(1 component(s) constrained)
247	-2451.35	374641.51696	0.41612	(1 component(s) constrained)
248	-2451.27	374637.51448	0.41612	(1 component(s) constrained)
249	-2451.81	374664.87379	0.41612	(1 component(s) constrained)
250	-2451.66	374685.71837	0.41612	(1 component(s) constrained)
251	-2451.17	374567.54753	0.41612	(1 component(s) constrained)
252	-2451.50	374617.26044	0.41612	(1 component(s) constrained)
253	-2451.20	374593.76278	0.41612	(1 component(s) constrained)
254	-2451.73	374678.44019	0.41612	(1 component(s) constrained)
255	-2451.74	374675.10004	0.41612	(1 component(s) constrained)
Log-likelihood ratio converged.

Calculating the logLikelihood for the reduced model ...
(variance component 1 is dropped from the model)
Calculating prior values of variance components by EM-REML ...
Updated prior values: 412400.35732
logL: -2458.15796
Running AI-REML algorithm ...
Iter.	logL	V(e)	
1	-2458.15	412376.89777	
2	-2458.15	412326.12535	
3	-2458.15	412326.13160	
Log-likelihood ratio converged.

Summary result of REML analysis:
Source	Variance	SE
V(G)	374675.100042	275989.389977
V(e)	0.416122	280574.495868
Vp	374675.516164	28086.255415
V(G)/Vp	0.999999	0.748847

Sampling variance/covariance of the estimates of variance components:
7.617014e+10	-7.705168e+10	
-7.705168e+10	7.872205e+10	
Estimatesof fixed effects:

Source	Estimate	SE
mean	1923.898870	63.186092
X_2	-222.946320	125.056012
X_3	-113.448300	109.726988
X_4	-92.376951	129.102961
X_5	-73.641872	112.882600
X_6	-255.049513	96.833769
X_7	1.105102	131.475614

Summary result of REML analysis has been saved in the file [/raid/genevol/users/lucas/heritability/03.Heritability/Results/V2/HLA-DRA/NAfrHLA-DRA2.hsq].

Analysis finished at 23:25:05 -03 on Wed Jun 09 2021
Overall computational time: 4.26 sec.
