*******************************************************************
* Genome-wide Complex Trait Analysis (GCTA)
* version 1.93.2 beta Linux
* (C) 2010-present, Jian Yang, The University of Queensland
* Please report bugs to Jian Yang <jian.yang.qt@gmail.com>
*******************************************************************
Analysis started at 23:21:47 -03 on Wed Jun 09 2021.
Hostname: darwin

Accepted options:
--reml
--reml-alg 0
--reml-maxit 1000
--grm /scratch/genevol/users/lucas/V1/grmFull
--pheno /raid/genevol/users/lucas/heritability/02.GCTA/data/geneHLA-DRB1.txt
--covar /raid/genevol/users/lucas/heritability/02.GCTA/data/envir0.txt
--reml-est-fix
--out /raid/genevol/users/lucas/heritability/03.Heritability/Results/V1/HLA-DRB1/FullHLA-DRB10

Note: This is a multi-thread program. You could specify the number of threads by the --thread-num option to speed up the computation if there are multiple processors in your machine.

Reading IDs of the GRM from [/scratch/genevol/users/lucas/V1/grmFull.grm.id].
2504 IDs read from [/scratch/genevol/users/lucas/V1/grmFull.grm.id].
Reading the GRM from [/scratch/genevol/users/lucas/V1/grmFull.grm.bin].
GRM for 2504 individuals are included from [/scratch/genevol/users/lucas/V1/grmFull.grm.bin].
Reading phenotypes from [/raid/genevol/users/lucas/heritability/02.GCTA/data/geneHLA-DRB1.txt].
Non-missing phenotypes of 445 individuals are included from [/raid/genevol/users/lucas/heritability/02.GCTA/data/geneHLA-DRB1.txt].
Reading discrete covariate(s) from [/raid/genevol/users/lucas/heritability/02.GCTA/data/envir0.txt].
3 discrete covariate(s) of 445 individuals are included from [/raid/genevol/users/lucas/heritability/02.GCTA/data/envir0.txt].

3 discrete variable(s) included as covariate(s).
445 individuals are in common in these files.

Performing  REML analysis ... (Note: may take hours depending on sample size).
445 observations, 12 fixed effect(s), and 2 variance component(s)(including residual variance).
Calculating prior values of variance components by EM-REML ...
Updated prior values: 53940.1 61800.1
logL: -2781.03
Running AI-REML algorithm ...
Iter.	logL	V(G)	V(e)	
1	-2759.51	51474.18000	46744.04755	
2	-2752.54	49648.19676	40458.35870	
3	-2750.11	48474.62722	37095.76949	
4	-2749.14	47721.11366	35091.85159	
5	-2748.72	46177.40885	31083.65903	
6	-2748.39	46319.73316	31207.04651	
7	-2748.39	46318.98177	31209.46411	
8	-2748.39	46318.85582	31209.66956	
Log-likelihood ratio converged.

Calculating the logLikelihood for the reduced model ...
(variance component 1 is dropped from the model)
Calculating prior values of variance components by EM-REML ...
Updated prior values: 108239.01575
logL: -2759.10647
Running AI-REML algorithm ...
Iter.	logL	V(e)	
1	-2748.73	107882.69305	
2	-2748.72	107640.93981	
3	-2748.72	107120.53432	
4	-2748.72	107123.03813	
5	-2748.72	107123.03819	
Log-likelihood ratio converged.

Summary result of REML analysis:
Source	Variance	SE
V(G)	46318.855820	54524.063843
V(e)	31209.669564	88813.548121
Vp	77528.525385	34756.811512
V(G)/Vp	0.597443	0.966848

Sampling variance/covariance of the estimates of variance components:
2.972874e+09	-4.826342e+09	
-4.826342e+09	7.887846e+09	
Estimatesof fixed effects:

Source	Estimate	SE
mean	1130.344033	72.338875
X_2	-13.081852	31.615086
X_3	-130.506108	61.243779
X_4	-204.801390	53.708833
X_5	-196.684938	62.312566
X_6	-79.234584	54.169317
X_7	-257.077948	46.593262
X_8	10.556878	61.874238
X_9	-295.416076	68.639717
X_10	-348.509529	50.777780
X_11	-149.499646	55.537962
X_12	141.504573	133.762548

Summary result of REML analysis has been saved in the file [/raid/genevol/users/lucas/heritability/03.Heritability/Results/V1/HLA-DRB1/FullHLA-DRB10.hsq].

Analysis finished at 23:21:49 -03 on Wed Jun 09 2021
Overall computational time: 1.44 sec.
