*******************************************************************
* Genome-wide Complex Trait Analysis (GCTA)
* version 1.93.2 beta Linux
* (C) 2010-present, Jian Yang, The University of Queensland
* Please report bugs to Jian Yang <jian.yang.qt@gmail.com>
*******************************************************************
Analysis started at 23:22:02 -03 on Wed Jun 09 2021.
Hostname: darwin

Accepted options:
--reml
--reml-alg 0
--reml-maxit 1000
--grm /scratch/genevol/users/lucas/V1/grmFull
--pheno /raid/genevol/users/lucas/heritability/02.GCTA/data/geneHLA-DRB1.txt
--covar /raid/genevol/users/lucas/heritability/02.GCTA/data/envir2.txt
--reml-est-fix
--out /raid/genevol/users/lucas/heritability/03.Heritability/Results/V1/HLA-DRB1/FullHLA-DRB12

Note: This is a multi-thread program. You could specify the number of threads by the --thread-num option to speed up the computation if there are multiple processors in your machine.

Reading IDs of the GRM from [/scratch/genevol/users/lucas/V1/grmFull.grm.id].
2504 IDs read from [/scratch/genevol/users/lucas/V1/grmFull.grm.id].
Reading the GRM from [/scratch/genevol/users/lucas/V1/grmFull.grm.bin].
GRM for 2504 individuals are included from [/scratch/genevol/users/lucas/V1/grmFull.grm.bin].
Reading phenotypes from [/raid/genevol/users/lucas/heritability/02.GCTA/data/geneHLA-DRB1.txt].
Non-missing phenotypes of 445 individuals are included from [/raid/genevol/users/lucas/heritability/02.GCTA/data/geneHLA-DRB1.txt].
Reading discrete covariate(s) from [/raid/genevol/users/lucas/heritability/02.GCTA/data/envir2.txt].
1 discrete covariate(s) of 445 individuals are included from [/raid/genevol/users/lucas/heritability/02.GCTA/data/envir2.txt].

1 discrete variable(s) included as covariate(s).
445 individuals are in common in these files.

Performing  REML analysis ... (Note: may take hours depending on sample size).
445 observations, 7 fixed effect(s), and 2 variance component(s)(including residual variance).
Calculating prior values of variance components by EM-REML ...
Updated prior values: 57032.3 63294.2
logL: -2818.97
Running AI-REML algorithm ...
Iter.	logL	V(G)	V(e)	
1	-2803.86	74512.05823	18483.81592	
2	-2798.30	74769.14348	0.14851	(1 component(s) constrained)
3	-2795.32	64975.53943	0.14851	(1 component(s) constrained)
4	-2796.79	60268.93865	0.14851	(1 component(s) constrained)
5	-2799.53	51819.93586	0.14851	(1 component(s) constrained)
6	-2809.69	52838.34651	0.14851	(1 component(s) constrained)
7	-2808.01	52858.75344	0.14851	(1 component(s) constrained)
8	-2807.97	52858.75593	0.14851	(1 component(s) constrained)
9	-2807.97	52858.76131	0.14851	(1 component(s) constrained)
Log-likelihood ratio converged.

Calculating the logLikelihood for the reduced model ...
(variance component 1 is dropped from the model)
Calculating prior values of variance components by EM-REML ...
Updated prior values: 139278.22602
logL: -2827.39190
Running AI-REML algorithm ...
Iter.	logL	V(e)	
1	-2826.94	139231.56815	
2	-2826.94	139130.65782	
3	-2826.94	139130.73091	
Log-likelihood ratio converged.

Summary result of REML analysis:
Source	Variance	SE
V(G)	52858.761308	22416.152058
V(e)	0.148507	36706.118394
Vp	52858.909815	14812.379909
V(G)/Vp	0.999997	0.694416

Sampling variance/covariance of the estimates of variance components:
5.024839e+08	-8.152082e+08	
-8.152082e+08	1.347339e+09	
Estimatesof fixed effects:

Source	Estimate	SE
mean	1043.612394	42.581005
X_2	-158.555020	54.715799
X_3	-210.956744	48.019350
X_4	-186.843968	55.777467
X_5	-69.498360	48.436974
X_6	-245.392164	41.774623
X_7	13.107715	55.374572

Summary result of REML analysis has been saved in the file [/raid/genevol/users/lucas/heritability/03.Heritability/Results/V1/HLA-DRB1/FullHLA-DRB12.hsq].

Analysis finished at 23:22:03 -03 on Wed Jun 09 2021
Overall computational time: 1.57 sec.
