*******************************************************************
* Genome-wide Complex Trait Analysis (GCTA)
* version 1.93.2 beta Linux
* (C) 2010-present, Jian Yang, The University of Queensland
* Please report bugs to Jian Yang <jian.yang.qt@gmail.com>
*******************************************************************
Analysis started at 23:22:04 -03 on Wed Jun 09 2021.
Hostname: darwin

Accepted options:
--reml
--reml-alg 0
--reml-maxit 1000
--grm /scratch/genevol/users/lucas/V1/grmNAfr
--pheno /raid/genevol/users/lucas/heritability/02.GCTA/data/geneNAfrHLA-DRB1.txt
--covar /raid/genevol/users/lucas/heritability/02.GCTA/data/envir2.txt
--reml-est-fix
--out /raid/genevol/users/lucas/heritability/03.Heritability/Results/V1/HLA-DRB1/NAfrHLA-DRB12

Note: This is a multi-thread program. You could specify the number of threads by the --thread-num option to speed up the computation if there are multiple processors in your machine.

Reading IDs of the GRM from [/scratch/genevol/users/lucas/V1/grmNAfr.grm.id].
358 IDs read from [/scratch/genevol/users/lucas/V1/grmNAfr.grm.id].
Reading the GRM from [/scratch/genevol/users/lucas/V1/grmNAfr.grm.bin].
GRM for 358 individuals are included from [/scratch/genevol/users/lucas/V1/grmNAfr.grm.bin].
Reading phenotypes from [/raid/genevol/users/lucas/heritability/02.GCTA/data/geneNAfrHLA-DRB1.txt].
Non-missing phenotypes of 358 individuals are included from [/raid/genevol/users/lucas/heritability/02.GCTA/data/geneNAfrHLA-DRB1.txt].
Reading discrete covariate(s) from [/raid/genevol/users/lucas/heritability/02.GCTA/data/envir2.txt].
1 discrete covariate(s) of 445 individuals are included from [/raid/genevol/users/lucas/heritability/02.GCTA/data/envir2.txt].

1 discrete variable(s) included as covariate(s).
358 individuals are in common in these files.

Performing  REML analysis ... (Note: may take hours depending on sample size).
358 observations, 7 fixed effect(s), and 2 variance component(s)(including residual variance).
Calculating prior values of variance components by EM-REML ...
Updated prior values: 58485.7 57784.5
logL: -2229.36
Running AI-REML algorithm ...
Iter.	logL	V(G)	V(e)	
1	-2228.93	113067.63514	0.12097	(1 component(s) constrained)
2	-2227.42	105941.40015	0.12097	(1 component(s) constrained)
3	-2227.10	106077.64385	0.12097	(1 component(s) constrained)
4	-2226.46	106378.28568	0.12097	(1 component(s) constrained)
5	-2227.30	106369.22704	0.12097	(1 component(s) constrained)
6	-2226.80	106381.73953	0.12097	(1 component(s) constrained)
7	-2227.21	106370.10729	0.12097	(1 component(s) constrained)
8	-2227.25	106371.49172	0.12097	(1 component(s) constrained)
9	-2226.95	106365.05437	0.12097	(1 component(s) constrained)
10	-2226.73	106371.74344	0.12097	(1 component(s) constrained)
11	-2227.29	106368.88458	0.12097	(1 component(s) constrained)
12	-2227.51	106377.47328	0.12097	(1 component(s) constrained)
13	-2227.25	106380.21022	0.12097	(1 component(s) constrained)
14	-2226.46	106373.96090	0.12097	(1 component(s) constrained)
15	-2227.66	106386.43822	0.12097	(1 component(s) constrained)
16	-2227.32	106372.81741	0.12097	(1 component(s) constrained)
17	-2227.05	106374.23595	0.12097	(1 component(s) constrained)
18	-2227.10	106371.77172	0.12097	(1 component(s) constrained)
19	-2227.16	106371.95249	0.12097	(1 component(s) constrained)
20	-2226.69	106389.76079	0.12097	(1 component(s) constrained)
21	-2227.05	106377.25862	0.12097	(1 component(s) constrained)
22	-2226.86	106377.89419	0.12097	(1 component(s) constrained)
23	-2227.65	106366.80605	0.12097	(1 component(s) constrained)
24	-2226.75	106362.94307	0.12097	(1 component(s) constrained)
25	-2227.11	106363.25793	0.12097	(1 component(s) constrained)
26	-2226.87	106379.88866	0.12097	(1 component(s) constrained)
27	-2227.11	106376.33437	0.12097	(1 component(s) constrained)
28	-2227.34	106365.88767	0.12097	(1 component(s) constrained)
29	-2226.75	106373.15849	0.12097	(1 component(s) constrained)
30	-2226.39	106385.67777	0.12097	(1 component(s) constrained)
31	-2226.93	106365.91892	0.12097	(1 component(s) constrained)
32	-2227.31	106385.81402	0.12097	(1 component(s) constrained)
33	-2227.06	106367.07311	0.12097	(1 component(s) constrained)
34	-2227.14	106378.95349	0.12097	(1 component(s) constrained)
35	-2226.73	106384.48105	0.12097	(1 component(s) constrained)
36	-2227.30	106371.36230	0.12097	(1 component(s) constrained)
37	-2226.86	106382.87676	0.12097	(1 component(s) constrained)
38	-2226.84	106379.27528	0.12097	(1 component(s) constrained)
39	-2226.60	106377.11171	0.12097	(1 component(s) constrained)
40	-2227.22	106384.86072	0.12097	(1 component(s) constrained)
41	-2226.79	106375.40630	0.12097	(1 component(s) constrained)
42	-2226.88	106370.41780	0.12097	(1 component(s) constrained)
43	-2227.10	106371.27415	0.12097	(1 component(s) constrained)
44	-2227.82	106381.06080	0.12097	(1 component(s) constrained)
45	-2226.96	106368.87607	0.12097	(1 component(s) constrained)
46	-2227.57	106384.85223	0.12097	(1 component(s) constrained)
47	-2226.73	106366.80075	0.12097	(1 component(s) constrained)
48	-2227.26	106375.79800	0.12097	(1 component(s) constrained)
49	-2227.28	106380.70978	0.12097	(1 component(s) constrained)
50	-2226.97	106359.86854	0.12097	(1 component(s) constrained)
51	-2226.93	106373.44085	0.12097	(1 component(s) constrained)
52	-2227.29	106384.15910	0.12097	(1 component(s) constrained)
53	-2226.93	106386.29069	0.12097	(1 component(s) constrained)
54	-2227.17	106384.18406	0.12097	(1 component(s) constrained)
55	-2226.64	106381.07373	0.12097	(1 component(s) constrained)
56	-2227.13	106379.09071	0.12097	(1 component(s) constrained)
57	-2227.66	106366.29681	0.12097	(1 component(s) constrained)
58	-2226.47	106366.01729	0.12097	(1 component(s) constrained)
59	-2227.14	106370.81562	0.12097	(1 component(s) constrained)
60	-2226.83	106370.42149	0.12097	(1 component(s) constrained)
61	-2226.73	106368.22904	0.12097	(1 component(s) constrained)
62	-2226.61	106374.90461	0.12097	(1 component(s) constrained)
63	-2226.78	106375.78360	0.12097	(1 component(s) constrained)
64	-2226.82	106369.62113	0.12097	(1 component(s) constrained)
65	-2227.43	106375.57456	0.12097	(1 component(s) constrained)
66	-2226.98	106361.06419	0.12097	(1 component(s) constrained)
67	-2227.53	106382.16133	0.12097	(1 component(s) constrained)
68	-2226.68	106369.62679	0.12097	(1 component(s) constrained)
69	-2226.70	106375.51503	0.12097	(1 component(s) constrained)
70	-2226.90	106389.62406	0.12097	(1 component(s) constrained)
71	-2226.66	106376.31187	0.12097	(1 component(s) constrained)
72	-2227.29	106382.83253	0.12097	(1 component(s) constrained)
73	-2226.99	106359.97089	0.12097	(1 component(s) constrained)
74	-2226.81	106371.26344	0.12097	(1 component(s) constrained)
75	-2227.28	106383.94453	0.12097	(1 component(s) constrained)
76	-2227.29	106365.79237	0.12097	(1 component(s) constrained)
77	-2227.00	106377.71737	0.12097	(1 component(s) constrained)
78	-2226.75	106380.22072	0.12097	(1 component(s) constrained)
79	-2227.05	106378.14564	0.12097	(1 component(s) constrained)
80	-2227.09	106374.80364	0.12097	(1 component(s) constrained)
81	-2226.76	106372.31964	0.12097	(1 component(s) constrained)
82	-2226.96	106383.95973	0.12097	(1 component(s) constrained)
83	-2226.87	106377.88173	0.12097	(1 component(s) constrained)
84	-2227.18	106383.38030	0.12097	(1 component(s) constrained)
85	-2227.43	106385.51497	0.12097	(1 component(s) constrained)
86	-2227.46	106371.33059	0.12097	(1 component(s) constrained)
87	-2227.13	106374.43580	0.12097	(1 component(s) constrained)
88	-2226.96	106382.21067	0.12097	(1 component(s) constrained)
89	-2226.71	106375.07500	0.12097	(1 component(s) constrained)
90	-2227.45	106390.76988	0.12097	(1 component(s) constrained)
91	-2226.86	106377.35902	0.12097	(1 component(s) constrained)
92	-2227.20	106376.26226	0.12097	(1 component(s) constrained)
93	-2227.70	106369.33733	0.12097	(1 component(s) constrained)
94	-2227.06	106372.97829	0.12097	(1 component(s) constrained)
95	-2226.30	106375.48281	0.12097	(1 component(s) constrained)
96	-2227.02	106380.91888	0.12097	(1 component(s) constrained)
97	-2226.79	106379.20091	0.12097	(1 component(s) constrained)
98	-2227.19	106371.36680	0.12097	(1 component(s) constrained)
99	-2226.96	106377.37110	0.12097	(1 component(s) constrained)
100	-2226.95	106371.67175	0.12097	(1 component(s) constrained)
101	-2227.26	106382.20224	0.12097	(1 component(s) constrained)
102	-2227.16	106373.93295	0.12097	(1 component(s) constrained)
103	-2226.87	106375.14611	0.12097	(1 component(s) constrained)
104	-2227.36	106377.20648	0.12097	(1 component(s) constrained)
105	-2227.35	106373.62872	0.12097	(1 component(s) constrained)
106	-2226.97	106368.12739	0.12097	(1 component(s) constrained)
107	-2227.40	106378.15919	0.12097	(1 component(s) constrained)
108	-2227.13	106372.87161	0.12097	(1 component(s) constrained)
109	-2227.21	106375.49229	0.12097	(1 component(s) constrained)
110	-2227.57	106370.11856	0.12097	(1 component(s) constrained)
111	-2226.89	106366.99834	0.12097	(1 component(s) constrained)
112	-2226.79	106380.13200	0.12097	(1 component(s) constrained)
113	-2227.09	106382.68107	0.12097	(1 component(s) constrained)
114	-2226.57	106376.66074	0.12097	(1 component(s) constrained)
115	-2226.99	106364.19969	0.12097	(1 component(s) constrained)
116	-2227.03	106383.02004	0.12097	(1 component(s) constrained)
117	-2227.19	106373.27139	0.12097	(1 component(s) constrained)
118	-2226.98	106381.18492	0.12097	(1 component(s) constrained)
119	-2226.71	106390.80794	0.12097	(1 component(s) constrained)
120	-2226.58	106367.55022	0.12097	(1 component(s) constrained)
121	-2227.87	106359.58681	0.12097	(1 component(s) constrained)
122	-2227.19	106380.50962	0.12097	(1 component(s) constrained)
123	-2227.30	106368.47821	0.12097	(1 component(s) constrained)
124	-2226.82	106377.55426	0.12097	(1 component(s) constrained)
125	-2226.54	106376.40498	0.12097	(1 component(s) constrained)
126	-2227.13	106380.93401	0.12097	(1 component(s) constrained)
127	-2227.41	106368.45166	0.12097	(1 component(s) constrained)
128	-2226.79	106368.43641	0.12097	(1 component(s) constrained)
129	-2226.84	106381.06002	0.12097	(1 component(s) constrained)
130	-2226.62	106381.53547	0.12097	(1 component(s) constrained)
131	-2227.40	106372.39329	0.12097	(1 component(s) constrained)
132	-2227.26	106371.42266	0.12097	(1 component(s) constrained)
133	-2227.15	106375.26808	0.12097	(1 component(s) constrained)
134	-2227.31	106370.92547	0.12097	(1 component(s) constrained)
135	-2226.91	106380.72663	0.12097	(1 component(s) constrained)
136	-2227.14	106380.54538	0.12097	(1 component(s) constrained)
137	-2227.39	106371.24874	0.12097	(1 component(s) constrained)
138	-2226.78	106377.23245	0.12097	(1 component(s) constrained)
139	-2226.97	106369.01809	0.12097	(1 component(s) constrained)
140	-2227.17	106373.23279	0.12097	(1 component(s) constrained)
141	-2226.14	106374.31575	0.12097	(1 component(s) constrained)
142	-2227.20	106379.25042	0.12097	(1 component(s) constrained)
143	-2227.03	106381.51145	0.12097	(1 component(s) constrained)
144	-2227.33	106371.17680	0.12097	(1 component(s) constrained)
145	-2227.16	106374.58805	0.12097	(1 component(s) constrained)
146	-2226.62	106376.41576	0.12097	(1 component(s) constrained)
147	-2227.22	106375.45303	0.12097	(1 component(s) constrained)
148	-2227.47	106377.77371	0.12097	(1 component(s) constrained)
149	-2227.56	106371.39026	0.12097	(1 component(s) constrained)
150	-2227.13	106371.32867	0.12097	(1 component(s) constrained)
151	-2226.82	106390.24712	0.12097	(1 component(s) constrained)
152	-2227.51	106365.68332	0.12097	(1 component(s) constrained)
153	-2227.13	106387.59922	0.12097	(1 component(s) constrained)
154	-2226.68	106372.36449	0.12097	(1 component(s) constrained)
155	-2227.08	106375.96127	0.12097	(1 component(s) constrained)
156	-2227.18	106373.52028	0.12097	(1 component(s) constrained)
157	-2227.07	106372.37619	0.12097	(1 component(s) constrained)
158	-2227.30	106370.91263	0.12097	(1 component(s) constrained)
159	-2227.26	106370.87078	0.12097	(1 component(s) constrained)
160	-2227.28	106382.01409	0.12097	(1 component(s) constrained)
161	-2226.76	106374.67526	0.12097	(1 component(s) constrained)
162	-2227.13	106371.20554	0.12097	(1 component(s) constrained)
163	-2227.05	106369.97001	0.12097	(1 component(s) constrained)
164	-2227.23	106365.56061	0.12097	(1 component(s) constrained)
165	-2227.33	106381.57207	0.12097	(1 component(s) constrained)
166	-2227.24	106373.96359	0.12097	(1 component(s) constrained)
167	-2227.31	106381.36568	0.12097	(1 component(s) constrained)
168	-2226.88	106379.91709	0.12097	(1 component(s) constrained)
169	-2227.07	106377.21754	0.12097	(1 component(s) constrained)
170	-2227.43	106372.77285	0.12097	(1 component(s) constrained)
171	-2227.13	106367.06429	0.12097	(1 component(s) constrained)
172	-2226.78	106378.46244	0.12097	(1 component(s) constrained)
173	-2226.55	106378.20253	0.12097	(1 component(s) constrained)
174	-2227.00	106376.75656	0.12097	(1 component(s) constrained)
175	-2227.56	106374.80929	0.12097	(1 component(s) constrained)
176	-2227.16	106374.61864	0.12097	(1 component(s) constrained)
177	-2227.02	106365.80683	0.12097	(1 component(s) constrained)
178	-2226.84	106377.55665	0.12097	(1 component(s) constrained)
179	-2226.88	106371.25801	0.12097	(1 component(s) constrained)
180	-2227.40	106374.10034	0.12097	(1 component(s) constrained)
181	-2226.80	106369.37433	0.12097	(1 component(s) constrained)
182	-2226.95	106379.76184	0.12097	(1 component(s) constrained)
183	-2226.74	106366.30802	0.12097	(1 component(s) constrained)
184	-2227.60	106380.05315	0.12097	(1 component(s) constrained)
185	-2227.19	106363.47720	0.12097	(1 component(s) constrained)
186	-2226.97	106369.13855	0.12097	(1 component(s) constrained)
187	-2227.00	106362.31827	0.12097	(1 component(s) constrained)
188	-2227.18	106379.25133	0.12097	(1 component(s) constrained)
189	-2226.66	106376.75883	0.12097	(1 component(s) constrained)
190	-2227.54	106379.51424	0.12097	(1 component(s) constrained)
191	-2227.39	106372.31931	0.12097	(1 component(s) constrained)
192	-2227.43	106368.75152	0.12097	(1 component(s) constrained)
193	-2226.92	106371.86769	0.12097	(1 component(s) constrained)
194	-2226.68	106374.71873	0.12097	(1 component(s) constrained)
195	-2226.78	106375.84102	0.12097	(1 component(s) constrained)
196	-2227.18	106377.99136	0.12097	(1 component(s) constrained)
197	-2226.87	106373.09936	0.12097	(1 component(s) constrained)
198	-2226.82	106371.01040	0.12097	(1 component(s) constrained)
199	-2227.22	106364.26138	0.12097	(1 component(s) constrained)
200	-2227.75	106377.12455	0.12097	(1 component(s) constrained)
201	-2227.03	106378.75503	0.12097	(1 component(s) constrained)
202	-2227.09	106370.92955	0.12097	(1 component(s) constrained)
203	-2227.06	106374.70139	0.12097	(1 component(s) constrained)
204	-2226.31	106374.76877	0.12097	(1 component(s) constrained)
205	-2227.28	106367.72331	0.12097	(1 component(s) constrained)
206	-2226.67	106363.07739	0.12097	(1 component(s) constrained)
207	-2227.19	106369.60898	0.12097	(1 component(s) constrained)
208	-2226.62	106381.73299	0.12097	(1 component(s) constrained)
209	-2227.10	106366.11492	0.12097	(1 component(s) constrained)
210	-2227.20	106383.73958	0.12097	(1 component(s) constrained)
211	-2227.29	106383.02794	0.12097	(1 component(s) constrained)
212	-2226.69	106366.92858	0.12097	(1 component(s) constrained)
213	-2226.50	106366.59534	0.12097	(1 component(s) constrained)
214	-2226.77	106379.55106	0.12097	(1 component(s) constrained)
215	-2227.55	106373.46197	0.12097	(1 component(s) constrained)
216	-2226.69	106385.80536	0.12097	(1 component(s) constrained)
217	-2227.16	106377.69963	0.12097	(1 component(s) constrained)
218	-2226.81	106377.80914	0.12097	(1 component(s) constrained)
219	-2227.05	106363.75912	0.12097	(1 component(s) constrained)
220	-2226.82	106375.83917	0.12097	(1 component(s) constrained)
221	-2226.76	106370.24219	0.12097	(1 component(s) constrained)
222	-2226.91	106365.52117	0.12097	(1 component(s) constrained)
223	-2227.21	106380.19398	0.12097	(1 component(s) constrained)
224	-2226.75	106375.83385	0.12097	(1 component(s) constrained)
225	-2226.94	106376.46593	0.12097	(1 component(s) constrained)
226	-2226.93	106377.00836	0.12097	(1 component(s) constrained)
227	-2226.93	106378.54562	0.12097	(1 component(s) constrained)
228	-2227.00	106372.70323	0.12097	(1 component(s) constrained)
229	-2227.09	106383.33931	0.12097	(1 component(s) constrained)
230	-2226.99	106376.49969	0.12097	(1 component(s) constrained)
231	-2227.30	106362.00921	0.12097	(1 component(s) constrained)
232	-2227.16	106386.08817	0.12097	(1 component(s) constrained)
233	-2227.78	106385.63586	0.12097	(1 component(s) constrained)
234	-2227.53	106374.12261	0.12097	(1 component(s) constrained)
235	-2227.49	106375.42733	0.12097	(1 component(s) constrained)
236	-2226.80	106376.84595	0.12097	(1 component(s) constrained)
237	-2226.98	106381.21873	0.12097	(1 component(s) constrained)
238	-2227.07	106381.07221	0.12097	(1 component(s) constrained)
239	-2226.74	106370.06610	0.12097	(1 component(s) constrained)
240	-2227.39	106370.68557	0.12097	(1 component(s) constrained)
241	-2226.54	106387.35892	0.12097	(1 component(s) constrained)
242	-2227.69	106362.97238	0.12097	(1 component(s) constrained)
243	-2226.98	106370.40101	0.12097	(1 component(s) constrained)
244	-2226.88	106373.95054	0.12097	(1 component(s) constrained)
245	-2226.94	106370.68100	0.12097	(1 component(s) constrained)
246	-2226.98	106375.11338	0.12097	(1 component(s) constrained)
247	-2226.88	106367.35670	0.12097	(1 component(s) constrained)
248	-2227.60	106375.43728	0.12097	(1 component(s) constrained)
249	-2226.82	106364.73502	0.12097	(1 component(s) constrained)
250	-2226.60	106373.95051	0.12097	(1 component(s) constrained)
251	-2226.85	106360.23393	0.12097	(1 component(s) constrained)
252	-2227.21	106375.65361	0.12097	(1 component(s) constrained)
253	-2227.26	106383.72335	0.12097	(1 component(s) constrained)
254	-2227.06	106382.03364	0.12097	(1 component(s) constrained)
255	-2227.16	106368.45013	0.12097	(1 component(s) constrained)
256	-2227.25	106377.10480	0.12097	(1 component(s) constrained)
257	-2226.94	106387.51879	0.12097	(1 component(s) constrained)
258	-2226.76	106377.58561	0.12097	(1 component(s) constrained)
259	-2227.34	106394.04458	0.12097	(1 component(s) constrained)
260	-2227.33	106366.71440	0.12097	(1 component(s) constrained)
261	-2226.90	106386.49205	0.12097	(1 component(s) constrained)
262	-2226.76	106371.88355	0.12097	(1 component(s) constrained)
263	-2226.83	106385.28141	0.12097	(1 component(s) constrained)
264	-2226.64	106371.81663	0.12097	(1 component(s) constrained)
265	-2227.60	106383.12228	0.12097	(1 component(s) constrained)
266	-2226.74	106371.08385	0.12097	(1 component(s) constrained)
267	-2226.72	106376.00706	0.12097	(1 component(s) constrained)
268	-2226.92	106385.23073	0.12097	(1 component(s) constrained)
269	-2227.14	106370.76635	0.12097	(1 component(s) constrained)
270	-2226.87	106386.80881	0.12097	(1 component(s) constrained)
271	-2227.72	106376.60343	0.12097	(1 component(s) constrained)
272	-2226.72	106370.64086	0.12097	(1 component(s) constrained)
273	-2227.11	106372.71935	0.12097	(1 component(s) constrained)
274	-2227.06	106367.74568	0.12097	(1 component(s) constrained)
275	-2227.39	106382.77775	0.12097	(1 component(s) constrained)
276	-2227.49	106362.87918	0.12097	(1 component(s) constrained)
277	-2227.01	106363.73206	0.12097	(1 component(s) constrained)
278	-2226.67	106369.52096	0.12097	(1 component(s) constrained)
279	-2226.56	106381.77136	0.12097	(1 component(s) constrained)
280	-2227.08	106373.11605	0.12097	(1 component(s) constrained)
281	-2226.78	106375.53801	0.12097	(1 component(s) constrained)
282	-2227.10	106376.82218	0.12097	(1 component(s) constrained)
283	-2227.48	106363.75712	0.12097	(1 component(s) constrained)
284	-2226.81	106362.92414	0.12097	(1 component(s) constrained)
285	-2227.32	106397.52727	0.12097	(1 component(s) constrained)
286	-2227.20	106372.44810	0.12097	(1 component(s) constrained)
287	-2226.63	106361.19815	0.12097	(1 component(s) constrained)
288	-2227.63	106369.40792	0.12097	(1 component(s) constrained)
289	-2226.67	106372.67071	0.12097	(1 component(s) constrained)
290	-2226.88	106365.45305	0.12097	(1 component(s) constrained)
291	-2226.68	106380.73810	0.12097	(1 component(s) constrained)
292	-2227.09	106375.57411	0.12097	(1 component(s) constrained)
293	-2227.09	106384.70560	0.12097	(1 component(s) constrained)
294	-2226.93	106378.54231	0.12097	(1 component(s) constrained)
295	-2226.68	106382.19636	0.12097	(1 component(s) constrained)
296	-2226.67	106374.87193	0.12097	(1 component(s) constrained)
297	-2226.60	106378.41725	0.12097	(1 component(s) constrained)
298	-2226.86	106384.04883	0.12097	(1 component(s) constrained)
299	-2226.44	106369.86566	0.12097	(1 component(s) constrained)
300	-2227.34	106366.93346	0.12097	(1 component(s) constrained)
301	-2226.70	106373.68314	0.12097	(1 component(s) constrained)
302	-2227.37	106382.16247	0.12097	(1 component(s) constrained)
303	-2227.17	106367.63538	0.12097	(1 component(s) constrained)
304	-2227.39	106375.28471	0.12097	(1 component(s) constrained)
305	-2226.95	106370.02830	0.12097	(1 component(s) constrained)
306	-2227.11	106370.04677	0.12097	(1 component(s) constrained)
307	-2226.89	106374.43930	0.12097	(1 component(s) constrained)
308	-2227.17	106371.55268	0.12097	(1 component(s) constrained)
309	-2226.73	106379.44419	0.12097	(1 component(s) constrained)
310	-2227.25	106370.53468	0.12097	(1 component(s) constrained)
311	-2226.98	106380.75145	0.12097	(1 component(s) constrained)
312	-2227.20	106380.56913	0.12097	(1 component(s) constrained)
313	-2227.59	106384.92282	0.12097	(1 component(s) constrained)
314	-2227.34	106373.06114	0.12097	(1 component(s) constrained)
315	-2226.84	106385.16271	0.12097	(1 component(s) constrained)
316	-2226.65	106369.33654	0.12097	(1 component(s) constrained)
317	-2227.10	106378.53322	0.12097	(1 component(s) constrained)
318	-2227.61	106365.75159	0.12097	(1 component(s) constrained)
319	-2226.98	106363.63401	0.12097	(1 component(s) constrained)
320	-2227.25	106386.58791	0.12097	(1 component(s) constrained)
321	-2227.29	106372.03351	0.12097	(1 component(s) constrained)
322	-2226.77	106373.32487	0.12097	(1 component(s) constrained)
323	-2227.17	106374.87537	0.12097	(1 component(s) constrained)
324	-2226.68	106382.08650	0.12097	(1 component(s) constrained)
325	-2226.97	106383.57525	0.12097	(1 component(s) constrained)
326	-2226.79	106384.93541	0.12097	(1 component(s) constrained)
327	-2226.79	106379.02329	0.12097	(1 component(s) constrained)
328	-2227.07	106369.57651	0.12097	(1 component(s) constrained)
329	-2227.18	106376.51816	0.12097	(1 component(s) constrained)
330	-2226.90	106368.41222	0.12097	(1 component(s) constrained)
331	-2227.04	106369.37375	0.12097	(1 component(s) constrained)
332	-2227.39	106381.41628	0.12097	(1 component(s) constrained)
333	-2226.69	106380.97141	0.12097	(1 component(s) constrained)
334	-2226.60	106384.18945	0.12097	(1 component(s) constrained)
335	-2227.10	106366.06626	0.12097	(1 component(s) constrained)
336	-2227.38	106389.33333	0.12097	(1 component(s) constrained)
337	-2226.95	106379.49486	0.12097	(1 component(s) constrained)
338	-2227.28	106371.74735	0.12097	(1 component(s) constrained)
339	-2227.12	106377.79235	0.12097	(1 component(s) constrained)
340	-2227.18	106377.58695	0.12097	(1 component(s) constrained)
341	-2227.11	106359.95373	0.12097	(1 component(s) constrained)
342	-2226.89	106388.53644	0.12097	(1 component(s) constrained)
343	-2227.54	106374.81125	0.12097	(1 component(s) constrained)
344	-2227.11	106375.59752	0.12097	(1 component(s) constrained)
345	-2227.24	106386.10479	0.12097	(1 component(s) constrained)
346	-2227.06	106366.63445	0.12097	(1 component(s) constrained)
347	-2226.74	106371.36742	0.12097	(1 component(s) constrained)
348	-2226.87	106379.17954	0.12097	(1 component(s) constrained)
349	-2227.22	106375.14714	0.12097	(1 component(s) constrained)
350	-2227.93	106373.69115	0.12097	(1 component(s) constrained)
351	-2227.32	106378.77276	0.12097	(1 component(s) constrained)
352	-2227.42	106379.71085	0.12097	(1 component(s) constrained)
353	-2227.26	106384.60780	0.12097	(1 component(s) constrained)
354	-2227.48	106371.53890	0.12097	(1 component(s) constrained)
355	-2227.23	106374.49504	0.12097	(1 component(s) constrained)
356	-2227.31	106384.93972	0.12097	(1 component(s) constrained)
357	-2226.82	106371.82549	0.12097	(1 component(s) constrained)
358	-2227.42	106364.61740	0.12097	(1 component(s) constrained)
359	-2227.09	106385.68610	0.12097	(1 component(s) constrained)
360	-2227.22	106375.25400	0.12097	(1 component(s) constrained)
361	-2226.93	106372.52765	0.12097	(1 component(s) constrained)
362	-2227.09	106373.13793	0.12097	(1 component(s) constrained)
363	-2227.34	106382.25061	0.12097	(1 component(s) constrained)
364	-2226.69	106365.86758	0.12097	(1 component(s) constrained)
365	-2227.01	106372.67057	0.12097	(1 component(s) constrained)
366	-2226.78	106383.85524	0.12097	(1 component(s) constrained)
367	-2226.50	106381.46297	0.12097	(1 component(s) constrained)
368	-2227.14	106378.35500	0.12097	(1 component(s) constrained)
369	-2226.84	106376.18210	0.12097	(1 component(s) constrained)
370	-2226.41	106382.98494	0.12097	(1 component(s) constrained)
371	-2226.79	106379.85368	0.12097	(1 component(s) constrained)
372	-2227.31	106383.44300	0.12097	(1 component(s) constrained)
373	-2227.24	106364.21217	0.12097	(1 component(s) constrained)
374	-2227.01	106370.31669	0.12097	(1 component(s) constrained)
375	-2227.25	106367.90441	0.12097	(1 component(s) constrained)
376	-2227.39	106367.29467	0.12097	(1 component(s) constrained)
377	-2226.68	106369.18446	0.12097	(1 component(s) constrained)
378	-2226.72	106375.03646	0.12097	(1 component(s) constrained)
379	-2227.14	106371.86426	0.12097	(1 component(s) constrained)
380	-2226.88	106378.83909	0.12097	(1 component(s) constrained)
381	-2226.38	106365.84643	0.12097	(1 component(s) constrained)
382	-2226.76	106371.55546	0.12097	(1 component(s) constrained)
383	-2227.27	106377.49243	0.12097	(1 component(s) constrained)
384	-2227.53	106367.22637	0.12097	(1 component(s) constrained)
385	-2227.18	106376.29034	0.12097	(1 component(s) constrained)
386	-2226.75	106370.61427	0.12097	(1 component(s) constrained)
387	-2227.29	106367.13202	0.12097	(1 component(s) constrained)
388	-2227.10	106381.31132	0.12097	(1 component(s) constrained)
389	-2227.25	106377.78481	0.12097	(1 component(s) constrained)
390	-2226.99	106371.82484	0.12097	(1 component(s) constrained)
391	-2227.24	106373.09336	0.12097	(1 component(s) constrained)
392	-2227.11	106371.27979	0.12097	(1 component(s) constrained)
393	-2227.51	106369.98360	0.12097	(1 component(s) constrained)
394	-2227.15	106389.55768	0.12097	(1 component(s) constrained)
395	-2227.38	106373.68501	0.12097	(1 component(s) constrained)
396	-2226.86	106369.03981	0.12097	(1 component(s) constrained)
397	-2227.07	106376.23622	0.12097	(1 component(s) constrained)
398	-2226.93	106382.79733	0.12097	(1 component(s) constrained)
399	-2227.18	106379.15901	0.12097	(1 component(s) constrained)
400	-2226.91	106385.25612	0.12097	(1 component(s) constrained)
401	-2226.66	106379.38183	0.12097	(1 component(s) constrained)
402	-2227.38	106376.23240	0.12097	(1 component(s) constrained)
403	-2227.31	106374.04297	0.12097	(1 component(s) constrained)
404	-2227.57	106371.63588	0.12097	(1 component(s) constrained)
405	-2226.84	106385.55550	0.12097	(1 component(s) constrained)
406	-2226.80	106369.18908	0.12097	(1 component(s) constrained)
407	-2226.65	106380.63936	0.12097	(1 component(s) constrained)
408	-2226.63	106378.16983	0.12097	(1 component(s) constrained)
409	-2227.01	106383.13867	0.12097	(1 component(s) constrained)
410	-2226.66	106379.69320	0.12097	(1 component(s) constrained)
411	-2226.89	106376.03717	0.12097	(1 component(s) constrained)
412	-2227.07	106370.77093	0.12097	(1 component(s) constrained)
413	-2226.89	106372.39446	0.12097	(1 component(s) constrained)
414	-2226.71	106378.09732	0.12097	(1 component(s) constrained)
415	-2227.11	106373.49678	0.12097	(1 component(s) constrained)
416	-2227.15	106384.93936	0.12097	(1 component(s) constrained)
417	-2226.76	106376.81587	0.12097	(1 component(s) constrained)
418	-2226.74	106367.26494	0.12097	(1 component(s) constrained)
419	-2226.56	106366.55763	0.12097	(1 component(s) constrained)
420	-2227.44	106377.34860	0.12097	(1 component(s) constrained)
421	-2227.23	106373.94076	0.12097	(1 component(s) constrained)
422	-2226.57	106372.89106	0.12097	(1 component(s) constrained)
423	-2226.91	106377.86605	0.12097	(1 component(s) constrained)
424	-2227.27	106370.52953	0.12097	(1 component(s) constrained)
425	-2227.08	106378.50218	0.12097	(1 component(s) constrained)
426	-2227.21	106394.51442	0.12097	(1 component(s) constrained)
427	-2227.40	106376.67991	0.12097	(1 component(s) constrained)
428	-2227.74	106369.54147	0.12097	(1 component(s) constrained)
429	-2226.75	106370.65711	0.12097	(1 component(s) constrained)
430	-2226.60	106371.59922	0.12097	(1 component(s) constrained)
431	-2226.59	106370.37067	0.12097	(1 component(s) constrained)
432	-2227.17	106375.63177	0.12097	(1 component(s) constrained)
433	-2227.29	106384.56787	0.12097	(1 component(s) constrained)
434	-2226.91	106372.85911	0.12097	(1 component(s) constrained)
435	-2226.95	106375.45515	0.12097	(1 component(s) constrained)
436	-2226.98	106368.46744	0.12097	(1 component(s) constrained)
437	-2227.48	106393.86483	0.12097	(1 component(s) constrained)
438	-2226.88	106386.00490	0.12097	(1 component(s) constrained)
439	-2226.75	106373.17142	0.12097	(1 component(s) constrained)
440	-2226.98	106372.45669	0.12097	(1 component(s) constrained)
441	-2226.97	106381.64947	0.12097	(1 component(s) constrained)
442	-2227.09	106384.58335	0.12097	(1 component(s) constrained)
443	-2227.02	106385.06324	0.12097	(1 component(s) constrained)
444	-2226.79	106380.87820	0.12097	(1 component(s) constrained)
445	-2226.59	106373.92661	0.12097	(1 component(s) constrained)
446	-2227.21	106371.46553	0.12097	(1 component(s) constrained)
447	-2227.27	106387.01879	0.12097	(1 component(s) constrained)
448	-2227.17	106372.17451	0.12097	(1 component(s) constrained)
449	-2227.05	106380.14219	0.12097	(1 component(s) constrained)
450	-2227.23	106371.33562	0.12097	(1 component(s) constrained)
451	-2227.21	106366.85984	0.12097	(1 component(s) constrained)
452	-2227.08	106378.88536	0.12097	(1 component(s) constrained)
453	-2227.05	106375.35934	0.12097	(1 component(s) constrained)
454	-2227.07	106375.71164	0.12097	(1 component(s) constrained)
455	-2226.79	106376.96392	0.12097	(1 component(s) constrained)
456	-2227.35	106362.77806	0.12097	(1 component(s) constrained)
457	-2226.37	106383.58691	0.12097	(1 component(s) constrained)
458	-2227.49	106373.21334	0.12097	(1 component(s) constrained)
459	-2227.10	106378.24097	0.12097	(1 component(s) constrained)
460	-2226.88	106386.65829	0.12097	(1 component(s) constrained)
461	-2226.35	106387.42312	0.12097	(1 component(s) constrained)
462	-2227.31	106379.61811	0.12097	(1 component(s) constrained)
463	-2227.12	106389.16644	0.12097	(1 component(s) constrained)
464	-2227.21	106372.31911	0.12097	(1 component(s) constrained)
465	-2227.28	106383.27157	0.12097	(1 component(s) constrained)
466	-2226.95	106373.41970	0.12097	(1 component(s) constrained)
467	-2226.56	106374.25445	0.12097	(1 component(s) constrained)
468	-2226.85	106383.23102	0.12097	(1 component(s) constrained)
469	-2227.24	106363.80802	0.12097	(1 component(s) constrained)
470	-2227.31	106360.14020	0.12097	(1 component(s) constrained)
471	-2226.71	106371.08923	0.12097	(1 component(s) constrained)
472	-2226.96	106375.54791	0.12097	(1 component(s) constrained)
473	-2226.90	106385.05862	0.12097	(1 component(s) constrained)
474	-2227.43	106372.18848	0.12097	(1 component(s) constrained)
475	-2227.24	106380.44782	0.12097	(1 component(s) constrained)
476	-2226.81	106379.74990	0.12097	(1 component(s) constrained)
477	-2226.64	106387.96943	0.12097	(1 component(s) constrained)
478	-2227.74	106370.09852	0.12097	(1 component(s) constrained)
479	-2227.52	106372.33224	0.12097	(1 component(s) constrained)
480	-2226.96	106365.43618	0.12097	(1 component(s) constrained)
481	-2227.10	106376.00270	0.12097	(1 component(s) constrained)
482	-2227.07	106380.95486	0.12097	(1 component(s) constrained)
483	-2226.92	106382.91349	0.12097	(1 component(s) constrained)
484	-2226.43	106377.77161	0.12097	(1 component(s) constrained)
485	-2226.99	106375.40906	0.12097	(1 component(s) constrained)
486	-2227.09	106376.43738	0.12097	(1 component(s) constrained)
487	-2227.26	106377.18231	0.12097	(1 component(s) constrained)
488	-2226.65	106382.57665	0.12097	(1 component(s) constrained)
489	-2227.06	106388.54794	0.12097	(1 component(s) constrained)
490	-2227.18	106369.17450	0.12097	(1 component(s) constrained)
491	-2227.05	106383.85041	0.12097	(1 component(s) constrained)
492	-2226.91	106369.64110	0.12097	(1 component(s) constrained)
493	-2227.13	106376.34148	0.12097	(1 component(s) constrained)
494	-2227.01	106379.28741	0.12097	(1 component(s) constrained)
495	-2226.94	106372.45469	0.12097	(1 component(s) constrained)
496	-2227.33	106373.60366	0.12097	(1 component(s) constrained)
497	-2227.21	106378.07404	0.12097	(1 component(s) constrained)
498	-2227.12	106373.23074	0.12097	(1 component(s) constrained)
499	-2227.23	106374.48949	0.12097	(1 component(s) constrained)
500	-2226.94	106377.40929	0.12097	(1 component(s) constrained)
501	-2226.85	106378.24214	0.12097	(1 component(s) constrained)
502	-2227.06	106377.19428	0.12097	(1 component(s) constrained)
503	-2227.07	106386.31856	0.12097	(1 component(s) constrained)
504	-2227.03	106376.47659	0.12097	(1 component(s) constrained)
505	-2227.46	106366.45796	0.12097	(1 component(s) constrained)
506	-2227.13	106359.78046	0.12097	(1 component(s) constrained)
507	-2227.64	106384.25537	0.12097	(1 component(s) constrained)
508	-2226.98	106374.38621	0.12097	(1 component(s) constrained)
509	-2227.02	106374.21540	0.12097	(1 component(s) constrained)
510	-2227.37	106371.05939	0.12097	(1 component(s) constrained)
511	-2226.65	106388.07319	0.12097	(1 component(s) constrained)
512	-2227.36	106374.28255	0.12097	(1 component(s) constrained)
513	-2227.42	106375.98716	0.12097	(1 component(s) constrained)
514	-2227.19	106372.65010	0.12097	(1 component(s) constrained)
515	-2227.39	106368.00970	0.12097	(1 component(s) constrained)
516	-2227.26	106380.97959	0.12097	(1 component(s) constrained)
517	-2226.89	106375.65262	0.12097	(1 component(s) constrained)
518	-2227.01	106370.57529	0.12097	(1 component(s) constrained)
519	-2226.83	106379.10845	0.12097	(1 component(s) constrained)
520	-2226.78	106360.64593	0.12097	(1 component(s) constrained)
521	-2227.66	106382.51636	0.12097	(1 component(s) constrained)
522	-2226.77	106370.25633	0.12097	(1 component(s) constrained)
523	-2226.67	106371.84899	0.12097	(1 component(s) constrained)
524	-2227.10	106376.25119	0.12097	(1 component(s) constrained)
525	-2226.72	106371.16316	0.12097	(1 component(s) constrained)
526	-2227.33	106388.10949	0.12097	(1 component(s) constrained)
527	-2227.30	106381.01665	0.12097	(1 component(s) constrained)
528	-2226.69	106376.17977	0.12097	(1 component(s) constrained)
529	-2226.60	106376.81842	0.12097	(1 component(s) constrained)
530	-2227.20	106366.15102	0.12097	(1 component(s) constrained)
531	-2227.11	106366.79563	0.12097	(1 component(s) constrained)
532	-2226.73	106386.68451	0.12097	(1 component(s) constrained)
533	-2226.92	106371.42900	0.12097	(1 component(s) constrained)
534	-2227.28	106374.13185	0.12097	(1 component(s) constrained)
535	-2226.96	106384.42492	0.12097	(1 component(s) constrained)
536	-2226.76	106377.51161	0.12097	(1 component(s) constrained)
537	-2226.76	106383.46066	0.12097	(1 component(s) constrained)
538	-2227.29	106369.34389	0.12097	(1 component(s) constrained)
539	-2226.87	106383.40223	0.12097	(1 component(s) constrained)
540	-2227.09	106380.80668	0.12097	(1 component(s) constrained)
541	-2227.48	106378.95605	0.12097	(1 component(s) constrained)
542	-2227.08	106369.79261	0.12097	(1 component(s) constrained)
543	-2226.92	106373.27110	0.12097	(1 component(s) constrained)
544	-2227.51	106371.72123	0.12097	(1 component(s) constrained)
545	-2226.77	106371.07691	0.12097	(1 component(s) constrained)
546	-2227.27	106362.54851	0.12097	(1 component(s) constrained)
547	-2227.85	106369.12288	0.12097	(1 component(s) constrained)
548	-2227.32	106382.54043	0.12097	(1 component(s) constrained)
549	-2227.43	106374.61576	0.12097	(1 component(s) constrained)
550	-2227.40	106372.16501	0.12097	(1 component(s) constrained)
551	-2227.08	106379.22789	0.12097	(1 component(s) constrained)
552	-2226.32	106378.64531	0.12097	(1 component(s) constrained)
553	-2227.22	106363.53897	0.12097	(1 component(s) constrained)
554	-2226.59	106366.34141	0.12097	(1 component(s) constrained)
555	-2226.49	106386.77340	0.12097	(1 component(s) constrained)
556	-2227.38	106373.66724	0.12097	(1 component(s) constrained)
557	-2227.62	106386.46742	0.12097	(1 component(s) constrained)
558	-2227.02	106377.10631	0.12097	(1 component(s) constrained)
559	-2227.45	106380.50920	0.12097	(1 component(s) constrained)
560	-2227.16	106369.74876	0.12097	(1 component(s) constrained)
561	-2227.21	106389.91198	0.12097	(1 component(s) constrained)
562	-2227.15	106373.38243	0.12097	(1 component(s) constrained)
563	-2226.82	106377.89928	0.12097	(1 component(s) constrained)
564	-2227.25	106380.49729	0.12097	(1 component(s) constrained)
565	-2227.07	106367.04167	0.12097	(1 component(s) constrained)
566	-2227.23	106375.57356	0.12097	(1 component(s) constrained)
567	-2227.11	106379.24096	0.12097	(1 component(s) constrained)
568	-2227.16	106375.14329	0.12097	(1 component(s) constrained)
569	-2227.13	106369.85417	0.12097	(1 component(s) constrained)
570	-2227.22	106381.00107	0.12097	(1 component(s) constrained)
571	-2227.50	106374.35211	0.12097	(1 component(s) constrained)
572	-2226.66	106377.12406	0.12097	(1 component(s) constrained)
573	-2226.90	106378.71625	0.12097	(1 component(s) constrained)
574	-2227.12	106372.04257	0.12097	(1 component(s) constrained)
575	-2227.09	106371.80376	0.12097	(1 component(s) constrained)
576	-2226.48	106377.65428	0.12097	(1 component(s) constrained)
577	-2227.22	106367.79891	0.12097	(1 component(s) constrained)
578	-2227.04	106381.78943	0.12097	(1 component(s) constrained)
579	-2226.56	106389.01210	0.12097	(1 component(s) constrained)
580	-2227.14	106386.01733	0.12097	(1 component(s) constrained)
581	-2227.02	106372.15271	0.12097	(1 component(s) constrained)
582	-2226.81	106376.89013	0.12097	(1 component(s) constrained)
583	-2226.77	106388.01379	0.12097	(1 component(s) constrained)
584	-2227.25	106379.25827	0.12097	(1 component(s) constrained)
585	-2226.49	106369.55073	0.12097	(1 component(s) constrained)
586	-2227.54	106379.34228	0.12097	(1 component(s) constrained)
587	-2226.56	106371.96323	0.12097	(1 component(s) constrained)
588	-2227.03	106371.33754	0.12097	(1 component(s) constrained)
589	-2226.91	106383.75458	0.12097	(1 component(s) constrained)
590	-2227.24	106374.31239	0.12097	(1 component(s) constrained)
591	-2226.85	106371.40359	0.12097	(1 component(s) constrained)
592	-2227.13	106368.58809	0.12097	(1 component(s) constrained)
593	-2226.88	106376.62721	0.12097	(1 component(s) constrained)
594	-2227.61	106365.79796	0.12097	(1 component(s) constrained)
595	-2226.76	106373.13800	0.12097	(1 component(s) constrained)
596	-2226.78	106377.34866	0.12097	(1 component(s) constrained)
597	-2227.42	106375.17836	0.12097	(1 component(s) constrained)
598	-2227.31	106367.42168	0.12097	(1 component(s) constrained)
599	-2226.89	106384.94726	0.12097	(1 component(s) constrained)
600	-2227.02	106374.90469	0.12097	(1 component(s) constrained)
601	-2227.35	106378.15214	0.12097	(1 component(s) constrained)
602	-2227.58	106361.74017	0.12097	(1 component(s) constrained)
603	-2226.93	106390.74180	0.12097	(1 component(s) constrained)
604	-2227.14	106368.55985	0.12097	(1 component(s) constrained)
605	-2227.25	106383.52276	0.12097	(1 component(s) constrained)
606	-2227.40	106372.08908	0.12097	(1 component(s) constrained)
607	-2227.15	106373.52453	0.12097	(1 component(s) constrained)
608	-2227.10	106372.43221	0.12097	(1 component(s) constrained)
609	-2227.30	106388.09675	0.12097	(1 component(s) constrained)
610	-2227.08	106369.80227	0.12097	(1 component(s) constrained)
611	-2227.38	106368.05482	0.12097	(1 component(s) constrained)
612	-2226.79	106379.86038	0.12097	(1 component(s) constrained)
613	-2227.24	106366.78437	0.12097	(1 component(s) constrained)
614	-2226.83	106369.56012	0.12097	(1 component(s) constrained)
615	-2227.02	106362.53421	0.12097	(1 component(s) constrained)
616	-2226.56	106369.65333	0.12097	(1 component(s) constrained)
617	-2226.68	106366.88352	0.12097	(1 component(s) constrained)
618	-2227.10	106370.66096	0.12097	(1 component(s) constrained)
619	-2227.11	106369.71385	0.12097	(1 component(s) constrained)
Log-likelihood ratio converged.

Calculating the logLikelihood for the reduced model ...
(variance component 1 is dropped from the model)
Calculating prior values of variance components by EM-REML ...
Updated prior values: 113933.77675
logL: -2232.52809
Running AI-REML algorithm ...
Iter.	logL	V(e)	
1	-2232.21	113889.40653	
2	-2232.21	113793.45671	
3	-2232.21	113793.53748	
Log-likelihood ratio converged.

Summary result of REML analysis:
Source	Variance	SE
V(G)	106369.713854	88903.982401
V(e)	0.120966	89996.424784
Vp	106369.834820	8018.757023
V(G)/Vp	0.999999	0.846071

Sampling variance/covariance of the estimates of variance components:
7.903918e+09	-7.969487e+09	
-7.969487e+09	8.099356e+09	
Estimatesof fixed effects:

Source	Estimate	SE
mean	901.975804	33.747659
X_2	-154.809768	66.814923
X_3	-195.177676	58.570965
X_4	-133.113613	69.010609
X_5	-75.893736	60.296892
X_6	-201.540219	51.757249
X_7	70.709870	70.196810

Summary result of REML analysis has been saved in the file [/raid/genevol/users/lucas/heritability/03.Heritability/Results/V1/HLA-DRB1/NAfrHLA-DRB12.hsq].

Analysis finished at 23:22:13 -03 on Wed Jun 09 2021
Overall computational time: 8.18 sec.
