*******************************************************************
* Genome-wide Complex Trait Analysis (GCTA)
* version 1.93.2 beta Linux
* (C) 2010-present, Jian Yang, The University of Queensland
* Please report bugs to Jian Yang <jian.yang.qt@gmail.com>
*******************************************************************
Analysis started at 23:28:24 -03 on Wed Jun 09 2021.
Hostname: darwin

Accepted options:
--reml
--reml-alg 0
--reml-maxit 1000
--grm /scratch/genevol/users/lucas/V3/grmFull
--pheno /raid/genevol/users/lucas/heritability/02.GCTA/data/geneHLA-DRA.txt
--covar /raid/genevol/users/lucas/heritability/02.GCTA/data/envir2.txt
--reml-est-fix
--out /raid/genevol/users/lucas/heritability/03.Heritability/Results/V3/HLA-DRA/FullHLA-DRA2

Note: This is a multi-thread program. You could specify the number of threads by the --thread-num option to speed up the computation if there are multiple processors in your machine.

Reading IDs of the GRM from [/scratch/genevol/users/lucas/V3/grmFull.grm.id].
2504 IDs read from [/scratch/genevol/users/lucas/V3/grmFull.grm.id].
Reading the GRM from [/scratch/genevol/users/lucas/V3/grmFull.grm.bin].
GRM for 2504 individuals are included from [/scratch/genevol/users/lucas/V3/grmFull.grm.bin].
Reading phenotypes from [/raid/genevol/users/lucas/heritability/02.GCTA/data/geneHLA-DRA.txt].
Non-missing phenotypes of 445 individuals are included from [/raid/genevol/users/lucas/heritability/02.GCTA/data/geneHLA-DRA.txt].
Reading discrete covariate(s) from [/raid/genevol/users/lucas/heritability/02.GCTA/data/envir2.txt].
1 discrete covariate(s) of 445 individuals are included from [/raid/genevol/users/lucas/heritability/02.GCTA/data/envir2.txt].

1 discrete variable(s) included as covariate(s).
445 individuals are in common in these files.

Performing  REML analysis ... (Note: may take hours depending on sample size).
445 observations, 7 fixed effect(s), and 2 variance component(s)(including residual variance).
Calculating prior values of variance components by EM-REML ...
Updated prior values: 173718 178168
logL: -3047.89
Running AI-REML algorithm ...
Iter.	logL	V(G)	V(e)	
1	-3044.32	278212.08117	15066.98319	
2	-3041.96	244252.99105	0.39020	(1 component(s) constrained)
3	-3042.25	221654.72245	0.39020	(1 component(s) constrained)
4	-3045.52	183269.38685	0.39020	(1 component(s) constrained)
5	-3059.40	188765.64998	0.39020	(1 component(s) constrained)
6	-3056.54	188935.42297	0.39020	(1 component(s) constrained)
7	-3056.46	188935.47124	0.39020	(1 component(s) constrained)
8	-3056.46	188935.57570	0.39020	(1 component(s) constrained)
Log-likelihood ratio converged.

Calculating the logLikelihood for the reduced model ...
(variance component 1 is dropped from the model)
Calculating prior values of variance components by EM-REML ...
Updated prior values: 383959.82934
logL: -3049.22058
Running AI-REML algorithm ...
Iter.	logL	V(e)	
1	-3049.19	383928.30928	
2	-3049.19	383860.09610	
3	-3049.19	383860.10822	
Log-likelihood ratio converged.

Summary result of REML analysis:
Source	Variance	SE
V(G)	188935.575701	93760.395569
V(e)	0.390200	128876.007310
Vp	188935.965900	37301.004262
V(G)/Vp	0.999998	0.682114

Sampling variance/covariance of the estimates of variance components:
8.791012e+09	-1.200434e+10	
-1.200434e+10	1.660903e+10	
Estimatesof fixed effects:

Source	Estimate	SE
mean	1974.678295	82.280784
X_2	-176.750163	94.293898
X_3	-158.145204	82.787474
X_4	-143.813795	96.287102
X_5	-75.163940	83.703745
X_6	-287.919541	72.107220
X_7	-44.810021	96.015219

Summary result of REML analysis has been saved in the file [/raid/genevol/users/lucas/heritability/03.Heritability/Results/V3/HLA-DRA/FullHLA-DRA2.hsq].

Analysis finished at 23:28:25 -03 on Wed Jun 09 2021
Overall computational time: 1.30 sec.
