*******************************************************************
* Genome-wide Complex Trait Analysis (GCTA)
* version 1.93.2 beta Linux
* (C) 2010-present, Jian Yang, The University of Queensland
* Please report bugs to Jian Yang <jian.yang.qt@gmail.com>
*******************************************************************
Analysis started at 23:28:25 -03 on Wed Jun 09 2021.
Hostname: darwin

Accepted options:
--reml
--reml-alg 0
--reml-maxit 1000
--grm /scratch/genevol/users/lucas/V3/grmGeuvadis
--pheno /raid/genevol/users/lucas/heritability/02.GCTA/data/geneHLA-DRA.txt
--covar /raid/genevol/users/lucas/heritability/02.GCTA/data/envir2.txt
--reml-est-fix
--out /raid/genevol/users/lucas/heritability/03.Heritability/Results/V3/HLA-DRA/GeuvadisHLA-DRA2

Note: This is a multi-thread program. You could specify the number of threads by the --thread-num option to speed up the computation if there are multiple processors in your machine.

Reading IDs of the GRM from [/scratch/genevol/users/lucas/V3/grmGeuvadis.grm.id].
445 IDs read from [/scratch/genevol/users/lucas/V3/grmGeuvadis.grm.id].
Reading the GRM from [/scratch/genevol/users/lucas/V3/grmGeuvadis.grm.bin].
GRM for 445 individuals are included from [/scratch/genevol/users/lucas/V3/grmGeuvadis.grm.bin].
Reading phenotypes from [/raid/genevol/users/lucas/heritability/02.GCTA/data/geneHLA-DRA.txt].
Non-missing phenotypes of 445 individuals are included from [/raid/genevol/users/lucas/heritability/02.GCTA/data/geneHLA-DRA.txt].
Reading discrete covariate(s) from [/raid/genevol/users/lucas/heritability/02.GCTA/data/envir2.txt].
1 discrete covariate(s) of 445 individuals are included from [/raid/genevol/users/lucas/heritability/02.GCTA/data/envir2.txt].

1 discrete variable(s) included as covariate(s).
445 individuals are in common in these files.

Performing  REML analysis ... (Note: may take hours depending on sample size).
445 observations, 7 fixed effect(s), and 2 variance component(s)(including residual variance).
Calculating prior values of variance components by EM-REML ...
Updated prior values: 194711 200862
logL: -3052.17
Running AI-REML algorithm ...
Iter.	logL	V(G)	V(e)	
1	-3052.00	80991.86602	298885.10588	
2	-3048.71	0.39020	371718.72823	(1 component(s) constrained)
3	-3049.31	3130.00222	370867.69534	
4	-3048.65	14547.98607	364913.70250	
5	-3047.78	25310.98863	355557.07254	
6	-3047.65	25241.18807	356019.35306	
7	-3047.65	25284.98889	355977.01775	
8	-3047.65	25265.03559	355996.49802	
Log-likelihood ratio converged.

Calculating the logLikelihood for the reduced model ...
(variance component 1 is dropped from the model)
Calculating prior values of variance components by EM-REML ...
Updated prior values: 383959.82934
logL: -3049.22058
Running AI-REML algorithm ...
Iter.	logL	V(e)	
1	-3049.19	383928.30928	
2	-3049.19	383860.09610	
3	-3049.19	383860.10822	
Log-likelihood ratio converged.

Summary result of REML analysis:
Source	Variance	SE
V(G)	25265.035585	30368.539744
V(e)	355996.498024	38138.674595
Vp	381261.533609	25773.478716
V(G)/Vp	0.066267	0.079401

Sampling variance/covariance of the estimates of variance components:
9.222482e+08	-8.562673e+08	
-8.562673e+08	1.454558e+09	
Estimatesof fixed effects:

Source	Estimate	SE
mean	1978.113172	63.847299
X_2	-165.679937	114.741395
X_3	-162.531128	100.762916
X_4	-130.410918	116.773767
X_5	-69.358711	101.821798
X_6	-285.012222	87.647455
X_7	-20.484166	116.939294

Summary result of REML analysis has been saved in the file [/raid/genevol/users/lucas/heritability/03.Heritability/Results/V3/HLA-DRA/GeuvadisHLA-DRA2.hsq].

Analysis finished at 23:28:26 -03 on Wed Jun 09 2021
Overall computational time: 1.11 sec.
