*******************************************************************
* Genome-wide Complex Trait Analysis (GCTA)
* version 1.93.2 beta Linux
* (C) 2010-present, Jian Yang, The University of Queensland
* Please report bugs to Jian Yang <jian.yang.qt@gmail.com>
*******************************************************************
Analysis started at 23:28:00 -03 on Wed Jun 09 2021.
Hostname: darwin

Accepted options:
--reml
--reml-alg 0
--reml-maxit 1000
--grm /scratch/genevol/users/lucas/V3/grmGeuvadis
--pheno /raid/genevol/users/lucas/heritability/02.GCTA/data/geneHLA-DRA.txt
--covar /raid/genevol/users/lucas/heritability/02.GCTA/data/envir0.txt
--reml-est-fix
--out /raid/genevol/users/lucas/heritability/03.Heritability/Results/V3/HLA-DRA/GeuvadisHLA-DRA0

Note: This is a multi-thread program. You could specify the number of threads by the --thread-num option to speed up the computation if there are multiple processors in your machine.

Reading IDs of the GRM from [/scratch/genevol/users/lucas/V3/grmGeuvadis.grm.id].
445 IDs read from [/scratch/genevol/users/lucas/V3/grmGeuvadis.grm.id].
Reading the GRM from [/scratch/genevol/users/lucas/V3/grmGeuvadis.grm.bin].
GRM for 445 individuals are included from [/scratch/genevol/users/lucas/V3/grmGeuvadis.grm.bin].
Reading phenotypes from [/raid/genevol/users/lucas/heritability/02.GCTA/data/geneHLA-DRA.txt].
Non-missing phenotypes of 445 individuals are included from [/raid/genevol/users/lucas/heritability/02.GCTA/data/geneHLA-DRA.txt].
Reading discrete covariate(s) from [/raid/genevol/users/lucas/heritability/02.GCTA/data/envir0.txt].
3 discrete covariate(s) of 445 individuals are included from [/raid/genevol/users/lucas/heritability/02.GCTA/data/envir0.txt].

3 discrete variable(s) included as covariate(s).
445 individuals are in common in these files.

Performing  REML analysis ... (Note: may take hours depending on sample size).
445 observations, 12 fixed effect(s), and 2 variance component(s)(including residual variance).
Calculating prior values of variance components by EM-REML ...
Updated prior values: 161084 160415
logL: -2941.91
Running AI-REML algorithm ...
Iter.	logL	V(G)	V(e)	
1	-2929.51	55907.19707	222349.88675	
2	-2922.67	28612.53907	232963.28438	
3	-2920.86	15847.25869	236436.47101	
4	-2920.16	8786.36193	237823.54844	
5	-2919.86	0.39020	235151.26356	(1 component(s) constrained)
6	-2919.62	0.39020	235747.20272	(1 component(s) constrained)
7	-2919.62	0.39020	235748.71683	(1 component(s) constrained)
8	-2919.62	0.39020	235748.71684	(1 component(s) constrained)
Log-likelihood ratio converged.

Calculating the logLikelihood for the reduced model ...
(variance component 1 is dropped from the model)
Calculating prior values of variance components by EM-REML ...
Updated prior values: 240055.69835
logL: -2942.96721
Running AI-REML algorithm ...
Iter.	logL	V(e)	
1	-2919.66	238717.61921	
2	-2919.64	237814.89162	
3	-2919.63	235879.03762	
4	-2919.62	235894.66753	
5	-2919.62	235894.66857	
Log-likelihood ratio converged.

Summary result of REML analysis:
Source	Variance	SE
V(G)	0.390200	39396.741760
V(e)	235748.716836	41031.571591
Vp	235749.107036	16098.989730
V(G)/Vp	0.000002	0.167113

Sampling variance/covariance of the estimates of variance components:
1.552103e+09	-1.488258e+09	
-1.488258e+09	1.683590e+09	
Estimatesof fixed effects:

Source	Estimate	SE
mean	2681.291116	72.382983
X_2	-11.540904	46.981764
X_3	-78.748729	90.922150
X_4	-147.668647	79.778242
X_5	-206.346610	92.413981
X_6	-105.517224	80.515176
X_7	-322.031630	69.134681
X_8	-64.010557	92.289744
X_9	-923.658551	72.925831
X_10	-1071.228758	73.832426
X_11	-905.636531	72.648739
X_12	-512.978742	73.359207

Summary result of REML analysis has been saved in the file [/raid/genevol/users/lucas/heritability/03.Heritability/Results/V3/HLA-DRA/GeuvadisHLA-DRA0.hsq].

Analysis finished at 23:28:02 -03 on Wed Jun 09 2021
Overall computational time: 1.18 sec.
