*******************************************************************
* Genome-wide Complex Trait Analysis (GCTA)
* version 1.93.2 beta Linux
* (C) 2010-present, Jian Yang, The University of Queensland
* Please report bugs to Jian Yang <jian.yang.qt@gmail.com>
*******************************************************************
Analysis started at 23:23:27 -03 on Wed Jun 09 2021.
Hostname: darwin

Accepted options:
--reml
--reml-alg 0
--reml-maxit 1000
--grm /scratch/genevol/users/lucas/V2/grmGeuvadis
--pheno /raid/genevol/users/lucas/heritability/02.GCTA/data/geneHLA-DPB1.txt
--covar /raid/genevol/users/lucas/heritability/02.GCTA/data/envir1.txt
--reml-est-fix
--out /raid/genevol/users/lucas/heritability/03.Heritability/Results/V2/HLA-DPB1/GeuvadisHLA-DPB11

Note: This is a multi-thread program. You could specify the number of threads by the --thread-num option to speed up the computation if there are multiple processors in your machine.

Reading IDs of the GRM from [/scratch/genevol/users/lucas/V2/grmGeuvadis.grm.id].
445 IDs read from [/scratch/genevol/users/lucas/V2/grmGeuvadis.grm.id].
Reading the GRM from [/scratch/genevol/users/lucas/V2/grmGeuvadis.grm.bin].
GRM for 445 individuals are included from [/scratch/genevol/users/lucas/V2/grmGeuvadis.grm.bin].
Reading phenotypes from [/raid/genevol/users/lucas/heritability/02.GCTA/data/geneHLA-DPB1.txt].
Non-missing phenotypes of 445 individuals are included from [/raid/genevol/users/lucas/heritability/02.GCTA/data/geneHLA-DPB1.txt].
Reading discrete covariate(s) from [/raid/genevol/users/lucas/heritability/02.GCTA/data/envir1.txt].
2 discrete covariate(s) of 445 individuals are included from [/raid/genevol/users/lucas/heritability/02.GCTA/data/envir1.txt].

2 discrete variable(s) included as covariate(s).
445 individuals are in common in these files.

Performing  REML analysis ... (Note: may take hours depending on sample size).
445 observations, 8 fixed effect(s), and 2 variance component(s)(including residual variance).
Calculating prior values of variance components by EM-REML ...
Updated prior values: 17073.6 17052.4
logL: -2490.05
Running AI-REML algorithm ...
Iter.	logL	V(G)	V(e)	
1	-2486.88	14342.39640	18286.38586	
2	-2485.94	13076.16677	18682.53794	
3	-2485.57	10947.58698	19092.34486	
4	-2485.29	11485.50446	18675.31384	
5	-2485.29	11383.34477	18771.49275	
6	-2485.29	11406.77619	18749.81760	
7	-2485.29	11401.52659	18754.68681	
8	-2485.29	11402.70866	18753.59107	
Log-likelihood ratio converged.

Calculating the logLikelihood for the reduced model ...
(variance component 1 is dropped from the model)
Calculating prior values of variance components by EM-REML ...
Updated prior values: 33119.40006
logL: -2510.46821
Running AI-REML algorithm ...
Iter.	logL	V(e)	
1	-2508.70	33093.26997	
2	-2508.70	33075.43168	
3	-2508.70	33036.87093	
4	-2508.70	33036.91583	
5	-2508.70	33036.91583	
Log-likelihood ratio converged.

Summary result of REML analysis:
Source	Variance	SE
V(G)	11402.708665	5275.515280
V(e)	18753.591072	5001.840967
Vp	30156.299737	2075.292755
V(G)/Vp	0.378120	0.168287

Sampling variance/covariance of the estimates of variance components:
2.783106e+07	-2.427132e+07	
-2.427132e+07	2.501841e+07	
Estimatesof fixed effects:

Source	Estimate	SE
mean	531.619605	18.479410
X_2	4.347005	16.477040
X_3	-81.134774	31.840470
X_4	-146.365930	27.973302
X_5	-115.640047	32.480600
X_6	-50.549243	28.357623
X_7	-181.953598	24.331407
X_8	-39.865978	32.582145

Summary result of REML analysis has been saved in the file [/raid/genevol/users/lucas/heritability/03.Heritability/Results/V2/HLA-DPB1/GeuvadisHLA-DPB11.hsq].

Analysis finished at 23:23:29 -03 on Wed Jun 09 2021
Overall computational time: 1.18 sec.
