*******************************************************************
* Genome-wide Complex Trait Analysis (GCTA)
* version 1.93.2 beta Linux
* (C) 2010-present, Jian Yang, The University of Queensland
* Please report bugs to Jian Yang <jian.yang.qt@gmail.com>
*******************************************************************
Analysis started at 23:23:02 -03 on Wed Jun 09 2021.
Hostname: darwin

Accepted options:
--reml
--reml-alg 0
--reml-maxit 1000
--grm /scratch/genevol/users/lucas/V2/grmFull
--pheno /raid/genevol/users/lucas/heritability/02.GCTA/data/geneHLA-C.txt
--covar /raid/genevol/users/lucas/heritability/02.GCTA/data/envir2.txt
--reml-est-fix
--out /raid/genevol/users/lucas/heritability/03.Heritability/Results/V2/HLA-C/FullHLA-C2

Note: This is a multi-thread program. You could specify the number of threads by the --thread-num option to speed up the computation if there are multiple processors in your machine.

Reading IDs of the GRM from [/scratch/genevol/users/lucas/V2/grmFull.grm.id].
2504 IDs read from [/scratch/genevol/users/lucas/V2/grmFull.grm.id].
Reading the GRM from [/scratch/genevol/users/lucas/V2/grmFull.grm.bin].
GRM for 2504 individuals are included from [/scratch/genevol/users/lucas/V2/grmFull.grm.bin].
Reading phenotypes from [/raid/genevol/users/lucas/heritability/02.GCTA/data/geneHLA-C.txt].
Non-missing phenotypes of 445 individuals are included from [/raid/genevol/users/lucas/heritability/02.GCTA/data/geneHLA-C.txt].
Reading discrete covariate(s) from [/raid/genevol/users/lucas/heritability/02.GCTA/data/envir2.txt].
1 discrete covariate(s) of 445 individuals are included from [/raid/genevol/users/lucas/heritability/02.GCTA/data/envir2.txt].

1 discrete variable(s) included as covariate(s).
445 individuals are in common in these files.

Performing  REML analysis ... (Note: may take hours depending on sample size).
445 observations, 7 fixed effect(s), and 2 variance component(s)(including residual variance).
Calculating prior values of variance components by EM-REML ...
Updated prior values: 49721.1 54146.7
logL: -2771.82
Running AI-REML algorithm ...
Iter.	logL	V(G)	V(e)	
1	-2757.64	41854.22756	53791.10889	
2	-2753.57	38180.75566	52818.26318	
3	-2752.03	36134.67216	52041.59455	
4	-2751.39	34896.70023	51489.98804	
5	-2751.11	32414.77504	50286.82802	
6	-2750.88	32551.41930	50304.26552	
7	-2750.88	32553.36795	50301.90347	
8	-2750.88	32553.40781	50301.84523	
Log-likelihood ratio converged.

Calculating the logLikelihood for the reduced model ...
(variance component 1 is dropped from the model)
Calculating prior values of variance components by EM-REML ...
Updated prior values: 100524.17305
logL: -2760.72142
Running AI-REML algorithm ...
Iter.	logL	V(e)	
1	-2754.82	100387.66595	
2	-2754.82	100294.60701	
3	-2754.82	100093.63509	
4	-2754.82	100094.03699	
5	-2754.82	100094.03699	
Log-likelihood ratio converged.

Summary result of REML analysis:
Source	Variance	SE
V(G)	32553.407809	34536.392145
V(e)	50301.845233	50476.720372
Vp	82855.253042	16853.069356
V(G)/Vp	0.392895	0.491359

Sampling variance/covariance of the estimates of variance components:
1.192762e+09	-1.728318e+09	
-1.728318e+09	2.547899e+09	
Estimatesof fixed effects:

Source	Estimate	SE
mean	1321.356017	41.651387
X_2	-251.898159	58.183438
X_3	-384.658620	51.073468
X_4	-396.161735	59.264033
X_5	-133.848690	51.571141
X_6	-424.355732	44.433925
X_7	-116.692350	59.144504

Summary result of REML analysis has been saved in the file [/raid/genevol/users/lucas/heritability/03.Heritability/Results/V2/HLA-C/FullHLA-C2.hsq].

Analysis finished at 23:23:04 -03 on Wed Jun 09 2021
Overall computational time: 1.47 sec.
