*******************************************************************
* Genome-wide Complex Trait Analysis (GCTA)
* version 1.93.2 beta Linux
* (C) 2010-present, Jian Yang, The University of Queensland
* Please report bugs to Jian Yang <jian.yang.qt@gmail.com>
*******************************************************************
Analysis started at 23:22:58 -03 on Wed Jun 09 2021.
Hostname: darwin

Accepted options:
--reml
--reml-alg 0
--reml-maxit 1000
--grm /scratch/genevol/users/lucas/V2/grmFull
--pheno /raid/genevol/users/lucas/heritability/02.GCTA/data/geneHLA-C.txt
--covar /raid/genevol/users/lucas/heritability/02.GCTA/data/envir1.txt
--reml-est-fix
--out /raid/genevol/users/lucas/heritability/03.Heritability/Results/V2/HLA-C/FullHLA-C1

Note: This is a multi-thread program. You could specify the number of threads by the --thread-num option to speed up the computation if there are multiple processors in your machine.

Reading IDs of the GRM from [/scratch/genevol/users/lucas/V2/grmFull.grm.id].
2504 IDs read from [/scratch/genevol/users/lucas/V2/grmFull.grm.id].
Reading the GRM from [/scratch/genevol/users/lucas/V2/grmFull.grm.bin].
GRM for 2504 individuals are included from [/scratch/genevol/users/lucas/V2/grmFull.grm.bin].
Reading phenotypes from [/raid/genevol/users/lucas/heritability/02.GCTA/data/geneHLA-C.txt].
Non-missing phenotypes of 445 individuals are included from [/raid/genevol/users/lucas/heritability/02.GCTA/data/geneHLA-C.txt].
Reading discrete covariate(s) from [/raid/genevol/users/lucas/heritability/02.GCTA/data/envir1.txt].
2 discrete covariate(s) of 445 individuals are included from [/raid/genevol/users/lucas/heritability/02.GCTA/data/envir1.txt].

2 discrete variable(s) included as covariate(s).
445 individuals are in common in these files.

Performing  REML analysis ... (Note: may take hours depending on sample size).
445 observations, 8 fixed effect(s), and 2 variance component(s)(including residual variance).
Calculating prior values of variance components by EM-REML ...
Updated prior values: 49784.1 54196.4
logL: -2768.07
Running AI-REML algorithm ...
Iter.	logL	V(G)	V(e)	
1	-2754.03	40856.05928	55391.32321	
2	-2749.97	36879.90073	54861.93832	
3	-2748.44	34717.04570	54256.38218	
4	-2747.80	33427.20297	53780.72590	
5	-2747.52	30867.02535	52691.99782	
6	-2747.30	31039.18734	52657.33124	
7	-2747.30	31039.62143	52657.18357	
8	-2747.30	31039.62048	52657.18496	
Log-likelihood ratio converged.

Calculating the logLikelihood for the reduced model ...
(variance component 1 is dropped from the model)
Calculating prior values of variance components by EM-REML ...
Updated prior values: 100726.53167
logL: -2757.03742
Running AI-REML algorithm ...
Iter.	logL	V(e)	
1	-2751.22	100571.25242	
2	-2751.22	100465.44415	
3	-2751.22	100237.00898	
4	-2751.22	100237.52721	
5	-2751.22	100237.52721	
Log-likelihood ratio converged.

Summary result of REML analysis:
Source	Variance	SE
V(G)	31039.620480	33392.321788
V(e)	52657.184956	48847.701083
Vp	83696.805436	16399.861466
V(G)/Vp	0.370858	0.466377

Sampling variance/covariance of the estimates of variance components:
1.115047e+09	-1.616095e+09	
-1.616095e+09	2.386098e+09	
Estimatesof fixed effects:

Source	Estimate	SE
mean	1313.649173	43.151028
X_2	18.178671	30.156004
X_3	-254.685097	58.408457
X_4	-387.218350	51.289756
X_5	-398.264842	59.402778
X_6	-136.422313	51.788223
X_7	-423.378556	44.502670
X_8	-117.390986	59.209010

Summary result of REML analysis has been saved in the file [/raid/genevol/users/lucas/heritability/03.Heritability/Results/V2/HLA-C/FullHLA-C1.hsq].

Analysis finished at 23:22:59 -03 on Wed Jun 09 2021
Overall computational time: 1.18 sec.
