*******************************************************************
* Genome-wide Complex Trait Analysis (GCTA)
* version 1.93.2 beta Linux
* (C) 2010-present, Jian Yang, The University of Queensland
* Please report bugs to Jian Yang <jian.yang.qt@gmail.com>
*******************************************************************
Analysis started at 23:22:59 -03 on Wed Jun 09 2021.
Hostname: darwin

Accepted options:
--reml
--reml-alg 0
--reml-maxit 1000
--grm /scratch/genevol/users/lucas/V2/grmGeuvadis
--pheno /raid/genevol/users/lucas/heritability/02.GCTA/data/geneHLA-C.txt
--covar /raid/genevol/users/lucas/heritability/02.GCTA/data/envir1.txt
--reml-est-fix
--out /raid/genevol/users/lucas/heritability/03.Heritability/Results/V2/HLA-C/GeuvadisHLA-C1

Note: This is a multi-thread program. You could specify the number of threads by the --thread-num option to speed up the computation if there are multiple processors in your machine.

Reading IDs of the GRM from [/scratch/genevol/users/lucas/V2/grmGeuvadis.grm.id].
445 IDs read from [/scratch/genevol/users/lucas/V2/grmGeuvadis.grm.id].
Reading the GRM from [/scratch/genevol/users/lucas/V2/grmGeuvadis.grm.bin].
GRM for 445 individuals are included from [/scratch/genevol/users/lucas/V2/grmGeuvadis.grm.bin].
Reading phenotypes from [/raid/genevol/users/lucas/heritability/02.GCTA/data/geneHLA-C.txt].
Non-missing phenotypes of 445 individuals are included from [/raid/genevol/users/lucas/heritability/02.GCTA/data/geneHLA-C.txt].
Reading discrete covariate(s) from [/raid/genevol/users/lucas/heritability/02.GCTA/data/envir1.txt].
2 discrete covariate(s) of 445 individuals are included from [/raid/genevol/users/lucas/heritability/02.GCTA/data/envir1.txt].

2 discrete variable(s) included as covariate(s).
445 individuals are in common in these files.

Performing  REML analysis ... (Note: may take hours depending on sample size).
445 observations, 8 fixed effect(s), and 2 variance component(s)(including residual variance).
Calculating prior values of variance components by EM-REML ...
Updated prior values: 57128.6   56193
logL: -2748.7
Running AI-REML algorithm ...
Iter.	logL	V(G)	V(e)	
1	-2744.11	58894.28037	49467.16801	
2	-2742.90	59830.53772	45535.37352	
3	-2742.39	60377.21035	43093.32507	
4	-2742.16	61455.20778	38115.43979	
5	-2741.98	61432.27331	38303.06040	
6	-2741.98	61428.60360	38306.68519	
7	-2741.98	61428.50178	38306.77709	
Log-likelihood ratio converged.

Calculating the logLikelihood for the reduced model ...
(variance component 1 is dropped from the model)
Calculating prior values of variance components by EM-REML ...
Updated prior values: 100726.53167
logL: -2757.03742
Running AI-REML algorithm ...
Iter.	logL	V(e)	
1	-2751.22	100571.25242	
2	-2751.22	100465.44415	
3	-2751.22	100237.00898	
4	-2751.22	100237.52721	
5	-2751.22	100237.52721	
Log-likelihood ratio converged.

Summary result of REML analysis:
Source	Variance	SE
V(G)	61428.501785	22965.957490
V(e)	38306.777087	20547.092065
Vp	99735.278872	7097.990206
V(G)/Vp	0.615915	0.212858

Sampling variance/covariance of the estimates of variance components:
5.274352e+08	-4.496184e+08	
-4.496184e+08	4.221830e+08	
Estimatesof fixed effects:

Source	Estimate	SE
mean	1295.820613	32.309561
X_2	4.305359	29.456332
X_3	-244.900222	56.820530
X_4	-388.800673	49.927445
X_5	-379.212713	58.108398
X_6	-131.125839	50.702712
X_7	-421.921367	43.501201
X_8	-109.466958	58.368964

Summary result of REML analysis has been saved in the file [/raid/genevol/users/lucas/heritability/03.Heritability/Results/V2/HLA-C/GeuvadisHLA-C1.hsq].

Analysis finished at 23:23:00 -03 on Wed Jun 09 2021
Overall computational time: 1.04 sec.
