*******************************************************************
* Genome-wide Complex Trait Analysis (GCTA)
* version 1.93.2 beta Linux
* (C) 2010-present, Jian Yang, The University of Queensland
* Please report bugs to Jian Yang <jian.yang.qt@gmail.com>
*******************************************************************
Analysis started at 23:22:13 -03 on Wed Jun 09 2021.
Hostname: darwin

Accepted options:
--reml
--reml-alg 0
--reml-maxit 1000
--grm /scratch/genevol/users/lucas/V2/grmFull
--pheno /raid/genevol/users/lucas/heritability/02.GCTA/data/geneHLA-A.txt
--covar /raid/genevol/users/lucas/heritability/02.GCTA/data/envir0.txt
--reml-est-fix
--out /raid/genevol/users/lucas/heritability/03.Heritability/Results/V2/HLA-A/FullHLA-A0

Note: This is a multi-thread program. You could specify the number of threads by the --thread-num option to speed up the computation if there are multiple processors in your machine.

Reading IDs of the GRM from [/scratch/genevol/users/lucas/V2/grmFull.grm.id].
2504 IDs read from [/scratch/genevol/users/lucas/V2/grmFull.grm.id].
Reading the GRM from [/scratch/genevol/users/lucas/V2/grmFull.grm.bin].
GRM for 2504 individuals are included from [/scratch/genevol/users/lucas/V2/grmFull.grm.bin].
Reading phenotypes from [/raid/genevol/users/lucas/heritability/02.GCTA/data/geneHLA-A.txt].
Non-missing phenotypes of 445 individuals are included from [/raid/genevol/users/lucas/heritability/02.GCTA/data/geneHLA-A.txt].
Reading discrete covariate(s) from [/raid/genevol/users/lucas/heritability/02.GCTA/data/envir0.txt].
3 discrete covariate(s) of 445 individuals are included from [/raid/genevol/users/lucas/heritability/02.GCTA/data/envir0.txt].

3 discrete variable(s) included as covariate(s).
445 individuals are in common in these files.

Performing  REML analysis ... (Note: may take hours depending on sample size).
445 observations, 12 fixed effect(s), and 2 variance component(s)(including residual variance).
Calculating prior values of variance components by EM-REML ...
Updated prior values: 71989.4 77722.1
logL: -2829.55
Running AI-REML algorithm ...
Iter.	logL	V(G)	V(e)	
1	-2817.37	63574.46014	74220.07649	
2	-2813.90	59334.71571	71790.70466	
3	-2812.55	56898.69805	70178.09957	
4	-2811.99	55404.63384	69102.43335	
5	-2811.75	52394.84485	66811.30042	
6	-2811.54	52591.65520	66809.16057	
7	-2811.54	52584.20229	66820.52904	
8	-2811.54	52584.86424	66819.56940	
Log-likelihood ratio converged.

Calculating the logLikelihood for the reduced model ...
(variance component 1 is dropped from the model)
Calculating prior values of variance components by EM-REML ...
Updated prior values: 144361.02940
logL: -2817.21436
Running AI-REML algorithm ...
Iter.	logL	V(e)	
1	-2811.79	144038.77741	
2	-2811.79	143819.56683	
3	-2811.78	143346.84930	
4	-2811.78	143348.39795	
5	-2811.78	143348.39797	
Log-likelihood ratio converged.

Summary result of REML analysis:
Source	Variance	SE
V(G)	52584.864236	78257.934739
V(e)	66819.569402	113425.854386
Vp	119404.433639	36082.996738
V(G)/Vp	0.440393	0.784392

Sampling variance/covariance of the estimates of variance components:
6.124304e+09	-8.843873e+09	
-8.843873e+09	1.286542e+10	
Estimatesof fixed effects:

Source	Estimate	SE
mean	1859.196572	82.841833
X_2	-50.498700	36.594454
X_3	-197.907022	70.836467
X_4	-264.693520	62.124746
X_5	-366.301416	72.092937
X_6	-132.391479	62.714539
X_7	-458.962142	53.907873
X_8	62.606787	71.779920
X_9	-75.160886	73.413137
X_10	11.481316	58.143205
X_11	-59.835245	62.567652
X_12	136.368989	153.115612

Summary result of REML analysis has been saved in the file [/raid/genevol/users/lucas/heritability/03.Heritability/Results/V2/HLA-A/FullHLA-A0.hsq].

Analysis finished at 23:22:14 -03 on Wed Jun 09 2021
Overall computational time: 1.32 sec.
