*******************************************************************
* Genome-wide Complex Trait Analysis (GCTA)
* version 1.93.2 beta Linux
* (C) 2010-present, Jian Yang, The University of Queensland
* Please report bugs to Jian Yang <jian.yang.qt@gmail.com>
*******************************************************************
Analysis started at 23:22:14 -03 on Wed Jun 09 2021.
Hostname: darwin

Accepted options:
--reml
--reml-alg 0
--reml-maxit 1000
--grm /scratch/genevol/users/lucas/V2/grmGeuvadis
--pheno /raid/genevol/users/lucas/heritability/02.GCTA/data/geneHLA-A.txt
--covar /raid/genevol/users/lucas/heritability/02.GCTA/data/envir0.txt
--reml-est-fix
--out /raid/genevol/users/lucas/heritability/03.Heritability/Results/V2/HLA-A/GeuvadisHLA-A0

Note: This is a multi-thread program. You could specify the number of threads by the --thread-num option to speed up the computation if there are multiple processors in your machine.

Reading IDs of the GRM from [/scratch/genevol/users/lucas/V2/grmGeuvadis.grm.id].
445 IDs read from [/scratch/genevol/users/lucas/V2/grmGeuvadis.grm.id].
Reading the GRM from [/scratch/genevol/users/lucas/V2/grmGeuvadis.grm.bin].
GRM for 445 individuals are included from [/scratch/genevol/users/lucas/V2/grmGeuvadis.grm.bin].
Reading phenotypes from [/raid/genevol/users/lucas/heritability/02.GCTA/data/geneHLA-A.txt].
Non-missing phenotypes of 445 individuals are included from [/raid/genevol/users/lucas/heritability/02.GCTA/data/geneHLA-A.txt].
Reading discrete covariate(s) from [/raid/genevol/users/lucas/heritability/02.GCTA/data/envir0.txt].
3 discrete covariate(s) of 445 individuals are included from [/raid/genevol/users/lucas/heritability/02.GCTA/data/envir0.txt].

3 discrete variable(s) included as covariate(s).
445 individuals are in common in these files.

Performing  REML analysis ... (Note: may take hours depending on sample size).
445 observations, 12 fixed effect(s), and 2 variance component(s)(including residual variance).
Calculating prior values of variance components by EM-REML ...
Updated prior values: 82322.1 81176.1
logL: -2812.09
Running AI-REML algorithm ...
Iter.	logL	V(G)	V(e)	
1	-2808.67	83798.23372	73586.51666	
2	-2807.80	84526.44667	69081.83390	
3	-2807.42	85780.71246	60164.95646	
4	-2807.13	85589.26499	60747.99865	
5	-2807.12	85583.43716	60754.58651	
6	-2807.12	85583.36940	60754.64751	
Log-likelihood ratio converged.

Calculating the logLikelihood for the reduced model ...
(variance component 1 is dropped from the model)
Calculating prior values of variance components by EM-REML ...
Updated prior values: 144361.02940
logL: -2817.21436
Running AI-REML algorithm ...
Iter.	logL	V(e)	
1	-2811.79	144038.77741	
2	-2811.79	143819.56683	
3	-2811.78	143346.84930	
4	-2811.78	143348.39795	
5	-2811.78	143348.39797	
Log-likelihood ratio converged.

Summary result of REML analysis:
Source	Variance	SE
V(G)	85583.369402	34451.122088
V(e)	60754.647515	30831.984745
Vp	146338.016917	10511.396036
V(G)/Vp	0.584833	0.218445

Sampling variance/covariance of the estimates of variance components:
1.186880e+09	-1.013501e+09	
-1.013501e+09	9.506113e+08	
Estimatesof fixed effects:

Source	Estimate	SE
mean	1844.977223	64.912340
X_2	-53.251220	35.869497
X_3	-190.059696	69.170344
X_4	-261.350947	60.696677
X_5	-337.875979	70.761117
X_6	-121.280371	61.613483
X_7	-448.632136	52.872718
X_8	105.817172	71.015591
X_9	-73.373214	67.454369
X_10	10.764005	55.012344
X_11	-56.325373	59.515570
X_12	138.572174	189.426893

Summary result of REML analysis has been saved in the file [/raid/genevol/users/lucas/heritability/03.Heritability/Results/V2/HLA-A/GeuvadisHLA-A0.hsq].

Analysis finished at 23:22:15 -03 on Wed Jun 09 2021
Overall computational time: 1.01 sec.
