*******************************************************************
* Genome-wide Complex Trait Analysis (GCTA)
* version 1.93.2 beta Linux
* (C) 2010-present, Jian Yang, The University of Queensland
* Please report bugs to Jian Yang <jian.yang.qt@gmail.com>
*******************************************************************
Analysis started at 21:05:12 -03 on Mon Jun 07 2021.
Hostname: darwin

Accepted options:
--reml
--reml-alg 0
--reml-maxit 1000
--grm /scratch/genevol/users/lucas/V2/grmFull
--pheno /raid/genevol/users/lucas/heritability/02.GCTA/data/geneHLA-A.txt
--covar /raid/genevol/users/lucas/heritability/02.GCTA/data/envir2.txt
--out /raid/genevol/users/lucas/heritability/03.Heritability/Results/V2/HLA-AFull2

Note: This is a multi-thread program. You could specify the number of threads by the --thread-num option to speed up the computation if there are multiple processors in your machine.

Reading IDs of the GRM from [/scratch/genevol/users/lucas/V2/grmFull.grm.id].
2504 IDs read from [/scratch/genevol/users/lucas/V2/grmFull.grm.id].
Reading the GRM from [/scratch/genevol/users/lucas/V2/grmFull.grm.bin].
GRM for 2504 individuals are included from [/scratch/genevol/users/lucas/V2/grmFull.grm.bin].
Reading phenotypes from [/raid/genevol/users/lucas/heritability/02.GCTA/data/geneHLA-A.txt].
Non-missing phenotypes of 445 individuals are included from [/raid/genevol/users/lucas/heritability/02.GCTA/data/geneHLA-A.txt].
Reading discrete covariate(s) from [/raid/genevol/users/lucas/heritability/02.GCTA/data/envir2.txt].
1 discrete covariate(s) of 445 individuals are included from [/raid/genevol/users/lucas/heritability/02.GCTA/data/envir2.txt].

1 discrete variable(s) included as covariate(s).
445 individuals are in common in these files.

Performing  REML analysis ... (Note: may take hours depending on sample size).
445 observations, 7 fixed effect(s), and 2 variance component(s)(including residual variance).
Calculating prior values of variance components by EM-REML ...
Updated prior values:   71761 77641.1
logL: -2853.36
Running AI-REML algorithm ...
Iter.	logL	V(G)	V(e)	
1	-2840.95	66191.26399	70286.09512	
2	-2837.54	63065.55384	66359.29242	
3	-2836.21	61165.16793	64031.74075	
4	-2835.66	59958.07307	62575.65424	
5	-2835.41	57467.33607	59601.14669	
6	-2835.21	57560.54003	59743.39009	
7	-2835.21	57561.39350	59742.68575	
8	-2835.21	57561.36891	59742.72163	
Log-likelihood ratio converged.

Calculating the logLikelihood for the reduced model ...
(variance component 1 is dropped from the model)
Calculating prior values of variance components by EM-REML ...
Updated prior values: 148490.27470
logL: -2844.56758
Running AI-REML algorithm ...
Iter.	logL	V(e)	
1	-2840.43	148326.02450	
2	-2840.43	148213.98312	
3	-2840.43	147971.91399	
4	-2840.43	147972.30870	
5	-2840.43	147972.30870	
Log-likelihood ratio converged.

Summary result of REML analysis:
Source	Variance	SE
V(G)	57561.368908	53570.256995
V(e)	59742.721630	78050.305616
Vp	117304.090538	25766.528795
V(G)/Vp	0.490702	0.558032

Sampling variance/covariance of the estimates of variance components:
2.869772e+09	-4.148854e+09	
-4.148854e+09	6.091850e+09	

Summary result of REML analysis has been saved in the file [/raid/genevol/users/lucas/heritability/03.Heritability/Results/V2/HLA-AFull2.hsq].

Analysis finished at 21:05:13 -03 on Mon Jun 07 2021
Overall computational time: 1.39 sec.
