*******************************************************************
* Genome-wide Complex Trait Analysis (GCTA)
* version 1.93.2 beta Linux
* (C) 2010-present, Jian Yang, The University of Queensland
* Please report bugs to Jian Yang <jian.yang.qt@gmail.com>
*******************************************************************
Analysis started at 21:05:14 -03 on Mon Jun 07 2021.
Hostname: darwin

Accepted options:
--reml
--reml-alg 0
--reml-maxit 1000
--grm /scratch/genevol/users/lucas/V2/grmGeuvadis
--pheno /raid/genevol/users/lucas/heritability/02.GCTA/data/geneHLA-A.txt
--covar /raid/genevol/users/lucas/heritability/02.GCTA/data/envir2.txt
--out /raid/genevol/users/lucas/heritability/03.Heritability/Results/V2/HLA-AGeuvadis2

Note: This is a multi-thread program. You could specify the number of threads by the --thread-num option to speed up the computation if there are multiple processors in your machine.

Reading IDs of the GRM from [/scratch/genevol/users/lucas/V2/grmGeuvadis.grm.id].
445 IDs read from [/scratch/genevol/users/lucas/V2/grmGeuvadis.grm.id].
Reading the GRM from [/scratch/genevol/users/lucas/V2/grmGeuvadis.grm.bin].
GRM for 445 individuals are included from [/scratch/genevol/users/lucas/V2/grmGeuvadis.grm.bin].
Reading phenotypes from [/raid/genevol/users/lucas/heritability/02.GCTA/data/geneHLA-A.txt].
Non-missing phenotypes of 445 individuals are included from [/raid/genevol/users/lucas/heritability/02.GCTA/data/geneHLA-A.txt].
Reading discrete covariate(s) from [/raid/genevol/users/lucas/heritability/02.GCTA/data/envir2.txt].
1 discrete covariate(s) of 445 individuals are included from [/raid/genevol/users/lucas/heritability/02.GCTA/data/envir2.txt].

1 discrete variable(s) included as covariate(s).
445 individuals are in common in these files.

Performing  REML analysis ... (Note: may take hours depending on sample size).
445 observations, 7 fixed effect(s), and 2 variance component(s)(including residual variance).
Calculating prior values of variance components by EM-REML ...
Updated prior values: 82243.9 81161.6
logL: -2835.69
Running AI-REML algorithm ...
Iter.	logL	V(G)	V(e)	
1	-2832.25	83171.49047	74166.67247	
2	-2831.40	83609.90896	69974.90666	
3	-2831.04	84341.35172	61622.77490	
4	-2830.75	84249.64997	62103.43336	
5	-2830.75	84242.13447	62111.45935	
6	-2830.75	84241.96920	62111.60915	
Log-likelihood ratio converged.

Calculating the logLikelihood for the reduced model ...
(variance component 1 is dropped from the model)
Calculating prior values of variance components by EM-REML ...
Updated prior values: 148490.27470
logL: -2844.56758
Running AI-REML algorithm ...
Iter.	logL	V(e)	
1	-2840.43	148326.02450	
2	-2840.43	148213.98312	
3	-2840.43	147971.91399	
4	-2840.43	147972.30870	
5	-2840.43	147972.30870	
Log-likelihood ratio converged.

Summary result of REML analysis:
Source	Variance	SE
V(G)	84241.969199	32872.663144
V(e)	62111.609147	29633.679186
Vp	146353.578346	10346.665322
V(G)/Vp	0.575606	0.209257

Sampling variance/covariance of the estimates of variance components:
1.080612e+09	-9.258567e+08	
-9.258567e+08	8.781549e+08	

Summary result of REML analysis has been saved in the file [/raid/genevol/users/lucas/heritability/03.Heritability/Results/V2/HLA-AGeuvadis2.hsq].

Analysis finished at 21:05:15 -03 on Mon Jun 07 2021
Overall computational time: 1.12 sec.
