*******************************************************************
* Genome-wide Complex Trait Analysis (GCTA)
* version 1.93.2 beta Linux
* (C) 2010-present, Jian Yang, The University of Queensland
* Please report bugs to Jian Yang <jian.yang.qt@gmail.com>
*******************************************************************
Analysis started at 21:05:13 -03 on Mon Jun 07 2021.
Hostname: darwin

Accepted options:
--reml
--reml-alg 0
--reml-maxit 1000
--grm /scratch/genevol/users/lucas/V2/grmGeuvadis
--pheno /raid/genevol/users/lucas/heritability/02.GCTA/data/geneHLA-A.txt
--covar /raid/genevol/users/lucas/heritability/02.GCTA/data/envir1.txt
--out /raid/genevol/users/lucas/heritability/03.Heritability/Results/V2/HLA-AGeuvadis1

Note: This is a multi-thread program. You could specify the number of threads by the --thread-num option to speed up the computation if there are multiple processors in your machine.

Reading IDs of the GRM from [/scratch/genevol/users/lucas/V2/grmGeuvadis.grm.id].
445 IDs read from [/scratch/genevol/users/lucas/V2/grmGeuvadis.grm.id].
Reading the GRM from [/scratch/genevol/users/lucas/V2/grmGeuvadis.grm.bin].
GRM for 445 individuals are included from [/scratch/genevol/users/lucas/V2/grmGeuvadis.grm.bin].
Reading phenotypes from [/raid/genevol/users/lucas/heritability/02.GCTA/data/geneHLA-A.txt].
Non-missing phenotypes of 445 individuals are included from [/raid/genevol/users/lucas/heritability/02.GCTA/data/geneHLA-A.txt].
Reading discrete covariate(s) from [/raid/genevol/users/lucas/heritability/02.GCTA/data/envir1.txt].
2 discrete covariate(s) of 445 individuals are included from [/raid/genevol/users/lucas/heritability/02.GCTA/data/envir1.txt].

2 discrete variable(s) included as covariate(s).
445 individuals are in common in these files.

Performing  REML analysis ... (Note: may take hours depending on sample size).
445 observations, 8 fixed effect(s), and 2 variance component(s)(including residual variance).
Calculating prior values of variance components by EM-REML ...
Updated prior values: 82201.9   81081
logL: -2831.2
Running AI-REML algorithm ...
Iter.	logL	V(G)	V(e)	
1	-2827.70	83611.78537	73557.19452	
2	-2826.83	84345.10865	69051.55875	
3	-2826.46	85675.43697	60073.99921	
4	-2826.15	85574.14151	60575.92187	
5	-2826.15	85564.92440	60585.56841	
6	-2826.15	85564.69074	60585.78000	
Log-likelihood ratio converged.

Calculating the logLikelihood for the reduced model ...
(variance component 1 is dropped from the model)
Calculating prior values of variance components by EM-REML ...
Updated prior values: 148255.77874
logL: -2840.06670
Running AI-REML algorithm ...
Iter.	logL	V(e)	
1	-2835.85	148066.17013	
2	-2835.85	147936.88590	
3	-2835.85	147657.64408	
4	-2835.85	147658.17017	
5	-2835.85	147658.17017	
Log-likelihood ratio converged.

Summary result of REML analysis:
Source	Variance	SE
V(G)	85564.690735	33095.225387
V(e)	60585.780003	29781.277643
Vp	146150.470738	10357.990235
V(G)/Vp	0.585456	0.210589

Sampling variance/covariance of the estimates of variance components:
1.095294e+09	-9.374652e+08	
-9.374652e+08	8.869245e+08	

Summary result of REML analysis has been saved in the file [/raid/genevol/users/lucas/heritability/03.Heritability/Results/V2/HLA-AGeuvadis1.hsq].

Analysis finished at 21:05:14 -03 on Mon Jun 07 2021
Overall computational time: 1.11 sec.
