*******************************************************************
* Genome-wide Complex Trait Analysis (GCTA)
* version 1.93.2 beta Linux
* (C) 2010-present, Jian Yang, The University of Queensland
* Please report bugs to Jian Yang <jian.yang.qt@gmail.com>
*******************************************************************
Analysis started at 23:22:15 -03 on Wed Jun 09 2021.
Hostname: darwin

Accepted options:
--reml
--reml-alg 0
--reml-maxit 1000
--grm /scratch/genevol/users/lucas/V2/grmNAfr
--pheno /raid/genevol/users/lucas/heritability/02.GCTA/data/geneNAfrHLA-A.txt
--covar /raid/genevol/users/lucas/heritability/02.GCTA/data/envir0.txt
--reml-est-fix
--out /raid/genevol/users/lucas/heritability/03.Heritability/Results/V2/HLA-A/NAfrHLA-A0

Note: This is a multi-thread program. You could specify the number of threads by the --thread-num option to speed up the computation if there are multiple processors in your machine.

Reading IDs of the GRM from [/scratch/genevol/users/lucas/V2/grmNAfr.grm.id].
358 IDs read from [/scratch/genevol/users/lucas/V2/grmNAfr.grm.id].
Reading the GRM from [/scratch/genevol/users/lucas/V2/grmNAfr.grm.bin].
GRM for 358 individuals are included from [/scratch/genevol/users/lucas/V2/grmNAfr.grm.bin].
Reading phenotypes from [/raid/genevol/users/lucas/heritability/02.GCTA/data/geneNAfrHLA-A.txt].
Non-missing phenotypes of 358 individuals are included from [/raid/genevol/users/lucas/heritability/02.GCTA/data/geneNAfrHLA-A.txt].
Reading discrete covariate(s) from [/raid/genevol/users/lucas/heritability/02.GCTA/data/envir0.txt].
3 discrete covariate(s) of 445 individuals are included from [/raid/genevol/users/lucas/heritability/02.GCTA/data/envir0.txt].

3 discrete variable(s) included as covariate(s).
358 individuals are in common in these files.

Performing  REML analysis ... (Note: may take hours depending on sample size).
358 observations, 11 fixed effect(s), and 2 variance component(s)(including residual variance).
Calculating prior values of variance components by EM-REML ...
Updated prior values: 72395.2   72239
logL: -2238.25
Running AI-REML algorithm ...
Iter.	logL	V(G)	V(e)	
1	-2235.10	107330.38488	31141.40519	
2	-2234.19	123964.49725	10773.64230	
3	-2233.82	127215.72700	0.16119	(1 component(s) constrained)
4	-2231.46	127589.77542	0.16119	(1 component(s) constrained)
5	-2231.11	127597.80627	0.16119	(1 component(s) constrained)
6	-2232.95	127581.12799	0.16119	(1 component(s) constrained)
7	-2237.14	127636.91173	0.16119	(1 component(s) constrained)
8	-2234.55	127623.26653	0.16119	(1 component(s) constrained)
9	-2236.02	127622.24260	0.16119	(1 component(s) constrained)
10	-2234.59	127656.03107	0.16119	(1 component(s) constrained)
11	-2234.40	127640.34144	0.16119	(1 component(s) constrained)
12	-2233.13	127650.63718	0.16119	(1 component(s) constrained)
13	-2233.63	127629.48375	0.16119	(1 component(s) constrained)
14	-2231.76	127640.64896	0.16119	(1 component(s) constrained)
15	-2233.60	127630.60541	0.16119	(1 component(s) constrained)
16	-2235.87	127586.89819	0.16119	(1 component(s) constrained)
17	-2231.64	127625.82191	0.16119	(1 component(s) constrained)
18	-2232.04	127625.93131	0.16119	(1 component(s) constrained)
19	-2230.42	127570.60656	0.16119	(1 component(s) constrained)
20	-2235.65	127597.95213	0.16119	(1 component(s) constrained)
21	-2233.65	127670.28744	0.16119	(1 component(s) constrained)
22	-2235.86	127688.29402	0.16119	(1 component(s) constrained)
23	-2235.25	127609.93817	0.16119	(1 component(s) constrained)
24	-2235.26	127618.33755	0.16119	(1 component(s) constrained)
25	-2234.53	127628.13647	0.16119	(1 component(s) constrained)
26	-2235.22	127578.40933	0.16119	(1 component(s) constrained)
27	-2232.34	127603.30716	0.16119	(1 component(s) constrained)
28	-2234.90	127598.71471	0.16119	(1 component(s) constrained)
29	-2232.62	127624.39492	0.16119	(1 component(s) constrained)
30	-2232.37	127615.70151	0.16119	(1 component(s) constrained)
31	-2235.17	127519.62829	0.16119	(1 component(s) constrained)
32	-2230.77	127537.07756	0.16119	(1 component(s) constrained)
33	-2232.27	127560.91657	0.16119	(1 component(s) constrained)
34	-2234.50	127643.70221	0.16119	(1 component(s) constrained)
35	-2236.06	127661.38015	0.16119	(1 component(s) constrained)
36	-2235.01	127650.98921	0.16119	(1 component(s) constrained)
37	-2234.11	127651.57913	0.16119	(1 component(s) constrained)
38	-2234.28	127637.02841	0.16119	(1 component(s) constrained)
39	-2234.91	127652.30788	0.16119	(1 component(s) constrained)
40	-2232.41	127594.49650	0.16119	(1 component(s) constrained)
41	-2233.08	127579.33767	0.16119	(1 component(s) constrained)
42	-2234.96	127644.90050	0.16119	(1 component(s) constrained)
43	-2235.38	127613.96748	0.16119	(1 component(s) constrained)
44	-2237.00	127645.49106	0.16119	(1 component(s) constrained)
45	-2233.85	127578.80247	0.16119	(1 component(s) constrained)
46	-2232.51	127586.99456	0.16119	(1 component(s) constrained)
47	-2236.74	127583.70733	0.16119	(1 component(s) constrained)
48	-2233.24	127586.65128	0.16119	(1 component(s) constrained)
49	-2231.76	127583.59884	0.16119	(1 component(s) constrained)
50	-2233.92	127576.42092	0.16119	(1 component(s) constrained)
51	-2234.94	127589.82201	0.16119	(1 component(s) constrained)
52	-2235.99	127628.39823	0.16119	(1 component(s) constrained)
53	-2230.83	127616.31524	0.16119	(1 component(s) constrained)
54	-2234.51	127639.62722	0.16119	(1 component(s) constrained)
55	-2232.62	127558.97374	0.16119	(1 component(s) constrained)
56	-2236.54	127576.49175	0.16119	(1 component(s) constrained)
57	-2237.49	127547.94380	0.16119	(1 component(s) constrained)
58	-2231.46	127594.72901	0.16119	(1 component(s) constrained)
59	-2234.10	127601.95492	0.16119	(1 component(s) constrained)
60	-2235.98	127632.28703	0.16119	(1 component(s) constrained)
61	-2232.06	127583.57825	0.16119	(1 component(s) constrained)
62	-2234.47	127622.89158	0.16119	(1 component(s) constrained)
63	-2235.89	127578.26453	0.16119	(1 component(s) constrained)
64	-2234.03	127619.28129	0.16119	(1 component(s) constrained)
65	-2233.24	127616.09329	0.16119	(1 component(s) constrained)
66	-2234.66	127656.02266	0.16119	(1 component(s) constrained)
67	-2233.84	127644.22961	0.16119	(1 component(s) constrained)
68	-2231.59	127614.28856	0.16119	(1 component(s) constrained)
69	-2236.90	127620.24466	0.16119	(1 component(s) constrained)
70	-2229.47	127610.05153	0.16119	(1 component(s) constrained)
71	-2232.93	127600.64370	0.16119	(1 component(s) constrained)
72	-2230.88	127614.95310	0.16119	(1 component(s) constrained)
73	-2233.10	127628.92690	0.16119	(1 component(s) constrained)
74	-2231.79	127605.58002	0.16119	(1 component(s) constrained)
75	-2233.31	127607.89610	0.16119	(1 component(s) constrained)
76	-2232.66	127575.92615	0.16119	(1 component(s) constrained)
77	-2234.80	127665.09482	0.16119	(1 component(s) constrained)
78	-2234.67	127591.42006	0.16119	(1 component(s) constrained)
79	-2231.03	127631.47786	0.16119	(1 component(s) constrained)
80	-2235.37	127626.22252	0.16119	(1 component(s) constrained)
81	-2232.95	127676.45634	0.16119	(1 component(s) constrained)
82	-2234.36	127674.98059	0.16119	(1 component(s) constrained)
83	-2235.05	127667.16060	0.16119	(1 component(s) constrained)
84	-2234.46	127594.97222	0.16119	(1 component(s) constrained)
85	-2229.84	127607.20476	0.16119	(1 component(s) constrained)
86	-2230.96	127620.50592	0.16119	(1 component(s) constrained)
87	-2232.27	127607.29837	0.16119	(1 component(s) constrained)
88	-2230.73	127641.48317	0.16119	(1 component(s) constrained)
89	-2235.27	127627.95015	0.16119	(1 component(s) constrained)
90	-2230.77	127605.42807	0.16119	(1 component(s) constrained)
91	-2233.73	127595.04560	0.16119	(1 component(s) constrained)
92	-2234.26	127631.03650	0.16119	(1 component(s) constrained)
93	-2236.55	127624.97337	0.16119	(1 component(s) constrained)
94	-2236.45	127635.19970	0.16119	(1 component(s) constrained)
95	-2232.17	127586.61933	0.16119	(1 component(s) constrained)
96	-2234.52	127602.17278	0.16119	(1 component(s) constrained)
97	-2233.11	127590.68290	0.16119	(1 component(s) constrained)
98	-2234.49	127560.78204	0.16119	(1 component(s) constrained)
99	-2233.42	127632.54901	0.16119	(1 component(s) constrained)
100	-2237.36	127628.38903	0.16119	(1 component(s) constrained)
101	-2234.43	127543.40562	0.16119	(1 component(s) constrained)
102	-2231.92	127554.95623	0.16119	(1 component(s) constrained)
103	-2233.14	127576.11212	0.16119	(1 component(s) constrained)
104	-2233.43	127584.73668	0.16119	(1 component(s) constrained)
105	-2235.83	127600.18330	0.16119	(1 component(s) constrained)
106	-2233.22	127619.46572	0.16119	(1 component(s) constrained)
107	-2233.37	127619.88291	0.16119	(1 component(s) constrained)
108	-2233.62	127631.63449	0.16119	(1 component(s) constrained)
109	-2233.09	127633.31967	0.16119	(1 component(s) constrained)
110	-2236.23	127579.68927	0.16119	(1 component(s) constrained)
111	-2235.13	127631.76841	0.16119	(1 component(s) constrained)
112	-2235.25	127623.03787	0.16119	(1 component(s) constrained)
113	-2232.73	127608.01048	0.16119	(1 component(s) constrained)
114	-2230.24	127603.43029	0.16119	(1 component(s) constrained)
115	-2234.94	127601.21845	0.16119	(1 component(s) constrained)
116	-2230.63	127609.87493	0.16119	(1 component(s) constrained)
117	-2233.85	127619.52390	0.16119	(1 component(s) constrained)
118	-2232.73	127649.75463	0.16119	(1 component(s) constrained)
119	-2232.80	127638.79842	0.16119	(1 component(s) constrained)
120	-2233.77	127601.08531	0.16119	(1 component(s) constrained)
121	-2235.27	127591.26115	0.16119	(1 component(s) constrained)
122	-2235.13	127623.23118	0.16119	(1 component(s) constrained)
123	-2235.43	127655.49309	0.16119	(1 component(s) constrained)
124	-2233.70	127646.37583	0.16119	(1 component(s) constrained)
125	-2234.58	127632.90629	0.16119	(1 component(s) constrained)
126	-2233.45	127553.42196	0.16119	(1 component(s) constrained)
127	-2235.29	127573.80932	0.16119	(1 component(s) constrained)
128	-2233.14	127650.55275	0.16119	(1 component(s) constrained)
129	-2234.34	127647.07310	0.16119	(1 component(s) constrained)
130	-2235.61	127627.14912	0.16119	(1 component(s) constrained)
131	-2232.79	127637.07964	0.16119	(1 component(s) constrained)
132	-2230.93	127634.25569	0.16119	(1 component(s) constrained)
133	-2236.11	127632.34851	0.16119	(1 component(s) constrained)
134	-2233.08	127602.69221	0.16119	(1 component(s) constrained)
135	-2234.16	127630.11612	0.16119	(1 component(s) constrained)
136	-2231.51	127564.31504	0.16119	(1 component(s) constrained)
137	-2235.46	127595.72547	0.16119	(1 component(s) constrained)
138	-2235.45	127625.72549	0.16119	(1 component(s) constrained)
139	-2234.91	127590.93412	0.16119	(1 component(s) constrained)
140	-2234.86	127632.17603	0.16119	(1 component(s) constrained)
141	-2232.65	127620.03805	0.16119	(1 component(s) constrained)
142	-2228.88	127621.86825	0.16119	(1 component(s) constrained)
143	-2234.60	127618.80007	0.16119	(1 component(s) constrained)
144	-2233.05	127666.98997	0.16119	(1 component(s) constrained)
145	-2232.62	127649.83791	0.16119	(1 component(s) constrained)
146	-2233.89	127659.73721	0.16119	(1 component(s) constrained)
147	-2234.08	127557.69824	0.16119	(1 component(s) constrained)
148	-2232.80	127673.65648	0.16119	(1 component(s) constrained)
149	-2233.41	127643.89746	0.16119	(1 component(s) constrained)
150	-2233.54	127652.07054	0.16119	(1 component(s) constrained)
151	-2234.43	127619.41347	0.16119	(1 component(s) constrained)
152	-2228.65	127581.38484	0.16119	(1 component(s) constrained)
153	-2232.71	127596.49728	0.16119	(1 component(s) constrained)
154	-2236.74	127621.76498	0.16119	(1 component(s) constrained)
155	-2231.61	127591.52690	0.16119	(1 component(s) constrained)
156	-2232.60	127609.56169	0.16119	(1 component(s) constrained)
157	-2234.49	127619.35325	0.16119	(1 component(s) constrained)
158	-2234.62	127613.36812	0.16119	(1 component(s) constrained)
159	-2231.72	127631.93886	0.16119	(1 component(s) constrained)
160	-2232.80	127623.37688	0.16119	(1 component(s) constrained)
161	-2236.92	127554.42638	0.16119	(1 component(s) constrained)
162	-2232.22	127625.10400	0.16119	(1 component(s) constrained)
163	-2234.25	127623.75933	0.16119	(1 component(s) constrained)
164	-2235.21	127592.77086	0.16119	(1 component(s) constrained)
165	-2233.82	127645.57849	0.16119	(1 component(s) constrained)
166	-2232.04	127635.72917	0.16119	(1 component(s) constrained)
167	-2229.73	127627.02702	0.16119	(1 component(s) constrained)
168	-2233.03	127607.12098	0.16119	(1 component(s) constrained)
169	-2230.65	127615.28198	0.16119	(1 component(s) constrained)
170	-2236.30	127596.37254	0.16119	(1 component(s) constrained)
171	-2234.05	127619.41455	0.16119	(1 component(s) constrained)
172	-2233.09	127624.64233	0.16119	(1 component(s) constrained)
173	-2234.37	127644.04671	0.16119	(1 component(s) constrained)
174	-2232.17	127644.16971	0.16119	(1 component(s) constrained)
175	-2232.14	127605.98353	0.16119	(1 component(s) constrained)
176	-2237.22	127587.61089	0.16119	(1 component(s) constrained)
177	-2229.49	127592.43579	0.16119	(1 component(s) constrained)
178	-2235.71	127598.25889	0.16119	(1 component(s) constrained)
179	-2230.24	127625.43114	0.16119	(1 component(s) constrained)
180	-2231.89	127607.84939	0.16119	(1 component(s) constrained)
181	-2231.09	127567.09995	0.16119	(1 component(s) constrained)
182	-2234.80	127600.36208	0.16119	(1 component(s) constrained)
183	-2233.56	127680.87545	0.16119	(1 component(s) constrained)
184	-2236.86	127662.81676	0.16119	(1 component(s) constrained)
185	-2233.74	127589.07518	0.16119	(1 component(s) constrained)
186	-2230.68	127590.96726	0.16119	(1 component(s) constrained)
187	-2232.91	127580.01370	0.16119	(1 component(s) constrained)
188	-2234.80	127589.12729	0.16119	(1 component(s) constrained)
189	-2232.47	127595.11392	0.16119	(1 component(s) constrained)
190	-2231.99	127606.22593	0.16119	(1 component(s) constrained)
191	-2231.77	127701.09011	0.16119	(1 component(s) constrained)
192	-2232.25	127632.03627	0.16119	(1 component(s) constrained)
193	-2235.64	127668.72784	0.16119	(1 component(s) constrained)
194	-2234.96	127590.08442	0.16119	(1 component(s) constrained)
195	-2235.22	127675.18640	0.16119	(1 component(s) constrained)
196	-2231.60	127619.37852	0.16119	(1 component(s) constrained)
197	-2235.66	127600.64211	0.16119	(1 component(s) constrained)
198	-2234.19	127654.32430	0.16119	(1 component(s) constrained)
199	-2233.07	127653.13385	0.16119	(1 component(s) constrained)
200	-2235.62	127657.62743	0.16119	(1 component(s) constrained)
201	-2234.02	127545.29820	0.16119	(1 component(s) constrained)
202	-2233.71	127564.62342	0.16119	(1 component(s) constrained)
203	-2233.63	127651.73702	0.16119	(1 component(s) constrained)
204	-2233.93	127657.93756	0.16119	(1 component(s) constrained)
205	-2234.94	127583.45500	0.16119	(1 component(s) constrained)
206	-2233.75	127560.04867	0.16119	(1 component(s) constrained)
207	-2234.90	127568.39151	0.16119	(1 component(s) constrained)
208	-2231.77	127648.67421	0.16119	(1 component(s) constrained)
209	-2233.80	127641.55024	0.16119	(1 component(s) constrained)
210	-2232.16	127672.69948	0.16119	(1 component(s) constrained)
211	-2235.18	127653.24190	0.16119	(1 component(s) constrained)
212	-2233.64	127644.80577	0.16119	(1 component(s) constrained)
213	-2233.57	127658.92199	0.16119	(1 component(s) constrained)
214	-2235.93	127532.48277	0.16119	(1 component(s) constrained)
215	-2231.77	127638.24965	0.16119	(1 component(s) constrained)
216	-2234.26	127635.36756	0.16119	(1 component(s) constrained)
217	-2230.91	127613.33053	0.16119	(1 component(s) constrained)
218	-2230.77	127620.00525	0.16119	(1 component(s) constrained)
219	-2233.16	127625.63546	0.16119	(1 component(s) constrained)
220	-2231.90	127611.45887	0.16119	(1 component(s) constrained)
221	-2233.06	127612.08999	0.16119	(1 component(s) constrained)
222	-2235.96	127605.73438	0.16119	(1 component(s) constrained)
223	-2235.11	127672.06935	0.16119	(1 component(s) constrained)
224	-2232.92	127594.72346	0.16119	(1 component(s) constrained)
225	-2231.78	127602.59859	0.16119	(1 component(s) constrained)
226	-2234.07	127587.95124	0.16119	(1 component(s) constrained)
227	-2234.55	127556.69132	0.16119	(1 component(s) constrained)
228	-2235.03	127617.68438	0.16119	(1 component(s) constrained)
229	-2233.63	127608.34954	0.16119	(1 component(s) constrained)
230	-2233.52	127591.11005	0.16119	(1 component(s) constrained)
231	-2230.40	127568.74702	0.16119	(1 component(s) constrained)
232	-2233.74	127577.90396	0.16119	(1 component(s) constrained)
233	-2231.03	127631.36354	0.16119	(1 component(s) constrained)
234	-2235.37	127640.24274	0.16119	(1 component(s) constrained)
235	-2234.48	127566.25677	0.16119	(1 component(s) constrained)
236	-2236.85	127585.41101	0.16119	(1 component(s) constrained)
237	-2231.05	127612.27673	0.16119	(1 component(s) constrained)
238	-2230.56	127621.21015	0.16119	(1 component(s) constrained)
239	-2234.57	127569.77591	0.16119	(1 component(s) constrained)
240	-2237.22	127636.38040	0.16119	(1 component(s) constrained)
241	-2237.37	127694.26454	0.16119	(1 component(s) constrained)
242	-2232.16	127598.73669	0.16119	(1 component(s) constrained)
243	-2233.19	127611.98444	0.16119	(1 component(s) constrained)
244	-2233.00	127670.52586	0.16119	(1 component(s) constrained)
245	-2234.23	127644.34616	0.16119	(1 component(s) constrained)
246	-2233.64	127599.48499	0.16119	(1 component(s) constrained)
247	-2233.63	127671.62191	0.16119	(1 component(s) constrained)
248	-2233.43	127646.71289	0.16119	(1 component(s) constrained)
249	-2233.43	127614.38808	0.16119	(1 component(s) constrained)
250	-2234.40	127616.27869	0.16119	(1 component(s) constrained)
251	-2233.40	127637.97253	0.16119	(1 component(s) constrained)
252	-2231.98	127623.47383	0.16119	(1 component(s) constrained)
253	-2232.84	127612.08243	0.16119	(1 component(s) constrained)
254	-2232.12	127638.91358	0.16119	(1 component(s) constrained)
255	-2235.69	127601.34941	0.16119	(1 component(s) constrained)
256	-2233.40	127626.00410	0.16119	(1 component(s) constrained)
257	-2236.59	127612.22425	0.16119	(1 component(s) constrained)
258	-2235.99	127589.13039	0.16119	(1 component(s) constrained)
259	-2232.65	127621.60201	0.16119	(1 component(s) constrained)
260	-2229.41	127605.40709	0.16119	(1 component(s) constrained)
261	-2230.83	127581.99599	0.16119	(1 component(s) constrained)
262	-2234.04	127603.81620	0.16119	(1 component(s) constrained)
263	-2234.78	127674.92827	0.16119	(1 component(s) constrained)
264	-2232.44	127698.43201	0.16119	(1 component(s) constrained)
265	-2234.28	127657.89462	0.16119	(1 component(s) constrained)
266	-2229.91	127590.67065	0.16119	(1 component(s) constrained)
267	-2235.16	127587.23916	0.16119	(1 component(s) constrained)
268	-2232.75	127599.83037	0.16119	(1 component(s) constrained)
269	-2233.63	127597.49460	0.16119	(1 component(s) constrained)
270	-2231.50	127610.84345	0.16119	(1 component(s) constrained)
271	-2234.04	127600.25228	0.16119	(1 component(s) constrained)
272	-2232.54	127614.13155	0.16119	(1 component(s) constrained)
273	-2236.23	127626.07329	0.16119	(1 component(s) constrained)
274	-2234.35	127656.81930	0.16119	(1 component(s) constrained)
275	-2232.69	127625.58698	0.16119	(1 component(s) constrained)
276	-2231.01	127620.25007	0.16119	(1 component(s) constrained)
277	-2231.47	127593.03998	0.16119	(1 component(s) constrained)
278	-2234.04	127652.19709	0.16119	(1 component(s) constrained)
279	-2234.90	127680.67240	0.16119	(1 component(s) constrained)
280	-2233.72	127674.83987	0.16119	(1 component(s) constrained)
281	-2236.32	127651.28448	0.16119	(1 component(s) constrained)
282	-2231.93	127599.17468	0.16119	(1 component(s) constrained)
283	-2234.25	127598.52476	0.16119	(1 component(s) constrained)
284	-2231.02	127607.33150	0.16119	(1 component(s) constrained)
285	-2233.68	127613.08180	0.16119	(1 component(s) constrained)
286	-2234.49	127589.20324	0.16119	(1 component(s) constrained)
287	-2235.27	127555.82982	0.16119	(1 component(s) constrained)
288	-2231.51	127587.65144	0.16119	(1 component(s) constrained)
289	-2232.99	127590.43006	0.16119	(1 component(s) constrained)
290	-2234.05	127597.32462	0.16119	(1 component(s) constrained)
291	-2234.78	127629.52649	0.16119	(1 component(s) constrained)
292	-2235.80	127595.69798	0.16119	(1 component(s) constrained)
293	-2234.42	127656.05671	0.16119	(1 component(s) constrained)
294	-2233.61	127624.76959	0.16119	(1 component(s) constrained)
295	-2232.21	127640.67220	0.16119	(1 component(s) constrained)
296	-2234.92	127649.52464	0.16119	(1 component(s) constrained)
297	-2234.17	127603.89709	0.16119	(1 component(s) constrained)
298	-2233.58	127568.74444	0.16119	(1 component(s) constrained)
299	-2233.93	127566.33468	0.16119	(1 component(s) constrained)
300	-2231.98	127610.05844	0.16119	(1 component(s) constrained)
301	-2235.25	127611.95878	0.16119	(1 component(s) constrained)
302	-2234.36	127606.36744	0.16119	(1 component(s) constrained)
303	-2233.18	127646.55285	0.16119	(1 component(s) constrained)
304	-2230.92	127657.74162	0.16119	(1 component(s) constrained)
305	-2233.63	127636.78623	0.16119	(1 component(s) constrained)
306	-2232.88	127574.91988	0.16119	(1 component(s) constrained)
307	-2229.93	127605.64992	0.16119	(1 component(s) constrained)
308	-2234.80	127614.77432	0.16119	(1 component(s) constrained)
309	-2234.71	127651.99380	0.16119	(1 component(s) constrained)
310	-2233.38	127626.35334	0.16119	(1 component(s) constrained)
311	-2235.18	127615.97364	0.16119	(1 component(s) constrained)
312	-2232.28	127560.06462	0.16119	(1 component(s) constrained)
313	-2233.07	127585.96389	0.16119	(1 component(s) constrained)
314	-2232.00	127565.80823	0.16119	(1 component(s) constrained)
315	-2236.53	127582.12529	0.16119	(1 component(s) constrained)
316	-2235.61	127598.03905	0.16119	(1 component(s) constrained)
317	-2233.69	127668.13874	0.16119	(1 component(s) constrained)
318	-2235.36	127657.74902	0.16119	(1 component(s) constrained)
319	-2235.35	127595.70189	0.16119	(1 component(s) constrained)
320	-2232.80	127648.25707	0.16119	(1 component(s) constrained)
321	-2233.07	127638.40983	0.16119	(1 component(s) constrained)
322	-2239.08	127560.96772	0.16119	(1 component(s) constrained)
323	-2235.54	127606.61529	0.16119	(1 component(s) constrained)
324	-2234.56	127598.19472	0.16119	(1 component(s) constrained)
325	-2236.64	127623.54747	0.16119	(1 component(s) constrained)
326	-2235.14	127610.92725	0.16119	(1 component(s) constrained)
327	-2234.69	127614.72398	0.16119	(1 component(s) constrained)
328	-2235.93	127697.08307	0.16119	(1 component(s) constrained)
329	-2233.30	127603.17361	0.16119	(1 component(s) constrained)
330	-2234.39	127603.61032	0.16119	(1 component(s) constrained)
331	-2233.40	127623.39346	0.16119	(1 component(s) constrained)
332	-2230.93	127608.21689	0.16119	(1 component(s) constrained)
333	-2232.33	127588.28825	0.16119	(1 component(s) constrained)
334	-2233.50	127626.37430	0.16119	(1 component(s) constrained)
335	-2234.27	127606.57087	0.16119	(1 component(s) constrained)
336	-2233.24	127665.76846	0.16119	(1 component(s) constrained)
337	-2233.20	127644.47240	0.16119	(1 component(s) constrained)
338	-2234.23	127637.04650	0.16119	(1 component(s) constrained)
339	-2234.40	127698.35954	0.16119	(1 component(s) constrained)
340	-2235.05	127601.26548	0.16119	(1 component(s) constrained)
341	-2233.18	127563.89237	0.16119	(1 component(s) constrained)
342	-2236.13	127592.50257	0.16119	(1 component(s) constrained)
343	-2234.96	127612.34152	0.16119	(1 component(s) constrained)
344	-2233.20	127595.49759	0.16119	(1 component(s) constrained)
345	-2234.46	127597.62053	0.16119	(1 component(s) constrained)
346	-2235.76	127641.68324	0.16119	(1 component(s) constrained)
347	-2233.61	127586.82571	0.16119	(1 component(s) constrained)
348	-2235.67	127579.16566	0.16119	(1 component(s) constrained)
349	-2233.30	127661.89256	0.16119	(1 component(s) constrained)
350	-2230.43	127649.59417	0.16119	(1 component(s) constrained)
351	-2235.25	127638.20208	0.16119	(1 component(s) constrained)
352	-2233.97	127593.48949	0.16119	(1 component(s) constrained)
353	-2232.37	127585.23682	0.16119	(1 component(s) constrained)
354	-2235.13	127594.18031	0.16119	(1 component(s) constrained)
355	-2229.32	127595.86431	0.16119	(1 component(s) constrained)
356	-2233.10	127601.96576	0.16119	(1 component(s) constrained)
357	-2232.34	127607.95497	0.16119	(1 component(s) constrained)
358	-2231.57	127650.55805	0.16119	(1 component(s) constrained)
359	-2233.27	127643.64829	0.16119	(1 component(s) constrained)
360	-2232.01	127538.77597	0.16119	(1 component(s) constrained)
361	-2234.41	127559.73071	0.16119	(1 component(s) constrained)
362	-2235.71	127607.20451	0.16119	(1 component(s) constrained)
363	-2236.34	127588.76348	0.16119	(1 component(s) constrained)
364	-2231.24	127617.77207	0.16119	(1 component(s) constrained)
365	-2231.34	127624.74789	0.16119	(1 component(s) constrained)
366	-2234.18	127653.17476	0.16119	(1 component(s) constrained)
367	-2233.44	127518.43906	0.16119	(1 component(s) constrained)
368	-2232.17	127678.16521	0.16119	(1 component(s) constrained)
369	-2234.15	127663.47358	0.16119	(1 component(s) constrained)
370	-2237.49	127646.69094	0.16119	(1 component(s) constrained)
371	-2232.05	127613.30738	0.16119	(1 component(s) constrained)
372	-2233.83	127607.30133	0.16119	(1 component(s) constrained)
373	-2235.21	127654.60362	0.16119	(1 component(s) constrained)
374	-2232.85	127652.42154	0.16119	(1 component(s) constrained)
375	-2231.84	127624.76841	0.16119	(1 component(s) constrained)
376	-2234.11	127628.80475	0.16119	(1 component(s) constrained)
377	-2231.27	127623.52308	0.16119	(1 component(s) constrained)
378	-2233.10	127618.40330	0.16119	(1 component(s) constrained)
379	-2230.53	127645.58118	0.16119	(1 component(s) constrained)
380	-2233.41	127638.54566	0.16119	(1 component(s) constrained)
381	-2234.02	127570.24526	0.16119	(1 component(s) constrained)
382	-2237.44	127640.36650	0.16119	(1 component(s) constrained)
383	-2234.17	127653.75196	0.16119	(1 component(s) constrained)
384	-2233.38	127642.65176	0.16119	(1 component(s) constrained)
385	-2232.62	127559.86811	0.16119	(1 component(s) constrained)
386	-2232.71	127555.05191	0.16119	(1 component(s) constrained)
387	-2234.35	127628.33112	0.16119	(1 component(s) constrained)
388	-2229.91	127648.49418	0.16119	(1 component(s) constrained)
389	-2234.60	127655.49519	0.16119	(1 component(s) constrained)
390	-2232.12	127665.81037	0.16119	(1 component(s) constrained)
391	-2231.46	127639.63345	0.16119	(1 component(s) constrained)
392	-2234.10	127641.50840	0.16119	(1 component(s) constrained)
393	-2233.86	127573.33157	0.16119	(1 component(s) constrained)
394	-2233.04	127648.24745	0.16119	(1 component(s) constrained)
395	-2232.73	127586.33104	0.16119	(1 component(s) constrained)
396	-2233.74	127613.13859	0.16119	(1 component(s) constrained)
397	-2236.45	127588.90557	0.16119	(1 component(s) constrained)
398	-2233.14	127655.56468	0.16119	(1 component(s) constrained)
399	-2236.12	127655.43467	0.16119	(1 component(s) constrained)
400	-2231.61	127619.03309	0.16119	(1 component(s) constrained)
401	-2234.51	127610.78732	0.16119	(1 component(s) constrained)
402	-2234.20	127551.52671	0.16119	(1 component(s) constrained)
403	-2231.42	127643.25917	0.16119	(1 component(s) constrained)
404	-2235.22	127641.68792	0.16119	(1 component(s) constrained)
405	-2234.64	127618.01058	0.16119	(1 component(s) constrained)
406	-2234.60	127543.97978	0.16119	(1 component(s) constrained)
407	-2234.66	127691.37552	0.16119	(1 component(s) constrained)
408	-2232.25	127634.21488	0.16119	(1 component(s) constrained)
409	-2234.95	127628.37767	0.16119	(1 component(s) constrained)
410	-2232.71	127625.74029	0.16119	(1 component(s) constrained)
411	-2232.45	127615.06859	0.16119	(1 component(s) constrained)
412	-2233.18	127584.24803	0.16119	(1 component(s) constrained)
413	-2229.88	127609.73585	0.16119	(1 component(s) constrained)
414	-2232.92	127597.42534	0.16119	(1 component(s) constrained)
415	-2230.83	127616.32339	0.16119	(1 component(s) constrained)
416	-2234.14	127653.56494	0.16119	(1 component(s) constrained)
417	-2234.34	127662.96940	0.16119	(1 component(s) constrained)
418	-2235.40	127543.17201	0.16119	(1 component(s) constrained)
419	-2233.20	127614.26635	0.16119	(1 component(s) constrained)
420	-2234.21	127638.34365	0.16119	(1 component(s) constrained)
421	-2234.51	127630.39402	0.16119	(1 component(s) constrained)
422	-2236.77	127604.34712	0.16119	(1 component(s) constrained)
423	-2230.42	127631.02198	0.16119	(1 component(s) constrained)
424	-2231.80	127617.72931	0.16119	(1 component(s) constrained)
425	-2235.72	127620.16489	0.16119	(1 component(s) constrained)
426	-2231.29	127642.67442	0.16119	(1 component(s) constrained)
427	-2233.49	127641.02983	0.16119	(1 component(s) constrained)
428	-2231.74	127552.13171	0.16119	(1 component(s) constrained)
429	-2232.47	127573.99315	0.16119	(1 component(s) constrained)
430	-2232.29	127684.45667	0.16119	(1 component(s) constrained)
431	-2233.71	127592.98340	0.16119	(1 component(s) constrained)
432	-2233.89	127693.71947	0.16119	(1 component(s) constrained)
433	-2233.67	127579.61632	0.16119	(1 component(s) constrained)
434	-2232.09	127631.54712	0.16119	(1 component(s) constrained)
435	-2235.33	127635.04908	0.16119	(1 component(s) constrained)
436	-2233.26	127659.75306	0.16119	(1 component(s) constrained)
437	-2233.02	127631.67728	0.16119	(1 component(s) constrained)
438	-2233.48	127650.15543	0.16119	(1 component(s) constrained)
439	-2231.96	127610.35481	0.16119	(1 component(s) constrained)
440	-2233.84	127619.54822	0.16119	(1 component(s) constrained)
441	-2235.89	127560.32649	0.16119	(1 component(s) constrained)
442	-2229.88	127605.40456	0.16119	(1 component(s) constrained)
443	-2232.29	127638.38000	0.16119	(1 component(s) constrained)
444	-2231.43	127563.75588	0.16119	(1 component(s) constrained)
445	-2231.71	127576.77195	0.16119	(1 component(s) constrained)
446	-2236.30	127686.21832	0.16119	(1 component(s) constrained)
447	-2232.62	127568.30566	0.16119	(1 component(s) constrained)
448	-2232.27	127592.43667	0.16119	(1 component(s) constrained)
449	-2230.79	127598.59088	0.16119	(1 component(s) constrained)
450	-2235.60	127592.50802	0.16119	(1 component(s) constrained)
451	-2234.24	127570.63978	0.16119	(1 component(s) constrained)
452	-2234.23	127598.86649	0.16119	(1 component(s) constrained)
453	-2234.39	127596.84810	0.16119	(1 component(s) constrained)
454	-2232.21	127638.50754	0.16119	(1 component(s) constrained)
455	-2229.97	127637.68628	0.16119	(1 component(s) constrained)
456	-2233.62	127644.38885	0.16119	(1 component(s) constrained)
457	-2232.80	127610.93975	0.16119	(1 component(s) constrained)
458	-2233.24	127579.88226	0.16119	(1 component(s) constrained)
459	-2233.16	127588.95609	0.16119	(1 component(s) constrained)
460	-2230.38	127585.25836	0.16119	(1 component(s) constrained)
461	-2234.49	127605.10596	0.16119	(1 component(s) constrained)
462	-2234.33	127660.51699	0.16119	(1 component(s) constrained)
463	-2234.31	127591.28422	0.16119	(1 component(s) constrained)
464	-2233.23	127599.89535	0.16119	(1 component(s) constrained)
465	-2233.21	127587.86979	0.16119	(1 component(s) constrained)
466	-2231.45	127602.15728	0.16119	(1 component(s) constrained)
467	-2234.41	127599.26047	0.16119	(1 component(s) constrained)
468	-2228.75	127619.60936	0.16119	(1 component(s) constrained)
469	-2234.48	127611.68421	0.16119	(1 component(s) constrained)
470	-2232.19	127630.48538	0.16119	(1 component(s) constrained)
471	-2233.52	127646.22315	0.16119	(1 component(s) constrained)
472	-2231.50	127611.92168	0.16119	(1 component(s) constrained)
473	-2233.33	127605.15102	0.16119	(1 component(s) constrained)
474	-2234.41	127559.27819	0.16119	(1 component(s) constrained)
475	-2232.62	127602.34279	0.16119	(1 component(s) constrained)
476	-2233.13	127591.03201	0.16119	(1 component(s) constrained)
477	-2233.33	127563.66797	0.16119	(1 component(s) constrained)
478	-2233.42	127589.63969	0.16119	(1 component(s) constrained)
479	-2232.37	127561.80657	0.16119	(1 component(s) constrained)
480	-2232.14	127579.29276	0.16119	(1 component(s) constrained)
481	-2234.34	127622.27230	0.16119	(1 component(s) constrained)
482	-2236.51	127650.75597	0.16119	(1 component(s) constrained)
483	-2237.88	127618.45245	0.16119	(1 component(s) constrained)
484	-2234.96	127485.93668	0.16119	(1 component(s) constrained)
485	-2234.61	127538.00675	0.16119	(1 component(s) constrained)
486	-2237.72	127594.34441	0.16119	(1 component(s) constrained)
487	-2232.89	127519.54206	0.16119	(1 component(s) constrained)
488	-2236.17	127526.76832	0.16119	(1 component(s) constrained)
489	-2229.27	127593.71564	0.16119	(1 component(s) constrained)
490	-2233.88	127604.68783	0.16119	(1 component(s) constrained)
491	-2233.61	127619.95002	0.16119	(1 component(s) constrained)
492	-2231.65	127673.80326	0.16119	(1 component(s) constrained)
493	-2229.92	127652.94587	0.16119	(1 component(s) constrained)
494	-2233.52	127639.31887	0.16119	(1 component(s) constrained)
495	-2234.36	127616.14845	0.16119	(1 component(s) constrained)
496	-2232.43	127641.52771	0.16119	(1 component(s) constrained)
497	-2229.43	127630.04312	0.16119	(1 component(s) constrained)
498	-2234.59	127637.19696	0.16119	(1 component(s) constrained)
499	-2230.56	127668.04199	0.16119	(1 component(s) constrained)
500	-2235.81	127668.01454	0.16119	(1 component(s) constrained)
501	-2233.84	127600.88186	0.16119	(1 component(s) constrained)
502	-2236.10	127610.38733	0.16119	(1 component(s) constrained)
503	-2232.52	127664.91399	0.16119	(1 component(s) constrained)
504	-2235.37	127653.02748	0.16119	(1 component(s) constrained)
505	-2233.17	127635.31722	0.16119	(1 component(s) constrained)
506	-2233.78	127624.13201	0.16119	(1 component(s) constrained)
507	-2233.56	127555.13943	0.16119	(1 component(s) constrained)
508	-2230.52	127576.47589	0.16119	(1 component(s) constrained)
509	-2234.19	127609.77776	0.16119	(1 component(s) constrained)
510	-2232.01	127634.71013	0.16119	(1 component(s) constrained)
511	-2232.68	127620.34068	0.16119	(1 component(s) constrained)
512	-2233.11	127639.06746	0.16119	(1 component(s) constrained)
513	-2234.50	127680.29687	0.16119	(1 component(s) constrained)
514	-2236.43	127623.95446	0.16119	(1 component(s) constrained)
515	-2234.71	127562.00262	0.16119	(1 component(s) constrained)
516	-2232.83	127581.13001	0.16119	(1 component(s) constrained)
517	-2233.47	127594.45481	0.16119	(1 component(s) constrained)
518	-2234.30	127579.11784	0.16119	(1 component(s) constrained)
519	-2232.11	127591.14263	0.16119	(1 component(s) constrained)
520	-2235.27	127601.84870	0.16119	(1 component(s) constrained)
521	-2231.69	127662.48267	0.16119	(1 component(s) constrained)
522	-2232.09	127658.47244	0.16119	(1 component(s) constrained)
523	-2230.91	127628.41662	0.16119	(1 component(s) constrained)
524	-2232.58	127630.98884	0.16119	(1 component(s) constrained)
525	-2236.05	127591.58187	0.16119	(1 component(s) constrained)
526	-2235.36	127638.86433	0.16119	(1 component(s) constrained)
527	-2235.10	127620.61663	0.16119	(1 component(s) constrained)
528	-2234.91	127587.44747	0.16119	(1 component(s) constrained)
529	-2233.16	127640.31531	0.16119	(1 component(s) constrained)
530	-2232.69	127634.71572	0.16119	(1 component(s) constrained)
531	-2235.37	127611.78844	0.16119	(1 component(s) constrained)
532	-2236.16	127665.97285	0.16119	(1 component(s) constrained)
533	-2233.50	127602.81551	0.16119	(1 component(s) constrained)
534	-2233.44	127592.30982	0.16119	(1 component(s) constrained)
535	-2238.14	127555.57799	0.16119	(1 component(s) constrained)
536	-2234.47	127632.33410	0.16119	(1 component(s) constrained)
537	-2236.84	127632.37107	0.16119	(1 component(s) constrained)
538	-2230.32	127614.44780	0.16119	(1 component(s) constrained)
539	-2237.58	127600.15214	0.16119	(1 component(s) constrained)
540	-2232.99	127540.44150	0.16119	(1 component(s) constrained)
541	-2237.04	127546.63060	0.16119	(1 component(s) constrained)
542	-2231.56	127653.49833	0.16119	(1 component(s) constrained)
543	-2230.55	127643.14385	0.16119	(1 component(s) constrained)
544	-2234.70	127627.13942	0.16119	(1 component(s) constrained)
545	-2234.68	127622.81985	0.16119	(1 component(s) constrained)
546	-2233.30	127639.99764	0.16119	(1 component(s) constrained)
547	-2233.88	127629.55583	0.16119	(1 component(s) constrained)
548	-2234.11	127679.76857	0.16119	(1 component(s) constrained)
549	-2234.31	127700.56238	0.16119	(1 component(s) constrained)
550	-2233.29	127543.21816	0.16119	(1 component(s) constrained)
551	-2233.00	127538.93926	0.16119	(1 component(s) constrained)
552	-2231.18	127625.25413	0.16119	(1 component(s) constrained)
553	-2233.79	127616.65030	0.16119	(1 component(s) constrained)
554	-2236.57	127653.41670	0.16119	(1 component(s) constrained)
555	-2232.23	127590.86017	0.16119	(1 component(s) constrained)
556	-2234.14	127584.71405	0.16119	(1 component(s) constrained)
557	-2235.31	127614.64566	0.16119	(1 component(s) constrained)
558	-2237.07	127623.81742	0.16119	(1 component(s) constrained)
559	-2234.91	127664.16640	0.16119	(1 component(s) constrained)
560	-2235.99	127631.22974	0.16119	(1 component(s) constrained)
561	-2237.56	127602.94807	0.16119	(1 component(s) constrained)
562	-2236.48	127599.89187	0.16119	(1 component(s) constrained)
563	-2232.81	127594.98112	0.16119	(1 component(s) constrained)
564	-2232.11	127583.99729	0.16119	(1 component(s) constrained)
565	-2233.31	127629.62128	0.16119	(1 component(s) constrained)
566	-2232.77	127717.97339	0.16119	(1 component(s) constrained)
567	-2236.71	127594.50426	0.16119	(1 component(s) constrained)
568	-2233.86	127536.69948	0.16119	(1 component(s) constrained)
569	-2232.54	127569.25058	0.16119	(1 component(s) constrained)
570	-2233.77	127581.39694	0.16119	(1 component(s) constrained)
571	-2237.31	127670.89474	0.16119	(1 component(s) constrained)
572	-2236.43	127586.94931	0.16119	(1 component(s) constrained)
573	-2232.73	127602.87655	0.16119	(1 component(s) constrained)
574	-2236.07	127597.88083	0.16119	(1 component(s) constrained)
575	-2234.08	127539.14967	0.16119	(1 component(s) constrained)
576	-2232.44	127574.45266	0.16119	(1 component(s) constrained)
577	-2236.23	127612.19077	0.16119	(1 component(s) constrained)
578	-2233.52	127591.37500	0.16119	(1 component(s) constrained)
579	-2232.00	127629.20987	0.16119	(1 component(s) constrained)
580	-2236.88	127614.36955	0.16119	(1 component(s) constrained)
581	-2231.39	127562.70372	0.16119	(1 component(s) constrained)
582	-2237.52	127600.24398	0.16119	(1 component(s) constrained)
583	-2237.71	127629.26759	0.16119	(1 component(s) constrained)
584	-2232.14	127610.04946	0.16119	(1 component(s) constrained)
585	-2231.39	127622.30358	0.16119	(1 component(s) constrained)
586	-2234.32	127619.33513	0.16119	(1 component(s) constrained)
587	-2235.62	127644.93078	0.16119	(1 component(s) constrained)
588	-2235.82	127551.19478	0.16119	(1 component(s) constrained)
589	-2235.16	127641.42521	0.16119	(1 component(s) constrained)
590	-2233.71	127580.43845	0.16119	(1 component(s) constrained)
591	-2236.11	127587.69131	0.16119	(1 component(s) constrained)
592	-2235.02	127609.07110	0.16119	(1 component(s) constrained)
593	-2233.96	127601.46278	0.16119	(1 component(s) constrained)
594	-2234.97	127611.34588	0.16119	(1 component(s) constrained)
595	-2232.38	127645.77273	0.16119	(1 component(s) constrained)
596	-2232.21	127605.66136	0.16119	(1 component(s) constrained)
597	-2235.05	127673.34161	0.16119	(1 component(s) constrained)
598	-2232.27	127683.24111	0.16119	(1 component(s) constrained)
599	-2235.63	127648.27155	0.16119	(1 component(s) constrained)
600	-2234.49	127645.10001	0.16119	(1 component(s) constrained)
601	-2233.30	127629.32296	0.16119	(1 component(s) constrained)
602	-2237.30	127620.11292	0.16119	(1 component(s) constrained)
603	-2235.83	127639.22031	0.16119	(1 component(s) constrained)
604	-2236.36	127625.68422	0.16119	(1 component(s) constrained)
605	-2234.77	127663.24064	0.16119	(1 component(s) constrained)
606	-2234.38	127663.19103	0.16119	(1 component(s) constrained)
607	-2235.28	127583.76825	0.16119	(1 component(s) constrained)
608	-2231.76	127632.38327	0.16119	(1 component(s) constrained)
609	-2235.85	127628.43857	0.16119	(1 component(s) constrained)
610	-2235.75	127701.96208	0.16119	(1 component(s) constrained)
611	-2233.32	127635.27524	0.16119	(1 component(s) constrained)
612	-2233.67	127630.09990	0.16119	(1 component(s) constrained)
613	-2231.13	127601.49144	0.16119	(1 component(s) constrained)
614	-2232.37	127593.99760	0.16119	(1 component(s) constrained)
615	-2232.59	127656.59771	0.16119	(1 component(s) constrained)
616	-2233.38	127635.59535	0.16119	(1 component(s) constrained)
617	-2233.01	127526.31161	0.16119	(1 component(s) constrained)
618	-2231.13	127601.79579	0.16119	(1 component(s) constrained)
619	-2231.22	127595.30061	0.16119	(1 component(s) constrained)
620	-2236.80	127670.06670	0.16119	(1 component(s) constrained)
621	-2231.28	127655.08042	0.16119	(1 component(s) constrained)
622	-2231.94	127625.45749	0.16119	(1 component(s) constrained)
623	-2233.74	127582.84825	0.16119	(1 component(s) constrained)
624	-2235.23	127616.71205	0.16119	(1 component(s) constrained)
625	-2235.43	127590.04600	0.16119	(1 component(s) constrained)
626	-2232.56	127613.28110	0.16119	(1 component(s) constrained)
627	-2236.67	127599.96024	0.16119	(1 component(s) constrained)
628	-2232.74	127625.98290	0.16119	(1 component(s) constrained)
629	-2234.89	127621.88397	0.16119	(1 component(s) constrained)
630	-2232.16	127575.38830	0.16119	(1 component(s) constrained)
631	-2229.94	127563.93838	0.16119	(1 component(s) constrained)
632	-2232.86	127584.14606	0.16119	(1 component(s) constrained)
633	-2230.59	127637.54266	0.16119	(1 component(s) constrained)
634	-2234.80	127645.69923	0.16119	(1 component(s) constrained)
635	-2234.20	127665.95871	0.16119	(1 component(s) constrained)
636	-2228.85	127576.73634	0.16119	(1 component(s) constrained)
637	-2234.41	127592.41988	0.16119	(1 component(s) constrained)
638	-2233.00	127586.16631	0.16119	(1 component(s) constrained)
639	-2233.55	127601.35549	0.16119	(1 component(s) constrained)
640	-2231.85	127598.48140	0.16119	(1 component(s) constrained)
641	-2235.98	127614.78466	0.16119	(1 component(s) constrained)
642	-2235.58	127676.94754	0.16119	(1 component(s) constrained)
643	-2234.44	127580.19097	0.16119	(1 component(s) constrained)
644	-2237.21	127593.51016	0.16119	(1 component(s) constrained)
645	-2235.86	127611.52204	0.16119	(1 component(s) constrained)
646	-2234.03	127620.27327	0.16119	(1 component(s) constrained)
647	-2234.75	127609.30826	0.16119	(1 component(s) constrained)
648	-2232.16	127589.88139	0.16119	(1 component(s) constrained)
649	-2231.31	127614.91936	0.16119	(1 component(s) constrained)
650	-2234.55	127664.15581	0.16119	(1 component(s) constrained)
651	-2233.30	127663.17243	0.16119	(1 component(s) constrained)
652	-2232.37	127631.51711	0.16119	(1 component(s) constrained)
653	-2232.78	127641.89449	0.16119	(1 component(s) constrained)
654	-2235.40	127604.21318	0.16119	(1 component(s) constrained)
655	-2230.54	127592.79223	0.16119	(1 component(s) constrained)
656	-2233.23	127588.09806	0.16119	(1 component(s) constrained)
657	-2230.80	127610.34980	0.16119	(1 component(s) constrained)
658	-2234.52	127605.89144	0.16119	(1 component(s) constrained)
659	-2235.13	127593.34371	0.16119	(1 component(s) constrained)
660	-2230.43	127643.07847	0.16119	(1 component(s) constrained)
661	-2231.92	127635.32149	0.16119	(1 component(s) constrained)
662	-2234.52	127687.19310	0.16119	(1 component(s) constrained)
663	-2231.78	127667.02901	0.16119	(1 component(s) constrained)
664	-2234.46	127620.44464	0.16119	(1 component(s) constrained)
665	-2234.34	127600.53596	0.16119	(1 component(s) constrained)
666	-2232.45	127602.12289	0.16119	(1 component(s) constrained)
667	-2230.36	127605.02307	0.16119	(1 component(s) constrained)
668	-2233.77	127585.24024	0.16119	(1 component(s) constrained)
669	-2234.01	127637.59674	0.16119	(1 component(s) constrained)
670	-2235.11	127670.22326	0.16119	(1 component(s) constrained)
671	-2232.17	127647.47062	0.16119	(1 component(s) constrained)
672	-2237.07	127603.64467	0.16119	(1 component(s) constrained)
673	-2233.64	127602.00798	0.16119	(1 component(s) constrained)
674	-2231.70	127604.46283	0.16119	(1 component(s) constrained)
675	-2233.74	127615.58750	0.16119	(1 component(s) constrained)
676	-2235.78	127638.88193	0.16119	(1 component(s) constrained)
677	-2235.24	127626.21457	0.16119	(1 component(s) constrained)
678	-2236.06	127663.13911	0.16119	(1 component(s) constrained)
679	-2230.47	127534.78527	0.16119	(1 component(s) constrained)
680	-2234.00	127538.16405	0.16119	(1 component(s) constrained)
681	-2234.73	127600.27000	0.16119	(1 component(s) constrained)
682	-2233.20	127568.97440	0.16119	(1 component(s) constrained)
683	-2233.21	127581.88116	0.16119	(1 component(s) constrained)
684	-2234.21	127598.76948	0.16119	(1 component(s) constrained)
685	-2234.56	127584.91501	0.16119	(1 component(s) constrained)
686	-2234.40	127655.87607	0.16119	(1 component(s) constrained)
687	-2235.70	127551.17881	0.16119	(1 component(s) constrained)
688	-2235.40	127654.26979	0.16119	(1 component(s) constrained)
689	-2230.93	127620.73373	0.16119	(1 component(s) constrained)
690	-2236.44	127610.80718	0.16119	(1 component(s) constrained)
691	-2233.73	127594.06002	0.16119	(1 component(s) constrained)
692	-2233.70	127600.82688	0.16119	(1 component(s) constrained)
693	-2237.07	127554.08326	0.16119	(1 component(s) constrained)
694	-2233.62	127644.90962	0.16119	(1 component(s) constrained)
695	-2234.95	127623.49637	0.16119	(1 component(s) constrained)
696	-2235.33	127593.12660	0.16119	(1 component(s) constrained)
697	-2236.89	127603.63288	0.16119	(1 component(s) constrained)
698	-2234.92	127624.63787	0.16119	(1 component(s) constrained)
699	-2233.42	127634.75837	0.16119	(1 component(s) constrained)
700	-2233.51	127633.03313	0.16119	(1 component(s) constrained)
701	-2233.38	127615.27575	0.16119	(1 component(s) constrained)
702	-2234.00	127701.55535	0.16119	(1 component(s) constrained)
703	-2232.53	127639.17850	0.16119	(1 component(s) constrained)
704	-2234.68	127634.31487	0.16119	(1 component(s) constrained)
705	-2236.30	127621.96735	0.16119	(1 component(s) constrained)
706	-2233.20	127569.67188	0.16119	(1 component(s) constrained)
707	-2230.34	127566.99791	0.16119	(1 component(s) constrained)
708	-2233.30	127587.82500	0.16119	(1 component(s) constrained)
709	-2232.25	127552.82882	0.16119	(1 component(s) constrained)
710	-2232.88	127591.67760	0.16119	(1 component(s) constrained)
711	-2233.55	127637.46102	0.16119	(1 component(s) constrained)
712	-2229.65	127643.02012	0.16119	(1 component(s) constrained)
713	-2231.61	127627.11353	0.16119	(1 component(s) constrained)
714	-2230.62	127653.79662	0.16119	(1 component(s) constrained)
715	-2234.42	127596.81426	0.16119	(1 component(s) constrained)
716	-2232.46	127680.29864	0.16119	(1 component(s) constrained)
717	-2232.39	127655.96863	0.16119	(1 component(s) constrained)
718	-2235.55	127630.97815	0.16119	(1 component(s) constrained)
719	-2232.51	127644.66361	0.16119	(1 component(s) constrained)
720	-2231.49	127624.96644	0.16119	(1 component(s) constrained)
721	-2232.58	127605.38089	0.16119	(1 component(s) constrained)
722	-2233.17	127567.16286	0.16119	(1 component(s) constrained)
723	-2234.60	127656.87885	0.16119	(1 component(s) constrained)
724	-2237.96	127566.50299	0.16119	(1 component(s) constrained)
725	-2232.75	127571.84293	0.16119	(1 component(s) constrained)
726	-2231.98	127607.30904	0.16119	(1 component(s) constrained)
727	-2234.15	127604.20290	0.16119	(1 component(s) constrained)
728	-2234.47	127682.39633	0.16119	(1 component(s) constrained)
729	-2234.04	127655.64812	0.16119	(1 component(s) constrained)
730	-2235.67	127623.83920	0.16119	(1 component(s) constrained)
731	-2235.63	127574.48605	0.16119	(1 component(s) constrained)
732	-2235.71	127627.93347	0.16119	(1 component(s) constrained)
733	-2232.22	127692.01694	0.16119	(1 component(s) constrained)
734	-2232.81	127657.33089	0.16119	(1 component(s) constrained)
735	-2232.65	127598.10197	0.16119	(1 component(s) constrained)
736	-2234.58	127572.87958	0.16119	(1 component(s) constrained)
737	-2229.90	127594.87621	0.16119	(1 component(s) constrained)
738	-2232.51	127575.47998	0.16119	(1 component(s) constrained)
739	-2233.78	127568.93617	0.16119	(1 component(s) constrained)
740	-2235.36	127598.08255	0.16119	(1 component(s) constrained)
741	-2232.75	127590.24434	0.16119	(1 component(s) constrained)
742	-2231.29	127617.71200	0.16119	(1 component(s) constrained)
743	-2232.21	127595.60763	0.16119	(1 component(s) constrained)
744	-2235.04	127653.66610	0.16119	(1 component(s) constrained)
745	-2234.12	127568.19573	0.16119	(1 component(s) constrained)
746	-2232.83	127580.85791	0.16119	(1 component(s) constrained)
747	-2233.58	127581.36403	0.16119	(1 component(s) constrained)
748	-2239.03	127593.81751	0.16119	(1 component(s) constrained)
749	-2234.87	127631.08190	0.16119	(1 component(s) constrained)
750	-2229.03	127609.50005	0.16119	(1 component(s) constrained)
751	-2230.33	127611.23029	0.16119	(1 component(s) constrained)
752	-2233.42	127541.78948	0.16119	(1 component(s) constrained)
753	-2230.35	127660.85452	0.16119	(1 component(s) constrained)
754	-2232.69	127639.43457	0.16119	(1 component(s) constrained)
755	-2231.76	127635.75525	0.16119	(1 component(s) constrained)
756	-2233.44	127593.07287	0.16119	(1 component(s) constrained)
757	-2232.59	127617.81312	0.16119	(1 component(s) constrained)
758	-2236.89	127564.68718	0.16119	(1 component(s) constrained)
759	-2234.80	127622.21407	0.16119	(1 component(s) constrained)
760	-2235.37	127629.18953	0.16119	(1 component(s) constrained)
761	-2232.88	127591.99133	0.16119	(1 component(s) constrained)
762	-2232.48	127589.68986	0.16119	(1 component(s) constrained)
763	-2233.29	127652.36274	0.16119	(1 component(s) constrained)
764	-2232.07	127593.04427	0.16119	(1 component(s) constrained)
765	-2230.54	127585.83047	0.16119	(1 component(s) constrained)
766	-2236.05	127595.59761	0.16119	(1 component(s) constrained)
767	-2232.85	127637.52854	0.16119	(1 component(s) constrained)
768	-2236.78	127618.11472	0.16119	(1 component(s) constrained)
769	-2234.57	127602.73863	0.16119	(1 component(s) constrained)
770	-2234.83	127618.13528	0.16119	(1 component(s) constrained)
771	-2236.48	127610.89124	0.16119	(1 component(s) constrained)
772	-2232.55	127598.95305	0.16119	(1 component(s) constrained)
773	-2229.00	127574.06386	0.16119	(1 component(s) constrained)
774	-2233.15	127594.76829	0.16119	(1 component(s) constrained)
775	-2231.37	127516.51278	0.16119	(1 component(s) constrained)
776	-2236.01	127533.05910	0.16119	(1 component(s) constrained)
777	-2233.56	127561.48493	0.16119	(1 component(s) constrained)
778	-2232.55	127582.82030	0.16119	(1 component(s) constrained)
779	-2236.56	127567.54097	0.16119	(1 component(s) constrained)
780	-2231.68	127662.43621	0.16119	(1 component(s) constrained)
781	-2236.67	127639.30401	0.16119	(1 component(s) constrained)
782	-2234.25	127586.47928	0.16119	(1 component(s) constrained)
783	-2234.76	127597.98923	0.16119	(1 component(s) constrained)
784	-2231.41	127632.90266	0.16119	(1 component(s) constrained)
785	-2233.45	127635.54445	0.16119	(1 component(s) constrained)
786	-2234.33	127573.92519	0.16119	(1 component(s) constrained)
787	-2233.56	127652.03495	0.16119	(1 component(s) constrained)
788	-2233.19	127616.72331	0.16119	(1 component(s) constrained)
789	-2232.16	127602.93001	0.16119	(1 component(s) constrained)
790	-2233.43	127605.59724	0.16119	(1 component(s) constrained)
791	-2235.78	127658.67661	0.16119	(1 component(s) constrained)
792	-2234.37	127554.97669	0.16119	(1 component(s) constrained)
793	-2234.51	127579.43918	0.16119	(1 component(s) constrained)
794	-2236.41	127636.71901	0.16119	(1 component(s) constrained)
795	-2234.34	127557.50263	0.16119	(1 component(s) constrained)
796	-2231.96	127572.86434	0.16119	(1 component(s) constrained)
797	-2235.10	127573.49106	0.16119	(1 component(s) constrained)
798	-2236.91	127617.84065	0.16119	(1 component(s) constrained)
799	-2235.15	127622.85069	0.16119	(1 component(s) constrained)
800	-2236.90	127628.34775	0.16119	(1 component(s) constrained)
801	-2234.72	127530.04050	0.16119	(1 component(s) constrained)
802	-2233.37	127580.89190	0.16119	(1 component(s) constrained)
803	-2230.62	127597.66150	0.16119	(1 component(s) constrained)
804	-2235.76	127589.72140	0.16119	(1 component(s) constrained)
805	-2230.25	127661.98889	0.16119	(1 component(s) constrained)
806	-2232.20	127641.06520	0.16119	(1 component(s) constrained)
807	-2234.19	127606.39030	0.16119	(1 component(s) constrained)
808	-2233.26	127541.27105	0.16119	(1 component(s) constrained)
809	-2234.60	127579.30561	0.16119	(1 component(s) constrained)
810	-2230.97	127596.28346	0.16119	(1 component(s) constrained)
811	-2237.30	127584.83612	0.16119	(1 component(s) constrained)
812	-2230.58	127572.54158	0.16119	(1 component(s) constrained)
813	-2234.32	127592.28697	0.16119	(1 component(s) constrained)
814	-2231.41	127582.17369	0.16119	(1 component(s) constrained)
815	-2235.25	127592.88095	0.16119	(1 component(s) constrained)
816	-2232.70	127537.81572	0.16119	(1 component(s) constrained)
817	-2231.66	127571.29783	0.16119	(1 component(s) constrained)
818	-2234.47	127593.63254	0.16119	(1 component(s) constrained)
819	-2235.39	127589.76305	0.16119	(1 component(s) constrained)
820	-2237.13	127606.35392	0.16119	(1 component(s) constrained)
821	-2230.73	127663.66949	0.16119	(1 component(s) constrained)
822	-2233.19	127661.91287	0.16119	(1 component(s) constrained)
823	-2231.75	127689.67358	0.16119	(1 component(s) constrained)
824	-2231.40	127672.74817	0.16119	(1 component(s) constrained)
825	-2236.42	127509.88429	0.16119	(1 component(s) constrained)
826	-2229.19	127604.59636	0.16119	(1 component(s) constrained)
827	-2233.66	127602.70216	0.16119	(1 component(s) constrained)
828	-2234.39	127627.29188	0.16119	(1 component(s) constrained)
829	-2231.89	127625.91819	0.16119	(1 component(s) constrained)
830	-2233.37	127593.76535	0.16119	(1 component(s) constrained)
831	-2234.25	127515.92551	0.16119	(1 component(s) constrained)
832	-2234.48	127648.16485	0.16119	(1 component(s) constrained)
833	-2232.66	127642.98058	0.16119	(1 component(s) constrained)
834	-2236.01	127642.22178	0.16119	(1 component(s) constrained)
835	-2234.31	127605.87639	0.16119	(1 component(s) constrained)
836	-2235.45	127576.88724	0.16119	(1 component(s) constrained)
837	-2233.72	127639.93712	0.16119	(1 component(s) constrained)
838	-2233.65	127652.92761	0.16119	(1 component(s) constrained)
839	-2231.88	127642.49849	0.16119	(1 component(s) constrained)
840	-2232.58	127620.49687	0.16119	(1 component(s) constrained)
841	-2233.27	127640.14530	0.16119	(1 component(s) constrained)
842	-2234.30	127631.88432	0.16119	(1 component(s) constrained)
843	-2234.24	127672.04783	0.16119	(1 component(s) constrained)
844	-2235.73	127608.81037	0.16119	(1 component(s) constrained)
845	-2232.16	127653.18392	0.16119	(1 component(s) constrained)
846	-2235.42	127634.13845	0.16119	(1 component(s) constrained)
847	-2233.29	127652.82398	0.16119	(1 component(s) constrained)
848	-2234.99	127647.31278	0.16119	(1 component(s) constrained)
849	-2232.39	127600.79535	0.16119	(1 component(s) constrained)
850	-2233.54	127600.14354	0.16119	(1 component(s) constrained)
851	-2233.41	127583.51754	0.16119	(1 component(s) constrained)
852	-2235.85	127659.70972	0.16119	(1 component(s) constrained)
853	-2231.30	127626.40520	0.16119	(1 component(s) constrained)
854	-2234.22	127620.40060	0.16119	(1 component(s) constrained)
855	-2233.92	127658.66764	0.16119	(1 component(s) constrained)
856	-2232.27	127562.38456	0.16119	(1 component(s) constrained)
857	-2231.91	127571.82578	0.16119	(1 component(s) constrained)
858	-2229.72	127625.18824	0.16119	(1 component(s) constrained)
859	-2231.15	127600.71859	0.16119	(1 component(s) constrained)
860	-2231.09	127617.80957	0.16119	(1 component(s) constrained)
861	-2232.01	127616.91267	0.16119	(1 component(s) constrained)
862	-2234.62	127567.61731	0.16119	(1 component(s) constrained)
863	-2233.54	127594.24421	0.16119	(1 component(s) constrained)
864	-2236.94	127614.13527	0.16119	(1 component(s) constrained)
865	-2235.86	127605.49975	0.16119	(1 component(s) constrained)
866	-2237.97	127590.53068	0.16119	(1 component(s) constrained)
867	-2233.90	127587.69020	0.16119	(1 component(s) constrained)
868	-2229.99	127594.92668	0.16119	(1 component(s) constrained)
869	-2235.45	127590.38746	0.16119	(1 component(s) constrained)
870	-2230.25	127680.83483	0.16119	(1 component(s) constrained)
871	-2231.63	127667.57260	0.16119	(1 component(s) constrained)
872	-2230.76	127574.06930	0.16119	(1 component(s) constrained)
873	-2237.07	127597.18564	0.16119	(1 component(s) constrained)
874	-2235.32	127649.81217	0.16119	(1 component(s) constrained)
875	-2235.18	127618.37115	0.16119	(1 component(s) constrained)
876	-2232.00	127581.70665	0.16119	(1 component(s) constrained)
877	-2232.55	127602.96901	0.16119	(1 component(s) constrained)
878	-2232.66	127624.63595	0.16119	(1 component(s) constrained)
879	-2232.11	127606.48707	0.16119	(1 component(s) constrained)
880	-2230.62	127616.93997	0.16119	(1 component(s) constrained)
881	-2235.12	127616.66279	0.16119	(1 component(s) constrained)
882	-2230.36	127646.92840	0.16119	(1 component(s) constrained)
883	-2232.81	127651.23751	0.16119	(1 component(s) constrained)
884	-2237.61	127646.35014	0.16119	(1 component(s) constrained)
885	-2235.05	127546.33683	0.16119	(1 component(s) constrained)
886	-2234.32	127557.26589	0.16119	(1 component(s) constrained)
887	-2231.38	127662.12240	0.16119	(1 component(s) constrained)
888	-2235.23	127646.53873	0.16119	(1 component(s) constrained)
889	-2238.67	127591.76380	0.16119	(1 component(s) constrained)
890	-2234.06	127666.56146	0.16119	(1 component(s) constrained)
891	-2233.32	127668.24892	0.16119	(1 component(s) constrained)
892	-2235.29	127626.24486	0.16119	(1 component(s) constrained)
893	-2234.94	127607.79566	0.16119	(1 component(s) constrained)
894	-2233.32	127619.37009	0.16119	(1 component(s) constrained)
895	-2233.66	127626.69836	0.16119	(1 component(s) constrained)
896	-2234.01	127631.96059	0.16119	(1 component(s) constrained)
897	-2231.29	127611.27550	0.16119	(1 component(s) constrained)
898	-2232.59	127632.50551	0.16119	(1 component(s) constrained)
899	-2235.22	127648.17157	0.16119	(1 component(s) constrained)
900	-2231.39	127657.47772	0.16119	(1 component(s) constrained)
901	-2235.19	127628.32715	0.16119	(1 component(s) constrained)
902	-2235.45	127625.55900	0.16119	(1 component(s) constrained)
903	-2232.36	127671.79912	0.16119	(1 component(s) constrained)
904	-2231.92	127648.85815	0.16119	(1 component(s) constrained)
905	-2233.40	127628.67473	0.16119	(1 component(s) constrained)
906	-2235.38	127637.78146	0.16119	(1 component(s) constrained)
907	-2236.05	127665.22298	0.16119	(1 component(s) constrained)
908	-2231.16	127578.57459	0.16119	(1 component(s) constrained)
909	-2234.13	127571.62089	0.16119	(1 component(s) constrained)
910	-2234.33	127648.21368	0.16119	(1 component(s) constrained)
911	-2236.65	127619.60222	0.16119	(1 component(s) constrained)
912	-2233.62	127586.50082	0.16119	(1 component(s) constrained)
913	-2232.90	127605.57320	0.16119	(1 component(s) constrained)
914	-2230.41	127609.12926	0.16119	(1 component(s) constrained)
915	-2236.37	127584.82421	0.16119	(1 component(s) constrained)
916	-2234.53	127510.53081	0.16119	(1 component(s) constrained)
917	-2232.72	127529.09704	0.16119	(1 component(s) constrained)
918	-2233.32	127563.73348	0.16119	(1 component(s) constrained)
919	-2230.56	127571.57347	0.16119	(1 component(s) constrained)
920	-2235.38	127568.57688	0.16119	(1 component(s) constrained)
921	-2233.97	127599.47957	0.16119	(1 component(s) constrained)
922	-2233.26	127620.15676	0.16119	(1 component(s) constrained)
923	-2236.92	127629.34300	0.16119	(1 component(s) constrained)
924	-2230.53	127561.82180	0.16119	(1 component(s) constrained)
925	-2232.48	127557.65536	0.16119	(1 component(s) constrained)
926	-2234.35	127562.99111	0.16119	(1 component(s) constrained)
927	-2233.80	127624.47356	0.16119	(1 component(s) constrained)
928	-2235.10	127565.75506	0.16119	(1 component(s) constrained)
929	-2234.98	127633.16585	0.16119	(1 component(s) constrained)
930	-2232.72	127580.35582	0.16119	(1 component(s) constrained)
931	-2230.44	127583.80493	0.16119	(1 component(s) constrained)
932	-2235.74	127612.88769	0.16119	(1 component(s) constrained)
933	-2232.90	127540.09131	0.16119	(1 component(s) constrained)
934	-2234.93	127565.23292	0.16119	(1 component(s) constrained)
935	-2232.96	127582.11420	0.16119	(1 component(s) constrained)
936	-2231.93	127578.58154	0.16119	(1 component(s) constrained)
937	-2234.10	127591.70537	0.16119	(1 component(s) constrained)
938	-2231.64	127636.18263	0.16119	(1 component(s) constrained)
939	-2232.94	127629.11714	0.16119	(1 component(s) constrained)
940	-2231.40	127514.84449	0.16119	(1 component(s) constrained)
941	-2233.37	127534.55163	0.16119	(1 component(s) constrained)
942	-2235.50	127616.54992	0.16119	(1 component(s) constrained)
943	-2233.03	127646.11623	0.16119	(1 component(s) constrained)
944	-2231.84	127643.72212	0.16119	(1 component(s) constrained)
945	-2233.36	127635.00109	0.16119	(1 component(s) constrained)
946	-2233.26	127642.64565	0.16119	(1 component(s) constrained)
947	-2235.83	127590.69042	0.16119	(1 component(s) constrained)
948	-2237.72	127666.44801	0.16119	(1 component(s) constrained)
949	-2235.50	127641.07397	0.16119	(1 component(s) constrained)
950	-2232.08	127662.16050	0.16119	(1 component(s) constrained)
951	-2230.44	127633.89305	0.16119	(1 component(s) constrained)
952	-2234.94	127640.01656	0.16119	(1 component(s) constrained)
953	-2234.11	127650.79694	0.16119	(1 component(s) constrained)
954	-2231.43	127629.54155	0.16119	(1 component(s) constrained)
955	-2231.47	127632.25221	0.16119	(1 component(s) constrained)
956	-2234.15	127693.91868	0.16119	(1 component(s) constrained)
957	-2230.62	127662.96491	0.16119	(1 component(s) constrained)
958	-2232.80	127657.14760	0.16119	(1 component(s) constrained)
959	-2235.29	127636.98719	0.16119	(1 component(s) constrained)
960	-2234.83	127587.62265	0.16119	(1 component(s) constrained)
961	-2236.74	127567.11205	0.16119	(1 component(s) constrained)
962	-2234.52	127620.41692	0.16119	(1 component(s) constrained)
963	-2229.86	127609.05542	0.16119	(1 component(s) constrained)
964	-2232.66	127608.42933	0.16119	(1 component(s) constrained)
965	-2233.46	127651.99334	0.16119	(1 component(s) constrained)
966	-2232.32	127599.89324	0.16119	(1 component(s) constrained)
967	-2234.46	127627.23064	0.16119	(1 component(s) constrained)
968	-2234.33	127633.26215	0.16119	(1 component(s) constrained)
969	-2233.98	127666.66413	0.16119	(1 component(s) constrained)
970	-2232.70	127644.36388	0.16119	(1 component(s) constrained)
971	-2232.99	127628.18274	0.16119	(1 component(s) constrained)
972	-2232.25	127556.50142	0.16119	(1 component(s) constrained)
973	-2236.39	127573.44111	0.16119	(1 component(s) constrained)
974	-2233.47	127662.58443	0.16119	(1 component(s) constrained)
975	-2229.37	127658.64357	0.16119	(1 component(s) constrained)
976	-2232.78	127648.26660	0.16119	(1 component(s) constrained)
977	-2234.00	127569.36827	0.16119	(1 component(s) constrained)
978	-2234.16	127677.97664	0.16119	(1 component(s) constrained)
979	-2232.71	127552.91571	0.16119	(1 component(s) constrained)
980	-2230.52	127582.48512	0.16119	(1 component(s) constrained)
981	-2233.85	127605.64059	0.16119	(1 component(s) constrained)
982	-2230.04	127634.81949	0.16119	(1 component(s) constrained)
983	-2232.22	127606.62407	0.16119	(1 component(s) constrained)
984	-2233.17	127611.97510	0.16119	(1 component(s) constrained)
985	-2234.81	127585.36290	0.16119	(1 component(s) constrained)
986	-2234.83	127564.67576	0.16119	(1 component(s) constrained)
987	-2235.74	127640.83363	0.16119	(1 component(s) constrained)
988	-2231.78	127625.08350	0.16119	(1 component(s) constrained)
989	-2234.13	127614.92496	0.16119	(1 component(s) constrained)
990	-2234.67	127607.84061	0.16119	(1 component(s) constrained)
991	-2236.72	127562.16234	0.16119	(1 component(s) constrained)
992	-2234.87	127636.99924	0.16119	(1 component(s) constrained)
993	-2230.83	127644.13560	0.16119	(1 component(s) constrained)
994	-2231.20	127635.94021	0.16119	(1 component(s) constrained)
995	-2231.37	127578.12310	0.16119	(1 component(s) constrained)
996	-2234.73	127622.35633	0.16119	(1 component(s) constrained)
997	-2234.91	127676.28133	0.16119	(1 component(s) constrained)
998	-2230.19	127672.59396	0.16119	(1 component(s) constrained)
999	-2233.36	127650.75975	0.16119	(1 component(s) constrained)
Error: Log-likelihood not converged (stop after 1000 iteractions). 
You can specify the option --reml-maxit to allow for more iterations.

An error occurs, please check the options or data
