*******************************************************************
* Genome-wide Complex Trait Analysis (GCTA)
* version 1.93.2 beta Linux
* (C) 2010-present, Jian Yang, The University of Queensland
* Please report bugs to Jian Yang <jian.yang.qt@gmail.com>
*******************************************************************
Analysis started at 23:22:30 -03 on Wed Jun 09 2021.
Hostname: darwin

Accepted options:
--reml
--reml-alg 0
--reml-maxit 1000
--grm /scratch/genevol/users/lucas/V2/grmNAfr
--pheno /raid/genevol/users/lucas/heritability/02.GCTA/data/geneNAfrHLA-A.txt
--covar /raid/genevol/users/lucas/heritability/02.GCTA/data/envir1.txt
--reml-est-fix
--out /raid/genevol/users/lucas/heritability/03.Heritability/Results/V2/HLA-A/NAfrHLA-A1

Note: This is a multi-thread program. You could specify the number of threads by the --thread-num option to speed up the computation if there are multiple processors in your machine.

Reading IDs of the GRM from [/scratch/genevol/users/lucas/V2/grmNAfr.grm.id].
358 IDs read from [/scratch/genevol/users/lucas/V2/grmNAfr.grm.id].
Reading the GRM from [/scratch/genevol/users/lucas/V2/grmNAfr.grm.bin].
GRM for 358 individuals are included from [/scratch/genevol/users/lucas/V2/grmNAfr.grm.bin].
Reading phenotypes from [/raid/genevol/users/lucas/heritability/02.GCTA/data/geneNAfrHLA-A.txt].
Non-missing phenotypes of 358 individuals are included from [/raid/genevol/users/lucas/heritability/02.GCTA/data/geneNAfrHLA-A.txt].
Reading discrete covariate(s) from [/raid/genevol/users/lucas/heritability/02.GCTA/data/envir1.txt].
2 discrete covariate(s) of 445 individuals are included from [/raid/genevol/users/lucas/heritability/02.GCTA/data/envir1.txt].

2 discrete variable(s) included as covariate(s).
358 individuals are in common in these files.

Performing  REML analysis ... (Note: may take hours depending on sample size).
358 observations, 8 fixed effect(s), and 2 variance component(s)(including residual variance).
Calculating prior values of variance components by EM-REML ...
Updated prior values: 72215.9 72107.3
logL: -2251.47
Running AI-REML algorithm ...
Iter.	logL	V(G)	V(e)	
1	-2248.20	90275.91253	47720.40417	
2	-2247.34	101941.58757	32217.02886	
3	-2246.97	125932.28530	530.63149	
4	-2246.67	124948.77732	1972.45376	
5	-2246.67	124922.23450	2000.63756	
6	-2246.67	124921.83288	2001.03664	
Log-likelihood ratio converged.

Calculating the logLikelihood for the reduced model ...
(variance component 1 is dropped from the model)
Calculating prior values of variance components by EM-REML ...
Updated prior values: 127618.28435
logL: -2251.77210
Running AI-REML algorithm ...
Iter.	logL	V(e)	
1	-2247.13	127374.34266	
2	-2247.13	127208.27089	
3	-2247.13	126849.95208	
4	-2247.13	126850.95855	
5	-2247.13	126850.95856	
Log-likelihood ratio converged.

Summary result of REML analysis:
Source	Variance	SE
V(G)	124921.832877	132199.064042
V(e)	2001.036645	131005.726926
Vp	126922.869522	9632.551968
V(G)/Vp	0.984234	1.032274

Sampling variance/covariance of the estimates of variance components:
1.747659e+10	-1.727315e+10	
-1.727315e+10	1.716250e+10	
Estimatesof fixed effects:

Source	Estimate	SE
mean	1793.005676	40.329874
X_2	-57.752135	38.113946
X_3	-175.788538	72.865335
X_4	-258.583476	64.072253
X_5	-269.469181	75.311049
X_6	-101.351227	65.846670
X_7	-428.135067	56.417514
X_8	208.748094	76.637875

Summary result of REML analysis has been saved in the file [/raid/genevol/users/lucas/heritability/03.Heritability/Results/V2/HLA-A/NAfrHLA-A1.hsq].

Analysis finished at 23:22:31 -03 on Wed Jun 09 2021
Overall computational time: 0.84 sec.
