*******************************************************************
* Genome-wide Complex Trait Analysis (GCTA)
* version 1.93.2 beta Linux
* (C) 2010-present, Jian Yang, The University of Queensland
* Please report bugs to Jian Yang <jian.yang.qt@gmail.com>
*******************************************************************
Analysis started at 23:21:34 -03 on Wed Jun 09 2021.
Hostname: darwin

Accepted options:
--reml
--reml-alg 0
--reml-maxit 1000
--grm /scratch/genevol/users/lucas/V1/grmFull
--pheno /raid/genevol/users/lucas/heritability/02.GCTA/data/geneHLA-DRA.txt
--covar /raid/genevol/users/lucas/heritability/02.GCTA/data/envir1.txt
--reml-est-fix
--out /raid/genevol/users/lucas/heritability/03.Heritability/Results/V1/HLA-DRA/FullHLA-DRA1

Note: This is a multi-thread program. You could specify the number of threads by the --thread-num option to speed up the computation if there are multiple processors in your machine.

Reading IDs of the GRM from [/scratch/genevol/users/lucas/V1/grmFull.grm.id].
2504 IDs read from [/scratch/genevol/users/lucas/V1/grmFull.grm.id].
Reading the GRM from [/scratch/genevol/users/lucas/V1/grmFull.grm.bin].
GRM for 2504 individuals are included from [/scratch/genevol/users/lucas/V1/grmFull.grm.bin].
Reading phenotypes from [/raid/genevol/users/lucas/heritability/02.GCTA/data/geneHLA-DRA.txt].
Non-missing phenotypes of 445 individuals are included from [/raid/genevol/users/lucas/heritability/02.GCTA/data/geneHLA-DRA.txt].
Reading discrete covariate(s) from [/raid/genevol/users/lucas/heritability/02.GCTA/data/envir1.txt].
2 discrete covariate(s) of 445 individuals are included from [/raid/genevol/users/lucas/heritability/02.GCTA/data/envir1.txt].

2 discrete variable(s) included as covariate(s).
445 individuals are in common in these files.

Performing  REML analysis ... (Note: may take hours depending on sample size).
445 observations, 8 fixed effect(s), and 2 variance component(s)(including residual variance).
Calculating prior values of variance components by EM-REML ...
Updated prior values: 162046 173130
logL: -3047.48
Running AI-REML algorithm ...
Iter.	logL	V(G)	V(e)	
1	-3039.64	186242.77713	0.39020	(1 component(s) constrained)
2	-3037.05	118294.62101	0.39020	(1 component(s) constrained)
3	-3086.98	104520.09402	0.39020	(1 component(s) constrained)
4	-3113.79	82660.90989	0.39020	(1 component(s) constrained)
5	-3184.83	86276.45619	0.39020	(1 component(s) constrained)
6	-3169.68	86441.50256	0.39020	(1 component(s) constrained)
7	-3169.02	86441.60235	0.39020	(1 component(s) constrained)
8	-3169.02	86441.81837	0.39020	(1 component(s) constrained)
9	-3169.02	86441.81837	0.39020	(1 component(s) constrained)
10	-3169.02	86441.81837	0.39020	(1 component(s) constrained)
Log-likelihood ratio converged.

Calculating the logLikelihood for the reduced model ...
(variance component 1 is dropped from the model)
Calculating prior values of variance components by EM-REML ...
Updated prior values: 384824.69667
logL: -3045.11693
Running AI-REML algorithm ...
Iter.	logL	V(e)	
1	-3045.10	384793.59590	
2	-3045.10	384726.28991	
3	-3045.10	384726.30168	
Log-likelihood ratio converged.

Summary result of REML analysis:
Source	Variance	SE
V(G)	86441.818366	32363.413682
V(e)	0.390200	54124.482484
Vp	86442.208566	22270.179279
V(G)/Vp	0.999995	0.626134

Sampling variance/covariance of the estimates of variance components:
1.047391e+09	-1.740445e+09	
-1.740445e+09	2.929460e+09	
Estimatesof fixed effects:

Source	Estimate	SE
mean	1985.083951	56.502602
X_2	0.098999	36.212365
X_3	-166.419073	70.171798
X_4	-164.031445	61.605525
X_5	-152.781779	71.438452
X_6	-73.170703	62.139049
X_7	-291.380706	53.476682
X_8	-51.564927	70.825975

Summary result of REML analysis has been saved in the file [/raid/genevol/users/lucas/heritability/03.Heritability/Results/V1/HLA-DRA/FullHLA-DRA1.hsq].

Analysis finished at 23:21:35 -03 on Wed Jun 09 2021
Overall computational time: 1.54 sec.
