*******************************************************************
* Genome-wide Complex Trait Analysis (GCTA)
* version 1.93.2 beta Linux
* (C) 2010-present, Jian Yang, The University of Queensland
* Please report bugs to Jian Yang <jian.yang.qt@gmail.com>
*******************************************************************
Analysis started at 23:21:43 -03 on Wed Jun 09 2021.
Hostname: darwin

Accepted options:
--reml
--reml-alg 0
--reml-maxit 1000
--grm /scratch/genevol/users/lucas/V1/grmFull
--pheno /raid/genevol/users/lucas/heritability/02.GCTA/data/geneHLA-DRA.txt
--covar /raid/genevol/users/lucas/heritability/02.GCTA/data/envir2.txt
--reml-est-fix
--out /raid/genevol/users/lucas/heritability/03.Heritability/Results/V1/HLA-DRA/FullHLA-DRA2

Note: This is a multi-thread program. You could specify the number of threads by the --thread-num option to speed up the computation if there are multiple processors in your machine.

Reading IDs of the GRM from [/scratch/genevol/users/lucas/V1/grmFull.grm.id].
2504 IDs read from [/scratch/genevol/users/lucas/V1/grmFull.grm.id].
Reading the GRM from [/scratch/genevol/users/lucas/V1/grmFull.grm.bin].
GRM for 2504 individuals are included from [/scratch/genevol/users/lucas/V1/grmFull.grm.bin].
Reading phenotypes from [/raid/genevol/users/lucas/heritability/02.GCTA/data/geneHLA-DRA.txt].
Non-missing phenotypes of 445 individuals are included from [/raid/genevol/users/lucas/heritability/02.GCTA/data/geneHLA-DRA.txt].
Reading discrete covariate(s) from [/raid/genevol/users/lucas/heritability/02.GCTA/data/envir2.txt].
1 discrete covariate(s) of 445 individuals are included from [/raid/genevol/users/lucas/heritability/02.GCTA/data/envir2.txt].

1 discrete variable(s) included as covariate(s).
445 individuals are in common in these files.

Performing  REML analysis ... (Note: may take hours depending on sample size).
445 observations, 7 fixed effect(s), and 2 variance component(s)(including residual variance).
Calculating prior values of variance components by EM-REML ...
Updated prior values: 161775 172962
logL: -3051.72
Running AI-REML algorithm ...
Iter.	logL	V(G)	V(e)	
1	-3043.75	185904.35454	0.39020	(1 component(s) constrained)
2	-3041.10	118096.02222	0.39020	(1 component(s) constrained)
3	-3091.04	104344.14694	0.39020	(1 component(s) constrained)
4	-3117.88	82521.16272	0.39020	(1 component(s) constrained)
5	-3189.02	86130.79421	0.39020	(1 component(s) constrained)
6	-3173.84	86295.57996	0.39020	(1 component(s) constrained)
7	-3173.19	86295.67961	0.39020	(1 component(s) constrained)
8	-3173.19	86295.89530	0.39020	(1 component(s) constrained)
9	-3173.19	86295.89530	0.39020	(1 component(s) constrained)
10	-3173.19	86295.89530	0.39020	(1 component(s) constrained)
Log-likelihood ratio converged.

Calculating the logLikelihood for the reduced model ...
(variance component 1 is dropped from the model)
Calculating prior values of variance components by EM-REML ...
Updated prior values: 383959.82934
logL: -3049.22058
Running AI-REML algorithm ...
Iter.	logL	V(e)	
1	-3049.19	383928.30928	
2	-3049.19	383860.09610	
3	-3049.19	383860.10822	
Log-likelihood ratio converged.

Summary result of REML analysis:
Source	Variance	SE
V(G)	86295.895304	32250.496606
V(e)	0.390200	53935.014193
Vp	86296.285504	22192.828074
V(G)/Vp	0.999995	0.624997

Sampling variance/covariance of the estimates of variance components:
1.040095e+09	-1.728279e+09	
-1.728279e+09	2.908986e+09	
Estimatesof fixed effects:

Source	Estimate	SE
mean	1985.125181	54.406732
X_2	-166.404561	69.911654
X_3	-164.017945	61.355444
X_4	-152.770943	71.268172
X_5	-73.157163	61.889052
X_6	-291.387344	53.376411
X_7	-51.561246	70.753384

Summary result of REML analysis has been saved in the file [/raid/genevol/users/lucas/heritability/03.Heritability/Results/V1/HLA-DRA/FullHLA-DRA2.hsq].

Analysis finished at 23:21:44 -03 on Wed Jun 09 2021
Overall computational time: 1.39 sec.
