*******************************************************************
* Genome-wide Complex Trait Analysis (GCTA)
* version 1.93.2 beta Linux
* (C) 2010-present, Jian Yang, The University of Queensland
* Please report bugs to Jian Yang <jian.yang.qt@gmail.com>
*******************************************************************
Analysis started at 23:21:35 -03 on Wed Jun 09 2021.
Hostname: darwin

Accepted options:
--reml
--reml-alg 0
--reml-maxit 1000
--grm /scratch/genevol/users/lucas/V1/grmGeuvadis
--pheno /raid/genevol/users/lucas/heritability/02.GCTA/data/geneHLA-DRA.txt
--covar /raid/genevol/users/lucas/heritability/02.GCTA/data/envir1.txt
--reml-est-fix
--out /raid/genevol/users/lucas/heritability/03.Heritability/Results/V1/HLA-DRA/GeuvadisHLA-DRA1

Note: This is a multi-thread program. You could specify the number of threads by the --thread-num option to speed up the computation if there are multiple processors in your machine.

Reading IDs of the GRM from [/scratch/genevol/users/lucas/V1/grmGeuvadis.grm.id].
445 IDs read from [/scratch/genevol/users/lucas/V1/grmGeuvadis.grm.id].
Reading the GRM from [/scratch/genevol/users/lucas/V1/grmGeuvadis.grm.bin].
GRM for 445 individuals are included from [/scratch/genevol/users/lucas/V1/grmGeuvadis.grm.bin].
Reading phenotypes from [/raid/genevol/users/lucas/heritability/02.GCTA/data/geneHLA-DRA.txt].
Non-missing phenotypes of 445 individuals are included from [/raid/genevol/users/lucas/heritability/02.GCTA/data/geneHLA-DRA.txt].
Reading discrete covariate(s) from [/raid/genevol/users/lucas/heritability/02.GCTA/data/envir1.txt].
2 discrete covariate(s) of 445 individuals are included from [/raid/genevol/users/lucas/heritability/02.GCTA/data/envir1.txt].

2 discrete variable(s) included as covariate(s).
445 individuals are in common in these files.

Performing  REML analysis ... (Note: may take hours depending on sample size).
445 observations, 8 fixed effect(s), and 2 variance component(s)(including residual variance).
Calculating prior values of variance components by EM-REML ...
Updated prior values: 194197 199594
logL: -3047.45
Running AI-REML algorithm ...
Iter.	logL	V(G)	V(e)	
1	-3047.34	88533.51607	292766.53689	
2	-3044.58	0.39020	374744.93498	(1 component(s) constrained)
3	-3045.17	4159.33168	372202.97984	
4	-3044.54	19028.94218	361350.23244	
5	-3043.74	31088.88595	350676.87490	
6	-3043.64	29764.08481	352298.25848	
7	-3043.64	30372.45505	351700.27015	
8	-3043.64	30110.36291	351959.15610	
9	-3043.64	30225.93849	351845.23714	
10	-3043.64	30175.46757	351895.02895	
11	-3043.64	30197.60393	351873.19912	
Log-likelihood ratio converged.

Calculating the logLikelihood for the reduced model ...
(variance component 1 is dropped from the model)
Calculating prior values of variance components by EM-REML ...
Updated prior values: 384824.69667
logL: -3045.11693
Running AI-REML algorithm ...
Iter.	logL	V(e)	
1	-3045.10	384793.59590	
2	-3045.10	384726.28991	
3	-3045.10	384726.30168	
Log-likelihood ratio converged.

Summary result of REML analysis:
Source	Variance	SE
V(G)	30197.603931	35321.168624
V(e)	351873.199119	42146.686315
Vp	382070.803050	25851.959624
V(G)/Vp	0.079037	0.092192

Sampling variance/covariance of the estimates of variance components:
1.247585e+09	-1.177802e+09	
-1.177802e+09	1.776343e+09	
Estimatesof fixed effects:

Source	Estimate	SE
mean	1974.283200	68.428290
X_2	9.051804	59.458175
X_3	-167.650585	115.242326
X_4	-163.442164	101.226024
X_5	-131.422128	117.134758
X_6	-70.550690	102.307953
X_7	-284.254228	87.816092
X_8	-20.865620	117.133251

Summary result of REML analysis has been saved in the file [/raid/genevol/users/lucas/heritability/03.Heritability/Results/V1/HLA-DRA/GeuvadisHLA-DRA1.hsq].

Analysis finished at 23:21:37 -03 on Wed Jun 09 2021
Overall computational time: 1.31 sec.
