*******************************************************************
* Genome-wide Complex Trait Analysis (GCTA)
* version 1.93.2 beta Linux
* (C) 2010-present, Jian Yang, The University of Queensland
* Please report bugs to Jian Yang <jian.yang.qt@gmail.com>
*******************************************************************
Analysis started at 23:25:10 -03 on Wed Jun 09 2021.
Hostname: darwin

Accepted options:
--reml
--reml-alg 0
--reml-maxit 1000
--grm /scratch/genevol/users/lucas/V2/grmFull
--pheno /raid/genevol/users/lucas/heritability/02.GCTA/data/geneHLA-DRB1.txt
--covar /raid/genevol/users/lucas/heritability/02.GCTA/data/envir1.txt
--reml-est-fix
--out /raid/genevol/users/lucas/heritability/03.Heritability/Results/V2/HLA-DRB1/FullHLA-DRB11

Note: This is a multi-thread program. You could specify the number of threads by the --thread-num option to speed up the computation if there are multiple processors in your machine.

Reading IDs of the GRM from [/scratch/genevol/users/lucas/V2/grmFull.grm.id].
2504 IDs read from [/scratch/genevol/users/lucas/V2/grmFull.grm.id].
Reading the GRM from [/scratch/genevol/users/lucas/V2/grmFull.grm.bin].
GRM for 2504 individuals are included from [/scratch/genevol/users/lucas/V2/grmFull.grm.bin].
Reading phenotypes from [/raid/genevol/users/lucas/heritability/02.GCTA/data/geneHLA-DRB1.txt].
Non-missing phenotypes of 445 individuals are included from [/raid/genevol/users/lucas/heritability/02.GCTA/data/geneHLA-DRB1.txt].
Reading discrete covariate(s) from [/raid/genevol/users/lucas/heritability/02.GCTA/data/envir1.txt].
2 discrete covariate(s) of 445 individuals are included from [/raid/genevol/users/lucas/heritability/02.GCTA/data/envir1.txt].

2 discrete variable(s) included as covariate(s).
445 individuals are in common in these files.

Performing  REML analysis ... (Note: may take hours depending on sample size).
445 observations, 8 fixed effect(s), and 2 variance component(s)(including residual variance).
Calculating prior values of variance components by EM-REML ...
Updated prior values: 59833.5 63716.3
logL: -2808.63
Running AI-REML algorithm ...
Iter.	logL	V(G)	V(e)	
1	-2797.28	84281.88045	14280.85701	
2	-2792.27	78491.52710	0.14851	(1 component(s) constrained)
3	-2789.98	68617.31513	0.14851	(1 component(s) constrained)
4	-2793.30	63798.90821	0.14851	(1 component(s) constrained)
5	-2797.03	55097.13898	0.14851	(1 component(s) constrained)
6	-2809.14	56122.13061	0.14851	(1 component(s) constrained)
7	-2807.26	56141.55243	0.14851	(1 component(s) constrained)
8	-2807.22	56141.55455	0.14851	(1 component(s) constrained)
9	-2807.22	56141.55913	0.14851	(1 component(s) constrained)
Log-likelihood ratio converged.

Calculating the logLikelihood for the reduced model ...
(variance component 1 is dropped from the model)
Calculating prior values of variance components by EM-REML ...
Updated prior values: 139600.20533
logL: -2823.76051
Running AI-REML algorithm ...
Iter.	logL	V(e)	
1	-2823.34	139548.61900	
2	-2823.34	139437.05900	
3	-2823.34	139437.14811	
Log-likelihood ratio converged.

Summary result of REML analysis:
Source	Variance	SE
V(G)	56141.559130	24130.876633
V(e)	0.148507	35302.724800
Vp	56141.707637	11806.188996
V(G)/Vp	0.999997	0.628814

Sampling variance/covariance of the estimates of variance components:
5.822992e+08	-8.445977e+08	
-8.445977e+08	1.246282e+09	
Estimatesof fixed effects:

Source	Estimate	SE
mean	1041.123492	46.288611
X_2	-8.478549	27.494068
X_3	-157.341956	53.227121
X_4	-208.067049	46.729072
X_5	-180.376107	54.242890
X_6	-68.594130	47.195461
X_7	-241.894489	40.599503
X_8	17.896351	53.902891

Summary result of REML analysis has been saved in the file [/raid/genevol/users/lucas/heritability/03.Heritability/Results/V2/HLA-DRB1/FullHLA-DRB11.hsq].

Analysis finished at 23:25:11 -03 on Wed Jun 09 2021
Overall computational time: 1.23 sec.
