*******************************************************************
* Genome-wide Complex Trait Analysis (GCTA)
* version 1.93.2 beta Linux
* (C) 2010-present, Jian Yang, The University of Queensland
* Please report bugs to Jian Yang <jian.yang.qt@gmail.com>
*******************************************************************
Analysis started at 23:25:17 -03 on Wed Jun 09 2021.
Hostname: darwin

Accepted options:
--reml
--reml-alg 0
--reml-maxit 1000
--grm /scratch/genevol/users/lucas/V2/grmGeuvadis
--pheno /raid/genevol/users/lucas/heritability/02.GCTA/data/geneHLA-DRB1.txt
--covar /raid/genevol/users/lucas/heritability/02.GCTA/data/envir2.txt
--reml-est-fix
--out /raid/genevol/users/lucas/heritability/03.Heritability/Results/V2/HLA-DRB1/GeuvadisHLA-DRB12

Note: This is a multi-thread program. You could specify the number of threads by the --thread-num option to speed up the computation if there are multiple processors in your machine.

Reading IDs of the GRM from [/scratch/genevol/users/lucas/V2/grmGeuvadis.grm.id].
445 IDs read from [/scratch/genevol/users/lucas/V2/grmGeuvadis.grm.id].
Reading the GRM from [/scratch/genevol/users/lucas/V2/grmGeuvadis.grm.bin].
GRM for 445 individuals are included from [/scratch/genevol/users/lucas/V2/grmGeuvadis.grm.bin].
Reading phenotypes from [/raid/genevol/users/lucas/heritability/02.GCTA/data/geneHLA-DRB1.txt].
Non-missing phenotypes of 445 individuals are included from [/raid/genevol/users/lucas/heritability/02.GCTA/data/geneHLA-DRB1.txt].
Reading discrete covariate(s) from [/raid/genevol/users/lucas/heritability/02.GCTA/data/envir2.txt].
1 discrete covariate(s) of 445 individuals are included from [/raid/genevol/users/lucas/heritability/02.GCTA/data/envir2.txt].

1 discrete variable(s) included as covariate(s).
445 individuals are in common in these files.

Performing  REML analysis ... (Note: may take hours depending on sample size).
445 observations, 7 fixed effect(s), and 2 variance component(s)(including residual variance).
Calculating prior values of variance components by EM-REML ...
Updated prior values: 68638.4 67415.4
logL: -2798.2
Running AI-REML algorithm ...
Iter.	logL	V(G)	V(e)	
1	-2795.62	73823.14809	58262.72253	
2	-2794.84	77097.05986	52571.44482	
3	-2794.51	83732.06154	41065.37177	
4	-2794.24	83178.47339	41866.84053	
5	-2794.24	83198.25314	41850.28193	
6	-2794.24	83197.74621	41850.73734	
Log-likelihood ratio converged.

Calculating the logLikelihood for the reduced model ...
(variance component 1 is dropped from the model)
Calculating prior values of variance components by EM-REML ...
Updated prior values: 139278.22602
logL: -2827.39190
Running AI-REML algorithm ...
Iter.	logL	V(e)	
1	-2826.94	139231.56815	
2	-2826.94	139130.65782	
3	-2826.94	139130.73091	
Log-likelihood ratio converged.

Summary result of REML analysis:
Source	Variance	SE
V(G)	83197.746211	28706.871747
V(e)	41850.737338	25433.818472
Vp	125048.483549	8925.654495
V(G)/Vp	0.665324	0.209825

Sampling variance/covariance of the estimates of variance components:
8.240845e+08	-6.956481e+08	
-6.956481e+08	6.468791e+08	
Estimatesof fixed effects:

Source	Estimate	SE
mean	981.633494	33.099678
X_2	-157.300524	63.203322
X_3	-205.081593	55.474711
X_4	-165.166442	64.693240
X_5	-71.538584	56.377332
X_6	-226.832446	48.467685
X_7	36.658723	65.078499

Summary result of REML analysis has been saved in the file [/raid/genevol/users/lucas/heritability/03.Heritability/Results/V2/HLA-DRB1/GeuvadisHLA-DRB12.hsq].

Analysis finished at 23:25:19 -03 on Wed Jun 09 2021
Overall computational time: 1.07 sec.
