*******************************************************************
* Genome-wide Complex Trait Analysis (GCTA)
* version 1.93.2 beta Linux
* (C) 2010-present, Jian Yang, The University of Queensland
* Please report bugs to Jian Yang <jian.yang.qt@gmail.com>
*******************************************************************
Analysis started at 23:25:08 -03 on Wed Jun 09 2021.
Hostname: darwin

Accepted options:
--reml
--reml-alg 0
--reml-maxit 1000
--grm /scratch/genevol/users/lucas/V2/grmNAfr
--pheno /raid/genevol/users/lucas/heritability/02.GCTA/data/geneNAfrHLA-DRB1.txt
--covar /raid/genevol/users/lucas/heritability/02.GCTA/data/envir0.txt
--reml-est-fix
--out /raid/genevol/users/lucas/heritability/03.Heritability/Results/V2/HLA-DRB1/NAfrHLA-DRB10

Note: This is a multi-thread program. You could specify the number of threads by the --thread-num option to speed up the computation if there are multiple processors in your machine.

Reading IDs of the GRM from [/scratch/genevol/users/lucas/V2/grmNAfr.grm.id].
358 IDs read from [/scratch/genevol/users/lucas/V2/grmNAfr.grm.id].
Reading the GRM from [/scratch/genevol/users/lucas/V2/grmNAfr.grm.bin].
GRM for 358 individuals are included from [/scratch/genevol/users/lucas/V2/grmNAfr.grm.bin].
Reading phenotypes from [/raid/genevol/users/lucas/heritability/02.GCTA/data/geneNAfrHLA-DRB1.txt].
Non-missing phenotypes of 358 individuals are included from [/raid/genevol/users/lucas/heritability/02.GCTA/data/geneNAfrHLA-DRB1.txt].
Reading discrete covariate(s) from [/raid/genevol/users/lucas/heritability/02.GCTA/data/envir0.txt].
3 discrete covariate(s) of 445 individuals are included from [/raid/genevol/users/lucas/heritability/02.GCTA/data/envir0.txt].

3 discrete variable(s) included as covariate(s).
358 individuals are in common in these files.

Performing  REML analysis ... (Note: may take hours depending on sample size).
358 observations, 11 fixed effect(s), and 2 variance component(s)(including residual variance).
Calculating prior values of variance components by EM-REML ...
Updated prior values: 54743.2 54281.2
logL: -2189.87
Running AI-REML algorithm ...
Iter.	logL	V(G)	V(e)	
1	-2186.96	102500.69306	0.12097	(1 component(s) constrained)
2	-2184.33	99242.57694	0.12097	(1 component(s) constrained)
3	-2184.73	97177.56039	0.12097	(1 component(s) constrained)
4	-2183.89	92944.75602	0.12097	(1 component(s) constrained)
5	-2184.74	93137.76792	0.12097	(1 component(s) constrained)
6	-2183.08	93115.93003	0.12097	(1 component(s) constrained)
7	-2185.20	93115.27694	0.12097	(1 component(s) constrained)
8	-2183.57	93119.66470	0.12097	(1 component(s) constrained)
9	-2184.18	93116.15576	0.12097	(1 component(s) constrained)
10	-2184.37	93118.41052	0.12097	(1 component(s) constrained)
11	-2183.70	93126.25848	0.12097	(1 component(s) constrained)
12	-2184.16	93104.16105	0.12097	(1 component(s) constrained)
13	-2184.64	93124.05402	0.12097	(1 component(s) constrained)
14	-2183.56	93114.40004	0.12097	(1 component(s) constrained)
15	-2185.11	93111.08231	0.12097	(1 component(s) constrained)
16	-2185.56	93117.25910	0.12097	(1 component(s) constrained)
17	-2184.12	93123.28995	0.12097	(1 component(s) constrained)
18	-2183.36	93126.62952	0.12097	(1 component(s) constrained)
19	-2184.52	93107.01517	0.12097	(1 component(s) constrained)
20	-2183.76	93147.22162	0.12097	(1 component(s) constrained)
21	-2184.64	93125.40148	0.12097	(1 component(s) constrained)
22	-2184.66	93118.99991	0.12097	(1 component(s) constrained)
23	-2183.77	93116.03024	0.12097	(1 component(s) constrained)
24	-2184.04	93126.73674	0.12097	(1 component(s) constrained)
25	-2184.57	93125.07939	0.12097	(1 component(s) constrained)
26	-2185.08	93156.80820	0.12097	(1 component(s) constrained)
27	-2183.26	93108.75708	0.12097	(1 component(s) constrained)
28	-2184.44	93114.29586	0.12097	(1 component(s) constrained)
29	-2184.77	93113.97422	0.12097	(1 component(s) constrained)
30	-2183.93	93125.85659	0.12097	(1 component(s) constrained)
31	-2184.37	93111.18668	0.12097	(1 component(s) constrained)
32	-2184.26	93108.95627	0.12097	(1 component(s) constrained)
33	-2184.55	93156.89703	0.12097	(1 component(s) constrained)
34	-2183.83	93117.31082	0.12097	(1 component(s) constrained)
35	-2184.55	93118.23986	0.12097	(1 component(s) constrained)
36	-2184.81	93154.86471	0.12097	(1 component(s) constrained)
37	-2184.13	93136.65421	0.12097	(1 component(s) constrained)
38	-2184.00	93111.71168	0.12097	(1 component(s) constrained)
39	-2184.12	93133.81538	0.12097	(1 component(s) constrained)
40	-2185.65	93141.31879	0.12097	(1 component(s) constrained)
41	-2183.85	93122.55978	0.12097	(1 component(s) constrained)
42	-2183.68	93123.28813	0.12097	(1 component(s) constrained)
43	-2183.73	93122.80520	0.12097	(1 component(s) constrained)
44	-2183.68	93119.38786	0.12097	(1 component(s) constrained)
45	-2184.52	93126.33806	0.12097	(1 component(s) constrained)
46	-2184.70	93117.19053	0.12097	(1 component(s) constrained)
47	-2184.14	93120.93430	0.12097	(1 component(s) constrained)
48	-2184.18	93139.99181	0.12097	(1 component(s) constrained)
49	-2183.28	93148.18687	0.12097	(1 component(s) constrained)
50	-2184.40	93096.59845	0.12097	(1 component(s) constrained)
51	-2184.01	93107.26957	0.12097	(1 component(s) constrained)
52	-2185.36	93119.24168	0.12097	(1 component(s) constrained)
53	-2184.00	93108.06820	0.12097	(1 component(s) constrained)
54	-2184.11	93107.22733	0.12097	(1 component(s) constrained)
55	-2185.03	93119.47226	0.12097	(1 component(s) constrained)
56	-2184.27	93112.14398	0.12097	(1 component(s) constrained)
57	-2184.99	93086.93665	0.12097	(1 component(s) constrained)
58	-2184.78	93119.89472	0.12097	(1 component(s) constrained)
59	-2184.83	93139.89817	0.12097	(1 component(s) constrained)
60	-2183.71	93130.83658	0.12097	(1 component(s) constrained)
61	-2183.71	93126.51130	0.12097	(1 component(s) constrained)
Log-likelihood ratio converged.

Calculating the logLikelihood for the reduced model ...
(variance component 1 is dropped from the model)
Calculating prior values of variance components by EM-REML ...
Updated prior values: 97653.29579
logL: -2191.28644
Running AI-REML algorithm ...
Iter.	logL	V(e)	
1	-2187.33	97417.98715	
2	-2187.32	97257.98952	
3	-2187.32	96913.06454	
4	-2187.32	96914.28348	
5	-2187.32	96914.28349	
Log-likelihood ratio converged.

Summary result of REML analysis:
Source	Variance	SE
V(G)	93126.511302	115702.760811
V(e)	0.120966	116269.696586
Vp	93126.632267	7010.341506
V(G)/Vp	0.999999	1.248512

Sampling variance/covariance of the estimates of variance components:
1.338713e+10	-1.342831e+10	
-1.342831e+10	1.351864e+10	
Estimatesof fixed effects:

Source	Estimate	SE
mean	1103.710075	47.125532
X_2	-6.715615	32.726641
X_3	-123.364885	62.563167
X_4	-190.292930	54.933342
X_5	-144.566078	64.698319
X_6	-88.504649	56.443654
X_7	-216.776784	48.373613
X_8	68.316328	65.767220
X_9	-288.556940	64.373852
X_10	-349.409338	47.093772
X_11	-148.149082	55.221299

Summary result of REML analysis has been saved in the file [/raid/genevol/users/lucas/heritability/03.Heritability/Results/V2/HLA-DRB1/NAfrHLA-DRB10.hsq].

Analysis finished at 23:25:10 -03 on Wed Jun 09 2021
Overall computational time: 1.97 sec.
