*******************************************************************
* Genome-wide Complex Trait Analysis (GCTA)
* version 1.93.2 beta Linux
* (C) 2010-present, Jian Yang, The University of Queensland
* Please report bugs to Jian Yang <jian.yang.qt@gmail.com>
*******************************************************************
Analysis started at 23:28:43 -03 on Wed Jun 09 2021.
Hostname: darwin

Accepted options:
--reml
--reml-alg 0
--reml-maxit 1000
--grm /scratch/genevol/users/lucas/V3/grmFull
--pheno /raid/genevol/users/lucas/heritability/02.GCTA/data/geneHLA-DRB1.txt
--covar /raid/genevol/users/lucas/heritability/02.GCTA/data/envir2.txt
--reml-est-fix
--out /raid/genevol/users/lucas/heritability/03.Heritability/Results/V3/HLA-DRB1/FullHLA-DRB12

Note: This is a multi-thread program. You could specify the number of threads by the --thread-num option to speed up the computation if there are multiple processors in your machine.

Reading IDs of the GRM from [/scratch/genevol/users/lucas/V3/grmFull.grm.id].
2504 IDs read from [/scratch/genevol/users/lucas/V3/grmFull.grm.id].
Reading the GRM from [/scratch/genevol/users/lucas/V3/grmFull.grm.bin].
GRM for 2504 individuals are included from [/scratch/genevol/users/lucas/V3/grmFull.grm.bin].
Reading phenotypes from [/raid/genevol/users/lucas/heritability/02.GCTA/data/geneHLA-DRB1.txt].
Non-missing phenotypes of 445 individuals are included from [/raid/genevol/users/lucas/heritability/02.GCTA/data/geneHLA-DRB1.txt].
Reading discrete covariate(s) from [/raid/genevol/users/lucas/heritability/02.GCTA/data/envir2.txt].
1 discrete covariate(s) of 445 individuals are included from [/raid/genevol/users/lucas/heritability/02.GCTA/data/envir2.txt].

1 discrete variable(s) included as covariate(s).
445 individuals are in common in these files.

Performing  REML analysis ... (Note: may take hours depending on sample size).
445 observations, 7 fixed effect(s), and 2 variance component(s)(including residual variance).
Calculating prior values of variance components by EM-REML ...
Updated prior values: 61028.2 63864.7
logL: -2809.27
Running AI-REML algorithm ...
Iter.	logL	V(G)	V(e)	
1	-2799.29	87076.97633	15415.18314	
2	-2794.52	85454.29718	0.14851	(1 component(s) constrained)
3	-2792.23	76443.56867	0.14851	(1 component(s) constrained)
4	-2793.83	71780.07196	0.14851	(1 component(s) constrained)
5	-2796.07	63146.87665	0.14851	(1 component(s) constrained)
6	-2803.91	64060.33508	0.14851	(1 component(s) constrained)
7	-2802.80	64073.73933	0.14851	(1 component(s) constrained)
8	-2802.78	64073.74021	0.14851	(1 component(s) constrained)
9	-2802.78	64073.74213	0.14851	(1 component(s) constrained)
Log-likelihood ratio converged.

Calculating the logLikelihood for the reduced model ...
(variance component 1 is dropped from the model)
Calculating prior values of variance components by EM-REML ...
Updated prior values: 139278.22602
logL: -2827.39190
Running AI-REML algorithm ...
Iter.	logL	V(e)	
1	-2826.94	139231.56815	
2	-2826.94	139130.65782	
3	-2826.94	139130.73091	
Log-likelihood ratio converged.

Summary result of REML analysis:
Source	Variance	SE
V(G)	64073.742127	26463.289537
V(e)	0.148507	36372.069967
Vp	64073.890634	10837.899412
V(G)/Vp	0.999998	0.567658

Sampling variance/covariance of the estimates of variance components:
7.003057e+08	-9.528866e+08	
-9.528866e+08	1.322927e+09	
Estimatesof fixed effects:

Source	Estimate	SE
mean	1032.167237	47.916129
X_2	-158.114441	54.911956
X_3	-207.560101	48.211202
X_4	-177.349138	56.072697
X_5	-70.139057	48.744791
X_6	-238.596807	41.991567
X_7	21.424762	55.914366

Summary result of REML analysis has been saved in the file [/raid/genevol/users/lucas/heritability/03.Heritability/Results/V3/HLA-DRB1/FullHLA-DRB12.hsq].

Analysis finished at 23:28:44 -03 on Wed Jun 09 2021
Overall computational time: 1.58 sec.
