*******************************************************************
* Genome-wide Complex Trait Analysis (GCTA)
* version 1.93.2 beta Linux
* (C) 2010-present, Jian Yang, The University of Queensland
* Please report bugs to Jian Yang <jian.yang.qt@gmail.com>
*******************************************************************
Analysis started at 23:28:40 -03 on Wed Jun 09 2021.
Hostname: darwin

Accepted options:
--reml
--reml-alg 0
--reml-maxit 1000
--grm /scratch/genevol/users/lucas/V3/grmGeuvadis
--pheno /raid/genevol/users/lucas/heritability/02.GCTA/data/geneHLA-DRB1.txt
--covar /raid/genevol/users/lucas/heritability/02.GCTA/data/envir1.txt
--reml-est-fix
--out /raid/genevol/users/lucas/heritability/03.Heritability/Results/V3/HLA-DRB1/GeuvadisHLA-DRB11

Note: This is a multi-thread program. You could specify the number of threads by the --thread-num option to speed up the computation if there are multiple processors in your machine.

Reading IDs of the GRM from [/scratch/genevol/users/lucas/V3/grmGeuvadis.grm.id].
445 IDs read from [/scratch/genevol/users/lucas/V3/grmGeuvadis.grm.id].
Reading the GRM from [/scratch/genevol/users/lucas/V3/grmGeuvadis.grm.bin].
GRM for 445 individuals are included from [/scratch/genevol/users/lucas/V3/grmGeuvadis.grm.bin].
Reading phenotypes from [/raid/genevol/users/lucas/heritability/02.GCTA/data/geneHLA-DRB1.txt].
Non-missing phenotypes of 445 individuals are included from [/raid/genevol/users/lucas/heritability/02.GCTA/data/geneHLA-DRB1.txt].
Reading discrete covariate(s) from [/raid/genevol/users/lucas/heritability/02.GCTA/data/envir1.txt].
2 discrete covariate(s) of 445 individuals are included from [/raid/genevol/users/lucas/heritability/02.GCTA/data/envir1.txt].

2 discrete variable(s) included as covariate(s).
445 individuals are in common in these files.

Performing  REML analysis ... (Note: may take hours depending on sample size).
445 observations, 8 fixed effect(s), and 2 variance component(s)(including residual variance).
Calculating prior values of variance components by EM-REML ...
Updated prior values: 68799.2 67656.4
logL: -2794.29
Running AI-REML algorithm ...
Iter.	logL	V(G)	V(e)	
1	-2791.88	72088.02346	60505.46876	
2	-2791.22	74101.68871	56091.88168	
3	-2790.94	78116.86458	47184.95257	
4	-2790.72	77769.49071	47753.26483	
5	-2790.72	77776.89163	47747.48275	
6	-2790.72	77776.78470	47747.57772	
Log-likelihood ratio converged.

Calculating the logLikelihood for the reduced model ...
(variance component 1 is dropped from the model)
Calculating prior values of variance components by EM-REML ...
Updated prior values: 139600.20533
logL: -2823.76051
Running AI-REML algorithm ...
Iter.	logL	V(e)	
1	-2823.34	139548.61900	
2	-2823.34	139437.05900	
3	-2823.34	139437.14811	
Log-likelihood ratio converged.

Summary result of REML analysis:
Source	Variance	SE
V(G)	77776.784702	27032.542473
V(e)	47747.577724	23761.201569
Vp	125524.362426	8997.865787
V(G)/Vp	0.619615	0.196553

Sampling variance/covariance of the estimates of variance components:
7.307584e+08	-6.071957e+08	
-6.071957e+08	5.645947e+08	
Estimatesof fixed effects:

Source	Estimate	SE
mean	982.587616	36.060721
X_2	-2.442171	32.883096
X_3	-156.863477	63.394329
X_4	-204.405584	55.730111
X_5	-164.674906	64.840371
X_6	-71.310980	56.603834
X_7	-227.072749	48.546200
X_8	37.084758	65.195434

Summary result of REML analysis has been saved in the file [/raid/genevol/users/lucas/heritability/03.Heritability/Results/V3/HLA-DRB1/GeuvadisHLA-DRB11.hsq].

Analysis finished at 23:28:41 -03 on Wed Jun 09 2021
Overall computational time: 1.06 sec.
