*******************************************************************
* Genome-wide Complex Trait Analysis (GCTA)
* version 1.93.2 beta Linux
* (C) 2010-present, Jian Yang, The University of Queensland
* Please report bugs to Jian Yang <jian.yang.qt@gmail.com>
*******************************************************************
Analysis started at 23:28:41 -03 on Wed Jun 09 2021.
Hostname: darwin

Accepted options:
--reml
--reml-alg 0
--reml-maxit 1000
--grm /scratch/genevol/users/lucas/V3/grmNAfr
--pheno /raid/genevol/users/lucas/heritability/02.GCTA/data/geneNAfrHLA-DRB1.txt
--covar /raid/genevol/users/lucas/heritability/02.GCTA/data/envir1.txt
--reml-est-fix
--out /raid/genevol/users/lucas/heritability/03.Heritability/Results/V3/HLA-DRB1/NAfrHLA-DRB11

Note: This is a multi-thread program. You could specify the number of threads by the --thread-num option to speed up the computation if there are multiple processors in your machine.

Reading IDs of the GRM from [/scratch/genevol/users/lucas/V3/grmNAfr.grm.id].
358 IDs read from [/scratch/genevol/users/lucas/V3/grmNAfr.grm.id].
Reading the GRM from [/scratch/genevol/users/lucas/V3/grmNAfr.grm.bin].
GRM for 358 individuals are included from [/scratch/genevol/users/lucas/V3/grmNAfr.grm.bin].
Reading phenotypes from [/raid/genevol/users/lucas/heritability/02.GCTA/data/geneNAfrHLA-DRB1.txt].
Non-missing phenotypes of 358 individuals are included from [/raid/genevol/users/lucas/heritability/02.GCTA/data/geneNAfrHLA-DRB1.txt].
Reading discrete covariate(s) from [/raid/genevol/users/lucas/heritability/02.GCTA/data/envir1.txt].
2 discrete covariate(s) of 445 individuals are included from [/raid/genevol/users/lucas/heritability/02.GCTA/data/envir1.txt].

2 discrete variable(s) included as covariate(s).
358 individuals are in common in these files.

Performing  REML analysis ... (Note: may take hours depending on sample size).
358 observations, 8 fixed effect(s), and 2 variance component(s)(including residual variance).
Calculating prior values of variance components by EM-REML ...
Updated prior values: 58651.8 57859.5
logL: -2225.45
Running AI-REML algorithm ...
Iter.	logL	V(G)	V(e)	
1	-2225.05	113468.67837	0.12097	(1 component(s) constrained)
2	-2223.44	107249.79152	0.12097	(1 component(s) constrained)
3	-2223.14	107354.10711	0.12097	(1 component(s) constrained)
4	-2223.28	107580.30259	0.12097	(1 component(s) constrained)
5	-2223.04	107576.34296	0.12097	(1 component(s) constrained)
6	-2223.12	107578.47548	0.12097	(1 component(s) constrained)
7	-2223.29	107581.18595	0.12097	(1 component(s) constrained)
8	-2223.15	107567.51376	0.12097	(1 component(s) constrained)
9	-2222.50	107572.84792	0.12097	(1 component(s) constrained)
10	-2222.84	107579.24593	0.12097	(1 component(s) constrained)
11	-2221.97	107595.88196	0.12097	(1 component(s) constrained)
12	-2222.45	107602.04603	0.12097	(1 component(s) constrained)
13	-2223.00	107586.39001	0.12097	(1 component(s) constrained)
14	-2223.21	107583.90738	0.12097	(1 component(s) constrained)
15	-2222.56	107580.68875	0.12097	(1 component(s) constrained)
16	-2223.03	107580.78859	0.12097	(1 component(s) constrained)
17	-2223.00	107615.74144	0.12097	(1 component(s) constrained)
18	-2222.91	107596.17787	0.12097	(1 component(s) constrained)
19	-2222.71	107568.46887	0.12097	(1 component(s) constrained)
20	-2222.66	107589.88416	0.12097	(1 component(s) constrained)
21	-2222.47	107578.79815	0.12097	(1 component(s) constrained)
22	-2222.60	107593.30800	0.12097	(1 component(s) constrained)
23	-2222.93	107575.98683	0.12097	(1 component(s) constrained)
24	-2223.16	107582.34274	0.12097	(1 component(s) constrained)
25	-2222.67	107575.64926	0.12097	(1 component(s) constrained)
26	-2222.80	107591.81897	0.12097	(1 component(s) constrained)
27	-2223.50	107566.56415	0.12097	(1 component(s) constrained)
28	-2222.88	107583.14741	0.12097	(1 component(s) constrained)
29	-2222.92	107577.14957	0.12097	(1 component(s) constrained)
30	-2222.82	107600.60790	0.12097	(1 component(s) constrained)
31	-2222.56	107578.73822	0.12097	(1 component(s) constrained)
32	-2222.35	107569.49436	0.12097	(1 component(s) constrained)
33	-2222.36	107589.74681	0.12097	(1 component(s) constrained)
34	-2222.66	107581.18454	0.12097	(1 component(s) constrained)
35	-2221.95	107593.45716	0.12097	(1 component(s) constrained)
36	-2223.72	107572.53379	0.12097	(1 component(s) constrained)
37	-2222.56	107570.58059	0.12097	(1 component(s) constrained)
38	-2223.63	107576.31506	0.12097	(1 component(s) constrained)
39	-2222.51	107561.78904	0.12097	(1 component(s) constrained)
40	-2222.65	107572.63080	0.12097	(1 component(s) constrained)
41	-2222.43	107594.66346	0.12097	(1 component(s) constrained)
42	-2223.08	107579.35335	0.12097	(1 component(s) constrained)
43	-2223.08	107589.97457	0.12097	(1 component(s) constrained)
Log-likelihood ratio converged.

Calculating the logLikelihood for the reduced model ...
(variance component 1 is dropped from the model)
Calculating prior values of variance components by EM-REML ...
Updated prior values: 114253.45187
logL: -2228.88250
Running AI-REML algorithm ...
Iter.	logL	V(e)	
1	-2228.59	114204.90453	
2	-2228.59	114099.93095	
3	-2228.59	114100.02735	
Log-likelihood ratio converged.

Summary result of REML analysis:
Source	Variance	SE
V(G)	107589.974567	87969.549089
V(e)	0.120966	88704.238473
Vp	107590.095532	8085.353915
V(G)/Vp	0.999999	0.824465

Sampling variance/covariance of the estimates of variance components:
7.738642e+09	-7.770855e+09	
-7.770855e+09	7.868442e+09	
Estimatesof fixed effects:

Source	Estimate	SE
mean	901.017646	37.030607
X_2	0.155060	35.078826
X_3	-154.185065	67.027917
X_4	-193.942386	58.981295
X_5	-131.028406	69.240058
X_6	-75.673639	60.582679
X_7	-200.385408	51.888744
X_8	72.462022	70.547115

Summary result of REML analysis has been saved in the file [/raid/genevol/users/lucas/heritability/03.Heritability/Results/V3/HLA-DRB1/NAfrHLA-DRB11.hsq].

Analysis finished at 23:28:43 -03 on Wed Jun 09 2021
Overall computational time: 1.61 sec.
