*******************************************************************
* Genome-wide Complex Trait Analysis (GCTA)
* version 1.93.2 beta Linux
* (C) 2010-present, Jian Yang, The University of Queensland
* Please report bugs to Jian Yang <jian.yang.qt@gmail.com>
*******************************************************************
Analysis started at 23:19:23 -03 on Wed Jun 09 2021.
Hostname: darwin

Accepted options:
--reml
--reml-alg 0
--reml-maxit 1000
--grm /scratch/genevol/users/lucas/V1/grmGeuvadis
--pheno /raid/genevol/users/lucas/heritability/02.GCTA/data/geneHLA-B.txt
--covar /raid/genevol/users/lucas/heritability/02.GCTA/data/envir1.txt
--reml-est-fix
--out /raid/genevol/users/lucas/heritability/03.Heritability/Results/V1/HLA-B/GeuvadisHLA-B1

Note: This is a multi-thread program. You could specify the number of threads by the --thread-num option to speed up the computation if there are multiple processors in your machine.

Reading IDs of the GRM from [/scratch/genevol/users/lucas/V1/grmGeuvadis.grm.id].
445 IDs read from [/scratch/genevol/users/lucas/V1/grmGeuvadis.grm.id].
Reading the GRM from [/scratch/genevol/users/lucas/V1/grmGeuvadis.grm.bin].
GRM for 445 individuals are included from [/scratch/genevol/users/lucas/V1/grmGeuvadis.grm.bin].
Reading phenotypes from [/raid/genevol/users/lucas/heritability/02.GCTA/data/geneHLA-B.txt].
Non-missing phenotypes of 445 individuals are included from [/raid/genevol/users/lucas/heritability/02.GCTA/data/geneHLA-B.txt].
Reading discrete covariate(s) from [/raid/genevol/users/lucas/heritability/02.GCTA/data/envir1.txt].
2 discrete covariate(s) of 445 individuals are included from [/raid/genevol/users/lucas/heritability/02.GCTA/data/envir1.txt].

2 discrete variable(s) included as covariate(s).
445 individuals are in common in these files.

Performing  REML analysis ... (Note: may take hours depending on sample size).
445 observations, 8 fixed effect(s), and 2 variance component(s)(including residual variance).
Calculating prior values of variance components by EM-REML ...
Updated prior values: 219339 220155
logL: -3035.31
Running AI-REML algorithm ...
Iter.	logL	V(G)	V(e)	
1	-3024.57	93770.82229	296292.68384	
2	-3018.95	68218.20591	302183.25715	
3	-3017.59	58906.10313	300205.66559	
4	-3017.08	54577.22535	297483.11386	
5	-3016.87	47362.31777	290251.07256	
6	-3016.69	49472.15695	288771.53823	
7	-3016.69	48886.27672	289344.14768	
8	-3016.69	49068.76260	289167.36143	
9	-3016.69	49012.93840	289221.54457	
10	-3016.69	49030.11184	289204.88597	
Log-likelihood ratio converged.

Calculating the logLikelihood for the reduced model ...
(variance component 1 is dropped from the model)
Calculating prior values of variance components by EM-REML ...
Updated prior values: 346057.37230
logL: -3037.37139
Running AI-REML algorithm ...
Iter.	logL	V(e)	
1	-3019.87	345004.15987	
2	-3019.86	344289.15072	
3	-3019.86	342749.35983	
4	-3019.86	342756.21556	
5	-3019.86	342756.21570	
Log-likelihood ratio converged.

Summary result of REML analysis:
Source	Variance	SE
V(G)	49030.111839	42152.215719
V(e)	289204.885974	45220.587683
Vp	338234.997813	22916.192268
V(G)/Vp	0.144959	0.123701

Sampling variance/covariance of the estimates of variance components:
1.776809e+09	-1.648279e+09	
-1.648279e+09	2.044902e+09	
Estimatesof fixed effects:

Source	Estimate	SE
mean	3421.455687	63.911182
X_2	-58.642521	55.846684
X_3	-770.376876	108.157451
X_4	-1054.021751	95.004163
X_5	-824.595576	110.037658
X_6	-730.978738	96.097805
X_7	-759.861223	82.476829
X_8	260.512226	110.128389

Summary result of REML analysis has been saved in the file [/raid/genevol/users/lucas/heritability/03.Heritability/Results/V1/HLA-B/GeuvadisHLA-B1.hsq].

Analysis finished at 23:19:25 -03 on Wed Jun 09 2021
Overall computational time: 1.14 sec.
