*******************************************************************
* Genome-wide Complex Trait Analysis (GCTA)
* version 1.93.2 beta Linux
* (C) 2010-present, Jian Yang, The University of Queensland
* Please report bugs to Jian Yang <jian.yang.qt@gmail.com>
*******************************************************************
Analysis started at 23:19:20 -03 on Wed Jun 09 2021.
Hostname: darwin

Accepted options:
--reml
--reml-alg 0
--reml-maxit 1000
--grm /scratch/genevol/users/lucas/V1/grmGeuvadis
--pheno /raid/genevol/users/lucas/heritability/02.GCTA/data/geneHLA-B.txt
--covar /raid/genevol/users/lucas/heritability/02.GCTA/data/envir0.txt
--reml-est-fix
--out /raid/genevol/users/lucas/heritability/03.Heritability/Results/V1/HLA-B/GeuvadisHLA-B0

Note: This is a multi-thread program. You could specify the number of threads by the --thread-num option to speed up the computation if there are multiple processors in your machine.

Reading IDs of the GRM from [/scratch/genevol/users/lucas/V1/grmGeuvadis.grm.id].
445 IDs read from [/scratch/genevol/users/lucas/V1/grmGeuvadis.grm.id].
Reading the GRM from [/scratch/genevol/users/lucas/V1/grmGeuvadis.grm.bin].
GRM for 445 individuals are included from [/scratch/genevol/users/lucas/V1/grmGeuvadis.grm.bin].
Reading phenotypes from [/raid/genevol/users/lucas/heritability/02.GCTA/data/geneHLA-B.txt].
Non-missing phenotypes of 445 individuals are included from [/raid/genevol/users/lucas/heritability/02.GCTA/data/geneHLA-B.txt].
Reading discrete covariate(s) from [/raid/genevol/users/lucas/heritability/02.GCTA/data/envir0.txt].
3 discrete covariate(s) of 445 individuals are included from [/raid/genevol/users/lucas/heritability/02.GCTA/data/envir0.txt].

3 discrete variable(s) included as covariate(s).
445 individuals are in common in these files.

Performing  REML analysis ... (Note: may take hours depending on sample size).
445 observations, 12 fixed effect(s), and 2 variance component(s)(including residual variance).
Calculating prior values of variance components by EM-REML ...
Updated prior values: 220287 220746
logL: -3014.92
Running AI-REML algorithm ...
Iter.	logL	V(G)	V(e)	
1	-3004.55	85261.55058	304620.54487	
2	-2998.82	47131.87253	321893.98202	
3	-2997.26	29099.72515	328153.24593	
4	-2996.66	19125.61841	330884.91767	
5	-2996.41	211.89821	335105.07454	
6	-2996.20	2039.64465	334002.65631	
7	-2996.20	2057.58562	333988.15841	
8	-2996.20	2057.62944	333988.11582	
Log-likelihood ratio converged.

Calculating the logLikelihood for the reduced model ...
(variance component 1 is dropped from the model)
Calculating prior values of variance components by EM-REML ...
Updated prior values: 341132.42984
logL: -3015.09151
Running AI-REML algorithm ...
Iter.	logL	V(e)	
1	-2996.23	339485.30763	
2	-2996.22	338372.03041	
3	-2996.21	335981.69601	
4	-2996.20	335998.46257	
5	-2996.20	335998.46341	
Log-likelihood ratio converged.

Summary result of REML analysis:
Source	Variance	SE
V(G)	2057.629442	56887.108468
V(e)	333988.115817	59984.012787
Vp	336045.745259	22879.265889
V(G)/Vp	0.006123	0.169258

Sampling variance/covariance of the estimates of variance components:
3.236143e+09	-3.155382e+09	
-3.155382e+09	3.598082e+09	
Estimatesof fixed effects:

Source	Estimate	SE
mean	3388.137777	86.536825
X_2	-60.866692	56.086984
X_3	-771.040400	108.538120
X_4	-1048.576628	95.234654
X_5	-840.210871	110.328930
X_6	-737.012661	96.123190
X_7	-756.449996	82.535475
X_8	240.627754	110.189613
X_9	-70.241887	87.256735
X_10	43.562711	88.102651
X_11	-2.985371	86.767370
X_12	222.836183	91.280173

Summary result of REML analysis has been saved in the file [/raid/genevol/users/lucas/heritability/03.Heritability/Results/V1/HLA-B/GeuvadisHLA-B0.hsq].

Analysis finished at 23:19:21 -03 on Wed Jun 09 2021
Overall computational time: 1.03 sec.
