*******************************************************************
* Genome-wide Complex Trait Analysis (GCTA)
* version 1.93.2 beta Linux
* (C) 2010-present, Jian Yang, The University of Queensland
* Please report bugs to Jian Yang <jian.yang.qt@gmail.com>
*******************************************************************
Analysis started at 22:21:04 -03 on Mon Jun 07 2021.
Hostname: darwin

Accepted options:
--reml
--reml-alg 0
--reml-maxit 1000
--grm /scratch/genevol/users/lucas/V1/grmNAfr
--pheno /raid/genevol/users/lucas/heritability/02.GCTA/data/geneHLA-B.txt
--covar /raid/genevol/users/lucas/heritability/02.GCTA/data/envir1.txt
--out /raid/genevol/users/lucas/heritability/03.Heritability/Results/V1/HLA-B/HLA-BNAfr1

Note: This is a multi-thread program. You could specify the number of threads by the --thread-num option to speed up the computation if there are multiple processors in your machine.

Reading IDs of the GRM from [/scratch/genevol/users/lucas/V1/grmNAfr.grm.id].
358 IDs read from [/scratch/genevol/users/lucas/V1/grmNAfr.grm.id].
Reading the GRM from [/scratch/genevol/users/lucas/V1/grmNAfr.grm.bin].
GRM for 358 individuals are included from [/scratch/genevol/users/lucas/V1/grmNAfr.grm.bin].
Reading phenotypes from [/raid/genevol/users/lucas/heritability/02.GCTA/data/geneHLA-B.txt].
Non-missing phenotypes of 445 individuals are included from [/raid/genevol/users/lucas/heritability/02.GCTA/data/geneHLA-B.txt].
Reading discrete covariate(s) from [/raid/genevol/users/lucas/heritability/02.GCTA/data/envir1.txt].
2 discrete covariate(s) of 445 individuals are included from [/raid/genevol/users/lucas/heritability/02.GCTA/data/envir1.txt].

2 discrete variable(s) included as covariate(s).
358 individuals are in common in these files.

Performing  REML analysis ... (Note: may take hours depending on sample size).
358 observations, 8 fixed effect(s), and 2 variance component(s)(including residual variance).
Calculating prior values of variance components by EM-REML ...
Updated prior values: 213576 213829
logL: -2431.47
Running AI-REML algorithm ...
Iter.	logL	V(G)	V(e)	
1	-2421.98	107094.01409	282738.05180	
2	-2419.00	56910.96807	312623.06188	
3	-2417.85	29768.86948	327656.93821	
4	-2417.37	13701.54305	336119.86616	
5	-2417.16	0.51626	334247.88345	(1 component(s) constrained)
6	-2416.99	0.51626	334935.57507	(1 component(s) constrained)
7	-2416.99	0.51626	334936.99286	(1 component(s) constrained)
8	-2416.99	0.51626	334936.99287	(1 component(s) constrained)
Log-likelihood ratio converged.

Calculating the logLikelihood for the reduced model ...
(variance component 1 is dropped from the model)
Calculating prior values of variance components by EM-REML ...
Updated prior values: 338892.36559
logL: -2431.26057
Running AI-REML algorithm ...
Iter.	logL	V(e)	
1	-2417.00	337595.74205	
2	-2417.00	336717.18682	
3	-2416.99	334827.66935	
4	-2416.99	334838.21304	
5	-2416.99	334838.21337	
Log-likelihood ratio converged.

Summary result of REML analysis:
Source	Variance	SE
V(G)	0.516262	236407.994004
V(e)	334936.992866	239135.139498
Vp	334937.509128	25360.367811
V(G)/Vp	0.000002	0.705827

Sampling variance/covariance of the estimates of variance components:
5.588874e+10	-5.621560e+10	
-5.621560e+10	5.718561e+10	

Summary result of REML analysis has been saved in the file [/raid/genevol/users/lucas/heritability/03.Heritability/Results/V1/HLA-B/HLA-BNAfr1.hsq].

Analysis finished at 22:21:05 -03 on Mon Jun 07 2021
Overall computational time: 0.95 sec.
