*******************************************************************
* Genome-wide Complex Trait Analysis (GCTA)
* version 1.93.2 beta Linux
* (C) 2010-present, Jian Yang, The University of Queensland
* Please report bugs to Jian Yang <jian.yang.qt@gmail.com>
*******************************************************************
Analysis started at 22:20:59 -03 on Mon Jun 07 2021.
Hostname: darwin

Accepted options:
--reml
--reml-alg 0
--reml-maxit 1000
--grm /scratch/genevol/users/lucas/V1/grmFull
--pheno /raid/genevol/users/lucas/heritability/02.GCTA/data/geneHLA-B.txt
--covar /raid/genevol/users/lucas/heritability/02.GCTA/data/envir1.txt
--out /raid/genevol/users/lucas/heritability/03.Heritability/Results/V1/HLA-B/HLA-BFull1

Note: This is a multi-thread program. You could specify the number of threads by the --thread-num option to speed up the computation if there are multiple processors in your machine.

Reading IDs of the GRM from [/scratch/genevol/users/lucas/V1/grmFull.grm.id].
2504 IDs read from [/scratch/genevol/users/lucas/V1/grmFull.grm.id].
Reading the GRM from [/scratch/genevol/users/lucas/V1/grmFull.grm.bin].
GRM for 2504 individuals are included from [/scratch/genevol/users/lucas/V1/grmFull.grm.bin].
Reading phenotypes from [/raid/genevol/users/lucas/heritability/02.GCTA/data/geneHLA-B.txt].
Non-missing phenotypes of 445 individuals are included from [/raid/genevol/users/lucas/heritability/02.GCTA/data/geneHLA-B.txt].
Reading discrete covariate(s) from [/raid/genevol/users/lucas/heritability/02.GCTA/data/envir1.txt].
2 discrete covariate(s) of 445 individuals are included from [/raid/genevol/users/lucas/heritability/02.GCTA/data/envir1.txt].

2 discrete variable(s) included as covariate(s).
445 individuals are in common in these files.

Performing  REML analysis ... (Note: may take hours depending on sample size).
445 observations, 8 fixed effect(s), and 2 variance component(s)(including residual variance).
Calculating prior values of variance components by EM-REML ...
Updated prior values: 179977 212873
logL: -3062.76
Running AI-REML algorithm ...
Iter.	logL	V(G)	V(e)	
1	-3033.13	80988.19005	292334.96639	
2	-3022.12	75304.50990	265907.54532	
3	-3018.78	71923.02336	251812.17187	
4	-3017.48	69812.05827	243458.61238	
5	-3016.93	68450.50867	238233.71390	
6	-3016.69	65612.37603	227563.52072	
7	-3016.50	65676.20452	228100.18687	
8	-3016.50	65695.74017	228069.14328	
9	-3016.50	65689.63200	228079.23451	
Log-likelihood ratio converged.

Calculating the logLikelihood for the reduced model ...
(variance component 1 is dropped from the model)
Calculating prior values of variance components by EM-REML ...
Updated prior values: 346057.37230
logL: -3037.37139
Running AI-REML algorithm ...
Iter.	logL	V(e)	
1	-3019.87	345004.15987	
2	-3019.86	344289.15072	
3	-3019.86	342749.35983	
4	-3019.86	342756.21556	
5	-3019.86	342756.21570	
Log-likelihood ratio converged.

Summary result of REML analysis:
Source	Variance	SE
V(G)	65689.631995	69798.045163
V(e)	228079.234512	116106.696549
Vp	293768.866507	49578.048888
V(G)/Vp	0.223610	0.271686

Sampling variance/covariance of the estimates of variance components:
4.871767e+09	-7.947275e+09	
-7.947275e+09	1.348076e+10	

Summary result of REML analysis has been saved in the file [/raid/genevol/users/lucas/heritability/03.Heritability/Results/V1/HLA-B/HLA-BFull1.hsq].

Analysis finished at 22:21:00 -03 on Mon Jun 07 2021
Overall computational time: 1.45 sec.
