*******************************************************************
* Genome-wide Complex Trait Analysis (GCTA)
* version 1.93.2 beta Linux
* (C) 2010-present, Jian Yang, The University of Queensland
* Please report bugs to Jian Yang <jian.yang.qt@gmail.com>
*******************************************************************
Analysis started at 23:19:21 -03 on Wed Jun 09 2021.
Hostname: darwin

Accepted options:
--reml
--reml-alg 0
--reml-maxit 1000
--grm /scratch/genevol/users/lucas/V1/grmNAfr
--pheno /raid/genevol/users/lucas/heritability/02.GCTA/data/geneNAfrHLA-B.txt
--covar /raid/genevol/users/lucas/heritability/02.GCTA/data/envir0.txt
--reml-est-fix
--out /raid/genevol/users/lucas/heritability/03.Heritability/Results/V1/HLA-B/NAfrHLA-B0

Note: This is a multi-thread program. You could specify the number of threads by the --thread-num option to speed up the computation if there are multiple processors in your machine.

Reading IDs of the GRM from [/scratch/genevol/users/lucas/V1/grmNAfr.grm.id].
358 IDs read from [/scratch/genevol/users/lucas/V1/grmNAfr.grm.id].
Reading the GRM from [/scratch/genevol/users/lucas/V1/grmNAfr.grm.bin].
GRM for 358 individuals are included from [/scratch/genevol/users/lucas/V1/grmNAfr.grm.bin].
Reading phenotypes from [/raid/genevol/users/lucas/heritability/02.GCTA/data/geneNAfrHLA-B.txt].
Non-missing phenotypes of 358 individuals are included from [/raid/genevol/users/lucas/heritability/02.GCTA/data/geneNAfrHLA-B.txt].
Reading discrete covariate(s) from [/raid/genevol/users/lucas/heritability/02.GCTA/data/envir0.txt].
3 discrete covariate(s) of 445 individuals are included from [/raid/genevol/users/lucas/heritability/02.GCTA/data/envir0.txt].

3 discrete variable(s) included as covariate(s).
358 individuals are in common in these files.

Performing  REML analysis ... (Note: may take hours depending on sample size).
358 observations, 11 fixed effect(s), and 2 variance component(s)(including residual variance).
Calculating prior values of variance components by EM-REML ...
Updated prior values: 214591 214467
logL: -2416.95
Running AI-REML algorithm ...
Iter.	logL	V(G)	V(e)	
1	-2407.83	211178.49695	180527.88952	
2	-2404.99	208005.03040	163349.50504	
3	-2403.89	205798.48284	153362.69136	
4	-2403.44	204355.33178	147127.41990	
5	-2403.24	201446.15790	134281.26615	
6	-2403.07	202084.33366	134320.01834	
7	-2403.07	202114.68291	134291.11347	
8	-2403.07	202118.31635	134287.48974	
Log-likelihood ratio converged.

Calculating the logLikelihood for the reduced model ...
(variance component 1 is dropped from the model)
Calculating prior values of variance components by EM-REML ...
Updated prior values: 341776.92361
logL: -2417.05221
Running AI-REML algorithm ...
Iter.	logL	V(e)	
1	-2403.18	340000.30838	
2	-2403.17	338800.60755	
3	-2403.16	336226.29859	
4	-2403.16	336245.71034	
5	-2403.16	336245.71146	
Log-likelihood ratio converged.

Summary result of REML analysis:
Source	Variance	SE
V(G)	202118.316345	457581.594077
V(e)	134287.489740	456218.451793
Vp	336405.806086	25568.688264
V(G)/Vp	0.600817	1.357264

Sampling variance/covariance of the estimates of variance components:
2.093809e+11	-2.084312e+11	
-2.084312e+11	2.081353e+11	
Estimatesof fixed effects:

Source	Estimate	SE
mean	3373.035859	90.674903
X_2	-71.745838	62.447691
X_3	-788.990834	119.348441
X_4	-1041.979985	104.722406
X_5	-774.687625	123.458096
X_6	-665.741035	107.695446
X_7	-772.118316	92.248829
X_8	306.337577	125.649090
X_9	-68.923163	110.978302
X_10	45.547224	89.194618
X_11	9.249559	97.559621

Summary result of REML analysis has been saved in the file [/raid/genevol/users/lucas/heritability/03.Heritability/Results/V1/HLA-B/NAfrHLA-B0.hsq].

Analysis finished at 23:19:22 -03 on Wed Jun 09 2021
Overall computational time: 0.88 sec.
