*******************************************************************
* Genome-wide Complex Trait Analysis (GCTA)
* version 1.93.2 beta Linux
* (C) 2010-present, Jian Yang, The University of Queensland
* Please report bugs to Jian Yang <jian.yang.qt@gmail.com>
*******************************************************************
Analysis started at 23:23:38 -03 on Wed Jun 09 2021.
Hostname: darwin

Accepted options:
--reml
--reml-alg 0
--reml-maxit 1000
--grm /scratch/genevol/users/lucas/V2/grmNAfr
--pheno /raid/genevol/users/lucas/heritability/02.GCTA/data/geneNAfrHLA-DQA1.txt
--covar /raid/genevol/users/lucas/heritability/02.GCTA/data/envir0.txt
--reml-est-fix
--out /raid/genevol/users/lucas/heritability/03.Heritability/Results/V2/HLA-DQA1/NAfrHLA-DQA10

Note: This is a multi-thread program. You could specify the number of threads by the --thread-num option to speed up the computation if there are multiple processors in your machine.

Reading IDs of the GRM from [/scratch/genevol/users/lucas/V2/grmNAfr.grm.id].
358 IDs read from [/scratch/genevol/users/lucas/V2/grmNAfr.grm.id].
Reading the GRM from [/scratch/genevol/users/lucas/V2/grmNAfr.grm.bin].
GRM for 358 individuals are included from [/scratch/genevol/users/lucas/V2/grmNAfr.grm.bin].
Reading phenotypes from [/raid/genevol/users/lucas/heritability/02.GCTA/data/geneNAfrHLA-DQA1.txt].
Non-missing phenotypes of 358 individuals are included from [/raid/genevol/users/lucas/heritability/02.GCTA/data/geneNAfrHLA-DQA1.txt].
Reading discrete covariate(s) from [/raid/genevol/users/lucas/heritability/02.GCTA/data/envir0.txt].
3 discrete covariate(s) of 445 individuals are included from [/raid/genevol/users/lucas/heritability/02.GCTA/data/envir0.txt].

3 discrete variable(s) included as covariate(s).
358 individuals are in common in these files.

Performing  REML analysis ... (Note: may take hours depending on sample size).
358 observations, 11 fixed effect(s), and 2 variance component(s)(including residual variance).
Calculating prior values of variance components by EM-REML ...
Updated prior values: 22732.8 22665.8
logL: -2041.38
Running AI-REML algorithm ...
Iter.	logL	V(G)	V(e)	
1	-2039.61	42652.71266	1379.77321	
2	-2038.84	43224.44172	0.04923	(1 component(s) constrained)
3	-2039.28	41564.47583	0.04923	(1 component(s) constrained)
4	-2038.61	41630.93000	0.04923	(1 component(s) constrained)
5	-2038.29	41618.47863	0.04923	(1 component(s) constrained)
6	-2037.34	41610.99171	0.04923	(1 component(s) constrained)
7	-2040.55	41631.01195	0.04923	(1 component(s) constrained)
8	-2039.61	41620.90188	0.04923	(1 component(s) constrained)
9	-2037.04	41618.39824	0.04923	(1 component(s) constrained)
10	-2036.85	41619.06327	0.04923	(1 component(s) constrained)
11	-2039.17	41616.74804	0.04923	(1 component(s) constrained)
12	-2039.52	41621.88318	0.04923	(1 component(s) constrained)
13	-2038.95	41629.47417	0.04923	(1 component(s) constrained)
14	-2040.25	41615.98404	0.04923	(1 component(s) constrained)
15	-2040.33	41627.13280	0.04923	(1 component(s) constrained)
16	-2040.03	41652.42082	0.04923	(1 component(s) constrained)
17	-2039.18	41620.97882	0.04923	(1 component(s) constrained)
18	-2037.70	41622.17665	0.04923	(1 component(s) constrained)
19	-2037.26	41623.12285	0.04923	(1 component(s) constrained)
20	-2038.88	41637.22949	0.04923	(1 component(s) constrained)
21	-2039.83	41623.40231	0.04923	(1 component(s) constrained)
22	-2039.86	41618.84828	0.04923	(1 component(s) constrained)
23	-2038.15	41629.88663	0.04923	(1 component(s) constrained)
24	-2038.81	41625.87104	0.04923	(1 component(s) constrained)
25	-2037.75	41615.08330	0.04923	(1 component(s) constrained)
26	-2038.98	41620.50874	0.04923	(1 component(s) constrained)
27	-2038.04	41624.59885	0.04923	(1 component(s) constrained)
28	-2038.81	41635.04537	0.04923	(1 component(s) constrained)
29	-2038.89	41608.66785	0.04923	(1 component(s) constrained)
30	-2037.71	41626.08006	0.04923	(1 component(s) constrained)
31	-2037.29	41623.59340	0.04923	(1 component(s) constrained)
32	-2038.10	41641.43892	0.04923	(1 component(s) constrained)
33	-2039.21	41638.36525	0.04923	(1 component(s) constrained)
34	-2038.45	41610.06741	0.04923	(1 component(s) constrained)
35	-2039.38	41613.70989	0.04923	(1 component(s) constrained)
36	-2039.57	41621.41844	0.04923	(1 component(s) constrained)
37	-2039.93	41638.24599	0.04923	(1 component(s) constrained)
38	-2038.95	41616.20334	0.04923	(1 component(s) constrained)
39	-2037.20	41628.60884	0.04923	(1 component(s) constrained)
40	-2038.10	41630.40740	0.04923	(1 component(s) constrained)
41	-2038.95	41649.36736	0.04923	(1 component(s) constrained)
42	-2038.83	41615.20838	0.04923	(1 component(s) constrained)
43	-2036.25	41628.19910	0.04923	(1 component(s) constrained)
44	-2037.99	41623.02162	0.04923	(1 component(s) constrained)
45	-2037.92	41606.74998	0.04923	(1 component(s) constrained)
46	-2037.89	41633.70397	0.04923	(1 component(s) constrained)
47	-2037.52	41628.35833	0.04923	(1 component(s) constrained)
48	-2037.66	41619.69011	0.04923	(1 component(s) constrained)
49	-2036.76	41621.11973	0.04923	(1 component(s) constrained)
50	-2040.05	41621.74088	0.04923	(1 component(s) constrained)
51	-2037.83	41640.17395	0.04923	(1 component(s) constrained)
52	-2037.56	41636.41341	0.04923	(1 component(s) constrained)
53	-2040.13	41620.67213	0.04923	(1 component(s) constrained)
54	-2038.59	41612.46490	0.04923	(1 component(s) constrained)
55	-2036.73	41610.33740	0.04923	(1 component(s) constrained)
56	-2038.20	41615.94643	0.04923	(1 component(s) constrained)
57	-2038.60	41626.20245	0.04923	(1 component(s) constrained)
58	-2038.52	41634.50371	0.04923	(1 component(s) constrained)
59	-2037.09	41647.19209	0.04923	(1 component(s) constrained)
60	-2040.15	41644.46589	0.04923	(1 component(s) constrained)
61	-2038.53	41627.17220	0.04923	(1 component(s) constrained)
62	-2038.29	41626.06131	0.04923	(1 component(s) constrained)
63	-2038.31	41621.43394	0.04923	(1 component(s) constrained)
64	-2039.15	41645.41810	0.04923	(1 component(s) constrained)
65	-2038.40	41619.70487	0.04923	(1 component(s) constrained)
66	-2037.67	41615.14296	0.04923	(1 component(s) constrained)
67	-2038.34	41630.80439	0.04923	(1 component(s) constrained)
68	-2037.39	41634.80588	0.04923	(1 component(s) constrained)
69	-2037.79	41609.82811	0.04923	(1 component(s) constrained)
70	-2036.96	41600.91680	0.04923	(1 component(s) constrained)
71	-2037.43	41624.08742	0.04923	(1 component(s) constrained)
72	-2038.03	41631.95502	0.04923	(1 component(s) constrained)
73	-2036.80	41632.12333	0.04923	(1 component(s) constrained)
74	-2038.46	41633.96538	0.04923	(1 component(s) constrained)
75	-2038.16	41614.28884	0.04923	(1 component(s) constrained)
76	-2038.09	41633.40725	0.04923	(1 component(s) constrained)
77	-2037.67	41614.57116	0.04923	(1 component(s) constrained)
78	-2038.26	41628.98434	0.04923	(1 component(s) constrained)
79	-2037.13	41627.03497	0.04923	(1 component(s) constrained)
80	-2040.43	41627.55248	0.04923	(1 component(s) constrained)
81	-2039.05	41635.96700	0.04923	(1 component(s) constrained)
82	-2039.26	41640.76116	0.04923	(1 component(s) constrained)
83	-2037.70	41630.90893	0.04923	(1 component(s) constrained)
84	-2039.22	41629.64373	0.04923	(1 component(s) constrained)
85	-2038.56	41628.08270	0.04923	(1 component(s) constrained)
86	-2036.84	41615.95287	0.04923	(1 component(s) constrained)
87	-2039.41	41615.91017	0.04923	(1 component(s) constrained)
88	-2038.84	41602.24169	0.04923	(1 component(s) constrained)
89	-2038.08	41615.82359	0.04923	(1 component(s) constrained)
90	-2038.96	41642.65985	0.04923	(1 component(s) constrained)
91	-2039.54	41650.19769	0.04923	(1 component(s) constrained)
92	-2038.81	41608.50768	0.04923	(1 component(s) constrained)
93	-2037.96	41624.31167	0.04923	(1 component(s) constrained)
94	-2038.39	41601.37272	0.04923	(1 component(s) constrained)
95	-2039.50	41622.03263	0.04923	(1 component(s) constrained)
96	-2037.10	41609.67467	0.04923	(1 component(s) constrained)
97	-2038.96	41618.39129	0.04923	(1 component(s) constrained)
98	-2039.43	41628.78218	0.04923	(1 component(s) constrained)
99	-2037.83	41617.30742	0.04923	(1 component(s) constrained)
100	-2038.87	41619.11524	0.04923	(1 component(s) constrained)
101	-2038.24	41613.81199	0.04923	(1 component(s) constrained)
102	-2036.51	41617.06471	0.04923	(1 component(s) constrained)
103	-2039.04	41616.01439	0.04923	(1 component(s) constrained)
104	-2039.62	41604.64473	0.04923	(1 component(s) constrained)
105	-2038.67	41632.09962	0.04923	(1 component(s) constrained)
106	-2038.61	41637.71885	0.04923	(1 component(s) constrained)
107	-2038.74	41625.90431	0.04923	(1 component(s) constrained)
108	-2038.20	41632.04544	0.04923	(1 component(s) constrained)
109	-2038.38	41616.86100	0.04923	(1 component(s) constrained)
110	-2039.20	41623.11824	0.04923	(1 component(s) constrained)
111	-2039.25	41634.04997	0.04923	(1 component(s) constrained)
112	-2039.04	41620.75016	0.04923	(1 component(s) constrained)
113	-2041.44	41608.54859	0.04923	(1 component(s) constrained)
114	-2038.94	41612.35349	0.04923	(1 component(s) constrained)
115	-2038.19	41612.32780	0.04923	(1 component(s) constrained)
116	-2036.79	41615.07237	0.04923	(1 component(s) constrained)
117	-2038.84	41620.42414	0.04923	(1 component(s) constrained)
118	-2037.80	41616.46235	0.04923	(1 component(s) constrained)
119	-2039.31	41624.71717	0.04923	(1 component(s) constrained)
120	-2038.78	41635.34720	0.04923	(1 component(s) constrained)
121	-2037.54	41603.06181	0.04923	(1 component(s) constrained)
122	-2038.52	41610.22185	0.04923	(1 component(s) constrained)
123	-2036.44	41623.58538	0.04923	(1 component(s) constrained)
124	-2037.37	41621.83433	0.04923	(1 component(s) constrained)
125	-2037.81	41628.30604	0.04923	(1 component(s) constrained)
126	-2040.00	41619.95135	0.04923	(1 component(s) constrained)
127	-2038.07	41638.63214	0.04923	(1 component(s) constrained)
128	-2036.99	41636.42059	0.04923	(1 component(s) constrained)
129	-2038.53	41630.29765	0.04923	(1 component(s) constrained)
130	-2039.85	41629.61381	0.04923	(1 component(s) constrained)
131	-2037.54	41611.28469	0.04923	(1 component(s) constrained)
132	-2038.84	41610.40485	0.04923	(1 component(s) constrained)
133	-2039.96	41620.78801	0.04923	(1 component(s) constrained)
134	-2040.26	41618.54276	0.04923	(1 component(s) constrained)
135	-2040.20	41618.23538	0.04923	(1 component(s) constrained)
136	-2038.10	41640.02232	0.04923	(1 component(s) constrained)
137	-2038.64	41632.92626	0.04923	(1 component(s) constrained)
138	-2038.16	41613.40913	0.04923	(1 component(s) constrained)
139	-2039.47	41622.69364	0.04923	(1 component(s) constrained)
140	-2039.46	41633.67478	0.04923	(1 component(s) constrained)
141	-2038.75	41616.37244	0.04923	(1 component(s) constrained)
142	-2037.17	41615.50300	0.04923	(1 component(s) constrained)
143	-2039.54	41622.16823	0.04923	(1 component(s) constrained)
144	-2039.84	41627.88913	0.04923	(1 component(s) constrained)
145	-2037.47	41629.42401	0.04923	(1 component(s) constrained)
146	-2038.94	41629.48913	0.04923	(1 component(s) constrained)
147	-2038.19	41630.15048	0.04923	(1 component(s) constrained)
148	-2038.59	41629.62357	0.04923	(1 component(s) constrained)
149	-2037.78	41626.06004	0.04923	(1 component(s) constrained)
150	-2038.47	41628.92022	0.04923	(1 component(s) constrained)
151	-2040.01	41619.35647	0.04923	(1 component(s) constrained)
152	-2039.61	41637.24340	0.04923	(1 component(s) constrained)
153	-2039.40	41620.36285	0.04923	(1 component(s) constrained)
154	-2039.57	41629.94350	0.04923	(1 component(s) constrained)
155	-2039.86	41607.05668	0.04923	(1 component(s) constrained)
156	-2038.35	41616.97030	0.04923	(1 component(s) constrained)
157	-2038.52	41612.49591	0.04923	(1 component(s) constrained)
158	-2039.15	41632.11824	0.04923	(1 component(s) constrained)
159	-2037.97	41617.63683	0.04923	(1 component(s) constrained)
160	-2038.23	41619.73963	0.04923	(1 component(s) constrained)
161	-2038.64	41611.95899	0.04923	(1 component(s) constrained)
162	-2039.86	41607.72234	0.04923	(1 component(s) constrained)
163	-2037.69	41606.92712	0.04923	(1 component(s) constrained)
164	-2038.19	41612.90185	0.04923	(1 component(s) constrained)
165	-2039.68	41620.45423	0.04923	(1 component(s) constrained)
166	-2038.96	41620.56142	0.04923	(1 component(s) constrained)
167	-2039.31	41635.31290	0.04923	(1 component(s) constrained)
168	-2036.97	41627.87452	0.04923	(1 component(s) constrained)
169	-2039.10	41625.57727	0.04923	(1 component(s) constrained)
170	-2039.94	41612.42477	0.04923	(1 component(s) constrained)
171	-2037.07	41612.29681	0.04923	(1 component(s) constrained)
172	-2039.17	41620.21268	0.04923	(1 component(s) constrained)
173	-2038.71	41625.66774	0.04923	(1 component(s) constrained)
174	-2038.33	41626.65707	0.04923	(1 component(s) constrained)
175	-2038.74	41627.31549	0.04923	(1 component(s) constrained)
176	-2037.82	41619.16856	0.04923	(1 component(s) constrained)
177	-2036.86	41616.05781	0.04923	(1 component(s) constrained)
178	-2037.79	41624.57193	0.04923	(1 component(s) constrained)
179	-2038.71	41610.63585	0.04923	(1 component(s) constrained)
180	-2038.08	41616.14878	0.04923	(1 component(s) constrained)
181	-2038.08	41638.23876	0.04923	(1 component(s) constrained)
182	-2037.71	41636.31775	0.04923	(1 component(s) constrained)
183	-2040.59	41617.81828	0.04923	(1 component(s) constrained)
184	-2038.87	41622.58213	0.04923	(1 component(s) constrained)
185	-2038.18	41620.41062	0.04923	(1 component(s) constrained)
186	-2038.29	41609.50825	0.04923	(1 component(s) constrained)
187	-2041.16	41642.98365	0.04923	(1 component(s) constrained)
188	-2038.89	41619.49397	0.04923	(1 component(s) constrained)
189	-2038.24	41629.01123	0.04923	(1 component(s) constrained)
190	-2039.34	41608.71986	0.04923	(1 component(s) constrained)
191	-2037.68	41619.27134	0.04923	(1 component(s) constrained)
192	-2040.35	41614.51028	0.04923	(1 component(s) constrained)
193	-2038.24	41644.78458	0.04923	(1 component(s) constrained)
194	-2038.93	41642.74680	0.04923	(1 component(s) constrained)
195	-2039.34	41613.72294	0.04923	(1 component(s) constrained)
196	-2038.02	41627.78412	0.04923	(1 component(s) constrained)
197	-2038.79	41629.96497	0.04923	(1 component(s) constrained)
198	-2038.98	41627.44445	0.04923	(1 component(s) constrained)
199	-2038.83	41630.43364	0.04923	(1 component(s) constrained)
200	-2038.85	41621.52395	0.04923	(1 component(s) constrained)
201	-2038.20	41619.42703	0.04923	(1 component(s) constrained)
202	-2038.92	41621.06169	0.04923	(1 component(s) constrained)
203	-2038.89	41636.69487	0.04923	(1 component(s) constrained)
204	-2038.58	41642.84933	0.04923	(1 component(s) constrained)
205	-2037.24	41635.03216	0.04923	(1 component(s) constrained)
206	-2038.25	41633.20786	0.04923	(1 component(s) constrained)
207	-2037.41	41626.05139	0.04923	(1 component(s) constrained)
208	-2037.03	41621.45042	0.04923	(1 component(s) constrained)
209	-2039.24	41623.13051	0.04923	(1 component(s) constrained)
210	-2038.35	41619.73735	0.04923	(1 component(s) constrained)
211	-2037.36	41623.34785	0.04923	(1 component(s) constrained)
212	-2038.72	41611.77270	0.04923	(1 component(s) constrained)
213	-2039.53	41624.61323	0.04923	(1 component(s) constrained)
214	-2039.26	41597.70647	0.04923	(1 component(s) constrained)
215	-2037.43	41621.82625	0.04923	(1 component(s) constrained)
216	-2038.75	41624.22603	0.04923	(1 component(s) constrained)
217	-2038.47	41626.74831	0.04923	(1 component(s) constrained)
218	-2037.55	41620.40898	0.04923	(1 component(s) constrained)
219	-2037.73	41635.48800	0.04923	(1 component(s) constrained)
220	-2040.09	41627.10431	0.04923	(1 component(s) constrained)
221	-2037.17	41635.47159	0.04923	(1 component(s) constrained)
222	-2038.33	41629.18851	0.04923	(1 component(s) constrained)
223	-2038.02	41642.37534	0.04923	(1 component(s) constrained)
224	-2039.76	41629.87042	0.04923	(1 component(s) constrained)
225	-2037.43	41637.01174	0.04923	(1 component(s) constrained)
226	-2038.55	41629.38449	0.04923	(1 component(s) constrained)
227	-2038.75	41619.44298	0.04923	(1 component(s) constrained)
228	-2036.67	41630.28224	0.04923	(1 component(s) constrained)
229	-2037.12	41633.87185	0.04923	(1 component(s) constrained)
230	-2038.56	41626.02530	0.04923	(1 component(s) constrained)
231	-2037.80	41632.96036	0.04923	(1 component(s) constrained)
232	-2039.46	41625.06863	0.04923	(1 component(s) constrained)
233	-2038.53	41607.36084	0.04923	(1 component(s) constrained)
234	-2038.49	41599.54420	0.04923	(1 component(s) constrained)
235	-2038.73	41631.88512	0.04923	(1 component(s) constrained)
236	-2038.72	41610.45467	0.04923	(1 component(s) constrained)
237	-2037.70	41621.67024	0.04923	(1 component(s) constrained)
238	-2039.09	41619.29034	0.04923	(1 component(s) constrained)
239	-2038.43	41622.43699	0.04923	(1 component(s) constrained)
240	-2039.31	41626.95235	0.04923	(1 component(s) constrained)
241	-2038.39	41615.72509	0.04923	(1 component(s) constrained)
242	-2038.98	41626.52879	0.04923	(1 component(s) constrained)
243	-2039.61	41633.39816	0.04923	(1 component(s) constrained)
244	-2039.40	41622.34174	0.04923	(1 component(s) constrained)
245	-2038.19	41614.86760	0.04923	(1 component(s) constrained)
246	-2040.02	41613.46927	0.04923	(1 component(s) constrained)
247	-2036.69	41635.92108	0.04923	(1 component(s) constrained)
248	-2038.95	41632.58928	0.04923	(1 component(s) constrained)
249	-2038.07	41624.18106	0.04923	(1 component(s) constrained)
250	-2039.71	41620.96099	0.04923	(1 component(s) constrained)
251	-2038.31	41623.39841	0.04923	(1 component(s) constrained)
252	-2037.61	41626.27238	0.04923	(1 component(s) constrained)
253	-2039.19	41617.97677	0.04923	(1 component(s) constrained)
254	-2038.76	41628.73773	0.04923	(1 component(s) constrained)
255	-2039.81	41632.36538	0.04923	(1 component(s) constrained)
256	-2037.19	41637.19923	0.04923	(1 component(s) constrained)
257	-2040.11	41629.30668	0.04923	(1 component(s) constrained)
258	-2039.14	41638.95115	0.04923	(1 component(s) constrained)
259	-2037.72	41622.03477	0.04923	(1 component(s) constrained)
260	-2038.72	41616.29855	0.04923	(1 component(s) constrained)
261	-2037.54	41624.67571	0.04923	(1 component(s) constrained)
262	-2040.18	41625.61944	0.04923	(1 component(s) constrained)
263	-2038.41	41624.83752	0.04923	(1 component(s) constrained)
264	-2038.18	41623.70046	0.04923	(1 component(s) constrained)
265	-2039.35	41636.32225	0.04923	(1 component(s) constrained)
266	-2037.36	41619.85043	0.04923	(1 component(s) constrained)
267	-2038.07	41620.74822	0.04923	(1 component(s) constrained)
268	-2038.19	41622.47399	0.04923	(1 component(s) constrained)
269	-2038.31	41629.76388	0.04923	(1 component(s) constrained)
270	-2038.39	41622.93709	0.04923	(1 component(s) constrained)
271	-2038.05	41609.86940	0.04923	(1 component(s) constrained)
272	-2037.83	41626.79425	0.04923	(1 component(s) constrained)
273	-2038.15	41642.92972	0.04923	(1 component(s) constrained)
274	-2037.32	41634.01899	0.04923	(1 component(s) constrained)
275	-2038.90	41611.69611	0.04923	(1 component(s) constrained)
276	-2037.65	41618.23305	0.04923	(1 component(s) constrained)
277	-2038.36	41615.77060	0.04923	(1 component(s) constrained)
278	-2037.97	41620.32040	0.04923	(1 component(s) constrained)
279	-2038.08	41633.73977	0.04923	(1 component(s) constrained)
280	-2039.45	41633.74863	0.04923	(1 component(s) constrained)
281	-2037.11	41624.27801	0.04923	(1 component(s) constrained)
282	-2038.55	41620.23449	0.04923	(1 component(s) constrained)
283	-2038.95	41650.54225	0.04923	(1 component(s) constrained)
284	-2039.65	41628.92240	0.04923	(1 component(s) constrained)
285	-2038.42	41608.80805	0.04923	(1 component(s) constrained)
286	-2037.78	41610.50246	0.04923	(1 component(s) constrained)
287	-2037.23	41622.21483	0.04923	(1 component(s) constrained)
288	-2037.85	41627.87079	0.04923	(1 component(s) constrained)
289	-2038.18	41614.35043	0.04923	(1 component(s) constrained)
290	-2038.48	41637.70391	0.04923	(1 component(s) constrained)
291	-2036.57	41628.08996	0.04923	(1 component(s) constrained)
292	-2038.31	41628.27945	0.04923	(1 component(s) constrained)
293	-2038.67	41644.40192	0.04923	(1 component(s) constrained)
294	-2039.47	41635.90048	0.04923	(1 component(s) constrained)
295	-2039.08	41620.55198	0.04923	(1 component(s) constrained)
296	-2038.18	41629.01363	0.04923	(1 component(s) constrained)
297	-2038.24	41624.55786	0.04923	(1 component(s) constrained)
298	-2039.35	41615.74862	0.04923	(1 component(s) constrained)
299	-2038.99	41610.89285	0.04923	(1 component(s) constrained)
300	-2037.58	41612.65383	0.04923	(1 component(s) constrained)
301	-2039.09	41616.25792	0.04923	(1 component(s) constrained)
302	-2038.04	41613.46636	0.04923	(1 component(s) constrained)
303	-2039.19	41621.00690	0.04923	(1 component(s) constrained)
304	-2036.37	41621.71306	0.04923	(1 component(s) constrained)
305	-2038.76	41620.56037	0.04923	(1 component(s) constrained)
306	-2038.49	41620.92079	0.04923	(1 component(s) constrained)
307	-2037.79	41606.42431	0.04923	(1 component(s) constrained)
308	-2038.09	41606.05261	0.04923	(1 component(s) constrained)
309	-2037.96	41601.71454	0.04923	(1 component(s) constrained)
310	-2037.19	41627.18939	0.04923	(1 component(s) constrained)
311	-2037.70	41612.66811	0.04923	(1 component(s) constrained)
312	-2040.94	41627.92111	0.04923	(1 component(s) constrained)
313	-2038.60	41616.98376	0.04923	(1 component(s) constrained)
314	-2037.77	41617.54325	0.04923	(1 component(s) constrained)
315	-2038.26	41619.81692	0.04923	(1 component(s) constrained)
316	-2037.84	41612.37538	0.04923	(1 component(s) constrained)
317	-2038.75	41610.08068	0.04923	(1 component(s) constrained)
318	-2039.00	41627.46481	0.04923	(1 component(s) constrained)
319	-2037.77	41609.28097	0.04923	(1 component(s) constrained)
320	-2038.40	41612.69726	0.04923	(1 component(s) constrained)
321	-2037.84	41622.48965	0.04923	(1 component(s) constrained)
322	-2038.34	41640.81266	0.04923	(1 component(s) constrained)
323	-2037.66	41619.89584	0.04923	(1 component(s) constrained)
324	-2039.95	41646.07357	0.04923	(1 component(s) constrained)
325	-2038.92	41613.30516	0.04923	(1 component(s) constrained)
326	-2038.98	41615.42652	0.04923	(1 component(s) constrained)
327	-2038.47	41627.36572	0.04923	(1 component(s) constrained)
328	-2037.93	41621.49684	0.04923	(1 component(s) constrained)
329	-2037.80	41609.54455	0.04923	(1 component(s) constrained)
330	-2038.65	41642.11360	0.04923	(1 component(s) constrained)
331	-2039.55	41609.59785	0.04923	(1 component(s) constrained)
332	-2039.15	41618.04247	0.04923	(1 component(s) constrained)
333	-2038.28	41609.44188	0.04923	(1 component(s) constrained)
334	-2038.49	41629.79899	0.04923	(1 component(s) constrained)
335	-2038.47	41628.05119	0.04923	(1 component(s) constrained)
336	-2039.77	41626.94156	0.04923	(1 component(s) constrained)
337	-2038.84	41629.35651	0.04923	(1 component(s) constrained)
338	-2040.15	41630.94354	0.04923	(1 component(s) constrained)
339	-2037.84	41641.18779	0.04923	(1 component(s) constrained)
340	-2037.48	41636.70806	0.04923	(1 component(s) constrained)
341	-2036.30	41635.94640	0.04923	(1 component(s) constrained)
342	-2039.02	41632.32250	0.04923	(1 component(s) constrained)
343	-2037.61	41614.51315	0.04923	(1 component(s) constrained)
344	-2036.33	41617.04352	0.04923	(1 component(s) constrained)
345	-2037.43	41618.07159	0.04923	(1 component(s) constrained)
346	-2037.41	41628.44197	0.04923	(1 component(s) constrained)
347	-2038.71	41631.49981	0.04923	(1 component(s) constrained)
348	-2039.80	41610.75047	0.04923	(1 component(s) constrained)
349	-2038.35	41612.19224	0.04923	(1 component(s) constrained)
350	-2035.96	41617.22914	0.04923	(1 component(s) constrained)
351	-2039.66	41620.76217	0.04923	(1 component(s) constrained)
352	-2040.11	41615.61437	0.04923	(1 component(s) constrained)
353	-2038.03	41625.59480	0.04923	(1 component(s) constrained)
354	-2037.92	41623.02013	0.04923	(1 component(s) constrained)
355	-2038.43	41626.23217	0.04923	(1 component(s) constrained)
356	-2039.61	41633.00649	0.04923	(1 component(s) constrained)
357	-2037.71	41616.32207	0.04923	(1 component(s) constrained)
358	-2036.98	41622.25030	0.04923	(1 component(s) constrained)
359	-2038.39	41627.68859	0.04923	(1 component(s) constrained)
360	-2037.35	41639.47801	0.04923	(1 component(s) constrained)
361	-2037.37	41629.79620	0.04923	(1 component(s) constrained)
362	-2038.19	41623.51742	0.04923	(1 component(s) constrained)
363	-2038.59	41628.57562	0.04923	(1 component(s) constrained)
364	-2038.06	41618.43221	0.04923	(1 component(s) constrained)
365	-2040.46	41620.06722	0.04923	(1 component(s) constrained)
366	-2039.00	41643.04041	0.04923	(1 component(s) constrained)
367	-2039.52	41640.03265	0.04923	(1 component(s) constrained)
368	-2038.65	41624.21901	0.04923	(1 component(s) constrained)
369	-2038.54	41618.91843	0.04923	(1 component(s) constrained)
370	-2039.16	41603.72816	0.04923	(1 component(s) constrained)
371	-2039.25	41630.28930	0.04923	(1 component(s) constrained)
372	-2038.47	41641.80467	0.04923	(1 component(s) constrained)
373	-2037.19	41635.20442	0.04923	(1 component(s) constrained)
374	-2039.41	41634.90684	0.04923	(1 component(s) constrained)
375	-2036.94	41610.27681	0.04923	(1 component(s) constrained)
376	-2039.21	41614.18508	0.04923	(1 component(s) constrained)
377	-2037.82	41605.62832	0.04923	(1 component(s) constrained)
378	-2037.31	41611.92459	0.04923	(1 component(s) constrained)
379	-2038.36	41623.36500	0.04923	(1 component(s) constrained)
380	-2037.87	41616.81936	0.04923	(1 component(s) constrained)
381	-2039.21	41633.57059	0.04923	(1 component(s) constrained)
382	-2038.93	41626.64123	0.04923	(1 component(s) constrained)
383	-2038.55	41639.81114	0.04923	(1 component(s) constrained)
384	-2037.50	41609.82733	0.04923	(1 component(s) constrained)
385	-2038.17	41604.23731	0.04923	(1 component(s) constrained)
386	-2039.14	41622.76244	0.04923	(1 component(s) constrained)
387	-2037.39	41618.89684	0.04923	(1 component(s) constrained)
388	-2038.64	41620.19976	0.04923	(1 component(s) constrained)
389	-2036.20	41625.82129	0.04923	(1 component(s) constrained)
390	-2040.85	41628.76562	0.04923	(1 component(s) constrained)
391	-2037.17	41613.00261	0.04923	(1 component(s) constrained)
392	-2038.63	41619.25179	0.04923	(1 component(s) constrained)
393	-2037.27	41630.29656	0.04923	(1 component(s) constrained)
394	-2039.14	41626.88336	0.04923	(1 component(s) constrained)
395	-2039.02	41618.79097	0.04923	(1 component(s) constrained)
396	-2038.87	41638.38155	0.04923	(1 component(s) constrained)
397	-2036.55	41622.32017	0.04923	(1 component(s) constrained)
398	-2040.62	41623.87082	0.04923	(1 component(s) constrained)
399	-2037.88	41628.03718	0.04923	(1 component(s) constrained)
400	-2038.35	41630.90713	0.04923	(1 component(s) constrained)
401	-2038.98	41629.94915	0.04923	(1 component(s) constrained)
402	-2039.97	41629.06791	0.04923	(1 component(s) constrained)
403	-2036.73	41614.78563	0.04923	(1 component(s) constrained)
404	-2038.87	41620.17095	0.04923	(1 component(s) constrained)
405	-2039.13	41621.14823	0.04923	(1 component(s) constrained)
406	-2039.54	41639.41705	0.04923	(1 component(s) constrained)
407	-2037.99	41600.67611	0.04923	(1 component(s) constrained)
408	-2038.50	41607.70900	0.04923	(1 component(s) constrained)
409	-2038.21	41628.92757	0.04923	(1 component(s) constrained)
410	-2039.42	41616.43987	0.04923	(1 component(s) constrained)
411	-2037.40	41631.85214	0.04923	(1 component(s) constrained)
412	-2038.39	41626.80487	0.04923	(1 component(s) constrained)
413	-2038.81	41628.12742	0.04923	(1 component(s) constrained)
414	-2037.91	41628.65599	0.04923	(1 component(s) constrained)
415	-2038.40	41623.30192	0.04923	(1 component(s) constrained)
416	-2039.35	41610.78669	0.04923	(1 component(s) constrained)
417	-2037.83	41612.00364	0.04923	(1 component(s) constrained)
418	-2038.74	41618.55314	0.04923	(1 component(s) constrained)
419	-2039.21	41637.79836	0.04923	(1 component(s) constrained)
420	-2037.78	41625.84753	0.04923	(1 component(s) constrained)
421	-2038.45	41628.44180	0.04923	(1 component(s) constrained)
422	-2038.24	41614.77492	0.04923	(1 component(s) constrained)
423	-2039.06	41620.98896	0.04923	(1 component(s) constrained)
424	-2039.30	41630.71591	0.04923	(1 component(s) constrained)
425	-2037.51	41639.86953	0.04923	(1 component(s) constrained)
426	-2037.82	41632.37058	0.04923	(1 component(s) constrained)
427	-2038.06	41623.47253	0.04923	(1 component(s) constrained)
428	-2037.84	41606.72004	0.04923	(1 component(s) constrained)
429	-2038.70	41613.58791	0.04923	(1 component(s) constrained)
430	-2038.78	41629.71243	0.04923	(1 component(s) constrained)
431	-2038.32	41626.34035	0.04923	(1 component(s) constrained)
432	-2037.43	41635.15206	0.04923	(1 component(s) constrained)
433	-2040.02	41632.81299	0.04923	(1 component(s) constrained)
434	-2038.88	41619.73554	0.04923	(1 component(s) constrained)
435	-2037.60	41619.33862	0.04923	(1 component(s) constrained)
436	-2038.01	41618.68128	0.04923	(1 component(s) constrained)
437	-2037.84	41616.31077	0.04923	(1 component(s) constrained)
438	-2037.32	41625.39103	0.04923	(1 component(s) constrained)
439	-2039.62	41629.33366	0.04923	(1 component(s) constrained)
440	-2039.84	41603.21908	0.04923	(1 component(s) constrained)
441	-2039.07	41631.15122	0.04923	(1 component(s) constrained)
442	-2038.56	41632.85258	0.04923	(1 component(s) constrained)
443	-2038.22	41628.61294	0.04923	(1 component(s) constrained)
444	-2039.05	41629.06764	0.04923	(1 component(s) constrained)
445	-2038.60	41625.63313	0.04923	(1 component(s) constrained)
446	-2038.26	41633.29070	0.04923	(1 component(s) constrained)
447	-2039.78	41625.90069	0.04923	(1 component(s) constrained)
448	-2038.37	41594.65382	0.04923	(1 component(s) constrained)
449	-2037.23	41610.31368	0.04923	(1 component(s) constrained)
450	-2038.23	41612.57690	0.04923	(1 component(s) constrained)
451	-2039.23	41618.84498	0.04923	(1 component(s) constrained)
452	-2039.50	41618.30518	0.04923	(1 component(s) constrained)
453	-2038.03	41615.35559	0.04923	(1 component(s) constrained)
454	-2037.61	41614.67818	0.04923	(1 component(s) constrained)
455	-2038.06	41627.61354	0.04923	(1 component(s) constrained)
456	-2038.96	41611.81549	0.04923	(1 component(s) constrained)
457	-2038.73	41635.36665	0.04923	(1 component(s) constrained)
458	-2038.29	41628.40530	0.04923	(1 component(s) constrained)
459	-2040.43	41602.34670	0.04923	(1 component(s) constrained)
460	-2035.61	41621.41437	0.04923	(1 component(s) constrained)
461	-2036.90	41620.39736	0.04923	(1 component(s) constrained)
462	-2039.72	41622.46163	0.04923	(1 component(s) constrained)
463	-2039.61	41631.58958	0.04923	(1 component(s) constrained)
464	-2039.97	41626.84953	0.04923	(1 component(s) constrained)
465	-2037.09	41609.73847	0.04923	(1 component(s) constrained)
466	-2038.09	41606.83247	0.04923	(1 component(s) constrained)
467	-2038.85	41609.63767	0.04923	(1 component(s) constrained)
468	-2038.43	41629.81378	0.04923	(1 component(s) constrained)
469	-2038.99	41643.29968	0.04923	(1 component(s) constrained)
470	-2038.42	41631.74083	0.04923	(1 component(s) constrained)
471	-2037.66	41640.43386	0.04923	(1 component(s) constrained)
472	-2038.30	41609.90002	0.04923	(1 component(s) constrained)
473	-2038.98	41626.24980	0.04923	(1 component(s) constrained)
474	-2038.88	41625.22955	0.04923	(1 component(s) constrained)
475	-2038.27	41620.04407	0.04923	(1 component(s) constrained)
476	-2039.74	41625.39543	0.04923	(1 component(s) constrained)
477	-2038.34	41634.37939	0.04923	(1 component(s) constrained)
478	-2036.61	41637.21401	0.04923	(1 component(s) constrained)
479	-2038.50	41631.23728	0.04923	(1 component(s) constrained)
480	-2039.15	41614.95068	0.04923	(1 component(s) constrained)
481	-2038.61	41615.18420	0.04923	(1 component(s) constrained)
482	-2037.68	41632.53638	0.04923	(1 component(s) constrained)
483	-2040.25	41618.60345	0.04923	(1 component(s) constrained)
484	-2038.30	41612.73738	0.04923	(1 component(s) constrained)
485	-2038.02	41612.98336	0.04923	(1 component(s) constrained)
486	-2037.40	41622.81478	0.04923	(1 component(s) constrained)
487	-2038.83	41620.42425	0.04923	(1 component(s) constrained)
488	-2038.10	41628.92216	0.04923	(1 component(s) constrained)
489	-2039.52	41630.27822	0.04923	(1 component(s) constrained)
490	-2036.60	41631.19660	0.04923	(1 component(s) constrained)
491	-2037.85	41628.59679	0.04923	(1 component(s) constrained)
492	-2036.97	41629.92894	0.04923	(1 component(s) constrained)
493	-2037.50	41617.87797	0.04923	(1 component(s) constrained)
494	-2039.05	41627.80573	0.04923	(1 component(s) constrained)
495	-2038.62	41627.51623	0.04923	(1 component(s) constrained)
496	-2039.93	41623.62916	0.04923	(1 component(s) constrained)
497	-2038.87	41619.07887	0.04923	(1 component(s) constrained)
498	-2037.87	41626.78891	0.04923	(1 component(s) constrained)
499	-2039.20	41624.08633	0.04923	(1 component(s) constrained)
500	-2040.09	41629.52789	0.04923	(1 component(s) constrained)
501	-2038.70	41633.11614	0.04923	(1 component(s) constrained)
502	-2038.57	41626.62339	0.04923	(1 component(s) constrained)
503	-2038.74	41633.73959	0.04923	(1 component(s) constrained)
504	-2037.69	41615.59079	0.04923	(1 component(s) constrained)
505	-2039.75	41622.21670	0.04923	(1 component(s) constrained)
506	-2037.37	41630.66641	0.04923	(1 component(s) constrained)
507	-2039.57	41625.89285	0.04923	(1 component(s) constrained)
508	-2038.94	41629.62919	0.04923	(1 component(s) constrained)
509	-2036.30	41642.30010	0.04923	(1 component(s) constrained)
510	-2038.78	41633.75452	0.04923	(1 component(s) constrained)
511	-2038.94	41619.77274	0.04923	(1 component(s) constrained)
512	-2038.18	41633.81027	0.04923	(1 component(s) constrained)
513	-2039.28	41621.23297	0.04923	(1 component(s) constrained)
514	-2038.96	41613.90344	0.04923	(1 component(s) constrained)
515	-2038.89	41640.51115	0.04923	(1 component(s) constrained)
516	-2036.41	41620.75298	0.04923	(1 component(s) constrained)
517	-2038.37	41621.37316	0.04923	(1 component(s) constrained)
518	-2039.16	41614.99654	0.04923	(1 component(s) constrained)
519	-2038.05	41621.60202	0.04923	(1 component(s) constrained)
520	-2038.59	41622.87410	0.04923	(1 component(s) constrained)
521	-2038.52	41620.29517	0.04923	(1 component(s) constrained)
522	-2040.88	41634.53278	0.04923	(1 component(s) constrained)
523	-2041.02	41627.17868	0.04923	(1 component(s) constrained)
524	-2038.52	41614.08737	0.04923	(1 component(s) constrained)
525	-2038.17	41613.18658	0.04923	(1 component(s) constrained)
526	-2038.40	41612.07375	0.04923	(1 component(s) constrained)
527	-2037.24	41624.87412	0.04923	(1 component(s) constrained)
528	-2038.65	41627.16913	0.04923	(1 component(s) constrained)
529	-2037.85	41608.62138	0.04923	(1 component(s) constrained)
530	-2038.34	41615.84427	0.04923	(1 component(s) constrained)
531	-2039.89	41646.80162	0.04923	(1 component(s) constrained)
532	-2038.99	41611.07087	0.04923	(1 component(s) constrained)
533	-2039.52	41631.65306	0.04923	(1 component(s) constrained)
534	-2037.64	41618.31664	0.04923	(1 component(s) constrained)
535	-2040.11	41620.25443	0.04923	(1 component(s) constrained)
536	-2037.64	41629.32659	0.04923	(1 component(s) constrained)
537	-2039.29	41627.70284	0.04923	(1 component(s) constrained)
538	-2038.83	41611.39863	0.04923	(1 component(s) constrained)
539	-2038.49	41634.56838	0.04923	(1 component(s) constrained)
540	-2037.91	41632.11521	0.04923	(1 component(s) constrained)
541	-2038.85	41646.00303	0.04923	(1 component(s) constrained)
542	-2039.01	41622.39467	0.04923	(1 component(s) constrained)
543	-2038.63	41622.31756	0.04923	(1 component(s) constrained)
544	-2039.54	41616.83874	0.04923	(1 component(s) constrained)
545	-2038.48	41623.33504	0.04923	(1 component(s) constrained)
546	-2036.34	41624.29766	0.04923	(1 component(s) constrained)
547	-2039.20	41629.21204	0.04923	(1 component(s) constrained)
548	-2038.98	41644.27567	0.04923	(1 component(s) constrained)
549	-2038.91	41616.23674	0.04923	(1 component(s) constrained)
550	-2039.00	41623.38967	0.04923	(1 component(s) constrained)
551	-2038.98	41618.34476	0.04923	(1 component(s) constrained)
552	-2038.03	41626.62519	0.04923	(1 component(s) constrained)
553	-2038.67	41618.91252	0.04923	(1 component(s) constrained)
554	-2039.54	41623.65292	0.04923	(1 component(s) constrained)
555	-2039.09	41641.54676	0.04923	(1 component(s) constrained)
556	-2037.94	41637.35403	0.04923	(1 component(s) constrained)
557	-2037.68	41632.84653	0.04923	(1 component(s) constrained)
558	-2037.80	41626.68096	0.04923	(1 component(s) constrained)
559	-2037.75	41619.32246	0.04923	(1 component(s) constrained)
560	-2036.30	41626.33975	0.04923	(1 component(s) constrained)
561	-2039.89	41622.59544	0.04923	(1 component(s) constrained)
562	-2040.02	41627.08445	0.04923	(1 component(s) constrained)
563	-2037.67	41632.74156	0.04923	(1 component(s) constrained)
564	-2039.16	41628.35282	0.04923	(1 component(s) constrained)
565	-2037.68	41629.62071	0.04923	(1 component(s) constrained)
566	-2039.35	41630.24898	0.04923	(1 component(s) constrained)
567	-2038.44	41630.06914	0.04923	(1 component(s) constrained)
568	-2037.37	41605.13710	0.04923	(1 component(s) constrained)
569	-2039.44	41610.21593	0.04923	(1 component(s) constrained)
570	-2038.28	41622.64191	0.04923	(1 component(s) constrained)
571	-2040.71	41625.15015	0.04923	(1 component(s) constrained)
572	-2039.02	41624.46610	0.04923	(1 component(s) constrained)
573	-2038.16	41620.23564	0.04923	(1 component(s) constrained)
574	-2039.06	41614.20546	0.04923	(1 component(s) constrained)
575	-2037.58	41637.68899	0.04923	(1 component(s) constrained)
576	-2037.49	41632.97640	0.04923	(1 component(s) constrained)
577	-2037.16	41627.57079	0.04923	(1 component(s) constrained)
578	-2037.17	41612.87014	0.04923	(1 component(s) constrained)
579	-2037.58	41622.27061	0.04923	(1 component(s) constrained)
580	-2037.79	41619.76025	0.04923	(1 component(s) constrained)
581	-2039.32	41626.00599	0.04923	(1 component(s) constrained)
582	-2038.29	41631.89941	0.04923	(1 component(s) constrained)
583	-2038.40	41625.17849	0.04923	(1 component(s) constrained)
584	-2038.99	41603.82835	0.04923	(1 component(s) constrained)
585	-2037.31	41628.78325	0.04923	(1 component(s) constrained)
586	-2037.83	41634.20374	0.04923	(1 component(s) constrained)
587	-2038.26	41612.56206	0.04923	(1 component(s) constrained)
588	-2039.39	41629.57232	0.04923	(1 component(s) constrained)
589	-2038.02	41627.89497	0.04923	(1 component(s) constrained)
590	-2037.79	41620.98666	0.04923	(1 component(s) constrained)
591	-2037.87	41617.44764	0.04923	(1 component(s) constrained)
592	-2038.01	41616.48449	0.04923	(1 component(s) constrained)
593	-2038.82	41636.95243	0.04923	(1 component(s) constrained)
594	-2039.13	41653.43906	0.04923	(1 component(s) constrained)
595	-2038.64	41637.61636	0.04923	(1 component(s) constrained)
596	-2039.23	41622.93217	0.04923	(1 component(s) constrained)
597	-2036.66	41641.28403	0.04923	(1 component(s) constrained)
598	-2039.74	41637.86423	0.04923	(1 component(s) constrained)
599	-2039.05	41631.95943	0.04923	(1 component(s) constrained)
600	-2038.83	41623.09201	0.04923	(1 component(s) constrained)
601	-2038.95	41626.10366	0.04923	(1 component(s) constrained)
602	-2039.23	41626.93724	0.04923	(1 component(s) constrained)
603	-2037.23	41621.87302	0.04923	(1 component(s) constrained)
604	-2037.97	41623.29758	0.04923	(1 component(s) constrained)
605	-2038.07	41638.34995	0.04923	(1 component(s) constrained)
606	-2039.19	41620.50972	0.04923	(1 component(s) constrained)
607	-2038.72	41625.48405	0.04923	(1 component(s) constrained)
608	-2040.51	41639.42929	0.04923	(1 component(s) constrained)
609	-2037.88	41651.09065	0.04923	(1 component(s) constrained)
610	-2038.92	41646.35522	0.04923	(1 component(s) constrained)
611	-2038.87	41635.44940	0.04923	(1 component(s) constrained)
612	-2037.91	41629.33020	0.04923	(1 component(s) constrained)
613	-2039.17	41631.85398	0.04923	(1 component(s) constrained)
614	-2038.11	41609.22458	0.04923	(1 component(s) constrained)
615	-2038.01	41614.33150	0.04923	(1 component(s) constrained)
616	-2038.85	41621.38187	0.04923	(1 component(s) constrained)
617	-2038.26	41645.54607	0.04923	(1 component(s) constrained)
618	-2038.48	41626.20626	0.04923	(1 component(s) constrained)
619	-2038.16	41631.35305	0.04923	(1 component(s) constrained)
620	-2039.36	41621.59940	0.04923	(1 component(s) constrained)
621	-2038.82	41626.24053	0.04923	(1 component(s) constrained)
622	-2039.62	41609.92327	0.04923	(1 component(s) constrained)
623	-2037.77	41648.27921	0.04923	(1 component(s) constrained)
624	-2038.69	41640.84031	0.04923	(1 component(s) constrained)
625	-2037.81	41647.54228	0.04923	(1 component(s) constrained)
626	-2037.81	41624.42911	0.04923	(1 component(s) constrained)
627	-2037.37	41633.42288	0.04923	(1 component(s) constrained)
628	-2040.36	41614.65178	0.04923	(1 component(s) constrained)
629	-2038.25	41611.57825	0.04923	(1 component(s) constrained)
630	-2038.63	41616.41034	0.04923	(1 component(s) constrained)
631	-2038.57	41610.10930	0.04923	(1 component(s) constrained)
632	-2038.60	41608.20423	0.04923	(1 component(s) constrained)
633	-2039.05	41642.84124	0.04923	(1 component(s) constrained)
634	-2038.61	41625.48065	0.04923	(1 component(s) constrained)
635	-2035.18	41610.87936	0.04923	(1 component(s) constrained)
636	-2038.03	41609.89531	0.04923	(1 component(s) constrained)
637	-2038.45	41632.06712	0.04923	(1 component(s) constrained)
638	-2037.07	41643.52681	0.04923	(1 component(s) constrained)
639	-2039.67	41638.70497	0.04923	(1 component(s) constrained)
640	-2037.61	41633.21921	0.04923	(1 component(s) constrained)
641	-2037.53	41633.67026	0.04923	(1 component(s) constrained)
642	-2038.19	41622.33703	0.04923	(1 component(s) constrained)
643	-2038.21	41620.48520	0.04923	(1 component(s) constrained)
644	-2038.78	41619.05607	0.04923	(1 component(s) constrained)
645	-2038.64	41628.02709	0.04923	(1 component(s) constrained)
646	-2038.73	41622.90296	0.04923	(1 component(s) constrained)
647	-2036.85	41623.86156	0.04923	(1 component(s) constrained)
648	-2038.24	41625.40727	0.04923	(1 component(s) constrained)
649	-2038.45	41627.96464	0.04923	(1 component(s) constrained)
650	-2038.55	41631.73829	0.04923	(1 component(s) constrained)
651	-2038.09	41630.22745	0.04923	(1 component(s) constrained)
652	-2039.29	41609.94955	0.04923	(1 component(s) constrained)
653	-2037.80	41606.36859	0.04923	(1 component(s) constrained)
654	-2039.33	41610.75388	0.04923	(1 component(s) constrained)
655	-2038.26	41608.54245	0.04923	(1 component(s) constrained)
656	-2037.63	41614.61484	0.04923	(1 component(s) constrained)
657	-2039.00	41613.65612	0.04923	(1 component(s) constrained)
658	-2039.64	41633.90553	0.04923	(1 component(s) constrained)
659	-2039.33	41626.07770	0.04923	(1 component(s) constrained)
660	-2040.60	41615.01619	0.04923	(1 component(s) constrained)
661	-2037.55	41645.43057	0.04923	(1 component(s) constrained)
662	-2039.56	41638.72484	0.04923	(1 component(s) constrained)
663	-2038.64	41635.73674	0.04923	(1 component(s) constrained)
664	-2038.85	41645.05770	0.04923	(1 component(s) constrained)
665	-2039.53	41616.05192	0.04923	(1 component(s) constrained)
666	-2039.30	41615.58601	0.04923	(1 component(s) constrained)
667	-2038.57	41644.46003	0.04923	(1 component(s) constrained)
668	-2039.14	41620.06697	0.04923	(1 component(s) constrained)
669	-2038.49	41613.66833	0.04923	(1 component(s) constrained)
670	-2039.67	41628.43975	0.04923	(1 component(s) constrained)
671	-2037.62	41609.97302	0.04923	(1 component(s) constrained)
672	-2039.87	41616.97630	0.04923	(1 component(s) constrained)
673	-2038.81	41620.36459	0.04923	(1 component(s) constrained)
674	-2038.66	41623.25966	0.04923	(1 component(s) constrained)
675	-2038.17	41626.33100	0.04923	(1 component(s) constrained)
676	-2038.10	41628.68840	0.04923	(1 component(s) constrained)
677	-2038.54	41612.96241	0.04923	(1 component(s) constrained)
678	-2039.53	41637.57806	0.04923	(1 component(s) constrained)
679	-2038.86	41621.11302	0.04923	(1 component(s) constrained)
680	-2038.38	41623.62099	0.04923	(1 component(s) constrained)
681	-2039.43	41615.61019	0.04923	(1 component(s) constrained)
682	-2039.45	41629.52136	0.04923	(1 component(s) constrained)
683	-2038.42	41606.60729	0.04923	(1 component(s) constrained)
684	-2038.39	41616.75746	0.04923	(1 component(s) constrained)
685	-2040.23	41628.41203	0.04923	(1 component(s) constrained)
686	-2037.42	41623.06426	0.04923	(1 component(s) constrained)
687	-2039.75	41622.17210	0.04923	(1 component(s) constrained)
688	-2039.36	41588.57815	0.04923	(1 component(s) constrained)
689	-2037.27	41622.07537	0.04923	(1 component(s) constrained)
690	-2038.53	41621.52118	0.04923	(1 component(s) constrained)
691	-2035.11	41605.81102	0.04923	(1 component(s) constrained)
692	-2038.63	41613.40841	0.04923	(1 component(s) constrained)
693	-2039.79	41608.20358	0.04923	(1 component(s) constrained)
694	-2038.02	41627.38971	0.04923	(1 component(s) constrained)
695	-2037.90	41627.13693	0.04923	(1 component(s) constrained)
696	-2038.49	41637.91295	0.04923	(1 component(s) constrained)
697	-2036.88	41630.93479	0.04923	(1 component(s) constrained)
698	-2038.91	41631.08506	0.04923	(1 component(s) constrained)
699	-2037.99	41618.41279	0.04923	(1 component(s) constrained)
700	-2038.86	41628.97770	0.04923	(1 component(s) constrained)
701	-2039.74	41608.85252	0.04923	(1 component(s) constrained)
702	-2039.51	41633.37640	0.04923	(1 component(s) constrained)
703	-2036.88	41610.30976	0.04923	(1 component(s) constrained)
704	-2037.91	41615.13687	0.04923	(1 component(s) constrained)
705	-2038.23	41638.37485	0.04923	(1 component(s) constrained)
706	-2038.06	41610.51517	0.04923	(1 component(s) constrained)
707	-2038.76	41618.60201	0.04923	(1 component(s) constrained)
708	-2039.04	41619.19243	0.04923	(1 component(s) constrained)
709	-2038.14	41632.87851	0.04923	(1 component(s) constrained)
710	-2038.53	41623.80776	0.04923	(1 component(s) constrained)
711	-2038.43	41618.59949	0.04923	(1 component(s) constrained)
712	-2038.38	41623.08873	0.04923	(1 component(s) constrained)
713	-2039.90	41624.70122	0.04923	(1 component(s) constrained)
714	-2039.90	41650.03044	0.04923	(1 component(s) constrained)
715	-2039.03	41618.60603	0.04923	(1 component(s) constrained)
716	-2039.31	41612.01893	0.04923	(1 component(s) constrained)
717	-2038.54	41619.01400	0.04923	(1 component(s) constrained)
718	-2039.18	41632.80372	0.04923	(1 component(s) constrained)
719	-2040.31	41619.51148	0.04923	(1 component(s) constrained)
720	-2039.13	41622.69651	0.04923	(1 component(s) constrained)
721	-2037.69	41623.63455	0.04923	(1 component(s) constrained)
722	-2037.40	41625.34519	0.04923	(1 component(s) constrained)
723	-2037.93	41614.85337	0.04923	(1 component(s) constrained)
724	-2037.33	41628.61639	0.04923	(1 component(s) constrained)
725	-2038.56	41611.16688	0.04923	(1 component(s) constrained)
726	-2039.49	41622.56715	0.04923	(1 component(s) constrained)
727	-2040.04	41631.23297	0.04923	(1 component(s) constrained)
728	-2039.96	41630.09596	0.04923	(1 component(s) constrained)
729	-2037.52	41636.17468	0.04923	(1 component(s) constrained)
730	-2037.54	41628.94299	0.04923	(1 component(s) constrained)
731	-2036.76	41617.13169	0.04923	(1 component(s) constrained)
732	-2039.12	41626.17550	0.04923	(1 component(s) constrained)
733	-2038.29	41611.67352	0.04923	(1 component(s) constrained)
734	-2040.36	41619.47208	0.04923	(1 component(s) constrained)
735	-2038.00	41623.78000	0.04923	(1 component(s) constrained)
736	-2038.67	41620.31839	0.04923	(1 component(s) constrained)
737	-2038.76	41632.38549	0.04923	(1 component(s) constrained)
738	-2039.54	41632.20828	0.04923	(1 component(s) constrained)
739	-2039.35	41632.26012	0.04923	(1 component(s) constrained)
740	-2038.37	41613.93666	0.04923	(1 component(s) constrained)
741	-2038.59	41630.16953	0.04923	(1 component(s) constrained)
742	-2038.37	41612.10481	0.04923	(1 component(s) constrained)
743	-2039.52	41637.77942	0.04923	(1 component(s) constrained)
744	-2039.05	41626.61055	0.04923	(1 component(s) constrained)
745	-2037.72	41598.72927	0.04923	(1 component(s) constrained)
746	-2037.59	41606.83713	0.04923	(1 component(s) constrained)
747	-2037.59	41626.17892	0.04923	(1 component(s) constrained)
748	-2037.41	41638.34457	0.04923	(1 component(s) constrained)
749	-2037.96	41621.64560	0.04923	(1 component(s) constrained)
750	-2037.31	41614.20380	0.04923	(1 component(s) constrained)
751	-2039.10	41638.37784	0.04923	(1 component(s) constrained)
752	-2037.75	41627.48006	0.04923	(1 component(s) constrained)
753	-2038.04	41629.45023	0.04923	(1 component(s) constrained)
754	-2038.25	41636.71197	0.04923	(1 component(s) constrained)
755	-2039.22	41623.37890	0.04923	(1 component(s) constrained)
756	-2040.10	41618.52166	0.04923	(1 component(s) constrained)
757	-2040.04	41625.95118	0.04923	(1 component(s) constrained)
758	-2038.55	41632.52021	0.04923	(1 component(s) constrained)
759	-2040.86	41627.88920	0.04923	(1 component(s) constrained)
760	-2038.30	41619.91886	0.04923	(1 component(s) constrained)
761	-2039.27	41623.47797	0.04923	(1 component(s) constrained)
762	-2037.61	41624.53764	0.04923	(1 component(s) constrained)
763	-2039.95	41628.76436	0.04923	(1 component(s) constrained)
764	-2037.09	41626.43498	0.04923	(1 component(s) constrained)
765	-2037.65	41628.69213	0.04923	(1 component(s) constrained)
766	-2037.30	41631.15191	0.04923	(1 component(s) constrained)
767	-2038.57	41632.86121	0.04923	(1 component(s) constrained)
768	-2038.23	41621.15398	0.04923	(1 component(s) constrained)
769	-2038.47	41640.61796	0.04923	(1 component(s) constrained)
770	-2038.72	41636.95653	0.04923	(1 component(s) constrained)
771	-2039.49	41633.12379	0.04923	(1 component(s) constrained)
772	-2037.67	41642.55541	0.04923	(1 component(s) constrained)
773	-2036.43	41633.43379	0.04923	(1 component(s) constrained)
774	-2037.78	41625.74524	0.04923	(1 component(s) constrained)
775	-2038.88	41617.25828	0.04923	(1 component(s) constrained)
776	-2039.07	41626.51373	0.04923	(1 component(s) constrained)
777	-2039.82	41613.79350	0.04923	(1 component(s) constrained)
778	-2039.45	41618.71160	0.04923	(1 component(s) constrained)
779	-2039.18	41629.24910	0.04923	(1 component(s) constrained)
780	-2037.39	41613.42111	0.04923	(1 component(s) constrained)
781	-2038.97	41614.27730	0.04923	(1 component(s) constrained)
782	-2037.25	41615.30661	0.04923	(1 component(s) constrained)
783	-2039.17	41612.51073	0.04923	(1 component(s) constrained)
784	-2039.01	41624.44076	0.04923	(1 component(s) constrained)
785	-2037.81	41614.03100	0.04923	(1 component(s) constrained)
786	-2037.90	41609.10482	0.04923	(1 component(s) constrained)
787	-2039.87	41636.96666	0.04923	(1 component(s) constrained)
788	-2037.73	41612.93948	0.04923	(1 component(s) constrained)
789	-2037.99	41620.75676	0.04923	(1 component(s) constrained)
790	-2037.96	41630.42031	0.04923	(1 component(s) constrained)
791	-2039.39	41629.04853	0.04923	(1 component(s) constrained)
792	-2038.83	41631.01396	0.04923	(1 component(s) constrained)
793	-2038.68	41608.79667	0.04923	(1 component(s) constrained)
794	-2038.52	41627.16870	0.04923	(1 component(s) constrained)
795	-2038.69	41647.95757	0.04923	(1 component(s) constrained)
796	-2039.38	41630.72842	0.04923	(1 component(s) constrained)
797	-2040.34	41617.03235	0.04923	(1 component(s) constrained)
798	-2037.49	41620.62519	0.04923	(1 component(s) constrained)
799	-2040.37	41619.75039	0.04923	(1 component(s) constrained)
800	-2037.69	41615.61693	0.04923	(1 component(s) constrained)
801	-2038.00	41615.19218	0.04923	(1 component(s) constrained)
802	-2037.62	41629.70995	0.04923	(1 component(s) constrained)
803	-2037.45	41635.25816	0.04923	(1 component(s) constrained)
804	-2039.72	41620.47630	0.04923	(1 component(s) constrained)
805	-2038.23	41626.85163	0.04923	(1 component(s) constrained)
806	-2037.76	41624.65627	0.04923	(1 component(s) constrained)
807	-2038.61	41619.25445	0.04923	(1 component(s) constrained)
808	-2038.00	41640.10542	0.04923	(1 component(s) constrained)
809	-2038.12	41610.02819	0.04923	(1 component(s) constrained)
810	-2040.03	41618.88342	0.04923	(1 component(s) constrained)
811	-2038.76	41606.73819	0.04923	(1 component(s) constrained)
812	-2039.57	41610.93370	0.04923	(1 component(s) constrained)
813	-2040.10	41629.85354	0.04923	(1 component(s) constrained)
814	-2037.39	41633.82153	0.04923	(1 component(s) constrained)
815	-2038.37	41634.18685	0.04923	(1 component(s) constrained)
816	-2037.75	41620.57797	0.04923	(1 component(s) constrained)
817	-2038.69	41632.37564	0.04923	(1 component(s) constrained)
818	-2037.59	41624.89840	0.04923	(1 component(s) constrained)
819	-2037.87	41622.18917	0.04923	(1 component(s) constrained)
820	-2038.60	41619.82422	0.04923	(1 component(s) constrained)
821	-2038.84	41636.08229	0.04923	(1 component(s) constrained)
822	-2038.82	41632.22687	0.04923	(1 component(s) constrained)
823	-2038.74	41614.62636	0.04923	(1 component(s) constrained)
824	-2036.65	41608.37278	0.04923	(1 component(s) constrained)
825	-2038.80	41622.89372	0.04923	(1 component(s) constrained)
826	-2036.95	41614.72788	0.04923	(1 component(s) constrained)
827	-2037.40	41620.60968	0.04923	(1 component(s) constrained)
828	-2039.08	41631.69150	0.04923	(1 component(s) constrained)
829	-2037.26	41609.59666	0.04923	(1 component(s) constrained)
830	-2036.89	41619.24971	0.04923	(1 component(s) constrained)
831	-2039.95	41614.77604	0.04923	(1 component(s) constrained)
832	-2038.18	41631.56605	0.04923	(1 component(s) constrained)
833	-2038.11	41622.40218	0.04923	(1 component(s) constrained)
834	-2038.26	41620.65531	0.04923	(1 component(s) constrained)
835	-2037.94	41621.95079	0.04923	(1 component(s) constrained)
836	-2038.83	41600.80010	0.04923	(1 component(s) constrained)
837	-2038.21	41614.30269	0.04923	(1 component(s) constrained)
838	-2038.69	41606.90214	0.04923	(1 component(s) constrained)
839	-2038.46	41624.03225	0.04923	(1 component(s) constrained)
840	-2038.31	41612.71038	0.04923	(1 component(s) constrained)
841	-2038.47	41638.50494	0.04923	(1 component(s) constrained)
842	-2039.17	41629.58326	0.04923	(1 component(s) constrained)
843	-2039.45	41624.12502	0.04923	(1 component(s) constrained)
844	-2038.40	41644.47281	0.04923	(1 component(s) constrained)
845	-2037.99	41641.11901	0.04923	(1 component(s) constrained)
846	-2038.46	41631.37363	0.04923	(1 component(s) constrained)
847	-2039.62	41624.30471	0.04923	(1 component(s) constrained)
848	-2037.92	41621.60949	0.04923	(1 component(s) constrained)
849	-2040.24	41626.39022	0.04923	(1 component(s) constrained)
850	-2039.24	41621.21304	0.04923	(1 component(s) constrained)
851	-2038.13	41624.47021	0.04923	(1 component(s) constrained)
852	-2039.17	41624.90862	0.04923	(1 component(s) constrained)
853	-2036.89	41622.13845	0.04923	(1 component(s) constrained)
854	-2038.63	41618.04032	0.04923	(1 component(s) constrained)
855	-2038.12	41616.91285	0.04923	(1 component(s) constrained)
856	-2038.39	41635.97683	0.04923	(1 component(s) constrained)
857	-2039.18	41627.80970	0.04923	(1 component(s) constrained)
858	-2037.98	41623.68427	0.04923	(1 component(s) constrained)
859	-2039.57	41623.15686	0.04923	(1 component(s) constrained)
860	-2038.59	41631.91859	0.04923	(1 component(s) constrained)
861	-2038.35	41610.88277	0.04923	(1 component(s) constrained)
862	-2038.33	41632.09687	0.04923	(1 component(s) constrained)
863	-2039.33	41612.96301	0.04923	(1 component(s) constrained)
864	-2038.62	41627.10748	0.04923	(1 component(s) constrained)
865	-2037.68	41654.42196	0.04923	(1 component(s) constrained)
866	-2037.95	41627.43135	0.04923	(1 component(s) constrained)
867	-2039.69	41617.39578	0.04923	(1 component(s) constrained)
868	-2038.14	41618.61140	0.04923	(1 component(s) constrained)
869	-2037.23	41614.52432	0.04923	(1 component(s) constrained)
870	-2038.02	41625.87384	0.04923	(1 component(s) constrained)
871	-2040.17	41643.66044	0.04923	(1 component(s) constrained)
872	-2038.82	41626.51780	0.04923	(1 component(s) constrained)
873	-2038.39	41628.53736	0.04923	(1 component(s) constrained)
874	-2038.90	41633.74124	0.04923	(1 component(s) constrained)
875	-2038.31	41632.90615	0.04923	(1 component(s) constrained)
876	-2037.55	41616.69806	0.04923	(1 component(s) constrained)
877	-2037.99	41639.09199	0.04923	(1 component(s) constrained)
878	-2036.99	41630.39419	0.04923	(1 component(s) constrained)
879	-2037.15	41625.67506	0.04923	(1 component(s) constrained)
880	-2038.41	41650.86458	0.04923	(1 component(s) constrained)
881	-2036.84	41629.68612	0.04923	(1 component(s) constrained)
882	-2037.65	41625.39203	0.04923	(1 component(s) constrained)
883	-2039.12	41621.56981	0.04923	(1 component(s) constrained)
884	-2038.89	41624.43139	0.04923	(1 component(s) constrained)
885	-2038.80	41614.50653	0.04923	(1 component(s) constrained)
886	-2037.94	41627.31504	0.04923	(1 component(s) constrained)
887	-2038.86	41621.98878	0.04923	(1 component(s) constrained)
888	-2038.79	41611.10992	0.04923	(1 component(s) constrained)
889	-2037.17	41634.51664	0.04923	(1 component(s) constrained)
890	-2039.17	41630.05644	0.04923	(1 component(s) constrained)
891	-2038.29	41624.18557	0.04923	(1 component(s) constrained)
892	-2039.50	41621.01340	0.04923	(1 component(s) constrained)
893	-2039.89	41622.95315	0.04923	(1 component(s) constrained)
894	-2038.17	41619.07137	0.04923	(1 component(s) constrained)
895	-2038.16	41624.00263	0.04923	(1 component(s) constrained)
896	-2040.29	41625.61457	0.04923	(1 component(s) constrained)
897	-2038.35	41624.47136	0.04923	(1 component(s) constrained)
898	-2037.56	41629.38342	0.04923	(1 component(s) constrained)
899	-2038.07	41628.96419	0.04923	(1 component(s) constrained)
900	-2039.54	41628.30293	0.04923	(1 component(s) constrained)
901	-2039.15	41620.25571	0.04923	(1 component(s) constrained)
902	-2039.12	41636.79400	0.04923	(1 component(s) constrained)
903	-2037.99	41629.84090	0.04923	(1 component(s) constrained)
904	-2039.59	41625.08715	0.04923	(1 component(s) constrained)
905	-2039.82	41623.72649	0.04923	(1 component(s) constrained)
906	-2038.58	41620.62987	0.04923	(1 component(s) constrained)
907	-2040.28	41619.15477	0.04923	(1 component(s) constrained)
908	-2037.56	41588.77181	0.04923	(1 component(s) constrained)
909	-2037.82	41602.18304	0.04923	(1 component(s) constrained)
910	-2038.80	41626.74673	0.04923	(1 component(s) constrained)
911	-2038.81	41632.48867	0.04923	(1 component(s) constrained)
912	-2039.51	41636.32119	0.04923	(1 component(s) constrained)
913	-2038.72	41618.92207	0.04923	(1 component(s) constrained)
914	-2039.20	41631.73446	0.04923	(1 component(s) constrained)
915	-2038.08	41620.37865	0.04923	(1 component(s) constrained)
916	-2039.95	41626.86675	0.04923	(1 component(s) constrained)
917	-2037.96	41626.28087	0.04923	(1 component(s) constrained)
918	-2038.74	41625.19529	0.04923	(1 component(s) constrained)
919	-2038.67	41637.15184	0.04923	(1 component(s) constrained)
920	-2038.04	41625.50728	0.04923	(1 component(s) constrained)
921	-2037.42	41597.72580	0.04923	(1 component(s) constrained)
922	-2036.82	41622.94405	0.04923	(1 component(s) constrained)
923	-2038.59	41634.19963	0.04923	(1 component(s) constrained)
924	-2037.09	41618.37867	0.04923	(1 component(s) constrained)
925	-2038.32	41619.93975	0.04923	(1 component(s) constrained)
926	-2039.15	41640.38568	0.04923	(1 component(s) constrained)
927	-2037.83	41621.26569	0.04923	(1 component(s) constrained)
928	-2037.25	41624.08212	0.04923	(1 component(s) constrained)
929	-2038.40	41631.02014	0.04923	(1 component(s) constrained)
930	-2039.09	41636.03783	0.04923	(1 component(s) constrained)
931	-2038.97	41614.48897	0.04923	(1 component(s) constrained)
932	-2038.49	41630.47247	0.04923	(1 component(s) constrained)
933	-2039.03	41627.45507	0.04923	(1 component(s) constrained)
934	-2037.50	41620.40423	0.04923	(1 component(s) constrained)
935	-2037.80	41623.43460	0.04923	(1 component(s) constrained)
936	-2038.30	41643.15262	0.04923	(1 component(s) constrained)
937	-2038.46	41625.17236	0.04923	(1 component(s) constrained)
938	-2039.44	41618.47544	0.04923	(1 component(s) constrained)
939	-2038.20	41599.40875	0.04923	(1 component(s) constrained)
940	-2038.10	41605.78569	0.04923	(1 component(s) constrained)
941	-2037.64	41615.71273	0.04923	(1 component(s) constrained)
942	-2038.54	41646.06792	0.04923	(1 component(s) constrained)
943	-2037.07	41620.36127	0.04923	(1 component(s) constrained)
944	-2038.27	41621.04448	0.04923	(1 component(s) constrained)
945	-2037.20	41619.33357	0.04923	(1 component(s) constrained)
946	-2037.86	41614.66490	0.04923	(1 component(s) constrained)
947	-2038.21	41643.22829	0.04923	(1 component(s) constrained)
948	-2037.62	41619.21744	0.04923	(1 component(s) constrained)
949	-2038.05	41622.01029	0.04923	(1 component(s) constrained)
950	-2037.21	41626.23027	0.04923	(1 component(s) constrained)
951	-2038.65	41615.25540	0.04923	(1 component(s) constrained)
952	-2039.31	41643.81135	0.04923	(1 component(s) constrained)
953	-2037.60	41620.88585	0.04923	(1 component(s) constrained)
954	-2038.93	41618.79782	0.04923	(1 component(s) constrained)
955	-2037.11	41628.84139	0.04923	(1 component(s) constrained)
956	-2038.57	41627.40527	0.04923	(1 component(s) constrained)
957	-2037.99	41625.15164	0.04923	(1 component(s) constrained)
958	-2039.49	41638.49562	0.04923	(1 component(s) constrained)
959	-2037.96	41627.23753	0.04923	(1 component(s) constrained)
960	-2039.24	41628.90203	0.04923	(1 component(s) constrained)
961	-2038.54	41624.40445	0.04923	(1 component(s) constrained)
962	-2040.86	41633.88916	0.04923	(1 component(s) constrained)
963	-2037.72	41619.20068	0.04923	(1 component(s) constrained)
964	-2038.04	41619.56695	0.04923	(1 component(s) constrained)
965	-2038.27	41621.93982	0.04923	(1 component(s) constrained)
966	-2037.65	41655.91549	0.04923	(1 component(s) constrained)
967	-2037.90	41649.29941	0.04923	(1 component(s) constrained)
968	-2039.18	41633.26376	0.04923	(1 component(s) constrained)
969	-2038.72	41643.11935	0.04923	(1 component(s) constrained)
970	-2038.70	41614.98049	0.04923	(1 component(s) constrained)
971	-2038.16	41629.01090	0.04923	(1 component(s) constrained)
972	-2037.94	41616.91037	0.04923	(1 component(s) constrained)
973	-2038.35	41638.31196	0.04923	(1 component(s) constrained)
974	-2038.69	41618.12620	0.04923	(1 component(s) constrained)
975	-2040.00	41628.50492	0.04923	(1 component(s) constrained)
976	-2038.24	41621.06233	0.04923	(1 component(s) constrained)
977	-2037.56	41618.08234	0.04923	(1 component(s) constrained)
978	-2039.94	41624.98223	0.04923	(1 component(s) constrained)
979	-2039.33	41624.58510	0.04923	(1 component(s) constrained)
980	-2037.80	41617.35570	0.04923	(1 component(s) constrained)
981	-2038.30	41623.48259	0.04923	(1 component(s) constrained)
982	-2038.88	41626.22888	0.04923	(1 component(s) constrained)
983	-2037.50	41610.99469	0.04923	(1 component(s) constrained)
984	-2037.85	41615.71153	0.04923	(1 component(s) constrained)
985	-2038.80	41619.09971	0.04923	(1 component(s) constrained)
986	-2040.46	41621.90105	0.04923	(1 component(s) constrained)
987	-2037.48	41619.42677	0.04923	(1 component(s) constrained)
988	-2037.04	41621.60588	0.04923	(1 component(s) constrained)
989	-2037.60	41630.58506	0.04923	(1 component(s) constrained)
990	-2039.90	41612.70605	0.04923	(1 component(s) constrained)
991	-2038.11	41627.58828	0.04923	(1 component(s) constrained)
992	-2037.93	41624.36565	0.04923	(1 component(s) constrained)
993	-2037.44	41615.20163	0.04923	(1 component(s) constrained)
994	-2038.08	41612.62317	0.04923	(1 component(s) constrained)
995	-2037.98	41628.05369	0.04923	(1 component(s) constrained)
996	-2039.84	41623.84801	0.04923	(1 component(s) constrained)
997	-2038.16	41610.47237	0.04923	(1 component(s) constrained)
998	-2038.34	41617.74567	0.04923	(1 component(s) constrained)
999	-2038.21	41613.36138	0.04923	(1 component(s) constrained)
Error: Log-likelihood not converged (stop after 1000 iteractions). 
You can specify the option --reml-maxit to allow for more iterations.

An error occurs, please check the options or data
