*******************************************************************
* Genome-wide Complex Trait Analysis (GCTA)
* version 1.93.2 beta Linux
* (C) 2010-present, Jian Yang, The University of Queensland
* Please report bugs to Jian Yang <jian.yang.qt@gmail.com>
*******************************************************************
Analysis started at 23:19:15 -03 on Wed Jun 09 2021.
Hostname: darwin

Accepted options:
--reml
--reml-alg 0
--reml-maxit 1000
--grm /scratch/genevol/users/lucas/V1/grmFull
--pheno /raid/genevol/users/lucas/heritability/02.GCTA/data/geneHLA-A.txt
--covar /raid/genevol/users/lucas/heritability/02.GCTA/data/envir2.txt
--reml-est-fix
--out /raid/genevol/users/lucas/heritability/03.Heritability/Results/V1/HLA-A/FullHLA-A2

Note: This is a multi-thread program. You could specify the number of threads by the --thread-num option to speed up the computation if there are multiple processors in your machine.

Reading IDs of the GRM from [/scratch/genevol/users/lucas/V1/grmFull.grm.id].
2504 IDs read from [/scratch/genevol/users/lucas/V1/grmFull.grm.id].
Reading the GRM from [/scratch/genevol/users/lucas/V1/grmFull.grm.bin].
GRM for 2504 individuals are included from [/scratch/genevol/users/lucas/V1/grmFull.grm.bin].
Reading phenotypes from [/raid/genevol/users/lucas/heritability/02.GCTA/data/geneHLA-A.txt].
Non-missing phenotypes of 445 individuals are included from [/raid/genevol/users/lucas/heritability/02.GCTA/data/geneHLA-A.txt].
Reading discrete covariate(s) from [/raid/genevol/users/lucas/heritability/02.GCTA/data/envir2.txt].
1 discrete covariate(s) of 445 individuals are included from [/raid/genevol/users/lucas/heritability/02.GCTA/data/envir2.txt].

1 discrete variable(s) included as covariate(s).
445 individuals are in common in these files.

Performing  REML analysis ... (Note: may take hours depending on sample size).
445 observations, 7 fixed effect(s), and 2 variance component(s)(including residual variance).
Calculating prior values of variance components by EM-REML ...
Updated prior values: 68484.6 77286.6
logL: -2860.21
Running AI-REML algorithm ...
Iter.	logL	V(G)	V(e)	
1	-2844.04	33035.62776	116374.84845	
2	-2839.14	30839.43913	110246.97978	
3	-2837.50	29620.65710	106493.25209	
4	-2836.82	28883.38458	104106.59241	
5	-2836.53	27407.12562	99182.30887	
6	-2836.28	27511.97587	99348.85998	
7	-2836.28	27494.45175	99378.61969	
8	-2836.28	27502.28893	99365.66949	
9	-2836.28	27498.81743	99371.40595	
Log-likelihood ratio converged.

Calculating the logLikelihood for the reduced model ...
(variance component 1 is dropped from the model)
Calculating prior values of variance components by EM-REML ...
Updated prior values: 148490.27470
logL: -2844.56758
Running AI-REML algorithm ...
Iter.	logL	V(e)	
1	-2840.43	148326.02450	
2	-2840.43	148213.98312	
3	-2840.43	147971.91399	
4	-2840.43	147972.30870	
5	-2840.43	147972.30870	
Log-likelihood ratio converged.

Summary result of REML analysis:
Source	Variance	SE
V(G)	27498.817429	26697.268719
V(e)	99371.405951	44517.587685
Vp	126870.223381	19375.596684
V(G)/Vp	0.216748	0.239604

Sampling variance/covariance of the estimates of variance components:
7.127442e+08	-1.159573e+09	
-1.159573e+09	1.981816e+09	
Estimatesof fixed effects:

Source	Estimate	SE
mean	1858.659460	45.397635
X_2	-205.103789	70.806041
X_3	-276.721573	62.169718
X_4	-367.230076	72.065702
X_5	-141.322377	62.739663
X_6	-459.220418	54.055830
X_7	62.640889	71.927546

Summary result of REML analysis has been saved in the file [/raid/genevol/users/lucas/heritability/03.Heritability/Results/V1/HLA-A/FullHLA-A2.hsq].

Analysis finished at 23:19:17 -03 on Wed Jun 09 2021
Overall computational time: 1.44 sec.
