*******************************************************************
* Genome-wide Complex Trait Analysis (GCTA)
* version 1.93.2 beta Linux
* (C) 2010-present, Jian Yang, The University of Queensland
* Please report bugs to Jian Yang <jian.yang.qt@gmail.com>
*******************************************************************
Analysis started at 23:19:13 -03 on Wed Jun 09 2021.
Hostname: darwin

Accepted options:
--reml
--reml-alg 0
--reml-maxit 1000
--grm /scratch/genevol/users/lucas/V1/grmGeuvadis
--pheno /raid/genevol/users/lucas/heritability/02.GCTA/data/geneHLA-A.txt
--covar /raid/genevol/users/lucas/heritability/02.GCTA/data/envir1.txt
--reml-est-fix
--out /raid/genevol/users/lucas/heritability/03.Heritability/Results/V1/HLA-A/GeuvadisHLA-A1

Note: This is a multi-thread program. You could specify the number of threads by the --thread-num option to speed up the computation if there are multiple processors in your machine.

Reading IDs of the GRM from [/scratch/genevol/users/lucas/V1/grmGeuvadis.grm.id].
445 IDs read from [/scratch/genevol/users/lucas/V1/grmGeuvadis.grm.id].
Reading the GRM from [/scratch/genevol/users/lucas/V1/grmGeuvadis.grm.bin].
GRM for 445 individuals are included from [/scratch/genevol/users/lucas/V1/grmGeuvadis.grm.bin].
Reading phenotypes from [/raid/genevol/users/lucas/heritability/02.GCTA/data/geneHLA-A.txt].
Non-missing phenotypes of 445 individuals are included from [/raid/genevol/users/lucas/heritability/02.GCTA/data/geneHLA-A.txt].
Reading discrete covariate(s) from [/raid/genevol/users/lucas/heritability/02.GCTA/data/envir1.txt].
2 discrete covariate(s) of 445 individuals are included from [/raid/genevol/users/lucas/heritability/02.GCTA/data/envir1.txt].

2 discrete variable(s) included as covariate(s).
445 individuals are in common in these files.

Performing  REML analysis ... (Note: may take hours depending on sample size).
445 observations, 8 fixed effect(s), and 2 variance component(s)(including residual variance).
Calculating prior values of variance components by EM-REML ...
Updated prior values: 81997.6 81058.7
logL: -2831.5
Running AI-REML algorithm ...
Iter.	logL	V(G)	V(e)	
1	-2827.91	81266.00345	75405.25363	
2	-2827.04	80678.72433	72045.23439	
3	-2826.67	79315.35177	65396.41213	
4	-2826.37	79246.66414	65868.56836	
5	-2826.37	79248.21145	65868.43380	
6	-2826.37	79248.20533	65868.43941	
Log-likelihood ratio converged.

Calculating the logLikelihood for the reduced model ...
(variance component 1 is dropped from the model)
Calculating prior values of variance components by EM-REML ...
Updated prior values: 148255.77874
logL: -2840.06670
Running AI-REML algorithm ...
Iter.	logL	V(e)	
1	-2835.85	148066.17013	
2	-2835.85	147936.88590	
3	-2835.85	147657.64408	
4	-2835.85	147658.17017	
5	-2835.85	147658.17017	
Log-likelihood ratio converged.

Summary result of REML analysis:
Source	Variance	SE
V(G)	79248.205330	30932.416854
V(e)	65868.439410	28232.351192
Vp	145116.644740	10152.117471
V(G)/Vp	0.546100	0.200199

Sampling variance/covariance of the estimates of variance components:
9.568144e+08	-8.254073e+08	
-8.254073e+08	7.970657e+08	
Estimatesof fixed effects:

Source	Estimate	SE
mean	1845.757019	39.524344
X_2	-50.682081	35.790641
X_3	-188.701183	69.066515
X_4	-265.016874	60.669814
X_5	-330.634457	70.618005
X_6	-122.708619	61.602745
X_7	-449.534782	52.862384
X_8	113.054965	70.881819

Summary result of REML analysis has been saved in the file [/raid/genevol/users/lucas/heritability/03.Heritability/Results/V1/HLA-A/GeuvadisHLA-A1.hsq].

Analysis finished at 23:19:14 -03 on Wed Jun 09 2021
Overall computational time: 1.09 sec.
