*******************************************************************
* Genome-wide Complex Trait Analysis (GCTA)
* version 1.93.2 beta Linux
* (C) 2010-present, Jian Yang, The University of Queensland
* Please report bugs to Jian Yang <jian.yang.qt@gmail.com>
*******************************************************************
Analysis started at 22:20:57 -03 on Mon Jun 07 2021.
Hostname: darwin

Accepted options:
--reml
--reml-alg 0
--reml-maxit 1000
--grm /scratch/genevol/users/lucas/V1/grmNAfr
--pheno /raid/genevol/users/lucas/heritability/02.GCTA/data/geneHLA-A.txt
--covar /raid/genevol/users/lucas/heritability/02.GCTA/data/envir1.txt
--out /raid/genevol/users/lucas/heritability/03.Heritability/Results/V1/HLA-A/HLA-ANAfr1

Note: This is a multi-thread program. You could specify the number of threads by the --thread-num option to speed up the computation if there are multiple processors in your machine.

Reading IDs of the GRM from [/scratch/genevol/users/lucas/V1/grmNAfr.grm.id].
358 IDs read from [/scratch/genevol/users/lucas/V1/grmNAfr.grm.id].
Reading the GRM from [/scratch/genevol/users/lucas/V1/grmNAfr.grm.bin].
GRM for 358 individuals are included from [/scratch/genevol/users/lucas/V1/grmNAfr.grm.bin].
Reading phenotypes from [/raid/genevol/users/lucas/heritability/02.GCTA/data/geneHLA-A.txt].
Non-missing phenotypes of 445 individuals are included from [/raid/genevol/users/lucas/heritability/02.GCTA/data/geneHLA-A.txt].
Reading discrete covariate(s) from [/raid/genevol/users/lucas/heritability/02.GCTA/data/envir1.txt].
2 discrete covariate(s) of 445 individuals are included from [/raid/genevol/users/lucas/heritability/02.GCTA/data/envir1.txt].

2 discrete variable(s) included as covariate(s).
358 individuals are in common in these files.

Performing  REML analysis ... (Note: may take hours depending on sample size).
358 observations, 8 fixed effect(s), and 2 variance component(s)(including residual variance).
Calculating prior values of variance components by EM-REML ...
Updated prior values:   72113 72147.9
logL: -2251.78
Running AI-REML algorithm ...
Iter.	logL	V(G)	V(e)	
1	-2248.49	63175.25498	74714.81460	
2	-2247.67	58030.09102	75966.04775	
3	-2247.32	47901.08882	78245.68962	
4	-2247.04	48119.82275	78463.36835	
5	-2247.04	48127.55318	78457.13632	
6	-2247.04	48128.46824	78456.21901	
Log-likelihood ratio converged.

Calculating the logLikelihood for the reduced model ...
(variance component 1 is dropped from the model)
Calculating prior values of variance components by EM-REML ...
Updated prior values: 127618.28435
logL: -2251.77210
Running AI-REML algorithm ...
Iter.	logL	V(e)	
1	-2247.13	127374.34266	
2	-2247.13	127208.27089	
3	-2247.13	126849.95208	
4	-2247.13	126850.95855	
5	-2247.13	126850.95856	
Log-likelihood ratio converged.

Summary result of REML analysis:
Source	Variance	SE
V(G)	48128.468243	116068.740845
V(e)	78456.219014	116449.506098
Vp	126584.687257	9573.196217
V(G)/Vp	0.380208	0.917336

Sampling variance/covariance of the estimates of variance components:
1.347195e+10	-1.347040e+10	
-1.347040e+10	1.356049e+10	

Summary result of REML analysis has been saved in the file [/raid/genevol/users/lucas/heritability/03.Heritability/Results/V1/HLA-A/HLA-ANAfr1.hsq].

Analysis finished at 22:20:58 -03 on Mon Jun 07 2021
Overall computational time: 0.95 sec.
