*******************************************************************
* Genome-wide Complex Trait Analysis (GCTA)
* version 1.93.2 beta Linux
* (C) 2010-present, Jian Yang, The University of Queensland
* Please report bugs to Jian Yang <jian.yang.qt@gmail.com>
*******************************************************************
Analysis started at 22:20:52 -03 on Mon Jun 07 2021.
Hostname: darwin

Accepted options:
--reml
--reml-alg 0
--reml-maxit 1000
--grm /scratch/genevol/users/lucas/V1/grmFull
--pheno /raid/genevol/users/lucas/heritability/02.GCTA/data/geneHLA-A.txt
--covar /raid/genevol/users/lucas/heritability/02.GCTA/data/envir1.txt
--out /raid/genevol/users/lucas/heritability/03.Heritability/Results/V1/HLA-A/HLA-AFull1

Note: This is a multi-thread program. You could specify the number of threads by the --thread-num option to speed up the computation if there are multiple processors in your machine.

Reading IDs of the GRM from [/scratch/genevol/users/lucas/V1/grmFull.grm.id].
2504 IDs read from [/scratch/genevol/users/lucas/V1/grmFull.grm.id].
Reading the GRM from [/scratch/genevol/users/lucas/V1/grmFull.grm.bin].
GRM for 2504 individuals are included from [/scratch/genevol/users/lucas/V1/grmFull.grm.bin].
Reading phenotypes from [/raid/genevol/users/lucas/heritability/02.GCTA/data/geneHLA-A.txt].
Non-missing phenotypes of 445 individuals are included from [/raid/genevol/users/lucas/heritability/02.GCTA/data/geneHLA-A.txt].
Reading discrete covariate(s) from [/raid/genevol/users/lucas/heritability/02.GCTA/data/envir1.txt].
2 discrete covariate(s) of 445 individuals are included from [/raid/genevol/users/lucas/heritability/02.GCTA/data/envir1.txt].

2 discrete variable(s) included as covariate(s).
445 individuals are in common in these files.

Performing  REML analysis ... (Note: may take hours depending on sample size).
445 observations, 8 fixed effect(s), and 2 variance component(s)(including residual variance).
Calculating prior values of variance components by EM-REML ...
Updated prior values: 68475.1 77287.8
logL: -2855.83
Running AI-REML algorithm ...
Iter.	logL	V(G)	V(e)	
1	-2839.64	31723.73544	118355.76788	
2	-2834.67	29962.76805	111476.83112	
3	-2833.02	28908.30784	107436.42287	
4	-2832.34	28244.90004	104919.54956	
5	-2832.04	26884.42054	99788.91302	
6	-2831.80	26940.34752	100038.17647	
7	-2831.80	26943.96262	100033.01322	
8	-2831.80	26942.40241	100035.59185	
Log-likelihood ratio converged.

Calculating the logLikelihood for the reduced model ...
(variance component 1 is dropped from the model)
Calculating prior values of variance components by EM-REML ...
Updated prior values: 148255.77874
logL: -2840.06670
Running AI-REML algorithm ...
Iter.	logL	V(e)	
1	-2835.85	148066.17013	
2	-2835.85	147936.88590	
3	-2835.85	147657.64408	
4	-2835.85	147658.17017	
5	-2835.85	147658.17017	
Log-likelihood ratio converged.

Summary result of REML analysis:
Source	Variance	SE
V(G)	26942.402405	26248.060531
V(e)	100035.591847	43801.951904
Vp	126977.994252	19128.610683
V(G)/Vp	0.212182	0.234774

Sampling variance/covariance of the estimates of variance components:
6.889607e+08	-1.120834e+09	
-1.120834e+09	1.918611e+09	

Summary result of REML analysis has been saved in the file [/raid/genevol/users/lucas/heritability/03.Heritability/Results/V1/HLA-A/HLA-AFull1.hsq].

Analysis finished at 22:20:53 -03 on Mon Jun 07 2021
Overall computational time: 1.44 sec.
