*******************************************************************
* Genome-wide Complex Trait Analysis (GCTA)
* version 1.93.2 beta Linux
* (C) 2010-present, Jian Yang, The University of Queensland
* Please report bugs to Jian Yang <jian.yang.qt@gmail.com>
*******************************************************************
Analysis started at 23:26:04 -03 on Wed Jun 09 2021.
Hostname: darwin

Accepted options:
--reml
--reml-alg 0
--reml-maxit 1000
--grm /scratch/genevol/users/lucas/V3/grmGeuvadis
--pheno /raid/genevol/users/lucas/heritability/02.GCTA/data/geneHLA-B.txt
--covar /raid/genevol/users/lucas/heritability/02.GCTA/data/envir2.txt
--reml-est-fix
--out /raid/genevol/users/lucas/heritability/03.Heritability/Results/V3/HLA-B/GeuvadisHLA-B2

Note: This is a multi-thread program. You could specify the number of threads by the --thread-num option to speed up the computation if there are multiple processors in your machine.

Reading IDs of the GRM from [/scratch/genevol/users/lucas/V3/grmGeuvadis.grm.id].
445 IDs read from [/scratch/genevol/users/lucas/V3/grmGeuvadis.grm.id].
Reading the GRM from [/scratch/genevol/users/lucas/V3/grmGeuvadis.grm.bin].
GRM for 445 individuals are included from [/scratch/genevol/users/lucas/V3/grmGeuvadis.grm.bin].
Reading phenotypes from [/raid/genevol/users/lucas/heritability/02.GCTA/data/geneHLA-B.txt].
Non-missing phenotypes of 445 individuals are included from [/raid/genevol/users/lucas/heritability/02.GCTA/data/geneHLA-B.txt].
Reading discrete covariate(s) from [/raid/genevol/users/lucas/heritability/02.GCTA/data/envir2.txt].
1 discrete covariate(s) of 445 individuals are included from [/raid/genevol/users/lucas/heritability/02.GCTA/data/envir2.txt].

1 discrete variable(s) included as covariate(s).
445 individuals are in common in these files.

Performing  REML analysis ... (Note: may take hours depending on sample size).
445 observations, 7 fixed effect(s), and 2 variance component(s)(including residual variance).
Calculating prior values of variance components by EM-REML ...
Updated prior values: 220303 220786
logL: -3039.5
Running AI-REML algorithm ...
Iter.	logL	V(G)	V(e)	
1	-3029.19	87405.34278	301648.41423	
2	-3023.32	60997.39031	308651.87058	
3	-3021.99	51865.13833	306813.93035	
4	-3021.50	47760.86391	304087.17696	
5	-3021.30	41050.40764	296809.79472	
6	-3021.13	43109.83786	295366.58790	
7	-3021.13	42532.85796	295924.00281	
8	-3021.13	42715.64728	295749.15831	
9	-3021.13	42658.99223	295803.47042	
10	-3021.13	42676.67566	295786.53036	
Log-likelihood ratio converged.

Calculating the logLikelihood for the reduced model ...
(variance component 1 is dropped from the model)
Calculating prior values of variance components by EM-REML ...
Updated prior values: 345769.02889
logL: -3041.99600
Running AI-REML algorithm ...
Iter.	logL	V(e)	
1	-3024.48	344849.20805	
2	-3024.47	344224.16471	
3	-3024.47	342877.25363	
4	-3024.47	342882.50332	
5	-3024.47	342882.50340	
Log-likelihood ratio converged.

Summary result of REML analysis:
Source	Variance	SE
V(G)	42676.675664	38603.178494
V(e)	295786.530362	41952.341384
Vp	338463.206025	22927.843143
V(G)/Vp	0.126090	0.113136

Sampling variance/covariance of the estimates of variance components:
1.490205e+09	-1.362259e+09	
-1.362259e+09	1.759999e+09	
Estimatesof fixed effects:

Source	Estimate	SE
mean	3397.400546	59.677041
X_2	-778.809761	107.831981
X_3	-1062.321848	94.691082
X_4	-831.629187	109.815337
X_5	-739.964235	95.762817
X_6	-756.958976	82.410450
X_7	256.618381	110.071344

Summary result of REML analysis has been saved in the file [/raid/genevol/users/lucas/heritability/03.Heritability/Results/V3/HLA-B/GeuvadisHLA-B2.hsq].

Analysis finished at 23:26:05 -03 on Wed Jun 09 2021
Overall computational time: 1.22 sec.
