*******************************************************************
* Genome-wide Complex Trait Analysis (GCTA)
* version 1.93.2 beta Linux
* (C) 2010-present, Jian Yang, The University of Queensland
* Please report bugs to Jian Yang <jian.yang.qt@gmail.com>
*******************************************************************
Analysis started at 23:26:02 -03 on Wed Jun 09 2021.
Hostname: darwin

Accepted options:
--reml
--reml-alg 0
--reml-maxit 1000
--grm /scratch/genevol/users/lucas/V3/grmNAfr
--pheno /raid/genevol/users/lucas/heritability/02.GCTA/data/geneNAfrHLA-B.txt
--covar /raid/genevol/users/lucas/heritability/02.GCTA/data/envir1.txt
--reml-est-fix
--out /raid/genevol/users/lucas/heritability/03.Heritability/Results/V3/HLA-B/NAfrHLA-B1

Note: This is a multi-thread program. You could specify the number of threads by the --thread-num option to speed up the computation if there are multiple processors in your machine.

Reading IDs of the GRM from [/scratch/genevol/users/lucas/V3/grmNAfr.grm.id].
358 IDs read from [/scratch/genevol/users/lucas/V3/grmNAfr.grm.id].
Reading the GRM from [/scratch/genevol/users/lucas/V3/grmNAfr.grm.bin].
GRM for 358 individuals are included from [/scratch/genevol/users/lucas/V3/grmNAfr.grm.bin].
Reading phenotypes from [/raid/genevol/users/lucas/heritability/02.GCTA/data/geneNAfrHLA-B.txt].
Non-missing phenotypes of 358 individuals are included from [/raid/genevol/users/lucas/heritability/02.GCTA/data/geneNAfrHLA-B.txt].
Reading discrete covariate(s) from [/raid/genevol/users/lucas/heritability/02.GCTA/data/envir1.txt].
2 discrete covariate(s) of 445 individuals are included from [/raid/genevol/users/lucas/heritability/02.GCTA/data/envir1.txt].

2 discrete variable(s) included as covariate(s).
358 individuals are in common in these files.

Performing  REML analysis ... (Note: may take hours depending on sample size).
358 observations, 8 fixed effect(s), and 2 variance component(s)(including residual variance).
Calculating prior values of variance components by EM-REML ...
Updated prior values: 213944 213967
logL: -2431.31
Running AI-REML algorithm ...
Iter.	logL	V(G)	V(e)	
1	-2421.94	101915.98153	288105.40723	
2	-2418.98	48697.31515	320894.24866	
3	-2417.84	20022.27188	337401.01297	
4	-2417.37	3231.93560	346556.48665	
5	-2417.16	0.51626	334159.22749	(1 component(s) constrained)
6	-2416.99	0.51626	334832.32316	(1 component(s) constrained)
7	-2416.99	0.51626	334833.68171	(1 component(s) constrained)
8	-2416.99	0.51626	334833.68172	(1 component(s) constrained)
Log-likelihood ratio converged.

Calculating the logLikelihood for the reduced model ...
(variance component 1 is dropped from the model)
Calculating prior values of variance components by EM-REML ...
Updated prior values: 338892.36559
logL: -2431.26057
Running AI-REML algorithm ...
Iter.	logL	V(e)	
1	-2417.00	337595.74205	
2	-2417.00	336717.18682	
3	-2416.99	334827.66935	
4	-2416.99	334838.21304	
5	-2416.99	334838.21337	
Log-likelihood ratio converged.

Summary result of REML analysis:
Source	Variance	SE
V(G)	0.516262	235173.013903
V(e)	334833.681715	236496.843565
Vp	334834.197977	25310.957994
V(G)/Vp	0.000002	0.702357

Sampling variance/covariance of the estimates of variance components:
5.530635e+10	-5.529823e+10	
-5.529823e+10	5.593076e+10	
Estimatesof fixed effects:

Source	Estimate	SE
mean	3362.284675	72.418320
X_2	-60.853919	62.034860
X_3	-778.782955	118.816082
X_4	-1046.597923	104.456244
X_5	-768.522782	122.692540
X_6	-668.972342	107.454258
X_7	-774.292559	91.859343
X_8	320.888719	125.399785

Summary result of REML analysis has been saved in the file [/raid/genevol/users/lucas/heritability/03.Heritability/Results/V3/HLA-B/NAfrHLA-B1.hsq].

Analysis finished at 23:26:03 -03 on Wed Jun 09 2021
Overall computational time: 0.93 sec.
