*******************************************************************
* Genome-wide Complex Trait Analysis (GCTA)
* version 1.93.2 beta Linux
* (C) 2010-present, Jian Yang, The University of Queensland
* Please report bugs to Jian Yang <jian.yang.qt@gmail.com>
*******************************************************************
Analysis started at 23:26:37 -03 on Wed Jun 09 2021.
Hostname: darwin

Accepted options:
--reml
--reml-alg 0
--reml-maxit 1000
--grm /scratch/genevol/users/lucas/V3/grmFull
--pheno /raid/genevol/users/lucas/heritability/02.GCTA/data/geneHLA-DPA1.txt
--covar /raid/genevol/users/lucas/heritability/02.GCTA/data/envir0.txt
--reml-est-fix
--out /raid/genevol/users/lucas/heritability/03.Heritability/Results/V3/HLA-DPA1/FullHLA-DPA10

Note: This is a multi-thread program. You could specify the number of threads by the --thread-num option to speed up the computation if there are multiple processors in your machine.

Reading IDs of the GRM from [/scratch/genevol/users/lucas/V3/grmFull.grm.id].
2504 IDs read from [/scratch/genevol/users/lucas/V3/grmFull.grm.id].
Reading the GRM from [/scratch/genevol/users/lucas/V3/grmFull.grm.bin].
GRM for 2504 individuals are included from [/scratch/genevol/users/lucas/V3/grmFull.grm.bin].
Reading phenotypes from [/raid/genevol/users/lucas/heritability/02.GCTA/data/geneHLA-DPA1.txt].
Non-missing phenotypes of 445 individuals are included from [/raid/genevol/users/lucas/heritability/02.GCTA/data/geneHLA-DPA1.txt].
Reading discrete covariate(s) from [/raid/genevol/users/lucas/heritability/02.GCTA/data/envir0.txt].
3 discrete covariate(s) of 445 individuals are included from [/raid/genevol/users/lucas/heritability/02.GCTA/data/envir0.txt].

3 discrete variable(s) included as covariate(s).
445 individuals are in common in these files.

Performing  REML analysis ... (Note: may take hours depending on sample size).
445 observations, 12 fixed effect(s), and 2 variance component(s)(including residual variance).
Calculating prior values of variance components by EM-REML ...
Updated prior values: 12406.9 13355.7
logL: -2438.84
Running AI-REML algorithm ...
Iter.	logL	V(G)	V(e)	
1	-2424.78	0.03159	27357.54588	(1 component(s) constrained)
2	-2419.53	0.03159	27805.47923	(1 component(s) constrained)
3	-2420.10	0.03159	28124.33640	(1 component(s) constrained)
4	-2420.53	0.03159	28834.13927	(1 component(s) constrained)
5	-2421.55	0.03159	28852.50528	(1 component(s) constrained)
6	-2421.58	0.03159	28852.51698	(1 component(s) constrained)
7	-2421.58	0.03159	28852.51698	(1 component(s) constrained)
Log-likelihood ratio converged.

Calculating the logLikelihood for the reduced model ...
(variance component 1 is dropped from the model)
Calculating prior values of variance components by EM-REML ...
Updated prior values: 23332.00076
logL: -2426.17227
Running AI-REML algorithm ...
Iter.	logL	V(e)	
1	-2416.62	23258.98913	
2	-2416.61	23209.43320	
3	-2416.61	23102.72853	
4	-2416.60	23103.21684	
5	-2416.60	23103.21685	
Log-likelihood ratio converged.

Summary result of REML analysis:
Source	Variance	SE
V(G)	0.031587	16618.765605
V(e)	28852.516985	22754.141600
Vp	28852.548572	6415.466662
V(G)/Vp	0.000001	0.575990

Sampling variance/covariance of the estimates of variance components:
2.761834e+08	-3.763881e+08	
-3.763881e+08	5.177510e+08	
Estimatesof fixed effects:

Source	Estimate	SE
mean	718.859456	25.322360
X_2	11.850256	16.436013
X_3	-52.431085	31.808037
X_4	-83.422265	27.909473
X_5	-89.916922	32.329936
X_6	3.049586	28.167280
X_7	-139.533116	24.185949
X_8	-6.477682	32.286472
X_9	-146.771913	25.512247
X_10	-212.718674	25.829403
X_11	-160.148993	25.415305
X_12	-53.440795	25.663708

Summary result of REML analysis has been saved in the file [/raid/genevol/users/lucas/heritability/03.Heritability/Results/V3/HLA-DPA1/FullHLA-DPA10.hsq].

Analysis finished at 23:26:38 -03 on Wed Jun 09 2021
Overall computational time: 1.38 sec.
