*******************************************************************
* Genome-wide Complex Trait Analysis (GCTA)
* version 1.93.2 beta Linux
* (C) 2010-present, Jian Yang, The University of Queensland
* Please report bugs to Jian Yang <jian.yang.qt@gmail.com>
*******************************************************************
Analysis started at 23:26:50 -03 on Wed Jun 09 2021.
Hostname: darwin

Accepted options:
--reml
--reml-alg 0
--reml-maxit 1000
--grm /scratch/genevol/users/lucas/V3/grmFull
--pheno /raid/genevol/users/lucas/heritability/02.GCTA/data/geneHLA-DPA1.txt
--covar /raid/genevol/users/lucas/heritability/02.GCTA/data/envir2.txt
--reml-est-fix
--out /raid/genevol/users/lucas/heritability/03.Heritability/Results/V3/HLA-DPA1/FullHLA-DPA12

Note: This is a multi-thread program. You could specify the number of threads by the --thread-num option to speed up the computation if there are multiple processors in your machine.

Reading IDs of the GRM from [/scratch/genevol/users/lucas/V3/grmFull.grm.id].
2504 IDs read from [/scratch/genevol/users/lucas/V3/grmFull.grm.id].
Reading the GRM from [/scratch/genevol/users/lucas/V3/grmFull.grm.bin].
GRM for 2504 individuals are included from [/scratch/genevol/users/lucas/V3/grmFull.grm.bin].
Reading phenotypes from [/raid/genevol/users/lucas/heritability/02.GCTA/data/geneHLA-DPA1.txt].
Non-missing phenotypes of 445 individuals are included from [/raid/genevol/users/lucas/heritability/02.GCTA/data/geneHLA-DPA1.txt].
Reading discrete covariate(s) from [/raid/genevol/users/lucas/heritability/02.GCTA/data/envir2.txt].
1 discrete covariate(s) of 445 individuals are included from [/raid/genevol/users/lucas/heritability/02.GCTA/data/envir2.txt].

1 discrete variable(s) included as covariate(s).
445 individuals are in common in these files.

Performing  REML analysis ... (Note: may take hours depending on sample size).
445 observations, 7 fixed effect(s), and 2 variance component(s)(including residual variance).
Calculating prior values of variance components by EM-REML ...
Updated prior values: 13504.6   14153
logL: -2485.68
Running AI-REML algorithm ...
Iter.	logL	V(G)	V(e)	
1	-2479.71	9877.60080	17381.17084	
2	-2478.15	8467.48147	18286.11341	
3	-2477.53	7792.48952	18566.63622	
4	-2477.26	6631.80299	18836.34362	
5	-2477.05	6885.01183	18545.58828	
6	-2477.05	6849.82161	18594.44234	
7	-2477.05	6855.96364	18585.96487	
8	-2477.05	6854.91314	18587.41540	
Log-likelihood ratio converged.

Calculating the logLikelihood for the reduced model ...
(variance component 1 is dropped from the model)
Calculating prior values of variance components by EM-REML ...
Updated prior values: 28804.49030
logL: -2482.63177
Running AI-REML algorithm ...
Iter.	logL	V(e)	
1	-2481.70	28790.41481	
2	-2481.70	28759.98425	
3	-2481.70	28760.01638	
4	-2481.70	28760.01638	
Log-likelihood ratio converged.

Summary result of REML analysis:
Source	Variance	SE
V(G)	6854.913140	7218.073380
V(e)	18587.415397	10024.473717
Vp	25442.328537	3236.644208
V(G)/Vp	0.269429	0.312159

Sampling variance/covariance of the estimates of variance components:
5.210058e+07	-7.105740e+07	
-7.105740e+07	1.004901e+08	
Estimatesof fixed effects:

Source	Estimate	SE
mean	613.923738	21.312146
X_2	-68.175359	31.140709
X_3	-82.972553	27.343862
X_4	-78.798994	31.713535
X_5	12.060857	27.620028
X_6	-133.120791	23.786116
X_7	-1.658684	31.701930

Summary result of REML analysis has been saved in the file [/raid/genevol/users/lucas/heritability/03.Heritability/Results/V3/HLA-DPA1/FullHLA-DPA12.hsq].

Analysis finished at 23:26:51 -03 on Wed Jun 09 2021
Overall computational time: 1.33 sec.
