*******************************************************************
* Genome-wide Complex Trait Analysis (GCTA)
* version 1.93.2 beta Linux
* (C) 2010-present, Jian Yang, The University of Queensland
* Please report bugs to Jian Yang <jian.yang.qt@gmail.com>
*******************************************************************
Analysis started at 23:26:38 -03 on Wed Jun 09 2021.
Hostname: darwin

Accepted options:
--reml
--reml-alg 0
--reml-maxit 1000
--grm /scratch/genevol/users/lucas/V3/grmGeuvadis
--pheno /raid/genevol/users/lucas/heritability/02.GCTA/data/geneHLA-DPA1.txt
--covar /raid/genevol/users/lucas/heritability/02.GCTA/data/envir0.txt
--reml-est-fix
--out /raid/genevol/users/lucas/heritability/03.Heritability/Results/V3/HLA-DPA1/GeuvadisHLA-DPA10

Note: This is a multi-thread program. You could specify the number of threads by the --thread-num option to speed up the computation if there are multiple processors in your machine.

Reading IDs of the GRM from [/scratch/genevol/users/lucas/V3/grmGeuvadis.grm.id].
445 IDs read from [/scratch/genevol/users/lucas/V3/grmGeuvadis.grm.id].
Reading the GRM from [/scratch/genevol/users/lucas/V3/grmGeuvadis.grm.bin].
GRM for 445 individuals are included from [/scratch/genevol/users/lucas/V3/grmGeuvadis.grm.bin].
Reading phenotypes from [/raid/genevol/users/lucas/heritability/02.GCTA/data/geneHLA-DPA1.txt].
Non-missing phenotypes of 445 individuals are included from [/raid/genevol/users/lucas/heritability/02.GCTA/data/geneHLA-DPA1.txt].
Reading discrete covariate(s) from [/raid/genevol/users/lucas/heritability/02.GCTA/data/envir0.txt].
3 discrete covariate(s) of 445 individuals are included from [/raid/genevol/users/lucas/heritability/02.GCTA/data/envir0.txt].

3 discrete variable(s) included as covariate(s).
445 individuals are in common in these files.

Performing  REML analysis ... (Note: may take hours depending on sample size).
445 observations, 12 fixed effect(s), and 2 variance component(s)(including residual variance).
Calculating prior values of variance components by EM-REML ...
Updated prior values: 13989.9 14276.1
logL: -2429.21
Running AI-REML algorithm ...
Iter.	logL	V(G)	V(e)	
1	-2425.04	1208.32556	23685.76000	
2	-2417.57	0.03159	24062.24655	(1 component(s) constrained)
3	-2416.78	0.03159	23583.34956	(1 component(s) constrained)
4	-2416.65	0.03159	22596.94224	(1 component(s) constrained)
5	-2416.66	0.03159	22636.47428	(1 component(s) constrained)
6	-2416.65	0.03159	22636.54357	(1 component(s) constrained)
7	-2416.65	0.03159	22636.54357	(1 component(s) constrained)
Log-likelihood ratio converged.

Calculating the logLikelihood for the reduced model ...
(variance component 1 is dropped from the model)
Calculating prior values of variance components by EM-REML ...
Updated prior values: 23332.00076
logL: -2426.17227
Running AI-REML algorithm ...
Iter.	logL	V(e)	
1	-2416.62	23258.98913	
2	-2416.61	23209.43320	
3	-2416.61	23102.72853	
4	-2416.60	23103.21684	
5	-2416.60	23103.21685	
Log-likelihood ratio converged.

Summary result of REML analysis:
Source	Variance	SE
V(G)	0.031587	3970.967075
V(e)	22636.543569	3966.472398
Vp	22636.575157	1553.755928
V(G)/Vp	0.000001	0.175423

Sampling variance/covariance of the estimates of variance components:
1.576858e+07	-1.454366e+07	
-1.454366e+07	1.573290e+07	
Estimatesof fixed effects:

Source	Estimate	SE
mean	718.859455	22.429354
X_2	11.850255	14.558266
X_3	-52.431086	28.174099
X_4	-83.422262	24.720930
X_5	-89.916926	28.636373
X_6	3.049581	24.949284
X_7	-139.533118	21.422803
X_8	-6.477678	28.597875
X_9	-146.771910	22.597567
X_10	-212.718676	22.878496
X_11	-160.148992	22.511706
X_12	-53.440796	22.731804

Summary result of REML analysis has been saved in the file [/raid/genevol/users/lucas/heritability/03.Heritability/Results/V3/HLA-DPA1/GeuvadisHLA-DPA10.hsq].

Analysis finished at 23:26:39 -03 on Wed Jun 09 2021
Overall computational time: 1.13 sec.
