*******************************************************************
* Genome-wide Complex Trait Analysis (GCTA)
* version 1.93.2 beta Linux
* (C) 2010-present, Jian Yang, The University of Queensland
* Please report bugs to Jian Yang <jian.yang.qt@gmail.com>
*******************************************************************
Analysis started at 23:26:39 -03 on Wed Jun 09 2021.
Hostname: darwin

Accepted options:
--reml
--reml-alg 0
--reml-maxit 1000
--grm /scratch/genevol/users/lucas/V3/grmNAfr
--pheno /raid/genevol/users/lucas/heritability/02.GCTA/data/geneNAfrHLA-DPA1.txt
--covar /raid/genevol/users/lucas/heritability/02.GCTA/data/envir0.txt
--reml-est-fix
--out /raid/genevol/users/lucas/heritability/03.Heritability/Results/V3/HLA-DPA1/NAfrHLA-DPA10

Note: This is a multi-thread program. You could specify the number of threads by the --thread-num option to speed up the computation if there are multiple processors in your machine.

Reading IDs of the GRM from [/scratch/genevol/users/lucas/V3/grmNAfr.grm.id].
358 IDs read from [/scratch/genevol/users/lucas/V3/grmNAfr.grm.id].
Reading the GRM from [/scratch/genevol/users/lucas/V3/grmNAfr.grm.bin].
GRM for 358 individuals are included from [/scratch/genevol/users/lucas/V3/grmNAfr.grm.bin].
Reading phenotypes from [/raid/genevol/users/lucas/heritability/02.GCTA/data/geneNAfrHLA-DPA1.txt].
Non-missing phenotypes of 358 individuals are included from [/raid/genevol/users/lucas/heritability/02.GCTA/data/geneNAfrHLA-DPA1.txt].
Reading discrete covariate(s) from [/raid/genevol/users/lucas/heritability/02.GCTA/data/envir0.txt].
3 discrete covariate(s) of 445 individuals are included from [/raid/genevol/users/lucas/heritability/02.GCTA/data/envir0.txt].

3 discrete variable(s) included as covariate(s).
358 individuals are in common in these files.

Performing  REML analysis ... (Note: may take hours depending on sample size).
358 observations, 11 fixed effect(s), and 2 variance component(s)(including residual variance).
Calculating prior values of variance components by EM-REML ...
Updated prior values: 14353.2 14353.8
logL: -1953.96
Running AI-REML algorithm ...
Iter.	logL	V(G)	V(e)	
1	-1949.16	6017.09557	20973.75040	
2	-1947.74	1966.15919	24031.84714	
3	-1947.18	0.03282	25383.47499	(1 component(s) constrained)
4	-1946.93	0.03282	24134.32939	(1 component(s) constrained)
5	-1946.75	0.03282	24192.77591	(1 component(s) constrained)
6	-1946.75	0.03282	24192.91779	(1 component(s) constrained)
7	-1946.75	0.03282	24192.91779	(1 component(s) constrained)
Log-likelihood ratio converged.

Calculating the logLikelihood for the reduced model ...
(variance component 1 is dropped from the model)
Calculating prior values of variance components by EM-REML ...
Updated prior values: 24485.17584
logL: -1954.00049
Running AI-REML algorithm ...
Iter.	logL	V(e)	
1	-1946.76	24400.76626	
2	-1946.75	24343.51912	
3	-1946.75	24220.31920	
4	-1946.74	24220.93954	
5	-1946.74	24220.93956	
Log-likelihood ratio converged.

Summary result of REML analysis:
Source	Variance	SE
V(G)	0.032821	27474.970124
V(e)	24192.917792	27345.095306
Vp	24192.950613	1845.609925
V(G)/Vp	0.000001	1.135660

Sampling variance/covariance of the estimates of variance components:
7.548740e+08	-7.496110e+08	
-7.496110e+08	7.477542e+08	
Estimatesof fixed effects:

Source	Estimate	SE
mean	719.452846	24.594451
X_2	10.056357	16.759435
X_3	-52.977472	32.015574
X_4	-79.104636	28.107121
X_5	-94.111974	33.117138
X_6	1.253512	28.907686
X_7	-140.248660	24.719974
X_8	1.200489	33.829158
X_9	-147.073099	23.409225
X_10	-212.975061	23.681067
X_11	-160.302675	23.293729

Summary result of REML analysis has been saved in the file [/raid/genevol/users/lucas/heritability/03.Heritability/Results/V3/HLA-DPA1/NAfrHLA-DPA10.hsq].

Analysis finished at 23:26:40 -03 on Wed Jun 09 2021
Overall computational time: 0.95 sec.
