*******************************************************************
* Genome-wide Complex Trait Analysis (GCTA)
* version 1.93.2 beta Linux
* (C) 2010-present, Jian Yang, The University of Queensland
* Please report bugs to Jian Yang <jian.yang.qt@gmail.com>
*******************************************************************
Analysis started at 23:27:55 -03 on Wed Jun 09 2021.
Hostname: darwin

Accepted options:
--reml
--reml-alg 0
--reml-maxit 1000
--grm /scratch/genevol/users/lucas/V3/grmFull
--pheno /raid/genevol/users/lucas/heritability/02.GCTA/data/geneHLA-DQB1.txt
--covar /raid/genevol/users/lucas/heritability/02.GCTA/data/envir2.txt
--reml-est-fix
--out /raid/genevol/users/lucas/heritability/03.Heritability/Results/V3/HLA-DQB1/FullHLA-DQB12

Note: This is a multi-thread program. You could specify the number of threads by the --thread-num option to speed up the computation if there are multiple processors in your machine.

Reading IDs of the GRM from [/scratch/genevol/users/lucas/V3/grmFull.grm.id].
2504 IDs read from [/scratch/genevol/users/lucas/V3/grmFull.grm.id].
Reading the GRM from [/scratch/genevol/users/lucas/V3/grmFull.grm.bin].
GRM for 2504 individuals are included from [/scratch/genevol/users/lucas/V3/grmFull.grm.bin].
Reading phenotypes from [/raid/genevol/users/lucas/heritability/02.GCTA/data/geneHLA-DQB1.txt].
Non-missing phenotypes of 445 individuals are included from [/raid/genevol/users/lucas/heritability/02.GCTA/data/geneHLA-DQB1.txt].
Reading discrete covariate(s) from [/raid/genevol/users/lucas/heritability/02.GCTA/data/envir2.txt].
1 discrete covariate(s) of 445 individuals are included from [/raid/genevol/users/lucas/heritability/02.GCTA/data/envir2.txt].

1 discrete variable(s) included as covariate(s).
445 individuals are in common in these files.

Performing  REML analysis ... (Note: may take hours depending on sample size).
445 observations, 7 fixed effect(s), and 2 variance component(s)(including residual variance).
Calculating prior values of variance components by EM-REML ...
Updated prior values:   16923 17546.1
logL: -2537.68
Running AI-REML algorithm ...
Iter.	logL	V(G)	V(e)	
1	-2533.50	17935.54921	14411.57467	
2	-2532.52	18793.16399	12165.75541	
3	-2532.10	21074.34652	6880.32713	
4	-2531.75	22199.76811	5462.37013	
5	-2531.75	22580.07147	4943.55334	
6	-2531.75	22707.32531	4769.73379	
7	-2531.75	22749.15959	4712.57915	
8	-2531.75	22762.83054	4693.90029	
9	-2531.75	22767.28935	4687.80799	
10	-2531.75	22768.74268	4685.82221	
11	-2531.75	22769.21628	4685.17509	
Log-likelihood ratio converged.

Calculating the logLikelihood for the reduced model ...
(variance component 1 is dropped from the model)
Calculating prior values of variance components by EM-REML ...
Updated prior values: 36358.12799
logL: -2533.20203
Running AI-REML algorithm ...
Iter.	logL	V(e)	
1	-2532.83	36347.17470	
2	-2532.83	36323.48327	
3	-2532.83	36323.49870	
Log-likelihood ratio converged.

Summary result of REML analysis:
Source	Variance	SE
V(G)	22769.216283	16850.922425
V(e)	4685.175093	22930.591435
Vp	27454.391376	6421.688969
V(G)/Vp	0.829347	0.796931

Sampling variance/covariance of the estimates of variance components:
2.839536e+08	-3.842638e+08	
-3.842638e+08	5.258120e+08	
Estimatesof fixed effects:

Source	Estimate	SE
mean	636.148713	29.483076
X_2	-53.239070	35.150715
X_3	-75.853559	30.860889
X_4	-78.593977	35.874648
X_5	-48.172240	31.197605
X_6	-124.598956	26.873868
X_7	35.686976	35.792837

Summary result of REML analysis has been saved in the file [/raid/genevol/users/lucas/heritability/03.Heritability/Results/V3/HLA-DQB1/FullHLA-DQB12.hsq].

Analysis finished at 23:27:56 -03 on Wed Jun 09 2021
Overall computational time: 1.52 sec.
