*******************************************************************
* Genome-wide Complex Trait Analysis (GCTA)
* version 1.93.2 beta Linux
* (C) 2010-present, Jian Yang, The University of Queensland
* Please report bugs to Jian Yang <jian.yang.qt@gmail.com>
*******************************************************************
Analysis started at 23:27:39 -03 on Wed Jun 09 2021.
Hostname: darwin

Accepted options:
--reml
--reml-alg 0
--reml-maxit 1000
--grm /scratch/genevol/users/lucas/V3/grmFull
--pheno /raid/genevol/users/lucas/heritability/02.GCTA/data/geneHLA-DQB1.txt
--covar /raid/genevol/users/lucas/heritability/02.GCTA/data/envir0.txt
--reml-est-fix
--out /raid/genevol/users/lucas/heritability/03.Heritability/Results/V3/HLA-DQB1/FullHLA-DQB10

Note: This is a multi-thread program. You could specify the number of threads by the --thread-num option to speed up the computation if there are multiple processors in your machine.

Reading IDs of the GRM from [/scratch/genevol/users/lucas/V3/grmFull.grm.id].
2504 IDs read from [/scratch/genevol/users/lucas/V3/grmFull.grm.id].
Reading the GRM from [/scratch/genevol/users/lucas/V3/grmFull.grm.bin].
GRM for 2504 individuals are included from [/scratch/genevol/users/lucas/V3/grmFull.grm.bin].
Reading phenotypes from [/raid/genevol/users/lucas/heritability/02.GCTA/data/geneHLA-DQB1.txt].
Non-missing phenotypes of 445 individuals are included from [/raid/genevol/users/lucas/heritability/02.GCTA/data/geneHLA-DQB1.txt].
Reading discrete covariate(s) from [/raid/genevol/users/lucas/heritability/02.GCTA/data/envir0.txt].
3 discrete covariate(s) of 445 individuals are included from [/raid/genevol/users/lucas/heritability/02.GCTA/data/envir0.txt].

3 discrete variable(s) included as covariate(s).
445 individuals are in common in these files.

Performing  REML analysis ... (Note: may take hours depending on sample size).
445 observations, 12 fixed effect(s), and 2 variance component(s)(including residual variance).
Calculating prior values of variance components by EM-REML ...
Updated prior values: 15753.4 16674.1
logL: -2493.45
Running AI-REML algorithm ...
Iter.	logL	V(G)	V(e)	
1	-2483.44	17513.32137	11341.30759	
2	-2480.58	18093.32760	8913.80286	
3	-2479.46	18313.57333	7620.33224	
4	-2478.99	18400.92159	6871.04168	
5	-2478.78	18506.46446	5427.82287	
6	-2478.61	18413.13325	5605.98826	
7	-2478.61	18421.22255	5595.07911	
8	-2478.61	18420.67746	5595.82073	
Log-likelihood ratio converged.

Calculating the logLikelihood for the reduced model ...
(variance component 1 is dropped from the model)
Calculating prior values of variance components by EM-REML ...
Updated prior values: 31099.11920
logL: -2484.42092
Running AI-REML algorithm ...
Iter.	logL	V(e)	
1	-2479.52	31033.65439	
2	-2479.52	30989.10824	
3	-2479.51	30893.02602	
4	-2479.51	30893.32300	
5	-2479.51	30893.32300	
Log-likelihood ratio converged.

Summary result of REML analysis:
Source	Variance	SE
V(G)	18420.677465	14546.122249
V(e)	5595.820734	19719.878189
Vp	24016.498199	5473.115413
V(G)/Vp	0.767001	0.770263

Sampling variance/covariance of the estimates of variance components:
2.115897e+08	-2.852541e+08	
-2.852541e+08	3.888736e+08	
Estimatesof fixed effects:

Source	Estimate	SE
mean	776.584959	44.873150
X_2	-35.060282	16.938931
X_3	-30.807351	32.757793
X_4	-68.996222	28.741167
X_5	-82.828944	33.398271
X_6	-50.292512	29.041145
X_7	-133.670620	24.962916
X_8	35.837892	33.260199
X_9	-151.842427	36.818618
X_10	-220.240520	26.857710
X_11	-157.450416	30.210124
X_12	-93.447309	91.653557

Summary result of REML analysis has been saved in the file [/raid/genevol/users/lucas/heritability/03.Heritability/Results/V3/HLA-DQB1/FullHLA-DQB10.hsq].

Analysis finished at 23:27:40 -03 on Wed Jun 09 2021
Overall computational time: 1.46 sec.
