*******************************************************************
* Genome-wide Complex Trait Analysis (GCTA)
* version 1.93.2 beta Linux
* (C) 2010-present, Jian Yang, The University of Queensland
* Please report bugs to Jian Yang <jian.yang.qt@gmail.com>
*******************************************************************
Analysis started at 23:27:40 -03 on Wed Jun 09 2021.
Hostname: darwin

Accepted options:
--reml
--reml-alg 0
--reml-maxit 1000
--grm /scratch/genevol/users/lucas/V3/grmGeuvadis
--pheno /raid/genevol/users/lucas/heritability/02.GCTA/data/geneHLA-DQB1.txt
--covar /raid/genevol/users/lucas/heritability/02.GCTA/data/envir0.txt
--reml-est-fix
--out /raid/genevol/users/lucas/heritability/03.Heritability/Results/V3/HLA-DQB1/GeuvadisHLA-DQB10

Note: This is a multi-thread program. You could specify the number of threads by the --thread-num option to speed up the computation if there are multiple processors in your machine.

Reading IDs of the GRM from [/scratch/genevol/users/lucas/V3/grmGeuvadis.grm.id].
445 IDs read from [/scratch/genevol/users/lucas/V3/grmGeuvadis.grm.id].
Reading the GRM from [/scratch/genevol/users/lucas/V3/grmGeuvadis.grm.bin].
GRM for 445 individuals are included from [/scratch/genevol/users/lucas/V3/grmGeuvadis.grm.bin].
Reading phenotypes from [/raid/genevol/users/lucas/heritability/02.GCTA/data/geneHLA-DQB1.txt].
Non-missing phenotypes of 445 individuals are included from [/raid/genevol/users/lucas/heritability/02.GCTA/data/geneHLA-DQB1.txt].
Reading discrete covariate(s) from [/raid/genevol/users/lucas/heritability/02.GCTA/data/envir0.txt].
3 discrete covariate(s) of 445 individuals are included from [/raid/genevol/users/lucas/heritability/02.GCTA/data/envir0.txt].

3 discrete variable(s) included as covariate(s).
445 individuals are in common in these files.

Performing  REML analysis ... (Note: may take hours depending on sample size).
445 observations, 12 fixed effect(s), and 2 variance component(s)(including residual variance).
Calculating prior values of variance components by EM-REML ...
Updated prior values: 17677.4 17753.7
logL: -2483.25
Running AI-REML algorithm ...
Iter.	logL	V(G)	V(e)	
1	-2480.90	12724.71459	20982.64574	
2	-2479.64	10252.33368	22519.68226	
3	-2479.17	8836.12431	23371.73983	
4	-2478.97	6083.49546	24992.15465	
5	-2478.82	6280.20564	24858.04366	
6	-2478.81	6284.66502	24854.12603	
7	-2478.81	6284.74060	24854.05581	
Log-likelihood ratio converged.

Calculating the logLikelihood for the reduced model ...
(variance component 1 is dropped from the model)
Calculating prior values of variance components by EM-REML ...
Updated prior values: 31099.11920
logL: -2484.42092
Running AI-REML algorithm ...
Iter.	logL	V(e)	
1	-2479.52	31033.65439	
2	-2479.52	30989.10824	
3	-2479.51	30893.02602	
4	-2479.51	30893.32300	
5	-2479.51	30893.32300	
Log-likelihood ratio converged.

Summary result of REML analysis:
Source	Variance	SE
V(G)	6284.740603	5756.801939
V(e)	24854.055811	5600.888138
Vp	31138.796414	2153.903496
V(G)/Vp	0.201830	0.181768

Sampling variance/covariance of the estimates of variance components:
3.314077e+07	-2.993571e+07	
-2.993571e+07	3.136995e+07	
Estimatesof fixed effects:

Source	Estimate	SE
mean	773.563705	27.841273
X_2	-34.825830	16.944495
X_3	-30.289479	32.739691
X_4	-68.801899	28.730098
X_5	-82.583553	33.364954
X_6	-50.157661	29.071848
X_7	-133.918370	24.950785
X_8	35.565027	33.410903
X_9	-147.955218	28.116637
X_10	-222.571637	26.283979
X_11	-155.128417	26.733407
X_12	-91.338198	58.270171

Summary result of REML analysis has been saved in the file [/raid/genevol/users/lucas/heritability/03.Heritability/Results/V3/HLA-DQB1/GeuvadisHLA-DQB10.hsq].

Analysis finished at 23:27:41 -03 on Wed Jun 09 2021
Overall computational time: 1.16 sec.
