*******************************************************************
* Genome-wide Complex Trait Analysis (GCTA)
* version 1.93.2 beta Linux
* (C) 2010-present, Jian Yang, The University of Queensland
* Please report bugs to Jian Yang <jian.yang.qt@gmail.com>
*******************************************************************
Analysis started at 23:27:41 -03 on Wed Jun 09 2021.
Hostname: darwin

Accepted options:
--reml
--reml-alg 0
--reml-maxit 1000
--grm /scratch/genevol/users/lucas/V3/grmNAfr
--pheno /raid/genevol/users/lucas/heritability/02.GCTA/data/geneNAfrHLA-DQB1.txt
--covar /raid/genevol/users/lucas/heritability/02.GCTA/data/envir0.txt
--reml-est-fix
--out /raid/genevol/users/lucas/heritability/03.Heritability/Results/V3/HLA-DQB1/NAfrHLA-DQB10

Note: This is a multi-thread program. You could specify the number of threads by the --thread-num option to speed up the computation if there are multiple processors in your machine.

Reading IDs of the GRM from [/scratch/genevol/users/lucas/V3/grmNAfr.grm.id].
358 IDs read from [/scratch/genevol/users/lucas/V3/grmNAfr.grm.id].
Reading the GRM from [/scratch/genevol/users/lucas/V3/grmNAfr.grm.bin].
GRM for 358 individuals are included from [/scratch/genevol/users/lucas/V3/grmNAfr.grm.bin].
Reading phenotypes from [/raid/genevol/users/lucas/heritability/02.GCTA/data/geneNAfrHLA-DQB1.txt].
Non-missing phenotypes of 358 individuals are included from [/raid/genevol/users/lucas/heritability/02.GCTA/data/geneNAfrHLA-DQB1.txt].
Reading discrete covariate(s) from [/raid/genevol/users/lucas/heritability/02.GCTA/data/envir0.txt].
3 discrete covariate(s) of 445 individuals are included from [/raid/genevol/users/lucas/heritability/02.GCTA/data/envir0.txt].

3 discrete variable(s) included as covariate(s).
358 individuals are in common in these files.

Performing  REML analysis ... (Note: may take hours depending on sample size).
358 observations, 11 fixed effect(s), and 2 variance component(s)(including residual variance).
Calculating prior values of variance components by EM-REML ...
Updated prior values: 17199.5 17107.5
logL: -1987.86
Running AI-REML algorithm ...
Iter.	logL	V(G)	V(e)	
1	-1984.42	32666.89252	0.03841	(1 component(s) constrained)
2	-1984.13	31777.62901	0.03841	(1 component(s) constrained)
3	-1981.25	29987.02665	0.03841	(1 component(s) constrained)
4	-1983.59	30016.76061	0.03841	(1 component(s) constrained)
5	-1981.67	30089.16144	0.03841	(1 component(s) constrained)
6	-1981.79	30084.43133	0.03841	(1 component(s) constrained)
7	-1982.23	30076.75497	0.03841	(1 component(s) constrained)
8	-1982.80	30078.73983	0.03841	(1 component(s) constrained)
9	-1981.58	30073.19972	0.03841	(1 component(s) constrained)
10	-1982.84	30075.36664	0.03841	(1 component(s) constrained)
11	-1982.99	30067.20685	0.03841	(1 component(s) constrained)
12	-1983.20	30076.51257	0.03841	(1 component(s) constrained)
13	-1981.30	30087.10652	0.03841	(1 component(s) constrained)
14	-1982.89	30080.05228	0.03841	(1 component(s) constrained)
15	-1982.56	30086.99090	0.03841	(1 component(s) constrained)
16	-1983.64	30075.89306	0.03841	(1 component(s) constrained)
17	-1982.83	30084.13752	0.03841	(1 component(s) constrained)
18	-1983.65	30076.38012	0.03841	(1 component(s) constrained)
19	-1982.41	30082.56939	0.03841	(1 component(s) constrained)
20	-1981.99	30079.63752	0.03841	(1 component(s) constrained)
21	-1982.98	30075.46276	0.03841	(1 component(s) constrained)
22	-1982.28	30073.66698	0.03841	(1 component(s) constrained)
23	-1980.87	30077.26631	0.03841	(1 component(s) constrained)
24	-1982.04	30078.12302	0.03841	(1 component(s) constrained)
25	-1982.14	30074.99242	0.03841	(1 component(s) constrained)
26	-1982.42	30080.47966	0.03841	(1 component(s) constrained)
27	-1981.77	30086.63145	0.03841	(1 component(s) constrained)
28	-1982.65	30075.04921	0.03841	(1 component(s) constrained)
29	-1982.55	30072.46777	0.03841	(1 component(s) constrained)
30	-1980.99	30078.15565	0.03841	(1 component(s) constrained)
31	-1984.02	30075.18682	0.03841	(1 component(s) constrained)
32	-1983.22	30085.57398	0.03841	(1 component(s) constrained)
33	-1981.24	30079.07102	0.03841	(1 component(s) constrained)
34	-1981.07	30078.11995	0.03841	(1 component(s) constrained)
35	-1980.73	30079.22178	0.03841	(1 component(s) constrained)
36	-1982.92	30068.92104	0.03841	(1 component(s) constrained)
37	-1982.17	30066.42019	0.03841	(1 component(s) constrained)
38	-1982.67	30074.40082	0.03841	(1 component(s) constrained)
39	-1983.87	30072.74362	0.03841	(1 component(s) constrained)
40	-1982.48	30072.05739	0.03841	(1 component(s) constrained)
41	-1982.33	30071.56202	0.03841	(1 component(s) constrained)
42	-1983.23	30084.97744	0.03841	(1 component(s) constrained)
43	-1982.16	30093.45263	0.03841	(1 component(s) constrained)
44	-1981.30	30091.06809	0.03841	(1 component(s) constrained)
45	-1980.80	30064.41649	0.03841	(1 component(s) constrained)
46	-1983.75	30088.98414	0.03841	(1 component(s) constrained)
47	-1982.66	30085.51964	0.03841	(1 component(s) constrained)
48	-1982.71	30082.65536	0.03841	(1 component(s) constrained)
49	-1980.36	30077.28714	0.03841	(1 component(s) constrained)
50	-1981.39	30078.15248	0.03841	(1 component(s) constrained)
51	-1982.25	30063.83538	0.03841	(1 component(s) constrained)
52	-1983.60	30070.84258	0.03841	(1 component(s) constrained)
53	-1981.74	30082.98838	0.03841	(1 component(s) constrained)
54	-1981.81	30079.71579	0.03841	(1 component(s) constrained)
55	-1983.10	30079.28480	0.03841	(1 component(s) constrained)
56	-1983.63	30072.74638	0.03841	(1 component(s) constrained)
57	-1983.14	30084.96552	0.03841	(1 component(s) constrained)
58	-1983.01	30074.52473	0.03841	(1 component(s) constrained)
59	-1983.86	30078.98421	0.03841	(1 component(s) constrained)
60	-1984.40	30078.93974	0.03841	(1 component(s) constrained)
61	-1982.16	30070.27403	0.03841	(1 component(s) constrained)
62	-1982.70	30072.60346	0.03841	(1 component(s) constrained)
63	-1981.76	30074.80486	0.03841	(1 component(s) constrained)
64	-1981.86	30066.58279	0.03841	(1 component(s) constrained)
65	-1981.72	30072.09406	0.03841	(1 component(s) constrained)
66	-1982.77	30075.40461	0.03841	(1 component(s) constrained)
67	-1980.47	30066.54560	0.03841	(1 component(s) constrained)
68	-1981.70	30068.11547	0.03841	(1 component(s) constrained)
69	-1981.66	30073.83850	0.03841	(1 component(s) constrained)
70	-1982.47	30074.66450	0.03841	(1 component(s) constrained)
71	-1980.72	30065.81576	0.03841	(1 component(s) constrained)
72	-1981.82	30074.22485	0.03841	(1 component(s) constrained)
73	-1983.71	30075.68608	0.03841	(1 component(s) constrained)
74	-1983.72	30061.09470	0.03841	(1 component(s) constrained)
75	-1982.28	30080.27360	0.03841	(1 component(s) constrained)
76	-1982.06	30078.00138	0.03841	(1 component(s) constrained)
77	-1980.23	30069.18963	0.03841	(1 component(s) constrained)
78	-1983.77	30071.76823	0.03841	(1 component(s) constrained)
79	-1981.34	30072.01674	0.03841	(1 component(s) constrained)
80	-1981.48	30071.94999	0.03841	(1 component(s) constrained)
81	-1981.55	30073.29785	0.03841	(1 component(s) constrained)
82	-1982.47	30070.93504	0.03841	(1 component(s) constrained)
83	-1981.22	30068.66329	0.03841	(1 component(s) constrained)
84	-1981.18	30069.52922	0.03841	(1 component(s) constrained)
85	-1983.90	30082.13263	0.03841	(1 component(s) constrained)
86	-1983.31	30083.93726	0.03841	(1 component(s) constrained)
87	-1983.79	30069.07723	0.03841	(1 component(s) constrained)
88	-1983.01	30081.16457	0.03841	(1 component(s) constrained)
89	-1981.50	30077.82308	0.03841	(1 component(s) constrained)
90	-1981.59	30075.92821	0.03841	(1 component(s) constrained)
91	-1983.55	30074.60217	0.03841	(1 component(s) constrained)
92	-1981.28	30068.45717	0.03841	(1 component(s) constrained)
93	-1983.59	30069.37408	0.03841	(1 component(s) constrained)
94	-1981.39	30071.49537	0.03841	(1 component(s) constrained)
95	-1981.97	30070.24850	0.03841	(1 component(s) constrained)
96	-1983.81	30087.82059	0.03841	(1 component(s) constrained)
97	-1982.30	30078.99553	0.03841	(1 component(s) constrained)
98	-1981.20	30073.70240	0.03841	(1 component(s) constrained)
99	-1982.40	30074.36285	0.03841	(1 component(s) constrained)
100	-1980.96	30076.63512	0.03841	(1 component(s) constrained)
101	-1981.03	30075.44062	0.03841	(1 component(s) constrained)
102	-1982.78	30073.85241	0.03841	(1 component(s) constrained)
103	-1982.90	30076.75004	0.03841	(1 component(s) constrained)
104	-1981.36	30079.47757	0.03841	(1 component(s) constrained)
105	-1982.50	30078.95987	0.03841	(1 component(s) constrained)
106	-1981.42	30079.96893	0.03841	(1 component(s) constrained)
107	-1980.20	30079.51420	0.03841	(1 component(s) constrained)
108	-1979.94	30079.78742	0.03841	(1 component(s) constrained)
109	-1980.49	30081.40769	0.03841	(1 component(s) constrained)
110	-1982.27	30079.99544	0.03841	(1 component(s) constrained)
111	-1982.83	30071.38801	0.03841	(1 component(s) constrained)
112	-1981.27	30075.54622	0.03841	(1 component(s) constrained)
113	-1982.55	30072.06811	0.03841	(1 component(s) constrained)
114	-1980.87	30078.36361	0.03841	(1 component(s) constrained)
115	-1983.78	30073.39935	0.03841	(1 component(s) constrained)
116	-1983.90	30063.48657	0.03841	(1 component(s) constrained)
117	-1982.76	30074.02819	0.03841	(1 component(s) constrained)
118	-1982.53	30074.69669	0.03841	(1 component(s) constrained)
119	-1980.69	30087.82047	0.03841	(1 component(s) constrained)
120	-1984.47	30083.43860	0.03841	(1 component(s) constrained)
121	-1982.03	30080.78130	0.03841	(1 component(s) constrained)
122	-1980.15	30080.07155	0.03841	(1 component(s) constrained)
123	-1982.14	30079.75906	0.03841	(1 component(s) constrained)
124	-1982.98	30072.34394	0.03841	(1 component(s) constrained)
125	-1981.75	30084.83127	0.03841	(1 component(s) constrained)
126	-1983.42	30082.78868	0.03841	(1 component(s) constrained)
127	-1982.79	30082.17447	0.03841	(1 component(s) constrained)
128	-1981.73	30074.13581	0.03841	(1 component(s) constrained)
129	-1981.56	30078.42792	0.03841	(1 component(s) constrained)
130	-1983.35	30085.47621	0.03841	(1 component(s) constrained)
131	-1982.23	30078.48780	0.03841	(1 component(s) constrained)
132	-1983.05	30077.02753	0.03841	(1 component(s) constrained)
133	-1981.37	30082.27937	0.03841	(1 component(s) constrained)
134	-1981.22	30084.10864	0.03841	(1 component(s) constrained)
135	-1981.61	30076.78832	0.03841	(1 component(s) constrained)
136	-1981.65	30086.82864	0.03841	(1 component(s) constrained)
137	-1981.71	30083.20860	0.03841	(1 component(s) constrained)
138	-1981.72	30070.11648	0.03841	(1 component(s) constrained)
139	-1984.44	30070.99604	0.03841	(1 component(s) constrained)
140	-1982.56	30070.14108	0.03841	(1 component(s) constrained)
141	-1983.41	30076.24476	0.03841	(1 component(s) constrained)
142	-1982.49	30071.59564	0.03841	(1 component(s) constrained)
143	-1979.92	30068.87393	0.03841	(1 component(s) constrained)
144	-1981.70	30073.80797	0.03841	(1 component(s) constrained)
145	-1983.54	30070.44562	0.03841	(1 component(s) constrained)
146	-1982.19	30077.00809	0.03841	(1 component(s) constrained)
147	-1983.41	30075.44957	0.03841	(1 component(s) constrained)
148	-1982.27	30077.51677	0.03841	(1 component(s) constrained)
149	-1981.33	30076.92953	0.03841	(1 component(s) constrained)
150	-1981.65	30074.53496	0.03841	(1 component(s) constrained)
151	-1980.92	30074.72856	0.03841	(1 component(s) constrained)
152	-1982.59	30070.68825	0.03841	(1 component(s) constrained)
153	-1982.73	30075.11269	0.03841	(1 component(s) constrained)
154	-1983.03	30075.66315	0.03841	(1 component(s) constrained)
155	-1981.82	30068.63511	0.03841	(1 component(s) constrained)
156	-1981.16	30073.69960	0.03841	(1 component(s) constrained)
157	-1982.25	30072.25342	0.03841	(1 component(s) constrained)
158	-1982.43	30076.58776	0.03841	(1 component(s) constrained)
159	-1981.65	30072.96203	0.03841	(1 component(s) constrained)
160	-1981.78	30068.97809	0.03841	(1 component(s) constrained)
161	-1981.95	30087.50724	0.03841	(1 component(s) constrained)
162	-1980.14	30074.23480	0.03841	(1 component(s) constrained)
163	-1982.31	30076.69415	0.03841	(1 component(s) constrained)
164	-1981.58	30080.12961	0.03841	(1 component(s) constrained)
165	-1981.57	30065.06252	0.03841	(1 component(s) constrained)
166	-1984.10	30089.54957	0.03841	(1 component(s) constrained)
167	-1981.73	30078.86683	0.03841	(1 component(s) constrained)
168	-1981.99	30079.08762	0.03841	(1 component(s) constrained)
169	-1983.38	30070.66608	0.03841	(1 component(s) constrained)
170	-1982.58	30075.56958	0.03841	(1 component(s) constrained)
171	-1981.52	30078.25006	0.03841	(1 component(s) constrained)
172	-1981.43	30078.09265	0.03841	(1 component(s) constrained)
173	-1983.04	30080.18113	0.03841	(1 component(s) constrained)
174	-1983.23	30074.00619	0.03841	(1 component(s) constrained)
175	-1981.02	30074.51351	0.03841	(1 component(s) constrained)
176	-1982.29	30077.27147	0.03841	(1 component(s) constrained)
177	-1983.82	30082.35679	0.03841	(1 component(s) constrained)
178	-1982.13	30080.78485	0.03841	(1 component(s) constrained)
179	-1982.86	30082.04528	0.03841	(1 component(s) constrained)
180	-1982.78	30078.63980	0.03841	(1 component(s) constrained)
181	-1983.09	30076.57738	0.03841	(1 component(s) constrained)
182	-1980.29	30079.58768	0.03841	(1 component(s) constrained)
183	-1982.66	30078.86515	0.03841	(1 component(s) constrained)
184	-1981.73	30093.34828	0.03841	(1 component(s) constrained)
185	-1981.86	30086.03322	0.03841	(1 component(s) constrained)
186	-1979.36	30079.27169	0.03841	(1 component(s) constrained)
187	-1981.87	30079.33549	0.03841	(1 component(s) constrained)
188	-1982.83	30073.07717	0.03841	(1 component(s) constrained)
189	-1982.62	30073.41152	0.03841	(1 component(s) constrained)
190	-1983.17	30077.87890	0.03841	(1 component(s) constrained)
191	-1982.42	30078.66414	0.03841	(1 component(s) constrained)
192	-1983.07	30077.29609	0.03841	(1 component(s) constrained)
193	-1981.36	30084.02806	0.03841	(1 component(s) constrained)
194	-1981.77	30082.85636	0.03841	(1 component(s) constrained)
195	-1981.51	30088.78195	0.03841	(1 component(s) constrained)
196	-1982.19	30081.33917	0.03841	(1 component(s) constrained)
197	-1981.15	30077.89089	0.03841	(1 component(s) constrained)
198	-1981.91	30082.24723	0.03841	(1 component(s) constrained)
199	-1981.31	30080.66598	0.03841	(1 component(s) constrained)
200	-1983.15	30076.73184	0.03841	(1 component(s) constrained)
201	-1982.17	30084.98005	0.03841	(1 component(s) constrained)
202	-1983.19	30077.63658	0.03841	(1 component(s) constrained)
203	-1983.07	30076.50393	0.03841	(1 component(s) constrained)
204	-1982.71	30067.55492	0.03841	(1 component(s) constrained)
205	-1982.83	30073.55887	0.03841	(1 component(s) constrained)
206	-1982.85	30082.78480	0.03841	(1 component(s) constrained)
207	-1981.32	30073.66973	0.03841	(1 component(s) constrained)
208	-1980.72	30076.41683	0.03841	(1 component(s) constrained)
209	-1984.32	30074.76078	0.03841	(1 component(s) constrained)
210	-1979.89	30083.94911	0.03841	(1 component(s) constrained)
211	-1982.39	30083.04709	0.03841	(1 component(s) constrained)
212	-1982.29	30082.33958	0.03841	(1 component(s) constrained)
213	-1981.77	30071.02842	0.03841	(1 component(s) constrained)
214	-1981.86	30074.09012	0.03841	(1 component(s) constrained)
215	-1980.37	30079.72468	0.03841	(1 component(s) constrained)
216	-1983.31	30078.59359	0.03841	(1 component(s) constrained)
217	-1981.10	30093.21591	0.03841	(1 component(s) constrained)
218	-1980.99	30087.23881	0.03841	(1 component(s) constrained)
219	-1982.14	30078.13435	0.03841	(1 component(s) constrained)
220	-1982.83	30070.61883	0.03841	(1 component(s) constrained)
221	-1983.42	30071.06672	0.03841	(1 component(s) constrained)
222	-1981.12	30074.28573	0.03841	(1 component(s) constrained)
223	-1982.09	30072.41163	0.03841	(1 component(s) constrained)
224	-1981.39	30080.55311	0.03841	(1 component(s) constrained)
225	-1982.82	30076.94547	0.03841	(1 component(s) constrained)
226	-1980.57	30074.77607	0.03841	(1 component(s) constrained)
227	-1982.10	30075.68466	0.03841	(1 component(s) constrained)
228	-1982.47	30069.01917	0.03841	(1 component(s) constrained)
229	-1983.18	30073.11842	0.03841	(1 component(s) constrained)
230	-1982.32	30084.19471	0.03841	(1 component(s) constrained)
231	-1982.14	30075.47084	0.03841	(1 component(s) constrained)
232	-1980.35	30076.97433	0.03841	(1 component(s) constrained)
233	-1982.13	30075.06138	0.03841	(1 component(s) constrained)
234	-1982.50	30073.80561	0.03841	(1 component(s) constrained)
235	-1981.17	30075.41841	0.03841	(1 component(s) constrained)
236	-1980.75	30077.93692	0.03841	(1 component(s) constrained)
237	-1981.44	30070.49660	0.03841	(1 component(s) constrained)
238	-1982.67	30075.89369	0.03841	(1 component(s) constrained)
239	-1983.00	30070.97295	0.03841	(1 component(s) constrained)
240	-1981.43	30079.91462	0.03841	(1 component(s) constrained)
241	-1983.53	30080.57843	0.03841	(1 component(s) constrained)
242	-1981.46	30067.90221	0.03841	(1 component(s) constrained)
243	-1982.08	30072.47705	0.03841	(1 component(s) constrained)
244	-1982.36	30090.45572	0.03841	(1 component(s) constrained)
245	-1981.72	30076.89702	0.03841	(1 component(s) constrained)
246	-1981.14	30071.01059	0.03841	(1 component(s) constrained)
247	-1981.71	30077.75273	0.03841	(1 component(s) constrained)
248	-1982.41	30079.38300	0.03841	(1 component(s) constrained)
249	-1982.66	30088.48986	0.03841	(1 component(s) constrained)
250	-1982.28	30086.81554	0.03841	(1 component(s) constrained)
251	-1982.83	30081.43499	0.03841	(1 component(s) constrained)
252	-1982.24	30086.61168	0.03841	(1 component(s) constrained)
253	-1982.48	30078.31764	0.03841	(1 component(s) constrained)
254	-1983.47	30073.44511	0.03841	(1 component(s) constrained)
255	-1982.04	30068.51524	0.03841	(1 component(s) constrained)
256	-1982.21	30073.95919	0.03841	(1 component(s) constrained)
257	-1980.60	30071.10608	0.03841	(1 component(s) constrained)
258	-1981.88	30071.03652	0.03841	(1 component(s) constrained)
259	-1982.95	30075.92715	0.03841	(1 component(s) constrained)
260	-1981.69	30071.28410	0.03841	(1 component(s) constrained)
261	-1981.92	30074.41800	0.03841	(1 component(s) constrained)
262	-1981.77	30068.25776	0.03841	(1 component(s) constrained)
263	-1980.35	30073.66506	0.03841	(1 component(s) constrained)
264	-1982.37	30075.42510	0.03841	(1 component(s) constrained)
265	-1983.06	30073.31893	0.03841	(1 component(s) constrained)
266	-1983.01	30073.26322	0.03841	(1 component(s) constrained)
267	-1983.39	30077.09272	0.03841	(1 component(s) constrained)
268	-1982.59	30066.76948	0.03841	(1 component(s) constrained)
269	-1980.26	30068.56012	0.03841	(1 component(s) constrained)
270	-1981.99	30068.06330	0.03841	(1 component(s) constrained)
271	-1983.17	30081.39638	0.03841	(1 component(s) constrained)
272	-1983.13	30075.25472	0.03841	(1 component(s) constrained)
273	-1979.97	30069.49581	0.03841	(1 component(s) constrained)
274	-1982.51	30070.41509	0.03841	(1 component(s) constrained)
275	-1980.67	30069.83069	0.03841	(1 component(s) constrained)
276	-1979.98	30071.85235	0.03841	(1 component(s) constrained)
277	-1983.38	30087.65917	0.03841	(1 component(s) constrained)
278	-1983.41	30076.58048	0.03841	(1 component(s) constrained)
279	-1981.78	30072.47153	0.03841	(1 component(s) constrained)
280	-1983.01	30073.15247	0.03841	(1 component(s) constrained)
281	-1981.24	30066.64319	0.03841	(1 component(s) constrained)
282	-1980.22	30067.43188	0.03841	(1 component(s) constrained)
283	-1981.20	30070.65519	0.03841	(1 component(s) constrained)
284	-1984.12	30065.53204	0.03841	(1 component(s) constrained)
285	-1983.24	30092.07525	0.03841	(1 component(s) constrained)
286	-1979.88	30080.61783	0.03841	(1 component(s) constrained)
287	-1982.07	30079.29584	0.03841	(1 component(s) constrained)
288	-1981.54	30089.88207	0.03841	(1 component(s) constrained)
289	-1983.83	30072.82165	0.03841	(1 component(s) constrained)
290	-1982.96	30063.08596	0.03841	(1 component(s) constrained)
291	-1981.67	30075.72240	0.03841	(1 component(s) constrained)
292	-1982.16	30076.83412	0.03841	(1 component(s) constrained)
293	-1983.10	30074.95411	0.03841	(1 component(s) constrained)
294	-1981.79	30075.02978	0.03841	(1 component(s) constrained)
295	-1982.34	30074.57762	0.03841	(1 component(s) constrained)
296	-1982.79	30067.64674	0.03841	(1 component(s) constrained)
297	-1981.33	30072.52551	0.03841	(1 component(s) constrained)
298	-1981.96	30072.85480	0.03841	(1 component(s) constrained)
299	-1982.37	30079.05002	0.03841	(1 component(s) constrained)
300	-1982.18	30093.16825	0.03841	(1 component(s) constrained)
301	-1982.52	30072.63020	0.03841	(1 component(s) constrained)
302	-1982.44	30074.93024	0.03841	(1 component(s) constrained)
303	-1982.01	30074.64201	0.03841	(1 component(s) constrained)
304	-1981.99	30077.22155	0.03841	(1 component(s) constrained)
305	-1981.33	30096.07750	0.03841	(1 component(s) constrained)
306	-1981.34	30077.55675	0.03841	(1 component(s) constrained)
307	-1982.79	30076.15824	0.03841	(1 component(s) constrained)
308	-1981.22	30068.75964	0.03841	(1 component(s) constrained)
309	-1982.84	30070.08567	0.03841	(1 component(s) constrained)
310	-1981.46	30074.05456	0.03841	(1 component(s) constrained)
311	-1981.24	30074.44853	0.03841	(1 component(s) constrained)
312	-1984.47	30085.19899	0.03841	(1 component(s) constrained)
313	-1982.00	30079.20940	0.03841	(1 component(s) constrained)
314	-1982.10	30077.92371	0.03841	(1 component(s) constrained)
315	-1983.12	30078.80183	0.03841	(1 component(s) constrained)
316	-1981.61	30077.88377	0.03841	(1 component(s) constrained)
317	-1982.10	30077.37100	0.03841	(1 component(s) constrained)
318	-1981.24	30068.51842	0.03841	(1 component(s) constrained)
319	-1982.08	30070.18469	0.03841	(1 component(s) constrained)
320	-1981.32	30066.31561	0.03841	(1 component(s) constrained)
321	-1981.27	30074.83533	0.03841	(1 component(s) constrained)
322	-1982.20	30076.18561	0.03841	(1 component(s) constrained)
323	-1981.24	30085.42312	0.03841	(1 component(s) constrained)
324	-1981.71	30079.31358	0.03841	(1 component(s) constrained)
325	-1980.39	30064.85995	0.03841	(1 component(s) constrained)
326	-1981.19	30068.84601	0.03841	(1 component(s) constrained)
327	-1982.52	30079.37266	0.03841	(1 component(s) constrained)
328	-1981.08	30078.76042	0.03841	(1 component(s) constrained)
329	-1982.41	30080.53778	0.03841	(1 component(s) constrained)
330	-1980.76	30084.89082	0.03841	(1 component(s) constrained)
331	-1981.22	30077.53931	0.03841	(1 component(s) constrained)
332	-1983.25	30078.80918	0.03841	(1 component(s) constrained)
333	-1981.15	30069.09429	0.03841	(1 component(s) constrained)
334	-1982.38	30070.77238	0.03841	(1 component(s) constrained)
335	-1982.10	30077.39276	0.03841	(1 component(s) constrained)
336	-1981.87	30078.70830	0.03841	(1 component(s) constrained)
337	-1982.21	30063.04543	0.03841	(1 component(s) constrained)
338	-1982.01	30078.67639	0.03841	(1 component(s) constrained)
339	-1983.53	30072.44048	0.03841	(1 component(s) constrained)
340	-1984.50	30073.32930	0.03841	(1 component(s) constrained)
341	-1981.84	30066.76769	0.03841	(1 component(s) constrained)
342	-1982.92	30071.67835	0.03841	(1 component(s) constrained)
343	-1981.69	30089.63672	0.03841	(1 component(s) constrained)
344	-1982.78	30088.10125	0.03841	(1 component(s) constrained)
345	-1982.66	30071.86862	0.03841	(1 component(s) constrained)
346	-1980.44	30080.62975	0.03841	(1 component(s) constrained)
347	-1983.88	30079.46536	0.03841	(1 component(s) constrained)
348	-1981.74	30071.19966	0.03841	(1 component(s) constrained)
349	-1981.51	30074.38900	0.03841	(1 component(s) constrained)
350	-1982.80	30070.24382	0.03841	(1 component(s) constrained)
351	-1980.56	30058.62670	0.03841	(1 component(s) constrained)
352	-1981.51	30061.45840	0.03841	(1 component(s) constrained)
353	-1981.36	30083.09619	0.03841	(1 component(s) constrained)
354	-1981.89	30075.04531	0.03841	(1 component(s) constrained)
355	-1983.91	30076.43719	0.03841	(1 component(s) constrained)
356	-1983.02	30074.68118	0.03841	(1 component(s) constrained)
357	-1980.87	30064.84500	0.03841	(1 component(s) constrained)
358	-1981.16	30072.74577	0.03841	(1 component(s) constrained)
359	-1981.13	30070.52475	0.03841	(1 component(s) constrained)
360	-1981.32	30082.65017	0.03841	(1 component(s) constrained)
361	-1981.65	30071.74048	0.03841	(1 component(s) constrained)
362	-1981.59	30089.48423	0.03841	(1 component(s) constrained)
363	-1981.84	30079.20036	0.03841	(1 component(s) constrained)
364	-1982.90	30077.25445	0.03841	(1 component(s) constrained)
365	-1982.16	30074.00074	0.03841	(1 component(s) constrained)
366	-1981.78	30078.66479	0.03841	(1 component(s) constrained)
367	-1982.77	30075.59098	0.03841	(1 component(s) constrained)
368	-1981.60	30079.54721	0.03841	(1 component(s) constrained)
369	-1982.75	30075.25959	0.03841	(1 component(s) constrained)
370	-1982.01	30061.95251	0.03841	(1 component(s) constrained)
371	-1981.41	30077.49981	0.03841	(1 component(s) constrained)
372	-1982.71	30087.35194	0.03841	(1 component(s) constrained)
373	-1981.20	30071.18339	0.03841	(1 component(s) constrained)
374	-1982.90	30070.76033	0.03841	(1 component(s) constrained)
375	-1981.90	30075.16302	0.03841	(1 component(s) constrained)
376	-1981.52	30075.19354	0.03841	(1 component(s) constrained)
377	-1983.64	30085.84462	0.03841	(1 component(s) constrained)
378	-1982.59	30072.31332	0.03841	(1 component(s) constrained)
379	-1980.70	30073.77538	0.03841	(1 component(s) constrained)
380	-1983.10	30077.19058	0.03841	(1 component(s) constrained)
381	-1980.96	30061.28650	0.03841	(1 component(s) constrained)
382	-1981.99	30067.72348	0.03841	(1 component(s) constrained)
383	-1982.62	30072.01121	0.03841	(1 component(s) constrained)
384	-1981.62	30071.48042	0.03841	(1 component(s) constrained)
385	-1982.21	30064.01488	0.03841	(1 component(s) constrained)
386	-1983.17	30072.19067	0.03841	(1 component(s) constrained)
387	-1981.22	30075.98430	0.03841	(1 component(s) constrained)
388	-1982.02	30072.22086	0.03841	(1 component(s) constrained)
389	-1983.83	30067.60937	0.03841	(1 component(s) constrained)
390	-1982.83	30076.48634	0.03841	(1 component(s) constrained)
391	-1982.14	30070.28695	0.03841	(1 component(s) constrained)
392	-1981.83	30079.81687	0.03841	(1 component(s) constrained)
393	-1980.95	30070.91520	0.03841	(1 component(s) constrained)
394	-1981.97	30082.18736	0.03841	(1 component(s) constrained)
395	-1982.29	30075.00931	0.03841	(1 component(s) constrained)
396	-1981.66	30063.28276	0.03841	(1 component(s) constrained)
397	-1982.50	30076.09021	0.03841	(1 component(s) constrained)
398	-1983.26	30082.69728	0.03841	(1 component(s) constrained)
399	-1983.26	30072.81894	0.03841	(1 component(s) constrained)
400	-1981.63	30076.67837	0.03841	(1 component(s) constrained)
401	-1982.33	30078.26059	0.03841	(1 component(s) constrained)
402	-1983.34	30081.67231	0.03841	(1 component(s) constrained)
403	-1982.38	30070.58094	0.03841	(1 component(s) constrained)
404	-1983.40	30081.53747	0.03841	(1 component(s) constrained)
405	-1984.08	30079.01723	0.03841	(1 component(s) constrained)
406	-1981.05	30065.63852	0.03841	(1 component(s) constrained)
407	-1982.38	30063.97450	0.03841	(1 component(s) constrained)
408	-1982.48	30087.58418	0.03841	(1 component(s) constrained)
409	-1981.51	30063.28326	0.03841	(1 component(s) constrained)
410	-1981.26	30063.65591	0.03841	(1 component(s) constrained)
411	-1983.04	30070.27320	0.03841	(1 component(s) constrained)
412	-1982.54	30083.32091	0.03841	(1 component(s) constrained)
413	-1981.20	30073.43754	0.03841	(1 component(s) constrained)
414	-1982.88	30072.88779	0.03841	(1 component(s) constrained)
415	-1981.70	30082.02137	0.03841	(1 component(s) constrained)
416	-1983.69	30082.00529	0.03841	(1 component(s) constrained)
417	-1980.17	30087.60526	0.03841	(1 component(s) constrained)
418	-1982.23	30086.22165	0.03841	(1 component(s) constrained)
419	-1980.30	30073.63262	0.03841	(1 component(s) constrained)
420	-1982.45	30076.92523	0.03841	(1 component(s) constrained)
421	-1983.73	30083.92079	0.03841	(1 component(s) constrained)
422	-1981.21	30090.80857	0.03841	(1 component(s) constrained)
423	-1982.04	30086.16077	0.03841	(1 component(s) constrained)
424	-1980.97	30067.31252	0.03841	(1 component(s) constrained)
425	-1982.56	30074.19972	0.03841	(1 component(s) constrained)
426	-1982.48	30090.47029	0.03841	(1 component(s) constrained)
427	-1981.02	30082.56724	0.03841	(1 component(s) constrained)
428	-1981.62	30077.09994	0.03841	(1 component(s) constrained)
429	-1981.40	30074.60857	0.03841	(1 component(s) constrained)
430	-1983.59	30082.93191	0.03841	(1 component(s) constrained)
431	-1981.60	30073.76684	0.03841	(1 component(s) constrained)
432	-1981.21	30075.32962	0.03841	(1 component(s) constrained)
433	-1980.81	30085.88821	0.03841	(1 component(s) constrained)
434	-1982.46	30072.15861	0.03841	(1 component(s) constrained)
435	-1982.29	30074.17889	0.03841	(1 component(s) constrained)
436	-1981.58	30079.31727	0.03841	(1 component(s) constrained)
437	-1983.75	30078.40990	0.03841	(1 component(s) constrained)
438	-1983.27	30074.88679	0.03841	(1 component(s) constrained)
439	-1982.93	30075.18735	0.03841	(1 component(s) constrained)
440	-1982.96	30079.92928	0.03841	(1 component(s) constrained)
441	-1981.85	30081.26354	0.03841	(1 component(s) constrained)
442	-1982.64	30077.19160	0.03841	(1 component(s) constrained)
443	-1981.29	30081.65291	0.03841	(1 component(s) constrained)
444	-1982.98	30077.23835	0.03841	(1 component(s) constrained)
445	-1983.06	30081.92206	0.03841	(1 component(s) constrained)
446	-1983.28	30079.56940	0.03841	(1 component(s) constrained)
447	-1980.82	30078.01828	0.03841	(1 component(s) constrained)
448	-1982.65	30075.61712	0.03841	(1 component(s) constrained)
449	-1983.10	30076.76998	0.03841	(1 component(s) constrained)
450	-1983.87	30086.31743	0.03841	(1 component(s) constrained)
451	-1983.02	30093.48325	0.03841	(1 component(s) constrained)
452	-1985.06	30067.51218	0.03841	(1 component(s) constrained)
453	-1981.18	30077.97781	0.03841	(1 component(s) constrained)
454	-1982.06	30079.73133	0.03841	(1 component(s) constrained)
455	-1984.73	30063.01034	0.03841	(1 component(s) constrained)
456	-1983.04	30080.20753	0.03841	(1 component(s) constrained)
457	-1982.32	30080.06219	0.03841	(1 component(s) constrained)
458	-1981.89	30075.71825	0.03841	(1 component(s) constrained)
459	-1981.61	30072.50803	0.03841	(1 component(s) constrained)
460	-1981.62	30073.86180	0.03841	(1 component(s) constrained)
461	-1982.15	30077.10296	0.03841	(1 component(s) constrained)
462	-1982.42	30077.06405	0.03841	(1 component(s) constrained)
463	-1981.61	30080.65758	0.03841	(1 component(s) constrained)
464	-1983.61	30070.65171	0.03841	(1 component(s) constrained)
465	-1982.48	30073.01027	0.03841	(1 component(s) constrained)
466	-1981.97	30072.70412	0.03841	(1 component(s) constrained)
467	-1982.48	30078.13302	0.03841	(1 component(s) constrained)
468	-1981.71	30076.26647	0.03841	(1 component(s) constrained)
469	-1980.94	30065.69547	0.03841	(1 component(s) constrained)
470	-1983.01	30070.77477	0.03841	(1 component(s) constrained)
471	-1982.18	30076.79981	0.03841	(1 component(s) constrained)
472	-1980.83	30083.31272	0.03841	(1 component(s) constrained)
473	-1980.77	30078.25463	0.03841	(1 component(s) constrained)
474	-1983.70	30071.69079	0.03841	(1 component(s) constrained)
475	-1980.59	30086.28364	0.03841	(1 component(s) constrained)
476	-1982.25	30080.39169	0.03841	(1 component(s) constrained)
477	-1982.06	30072.82801	0.03841	(1 component(s) constrained)
478	-1982.57	30076.36125	0.03841	(1 component(s) constrained)
479	-1981.89	30077.53030	0.03841	(1 component(s) constrained)
480	-1982.68	30072.76353	0.03841	(1 component(s) constrained)
481	-1981.56	30081.71525	0.03841	(1 component(s) constrained)
482	-1983.58	30080.28786	0.03841	(1 component(s) constrained)
483	-1982.25	30065.94997	0.03841	(1 component(s) constrained)
484	-1981.14	30069.95110	0.03841	(1 component(s) constrained)
485	-1983.59	30069.03708	0.03841	(1 component(s) constrained)
486	-1981.17	30080.72768	0.03841	(1 component(s) constrained)
487	-1981.24	30083.30858	0.03841	(1 component(s) constrained)
488	-1982.03	30078.08591	0.03841	(1 component(s) constrained)
489	-1983.35	30077.22663	0.03841	(1 component(s) constrained)
490	-1980.86	30077.88077	0.03841	(1 component(s) constrained)
491	-1982.33	30075.20894	0.03841	(1 component(s) constrained)
492	-1981.71	30078.99568	0.03841	(1 component(s) constrained)
493	-1981.64	30079.13821	0.03841	(1 component(s) constrained)
494	-1982.89	30096.32534	0.03841	(1 component(s) constrained)
495	-1981.44	30084.78924	0.03841	(1 component(s) constrained)
496	-1983.08	30081.49108	0.03841	(1 component(s) constrained)
497	-1982.28	30079.13401	0.03841	(1 component(s) constrained)
498	-1981.63	30068.70536	0.03841	(1 component(s) constrained)
499	-1982.38	30080.67194	0.03841	(1 component(s) constrained)
500	-1981.23	30078.28161	0.03841	(1 component(s) constrained)
501	-1981.57	30078.93226	0.03841	(1 component(s) constrained)
502	-1980.81	30074.93171	0.03841	(1 component(s) constrained)
503	-1980.72	30091.96917	0.03841	(1 component(s) constrained)
504	-1980.20	30072.05333	0.03841	(1 component(s) constrained)
505	-1981.41	30071.87040	0.03841	(1 component(s) constrained)
506	-1982.89	30077.21938	0.03841	(1 component(s) constrained)
507	-1982.46	30073.75519	0.03841	(1 component(s) constrained)
508	-1981.41	30087.65658	0.03841	(1 component(s) constrained)
509	-1982.10	30082.67840	0.03841	(1 component(s) constrained)
510	-1980.30	30073.99472	0.03841	(1 component(s) constrained)
511	-1981.81	30077.07039	0.03841	(1 component(s) constrained)
512	-1982.18	30070.77073	0.03841	(1 component(s) constrained)
513	-1981.26	30082.95333	0.03841	(1 component(s) constrained)
514	-1982.32	30071.20186	0.03841	(1 component(s) constrained)
515	-1982.79	30064.65301	0.03841	(1 component(s) constrained)
516	-1982.94	30078.23076	0.03841	(1 component(s) constrained)
517	-1983.41	30081.06931	0.03841	(1 component(s) constrained)
518	-1979.07	30073.91790	0.03841	(1 component(s) constrained)
519	-1981.89	30077.33745	0.03841	(1 component(s) constrained)
520	-1983.35	30081.60670	0.03841	(1 component(s) constrained)
521	-1981.46	30062.78496	0.03841	(1 component(s) constrained)
522	-1981.36	30070.32481	0.03841	(1 component(s) constrained)
523	-1982.73	30073.17762	0.03841	(1 component(s) constrained)
524	-1981.06	30074.80522	0.03841	(1 component(s) constrained)
525	-1983.43	30074.54486	0.03841	(1 component(s) constrained)
526	-1983.45	30081.22447	0.03841	(1 component(s) constrained)
527	-1982.19	30069.65656	0.03841	(1 component(s) constrained)
528	-1981.33	30071.17300	0.03841	(1 component(s) constrained)
529	-1982.03	30085.76374	0.03841	(1 component(s) constrained)
530	-1982.06	30077.68372	0.03841	(1 component(s) constrained)
531	-1982.24	30073.25849	0.03841	(1 component(s) constrained)
532	-1982.64	30081.75332	0.03841	(1 component(s) constrained)
533	-1981.35	30080.63558	0.03841	(1 component(s) constrained)
534	-1984.13	30080.27287	0.03841	(1 component(s) constrained)
535	-1981.59	30091.99315	0.03841	(1 component(s) constrained)
536	-1981.61	30089.71481	0.03841	(1 component(s) constrained)
537	-1983.63	30073.34557	0.03841	(1 component(s) constrained)
538	-1982.43	30076.32331	0.03841	(1 component(s) constrained)
539	-1982.44	30076.30542	0.03841	(1 component(s) constrained)
Log-likelihood ratio converged.

Calculating the logLikelihood for the reduced model ...
(variance component 1 is dropped from the model)
Calculating prior values of variance components by EM-REML ...
Updated prior values: 30259.00757
logL: -1988.76352
Running AI-REML algorithm ...
Iter.	logL	V(e)	
1	-1983.88	30176.61351	
2	-1983.88	30120.63317	
3	-1983.87	30000.01336	
4	-1983.87	30000.49446	
5	-1983.87	30000.49447	
Log-likelihood ratio converged.

Summary result of REML analysis:
Source	Variance	SE
V(G)	30076.305421	35434.907242
V(e)	0.038414	35280.468293
Vp	30076.343835	2289.920166
V(G)/Vp	0.999999	1.173030

Sampling variance/covariance of the estimates of variance components:
1.255633e+09	-1.247550e+09	
-1.247550e+09	1.244711e+09	
Estimatesof fixed effects:

Source	Estimate	SE
mean	769.495660	26.760124
X_2	-34.078346	18.594391
X_3	-35.519848	35.526220
X_4	-62.420367	31.215638
X_5	-63.268260	36.722484
X_6	-46.126413	32.058063
X_7	-132.427830	27.464425
X_8	45.937904	37.377876
X_9	-149.970801	36.458051
X_10	-220.668936	26.701533
X_11	-155.836416	31.520897

Summary result of REML analysis has been saved in the file [/raid/genevol/users/lucas/heritability/03.Heritability/Results/V3/HLA-DQB1/NAfrHLA-DQB10.hsq].

Analysis finished at 23:27:49 -03 on Wed Jun 09 2021
Overall computational time: 8.09 sec.
