*******************************************************************
* Genome-wide Complex Trait Analysis (GCTA)
* version 1.93.2 beta Linux
* (C) 2010-present, Jian Yang, The University of Queensland
* Please report bugs to Jian Yang <jian.yang.qt@gmail.com>
*******************************************************************
Analysis started at 23:20:19 -03 on Wed Jun 09 2021.
Hostname: darwin

Accepted options:
--reml
--reml-alg 0
--reml-maxit 1000
--grm /scratch/genevol/users/lucas/V1/grmGeuvadis
--pheno /raid/genevol/users/lucas/heritability/02.GCTA/data/geneHLA-DQA1.txt
--covar /raid/genevol/users/lucas/heritability/02.GCTA/data/envir0.txt
--reml-est-fix
--out /raid/genevol/users/lucas/heritability/03.Heritability/Results/V1/HLA-DQA1/GeuvadisHLA-DQA10

Note: This is a multi-thread program. You could specify the number of threads by the --thread-num option to speed up the computation if there are multiple processors in your machine.

Reading IDs of the GRM from [/scratch/genevol/users/lucas/V1/grmGeuvadis.grm.id].
445 IDs read from [/scratch/genevol/users/lucas/V1/grmGeuvadis.grm.id].
Reading the GRM from [/scratch/genevol/users/lucas/V1/grmGeuvadis.grm.bin].
GRM for 445 individuals are included from [/scratch/genevol/users/lucas/V1/grmGeuvadis.grm.bin].
Reading phenotypes from [/raid/genevol/users/lucas/heritability/02.GCTA/data/geneHLA-DQA1.txt].
Non-missing phenotypes of 445 individuals are included from [/raid/genevol/users/lucas/heritability/02.GCTA/data/geneHLA-DQA1.txt].
Reading discrete covariate(s) from [/raid/genevol/users/lucas/heritability/02.GCTA/data/envir0.txt].
3 discrete covariate(s) of 445 individuals are included from [/raid/genevol/users/lucas/heritability/02.GCTA/data/envir0.txt].

3 discrete variable(s) included as covariate(s).
445 individuals are in common in these files.

Performing  REML analysis ... (Note: may take hours depending on sample size).
445 observations, 12 fixed effect(s), and 2 variance component(s)(including residual variance).
Calculating prior values of variance components by EM-REML ...
Updated prior values: 23812.9 24056.6
logL: -2551.87
Running AI-REML algorithm ...
Iter.	logL	V(G)	V(e)	
1	-2549.92	15387.82750	30165.33777	
2	-2548.34	11403.71935	32980.13490	
3	-2547.78	9172.38543	34527.69814	
4	-2547.56	4891.89969	37458.43916	
5	-2547.39	5257.90525	37182.17897	
6	-2547.39	5262.69702	37178.14812	
7	-2547.39	5262.72041	37178.12580	
Log-likelihood ratio converged.

Calculating the logLikelihood for the reduced model ...
(variance component 1 is dropped from the model)
Calculating prior values of variance components by EM-REML ...
Updated prior values: 42571.14665
logL: -2551.67561
Running AI-REML algorithm ...
Iter.	logL	V(e)	
1	-2547.65	42491.12633	
2	-2547.65	42436.64544	
3	-2547.65	42319.09042	
4	-2547.65	42319.41516	
5	-2547.65	42319.41517	
Log-likelihood ratio converged.

Summary result of REML analysis:
Source	Variance	SE
V(G)	5262.720410	7691.370734
V(e)	37178.125795	7783.449443
Vp	42440.846205	2902.219546
V(G)/Vp	0.124001	0.180091

Sampling variance/covariance of the estimates of variance components:
5.915718e+07	-5.565820e+07	
-5.565820e+07	6.058209e+07	
Estimatesof fixed effects:

Source	Estimate	SE
mean	853.105826	31.529546
X_2	-6.219328	19.874389
X_3	-78.660023	38.427529
X_4	-65.538390	33.714927
X_5	-57.773524	39.125853
X_6	-74.562960	34.084887
X_7	-134.598775	29.260536
X_8	-56.118839	39.131211
X_9	-138.028452	32.265777
X_10	-241.919759	30.984208
X_11	-131.591227	31.043801
X_12	5.184826	51.571037

Summary result of REML analysis has been saved in the file [/raid/genevol/users/lucas/heritability/03.Heritability/Results/V1/HLA-DQA1/GeuvadisHLA-DQA10.hsq].

Analysis finished at 23:20:20 -03 on Wed Jun 09 2021
Overall computational time: 1.09 sec.
