*******************************************************************
* Genome-wide Complex Trait Analysis (GCTA)
* version 1.93.2 beta Linux
* (C) 2010-present, Jian Yang, The University of Queensland
* Please report bugs to Jian Yang <jian.yang.qt@gmail.com>
*******************************************************************
Analysis started at 23:20:20 -03 on Wed Jun 09 2021.
Hostname: darwin

Accepted options:
--reml
--reml-alg 0
--reml-maxit 1000
--grm /scratch/genevol/users/lucas/V1/grmNAfr
--pheno /raid/genevol/users/lucas/heritability/02.GCTA/data/geneNAfrHLA-DQA1.txt
--covar /raid/genevol/users/lucas/heritability/02.GCTA/data/envir0.txt
--reml-est-fix
--out /raid/genevol/users/lucas/heritability/03.Heritability/Results/V1/HLA-DQA1/NAfrHLA-DQA10

Note: This is a multi-thread program. You could specify the number of threads by the --thread-num option to speed up the computation if there are multiple processors in your machine.

Reading IDs of the GRM from [/scratch/genevol/users/lucas/V1/grmNAfr.grm.id].
358 IDs read from [/scratch/genevol/users/lucas/V1/grmNAfr.grm.id].
Reading the GRM from [/scratch/genevol/users/lucas/V1/grmNAfr.grm.bin].
GRM for 358 individuals are included from [/scratch/genevol/users/lucas/V1/grmNAfr.grm.bin].
Reading phenotypes from [/raid/genevol/users/lucas/heritability/02.GCTA/data/geneNAfrHLA-DQA1.txt].
Non-missing phenotypes of 358 individuals are included from [/raid/genevol/users/lucas/heritability/02.GCTA/data/geneNAfrHLA-DQA1.txt].
Reading discrete covariate(s) from [/raid/genevol/users/lucas/heritability/02.GCTA/data/envir0.txt].
3 discrete covariate(s) of 445 individuals are included from [/raid/genevol/users/lucas/heritability/02.GCTA/data/envir0.txt].

3 discrete variable(s) included as covariate(s).
358 individuals are in common in these files.

Performing  REML analysis ... (Note: may take hours depending on sample size).
358 observations, 11 fixed effect(s), and 2 variance component(s)(including residual variance).
Calculating prior values of variance components by EM-REML ...
Updated prior values: 22701.9   22662
logL: -2041.57
Running AI-REML algorithm ...
Iter.	logL	V(G)	V(e)	
1	-2039.77	36294.21372	7624.09888	
2	-2039.19	43033.08717	0.04923	(1 component(s) constrained)
3	-2038.52	41225.18132	0.04923	(1 component(s) constrained)
4	-2038.64	41314.28297	0.04923	(1 component(s) constrained)
5	-2039.98	41325.94550	0.04923	(1 component(s) constrained)
6	-2039.13	41306.89469	0.04923	(1 component(s) constrained)
7	-2039.05	41311.26882	0.04923	(1 component(s) constrained)
8	-2038.87	41301.21506	0.04923	(1 component(s) constrained)
9	-2038.51	41312.41839	0.04923	(1 component(s) constrained)
10	-2036.96	41319.87745	0.04923	(1 component(s) constrained)
11	-2037.99	41320.72022	0.04923	(1 component(s) constrained)
12	-2038.61	41306.26154	0.04923	(1 component(s) constrained)
13	-2037.85	41323.44423	0.04923	(1 component(s) constrained)
14	-2038.29	41315.99476	0.04923	(1 component(s) constrained)
15	-2036.71	41306.58085	0.04923	(1 component(s) constrained)
16	-2038.19	41308.17586	0.04923	(1 component(s) constrained)
17	-2038.48	41304.75858	0.04923	(1 component(s) constrained)
18	-2040.08	41323.60366	0.04923	(1 component(s) constrained)
19	-2039.61	41317.98479	0.04923	(1 component(s) constrained)
20	-2038.91	41304.73391	0.04923	(1 component(s) constrained)
21	-2038.25	41303.30955	0.04923	(1 component(s) constrained)
22	-2040.79	41308.86764	0.04923	(1 component(s) constrained)
23	-2038.69	41329.66308	0.04923	(1 component(s) constrained)
24	-2037.61	41322.02521	0.04923	(1 component(s) constrained)
25	-2039.59	41314.88237	0.04923	(1 component(s) constrained)
26	-2037.79	41319.33279	0.04923	(1 component(s) constrained)
27	-2038.42	41315.03062	0.04923	(1 component(s) constrained)
28	-2038.39	41298.17603	0.04923	(1 component(s) constrained)
29	-2039.91	41299.39783	0.04923	(1 component(s) constrained)
30	-2039.35	41311.40173	0.04923	(1 component(s) constrained)
31	-2038.72	41318.81618	0.04923	(1 component(s) constrained)
32	-2039.14	41290.51168	0.04923	(1 component(s) constrained)
33	-2038.67	41325.89951	0.04923	(1 component(s) constrained)
34	-2040.11	41300.16019	0.04923	(1 component(s) constrained)
35	-2038.26	41297.83659	0.04923	(1 component(s) constrained)
36	-2039.58	41301.77869	0.04923	(1 component(s) constrained)
37	-2039.50	41304.72199	0.04923	(1 component(s) constrained)
38	-2038.68	41323.79389	0.04923	(1 component(s) constrained)
39	-2038.67	41307.02883	0.04923	(1 component(s) constrained)
40	-2038.27	41321.32413	0.04923	(1 component(s) constrained)
41	-2038.94	41312.45680	0.04923	(1 component(s) constrained)
42	-2039.60	41319.93530	0.04923	(1 component(s) constrained)
43	-2038.57	41308.94952	0.04923	(1 component(s) constrained)
44	-2038.29	41306.11955	0.04923	(1 component(s) constrained)
45	-2038.26	41310.17068	0.04923	(1 component(s) constrained)
46	-2040.36	41307.97750	0.04923	(1 component(s) constrained)
47	-2040.29	41311.06859	0.04923	(1 component(s) constrained)
48	-2040.13	41316.39732	0.04923	(1 component(s) constrained)
49	-2039.93	41293.21850	0.04923	(1 component(s) constrained)
50	-2039.05	41300.80106	0.04923	(1 component(s) constrained)
51	-2038.11	41309.62345	0.04923	(1 component(s) constrained)
52	-2039.35	41314.73079	0.04923	(1 component(s) constrained)
53	-2039.06	41320.02317	0.04923	(1 component(s) constrained)
54	-2039.06	41319.22554	0.04923	(1 component(s) constrained)
Log-likelihood ratio converged.

Calculating the logLikelihood for the reduced model ...
(variance component 1 is dropped from the model)
Calculating prior values of variance components by EM-REML ...
Updated prior values: 41563.37870
logL: -2041.92945
Running AI-REML algorithm ...
Iter.	logL	V(e)	
1	-2039.42	41486.14481	
2	-2039.42	41433.55824	
3	-2039.42	41320.08658	
4	-2039.42	41320.39648	
5	-2039.42	41320.39649	
Log-likelihood ratio converged.

Summary result of REML analysis:
Source	Variance	SE
V(G)	41319.225543	51057.031214
V(e)	0.049228	50828.013078
Vp	41319.274771	3141.382088
V(G)/Vp	0.999999	1.230128

Sampling variance/covariance of the estimates of variance components:
2.606820e+09	-2.590220e+09	
-2.590220e+09	2.583487e+09	
Estimatesof fixed effects:

Source	Estimate	SE
mean	853.653261	31.488260
X_2	-20.618334	21.857947
X_3	-80.902205	41.783541
X_4	-53.417349	36.656092
X_5	-36.227435	43.229654
X_6	-76.808233	37.687909
X_7	-126.698350	32.322862
X_8	-28.932347	43.891612
X_9	-141.967672	43.266141
X_10	-242.530555	31.434418
X_11	-130.659034	36.430356

Summary result of REML analysis has been saved in the file [/raid/genevol/users/lucas/heritability/03.Heritability/Results/V1/HLA-DQA1/NAfrHLA-DQA10.hsq].

Analysis finished at 23:20:22 -03 on Wed Jun 09 2021
Overall computational time: 2.01 sec.
