*******************************************************************
* Genome-wide Complex Trait Analysis (GCTA)
* version 1.93.2 beta Linux
* (C) 2010-present, Jian Yang, The University of Queensland
* Please report bugs to Jian Yang <jian.yang.qt@gmail.com>
*******************************************************************
Analysis started at 23:24:13 -03 on Wed Jun 09 2021.
Hostname: darwin

Accepted options:
--reml
--reml-alg 0
--reml-maxit 1000
--grm /scratch/genevol/users/lucas/V2/grmFull
--pheno /raid/genevol/users/lucas/heritability/02.GCTA/data/geneHLA-DQB1.txt
--covar /raid/genevol/users/lucas/heritability/02.GCTA/data/envir0.txt
--reml-est-fix
--out /raid/genevol/users/lucas/heritability/03.Heritability/Results/V2/HLA-DQB1/FullHLA-DQB10

Note: This is a multi-thread program. You could specify the number of threads by the --thread-num option to speed up the computation if there are multiple processors in your machine.

Reading IDs of the GRM from [/scratch/genevol/users/lucas/V2/grmFull.grm.id].
2504 IDs read from [/scratch/genevol/users/lucas/V2/grmFull.grm.id].
Reading the GRM from [/scratch/genevol/users/lucas/V2/grmFull.grm.bin].
GRM for 2504 individuals are included from [/scratch/genevol/users/lucas/V2/grmFull.grm.bin].
Reading phenotypes from [/raid/genevol/users/lucas/heritability/02.GCTA/data/geneHLA-DQB1.txt].
Non-missing phenotypes of 445 individuals are included from [/raid/genevol/users/lucas/heritability/02.GCTA/data/geneHLA-DQB1.txt].
Reading discrete covariate(s) from [/raid/genevol/users/lucas/heritability/02.GCTA/data/envir0.txt].
3 discrete covariate(s) of 445 individuals are included from [/raid/genevol/users/lucas/heritability/02.GCTA/data/envir0.txt].

3 discrete variable(s) included as covariate(s).
445 individuals are in common in these files.

Performing  REML analysis ... (Note: may take hours depending on sample size).
445 observations, 12 fixed effect(s), and 2 variance component(s)(including residual variance).
Calculating prior values of variance components by EM-REML ...
Updated prior values: 15413.1 16594.7
logL: -2496.15
Running AI-REML algorithm ...
Iter.	logL	V(G)	V(e)	
1	-2484.47	17713.85409	9986.65777	
2	-2481.12	18415.57877	7178.25164	
3	-2479.82	18668.40043	5735.18208	
4	-2479.28	18763.42592	4918.04918	
5	-2479.04	18869.24095	3368.63623	
6	-2478.85	18760.82560	3583.96018	
7	-2478.85	18770.78426	3569.67940	
8	-2478.85	18770.06837	3570.71485	
Log-likelihood ratio converged.

Calculating the logLikelihood for the reduced model ...
(variance component 1 is dropped from the model)
Calculating prior values of variance components by EM-REML ...
Updated prior values: 31099.11920
logL: -2484.42092
Running AI-REML algorithm ...
Iter.	logL	V(e)	
1	-2479.52	31033.65439	
2	-2479.52	30989.10824	
3	-2479.51	30893.02602	
4	-2479.51	30893.32300	
5	-2479.51	30893.32300	
Log-likelihood ratio converged.

Summary result of REML analysis:
Source	Variance	SE
V(G)	18770.068368	16885.760109
V(e)	3570.714846	24353.135115
Vp	22340.783215	7666.282327
V(G)/Vp	0.840171	1.036262

Sampling variance/covariance of the estimates of variance components:
2.851289e+08	-4.097161e+08	
-4.097161e+08	5.930752e+08	
Estimatesof fixed effects:

Source	Estimate	SE
mean	777.315479	44.669329
X_2	-35.338267	16.954643
X_3	-30.399968	32.824471
X_4	-69.221470	28.782570
X_5	-84.069535	33.439679
X_6	-50.329182	29.059551
X_7	-133.444053	24.995669
X_8	35.294857	33.228807
X_9	-152.605417	38.040719
X_10	-219.911996	27.136828
X_11	-157.838396	30.677225
X_12	-93.884093	88.883058

Summary result of REML analysis has been saved in the file [/raid/genevol/users/lucas/heritability/03.Heritability/Results/V2/HLA-DQB1/FullHLA-DQB10.hsq].

Analysis finished at 23:24:14 -03 on Wed Jun 09 2021
Overall computational time: 1.35 sec.
