*******************************************************************
* Genome-wide Complex Trait Analysis (GCTA)
* version 1.93.2 beta Linux
* (C) 2010-present, Jian Yang, The University of Queensland
* Please report bugs to Jian Yang <jian.yang.qt@gmail.com>
*******************************************************************
Analysis started at 23:24:30 -03 on Wed Jun 09 2021.
Hostname: darwin

Accepted options:
--reml
--reml-alg 0
--reml-maxit 1000
--grm /scratch/genevol/users/lucas/V2/grmFull
--pheno /raid/genevol/users/lucas/heritability/02.GCTA/data/geneHLA-DQB1.txt
--covar /raid/genevol/users/lucas/heritability/02.GCTA/data/envir1.txt
--reml-est-fix
--out /raid/genevol/users/lucas/heritability/03.Heritability/Results/V2/HLA-DQB1/FullHLA-DQB11

Note: This is a multi-thread program. You could specify the number of threads by the --thread-num option to speed up the computation if there are multiple processors in your machine.

Reading IDs of the GRM from [/scratch/genevol/users/lucas/V2/grmFull.grm.id].
2504 IDs read from [/scratch/genevol/users/lucas/V2/grmFull.grm.id].
Reading the GRM from [/scratch/genevol/users/lucas/V2/grmFull.grm.bin].
GRM for 2504 individuals are included from [/scratch/genevol/users/lucas/V2/grmFull.grm.bin].
Reading phenotypes from [/raid/genevol/users/lucas/heritability/02.GCTA/data/geneHLA-DQB1.txt].
Non-missing phenotypes of 445 individuals are included from [/raid/genevol/users/lucas/heritability/02.GCTA/data/geneHLA-DQB1.txt].
Reading discrete covariate(s) from [/raid/genevol/users/lucas/heritability/02.GCTA/data/envir1.txt].
2 discrete covariate(s) of 445 individuals are included from [/raid/genevol/users/lucas/heritability/02.GCTA/data/envir1.txt].

2 discrete variable(s) included as covariate(s).
445 individuals are in common in these files.

Performing  REML analysis ... (Note: may take hours depending on sample size).
445 observations, 8 fixed effect(s), and 2 variance component(s)(including residual variance).
Calculating prior values of variance components by EM-REML ...
Updated prior values: 16524.9 17358.8
logL: -2534.97
Running AI-REML algorithm ...
Iter.	logL	V(G)	V(e)	
1	-2529.38	21113.32905	8529.79704	
2	-2527.87	24965.17268	1646.35433	
3	-2527.19	24480.45231	0.03852	(1 component(s) constrained)
4	-2526.73	20402.23205	0.03852	(1 component(s) constrained)
5	-2530.61	20968.44589	0.03852	(1 component(s) constrained)
6	-2529.51	20984.59564	0.03852	(1 component(s) constrained)
7	-2529.48	20984.59957	0.03852	(1 component(s) constrained)
8	-2529.48	20984.60808	0.03852	(1 component(s) constrained)
Log-likelihood ratio converged.

Calculating the logLikelihood for the reduced model ...
(variance component 1 is dropped from the model)
Calculating prior values of variance components by EM-REML ...
Updated prior values: 36179.81837
logL: -2528.73307
Running AI-REML algorithm ...
Iter.	logL	V(e)	
1	-2528.30	36166.23601	
2	-2528.30	36136.86339	
3	-2528.30	36136.88723	
Log-likelihood ratio converged.

Summary result of REML analysis:
Source	Variance	SE
V(G)	20984.608081	14888.011915
V(e)	0.038525	21588.626776
Vp	20984.646606	6885.297928
V(G)/Vp	0.999998	1.028781

Sampling variance/covariance of the estimates of variance components:
2.216529e+08	-3.201572e+08	
-3.201572e+08	4.660688e+08	
Estimatesof fixed effects:

Source	Estimate	SE
mean	650.373145	28.299725
X_2	-33.287156	16.809198
X_3	-48.084531	32.541755
X_4	-71.805633	28.569008
X_5	-76.322389	33.162772
X_6	-43.983430	28.854147
X_7	-126.646809	24.821540
X_8	36.481482	32.954905

Summary result of REML analysis has been saved in the file [/raid/genevol/users/lucas/heritability/03.Heritability/Results/V2/HLA-DQB1/FullHLA-DQB11.hsq].

Analysis finished at 23:24:31 -03 on Wed Jun 09 2021
Overall computational time: 1.40 sec.
