*******************************************************************
* Genome-wide Complex Trait Analysis (GCTA)
* version 1.93.2 beta Linux
* (C) 2010-present, Jian Yang, The University of Queensland
* Please report bugs to Jian Yang <jian.yang.qt@gmail.com>
*******************************************************************
Analysis started at 23:24:34 -03 on Wed Jun 09 2021.
Hostname: darwin

Accepted options:
--reml
--reml-alg 0
--reml-maxit 1000
--grm /scratch/genevol/users/lucas/V2/grmFull
--pheno /raid/genevol/users/lucas/heritability/02.GCTA/data/geneHLA-DQB1.txt
--covar /raid/genevol/users/lucas/heritability/02.GCTA/data/envir2.txt
--reml-est-fix
--out /raid/genevol/users/lucas/heritability/03.Heritability/Results/V2/HLA-DQB1/FullHLA-DQB12

Note: This is a multi-thread program. You could specify the number of threads by the --thread-num option to speed up the computation if there are multiple processors in your machine.

Reading IDs of the GRM from [/scratch/genevol/users/lucas/V2/grmFull.grm.id].
2504 IDs read from [/scratch/genevol/users/lucas/V2/grmFull.grm.id].
Reading the GRM from [/scratch/genevol/users/lucas/V2/grmFull.grm.bin].
GRM for 2504 individuals are included from [/scratch/genevol/users/lucas/V2/grmFull.grm.bin].
Reading phenotypes from [/raid/genevol/users/lucas/heritability/02.GCTA/data/geneHLA-DQB1.txt].
Non-missing phenotypes of 445 individuals are included from [/raid/genevol/users/lucas/heritability/02.GCTA/data/geneHLA-DQB1.txt].
Reading discrete covariate(s) from [/raid/genevol/users/lucas/heritability/02.GCTA/data/envir2.txt].
1 discrete covariate(s) of 445 individuals are included from [/raid/genevol/users/lucas/heritability/02.GCTA/data/envir2.txt].

1 discrete variable(s) included as covariate(s).
445 individuals are in common in these files.

Performing  REML analysis ... (Note: may take hours depending on sample size).
445 observations, 7 fixed effect(s), and 2 variance component(s)(including residual variance).
Calculating prior values of variance components by EM-REML ...
Updated prior values: 16561.2   17386
logL: -2539.25
Running AI-REML algorithm ...
Iter.	logL	V(G)	V(e)	
1	-2533.82	20578.95733	9441.94663	
2	-2532.41	23942.07793	3295.36184	
3	-2531.77	25276.36102	0.03852	(1 component(s) constrained)
4	-2531.38	21121.32748	0.03852	(1 component(s) constrained)
5	-2534.02	21692.07155	0.03852	(1 component(s) constrained)
6	-2533.14	21707.91085	0.03852	(1 component(s) constrained)
7	-2533.12	21707.92242	0.03852	(1 component(s) constrained)
8	-2533.12	21707.92242	0.03852	(1 component(s) constrained)
Log-likelihood ratio converged.

Calculating the logLikelihood for the reduced model ...
(variance component 1 is dropped from the model)
Calculating prior values of variance components by EM-REML ...
Updated prior values: 36358.12799
logL: -2533.20203
Running AI-REML algorithm ...
Iter.	logL	V(e)	
1	-2532.83	36347.17470	
2	-2532.83	36323.48327	
3	-2532.83	36323.49870	
Log-likelihood ratio converged.

Summary result of REML analysis:
Source	Variance	SE
V(G)	21707.922421	15508.808905
V(e)	0.038525	22475.222389
Vp	21707.960945	7161.404436
V(G)/Vp	0.999998	1.035344

Sampling variance/covariance of the estimates of variance components:
2.405232e+08	-3.471865e+08	
-3.471865e+08	5.051356e+08	
Estimatesof fixed effects:

Source	Estimate	SE
mean	636.572931	27.896993
X_2	-52.802586	33.009022
X_3	-76.329186	28.964180
X_4	-80.007241	33.676339
X_5	-48.507575	29.255090
X_6	-124.455553	25.220607
X_7	35.065667	33.510169

Summary result of REML analysis has been saved in the file [/raid/genevol/users/lucas/heritability/03.Heritability/Results/V2/HLA-DQB1/FullHLA-DQB12.hsq].

Analysis finished at 23:24:35 -03 on Wed Jun 09 2021
Overall computational time: 1.41 sec.
