*******************************************************************
* Genome-wide Complex Trait Analysis (GCTA)
* version 1.93.2 beta Linux
* (C) 2010-present, Jian Yang, The University of Queensland
* Please report bugs to Jian Yang <jian.yang.qt@gmail.com>
*******************************************************************
Analysis started at 23:24:14 -03 on Wed Jun 09 2021.
Hostname: darwin

Accepted options:
--reml
--reml-alg 0
--reml-maxit 1000
--grm /scratch/genevol/users/lucas/V2/grmGeuvadis
--pheno /raid/genevol/users/lucas/heritability/02.GCTA/data/geneHLA-DQB1.txt
--covar /raid/genevol/users/lucas/heritability/02.GCTA/data/envir0.txt
--reml-est-fix
--out /raid/genevol/users/lucas/heritability/03.Heritability/Results/V2/HLA-DQB1/GeuvadisHLA-DQB10

Note: This is a multi-thread program. You could specify the number of threads by the --thread-num option to speed up the computation if there are multiple processors in your machine.

Reading IDs of the GRM from [/scratch/genevol/users/lucas/V2/grmGeuvadis.grm.id].
445 IDs read from [/scratch/genevol/users/lucas/V2/grmGeuvadis.grm.id].
Reading the GRM from [/scratch/genevol/users/lucas/V2/grmGeuvadis.grm.bin].
GRM for 445 individuals are included from [/scratch/genevol/users/lucas/V2/grmGeuvadis.grm.bin].
Reading phenotypes from [/raid/genevol/users/lucas/heritability/02.GCTA/data/geneHLA-DQB1.txt].
Non-missing phenotypes of 445 individuals are included from [/raid/genevol/users/lucas/heritability/02.GCTA/data/geneHLA-DQB1.txt].
Reading discrete covariate(s) from [/raid/genevol/users/lucas/heritability/02.GCTA/data/envir0.txt].
3 discrete covariate(s) of 445 individuals are included from [/raid/genevol/users/lucas/heritability/02.GCTA/data/envir0.txt].

3 discrete variable(s) included as covariate(s).
445 individuals are in common in these files.

Performing  REML analysis ... (Note: may take hours depending on sample size).
445 observations, 12 fixed effect(s), and 2 variance component(s)(including residual variance).
Calculating prior values of variance components by EM-REML ...
Updated prior values: 17642.1 17695.4
logL: -2483.23
Running AI-REML algorithm ...
Iter.	logL	V(G)	V(e)	
1	-2480.74	12985.82069	20701.49785	
2	-2479.59	10615.67422	22150.82225	
3	-2479.15	9247.26846	22956.62451	
4	-2478.96	6577.14134	24489.64535	
5	-2478.81	6763.09892	24361.52998	
6	-2478.81	6767.07799	24357.98729	
7	-2478.81	6767.14300	24357.92643	
Log-likelihood ratio converged.

Calculating the logLikelihood for the reduced model ...
(variance component 1 is dropped from the model)
Calculating prior values of variance components by EM-REML ...
Updated prior values: 31099.11920
logL: -2484.42092
Running AI-REML algorithm ...
Iter.	logL	V(e)	
1	-2479.52	31033.65439	
2	-2479.52	30989.10824	
3	-2479.51	30893.02602	
4	-2479.51	30893.32300	
5	-2479.51	30893.32300	
Log-likelihood ratio converged.

Summary result of REML analysis:
Source	Variance	SE
V(G)	6767.142996	6190.818388
V(e)	24357.926425	6017.755391
Vp	31125.069421	2150.659118
V(G)/Vp	0.217418	0.195641

Sampling variance/covariance of the estimates of variance components:
3.832623e+07	-3.495714e+07	
-3.495714e+07	3.621338e+07	
Estimatesof fixed effects:

Source	Estimate	SE
mean	773.591048	27.763664
X_2	-34.864793	16.943654
X_3	-30.267692	32.741466
X_4	-68.753486	28.727392
X_5	-82.572424	33.369345
X_6	-50.084774	29.070724
X_7	-133.837578	24.952321
X_8	35.584434	33.407492
X_9	-148.124142	28.354529
X_10	-222.515903	26.301021
X_11	-155.216382	26.801086
X_12	-91.378978	57.316307

Summary result of REML analysis has been saved in the file [/raid/genevol/users/lucas/heritability/03.Heritability/Results/V2/HLA-DQB1/GeuvadisHLA-DQB10.hsq].

Analysis finished at 23:24:16 -03 on Wed Jun 09 2021
Overall computational time: 1.11 sec.
