*******************************************************************
* Genome-wide Complex Trait Analysis (GCTA)
* version 1.93.2 beta Linux
* (C) 2010-present, Jian Yang, The University of Queensland
* Please report bugs to Jian Yang <jian.yang.qt@gmail.com>
*******************************************************************
Analysis started at 23:24:31 -03 on Wed Jun 09 2021.
Hostname: darwin

Accepted options:
--reml
--reml-alg 0
--reml-maxit 1000
--grm /scratch/genevol/users/lucas/V2/grmGeuvadis
--pheno /raid/genevol/users/lucas/heritability/02.GCTA/data/geneHLA-DQB1.txt
--covar /raid/genevol/users/lucas/heritability/02.GCTA/data/envir1.txt
--reml-est-fix
--out /raid/genevol/users/lucas/heritability/03.Heritability/Results/V2/HLA-DQB1/GeuvadisHLA-DQB11

Note: This is a multi-thread program. You could specify the number of threads by the --thread-num option to speed up the computation if there are multiple processors in your machine.

Reading IDs of the GRM from [/scratch/genevol/users/lucas/V2/grmGeuvadis.grm.id].
445 IDs read from [/scratch/genevol/users/lucas/V2/grmGeuvadis.grm.id].
Reading the GRM from [/scratch/genevol/users/lucas/V2/grmGeuvadis.grm.bin].
GRM for 445 individuals are included from [/scratch/genevol/users/lucas/V2/grmGeuvadis.grm.bin].
Reading phenotypes from [/raid/genevol/users/lucas/heritability/02.GCTA/data/geneHLA-DQB1.txt].
Non-missing phenotypes of 445 individuals are included from [/raid/genevol/users/lucas/heritability/02.GCTA/data/geneHLA-DQB1.txt].
Reading discrete covariate(s) from [/raid/genevol/users/lucas/heritability/02.GCTA/data/envir1.txt].
2 discrete covariate(s) of 445 individuals are included from [/raid/genevol/users/lucas/heritability/02.GCTA/data/envir1.txt].

2 discrete variable(s) included as covariate(s).
445 individuals are in common in these files.

Performing  REML analysis ... (Note: may take hours depending on sample size).
445 observations, 8 fixed effect(s), and 2 variance component(s)(including residual variance).
Calculating prior values of variance components by EM-REML ...
Updated prior values: 18818.6 19176.5
logL: -2530.48
Running AI-REML algorithm ...
Iter.	logL	V(G)	V(e)	
1	-2530.38	11754.66370	25199.27435	
2	-2528.95	0.03852	35514.26253	(1 component(s) constrained)
3	-2528.33	282.45955	35381.97543	
4	-2528.14	1251.05099	34754.30292	
5	-2527.89	2062.30629	33983.85150	
6	-2527.84	2276.88176	33783.74482	
7	-2527.84	2279.28312	33781.91218	
8	-2527.84	2279.20755	33781.98652	
Log-likelihood ratio converged.

Calculating the logLikelihood for the reduced model ...
(variance component 1 is dropped from the model)
Calculating prior values of variance components by EM-REML ...
Updated prior values: 36179.81837
logL: -2528.73307
Running AI-REML algorithm ...
Iter.	logL	V(e)	
1	-2528.30	36166.23601	
2	-2528.30	36136.86339	
3	-2528.30	36136.88723	
Log-likelihood ratio converged.

Summary result of REML analysis:
Source	Variance	SE
V(G)	2279.207549	3961.317344
V(e)	33781.986515	4512.024841
Vp	36061.194065	2440.520722
V(G)/Vp	0.063204	0.109648

Sampling variance/covariance of the estimates of variance components:
1.569204e+07	-1.504713e+07	
-1.504713e+07	2.035837e+07	
Estimatesof fixed effects:

Source	Estimate	SE
mean	647.504406	21.051623
X_2	-32.544565	18.267051
X_3	-47.790252	35.412701
X_4	-71.184950	31.106384
X_5	-75.624459	35.983129
X_6	-42.586857	31.430718
X_7	-125.914540	26.979107
X_8	37.865622	35.976056

Summary result of REML analysis has been saved in the file [/raid/genevol/users/lucas/heritability/03.Heritability/Results/V2/HLA-DQB1/GeuvadisHLA-DQB11.hsq].

Analysis finished at 23:24:33 -03 on Wed Jun 09 2021
Overall computational time: 1.16 sec.
