*******************************************************************
* Genome-wide Complex Trait Analysis (GCTA)
* version 1.93.2 beta Linux
* (C) 2010-present, Jian Yang, The University of Queensland
* Please report bugs to Jian Yang <jian.yang.qt@gmail.com>
*******************************************************************
Analysis started at 23:24:33 -03 on Wed Jun 09 2021.
Hostname: darwin

Accepted options:
--reml
--reml-alg 0
--reml-maxit 1000
--grm /scratch/genevol/users/lucas/V2/grmNAfr
--pheno /raid/genevol/users/lucas/heritability/02.GCTA/data/geneNAfrHLA-DQB1.txt
--covar /raid/genevol/users/lucas/heritability/02.GCTA/data/envir1.txt
--reml-est-fix
--out /raid/genevol/users/lucas/heritability/03.Heritability/Results/V2/HLA-DQB1/NAfrHLA-DQB11

Note: This is a multi-thread program. You could specify the number of threads by the --thread-num option to speed up the computation if there are multiple processors in your machine.

Reading IDs of the GRM from [/scratch/genevol/users/lucas/V2/grmNAfr.grm.id].
358 IDs read from [/scratch/genevol/users/lucas/V2/grmNAfr.grm.id].
Reading the GRM from [/scratch/genevol/users/lucas/V2/grmNAfr.grm.bin].
GRM for 358 individuals are included from [/scratch/genevol/users/lucas/V2/grmNAfr.grm.bin].
Reading phenotypes from [/raid/genevol/users/lucas/heritability/02.GCTA/data/geneNAfrHLA-DQB1.txt].
Non-missing phenotypes of 358 individuals are included from [/raid/genevol/users/lucas/heritability/02.GCTA/data/geneNAfrHLA-DQB1.txt].
Reading discrete covariate(s) from [/raid/genevol/users/lucas/heritability/02.GCTA/data/envir1.txt].
2 discrete covariate(s) of 445 individuals are included from [/raid/genevol/users/lucas/heritability/02.GCTA/data/envir1.txt].

2 discrete variable(s) included as covariate(s).
358 individuals are in common in these files.

Performing  REML analysis ... (Note: may take hours depending on sample size).
358 observations, 8 fixed effect(s), and 2 variance component(s)(including residual variance).
Calculating prior values of variance components by EM-REML ...
Updated prior values: 18689.9 18575.5
logL: -2027.25
Running AI-REML algorithm ...
Iter.	logL	V(G)	V(e)	
1	-2026.99	36567.96637	0.03841	(1 component(s) constrained)
2	-2025.73	35463.89744	0.03841	(1 component(s) constrained)
3	-2026.52	35478.99631	0.03841	(1 component(s) constrained)
4	-2025.67	35521.21732	0.03841	(1 component(s) constrained)
5	-2025.59	35516.03827	0.03841	(1 component(s) constrained)
6	-2025.53	35501.27807	0.03841	(1 component(s) constrained)
7	-2025.96	35511.58679	0.03841	(1 component(s) constrained)
8	-2025.31	35514.91163	0.03841	(1 component(s) constrained)
9	-2025.34	35505.44733	0.03841	(1 component(s) constrained)
10	-2025.58	35506.32354	0.03841	(1 component(s) constrained)
11	-2025.82	35516.03755	0.03841	(1 component(s) constrained)
12	-2025.77	35502.67408	0.03841	(1 component(s) constrained)
13	-2026.55	35512.77165	0.03841	(1 component(s) constrained)
14	-2025.29	35514.22909	0.03841	(1 component(s) constrained)
15	-2025.27	35510.73719	0.03841	(1 component(s) constrained)
16	-2026.97	35498.46521	0.03841	(1 component(s) constrained)
17	-2025.28	35501.09847	0.03841	(1 component(s) constrained)
18	-2026.58	35503.77807	0.03841	(1 component(s) constrained)
19	-2025.58	35514.51193	0.03841	(1 component(s) constrained)
20	-2026.57	35513.77207	0.03841	(1 component(s) constrained)
21	-2025.91	35508.08008	0.03841	(1 component(s) constrained)
22	-2025.94	35503.85851	0.03841	(1 component(s) constrained)
23	-2025.49	35504.20431	0.03841	(1 component(s) constrained)
24	-2026.08	35506.95672	0.03841	(1 component(s) constrained)
25	-2026.82	35515.79256	0.03841	(1 component(s) constrained)
26	-2026.87	35506.05488	0.03841	(1 component(s) constrained)
27	-2025.40	35505.79786	0.03841	(1 component(s) constrained)
28	-2026.42	35506.13142	0.03841	(1 component(s) constrained)
29	-2027.25	35506.26892	0.03841	(1 component(s) constrained)
30	-2025.33	35510.35638	0.03841	(1 component(s) constrained)
31	-2026.68	35512.42910	0.03841	(1 component(s) constrained)
32	-2026.69	35509.74074	0.03841	(1 component(s) constrained)
Log-likelihood ratio converged.

Calculating the logLikelihood for the reduced model ...
(variance component 1 is dropped from the model)
Calculating prior values of variance components by EM-REML ...
Updated prior values: 36322.63333
logL: -2028.32983
Running AI-REML algorithm ...
Iter.	logL	V(e)	
1	-2028.05	36307.50836	
2	-2028.05	36274.80304	
3	-2028.05	36274.83247	
Log-likelihood ratio converged.

Summary result of REML analysis:
Source	Variance	SE
V(G)	35509.740743	40398.251259
V(e)	0.038414	40499.335310
Vp	35509.779157	2675.127595
V(G)/Vp	0.999999	1.140512

Sampling variance/covariance of the estimates of variance components:
1.632019e+09	-1.632529e+09	
-1.632529e+09	1.640196e+09	
Estimatesof fixed effects:

Source	Estimate	SE
mean	635.031063	21.293903
X_2	-32.002650	20.158747
X_3	-55.357484	38.538756
X_4	-63.917335	33.888359
X_5	-53.579010	39.832900
X_6	-37.303337	34.826128
X_7	-123.154050	29.840343
X_8	48.270314	40.531640

Summary result of REML analysis has been saved in the file [/raid/genevol/users/lucas/heritability/03.Heritability/Results/V2/HLA-DQB1/NAfrHLA-DQB11.hsq].

Analysis finished at 23:24:34 -03 on Wed Jun 09 2021
Overall computational time: 1.47 sec.
