*******************************************************************
* Genome-wide Complex Trait Analysis (GCTA)
* version 1.93.2 beta Linux
* (C) 2010-present, Jian Yang, The University of Queensland
* Please report bugs to Jian Yang <jian.yang.qt@gmail.com>
*******************************************************************
Analysis started at 23:26:28 -03 on Wed Jun 09 2021.
Hostname: darwin

Accepted options:
--reml
--reml-alg 0
--reml-maxit 1000
--grm /scratch/genevol/users/lucas/V3/grmFull
--pheno /raid/genevol/users/lucas/heritability/02.GCTA/data/geneHLA-C.txt
--covar /raid/genevol/users/lucas/heritability/02.GCTA/data/envir2.txt
--reml-est-fix
--out /raid/genevol/users/lucas/heritability/03.Heritability/Results/V3/HLA-C/FullHLA-C2

Note: This is a multi-thread program. You could specify the number of threads by the --thread-num option to speed up the computation if there are multiple processors in your machine.

Reading IDs of the GRM from [/scratch/genevol/users/lucas/V3/grmFull.grm.id].
2504 IDs read from [/scratch/genevol/users/lucas/V3/grmFull.grm.id].
Reading the GRM from [/scratch/genevol/users/lucas/V3/grmFull.grm.bin].
GRM for 2504 individuals are included from [/scratch/genevol/users/lucas/V3/grmFull.grm.bin].
Reading phenotypes from [/raid/genevol/users/lucas/heritability/02.GCTA/data/geneHLA-C.txt].
Non-missing phenotypes of 445 individuals are included from [/raid/genevol/users/lucas/heritability/02.GCTA/data/geneHLA-C.txt].
Reading discrete covariate(s) from [/raid/genevol/users/lucas/heritability/02.GCTA/data/envir2.txt].
1 discrete covariate(s) of 445 individuals are included from [/raid/genevol/users/lucas/heritability/02.GCTA/data/envir2.txt].

1 discrete variable(s) included as covariate(s).
445 individuals are in common in these files.

Performing  REML analysis ... (Note: may take hours depending on sample size).
445 observations, 7 fixed effect(s), and 2 variance component(s)(including residual variance).
Calculating prior values of variance components by EM-REML ...
Updated prior values:   50809 54210.4
logL: -2768.24
Running AI-REML algorithm ...
Iter.	logL	V(G)	V(e)	
1	-2755.67	58988.52947	32054.89573	
2	-2751.90	63628.13599	19803.85077	
3	-2750.46	66293.64520	12644.91008	
4	-2749.85	67900.48135	8243.83897	
5	-2749.59	70458.56024	0.12744	(1 component(s) constrained)
6	-2749.38	70720.21918	0.12744	(1 component(s) constrained)
7	-2749.37	70721.19450	0.12744	(1 component(s) constrained)
8	-2749.37	70721.19451	0.12744	(1 component(s) constrained)
Log-likelihood ratio converged.

Calculating the logLikelihood for the reduced model ...
(variance component 1 is dropped from the model)
Calculating prior values of variance components by EM-REML ...
Updated prior values: 100524.17305
logL: -2760.72142
Running AI-REML algorithm ...
Iter.	logL	V(e)	
1	-2754.82	100387.66595	
2	-2754.82	100294.60701	
3	-2754.82	100093.63509	
4	-2754.82	100094.03699	
5	-2754.82	100094.03699	
Log-likelihood ratio converged.

Summary result of REML analysis:
Source	Variance	SE
V(G)	70721.194509	41288.753151
V(e)	0.127438	55933.852646
Vp	70721.321948	15668.339373
V(G)/Vp	0.999998	0.790905

Sampling variance/covariance of the estimates of variance components:
1.704761e+09	-2.293930e+09	
-2.293930e+09	3.128596e+09	
Estimatesof fixed effects:

Source	Estimate	SE
mean	1321.850902	50.340375
X_2	-249.083706	57.690139
X_3	-384.863334	50.650371
X_4	-389.259445	58.909606
X_5	-132.140076	51.210957
X_6	-422.662554	44.116064
X_7	-114.699768	58.743265

Summary result of REML analysis has been saved in the file [/raid/genevol/users/lucas/heritability/03.Heritability/Results/V3/HLA-C/FullHLA-C2.hsq].

Analysis finished at 23:26:29 -03 on Wed Jun 09 2021
Overall computational time: 1.39 sec.
