*******************************************************************
* Genome-wide Complex Trait Analysis (GCTA)
* version 1.93.2 beta Linux
* (C) 2010-present, Jian Yang, The University of Queensland
* Please report bugs to Jian Yang <jian.yang.qt@gmail.com>
*******************************************************************
Analysis started at 23:26:08 -03 on Wed Jun 09 2021.
Hostname: darwin

Accepted options:
--reml
--reml-alg 0
--reml-maxit 1000
--grm /scratch/genevol/users/lucas/V3/grmGeuvadis
--pheno /raid/genevol/users/lucas/heritability/02.GCTA/data/geneHLA-C.txt
--covar /raid/genevol/users/lucas/heritability/02.GCTA/data/envir0.txt
--reml-est-fix
--out /raid/genevol/users/lucas/heritability/03.Heritability/Results/V3/HLA-C/GeuvadisHLA-C0

Note: This is a multi-thread program. You could specify the number of threads by the --thread-num option to speed up the computation if there are multiple processors in your machine.

Reading IDs of the GRM from [/scratch/genevol/users/lucas/V3/grmGeuvadis.grm.id].
445 IDs read from [/scratch/genevol/users/lucas/V3/grmGeuvadis.grm.id].
Reading the GRM from [/scratch/genevol/users/lucas/V3/grmGeuvadis.grm.bin].
GRM for 445 individuals are included from [/scratch/genevol/users/lucas/V3/grmGeuvadis.grm.bin].
Reading phenotypes from [/raid/genevol/users/lucas/heritability/02.GCTA/data/geneHLA-C.txt].
Non-missing phenotypes of 445 individuals are included from [/raid/genevol/users/lucas/heritability/02.GCTA/data/geneHLA-C.txt].
Reading discrete covariate(s) from [/raid/genevol/users/lucas/heritability/02.GCTA/data/envir0.txt].
3 discrete covariate(s) of 445 individuals are included from [/raid/genevol/users/lucas/heritability/02.GCTA/data/envir0.txt].

3 discrete variable(s) included as covariate(s).
445 individuals are in common in these files.

Performing  REML analysis ... (Note: may take hours depending on sample size).
445 observations, 12 fixed effect(s), and 2 variance component(s)(including residual variance).
Calculating prior values of variance components by EM-REML ...
Updated prior values: 57389 56319
logL: -2730.04
Running AI-REML algorithm ...
Iter.	logL	V(G)	V(e)	
1	-2725.69	59111.66380	49782.48085	
2	-2724.53	59996.68055	45979.03749	
3	-2724.04	60499.56431	43625.04509	
4	-2723.82	61467.42884	38842.04559	
5	-2723.64	61411.32780	39052.88630	
6	-2723.64	61408.35622	39055.81401	
7	-2723.64	61408.30311	39055.86093	
Log-likelihood ratio converged.

Calculating the logLikelihood for the reduced model ...
(variance component 1 is dropped from the model)
Calculating prior values of variance components by EM-REML ...
Updated prior values: 98793.30540
logL: -2736.30079
Running AI-REML algorithm ...
Iter.	logL	V(e)	
1	-2729.45	98540.41369	
2	-2729.45	98368.52424	
3	-2729.45	97998.05596	
4	-2729.45	97999.44593	
5	-2729.45	97999.44595	
Log-likelihood ratio converged.

Summary result of REML analysis:
Source	Variance	SE
V(G)	61408.303114	22763.894554
V(e)	39055.860932	19946.349532
Vp	100464.164046	7309.347117
V(G)/Vp	0.611246	0.206872

Sampling variance/covariance of the estimates of variance components:
5.181949e+08	-4.313126e+08	
-4.313126e+08	3.978569e+08	
Estimatesof fixed effects:

Source	Estimate	SE
mean	1238.904702	54.863982
X_2	2.860961	29.521554
X_3	-249.615574	56.890290
X_4	-387.981050	49.943588
X_5	-376.682636	58.222037
X_6	-128.668962	50.713497
X_7	-420.252670	43.503491
X_8	-110.753196	58.493584
X_9	5.709708	55.649559
X_10	57.736187	45.109933
X_11	64.087197	49.152524
X_12	161.783606	168.837025

Summary result of REML analysis has been saved in the file [/raid/genevol/users/lucas/heritability/03.Heritability/Results/V3/HLA-C/GeuvadisHLA-C0.hsq].

Analysis finished at 23:26:09 -03 on Wed Jun 09 2021
Overall computational time: 1.16 sec.
