*******************************************************************
* Genome-wide Complex Trait Analysis (GCTA)
* version 1.93.2 beta Linux
* (C) 2010-present, Jian Yang, The University of Queensland
* Please report bugs to Jian Yang <jian.yang.qt@gmail.com>
*******************************************************************
Analysis started at 23:26:21 -03 on Wed Jun 09 2021.
Hostname: darwin

Accepted options:
--reml
--reml-alg 0
--reml-maxit 1000
--grm /scratch/genevol/users/lucas/V3/grmFull
--pheno /raid/genevol/users/lucas/heritability/02.GCTA/data/geneHLA-C.txt
--covar /raid/genevol/users/lucas/heritability/02.GCTA/data/envir1.txt
--reml-est-fix
--out /raid/genevol/users/lucas/heritability/03.Heritability/Results/V3/HLA-C/FullHLA-C1

Note: This is a multi-thread program. You could specify the number of threads by the --thread-num option to speed up the computation if there are multiple processors in your machine.

Reading IDs of the GRM from [/scratch/genevol/users/lucas/V3/grmFull.grm.id].
2504 IDs read from [/scratch/genevol/users/lucas/V3/grmFull.grm.id].
Reading the GRM from [/scratch/genevol/users/lucas/V3/grmFull.grm.bin].
GRM for 2504 individuals are included from [/scratch/genevol/users/lucas/V3/grmFull.grm.bin].
Reading phenotypes from [/raid/genevol/users/lucas/heritability/02.GCTA/data/geneHLA-C.txt].
Non-missing phenotypes of 445 individuals are included from [/raid/genevol/users/lucas/heritability/02.GCTA/data/geneHLA-C.txt].
Reading discrete covariate(s) from [/raid/genevol/users/lucas/heritability/02.GCTA/data/envir1.txt].
2 discrete covariate(s) of 445 individuals are included from [/raid/genevol/users/lucas/heritability/02.GCTA/data/envir1.txt].

2 discrete variable(s) included as covariate(s).
445 individuals are in common in these files.

Performing  REML analysis ... (Note: may take hours depending on sample size).
445 observations, 8 fixed effect(s), and 2 variance component(s)(including residual variance).
Calculating prior values of variance components by EM-REML ...
Updated prior values: 50870.9   54266
logL: -2764.52
Running AI-REML algorithm ...
Iter.	logL	V(G)	V(e)	
1	-2752.09	57997.08191	33589.00791	
2	-2748.38	61998.11495	22217.25850	
3	-2746.95	64309.15086	15541.45623	
4	-2746.35	65716.73701	11410.04066	
5	-2746.09	68552.38914	3013.77223	
6	-2745.88	68495.34066	3292.67917	
7	-2745.88	68488.46950	3302.48499	
8	-2745.88	68488.23718	3302.80200	
Log-likelihood ratio converged.

Calculating the logLikelihood for the reduced model ...
(variance component 1 is dropped from the model)
Calculating prior values of variance components by EM-REML ...
Updated prior values: 100726.53167
logL: -2757.03742
Running AI-REML algorithm ...
Iter.	logL	V(e)	
1	-2751.22	100571.25242	
2	-2751.22	100465.44415	
3	-2751.22	100237.00898	
4	-2751.22	100237.52721	
5	-2751.22	100237.52721	
Log-likelihood ratio converged.

Summary result of REML analysis:
Source	Variance	SE
V(G)	68488.237180	41429.022735
V(e)	3302.802004	56176.087498
Vp	71791.039183	15772.875861
V(G)/Vp	0.953994	0.772872

Sampling variance/covariance of the estimates of variance components:
1.716364e+09	-2.311667e+09	
-2.311667e+09	3.155753e+09	
Estimatesof fixed effects:

Source	Estimate	SE
mean	1316.325129	51.439141
X_2	13.104361	29.960923
X_3	-251.014366	57.929670
X_4	-386.662354	50.895515
X_5	-391.039402	59.091624
X_6	-133.972110	51.448883
X_7	-421.903891	44.227189
X_8	-115.414876	58.854493

Summary result of REML analysis has been saved in the file [/raid/genevol/users/lucas/heritability/03.Heritability/Results/V3/HLA-C/FullHLA-C1.hsq].

Analysis finished at 23:26:23 -03 on Wed Jun 09 2021
Overall computational time: 1.40 sec.
