*******************************************************************
* Genome-wide Complex Trait Analysis (GCTA)
* version 1.93.2 beta Linux
* (C) 2010-present, Jian Yang, The University of Queensland
* Please report bugs to Jian Yang <jian.yang.qt@gmail.com>
*******************************************************************
Analysis started at 23:26:06 -03 on Wed Jun 09 2021.
Hostname: darwin

Accepted options:
--reml
--reml-alg 0
--reml-maxit 1000
--grm /scratch/genevol/users/lucas/V3/grmFull
--pheno /raid/genevol/users/lucas/heritability/02.GCTA/data/geneHLA-C.txt
--covar /raid/genevol/users/lucas/heritability/02.GCTA/data/envir0.txt
--reml-est-fix
--out /raid/genevol/users/lucas/heritability/03.Heritability/Results/V3/HLA-C/FullHLA-C0

Note: This is a multi-thread program. You could specify the number of threads by the --thread-num option to speed up the computation if there are multiple processors in your machine.

Reading IDs of the GRM from [/scratch/genevol/users/lucas/V3/grmFull.grm.id].
2504 IDs read from [/scratch/genevol/users/lucas/V3/grmFull.grm.id].
Reading the GRM from [/scratch/genevol/users/lucas/V3/grmFull.grm.bin].
GRM for 2504 individuals are included from [/scratch/genevol/users/lucas/V3/grmFull.grm.bin].
Reading phenotypes from [/raid/genevol/users/lucas/heritability/02.GCTA/data/geneHLA-C.txt].
Non-missing phenotypes of 445 individuals are included from [/raid/genevol/users/lucas/heritability/02.GCTA/data/geneHLA-C.txt].
Reading discrete covariate(s) from [/raid/genevol/users/lucas/heritability/02.GCTA/data/envir0.txt].
3 discrete covariate(s) of 445 individuals are included from [/raid/genevol/users/lucas/heritability/02.GCTA/data/envir0.txt].

3 discrete variable(s) included as covariate(s).
445 individuals are in common in these files.

Performing  REML analysis ... (Note: may take hours depending on sample size).
445 observations, 12 fixed effect(s), and 2 variance component(s)(including residual variance).
Calculating prior values of variance components by EM-REML ...
Updated prior values: 51094.4 54322.5
logL: -2745.99
Running AI-REML algorithm ...
Iter.	logL	V(G)	V(e)	
1	-2733.88	72077.11026	14561.13725	
2	-2729.86	78252.35160	0.12744	(1 component(s) constrained)
3	-2728.36	73750.16661	0.12744	(1 component(s) constrained)
4	-2727.54	71091.97409	0.12744	(1 component(s) constrained)
5	-2727.40	65837.81723	0.12744	(1 component(s) constrained)
6	-2728.06	66197.43375	0.12744	(1 component(s) constrained)
7	-2727.97	66199.40875	0.12744	(1 component(s) constrained)
8	-2727.97	66199.40881	0.12744	(1 component(s) constrained)
9	-2727.97	66199.40881	0.12744	(1 component(s) constrained)
Log-likelihood ratio converged.

Calculating the logLikelihood for the reduced model ...
(variance component 1 is dropped from the model)
Calculating prior values of variance components by EM-REML ...
Updated prior values: 98793.30540
logL: -2736.30079
Running AI-REML algorithm ...
Iter.	logL	V(e)	
1	-2729.45	98540.41369	
2	-2729.45	98368.52424	
3	-2729.45	97998.05596	
4	-2729.45	97999.44593	
5	-2729.45	97999.44595	
Log-likelihood ratio converged.

Summary result of REML analysis:
Source	Variance	SE
V(G)	66199.408813	39826.213055
V(e)	0.127438	53890.786719
Vp	66199.536252	14946.064991
V(G)/Vp	0.999998	0.814066

Sampling variance/covariance of the estimates of variance components:
1.586127e+09	-2.133480e+09	
-2.133480e+09	2.904217e+09	
Estimatesof fixed effects:

Source	Estimate	SE
mean	1235.670035	82.354917
X_2	12.579544	29.004002
X_3	-256.056408	56.081137
X_4	-386.184818	49.209112
X_5	-389.535583	57.219979
X_6	-132.030695	49.730747
X_7	-420.470787	42.757600
X_8	-116.498249	56.941956
X_9	7.798307	66.238267
X_10	59.645001	46.098117
X_11	64.506252	53.157167
X_12	167.654772	172.391033

Summary result of REML analysis has been saved in the file [/raid/genevol/users/lucas/heritability/03.Heritability/Results/V3/HLA-C/FullHLA-C0.hsq].

Analysis finished at 23:26:08 -03 on Wed Jun 09 2021
Overall computational time: 1.44 sec.
