*******************************************************************
* Genome-wide Complex Trait Analysis (GCTA)
* version 1.93.2 beta Linux
* (C) 2010-present, Jian Yang, The University of Queensland
* Please report bugs to Jian Yang <jian.yang.qt@gmail.com>
*******************************************************************
Analysis started at 23:25:05 -03 on Wed Jun 09 2021.
Hostname: darwin

Accepted options:
--reml
--reml-alg 0
--reml-maxit 1000
--grm /scratch/genevol/users/lucas/V2/grmFull
--pheno /raid/genevol/users/lucas/heritability/02.GCTA/data/geneHLA-DRB1.txt
--covar /raid/genevol/users/lucas/heritability/02.GCTA/data/envir0.txt
--reml-est-fix
--out /raid/genevol/users/lucas/heritability/03.Heritability/Results/V2/HLA-DRB1/FullHLA-DRB10

Note: This is a multi-thread program. You could specify the number of threads by the --thread-num option to speed up the computation if there are multiple processors in your machine.

Reading IDs of the GRM from [/scratch/genevol/users/lucas/V2/grmFull.grm.id].
2504 IDs read from [/scratch/genevol/users/lucas/V2/grmFull.grm.id].
Reading the GRM from [/scratch/genevol/users/lucas/V2/grmFull.grm.bin].
GRM for 2504 individuals are included from [/scratch/genevol/users/lucas/V2/grmFull.grm.bin].
Reading phenotypes from [/raid/genevol/users/lucas/heritability/02.GCTA/data/geneHLA-DRB1.txt].
Non-missing phenotypes of 445 individuals are included from [/raid/genevol/users/lucas/heritability/02.GCTA/data/geneHLA-DRB1.txt].
Reading discrete covariate(s) from [/raid/genevol/users/lucas/heritability/02.GCTA/data/envir0.txt].
3 discrete covariate(s) of 445 individuals are included from [/raid/genevol/users/lucas/heritability/02.GCTA/data/envir0.txt].

3 discrete variable(s) included as covariate(s).
445 individuals are in common in these files.

Performing  REML analysis ... (Note: may take hours depending on sample size).
445 observations, 12 fixed effect(s), and 2 variance component(s)(including residual variance).
Calculating prior values of variance components by EM-REML ...
Updated prior values: 56572.8 61855.2
logL: -2773.42
Running AI-REML algorithm ...
Iter.	logL	V(G)	V(e)	
1	-2756.09	70754.97712	0.14851	(1 component(s) constrained)
2	-2746.21	59063.80179	0.14851	(1 component(s) constrained)
3	-2751.31	54000.96610	0.14851	(1 component(s) constrained)
4	-2756.99	45237.15753	0.14851	(1 component(s) constrained)
5	-2775.34	46428.61528	0.14851	(1 component(s) constrained)
6	-2772.01	46460.82160	0.14851	(1 component(s) constrained)
7	-2771.92	46460.82866	0.14851	(1 component(s) constrained)
8	-2771.92	46460.84394	0.14851	(1 component(s) constrained)
Log-likelihood ratio converged.

Calculating the logLikelihood for the reduced model ...
(variance component 1 is dropped from the model)
Calculating prior values of variance components by EM-REML ...
Updated prior values: 108239.01575
logL: -2759.10647
Running AI-REML algorithm ...
Iter.	logL	V(e)	
1	-2748.73	107882.69305	
2	-2748.72	107640.93981	
3	-2748.72	107120.53432	
4	-2748.72	107123.03813	
5	-2748.72	107123.03819	
Log-likelihood ratio converged.

Summary result of REML analysis:
Source	Variance	SE
V(G)	46460.843938	30194.303575
V(e)	0.148507	43863.124145
Vp	46460.992446	14002.595846
V(G)/Vp	0.999997	0.944084

Sampling variance/covariance of the estimates of variance components:
9.116960e+08	-1.319798e+09	
-1.319798e+09	1.923974e+09	
Estimatesof fixed effects:

Source	Estimate	SE
mean	1129.375231	68.844060
X_2	-13.385562	25.064671
X_3	-130.182905	48.528147
X_4	-202.339894	42.551154
X_5	-190.349016	49.454968
X_6	-78.813810	42.962151
X_7	-254.250415	36.962006
X_8	15.620323	49.110903
X_9	-294.828696	58.031696
X_10	-350.214561	40.216282
X_11	-151.878485	46.148930
X_12	137.952768	139.097277

Summary result of REML analysis has been saved in the file [/raid/genevol/users/lucas/heritability/03.Heritability/Results/V2/HLA-DRB1/FullHLA-DRB10.hsq].

Analysis finished at 23:25:06 -03 on Wed Jun 09 2021
Overall computational time: 1.46 sec.
