*******************************************************************
* Genome-wide Complex Trait Analysis (GCTA)
* version 1.93.2 beta Linux
* (C) 2010-present, Jian Yang, The University of Queensland
* Please report bugs to Jian Yang <jian.yang.qt@gmail.com>
*******************************************************************
Analysis started at 23:25:19 -03 on Wed Jun 09 2021.
Hostname: darwin

Accepted options:
--reml
--reml-alg 0
--reml-maxit 1000
--grm /scratch/genevol/users/lucas/V2/grmNAfr
--pheno /raid/genevol/users/lucas/heritability/02.GCTA/data/geneNAfrHLA-DRB1.txt
--covar /raid/genevol/users/lucas/heritability/02.GCTA/data/envir2.txt
--reml-est-fix
--out /raid/genevol/users/lucas/heritability/03.Heritability/Results/V2/HLA-DRB1/NAfrHLA-DRB12

Note: This is a multi-thread program. You could specify the number of threads by the --thread-num option to speed up the computation if there are multiple processors in your machine.

Reading IDs of the GRM from [/scratch/genevol/users/lucas/V2/grmNAfr.grm.id].
358 IDs read from [/scratch/genevol/users/lucas/V2/grmNAfr.grm.id].
Reading the GRM from [/scratch/genevol/users/lucas/V2/grmNAfr.grm.bin].
GRM for 358 individuals are included from [/scratch/genevol/users/lucas/V2/grmNAfr.grm.bin].
Reading phenotypes from [/raid/genevol/users/lucas/heritability/02.GCTA/data/geneNAfrHLA-DRB1.txt].
Non-missing phenotypes of 358 individuals are included from [/raid/genevol/users/lucas/heritability/02.GCTA/data/geneNAfrHLA-DRB1.txt].
Reading discrete covariate(s) from [/raid/genevol/users/lucas/heritability/02.GCTA/data/envir2.txt].
1 discrete covariate(s) of 445 individuals are included from [/raid/genevol/users/lucas/heritability/02.GCTA/data/envir2.txt].

1 discrete variable(s) included as covariate(s).
358 individuals are in common in these files.

Performing  REML analysis ... (Note: may take hours depending on sample size).
358 observations, 7 fixed effect(s), and 2 variance component(s)(including residual variance).
Calculating prior values of variance components by EM-REML ...
Updated prior values: 58559.4 57805.6
logL: -2229.19
Running AI-REML algorithm ...
Iter.	logL	V(G)	V(e)	
1	-2228.77	113369.06906	0.12097	(1 component(s) constrained)
2	-2227.12	107170.83028	0.12097	(1 component(s) constrained)
3	-2226.90	107279.70497	0.12097	(1 component(s) constrained)
4	-2227.57	107516.53766	0.12097	(1 component(s) constrained)
5	-2226.88	107512.73704	0.12097	(1 component(s) constrained)
6	-2226.78	107500.43072	0.12097	(1 component(s) constrained)
7	-2226.92	107492.78191	0.12097	(1 component(s) constrained)
8	-2226.69	107501.07491	0.12097	(1 component(s) constrained)
9	-2226.42	107508.97477	0.12097	(1 component(s) constrained)
10	-2226.85	107489.47491	0.12097	(1 component(s) constrained)
11	-2226.61	107512.94497	0.12097	(1 component(s) constrained)
12	-2227.02	107496.38437	0.12097	(1 component(s) constrained)
13	-2226.83	107486.02219	0.12097	(1 component(s) constrained)
14	-2226.80	107493.88468	0.12097	(1 component(s) constrained)
15	-2226.88	107498.41461	0.12097	(1 component(s) constrained)
16	-2226.55	107509.71882	0.12097	(1 component(s) constrained)
17	-2226.76	107491.35015	0.12097	(1 component(s) constrained)
18	-2226.92	107496.17876	0.12097	(1 component(s) constrained)
19	-2226.88	107494.48714	0.12097	(1 component(s) constrained)
20	-2226.50	107498.90326	0.12097	(1 component(s) constrained)
21	-2226.66	107499.90146	0.12097	(1 component(s) constrained)
22	-2226.67	107487.26707	0.12097	(1 component(s) constrained)
23	-2226.68	107496.16767	0.12097	(1 component(s) constrained)
Log-likelihood ratio converged.

Calculating the logLikelihood for the reduced model ...
(variance component 1 is dropped from the model)
Calculating prior values of variance components by EM-REML ...
Updated prior values: 113933.77675
logL: -2232.52809
Running AI-REML algorithm ...
Iter.	logL	V(e)	
1	-2232.21	113889.40653	
2	-2232.21	113793.45671	
3	-2232.21	113793.53748	
Log-likelihood ratio converged.

Summary result of REML analysis:
Source	Variance	SE
V(G)	107496.167672	89743.972873
V(e)	0.120966	90484.005608
Vp	107496.288637	8072.684872
V(G)/Vp	0.999999	0.841741

Sampling variance/covariance of the estimates of variance components:
8.053981e+09	-8.088084e+09	
-8.088084e+09	8.187355e+09	
Estimatesof fixed effects:

Source	Estimate	SE
mean	901.480808	33.843141
X_2	-154.625229	66.981325
X_3	-194.685494	58.770938
X_4	-131.906414	69.148914
X_5	-75.899498	60.461117
X_6	-200.611666	51.865193
X_7	71.591716	70.419732

Summary result of REML analysis has been saved in the file [/raid/genevol/users/lucas/heritability/03.Heritability/Results/V2/HLA-DRB1/NAfrHLA-DRB12.hsq].

Analysis finished at 23:25:20 -03 on Wed Jun 09 2021
Overall computational time: 1.23 sec.
