*******************************************************************
* Genome-wide Complex Trait Analysis (GCTA)
* version 1.93.2 beta Linux
* (C) 2010-present, Jian Yang, The University of Queensland
* Please report bugs to Jian Yang <jian.yang.qt@gmail.com>
*******************************************************************
Analysis started at 23:22:42 -03 on Wed Jun 09 2021.
Hostname: darwin

Accepted options:
--reml
--reml-alg 0
--reml-maxit 1000
--grm /scratch/genevol/users/lucas/V2/grmFull
--pheno /raid/genevol/users/lucas/heritability/02.GCTA/data/geneHLA-B.txt
--covar /raid/genevol/users/lucas/heritability/02.GCTA/data/envir2.txt
--reml-est-fix
--out /raid/genevol/users/lucas/heritability/03.Heritability/Results/V2/HLA-B/FullHLA-B2

Note: This is a multi-thread program. You could specify the number of threads by the --thread-num option to speed up the computation if there are multiple processors in your machine.

Reading IDs of the GRM from [/scratch/genevol/users/lucas/V2/grmFull.grm.id].
2504 IDs read from [/scratch/genevol/users/lucas/V2/grmFull.grm.id].
Reading the GRM from [/scratch/genevol/users/lucas/V2/grmFull.grm.bin].
GRM for 2504 individuals are included from [/scratch/genevol/users/lucas/V2/grmFull.grm.bin].
Reading phenotypes from [/raid/genevol/users/lucas/heritability/02.GCTA/data/geneHLA-B.txt].
Non-missing phenotypes of 445 individuals are included from [/raid/genevol/users/lucas/heritability/02.GCTA/data/geneHLA-B.txt].
Reading discrete covariate(s) from [/raid/genevol/users/lucas/heritability/02.GCTA/data/envir2.txt].
1 discrete covariate(s) of 445 individuals are included from [/raid/genevol/users/lucas/heritability/02.GCTA/data/envir2.txt].

1 discrete variable(s) included as covariate(s).
445 individuals are in common in these files.

Performing  REML analysis ... (Note: may take hours depending on sample size).
445 observations, 7 fixed effect(s), and 2 variance component(s)(including residual variance).
Calculating prior values of variance components by EM-REML ...
Updated prior values: 189083 212781
logL: -3059.48
Running AI-REML algorithm ...
Iter.	logL	V(G)	V(e)	
1	-3034.81	82023.62057	298070.61287	
2	-3025.80	75932.93297	274785.36340	
3	-3022.94	72470.45127	261813.50878	
4	-3021.81	70351.86501	253955.86941	
5	-3021.33	69001.24602	248977.08606	
6	-3021.12	66208.08194	238723.48926	
7	-3020.95	66306.37694	239143.30506	
8	-3020.95	66310.33696	239138.44145	
9	-3020.95	66309.22043	239140.08029	
Log-likelihood ratio converged.

Calculating the logLikelihood for the reduced model ...
(variance component 1 is dropped from the model)
Calculating prior values of variance components by EM-REML ...
Updated prior values: 345769.02889
logL: -3041.99600
Running AI-REML algorithm ...
Iter.	logL	V(e)	
1	-3024.48	344849.20805	
2	-3024.47	344224.16471	
3	-3024.47	342877.25363	
4	-3024.47	342882.50332	
5	-3024.47	342882.50340	
Log-likelihood ratio converged.

Summary result of REML analysis:
Source	Variance	SE
V(G)	66309.220434	74310.065339
V(e)	239140.080290	110067.050362
Vp	305449.300724	40374.237137
V(G)/Vp	0.217087	0.267500

Sampling variance/covariance of the estimates of variance components:
5.521986e+09	-8.003331e+09	
-8.003331e+09	1.211476e+10	
Estimatesof fixed effects:

Source	Estimate	SE
mean	3430.129202	71.127751
X_2	-776.787834	107.897491
X_3	-1060.958659	94.731321
X_4	-835.569895	109.832722
X_5	-745.526842	95.643529
X_6	-753.876220	82.386491
X_7	250.502011	109.726861

Summary result of REML analysis has been saved in the file [/raid/genevol/users/lucas/heritability/03.Heritability/Results/V2/HLA-B/FullHLA-B2.hsq].

Analysis finished at 23:22:43 -03 on Wed Jun 09 2021
Overall computational time: 1.54 sec.
