*******************************************************************
* Genome-wide Complex Trait Analysis (GCTA)
* version 1.93.2 beta Linux
* (C) 2010-present, Jian Yang, The University of Queensland
* Please report bugs to Jian Yang <jian.yang.qt@gmail.com>
*******************************************************************
Analysis started at 23:22:38 -03 on Wed Jun 09 2021.
Hostname: darwin

Accepted options:
--reml
--reml-alg 0
--reml-maxit 1000
--grm /scratch/genevol/users/lucas/V2/grmFull
--pheno /raid/genevol/users/lucas/heritability/02.GCTA/data/geneHLA-B.txt
--covar /raid/genevol/users/lucas/heritability/02.GCTA/data/envir1.txt
--reml-est-fix
--out /raid/genevol/users/lucas/heritability/03.Heritability/Results/V2/HLA-B/FullHLA-B1

Note: This is a multi-thread program. You could specify the number of threads by the --thread-num option to speed up the computation if there are multiple processors in your machine.

Reading IDs of the GRM from [/scratch/genevol/users/lucas/V2/grmFull.grm.id].
2504 IDs read from [/scratch/genevol/users/lucas/V2/grmFull.grm.id].
Reading the GRM from [/scratch/genevol/users/lucas/V2/grmFull.grm.bin].
GRM for 2504 individuals are included from [/scratch/genevol/users/lucas/V2/grmFull.grm.bin].
Reading phenotypes from [/raid/genevol/users/lucas/heritability/02.GCTA/data/geneHLA-B.txt].
Non-missing phenotypes of 445 individuals are included from [/raid/genevol/users/lucas/heritability/02.GCTA/data/geneHLA-B.txt].
Reading discrete covariate(s) from [/raid/genevol/users/lucas/heritability/02.GCTA/data/envir1.txt].
2 discrete covariate(s) of 445 individuals are included from [/raid/genevol/users/lucas/heritability/02.GCTA/data/envir1.txt].

2 discrete variable(s) included as covariate(s).
445 individuals are in common in these files.

Performing  REML analysis ... (Note: may take hours depending on sample size).
445 observations, 8 fixed effect(s), and 2 variance component(s)(including residual variance).
Calculating prior values of variance components by EM-REML ...
Updated prior values: 189231 212854
logL: -3054.82
Running AI-REML algorithm ...
Iter.	logL	V(G)	V(e)	
1	-3030.23	87937.22751	289571.76667	
2	-3021.23	79707.74411	269289.22504	
3	-3018.36	75435.50721	257444.61599	
4	-3017.22	72935.42626	250114.23550	
5	-3016.74	71384.30898	245410.63403	
6	-3016.53	68235.73955	235641.37724	
7	-3016.36	68426.69341	235928.19942	
8	-3016.36	68406.57323	235958.68471	
9	-3016.36	68412.10854	235950.56218	
Log-likelihood ratio converged.

Calculating the logLikelihood for the reduced model ...
(variance component 1 is dropped from the model)
Calculating prior values of variance components by EM-REML ...
Updated prior values: 346057.37230
logL: -3037.37139
Running AI-REML algorithm ...
Iter.	logL	V(e)	
1	-3019.87	345004.15987	
2	-3019.86	344289.15072	
3	-3019.86	342749.35983	
4	-3019.86	342756.21556	
5	-3019.86	342756.21570	
Log-likelihood ratio converged.

Summary result of REML analysis:
Source	Variance	SE
V(G)	68412.108536	77007.451749
V(e)	235950.562183	113922.192743
Vp	304362.670718	41411.827582
V(G)/Vp	0.224772	0.279089

Sampling variance/covariance of the estimates of variance components:
5.930148e+09	-8.596737e+09	
-8.596737e+09	1.297827e+10	
Estimatesof fixed effects:

Source	Estimate	SE
mean	3454.867743	75.034375
X_2	-59.516169	55.850663
X_3	-767.653981	108.212925
X_4	-1052.522336	95.034227
X_5	-828.910171	109.986726
X_6	-737.037600	95.950945
X_7	-756.989973	82.424094
X_8	252.742324	109.722970

Summary result of REML analysis has been saved in the file [/raid/genevol/users/lucas/heritability/03.Heritability/Results/V2/HLA-B/FullHLA-B1.hsq].

Analysis finished at 23:22:39 -03 on Wed Jun 09 2021
Overall computational time: 1.41 sec.
