*******************************************************************
* Genome-wide Complex Trait Analysis (GCTA)
* version 1.93.2 beta Linux
* (C) 2010-present, Jian Yang, The University of Queensland
* Please report bugs to Jian Yang <jian.yang.qt@gmail.com>
*******************************************************************
Analysis started at 23:22:36 -03 on Wed Jun 09 2021.
Hostname: darwin

Accepted options:
--reml
--reml-alg 0
--reml-maxit 1000
--grm /scratch/genevol/users/lucas/V2/grmGeuvadis
--pheno /raid/genevol/users/lucas/heritability/02.GCTA/data/geneHLA-B.txt
--covar /raid/genevol/users/lucas/heritability/02.GCTA/data/envir0.txt
--reml-est-fix
--out /raid/genevol/users/lucas/heritability/03.Heritability/Results/V2/HLA-B/GeuvadisHLA-B0

Note: This is a multi-thread program. You could specify the number of threads by the --thread-num option to speed up the computation if there are multiple processors in your machine.

Reading IDs of the GRM from [/scratch/genevol/users/lucas/V2/grmGeuvadis.grm.id].
445 IDs read from [/scratch/genevol/users/lucas/V2/grmGeuvadis.grm.id].
Reading the GRM from [/scratch/genevol/users/lucas/V2/grmGeuvadis.grm.bin].
GRM for 445 individuals are included from [/scratch/genevol/users/lucas/V2/grmGeuvadis.grm.bin].
Reading phenotypes from [/raid/genevol/users/lucas/heritability/02.GCTA/data/geneHLA-B.txt].
Non-missing phenotypes of 445 individuals are included from [/raid/genevol/users/lucas/heritability/02.GCTA/data/geneHLA-B.txt].
Reading discrete covariate(s) from [/raid/genevol/users/lucas/heritability/02.GCTA/data/envir0.txt].
3 discrete covariate(s) of 445 individuals are included from [/raid/genevol/users/lucas/heritability/02.GCTA/data/envir0.txt].

3 discrete variable(s) included as covariate(s).
445 individuals are in common in these files.

Performing  REML analysis ... (Note: may take hours depending on sample size).
445 observations, 12 fixed effect(s), and 2 variance component(s)(including residual variance).
Calculating prior values of variance components by EM-REML ...
Updated prior values: 220840 220741
logL: -3014.45
Running AI-REML algorithm ...
Iter.	logL	V(G)	V(e)	
1	-3004.22	88183.88881	302488.74317	
2	-2998.79	49053.10001	320452.50904	
3	-2997.25	30373.73624	327184.94412	
4	-2996.66	19980.54716	330233.58431	
5	-2996.41	178.55086	335142.91108	
6	-2996.20	1938.60633	334122.78238	
7	-2996.20	1969.57722	334095.63375	
8	-2996.20	1969.90310	334095.31964	
Log-likelihood ratio converged.

Calculating the logLikelihood for the reduced model ...
(variance component 1 is dropped from the model)
Calculating prior values of variance components by EM-REML ...
Updated prior values: 341132.42984
logL: -3015.09151
Running AI-REML algorithm ...
Iter.	logL	V(e)	
1	-2996.23	339485.30763	
2	-2996.22	338372.03041	
3	-2996.21	335981.69601	
4	-2996.20	335998.46257	
5	-2996.20	335998.46341	
Log-likelihood ratio converged.

Summary result of REML analysis:
Source	Variance	SE
V(G)	1969.903102	59654.584020
V(e)	334095.319637	61896.513496
Vp	336065.222739	22933.810128
V(G)/Vp	0.005862	0.177472

Sampling variance/covariance of the estimates of variance components:
3.558669e+09	-3.431944e+09	
-3.431944e+09	3.831178e+09	
Estimatesof fixed effects:

Source	Estimate	SE
mean	3388.152295	86.558634
X_2	-60.872433	56.087152
X_3	-771.026427	108.538778
X_4	-1048.578248	95.235454
X_5	-840.232279	110.328467
X_6	-737.039284	96.123153
X_7	-756.449159	82.535462
X_8	240.578656	110.188951
X_9	-70.239216	87.242671
X_10	43.555167	88.106473
X_11	-2.989390	86.775523
X_12	222.829037	91.765797

Summary result of REML analysis has been saved in the file [/raid/genevol/users/lucas/heritability/03.Heritability/Results/V2/HLA-B/GeuvadisHLA-B0.hsq].

Analysis finished at 23:22:37 -03 on Wed Jun 09 2021
Overall computational time: 1.19 sec.
