*******************************************************************
* Genome-wide Complex Trait Analysis (GCTA)
* version 1.93.2 beta Linux
* (C) 2010-present, Jian Yang, The University of Queensland
* Please report bugs to Jian Yang <jian.yang.qt@gmail.com>
*******************************************************************
Analysis started at 23:22:39 -03 on Wed Jun 09 2021.
Hostname: darwin

Accepted options:
--reml
--reml-alg 0
--reml-maxit 1000
--grm /scratch/genevol/users/lucas/V2/grmGeuvadis
--pheno /raid/genevol/users/lucas/heritability/02.GCTA/data/geneHLA-B.txt
--covar /raid/genevol/users/lucas/heritability/02.GCTA/data/envir1.txt
--reml-est-fix
--out /raid/genevol/users/lucas/heritability/03.Heritability/Results/V2/HLA-B/GeuvadisHLA-B1

Note: This is a multi-thread program. You could specify the number of threads by the --thread-num option to speed up the computation if there are multiple processors in your machine.

Reading IDs of the GRM from [/scratch/genevol/users/lucas/V2/grmGeuvadis.grm.id].
445 IDs read from [/scratch/genevol/users/lucas/V2/grmGeuvadis.grm.id].
Reading the GRM from [/scratch/genevol/users/lucas/V2/grmGeuvadis.grm.bin].
GRM for 445 individuals are included from [/scratch/genevol/users/lucas/V2/grmGeuvadis.grm.bin].
Reading phenotypes from [/raid/genevol/users/lucas/heritability/02.GCTA/data/geneHLA-B.txt].
Non-missing phenotypes of 445 individuals are included from [/raid/genevol/users/lucas/heritability/02.GCTA/data/geneHLA-B.txt].
Reading discrete covariate(s) from [/raid/genevol/users/lucas/heritability/02.GCTA/data/envir1.txt].
2 discrete covariate(s) of 445 individuals are included from [/raid/genevol/users/lucas/heritability/02.GCTA/data/envir1.txt].

2 discrete variable(s) included as covariate(s).
445 individuals are in common in these files.

Performing  REML analysis ... (Note: may take hours depending on sample size).
445 observations, 8 fixed effect(s), and 2 variance component(s)(including residual variance).
Calculating prior values of variance components by EM-REML ...
Updated prior values: 219844 220150
logL: -3034.88
Running AI-REML algorithm ...
Iter.	logL	V(G)	V(e)	
1	-3024.27	94165.42380	296259.48133	
2	-3018.83	67195.31739	303362.56367	
3	-3017.47	57524.12724	301710.41266	
4	-3016.96	53083.52484	299096.92984	
5	-3016.75	45728.17044	292016.01329	
6	-3016.57	47883.74484	290504.46168	
7	-3016.57	47309.16112	291061.81219	
8	-3016.57	47482.63607	290895.09184	
9	-3016.57	47431.30465	290944.51819	
10	-3016.57	47446.58659	290929.81200	
Log-likelihood ratio converged.

Calculating the logLikelihood for the reduced model ...
(variance component 1 is dropped from the model)
Calculating prior values of variance components by EM-REML ...
Updated prior values: 346057.37230
logL: -3037.37139
Running AI-REML algorithm ...
Iter.	logL	V(e)	
1	-3019.87	345004.15987	
2	-3019.86	344289.15072	
3	-3019.86	342749.35983	
4	-3019.86	342756.21556	
5	-3019.86	342756.21570	
Log-likelihood ratio converged.

Summary result of REML analysis:
Source	Variance	SE
V(G)	47446.586594	42560.752782
V(e)	290929.811996	45341.841510
Vp	338376.398590	22946.803048
V(G)/Vp	0.140218	0.124761

Sampling variance/covariance of the estimates of variance components:
1.811418e+09	-1.670372e+09	
-1.670372e+09	2.055883e+09	
Estimatesof fixed effects:

Source	Estimate	SE
mean	3421.637336	63.922510
X_2	-58.649508	55.832125
X_3	-770.048221	108.137466
X_4	-1053.890617	94.992047
X_5	-824.893704	109.992804
X_6	-731.532233	96.069571
X_7	-759.931356	82.451104
X_8	259.305939	110.085876

Summary result of REML analysis has been saved in the file [/raid/genevol/users/lucas/heritability/03.Heritability/Results/V2/HLA-B/GeuvadisHLA-B1.hsq].

Analysis finished at 23:22:41 -03 on Wed Jun 09 2021
Overall computational time: 1.34 sec.
