*******************************************************************
* Genome-wide Complex Trait Analysis (GCTA)
* version 1.93.2 beta Linux
* (C) 2010-present, Jian Yang, The University of Queensland
* Please report bugs to Jian Yang <jian.yang.qt@gmail.com>
*******************************************************************
Analysis started at 23:22:41 -03 on Wed Jun 09 2021.
Hostname: darwin

Accepted options:
--reml
--reml-alg 0
--reml-maxit 1000
--grm /scratch/genevol/users/lucas/V2/grmNAfr
--pheno /raid/genevol/users/lucas/heritability/02.GCTA/data/geneNAfrHLA-B.txt
--covar /raid/genevol/users/lucas/heritability/02.GCTA/data/envir1.txt
--reml-est-fix
--out /raid/genevol/users/lucas/heritability/03.Heritability/Results/V2/HLA-B/NAfrHLA-B1

Note: This is a multi-thread program. You could specify the number of threads by the --thread-num option to speed up the computation if there are multiple processors in your machine.

Reading IDs of the GRM from [/scratch/genevol/users/lucas/V2/grmNAfr.grm.id].
358 IDs read from [/scratch/genevol/users/lucas/V2/grmNAfr.grm.id].
Reading the GRM from [/scratch/genevol/users/lucas/V2/grmNAfr.grm.bin].
GRM for 358 individuals are included from [/scratch/genevol/users/lucas/V2/grmNAfr.grm.bin].
Reading phenotypes from [/raid/genevol/users/lucas/heritability/02.GCTA/data/geneNAfrHLA-B.txt].
Non-missing phenotypes of 358 individuals are included from [/raid/genevol/users/lucas/heritability/02.GCTA/data/geneNAfrHLA-B.txt].
Reading discrete covariate(s) from [/raid/genevol/users/lucas/heritability/02.GCTA/data/envir1.txt].
2 discrete covariate(s) of 445 individuals are included from [/raid/genevol/users/lucas/heritability/02.GCTA/data/envir1.txt].

2 discrete variable(s) included as covariate(s).
358 individuals are in common in these files.

Performing  REML analysis ... (Note: may take hours depending on sample size).
358 observations, 8 fixed effect(s), and 2 variance component(s)(including residual variance).
Calculating prior values of variance components by EM-REML ...
Updated prior values: 213901 213891
logL: -2431.29
Running AI-REML algorithm ...
Iter.	logL	V(G)	V(e)	
1	-2421.89	125027.54382	265086.88175	
2	-2418.97	79425.30225	290267.87178	
3	-2417.85	52405.54660	305090.74642	
4	-2417.37	35051.08874	314781.48364	
5	-2417.16	0.51626	334133.95880	(1 component(s) constrained)
6	-2416.99	0.51626	334843.66406	(1 component(s) constrained)
7	-2416.99	0.51626	334845.17468	(1 component(s) constrained)
8	-2416.99	0.51626	334845.17469	(1 component(s) constrained)
Log-likelihood ratio converged.

Calculating the logLikelihood for the reduced model ...
(variance component 1 is dropped from the model)
Calculating prior values of variance components by EM-REML ...
Updated prior values: 338892.36559
logL: -2431.26057
Running AI-REML algorithm ...
Iter.	logL	V(e)	
1	-2417.00	337595.74205	
2	-2417.00	336717.18682	
3	-2416.99	334827.66935	
4	-2416.99	334838.21304	
5	-2416.99	334838.21337	
Log-likelihood ratio converged.

Summary result of REML analysis:
Source	Variance	SE
V(G)	0.516262	237938.712969
V(e)	334845.174687	239544.795084
Vp	334845.690949	25313.624649
V(G)/Vp	0.000002	0.710592

Sampling variance/covariance of the estimates of variance components:
5.661483e+10	-5.667788e+10	
-5.667788e+10	5.738171e+10	
Estimatesof fixed effects:

Source	Estimate	SE
mean	3362.284674	72.419563
X_2	-60.853920	62.035925
X_3	-778.782953	118.818121
X_4	-1046.597920	104.458036
X_5	-768.522782	122.694646
X_6	-668.972342	107.456102
X_7	-774.292558	91.860920
X_8	320.888720	125.401937

Summary result of REML analysis has been saved in the file [/raid/genevol/users/lucas/heritability/03.Heritability/Results/V2/HLA-B/NAfrHLA-B1.hsq].

Analysis finished at 23:22:42 -03 on Wed Jun 09 2021
Overall computational time: 0.92 sec.
