*******************************************************************
* Genome-wide Complex Trait Analysis (GCTA)
* version 1.93.2 beta Linux
* (C) 2010-present, Jian Yang, The University of Queensland
* Please report bugs to Jian Yang <jian.yang.qt@gmail.com>
*******************************************************************
Analysis started at 23:22:45 -03 on Wed Jun 09 2021.
Hostname: darwin

Accepted options:
--reml
--reml-alg 0
--reml-maxit 1000
--grm /scratch/genevol/users/lucas/V2/grmNAfr
--pheno /raid/genevol/users/lucas/heritability/02.GCTA/data/geneNAfrHLA-B.txt
--covar /raid/genevol/users/lucas/heritability/02.GCTA/data/envir2.txt
--reml-est-fix
--out /raid/genevol/users/lucas/heritability/03.Heritability/Results/V2/HLA-B/NAfrHLA-B2

Note: This is a multi-thread program. You could specify the number of threads by the --thread-num option to speed up the computation if there are multiple processors in your machine.

Reading IDs of the GRM from [/scratch/genevol/users/lucas/V2/grmNAfr.grm.id].
358 IDs read from [/scratch/genevol/users/lucas/V2/grmNAfr.grm.id].
Reading the GRM from [/scratch/genevol/users/lucas/V2/grmNAfr.grm.bin].
GRM for 358 individuals are included from [/scratch/genevol/users/lucas/V2/grmNAfr.grm.bin].
Reading phenotypes from [/raid/genevol/users/lucas/heritability/02.GCTA/data/geneNAfrHLA-B.txt].
Non-missing phenotypes of 358 individuals are included from [/raid/genevol/users/lucas/heritability/02.GCTA/data/geneNAfrHLA-B.txt].
Reading discrete covariate(s) from [/raid/genevol/users/lucas/heritability/02.GCTA/data/envir2.txt].
1 discrete covariate(s) of 445 individuals are included from [/raid/genevol/users/lucas/heritability/02.GCTA/data/envir2.txt].

1 discrete variable(s) included as covariate(s).
358 individuals are in common in these files.

Performing  REML analysis ... (Note: may take hours depending on sample size).
358 observations, 7 fixed effect(s), and 2 variance component(s)(including residual variance).
Calculating prior values of variance components by EM-REML ...
Updated prior values: 213771 213858
logL: -2436.02
Running AI-REML algorithm ...
Iter.	logL	V(G)	V(e)	
1	-2426.60	77403.64351	312328.33616	
2	-2423.59	15045.54478	354336.00419	
3	-2422.43	0.51626	357292.20609	(1 component(s) constrained)
4	-2421.96	0.51626	349696.60823	(1 component(s) constrained)
5	-2421.76	0.51626	334105.14865	(1 component(s) constrained)
6	-2421.60	0.51626	334769.30940	(1 component(s) constrained)
7	-2421.60	0.51626	334770.63230	(1 component(s) constrained)
8	-2421.60	0.51626	334770.63231	(1 component(s) constrained)
Log-likelihood ratio converged.

Calculating the logLikelihood for the reduced model ...
(variance component 1 is dropped from the model)
Calculating prior values of variance components by EM-REML ...
Updated prior values: 338350.31371
logL: -2435.91681
Running AI-REML algorithm ...
Iter.	logL	V(e)	
1	-2421.61	337217.23634	
2	-2421.60	336448.58861	
3	-2421.60	334794.13103	
4	-2421.60	334802.22668	
5	-2421.60	334802.22688	
Log-likelihood ratio converged.

Summary result of REML analysis:
Source	Variance	SE
V(G)	0.516262	252110.300827
V(e)	334770.632306	253248.112775
Vp	334771.148568	25269.386833
V(G)/Vp	0.000002	0.753083

Sampling variance/covariance of the estimates of variance components:
6.355960e+10	-6.352783e+10	
-6.352783e+10	6.413461e+10	
Estimatesof fixed effects:

Source	Estimate	SE
mean	3335.969466	67.260189
X_2	-783.764047	118.696353
X_3	-1054.728327	104.117103
X_4	-776.437903	122.415411
X_5	-675.619674	107.230282
X_6	-769.913066	91.742151
X_7	314.748505	125.231676

Summary result of REML analysis has been saved in the file [/raid/genevol/users/lucas/heritability/03.Heritability/Results/V2/HLA-B/NAfrHLA-B2.hsq].

Analysis finished at 23:22:45 -03 on Wed Jun 09 2021
Overall computational time: 0.90 sec.
