*******************************************************************
* Genome-wide Complex Trait Analysis (GCTA)
* version 1.93.2 beta Linux
* (C) 2010-present, Jian Yang, The University of Queensland
* Please report bugs to Jian Yang <jian.yang.qt@gmail.com>
*******************************************************************
Analysis started at 23:24:35 -03 on Wed Jun 09 2021.
Hostname: darwin

Accepted options:
--reml
--reml-alg 0
--reml-maxit 1000
--grm /scratch/genevol/users/lucas/V2/grmGeuvadis
--pheno /raid/genevol/users/lucas/heritability/02.GCTA/data/geneHLA-DQB1.txt
--covar /raid/genevol/users/lucas/heritability/02.GCTA/data/envir2.txt
--reml-est-fix
--out /raid/genevol/users/lucas/heritability/03.Heritability/Results/V2/HLA-DQB1/GeuvadisHLA-DQB12

Note: This is a multi-thread program. You could specify the number of threads by the --thread-num option to speed up the computation if there are multiple processors in your machine.

Reading IDs of the GRM from [/scratch/genevol/users/lucas/V2/grmGeuvadis.grm.id].
445 IDs read from [/scratch/genevol/users/lucas/V2/grmGeuvadis.grm.id].
Reading the GRM from [/scratch/genevol/users/lucas/V2/grmGeuvadis.grm.bin].
GRM for 445 individuals are included from [/scratch/genevol/users/lucas/V2/grmGeuvadis.grm.bin].
Reading phenotypes from [/raid/genevol/users/lucas/heritability/02.GCTA/data/geneHLA-DQB1.txt].
Non-missing phenotypes of 445 individuals are included from [/raid/genevol/users/lucas/heritability/02.GCTA/data/geneHLA-DQB1.txt].
Reading discrete covariate(s) from [/raid/genevol/users/lucas/heritability/02.GCTA/data/envir2.txt].
1 discrete covariate(s) of 445 individuals are included from [/raid/genevol/users/lucas/heritability/02.GCTA/data/envir2.txt].

1 discrete variable(s) included as covariate(s).
445 individuals are in common in these files.

Performing  REML analysis ... (Note: may take hours depending on sample size).
445 observations, 7 fixed effect(s), and 2 variance component(s)(including residual variance).
Calculating prior values of variance components by EM-REML ...
Updated prior values: 18860.1 19225.5
logL: -2534.94
Running AI-REML algorithm ...
Iter.	logL	V(G)	V(e)	
1	-2534.86	11805.88295	25267.68757	
2	-2533.43	0.03852	35692.04266	(1 component(s) constrained)
3	-2532.86	289.86703	35551.30667	
4	-2532.66	1291.82599	34888.85367	
5	-2532.38	2153.88198	34071.00191	
6	-2532.33	2383.57833	33857.61821	
7	-2532.33	2383.43189	33858.35405	
8	-2532.33	2383.44033	33858.34577	
Log-likelihood ratio converged.

Calculating the logLikelihood for the reduced model ...
(variance component 1 is dropped from the model)
Calculating prior values of variance components by EM-REML ...
Updated prior values: 36358.12799
logL: -2533.20203
Running AI-REML algorithm ...
Iter.	logL	V(e)	
1	-2532.83	36347.17470	
2	-2532.83	36323.48327	
3	-2532.83	36323.49870	
Log-likelihood ratio converged.

Summary result of REML analysis:
Source	Variance	SE
V(G)	2383.440329	4012.155760
V(e)	33858.345774	4552.831517
Vp	36241.786103	2450.072595
V(G)/Vp	0.065765	0.110484

Sampling variance/covariance of the estimates of variance components:
1.609739e+07	-1.541141e+07	
-1.541141e+07	2.072827e+07	
Estimatesof fixed effects:

Source	Estimate	SE
mean	634.024530	19.689796
X_2	-52.790364	35.386448
X_3	-75.752793	31.074025
X_4	-79.232715	36.012508
X_5	-47.226042	31.399002
X_6	-124.285279	27.029340
X_7	36.553102	36.057799

Summary result of REML analysis has been saved in the file [/raid/genevol/users/lucas/heritability/03.Heritability/Results/V2/HLA-DQB1/GeuvadisHLA-DQB12.hsq].

Analysis finished at 23:24:37 -03 on Wed Jun 09 2021
Overall computational time: 1.20 sec.
