*******************************************************************
* Genome-wide Complex Trait Analysis (GCTA)
* version 1.93.2 beta Linux
* (C) 2010-present, Jian Yang, The University of Queensland
* Please report bugs to Jian Yang <jian.yang.qt@gmail.com>
*******************************************************************
Analysis started at 23:24:16 -03 on Wed Jun 09 2021.
Hostname: darwin

Accepted options:
--reml
--reml-alg 0
--reml-maxit 1000
--grm /scratch/genevol/users/lucas/V2/grmNAfr
--pheno /raid/genevol/users/lucas/heritability/02.GCTA/data/geneNAfrHLA-DQB1.txt
--covar /raid/genevol/users/lucas/heritability/02.GCTA/data/envir0.txt
--reml-est-fix
--out /raid/genevol/users/lucas/heritability/03.Heritability/Results/V2/HLA-DQB1/NAfrHLA-DQB10

Note: This is a multi-thread program. You could specify the number of threads by the --thread-num option to speed up the computation if there are multiple processors in your machine.

Reading IDs of the GRM from [/scratch/genevol/users/lucas/V2/grmNAfr.grm.id].
358 IDs read from [/scratch/genevol/users/lucas/V2/grmNAfr.grm.id].
Reading the GRM from [/scratch/genevol/users/lucas/V2/grmNAfr.grm.bin].
GRM for 358 individuals are included from [/scratch/genevol/users/lucas/V2/grmNAfr.grm.bin].
Reading phenotypes from [/raid/genevol/users/lucas/heritability/02.GCTA/data/geneNAfrHLA-DQB1.txt].
Non-missing phenotypes of 358 individuals are included from [/raid/genevol/users/lucas/heritability/02.GCTA/data/geneNAfrHLA-DQB1.txt].
Reading discrete covariate(s) from [/raid/genevol/users/lucas/heritability/02.GCTA/data/envir0.txt].
3 discrete covariate(s) of 445 individuals are included from [/raid/genevol/users/lucas/heritability/02.GCTA/data/envir0.txt].

3 discrete variable(s) included as covariate(s).
358 individuals are in common in these files.

Performing  REML analysis ... (Note: may take hours depending on sample size).
358 observations, 11 fixed effect(s), and 2 variance component(s)(including residual variance).
Calculating prior values of variance components by EM-REML ...
Updated prior values: 17196.6 17113.2
logL: -1987.94
Running AI-REML algorithm ...
Iter.	logL	V(G)	V(e)	
1	-1984.51	32672.56523	0.03841	(1 component(s) constrained)
2	-1983.15	31776.15027	0.03841	(1 component(s) constrained)
3	-1982.70	31205.41723	0.03841	(1 component(s) constrained)
4	-1982.63	29996.31206	0.03841	(1 component(s) constrained)
5	-1982.26	30054.96006	0.03841	(1 component(s) constrained)
6	-1982.36	30063.49968	0.03841	(1 component(s) constrained)
7	-1982.62	30051.60624	0.03841	(1 component(s) constrained)
8	-1982.15	30063.86648	0.03841	(1 component(s) constrained)
9	-1982.30	30070.12594	0.03841	(1 component(s) constrained)
10	-1983.88	30067.22793	0.03841	(1 component(s) constrained)
11	-1983.60	30060.62827	0.03841	(1 component(s) constrained)
12	-1983.71	30054.73899	0.03841	(1 component(s) constrained)
13	-1983.26	30067.35813	0.03841	(1 component(s) constrained)
14	-1982.00	30068.19167	0.03841	(1 component(s) constrained)
15	-1982.42	30064.71184	0.03841	(1 component(s) constrained)
16	-1983.84	30062.11318	0.03841	(1 component(s) constrained)
17	-1982.74	30061.91357	0.03841	(1 component(s) constrained)
18	-1982.08	30060.04669	0.03841	(1 component(s) constrained)
19	-1982.04	30050.98490	0.03841	(1 component(s) constrained)
20	-1983.47	30055.39910	0.03841	(1 component(s) constrained)
21	-1981.89	30055.56112	0.03841	(1 component(s) constrained)
22	-1981.92	30053.60159	0.03841	(1 component(s) constrained)
23	-1981.78	30070.38027	0.03841	(1 component(s) constrained)
24	-1983.05	30064.38363	0.03841	(1 component(s) constrained)
25	-1982.24	30061.88428	0.03841	(1 component(s) constrained)
26	-1983.81	30071.58800	0.03841	(1 component(s) constrained)
27	-1981.37	30061.38126	0.03841	(1 component(s) constrained)
28	-1982.67	30061.53384	0.03841	(1 component(s) constrained)
29	-1980.43	30059.26036	0.03841	(1 component(s) constrained)
30	-1981.94	30059.35216	0.03841	(1 component(s) constrained)
31	-1980.87	30049.50208	0.03841	(1 component(s) constrained)
32	-1979.05	30050.20611	0.03841	(1 component(s) constrained)
33	-1982.12	30052.44734	0.03841	(1 component(s) constrained)
34	-1984.03	30059.89529	0.03841	(1 component(s) constrained)
35	-1982.57	30056.83208	0.03841	(1 component(s) constrained)
36	-1983.02	30056.87097	0.03841	(1 component(s) constrained)
37	-1981.42	30048.06632	0.03841	(1 component(s) constrained)
38	-1983.08	30051.89928	0.03841	(1 component(s) constrained)
39	-1983.39	30062.18252	0.03841	(1 component(s) constrained)
40	-1982.82	30061.25242	0.03841	(1 component(s) constrained)
41	-1981.73	30058.56251	0.03841	(1 component(s) constrained)
42	-1982.67	30059.69470	0.03841	(1 component(s) constrained)
43	-1983.49	30046.30918	0.03841	(1 component(s) constrained)
44	-1982.69	30053.94864	0.03841	(1 component(s) constrained)
45	-1983.07	30055.42672	0.03841	(1 component(s) constrained)
46	-1981.27	30065.71267	0.03841	(1 component(s) constrained)
47	-1982.39	30062.60500	0.03841	(1 component(s) constrained)
48	-1982.93	30061.41195	0.03841	(1 component(s) constrained)
49	-1982.88	30049.64569	0.03841	(1 component(s) constrained)
50	-1982.47	30055.25198	0.03841	(1 component(s) constrained)
51	-1981.64	30071.13762	0.03841	(1 component(s) constrained)
52	-1982.72	30054.69364	0.03841	(1 component(s) constrained)
53	-1980.41	30063.30704	0.03841	(1 component(s) constrained)
54	-1981.63	30061.66730	0.03841	(1 component(s) constrained)
55	-1981.50	30052.71903	0.03841	(1 component(s) constrained)
56	-1981.27	30071.11602	0.03841	(1 component(s) constrained)
57	-1984.10	30050.83434	0.03841	(1 component(s) constrained)
58	-1982.38	30066.68357	0.03841	(1 component(s) constrained)
59	-1982.26	30065.67103	0.03841	(1 component(s) constrained)
60	-1981.26	30039.88795	0.03841	(1 component(s) constrained)
61	-1982.15	30047.54759	0.03841	(1 component(s) constrained)
62	-1982.82	30062.49935	0.03841	(1 component(s) constrained)
63	-1982.34	30054.06770	0.03841	(1 component(s) constrained)
64	-1981.64	30067.99592	0.03841	(1 component(s) constrained)
65	-1983.06	30062.39669	0.03841	(1 component(s) constrained)
66	-1981.97	30062.09278	0.03841	(1 component(s) constrained)
67	-1981.55	30063.24721	0.03841	(1 component(s) constrained)
68	-1983.81	30060.27918	0.03841	(1 component(s) constrained)
69	-1984.63	30064.86558	0.03841	(1 component(s) constrained)
70	-1983.17	30060.41477	0.03841	(1 component(s) constrained)
71	-1981.41	30063.38688	0.03841	(1 component(s) constrained)
72	-1980.35	30061.49344	0.03841	(1 component(s) constrained)
73	-1982.48	30064.62999	0.03841	(1 component(s) constrained)
74	-1983.47	30068.09587	0.03841	(1 component(s) constrained)
75	-1983.75	30070.77993	0.03841	(1 component(s) constrained)
76	-1983.23	30059.91158	0.03841	(1 component(s) constrained)
77	-1981.22	30063.87988	0.03841	(1 component(s) constrained)
78	-1982.25	30063.79395	0.03841	(1 component(s) constrained)
79	-1982.04	30066.33288	0.03841	(1 component(s) constrained)
80	-1981.42	30062.64631	0.03841	(1 component(s) constrained)
81	-1982.08	30064.04758	0.03841	(1 component(s) constrained)
82	-1983.20	30071.97118	0.03841	(1 component(s) constrained)
83	-1981.70	30059.99374	0.03841	(1 component(s) constrained)
84	-1982.09	30060.96823	0.03841	(1 component(s) constrained)
85	-1982.80	30063.71967	0.03841	(1 component(s) constrained)
86	-1982.45	30062.21485	0.03841	(1 component(s) constrained)
87	-1981.70	30047.88073	0.03841	(1 component(s) constrained)
88	-1982.45	30058.71803	0.03841	(1 component(s) constrained)
89	-1981.24	30072.98593	0.03841	(1 component(s) constrained)
90	-1982.39	30071.58020	0.03841	(1 component(s) constrained)
91	-1980.78	30061.81561	0.03841	(1 component(s) constrained)
92	-1981.97	30057.15468	0.03841	(1 component(s) constrained)
93	-1983.06	30069.05004	0.03841	(1 component(s) constrained)
94	-1982.70	30070.04331	0.03841	(1 component(s) constrained)
95	-1980.91	30056.61211	0.03841	(1 component(s) constrained)
96	-1982.78	30056.52305	0.03841	(1 component(s) constrained)
97	-1981.59	30052.34428	0.03841	(1 component(s) constrained)
98	-1982.62	30056.26838	0.03841	(1 component(s) constrained)
99	-1981.80	30055.11249	0.03841	(1 component(s) constrained)
100	-1983.09	30064.29300	0.03841	(1 component(s) constrained)
101	-1981.06	30066.68678	0.03841	(1 component(s) constrained)
102	-1981.01	30063.04114	0.03841	(1 component(s) constrained)
103	-1981.24	30065.99448	0.03841	(1 component(s) constrained)
104	-1982.05	30061.99451	0.03841	(1 component(s) constrained)
105	-1982.52	30053.66265	0.03841	(1 component(s) constrained)
106	-1982.74	30065.00042	0.03841	(1 component(s) constrained)
107	-1984.44	30065.45881	0.03841	(1 component(s) constrained)
108	-1981.40	30056.07541	0.03841	(1 component(s) constrained)
109	-1981.96	30058.74482	0.03841	(1 component(s) constrained)
110	-1982.38	30056.97413	0.03841	(1 component(s) constrained)
111	-1981.16	30055.51427	0.03841	(1 component(s) constrained)
112	-1983.53	30060.03279	0.03841	(1 component(s) constrained)
113	-1982.41	30051.72235	0.03841	(1 component(s) constrained)
114	-1981.85	30052.85103	0.03841	(1 component(s) constrained)
115	-1980.99	30068.04036	0.03841	(1 component(s) constrained)
116	-1982.42	30064.65680	0.03841	(1 component(s) constrained)
117	-1980.82	30071.35540	0.03841	(1 component(s) constrained)
118	-1982.21	30072.56395	0.03841	(1 component(s) constrained)
119	-1983.43	30060.07875	0.03841	(1 component(s) constrained)
120	-1982.37	30061.01394	0.03841	(1 component(s) constrained)
121	-1982.60	30059.81094	0.03841	(1 component(s) constrained)
122	-1981.73	30064.45156	0.03841	(1 component(s) constrained)
123	-1979.80	30067.12120	0.03841	(1 component(s) constrained)
124	-1983.69	30068.05119	0.03841	(1 component(s) constrained)
125	-1982.59	30058.18492	0.03841	(1 component(s) constrained)
126	-1982.33	30059.42489	0.03841	(1 component(s) constrained)
127	-1982.12	30059.28747	0.03841	(1 component(s) constrained)
128	-1981.50	30066.54717	0.03841	(1 component(s) constrained)
129	-1984.94	30064.79697	0.03841	(1 component(s) constrained)
130	-1982.90	30057.44865	0.03841	(1 component(s) constrained)
131	-1981.98	30057.58961	0.03841	(1 component(s) constrained)
132	-1979.78	30065.43612	0.03841	(1 component(s) constrained)
133	-1980.75	30063.76098	0.03841	(1 component(s) constrained)
134	-1982.53	30049.87349	0.03841	(1 component(s) constrained)
135	-1981.87	30072.46935	0.03841	(1 component(s) constrained)
136	-1982.14	30062.77799	0.03841	(1 component(s) constrained)
137	-1983.14	30046.84886	0.03841	(1 component(s) constrained)
138	-1982.69	30064.18077	0.03841	(1 component(s) constrained)
139	-1982.98	30068.29849	0.03841	(1 component(s) constrained)
140	-1980.70	30053.07478	0.03841	(1 component(s) constrained)
141	-1982.30	30052.50223	0.03841	(1 component(s) constrained)
142	-1981.04	30063.99817	0.03841	(1 component(s) constrained)
143	-1983.85	30061.62050	0.03841	(1 component(s) constrained)
144	-1982.71	30064.53294	0.03841	(1 component(s) constrained)
145	-1982.82	30061.96455	0.03841	(1 component(s) constrained)
146	-1981.18	30069.51188	0.03841	(1 component(s) constrained)
147	-1981.50	30068.65209	0.03841	(1 component(s) constrained)
148	-1984.42	30057.57964	0.03841	(1 component(s) constrained)
149	-1982.64	30059.03155	0.03841	(1 component(s) constrained)
150	-1981.84	30055.60863	0.03841	(1 component(s) constrained)
151	-1981.55	30059.17079	0.03841	(1 component(s) constrained)
152	-1982.84	30047.59413	0.03841	(1 component(s) constrained)
153	-1982.25	30067.86381	0.03841	(1 component(s) constrained)
154	-1980.84	30060.02721	0.03841	(1 component(s) constrained)
155	-1981.58	30060.07961	0.03841	(1 component(s) constrained)
156	-1981.21	30055.72774	0.03841	(1 component(s) constrained)
157	-1982.77	30059.32590	0.03841	(1 component(s) constrained)
158	-1981.77	30068.54482	0.03841	(1 component(s) constrained)
159	-1980.25	30067.87593	0.03841	(1 component(s) constrained)
160	-1983.12	30062.16636	0.03841	(1 component(s) constrained)
161	-1984.29	30065.52478	0.03841	(1 component(s) constrained)
162	-1983.10	30054.68215	0.03841	(1 component(s) constrained)
163	-1981.71	30050.90102	0.03841	(1 component(s) constrained)
164	-1982.60	30056.43597	0.03841	(1 component(s) constrained)
165	-1982.77	30065.78241	0.03841	(1 component(s) constrained)
166	-1981.14	30063.93801	0.03841	(1 component(s) constrained)
167	-1982.37	30067.26808	0.03841	(1 component(s) constrained)
168	-1981.87	30059.29408	0.03841	(1 component(s) constrained)
169	-1981.21	30054.84834	0.03841	(1 component(s) constrained)
170	-1981.68	30059.73637	0.03841	(1 component(s) constrained)
171	-1983.34	30066.68006	0.03841	(1 component(s) constrained)
172	-1980.29	30064.42685	0.03841	(1 component(s) constrained)
173	-1982.62	30065.05029	0.03841	(1 component(s) constrained)
174	-1982.25	30070.55003	0.03841	(1 component(s) constrained)
175	-1983.29	30065.62231	0.03841	(1 component(s) constrained)
176	-1983.07	30069.37003	0.03841	(1 component(s) constrained)
177	-1982.95	30051.96188	0.03841	(1 component(s) constrained)
178	-1982.68	30065.66459	0.03841	(1 component(s) constrained)
179	-1980.23	30069.50431	0.03841	(1 component(s) constrained)
180	-1981.48	30069.13313	0.03841	(1 component(s) constrained)
181	-1982.50	30064.59022	0.03841	(1 component(s) constrained)
182	-1979.89	30066.03128	0.03841	(1 component(s) constrained)
183	-1980.98	30067.17310	0.03841	(1 component(s) constrained)
184	-1982.23	30063.31160	0.03841	(1 component(s) constrained)
185	-1982.06	30056.91926	0.03841	(1 component(s) constrained)
186	-1982.39	30054.16075	0.03841	(1 component(s) constrained)
187	-1982.43	30055.77330	0.03841	(1 component(s) constrained)
188	-1983.63	30063.66332	0.03841	(1 component(s) constrained)
189	-1981.15	30063.15725	0.03841	(1 component(s) constrained)
190	-1984.66	30064.25446	0.03841	(1 component(s) constrained)
191	-1982.59	30060.51782	0.03841	(1 component(s) constrained)
192	-1983.88	30058.51538	0.03841	(1 component(s) constrained)
193	-1982.41	30053.88521	0.03841	(1 component(s) constrained)
194	-1983.75	30056.98390	0.03841	(1 component(s) constrained)
195	-1981.61	30056.16970	0.03841	(1 component(s) constrained)
196	-1983.83	30055.45658	0.03841	(1 component(s) constrained)
197	-1981.02	30060.65233	0.03841	(1 component(s) constrained)
198	-1982.50	30064.10758	0.03841	(1 component(s) constrained)
199	-1984.99	30062.92299	0.03841	(1 component(s) constrained)
200	-1983.91	30059.96389	0.03841	(1 component(s) constrained)
201	-1981.64	30061.27388	0.03841	(1 component(s) constrained)
202	-1981.22	30060.75414	0.03841	(1 component(s) constrained)
203	-1980.68	30059.58546	0.03841	(1 component(s) constrained)
204	-1982.14	30056.26172	0.03841	(1 component(s) constrained)
205	-1983.69	30048.68013	0.03841	(1 component(s) constrained)
206	-1981.80	30068.04764	0.03841	(1 component(s) constrained)
207	-1982.17	30064.37317	0.03841	(1 component(s) constrained)
208	-1982.88	30051.92231	0.03841	(1 component(s) constrained)
209	-1981.58	30058.77726	0.03841	(1 component(s) constrained)
210	-1983.11	30056.87406	0.03841	(1 component(s) constrained)
211	-1980.90	30060.05311	0.03841	(1 component(s) constrained)
212	-1980.06	30060.61100	0.03841	(1 component(s) constrained)
213	-1981.22	30063.82506	0.03841	(1 component(s) constrained)
214	-1980.75	30057.98062	0.03841	(1 component(s) constrained)
215	-1982.01	30067.53224	0.03841	(1 component(s) constrained)
216	-1983.45	30055.16656	0.03841	(1 component(s) constrained)
217	-1983.40	30067.28985	0.03841	(1 component(s) constrained)
218	-1980.79	30063.02112	0.03841	(1 component(s) constrained)
219	-1981.54	30063.13899	0.03841	(1 component(s) constrained)
220	-1981.64	30055.45624	0.03841	(1 component(s) constrained)
221	-1983.24	30065.59344	0.03841	(1 component(s) constrained)
222	-1983.23	30057.35317	0.03841	(1 component(s) constrained)
223	-1981.21	30053.21248	0.03841	(1 component(s) constrained)
224	-1982.91	30057.38774	0.03841	(1 component(s) constrained)
225	-1980.79	30053.26592	0.03841	(1 component(s) constrained)
226	-1980.70	30058.06968	0.03841	(1 component(s) constrained)
227	-1982.89	30062.96672	0.03841	(1 component(s) constrained)
228	-1982.44	30056.57576	0.03841	(1 component(s) constrained)
229	-1980.44	30056.19940	0.03841	(1 component(s) constrained)
230	-1982.87	30057.07523	0.03841	(1 component(s) constrained)
231	-1982.94	30061.24220	0.03841	(1 component(s) constrained)
232	-1981.47	30057.08712	0.03841	(1 component(s) constrained)
233	-1983.12	30061.55236	0.03841	(1 component(s) constrained)
234	-1982.10	30071.98905	0.03841	(1 component(s) constrained)
235	-1980.71	30067.05830	0.03841	(1 component(s) constrained)
236	-1980.49	30065.00307	0.03841	(1 component(s) constrained)
237	-1981.36	30055.61652	0.03841	(1 component(s) constrained)
238	-1981.04	30054.70386	0.03841	(1 component(s) constrained)
239	-1983.75	30064.41849	0.03841	(1 component(s) constrained)
240	-1984.11	30056.08121	0.03841	(1 component(s) constrained)
241	-1980.47	30055.44279	0.03841	(1 component(s) constrained)
242	-1982.40	30054.47273	0.03841	(1 component(s) constrained)
243	-1983.98	30065.05739	0.03841	(1 component(s) constrained)
244	-1981.52	30061.59277	0.03841	(1 component(s) constrained)
245	-1980.22	30062.81300	0.03841	(1 component(s) constrained)
246	-1981.89	30060.92715	0.03841	(1 component(s) constrained)
247	-1980.66	30069.23097	0.03841	(1 component(s) constrained)
248	-1981.85	30068.19719	0.03841	(1 component(s) constrained)
249	-1982.16	30048.63396	0.03841	(1 component(s) constrained)
250	-1982.89	30055.18081	0.03841	(1 component(s) constrained)
251	-1982.15	30056.97377	0.03841	(1 component(s) constrained)
252	-1983.14	30071.59727	0.03841	(1 component(s) constrained)
253	-1982.79	30067.66426	0.03841	(1 component(s) constrained)
254	-1982.83	30054.82568	0.03841	(1 component(s) constrained)
255	-1981.92	30051.17224	0.03841	(1 component(s) constrained)
256	-1982.66	30054.57889	0.03841	(1 component(s) constrained)
257	-1982.94	30057.68536	0.03841	(1 component(s) constrained)
258	-1983.65	30062.52441	0.03841	(1 component(s) constrained)
259	-1982.89	30067.77048	0.03841	(1 component(s) constrained)
260	-1982.92	30056.57554	0.03841	(1 component(s) constrained)
261	-1981.79	30056.63681	0.03841	(1 component(s) constrained)
262	-1983.45	30059.03353	0.03841	(1 component(s) constrained)
263	-1980.35	30060.66430	0.03841	(1 component(s) constrained)
264	-1981.73	30059.81075	0.03841	(1 component(s) constrained)
265	-1982.18	30068.14034	0.03841	(1 component(s) constrained)
266	-1982.07	30080.30749	0.03841	(1 component(s) constrained)
267	-1982.02	30062.18415	0.03841	(1 component(s) constrained)
268	-1982.55	30062.73932	0.03841	(1 component(s) constrained)
269	-1981.95	30055.07498	0.03841	(1 component(s) constrained)
270	-1981.27	30053.96836	0.03841	(1 component(s) constrained)
271	-1982.31	30055.14992	0.03841	(1 component(s) constrained)
272	-1984.03	30065.69413	0.03841	(1 component(s) constrained)
273	-1983.12	30066.62874	0.03841	(1 component(s) constrained)
274	-1980.74	30061.86281	0.03841	(1 component(s) constrained)
275	-1981.47	30060.98727	0.03841	(1 component(s) constrained)
276	-1981.33	30059.59710	0.03841	(1 component(s) constrained)
277	-1983.16	30066.62990	0.03841	(1 component(s) constrained)
278	-1981.65	30062.96152	0.03841	(1 component(s) constrained)
279	-1982.34	30062.32688	0.03841	(1 component(s) constrained)
280	-1981.66	30065.64047	0.03841	(1 component(s) constrained)
281	-1981.89	30053.41833	0.03841	(1 component(s) constrained)
282	-1981.87	30074.12888	0.03841	(1 component(s) constrained)
283	-1982.95	30053.00361	0.03841	(1 component(s) constrained)
284	-1984.48	30057.70137	0.03841	(1 component(s) constrained)
285	-1982.58	30069.74555	0.03841	(1 component(s) constrained)
286	-1981.36	30065.69393	0.03841	(1 component(s) constrained)
287	-1982.52	30063.43540	0.03841	(1 component(s) constrained)
288	-1982.44	30053.87066	0.03841	(1 component(s) constrained)
289	-1982.40	30060.20363	0.03841	(1 component(s) constrained)
290	-1982.57	30055.77514	0.03841	(1 component(s) constrained)
291	-1980.78	30061.31885	0.03841	(1 component(s) constrained)
292	-1981.57	30060.24765	0.03841	(1 component(s) constrained)
293	-1982.10	30074.86036	0.03841	(1 component(s) constrained)
294	-1981.86	30057.70142	0.03841	(1 component(s) constrained)
295	-1981.71	30059.07005	0.03841	(1 component(s) constrained)
296	-1982.27	30071.15232	0.03841	(1 component(s) constrained)
297	-1982.05	30063.99427	0.03841	(1 component(s) constrained)
298	-1981.20	30058.59068	0.03841	(1 component(s) constrained)
299	-1980.51	30064.16535	0.03841	(1 component(s) constrained)
300	-1983.57	30058.76054	0.03841	(1 component(s) constrained)
301	-1982.24	30075.42164	0.03841	(1 component(s) constrained)
302	-1980.63	30073.31536	0.03841	(1 component(s) constrained)
303	-1981.80	30069.70692	0.03841	(1 component(s) constrained)
304	-1981.74	30056.58806	0.03841	(1 component(s) constrained)
305	-1982.90	30063.84156	0.03841	(1 component(s) constrained)
306	-1982.51	30062.77595	0.03841	(1 component(s) constrained)
307	-1981.55	30053.96695	0.03841	(1 component(s) constrained)
308	-1981.17	30076.25023	0.03841	(1 component(s) constrained)
309	-1981.57	30042.78178	0.03841	(1 component(s) constrained)
310	-1982.80	30067.26820	0.03841	(1 component(s) constrained)
311	-1981.06	30058.94567	0.03841	(1 component(s) constrained)
312	-1982.78	30059.94389	0.03841	(1 component(s) constrained)
313	-1984.69	30058.99457	0.03841	(1 component(s) constrained)
314	-1982.12	30058.96215	0.03841	(1 component(s) constrained)
315	-1980.86	30059.60433	0.03841	(1 component(s) constrained)
316	-1982.05	30060.10969	0.03841	(1 component(s) constrained)
317	-1982.26	30055.31916	0.03841	(1 component(s) constrained)
318	-1980.96	30051.79424	0.03841	(1 component(s) constrained)
319	-1980.17	30055.07031	0.03841	(1 component(s) constrained)
320	-1979.84	30063.13922	0.03841	(1 component(s) constrained)
321	-1983.29	30066.04211	0.03841	(1 component(s) constrained)
322	-1982.48	30082.33742	0.03841	(1 component(s) constrained)
323	-1981.14	30052.32613	0.03841	(1 component(s) constrained)
324	-1981.96	30055.01224	0.03841	(1 component(s) constrained)
325	-1980.82	30072.06113	0.03841	(1 component(s) constrained)
326	-1981.94	30071.53856	0.03841	(1 component(s) constrained)
327	-1981.60	30061.67679	0.03841	(1 component(s) constrained)
328	-1981.37	30055.51759	0.03841	(1 component(s) constrained)
329	-1979.95	30055.77349	0.03841	(1 component(s) constrained)
330	-1983.42	30055.41035	0.03841	(1 component(s) constrained)
331	-1981.57	30066.89112	0.03841	(1 component(s) constrained)
332	-1982.74	30062.25219	0.03841	(1 component(s) constrained)
333	-1982.46	30059.76091	0.03841	(1 component(s) constrained)
334	-1981.82	30059.06206	0.03841	(1 component(s) constrained)
335	-1982.03	30060.05860	0.03841	(1 component(s) constrained)
336	-1982.49	30071.66470	0.03841	(1 component(s) constrained)
337	-1980.79	30066.75590	0.03841	(1 component(s) constrained)
338	-1980.49	30066.06004	0.03841	(1 component(s) constrained)
339	-1982.55	30069.73913	0.03841	(1 component(s) constrained)
340	-1981.29	30050.27096	0.03841	(1 component(s) constrained)
341	-1981.67	30055.37589	0.03841	(1 component(s) constrained)
342	-1981.30	30059.23711	0.03841	(1 component(s) constrained)
343	-1982.26	30059.70346	0.03841	(1 component(s) constrained)
344	-1983.33	30067.56877	0.03841	(1 component(s) constrained)
345	-1982.93	30057.07360	0.03841	(1 component(s) constrained)
346	-1981.67	30064.43353	0.03841	(1 component(s) constrained)
347	-1982.07	30061.71565	0.03841	(1 component(s) constrained)
348	-1981.58	30056.62517	0.03841	(1 component(s) constrained)
349	-1982.64	30055.32643	0.03841	(1 component(s) constrained)
350	-1982.22	30056.63890	0.03841	(1 component(s) constrained)
351	-1983.49	30053.54638	0.03841	(1 component(s) constrained)
352	-1982.72	30072.10682	0.03841	(1 component(s) constrained)
353	-1981.59	30065.67325	0.03841	(1 component(s) constrained)
354	-1980.82	30064.65507	0.03841	(1 component(s) constrained)
355	-1985.23	30064.39340	0.03841	(1 component(s) constrained)
356	-1982.25	30065.87809	0.03841	(1 component(s) constrained)
357	-1979.76	30065.21065	0.03841	(1 component(s) constrained)
358	-1980.39	30064.40111	0.03841	(1 component(s) constrained)
359	-1983.22	30062.13217	0.03841	(1 component(s) constrained)
360	-1983.78	30067.82139	0.03841	(1 component(s) constrained)
361	-1982.29	30054.78619	0.03841	(1 component(s) constrained)
362	-1982.65	30058.75559	0.03841	(1 component(s) constrained)
363	-1983.45	30061.59148	0.03841	(1 component(s) constrained)
364	-1982.49	30048.56852	0.03841	(1 component(s) constrained)
365	-1981.45	30062.82283	0.03841	(1 component(s) constrained)
366	-1981.83	30067.36319	0.03841	(1 component(s) constrained)
367	-1982.33	30060.14582	0.03841	(1 component(s) constrained)
368	-1982.81	30072.51628	0.03841	(1 component(s) constrained)
369	-1982.15	30072.19371	0.03841	(1 component(s) constrained)
370	-1983.93	30065.26273	0.03841	(1 component(s) constrained)
371	-1983.06	30064.16859	0.03841	(1 component(s) constrained)
372	-1980.86	30061.65098	0.03841	(1 component(s) constrained)
373	-1982.55	30063.23256	0.03841	(1 component(s) constrained)
374	-1982.02	30062.46241	0.03841	(1 component(s) constrained)
375	-1984.07	30049.13618	0.03841	(1 component(s) constrained)
376	-1979.50	30066.11759	0.03841	(1 component(s) constrained)
377	-1981.71	30063.03099	0.03841	(1 component(s) constrained)
378	-1982.16	30061.74322	0.03841	(1 component(s) constrained)
379	-1982.61	30054.83310	0.03841	(1 component(s) constrained)
380	-1981.57	30059.29815	0.03841	(1 component(s) constrained)
381	-1982.79	30058.93564	0.03841	(1 component(s) constrained)
382	-1983.15	30068.45766	0.03841	(1 component(s) constrained)
383	-1983.70	30058.30328	0.03841	(1 component(s) constrained)
384	-1982.18	30076.25310	0.03841	(1 component(s) constrained)
385	-1982.95	30071.73058	0.03841	(1 component(s) constrained)
386	-1983.17	30066.69128	0.03841	(1 component(s) constrained)
387	-1982.26	30053.75407	0.03841	(1 component(s) constrained)
388	-1980.54	30055.59635	0.03841	(1 component(s) constrained)
389	-1983.25	30056.40224	0.03841	(1 component(s) constrained)
390	-1983.59	30058.38602	0.03841	(1 component(s) constrained)
391	-1983.24	30058.07379	0.03841	(1 component(s) constrained)
392	-1981.67	30067.00253	0.03841	(1 component(s) constrained)
393	-1983.43	30067.86696	0.03841	(1 component(s) constrained)
394	-1981.86	30062.94913	0.03841	(1 component(s) constrained)
395	-1980.54	30063.16775	0.03841	(1 component(s) constrained)
396	-1981.48	30061.93515	0.03841	(1 component(s) constrained)
397	-1982.14	30058.14434	0.03841	(1 component(s) constrained)
398	-1984.58	30057.82726	0.03841	(1 component(s) constrained)
399	-1982.36	30060.21468	0.03841	(1 component(s) constrained)
400	-1983.37	30059.86017	0.03841	(1 component(s) constrained)
401	-1982.73	30053.63434	0.03841	(1 component(s) constrained)
402	-1982.19	30063.58676	0.03841	(1 component(s) constrained)
403	-1982.45	30060.36983	0.03841	(1 component(s) constrained)
404	-1982.61	30060.58741	0.03841	(1 component(s) constrained)
405	-1981.76	30060.86372	0.03841	(1 component(s) constrained)
406	-1983.51	30055.34161	0.03841	(1 component(s) constrained)
407	-1981.87	30063.21451	0.03841	(1 component(s) constrained)
408	-1980.20	30063.07409	0.03841	(1 component(s) constrained)
409	-1980.71	30062.24052	0.03841	(1 component(s) constrained)
410	-1983.23	30061.82910	0.03841	(1 component(s) constrained)
411	-1982.59	30071.18545	0.03841	(1 component(s) constrained)
412	-1981.06	30051.89391	0.03841	(1 component(s) constrained)
413	-1982.55	30052.72331	0.03841	(1 component(s) constrained)
414	-1982.07	30055.36396	0.03841	(1 component(s) constrained)
415	-1981.20	30057.11846	0.03841	(1 component(s) constrained)
416	-1981.21	30065.06906	0.03841	(1 component(s) constrained)
417	-1981.61	30066.63543	0.03841	(1 component(s) constrained)
418	-1981.09	30062.40555	0.03841	(1 component(s) constrained)
419	-1982.64	30053.09574	0.03841	(1 component(s) constrained)
420	-1980.42	30058.25457	0.03841	(1 component(s) constrained)
421	-1982.69	30059.62477	0.03841	(1 component(s) constrained)
422	-1983.60	30041.72711	0.03841	(1 component(s) constrained)
423	-1983.37	30051.28892	0.03841	(1 component(s) constrained)
424	-1982.32	30051.66912	0.03841	(1 component(s) constrained)
425	-1982.08	30053.69270	0.03841	(1 component(s) constrained)
426	-1983.86	30060.38021	0.03841	(1 component(s) constrained)
427	-1979.71	30058.58892	0.03841	(1 component(s) constrained)
428	-1982.36	30060.43293	0.03841	(1 component(s) constrained)
429	-1981.08	30062.92782	0.03841	(1 component(s) constrained)
430	-1981.96	30063.30460	0.03841	(1 component(s) constrained)
431	-1982.00	30059.15760	0.03841	(1 component(s) constrained)
432	-1982.17	30054.60470	0.03841	(1 component(s) constrained)
433	-1984.03	30062.58495	0.03841	(1 component(s) constrained)
434	-1983.21	30058.74821	0.03841	(1 component(s) constrained)
435	-1981.42	30056.49142	0.03841	(1 component(s) constrained)
436	-1982.77	30058.86818	0.03841	(1 component(s) constrained)
437	-1981.32	30063.67449	0.03841	(1 component(s) constrained)
438	-1982.40	30063.44842	0.03841	(1 component(s) constrained)
439	-1984.88	30073.54323	0.03841	(1 component(s) constrained)
440	-1982.94	30055.83538	0.03841	(1 component(s) constrained)
441	-1981.54	30055.65096	0.03841	(1 component(s) constrained)
442	-1984.60	30056.62381	0.03841	(1 component(s) constrained)
443	-1982.76	30068.60153	0.03841	(1 component(s) constrained)
444	-1982.88	30065.04019	0.03841	(1 component(s) constrained)
445	-1983.04	30049.34779	0.03841	(1 component(s) constrained)
446	-1982.59	30060.77391	0.03841	(1 component(s) constrained)
447	-1981.54	30062.75175	0.03841	(1 component(s) constrained)
448	-1982.16	30061.30147	0.03841	(1 component(s) constrained)
449	-1981.69	30056.10501	0.03841	(1 component(s) constrained)
450	-1982.40	30059.66457	0.03841	(1 component(s) constrained)
451	-1982.53	30050.68234	0.03841	(1 component(s) constrained)
452	-1982.24	30062.24681	0.03841	(1 component(s) constrained)
453	-1982.82	30067.56345	0.03841	(1 component(s) constrained)
454	-1981.53	30067.57284	0.03841	(1 component(s) constrained)
455	-1983.70	30066.15121	0.03841	(1 component(s) constrained)
456	-1983.03	30074.81523	0.03841	(1 component(s) constrained)
457	-1981.61	30064.86350	0.03841	(1 component(s) constrained)
458	-1982.20	30062.20942	0.03841	(1 component(s) constrained)
459	-1982.45	30055.21421	0.03841	(1 component(s) constrained)
460	-1982.01	30062.84255	0.03841	(1 component(s) constrained)
461	-1981.60	30060.43105	0.03841	(1 component(s) constrained)
462	-1984.93	30047.62978	0.03841	(1 component(s) constrained)
463	-1980.02	30061.88580	0.03841	(1 component(s) constrained)
464	-1983.15	30064.71872	0.03841	(1 component(s) constrained)
465	-1980.19	30063.04742	0.03841	(1 component(s) constrained)
466	-1980.89	30060.73089	0.03841	(1 component(s) constrained)
467	-1982.46	30058.83912	0.03841	(1 component(s) constrained)
468	-1982.67	30057.29201	0.03841	(1 component(s) constrained)
469	-1982.60	30066.10599	0.03841	(1 component(s) constrained)
470	-1982.63	30066.70091	0.03841	(1 component(s) constrained)
471	-1982.43	30069.22791	0.03841	(1 component(s) constrained)
472	-1982.60	30054.30125	0.03841	(1 component(s) constrained)
473	-1980.95	30066.17881	0.03841	(1 component(s) constrained)
474	-1981.64	30062.97647	0.03841	(1 component(s) constrained)
475	-1981.58	30054.38706	0.03841	(1 component(s) constrained)
476	-1983.98	30057.93514	0.03841	(1 component(s) constrained)
477	-1983.72	30077.06333	0.03841	(1 component(s) constrained)
478	-1983.55	30056.07476	0.03841	(1 component(s) constrained)
479	-1981.47	30063.65242	0.03841	(1 component(s) constrained)
480	-1979.84	30060.83998	0.03841	(1 component(s) constrained)
481	-1983.12	30063.08316	0.03841	(1 component(s) constrained)
482	-1982.31	30070.08404	0.03841	(1 component(s) constrained)
483	-1983.37	30063.75018	0.03841	(1 component(s) constrained)
484	-1980.49	30077.38521	0.03841	(1 component(s) constrained)
485	-1981.18	30071.89913	0.03841	(1 component(s) constrained)
486	-1981.51	30045.88895	0.03841	(1 component(s) constrained)
487	-1982.93	30062.62840	0.03841	(1 component(s) constrained)
488	-1981.92	30060.54216	0.03841	(1 component(s) constrained)
489	-1983.46	30063.37181	0.03841	(1 component(s) constrained)
490	-1983.95	30055.93772	0.03841	(1 component(s) constrained)
491	-1983.41	30062.76469	0.03841	(1 component(s) constrained)
492	-1981.93	30074.05261	0.03841	(1 component(s) constrained)
493	-1981.06	30065.18678	0.03841	(1 component(s) constrained)
494	-1981.27	30057.21581	0.03841	(1 component(s) constrained)
495	-1981.79	30061.56571	0.03841	(1 component(s) constrained)
496	-1983.52	30058.16575	0.03841	(1 component(s) constrained)
497	-1982.43	30066.83816	0.03841	(1 component(s) constrained)
498	-1981.06	30064.89358	0.03841	(1 component(s) constrained)
499	-1981.48	30063.80138	0.03841	(1 component(s) constrained)
500	-1981.99	30061.88549	0.03841	(1 component(s) constrained)
501	-1980.66	30056.47976	0.03841	(1 component(s) constrained)
502	-1982.58	30060.69676	0.03841	(1 component(s) constrained)
503	-1979.66	30050.56217	0.03841	(1 component(s) constrained)
504	-1982.96	30053.70405	0.03841	(1 component(s) constrained)
505	-1980.85	30065.70811	0.03841	(1 component(s) constrained)
506	-1983.28	30064.36571	0.03841	(1 component(s) constrained)
507	-1983.09	30053.42973	0.03841	(1 component(s) constrained)
508	-1984.33	30065.12714	0.03841	(1 component(s) constrained)
509	-1982.09	30062.93788	0.03841	(1 component(s) constrained)
510	-1984.04	30064.87911	0.03841	(1 component(s) constrained)
511	-1983.68	30050.32865	0.03841	(1 component(s) constrained)
512	-1982.16	30071.54502	0.03841	(1 component(s) constrained)
513	-1982.70	30069.45384	0.03841	(1 component(s) constrained)
514	-1981.77	30057.81167	0.03841	(1 component(s) constrained)
515	-1980.99	30064.99312	0.03841	(1 component(s) constrained)
516	-1982.49	30063.23218	0.03841	(1 component(s) constrained)
517	-1982.18	30061.69044	0.03841	(1 component(s) constrained)
518	-1982.27	30076.11270	0.03841	(1 component(s) constrained)
519	-1982.36	30070.31969	0.03841	(1 component(s) constrained)
520	-1980.38	30058.63666	0.03841	(1 component(s) constrained)
521	-1982.93	30059.22407	0.03841	(1 component(s) constrained)
522	-1982.72	30057.90542	0.03841	(1 component(s) constrained)
523	-1981.84	30050.02232	0.03841	(1 component(s) constrained)
524	-1981.70	30055.11327	0.03841	(1 component(s) constrained)
525	-1980.95	30053.30149	0.03841	(1 component(s) constrained)
526	-1983.71	30057.79803	0.03841	(1 component(s) constrained)
527	-1982.06	30056.31227	0.03841	(1 component(s) constrained)
528	-1983.34	30052.65060	0.03841	(1 component(s) constrained)
529	-1980.83	30062.58482	0.03841	(1 component(s) constrained)
530	-1982.65	30064.95132	0.03841	(1 component(s) constrained)
531	-1984.85	30064.13797	0.03841	(1 component(s) constrained)
532	-1981.50	30053.68652	0.03841	(1 component(s) constrained)
533	-1981.84	30056.90182	0.03841	(1 component(s) constrained)
534	-1981.71	30054.29297	0.03841	(1 component(s) constrained)
535	-1982.07	30069.34291	0.03841	(1 component(s) constrained)
536	-1981.18	30065.84468	0.03841	(1 component(s) constrained)
537	-1982.07	30059.72328	0.03841	(1 component(s) constrained)
538	-1982.88	30058.90121	0.03841	(1 component(s) constrained)
539	-1981.41	30060.96608	0.03841	(1 component(s) constrained)
540	-1982.74	30061.46682	0.03841	(1 component(s) constrained)
541	-1983.57	30062.49660	0.03841	(1 component(s) constrained)
542	-1980.79	30070.22342	0.03841	(1 component(s) constrained)
543	-1982.53	30066.65762	0.03841	(1 component(s) constrained)
544	-1983.05	30063.81184	0.03841	(1 component(s) constrained)
545	-1983.09	30059.24886	0.03841	(1 component(s) constrained)
546	-1980.26	30052.97322	0.03841	(1 component(s) constrained)
547	-1981.70	30054.44967	0.03841	(1 component(s) constrained)
548	-1981.03	30066.71526	0.03841	(1 component(s) constrained)
549	-1982.23	30062.80320	0.03841	(1 component(s) constrained)
550	-1981.31	30054.86104	0.03841	(1 component(s) constrained)
551	-1983.14	30060.38499	0.03841	(1 component(s) constrained)
552	-1980.14	30057.37585	0.03841	(1 component(s) constrained)
553	-1980.78	30062.47291	0.03841	(1 component(s) constrained)
554	-1982.96	30057.66171	0.03841	(1 component(s) constrained)
555	-1982.18	30061.99200	0.03841	(1 component(s) constrained)
556	-1982.68	30060.22373	0.03841	(1 component(s) constrained)
557	-1981.38	30066.08090	0.03841	(1 component(s) constrained)
558	-1981.54	30062.37426	0.03841	(1 component(s) constrained)
559	-1981.25	30062.81433	0.03841	(1 component(s) constrained)
560	-1980.49	30059.06555	0.03841	(1 component(s) constrained)
561	-1982.84	30058.83573	0.03841	(1 component(s) constrained)
562	-1981.75	30059.77114	0.03841	(1 component(s) constrained)
563	-1984.02	30060.28462	0.03841	(1 component(s) constrained)
564	-1981.05	30061.55968	0.03841	(1 component(s) constrained)
565	-1982.40	30059.88224	0.03841	(1 component(s) constrained)
566	-1982.70	30057.20770	0.03841	(1 component(s) constrained)
567	-1982.28	30065.29101	0.03841	(1 component(s) constrained)
568	-1982.27	30057.32162	0.03841	(1 component(s) constrained)
569	-1980.99	30055.13604	0.03841	(1 component(s) constrained)
570	-1983.41	30057.07707	0.03841	(1 component(s) constrained)
571	-1983.27	30062.64766	0.03841	(1 component(s) constrained)
572	-1983.91	30061.81754	0.03841	(1 component(s) constrained)
573	-1982.96	30056.13010	0.03841	(1 component(s) constrained)
574	-1983.77	30046.77146	0.03841	(1 component(s) constrained)
575	-1983.29	30055.96382	0.03841	(1 component(s) constrained)
576	-1980.75	30051.77468	0.03841	(1 component(s) constrained)
577	-1980.78	30052.22902	0.03841	(1 component(s) constrained)
578	-1983.15	30059.35064	0.03841	(1 component(s) constrained)
579	-1982.92	30061.57098	0.03841	(1 component(s) constrained)
580	-1982.42	30060.56189	0.03841	(1 component(s) constrained)
581	-1982.40	30063.18529	0.03841	(1 component(s) constrained)
582	-1983.13	30058.39685	0.03841	(1 component(s) constrained)
583	-1982.18	30061.89670	0.03841	(1 component(s) constrained)
584	-1982.86	30063.02704	0.03841	(1 component(s) constrained)
585	-1980.67	30059.27614	0.03841	(1 component(s) constrained)
586	-1981.49	30059.35499	0.03841	(1 component(s) constrained)
587	-1981.61	30061.20945	0.03841	(1 component(s) constrained)
588	-1982.29	30058.27546	0.03841	(1 component(s) constrained)
589	-1982.04	30048.73649	0.03841	(1 component(s) constrained)
590	-1980.17	30060.13601	0.03841	(1 component(s) constrained)
591	-1983.59	30063.23490	0.03841	(1 component(s) constrained)
592	-1980.92	30052.90776	0.03841	(1 component(s) constrained)
593	-1984.12	30054.51868	0.03841	(1 component(s) constrained)
594	-1981.91	30064.64155	0.03841	(1 component(s) constrained)
595	-1982.42	30064.76041	0.03841	(1 component(s) constrained)
596	-1982.26	30052.18571	0.03841	(1 component(s) constrained)
597	-1981.68	30064.11339	0.03841	(1 component(s) constrained)
598	-1984.45	30062.61807	0.03841	(1 component(s) constrained)
599	-1983.81	30061.08341	0.03841	(1 component(s) constrained)
600	-1982.84	30065.48401	0.03841	(1 component(s) constrained)
601	-1981.05	30053.07590	0.03841	(1 component(s) constrained)
602	-1980.84	30055.05268	0.03841	(1 component(s) constrained)
603	-1982.23	30052.74246	0.03841	(1 component(s) constrained)
604	-1983.07	30058.23529	0.03841	(1 component(s) constrained)
605	-1982.71	30053.79981	0.03841	(1 component(s) constrained)
606	-1981.33	30061.14900	0.03841	(1 component(s) constrained)
607	-1982.58	30060.52663	0.03841	(1 component(s) constrained)
608	-1982.01	30053.57394	0.03841	(1 component(s) constrained)
609	-1981.16	30052.33811	0.03841	(1 component(s) constrained)
610	-1981.97	30047.68288	0.03841	(1 component(s) constrained)
611	-1982.40	30060.77174	0.03841	(1 component(s) constrained)
612	-1983.37	30052.79804	0.03841	(1 component(s) constrained)
613	-1984.09	30071.87208	0.03841	(1 component(s) constrained)
614	-1982.40	30062.89900	0.03841	(1 component(s) constrained)
615	-1983.55	30064.94036	0.03841	(1 component(s) constrained)
616	-1984.48	30061.88693	0.03841	(1 component(s) constrained)
617	-1980.58	30060.31503	0.03841	(1 component(s) constrained)
618	-1981.76	30064.71017	0.03841	(1 component(s) constrained)
619	-1981.08	30057.32644	0.03841	(1 component(s) constrained)
620	-1983.16	30076.76715	0.03841	(1 component(s) constrained)
621	-1981.39	30061.14415	0.03841	(1 component(s) constrained)
622	-1981.71	30061.56845	0.03841	(1 component(s) constrained)
623	-1981.58	30062.43765	0.03841	(1 component(s) constrained)
624	-1982.33	30065.75980	0.03841	(1 component(s) constrained)
625	-1983.11	30064.89860	0.03841	(1 component(s) constrained)
626	-1979.81	30055.32063	0.03841	(1 component(s) constrained)
627	-1981.32	30058.42492	0.03841	(1 component(s) constrained)
628	-1981.71	30059.67013	0.03841	(1 component(s) constrained)
629	-1981.55	30076.85620	0.03841	(1 component(s) constrained)
630	-1983.13	30056.07251	0.03841	(1 component(s) constrained)
631	-1982.32	30056.40872	0.03841	(1 component(s) constrained)
632	-1981.78	30075.01225	0.03841	(1 component(s) constrained)
633	-1982.23	30059.49136	0.03841	(1 component(s) constrained)
634	-1984.18	30051.99238	0.03841	(1 component(s) constrained)
635	-1982.84	30062.07661	0.03841	(1 component(s) constrained)
636	-1983.50	30062.86596	0.03841	(1 component(s) constrained)
637	-1982.20	30067.88044	0.03841	(1 component(s) constrained)
638	-1983.72	30067.78796	0.03841	(1 component(s) constrained)
639	-1980.73	30072.26911	0.03841	(1 component(s) constrained)
640	-1982.40	30066.07424	0.03841	(1 component(s) constrained)
641	-1982.26	30068.27897	0.03841	(1 component(s) constrained)
642	-1983.06	30055.14099	0.03841	(1 component(s) constrained)
643	-1981.34	30056.17430	0.03841	(1 component(s) constrained)
644	-1982.28	30058.15929	0.03841	(1 component(s) constrained)
645	-1981.74	30066.38764	0.03841	(1 component(s) constrained)
646	-1983.98	30054.37032	0.03841	(1 component(s) constrained)
647	-1981.72	30062.80866	0.03841	(1 component(s) constrained)
648	-1982.44	30063.11406	0.03841	(1 component(s) constrained)
649	-1980.40	30051.50645	0.03841	(1 component(s) constrained)
650	-1982.84	30053.21449	0.03841	(1 component(s) constrained)
651	-1981.03	30071.64233	0.03841	(1 component(s) constrained)
652	-1983.67	30069.50358	0.03841	(1 component(s) constrained)
653	-1982.33	30057.14242	0.03841	(1 component(s) constrained)
654	-1982.26	30057.21195	0.03841	(1 component(s) constrained)
655	-1983.43	30055.22901	0.03841	(1 component(s) constrained)
656	-1981.30	30075.42628	0.03841	(1 component(s) constrained)
657	-1981.30	30071.94340	0.03841	(1 component(s) constrained)
658	-1983.28	30060.43498	0.03841	(1 component(s) constrained)
659	-1982.53	30066.87000	0.03841	(1 component(s) constrained)
660	-1982.84	30066.15233	0.03841	(1 component(s) constrained)
661	-1981.83	30060.93492	0.03841	(1 component(s) constrained)
662	-1983.16	30061.42405	0.03841	(1 component(s) constrained)
663	-1981.15	30063.26848	0.03841	(1 component(s) constrained)
664	-1981.69	30064.05115	0.03841	(1 component(s) constrained)
665	-1981.09	30065.93129	0.03841	(1 component(s) constrained)
666	-1983.05	30069.33480	0.03841	(1 component(s) constrained)
667	-1981.67	30065.11429	0.03841	(1 component(s) constrained)
668	-1984.06	30061.70666	0.03841	(1 component(s) constrained)
669	-1980.50	30066.44966	0.03841	(1 component(s) constrained)
670	-1982.17	30065.50172	0.03841	(1 component(s) constrained)
671	-1980.79	30066.31386	0.03841	(1 component(s) constrained)
672	-1981.76	30066.77947	0.03841	(1 component(s) constrained)
673	-1981.21	30054.42670	0.03841	(1 component(s) constrained)
674	-1981.88	30064.81777	0.03841	(1 component(s) constrained)
675	-1982.60	30053.64866	0.03841	(1 component(s) constrained)
676	-1981.68	30059.36496	0.03841	(1 component(s) constrained)
677	-1983.01	30060.75241	0.03841	(1 component(s) constrained)
678	-1981.49	30049.04594	0.03841	(1 component(s) constrained)
679	-1982.09	30054.67940	0.03841	(1 component(s) constrained)
680	-1981.61	30060.93736	0.03841	(1 component(s) constrained)
681	-1980.90	30067.78392	0.03841	(1 component(s) constrained)
682	-1983.31	30060.61977	0.03841	(1 component(s) constrained)
683	-1984.08	30060.77277	0.03841	(1 component(s) constrained)
684	-1982.64	30057.55191	0.03841	(1 component(s) constrained)
685	-1983.62	30058.63154	0.03841	(1 component(s) constrained)
686	-1982.79	30046.29829	0.03841	(1 component(s) constrained)
687	-1981.88	30046.49256	0.03841	(1 component(s) constrained)
688	-1982.08	30054.88860	0.03841	(1 component(s) constrained)
689	-1980.14	30070.40029	0.03841	(1 component(s) constrained)
690	-1982.64	30069.42874	0.03841	(1 component(s) constrained)
691	-1982.52	30073.02193	0.03841	(1 component(s) constrained)
692	-1981.54	30059.46544	0.03841	(1 component(s) constrained)
693	-1982.47	30056.12512	0.03841	(1 component(s) constrained)
694	-1983.29	30059.14477	0.03841	(1 component(s) constrained)
695	-1980.40	30053.40928	0.03841	(1 component(s) constrained)
696	-1982.32	30058.14637	0.03841	(1 component(s) constrained)
697	-1983.64	30058.36885	0.03841	(1 component(s) constrained)
698	-1983.67	30067.29437	0.03841	(1 component(s) constrained)
699	-1980.67	30063.64427	0.03841	(1 component(s) constrained)
700	-1983.46	30062.95056	0.03841	(1 component(s) constrained)
701	-1981.74	30060.02138	0.03841	(1 component(s) constrained)
702	-1981.75	30060.50551	0.03841	(1 component(s) constrained)
703	-1981.21	30048.26892	0.03841	(1 component(s) constrained)
704	-1981.16	30065.25007	0.03841	(1 component(s) constrained)
705	-1982.73	30060.59954	0.03841	(1 component(s) constrained)
706	-1983.02	30055.89002	0.03841	(1 component(s) constrained)
707	-1982.22	30068.45037	0.03841	(1 component(s) constrained)
708	-1982.04	30067.27525	0.03841	(1 component(s) constrained)
709	-1982.44	30061.54962	0.03841	(1 component(s) constrained)
710	-1981.57	30063.17493	0.03841	(1 component(s) constrained)
711	-1982.28	30059.06629	0.03841	(1 component(s) constrained)
712	-1985.10	30061.28524	0.03841	(1 component(s) constrained)
713	-1981.62	30061.51571	0.03841	(1 component(s) constrained)
714	-1981.96	30060.49552	0.03841	(1 component(s) constrained)
715	-1983.51	30051.48621	0.03841	(1 component(s) constrained)
716	-1983.89	30054.23583	0.03841	(1 component(s) constrained)
717	-1981.20	30068.41382	0.03841	(1 component(s) constrained)
718	-1982.69	30066.87598	0.03841	(1 component(s) constrained)
719	-1981.98	30059.82304	0.03841	(1 component(s) constrained)
720	-1984.13	30063.54265	0.03841	(1 component(s) constrained)
721	-1982.53	30059.89545	0.03841	(1 component(s) constrained)
722	-1983.61	30057.38265	0.03841	(1 component(s) constrained)
723	-1981.04	30068.08945	0.03841	(1 component(s) constrained)
724	-1980.41	30066.69895	0.03841	(1 component(s) constrained)
725	-1982.12	30060.10758	0.03841	(1 component(s) constrained)
726	-1982.51	30059.94156	0.03841	(1 component(s) constrained)
727	-1982.73	30067.61365	0.03841	(1 component(s) constrained)
728	-1981.21	30064.22766	0.03841	(1 component(s) constrained)
729	-1981.75	30062.41422	0.03841	(1 component(s) constrained)
730	-1981.01	30055.17753	0.03841	(1 component(s) constrained)
731	-1983.54	30045.89275	0.03841	(1 component(s) constrained)
732	-1981.85	30046.21226	0.03841	(1 component(s) constrained)
733	-1982.53	30048.01429	0.03841	(1 component(s) constrained)
734	-1980.75	30062.98829	0.03841	(1 component(s) constrained)
735	-1982.90	30061.71482	0.03841	(1 component(s) constrained)
736	-1982.11	30055.66287	0.03841	(1 component(s) constrained)
737	-1982.97	30071.24861	0.03841	(1 component(s) constrained)
738	-1981.83	30063.71706	0.03841	(1 component(s) constrained)
739	-1982.72	30059.71308	0.03841	(1 component(s) constrained)
740	-1981.71	30057.54457	0.03841	(1 component(s) constrained)
741	-1981.81	30059.44082	0.03841	(1 component(s) constrained)
742	-1983.06	30061.23920	0.03841	(1 component(s) constrained)
743	-1981.77	30060.20172	0.03841	(1 component(s) constrained)
744	-1981.60	30056.08135	0.03841	(1 component(s) constrained)
745	-1980.10	30065.07104	0.03841	(1 component(s) constrained)
746	-1981.67	30061.28223	0.03841	(1 component(s) constrained)
747	-1982.60	30059.73489	0.03841	(1 component(s) constrained)
748	-1981.84	30064.04689	0.03841	(1 component(s) constrained)
749	-1979.96	30062.26298	0.03841	(1 component(s) constrained)
750	-1983.25	30064.16677	0.03841	(1 component(s) constrained)
751	-1983.61	30054.63253	0.03841	(1 component(s) constrained)
752	-1981.12	30043.37287	0.03841	(1 component(s) constrained)
753	-1983.73	30047.01718	0.03841	(1 component(s) constrained)
754	-1982.20	30062.68412	0.03841	(1 component(s) constrained)
755	-1981.86	30062.65717	0.03841	(1 component(s) constrained)
756	-1981.52	30073.65288	0.03841	(1 component(s) constrained)
757	-1983.17	30066.62412	0.03841	(1 component(s) constrained)
758	-1982.47	30065.69234	0.03841	(1 component(s) constrained)
759	-1980.83	30061.59770	0.03841	(1 component(s) constrained)
760	-1983.44	30060.82106	0.03841	(1 component(s) constrained)
761	-1981.22	30057.80422	0.03841	(1 component(s) constrained)
762	-1981.10	30063.58429	0.03841	(1 component(s) constrained)
763	-1982.40	30073.46549	0.03841	(1 component(s) constrained)
764	-1982.10	30054.28103	0.03841	(1 component(s) constrained)
765	-1984.46	30061.66176	0.03841	(1 component(s) constrained)
766	-1981.78	30058.22025	0.03841	(1 component(s) constrained)
767	-1982.36	30059.04088	0.03841	(1 component(s) constrained)
768	-1984.02	30068.11773	0.03841	(1 component(s) constrained)
769	-1980.71	30042.36938	0.03841	(1 component(s) constrained)
770	-1983.06	30045.90779	0.03841	(1 component(s) constrained)
771	-1981.38	30076.94850	0.03841	(1 component(s) constrained)
772	-1984.15	30070.35661	0.03841	(1 component(s) constrained)
773	-1980.64	30059.20024	0.03841	(1 component(s) constrained)
774	-1982.41	30058.89499	0.03841	(1 component(s) constrained)
775	-1982.78	30059.43988	0.03841	(1 component(s) constrained)
776	-1983.59	30071.04078	0.03841	(1 component(s) constrained)
777	-1982.03	30068.01914	0.03841	(1 component(s) constrained)
778	-1982.78	30066.74626	0.03841	(1 component(s) constrained)
779	-1981.27	30063.81633	0.03841	(1 component(s) constrained)
780	-1981.18	30064.02944	0.03841	(1 component(s) constrained)
781	-1980.43	30056.27823	0.03841	(1 component(s) constrained)
782	-1982.89	30051.84132	0.03841	(1 component(s) constrained)
783	-1980.67	30074.99076	0.03841	(1 component(s) constrained)
784	-1982.88	30068.65913	0.03841	(1 component(s) constrained)
785	-1982.36	30075.43565	0.03841	(1 component(s) constrained)
786	-1982.28	30059.79071	0.03841	(1 component(s) constrained)
787	-1980.89	30056.20451	0.03841	(1 component(s) constrained)
788	-1981.54	30057.59524	0.03841	(1 component(s) constrained)
789	-1983.12	30068.20724	0.03841	(1 component(s) constrained)
790	-1982.42	30063.93923	0.03841	(1 component(s) constrained)
791	-1981.82	30055.65449	0.03841	(1 component(s) constrained)
792	-1982.23	30061.34149	0.03841	(1 component(s) constrained)
793	-1984.16	30056.50318	0.03841	(1 component(s) constrained)
794	-1981.39	30073.29261	0.03841	(1 component(s) constrained)
795	-1982.56	30066.67564	0.03841	(1 component(s) constrained)
796	-1981.14	30058.52914	0.03841	(1 component(s) constrained)
797	-1983.57	30058.42507	0.03841	(1 component(s) constrained)
798	-1981.81	30063.95181	0.03841	(1 component(s) constrained)
799	-1979.91	30061.29760	0.03841	(1 component(s) constrained)
800	-1983.12	30059.41445	0.03841	(1 component(s) constrained)
801	-1982.01	30060.98424	0.03841	(1 component(s) constrained)
802	-1980.25	30063.96557	0.03841	(1 component(s) constrained)
803	-1983.02	30066.29860	0.03841	(1 component(s) constrained)
804	-1981.66	30049.81014	0.03841	(1 component(s) constrained)
805	-1983.78	30049.96450	0.03841	(1 component(s) constrained)
806	-1982.35	30070.24920	0.03841	(1 component(s) constrained)
807	-1981.28	30068.92713	0.03841	(1 component(s) constrained)
808	-1982.64	30067.99786	0.03841	(1 component(s) constrained)
809	-1982.44	30063.63088	0.03841	(1 component(s) constrained)
810	-1982.12	30061.41006	0.03841	(1 component(s) constrained)
811	-1981.47	30056.08257	0.03841	(1 component(s) constrained)
812	-1981.86	30061.80589	0.03841	(1 component(s) constrained)
813	-1982.14	30072.87124	0.03841	(1 component(s) constrained)
814	-1981.26	30065.84192	0.03841	(1 component(s) constrained)
815	-1982.38	30066.30954	0.03841	(1 component(s) constrained)
816	-1981.72	30057.12004	0.03841	(1 component(s) constrained)
817	-1981.64	30051.15561	0.03841	(1 component(s) constrained)
818	-1983.23	30066.67966	0.03841	(1 component(s) constrained)
819	-1983.44	30062.27320	0.03841	(1 component(s) constrained)
820	-1982.84	30050.24665	0.03841	(1 component(s) constrained)
821	-1982.24	30068.02544	0.03841	(1 component(s) constrained)
822	-1982.92	30052.50580	0.03841	(1 component(s) constrained)
823	-1981.82	30063.81579	0.03841	(1 component(s) constrained)
824	-1982.67	30061.82237	0.03841	(1 component(s) constrained)
825	-1984.27	30064.15572	0.03841	(1 component(s) constrained)
826	-1982.36	30051.01897	0.03841	(1 component(s) constrained)
827	-1981.80	30051.69955	0.03841	(1 component(s) constrained)
828	-1983.44	30063.36496	0.03841	(1 component(s) constrained)
829	-1981.56	30061.62179	0.03841	(1 component(s) constrained)
830	-1980.82	30059.02208	0.03841	(1 component(s) constrained)
831	-1983.06	30049.54030	0.03841	(1 component(s) constrained)
832	-1982.53	30065.41471	0.03841	(1 component(s) constrained)
833	-1983.56	30073.59119	0.03841	(1 component(s) constrained)
834	-1983.92	30065.95954	0.03841	(1 component(s) constrained)
835	-1984.49	30063.15124	0.03841	(1 component(s) constrained)
836	-1980.93	30057.85722	0.03841	(1 component(s) constrained)
837	-1982.67	30061.15267	0.03841	(1 component(s) constrained)
838	-1983.02	30065.41362	0.03841	(1 component(s) constrained)
839	-1982.48	30061.99594	0.03841	(1 component(s) constrained)
840	-1983.33	30062.23508	0.03841	(1 component(s) constrained)
841	-1982.16	30061.99556	0.03841	(1 component(s) constrained)
842	-1981.17	30062.77417	0.03841	(1 component(s) constrained)
843	-1981.92	30073.96969	0.03841	(1 component(s) constrained)
844	-1982.40	30064.72344	0.03841	(1 component(s) constrained)
845	-1983.17	30065.76029	0.03841	(1 component(s) constrained)
846	-1981.33	30064.62322	0.03841	(1 component(s) constrained)
847	-1983.10	30062.50293	0.03841	(1 component(s) constrained)
848	-1983.40	30064.21850	0.03841	(1 component(s) constrained)
849	-1981.89	30070.31978	0.03841	(1 component(s) constrained)
850	-1980.96	30067.67957	0.03841	(1 component(s) constrained)
851	-1981.37	30066.59891	0.03841	(1 component(s) constrained)
852	-1983.86	30056.67218	0.03841	(1 component(s) constrained)
853	-1983.63	30058.02615	0.03841	(1 component(s) constrained)
854	-1983.20	30060.43423	0.03841	(1 component(s) constrained)
855	-1982.21	30068.08027	0.03841	(1 component(s) constrained)
856	-1981.60	30059.10981	0.03841	(1 component(s) constrained)
857	-1982.50	30060.03421	0.03841	(1 component(s) constrained)
858	-1982.69	30066.72785	0.03841	(1 component(s) constrained)
859	-1980.64	30057.35820	0.03841	(1 component(s) constrained)
860	-1981.71	30057.33954	0.03841	(1 component(s) constrained)
861	-1981.36	30055.09262	0.03841	(1 component(s) constrained)
862	-1982.98	30057.24965	0.03841	(1 component(s) constrained)
863	-1981.57	30051.64201	0.03841	(1 component(s) constrained)
864	-1982.09	30056.07676	0.03841	(1 component(s) constrained)
865	-1982.48	30057.41727	0.03841	(1 component(s) constrained)
866	-1980.57	30066.75572	0.03841	(1 component(s) constrained)
867	-1981.46	30064.93919	0.03841	(1 component(s) constrained)
868	-1981.50	30057.71718	0.03841	(1 component(s) constrained)
869	-1980.37	30059.45476	0.03841	(1 component(s) constrained)
870	-1981.97	30061.52529	0.03841	(1 component(s) constrained)
871	-1981.98	30062.45034	0.03841	(1 component(s) constrained)
872	-1982.49	30065.59891	0.03841	(1 component(s) constrained)
873	-1981.88	30059.11283	0.03841	(1 component(s) constrained)
874	-1983.22	30058.33469	0.03841	(1 component(s) constrained)
875	-1981.39	30054.48811	0.03841	(1 component(s) constrained)
876	-1983.10	30055.64777	0.03841	(1 component(s) constrained)
877	-1982.52	30069.75122	0.03841	(1 component(s) constrained)
878	-1984.55	30064.06093	0.03841	(1 component(s) constrained)
879	-1981.76	30084.09724	0.03841	(1 component(s) constrained)
880	-1982.25	30074.57289	0.03841	(1 component(s) constrained)
881	-1980.51	30071.15464	0.03841	(1 component(s) constrained)
882	-1983.25	30066.46233	0.03841	(1 component(s) constrained)
883	-1983.95	30067.96674	0.03841	(1 component(s) constrained)
884	-1982.70	30074.20636	0.03841	(1 component(s) constrained)
885	-1982.81	30071.51625	0.03841	(1 component(s) constrained)
886	-1982.92	30070.37028	0.03841	(1 component(s) constrained)
887	-1980.69	30063.42742	0.03841	(1 component(s) constrained)
888	-1982.81	30056.62670	0.03841	(1 component(s) constrained)
889	-1982.17	30059.02406	0.03841	(1 component(s) constrained)
890	-1981.78	30055.34485	0.03841	(1 component(s) constrained)
891	-1983.95	30040.41250	0.03841	(1 component(s) constrained)
892	-1981.32	30068.94770	0.03841	(1 component(s) constrained)
893	-1981.86	30069.70492	0.03841	(1 component(s) constrained)
894	-1981.26	30062.61660	0.03841	(1 component(s) constrained)
895	-1982.00	30049.30967	0.03841	(1 component(s) constrained)
896	-1981.28	30053.40627	0.03841	(1 component(s) constrained)
897	-1981.71	30068.17260	0.03841	(1 component(s) constrained)
898	-1981.32	30065.53813	0.03841	(1 component(s) constrained)
899	-1980.57	30071.33079	0.03841	(1 component(s) constrained)
900	-1981.60	30069.84642	0.03841	(1 component(s) constrained)
901	-1980.63	30059.42578	0.03841	(1 component(s) constrained)
902	-1982.40	30062.79116	0.03841	(1 component(s) constrained)
903	-1983.07	30053.93662	0.03841	(1 component(s) constrained)
904	-1981.01	30057.20219	0.03841	(1 component(s) constrained)
905	-1981.60	30058.38654	0.03841	(1 component(s) constrained)
906	-1981.64	30067.82648	0.03841	(1 component(s) constrained)
907	-1982.39	30051.87273	0.03841	(1 component(s) constrained)
908	-1981.19	30061.61813	0.03841	(1 component(s) constrained)
909	-1984.17	30060.72238	0.03841	(1 component(s) constrained)
910	-1982.25	30054.78629	0.03841	(1 component(s) constrained)
911	-1982.70	30056.70149	0.03841	(1 component(s) constrained)
912	-1981.13	30064.88579	0.03841	(1 component(s) constrained)
913	-1981.84	30065.01021	0.03841	(1 component(s) constrained)
914	-1982.83	30057.64637	0.03841	(1 component(s) constrained)
915	-1983.61	30064.38036	0.03841	(1 component(s) constrained)
916	-1981.56	30050.41988	0.03841	(1 component(s) constrained)
917	-1983.99	30057.83713	0.03841	(1 component(s) constrained)
918	-1982.34	30050.56618	0.03841	(1 component(s) constrained)
919	-1982.89	30051.85435	0.03841	(1 component(s) constrained)
920	-1981.84	30060.62650	0.03841	(1 component(s) constrained)
921	-1984.06	30065.59838	0.03841	(1 component(s) constrained)
922	-1981.16	30057.71270	0.03841	(1 component(s) constrained)
923	-1982.08	30057.55499	0.03841	(1 component(s) constrained)
924	-1981.93	30053.30486	0.03841	(1 component(s) constrained)
925	-1982.53	30071.91958	0.03841	(1 component(s) constrained)
926	-1983.59	30067.97333	0.03841	(1 component(s) constrained)
927	-1982.47	30064.49392	0.03841	(1 component(s) constrained)
928	-1981.60	30065.64359	0.03841	(1 component(s) constrained)
929	-1982.88	30059.60040	0.03841	(1 component(s) constrained)
930	-1982.07	30062.37265	0.03841	(1 component(s) constrained)
931	-1980.93	30060.47370	0.03841	(1 component(s) constrained)
932	-1982.95	30062.36968	0.03841	(1 component(s) constrained)
933	-1982.51	30071.71558	0.03841	(1 component(s) constrained)
934	-1981.36	30048.57864	0.03841	(1 component(s) constrained)
935	-1983.19	30053.34760	0.03841	(1 component(s) constrained)
936	-1981.60	30052.99327	0.03841	(1 component(s) constrained)
937	-1983.11	30056.87755	0.03841	(1 component(s) constrained)
938	-1982.96	30074.70569	0.03841	(1 component(s) constrained)
939	-1982.48	30052.96507	0.03841	(1 component(s) constrained)
940	-1982.35	30054.29030	0.03841	(1 component(s) constrained)
941	-1983.22	30061.08164	0.03841	(1 component(s) constrained)
942	-1982.36	30066.56049	0.03841	(1 component(s) constrained)
943	-1981.90	30069.95645	0.03841	(1 component(s) constrained)
944	-1981.37	30067.18329	0.03841	(1 component(s) constrained)
945	-1982.17	30066.32995	0.03841	(1 component(s) constrained)
946	-1982.29	30061.85534	0.03841	(1 component(s) constrained)
947	-1982.53	30071.58325	0.03841	(1 component(s) constrained)
948	-1982.19	30062.69936	0.03841	(1 component(s) constrained)
949	-1982.24	30059.45601	0.03841	(1 component(s) constrained)
950	-1981.43	30062.13471	0.03841	(1 component(s) constrained)
951	-1984.02	30064.61274	0.03841	(1 component(s) constrained)
952	-1981.69	30059.56856	0.03841	(1 component(s) constrained)
953	-1981.58	30060.39255	0.03841	(1 component(s) constrained)
954	-1983.98	30070.85242	0.03841	(1 component(s) constrained)
955	-1980.51	30059.86294	0.03841	(1 component(s) constrained)
956	-1983.05	30057.98880	0.03841	(1 component(s) constrained)
957	-1982.27	30061.72240	0.03841	(1 component(s) constrained)
958	-1984.20	30058.68611	0.03841	(1 component(s) constrained)
959	-1983.44	30075.09392	0.03841	(1 component(s) constrained)
960	-1981.03	30055.03165	0.03841	(1 component(s) constrained)
961	-1983.86	30060.78186	0.03841	(1 component(s) constrained)
962	-1983.07	30061.42865	0.03841	(1 component(s) constrained)
963	-1982.79	30066.23860	0.03841	(1 component(s) constrained)
964	-1982.43	30068.00324	0.03841	(1 component(s) constrained)
965	-1982.14	30061.52121	0.03841	(1 component(s) constrained)
966	-1982.51	30065.83530	0.03841	(1 component(s) constrained)
967	-1982.53	30050.64420	0.03841	(1 component(s) constrained)
968	-1981.10	30052.60958	0.03841	(1 component(s) constrained)
969	-1983.87	30054.05902	0.03841	(1 component(s) constrained)
970	-1980.78	30050.02520	0.03841	(1 component(s) constrained)
971	-1983.46	30055.34708	0.03841	(1 component(s) constrained)
972	-1982.38	30053.85019	0.03841	(1 component(s) constrained)
973	-1980.90	30053.93219	0.03841	(1 component(s) constrained)
974	-1983.95	30052.76791	0.03841	(1 component(s) constrained)
975	-1981.56	30053.24538	0.03841	(1 component(s) constrained)
976	-1983.72	30056.60308	0.03841	(1 component(s) constrained)
977	-1981.62	30057.65590	0.03841	(1 component(s) constrained)
978	-1981.67	30057.98929	0.03841	(1 component(s) constrained)
979	-1982.47	30056.41409	0.03841	(1 component(s) constrained)
980	-1981.87	30047.01013	0.03841	(1 component(s) constrained)
981	-1983.00	30066.60558	0.03841	(1 component(s) constrained)
982	-1983.55	30044.13241	0.03841	(1 component(s) constrained)
983	-1982.29	30054.17642	0.03841	(1 component(s) constrained)
984	-1983.64	30056.91903	0.03841	(1 component(s) constrained)
985	-1981.86	30065.35201	0.03841	(1 component(s) constrained)
986	-1979.88	30063.07615	0.03841	(1 component(s) constrained)
987	-1982.21	30064.69652	0.03841	(1 component(s) constrained)
988	-1980.93	30062.67338	0.03841	(1 component(s) constrained)
989	-1982.40	30060.88130	0.03841	(1 component(s) constrained)
990	-1982.83	30059.19999	0.03841	(1 component(s) constrained)
991	-1982.72	30078.02781	0.03841	(1 component(s) constrained)
992	-1982.43	30057.10352	0.03841	(1 component(s) constrained)
993	-1982.43	30063.45849	0.03841	(1 component(s) constrained)
994	-1982.56	30057.43343	0.03841	(1 component(s) constrained)
995	-1981.86	30062.32887	0.03841	(1 component(s) constrained)
996	-1981.95	30065.70052	0.03841	(1 component(s) constrained)
997	-1981.82	30057.61143	0.03841	(1 component(s) constrained)
998	-1984.44	30069.98923	0.03841	(1 component(s) constrained)
999	-1982.30	30051.34248	0.03841	(1 component(s) constrained)
Error: Log-likelihood not converged (stop after 1000 iteractions). 
You can specify the option --reml-maxit to allow for more iterations.

An error occurs, please check the options or data
