*******************************************************************
* Genome-wide Complex Trait Analysis (GCTA)
* version 1.93.2 beta Linux
* (C) 2010-present, Jian Yang, The University of Queensland
* Please report bugs to Jian Yang <jian.yang.qt@gmail.com>
*******************************************************************
Analysis started at 23:20:06 -03 on Wed Jun 09 2021.
Hostname: darwin

Accepted options:
--reml
--reml-alg 0
--reml-maxit 1000
--grm /scratch/genevol/users/lucas/V1/grmFull
--pheno /raid/genevol/users/lucas/heritability/02.GCTA/data/geneHLA-DPB1.txt
--covar /raid/genevol/users/lucas/heritability/02.GCTA/data/envir1.txt
--reml-est-fix
--out /raid/genevol/users/lucas/heritability/03.Heritability/Results/V1/HLA-DPB1/FullHLA-DPB11

Note: This is a multi-thread program. You could specify the number of threads by the --thread-num option to speed up the computation if there are multiple processors in your machine.

Reading IDs of the GRM from [/scratch/genevol/users/lucas/V1/grmFull.grm.id].
2504 IDs read from [/scratch/genevol/users/lucas/V1/grmFull.grm.id].
Reading the GRM from [/scratch/genevol/users/lucas/V1/grmFull.grm.bin].
GRM for 2504 individuals are included from [/scratch/genevol/users/lucas/V1/grmFull.grm.bin].
Reading phenotypes from [/raid/genevol/users/lucas/heritability/02.GCTA/data/geneHLA-DPB1.txt].
Non-missing phenotypes of 445 individuals are included from [/raid/genevol/users/lucas/heritability/02.GCTA/data/geneHLA-DPB1.txt].
Reading discrete covariate(s) from [/raid/genevol/users/lucas/heritability/02.GCTA/data/envir1.txt].
2 discrete covariate(s) of 445 individuals are included from [/raid/genevol/users/lucas/heritability/02.GCTA/data/envir1.txt].

2 discrete variable(s) included as covariate(s).
445 individuals are in common in these files.

Performing  REML analysis ... (Note: may take hours depending on sample size).
445 observations, 8 fixed effect(s), and 2 variance component(s)(including residual variance).
Calculating prior values of variance components by EM-REML ...
Updated prior values: 14073.2 15753.1
logL: -2506.93
Running AI-REML algorithm ...
Iter.	logL	V(G)	V(e)	
1	-2488.58	20118.54278	0.03763	(1 component(s) constrained)
2	-2479.02	12929.93713	0.03763	(1 component(s) constrained)
3	-2486.83	11420.63074	0.03763	(1 component(s) constrained)
4	-2498.32	9027.45860	0.03763	(1 component(s) constrained)
5	-2534.64	9423.86207	0.03763	(1 component(s) constrained)
6	-2526.43	9442.03168	0.03763	(1 component(s) constrained)
7	-2526.07	9442.04276	0.03763	(1 component(s) constrained)
8	-2526.07	9442.06674	0.03763	(1 component(s) constrained)
9	-2526.07	9442.06674	0.03763	(1 component(s) constrained)
10	-2526.07	9442.06674	0.03763	(1 component(s) constrained)
Log-likelihood ratio converged.

Calculating the logLikelihood for the reduced model ...
(variance component 1 is dropped from the model)
Calculating prior values of variance components by EM-REML ...
Updated prior values: 33119.40006
logL: -2510.46821
Running AI-REML algorithm ...
Iter.	logL	V(e)	
1	-2508.70	33093.26997	
2	-2508.70	33075.43168	
3	-2508.70	33036.87093	
4	-2508.70	33036.91583	
5	-2508.70	33036.91583	
Log-likelihood ratio converged.

Summary result of REML analysis:
Source	Variance	SE
V(G)	9442.066736	3306.752003
V(e)	0.037625	5487.704765
Vp	9442.104361	2264.557837
V(G)/Vp	0.999996	0.581194

Sampling variance/covariance of the estimates of variance components:
1.093461e+07	-1.796065e+07	
-1.796065e+07	3.011490e+07	
Estimatesof fixed effects:

Source	Estimate	SE
mean	553.269819	18.674113
X_2	0.669183	11.968188
X_3	-78.754071	23.191782
X_4	-151.185198	20.360629
X_5	-126.222657	23.610411
X_6	-50.390591	20.536958
X_7	-186.955754	17.674045
X_8	-49.666578	23.407987

Summary result of REML analysis has been saved in the file [/raid/genevol/users/lucas/heritability/03.Heritability/Results/V1/HLA-DPB1/FullHLA-DPB11.hsq].

Analysis finished at 23:20:07 -03 on Wed Jun 09 2021
Overall computational time: 1.48 sec.
